running egg_info
creating ../../../build/domain_coordinator/domain_coordinator.egg-info
writing ../../../build/domain_coordinator/domain_coordinator.egg-info/PKG-INFO
writing dependency_links to ../../../build/domain_coordinator/domain_coordinator.egg-info/dependency_links.txt
writing requirements to ../../../build/domain_coordinator/domain_coordinator.egg-info/requires.txt
writing top-level names to ../../../build/domain_coordinator/domain_coordinator.egg-info/top_level.txt
writing manifest file '../../../build/domain_coordinator/domain_coordinator.egg-info/SOURCES.txt'
reading manifest file '../../../build/domain_coordinator/domain_coordinator.egg-info/SOURCES.txt'
writing manifest file '../../../build/domain_coordinator/domain_coordinator.egg-info/SOURCES.txt'
running build
running build_py
creating /home/locobot/Documents/kobuki/build/domain_coordinator/build
creating /home/locobot/Documents/kobuki/build/domain_coordinator/build/lib
creating /home/locobot/Documents/kobuki/build/domain_coordinator/build/lib/domain_coordinator
copying domain_coordinator/__init__.py -> /home/locobot/Documents/kobuki/build/domain_coordinator/build/lib/domain_coordinator
running install
running install_lib
creating /home/locobot/Documents/kobuki/install/lib/python3.8/site-packages/domain_coordinator
copying /home/locobot/Documents/kobuki/build/domain_coordinator/build/lib/domain_coordinator/__init__.py -> /home/locobot/Documents/kobuki/install/lib/python3.8/site-packages/domain_coordinator
byte-compiling /home/locobot/Documents/kobuki/install/lib/python3.8/site-packages/domain_coordinator/__init__.py to __init__.cpython-38.pyc
running install_data
copying package.xml -> /home/locobot/Documents/kobuki/install/share/domain_coordinator
copying resource/domain_coordinator -> /home/locobot/Documents/kobuki/install/share/ament_index/resource_index/packages
running install_egg_info
Copying ../../../build/domain_coordinator/domain_coordinator.egg-info to /home/locobot/Documents/kobuki/install/lib/python3.8/site-packages/domain_coordinator-0.9.2-py3.8.egg-info
running install_scripts
writing list of installed files to '/home/locobot/Documents/kobuki/build/domain_coordinator/install.log'
