[1.644s] Invoking command in '/home/locobot/Documents/kobuki/src/ament_cmake_ros/domain_coordinator': AMENT_PREFIX_PATH=/home/locobot/Documents/kobuki/install CMAKE_PREFIX_PATH=/home/locobot/Documents/kobuki/install PATH=/home/locobot/Documents/kobuki/install/bin:${PATH} PYTHONPATH=/home/locobot/Documents/kobuki/build/domain_coordinator/prefix_override:/home/locobot/.local/lib/python3.8/site-packages/colcon_core/task/python/colcon_distutils_commands:/home/locobot/Documents/kobuki/install/lib/python3.8/site-packages:/home/locobot/Documents/kobuki/install/lib/python3.8/site-packages /usr/bin/python3 -W ignore:setup.py install is deprecated -W ignore:easy_install command is deprecated setup.py egg_info --egg-base ../../../build/domain_coordinator build --build-base /home/locobot/Documents/kobuki/build/domain_coordinator/build install --record /home/locobot/Documents/kobuki/build/domain_coordinator/install.log --single-version-externally-managed install_data
[2.099s] running egg_info
[2.100s] creating ../../../build/domain_coordinator/domain_coordinator.egg-info
[2.116s] writing ../../../build/domain_coordinator/domain_coordinator.egg-info/PKG-INFO
[2.124s] writing dependency_links to ../../../build/domain_coordinator/domain_coordinator.egg-info/dependency_links.txt
[2.124s] writing requirements to ../../../build/domain_coordinator/domain_coordinator.egg-info/requires.txt
[2.124s] writing top-level names to ../../../build/domain_coordinator/domain_coordinator.egg-info/top_level.txt
[2.124s] writing manifest file '../../../build/domain_coordinator/domain_coordinator.egg-info/SOURCES.txt'
[2.225s] reading manifest file '../../../build/domain_coordinator/domain_coordinator.egg-info/SOURCES.txt'
[2.231s] writing manifest file '../../../build/domain_coordinator/domain_coordinator.egg-info/SOURCES.txt'
[2.232s] running build
[2.232s] running build_py
[2.232s] creating /home/locobot/Documents/kobuki/build/domain_coordinator/build
[2.232s] creating /home/locobot/Documents/kobuki/build/domain_coordinator/build/lib
[2.244s] creating /home/locobot/Documents/kobuki/build/domain_coordinator/build/lib/domain_coordinator
[2.244s] copying domain_coordinator/__init__.py -> /home/locobot/Documents/kobuki/build/domain_coordinator/build/lib/domain_coordinator
[2.244s] running install
[2.244s] running install_lib
[2.245s] creating /home/locobot/Documents/kobuki/install/lib/python3.8/site-packages/domain_coordinator
[2.245s] copying /home/locobot/Documents/kobuki/build/domain_coordinator/build/lib/domain_coordinator/__init__.py -> /home/locobot/Documents/kobuki/install/lib/python3.8/site-packages/domain_coordinator
[2.245s] byte-compiling /home/locobot/Documents/kobuki/install/lib/python3.8/site-packages/domain_coordinator/__init__.py to __init__.cpython-38.pyc
[2.245s] running install_data
[2.245s] copying package.xml -> /home/locobot/Documents/kobuki/install/share/domain_coordinator
[2.245s] copying resource/domain_coordinator -> /home/locobot/Documents/kobuki/install/share/ament_index/resource_index/packages
[2.246s] running install_egg_info
[2.252s] Copying ../../../build/domain_coordinator/domain_coordinator.egg-info to /home/locobot/Documents/kobuki/install/lib/python3.8/site-packages/domain_coordinator-0.9.2-py3.8.egg-info
[2.256s] running install_scripts
[2.300s] writing list of installed files to '/home/locobot/Documents/kobuki/build/domain_coordinator/install.log'
[2.360s] Invoked command in '/home/locobot/Documents/kobuki/src/ament_cmake_ros/domain_coordinator' returned '0': AMENT_PREFIX_PATH=/home/locobot/Documents/kobuki/install CMAKE_PREFIX_PATH=/home/locobot/Documents/kobuki/install PATH=/home/locobot/Documents/kobuki/install/bin:${PATH} PYTHONPATH=/home/locobot/Documents/kobuki/build/domain_coordinator/prefix_override:/home/locobot/.local/lib/python3.8/site-packages/colcon_core/task/python/colcon_distutils_commands:/home/locobot/Documents/kobuki/install/lib/python3.8/site-packages:/home/locobot/Documents/kobuki/install/lib/python3.8/site-packages /usr/bin/python3 -W ignore:setup.py install is deprecated -W ignore:easy_install command is deprecated setup.py egg_info --egg-base ../../../build/domain_coordinator build --build-base /home/locobot/Documents/kobuki/build/domain_coordinator/build install --record /home/locobot/Documents/kobuki/build/domain_coordinator/install.log --single-version-externally-managed install_data
