[1.122s] Invoking command in '/home/locobot/Documents/kobuki/src/ament_lint/ament_clang_tidy': AMENT_PREFIX_PATH=/home/locobot/Documents/kobuki/install CMAKE_PREFIX_PATH=/home/locobot/Documents/kobuki/install LD_LIBRARY_PATH=/home/locobot/Documents/kobuki/install/lib PATH=/home/locobot/Documents/kobuki/install/bin:${PATH} PYTHONPATH=/home/locobot/Documents/kobuki/build/ament_clang_tidy/prefix_override:/home/locobot/.local/lib/python3.8/site-packages/colcon_core/task/python/colcon_distutils_commands:/home/locobot/Documents/kobuki/install/lib/python3.8/site-packages:/home/locobot/Documents/kobuki/install/lib/python3.8/site-packages /usr/bin/python3 -W ignore:setup.py install is deprecated -W ignore:easy_install command is deprecated setup.py egg_info --egg-base ../../../build/ament_clang_tidy build --build-base /home/locobot/Documents/kobuki/build/ament_clang_tidy/build install --record /home/locobot/Documents/kobuki/build/ament_clang_tidy/install.log --single-version-externally-managed install_data
[1.447s] running egg_info
[1.449s] writing ../../../build/ament_clang_tidy/ament_clang_tidy.egg-info/PKG-INFO
[1.449s] writing dependency_links to ../../../build/ament_clang_tidy/ament_clang_tidy.egg-info/dependency_links.txt
[1.451s] writing entry points to ../../../build/ament_clang_tidy/ament_clang_tidy.egg-info/entry_points.txt
[1.453s] writing requirements to ../../../build/ament_clang_tidy/ament_clang_tidy.egg-info/requires.txt
[1.455s] writing top-level names to ../../../build/ament_clang_tidy/ament_clang_tidy.egg-info/top_level.txt
[1.515s] reading manifest file '../../../build/ament_clang_tidy/ament_clang_tidy.egg-info/SOURCES.txt'
[1.515s] writing manifest file '../../../build/ament_clang_tidy/ament_clang_tidy.egg-info/SOURCES.txt'
[1.515s] running build
[1.515s] running build_py
[1.515s] running install
[1.517s] running install_lib
[1.519s] running install_data
[1.520s] running install_egg_info
[1.523s] removing '/home/locobot/Documents/kobuki/install/lib/python3.8/site-packages/ament_clang_tidy-0.9.8-py3.8.egg-info' (and everything under it)
[1.523s] Copying ../../../build/ament_clang_tidy/ament_clang_tidy.egg-info to /home/locobot/Documents/kobuki/install/lib/python3.8/site-packages/ament_clang_tidy-0.9.8-py3.8.egg-info
[1.523s] running install_scripts
[1.551s] Installing ament_clang_tidy script to /home/locobot/Documents/kobuki/install/bin
[1.552s] writing list of installed files to '/home/locobot/Documents/kobuki/build/ament_clang_tidy/install.log'
[1.587s] Invoked command in '/home/locobot/Documents/kobuki/src/ament_lint/ament_clang_tidy' returned '0': AMENT_PREFIX_PATH=/home/locobot/Documents/kobuki/install CMAKE_PREFIX_PATH=/home/locobot/Documents/kobuki/install LD_LIBRARY_PATH=/home/locobot/Documents/kobuki/install/lib PATH=/home/locobot/Documents/kobuki/install/bin:${PATH} PYTHONPATH=/home/locobot/Documents/kobuki/build/ament_clang_tidy/prefix_override:/home/locobot/.local/lib/python3.8/site-packages/colcon_core/task/python/colcon_distutils_commands:/home/locobot/Documents/kobuki/install/lib/python3.8/site-packages:/home/locobot/Documents/kobuki/install/lib/python3.8/site-packages /usr/bin/python3 -W ignore:setup.py install is deprecated -W ignore:easy_install command is deprecated setup.py egg_info --egg-base ../../../build/ament_clang_tidy build --build-base /home/locobot/Documents/kobuki/build/ament_clang_tidy/build install --record /home/locobot/Documents/kobuki/build/ament_clang_tidy/install.log --single-version-externally-managed install_data
