[0.468s] Invoking command in '/home/locobot/Documents/kobuki/build/ament_cmake_flake8': AMENT_PREFIX_PATH=/home/locobot/Documents/kobuki/install CMAKE_PREFIX_PATH=/home/locobot/Documents/kobuki/install PATH=/home/locobot/Documents/kobuki/install/bin:${PATH} PYTHONPATH=/home/locobot/Documents/kobuki/install/lib/python3.8/site-packages /usr/bin/cmake /home/locobot/Documents/kobuki/src/ament_lint/ament_cmake_flake8 -DBUILD_TESTING=OFF -DCMAKE_INSTALL_PREFIX=/home/locobot/Documents/kobuki/install
[0.516s] -- Found ament_cmake_core: 0.9.12 (/home/locobot/Documents/kobuki/install/share/ament_cmake_core/cmake)
[0.554s] -- Found PythonInterp: /usr/bin/python3 (found suitable version "3.8.10", minimum required is "3") 
[0.554s] -- Using PYTHON_EXECUTABLE: /usr/bin/python3
[0.975s] -- Found ament_cmake_test: 0.9.12 (/home/locobot/Documents/kobuki/install/share/ament_cmake_test/cmake)
[1.291s] -- Configuring done
[1.291s] -- Generating done
[1.292s] -- Build files have been written to: /home/locobot/Documents/kobuki/build/ament_cmake_flake8
[1.348s] Invoked command in '/home/locobot/Documents/kobuki/build/ament_cmake_flake8' returned '0': AMENT_PREFIX_PATH=/home/locobot/Documents/kobuki/install CMAKE_PREFIX_PATH=/home/locobot/Documents/kobuki/install PATH=/home/locobot/Documents/kobuki/install/bin:${PATH} PYTHONPATH=/home/locobot/Documents/kobuki/install/lib/python3.8/site-packages /usr/bin/cmake /home/locobot/Documents/kobuki/src/ament_lint/ament_cmake_flake8 -DBUILD_TESTING=OFF -DCMAKE_INSTALL_PREFIX=/home/locobot/Documents/kobuki/install
[1.361s] Invoking command in '/home/locobot/Documents/kobuki/build/ament_cmake_flake8': AMENT_PREFIX_PATH=/home/locobot/Documents/kobuki/install CMAKE_PREFIX_PATH=/home/locobot/Documents/kobuki/install PATH=/home/locobot/Documents/kobuki/install/bin:${PATH} PYTHONPATH=/home/locobot/Documents/kobuki/install/lib/python3.8/site-packages /usr/bin/cmake --build /home/locobot/Documents/kobuki/build/ament_cmake_flake8 -- -j4 -l4
[1.557s] Invoked command in '/home/locobot/Documents/kobuki/build/ament_cmake_flake8' returned '0': AMENT_PREFIX_PATH=/home/locobot/Documents/kobuki/install CMAKE_PREFIX_PATH=/home/locobot/Documents/kobuki/install PATH=/home/locobot/Documents/kobuki/install/bin:${PATH} PYTHONPATH=/home/locobot/Documents/kobuki/install/lib/python3.8/site-packages /usr/bin/cmake --build /home/locobot/Documents/kobuki/build/ament_cmake_flake8 -- -j4 -l4
[1.567s] Invoking command in '/home/locobot/Documents/kobuki/build/ament_cmake_flake8': AMENT_PREFIX_PATH=/home/locobot/Documents/kobuki/install CMAKE_PREFIX_PATH=/home/locobot/Documents/kobuki/install PATH=/home/locobot/Documents/kobuki/install/bin:${PATH} PYTHONPATH=/home/locobot/Documents/kobuki/install/lib/python3.8/site-packages /usr/bin/cmake --install /home/locobot/Documents/kobuki/build/ament_cmake_flake8
[1.649s] -- Install configuration: ""
[1.649s] -- Installing: /home/locobot/Documents/kobuki/install/share/ament_index/resource_index/package_run_dependencies/ament_cmake_flake8
[1.650s] -- Installing: /home/locobot/Documents/kobuki/install/share/ament_index/resource_index/parent_prefix_path/ament_cmake_flake8
[1.650s] -- Installing: /home/locobot/Documents/kobuki/install/share/ament_cmake_flake8/environment/ament_prefix_path.sh
[1.650s] -- Installing: /home/locobot/Documents/kobuki/install/share/ament_cmake_flake8/environment/ament_prefix_path.dsv
[1.650s] -- Installing: /home/locobot/Documents/kobuki/install/share/ament_cmake_flake8/environment/path.sh
[1.650s] -- Installing: /home/locobot/Documents/kobuki/install/share/ament_cmake_flake8/environment/path.dsv
[1.650s] -- Installing: /home/locobot/Documents/kobuki/install/share/ament_cmake_flake8/local_setup.bash
[1.650s] -- Installing: /home/locobot/Documents/kobuki/install/share/ament_cmake_flake8/local_setup.sh
[1.650s] -- Installing: /home/locobot/Documents/kobuki/install/share/ament_cmake_flake8/local_setup.zsh
[1.651s] -- Installing: /home/locobot/Documents/kobuki/install/share/ament_cmake_flake8/local_setup.dsv
[1.651s] -- Installing: /home/locobot/Documents/kobuki/install/share/ament_cmake_flake8/package.dsv
[1.651s] -- Installing: /home/locobot/Documents/kobuki/install/share/ament_index/resource_index/packages/ament_cmake_flake8
[1.651s] -- Installing: /home/locobot/Documents/kobuki/install/share/ament_cmake_flake8/cmake/ament_cmake_flake8-extras.cmake
[1.651s] -- Installing: /home/locobot/Documents/kobuki/install/share/ament_cmake_flake8/cmake/ament_cmake_flake8Config.cmake
[1.651s] -- Installing: /home/locobot/Documents/kobuki/install/share/ament_cmake_flake8/cmake/ament_cmake_flake8Config-version.cmake
[1.651s] -- Installing: /home/locobot/Documents/kobuki/install/share/ament_cmake_flake8/package.xml
[1.651s] -- Up-to-date: /home/locobot/Documents/kobuki/install/share/ament_cmake_flake8/cmake
[1.652s] -- Installing: /home/locobot/Documents/kobuki/install/share/ament_cmake_flake8/cmake/ament_cmake_flake8_lint_hook.cmake
[1.652s] -- Installing: /home/locobot/Documents/kobuki/install/share/ament_cmake_flake8/cmake/ament_flake8.cmake
[1.748s] Invoked command in '/home/locobot/Documents/kobuki/build/ament_cmake_flake8' returned '0': AMENT_PREFIX_PATH=/home/locobot/Documents/kobuki/install CMAKE_PREFIX_PATH=/home/locobot/Documents/kobuki/install PATH=/home/locobot/Documents/kobuki/install/bin:${PATH} PYTHONPATH=/home/locobot/Documents/kobuki/install/lib/python3.8/site-packages /usr/bin/cmake --install /home/locobot/Documents/kobuki/build/ament_cmake_flake8
