[0.218s] Invoking command in '/home/locobot/Documents/kobuki/build/ecl_formatters': AMENT_PREFIX_PATH=/home/locobot/Documents/kobuki/install CMAKE_PREFIX_PATH=/home/locobot/Documents/kobuki/install LD_LIBRARY_PATH=/home/locobot/Documents/kobuki/install/lib PATH=/home/locobot/Documents/kobuki/install/bin:${PATH} PYTHONPATH=/home/locobot/Documents/kobuki/install/lib/python3.8/site-packages /usr/bin/cmake /home/locobot/Documents/kobuki/src/ecl_core/ecl_formatters -DBUILD_TESTING=OFF -DCMAKE_INSTALL_PREFIX=/home/locobot/Documents/kobuki/install
[0.265s] Re-run cmake no build system arguments
[0.266s] -- Found ament_cmake_ros: 0.9.2 (/home/locobot/Documents/kobuki/install/share/ament_cmake_ros/cmake)
[0.278s] -- Using PYTHON_EXECUTABLE: /usr/bin/python3
[0.577s] -- Found ecl_build: 1.0.3 (/home/locobot/Documents/kobuki/install/share/ecl_build/cmake)
[0.593s] -- Found ecl_config: 1.1.0 (/home/locobot/Documents/kobuki/install/share/ecl_config/cmake)
[0.597s] -- Found ecl_converters: 1.2.1 (/home/locobot/Documents/kobuki/install/share/ecl_converters/cmake)
[0.836s] -- Configuring done
[0.858s] -- Generating done
[0.861s] -- Build files have been written to: /home/locobot/Documents/kobuki/build/ecl_formatters
[0.879s] Invoked command in '/home/locobot/Documents/kobuki/build/ecl_formatters' returned '0': AMENT_PREFIX_PATH=/home/locobot/Documents/kobuki/install CMAKE_PREFIX_PATH=/home/locobot/Documents/kobuki/install LD_LIBRARY_PATH=/home/locobot/Documents/kobuki/install/lib PATH=/home/locobot/Documents/kobuki/install/bin:${PATH} PYTHONPATH=/home/locobot/Documents/kobuki/install/lib/python3.8/site-packages /usr/bin/cmake /home/locobot/Documents/kobuki/src/ecl_core/ecl_formatters -DBUILD_TESTING=OFF -DCMAKE_INSTALL_PREFIX=/home/locobot/Documents/kobuki/install
[0.880s] Invoking command in '/home/locobot/Documents/kobuki/build/ecl_formatters': AMENT_PREFIX_PATH=/home/locobot/Documents/kobuki/install CMAKE_PREFIX_PATH=/home/locobot/Documents/kobuki/install LD_LIBRARY_PATH=/home/locobot/Documents/kobuki/install/lib PATH=/home/locobot/Documents/kobuki/install/bin:${PATH} PYTHONPATH=/home/locobot/Documents/kobuki/install/lib/python3.8/site-packages /usr/bin/cmake --build /home/locobot/Documents/kobuki/build/ecl_formatters -- -j4 -l4
[0.934s] /usr/bin/cmake -S/home/locobot/Documents/kobuki/src/ecl_core/ecl_formatters -B/home/locobot/Documents/kobuki/build/ecl_formatters --check-build-system CMakeFiles/Makefile.cmake 0
[0.944s] /usr/bin/cmake -E cmake_progress_start /home/locobot/Documents/kobuki/build/ecl_formatters/CMakeFiles /home/locobot/Documents/kobuki/build/ecl_formatters/CMakeFiles/progress.marks
[0.953s] /usr/bin/make -f CMakeFiles/Makefile2 all
[0.955s] make[1]: Entering directory '/home/locobot/Documents/kobuki/build/ecl_formatters'
[0.955s] /usr/bin/make -f src/lib/CMakeFiles/ecl_formatters.dir/build.make src/lib/CMakeFiles/ecl_formatters.dir/depend
[0.956s] make[2]: Entering directory '/home/locobot/Documents/kobuki/build/ecl_formatters'
[0.960s] cd /home/locobot/Documents/kobuki/build/ecl_formatters && /usr/bin/cmake -E cmake_depends "Unix Makefiles" /home/locobot/Documents/kobuki/src/ecl_core/ecl_formatters /home/locobot/Documents/kobuki/src/ecl_core/ecl_formatters/src/lib /home/locobot/Documents/kobuki/build/ecl_formatters /home/locobot/Documents/kobuki/build/ecl_formatters/src/lib /home/locobot/Documents/kobuki/build/ecl_formatters/src/lib/CMakeFiles/ecl_formatters.dir/DependInfo.cmake --color=
[0.973s] make[2]: Leaving directory '/home/locobot/Documents/kobuki/build/ecl_formatters'
[0.974s] /usr/bin/make -f src/lib/CMakeFiles/ecl_formatters.dir/build.make src/lib/CMakeFiles/ecl_formatters.dir/build
[0.976s] make[2]: Entering directory '/home/locobot/Documents/kobuki/build/ecl_formatters'
[0.976s] make[2]: Nothing to be done for 'src/lib/CMakeFiles/ecl_formatters.dir/build'.
[0.976s] make[2]: Leaving directory '/home/locobot/Documents/kobuki/build/ecl_formatters'
[0.993s] [ 50%] Built target ecl_formatters
[0.993s] /usr/bin/make -f src/examples/CMakeFiles/ecl_demo_formatters.dir/build.make src/examples/CMakeFiles/ecl_demo_formatters.dir/depend
[0.993s] make[2]: Entering directory '/home/locobot/Documents/kobuki/build/ecl_formatters'
[0.994s] cd /home/locobot/Documents/kobuki/build/ecl_formatters && /usr/bin/cmake -E cmake_depends "Unix Makefiles" /home/locobot/Documents/kobuki/src/ecl_core/ecl_formatters /home/locobot/Documents/kobuki/src/ecl_core/ecl_formatters/src/examples /home/locobot/Documents/kobuki/build/ecl_formatters /home/locobot/Documents/kobuki/build/ecl_formatters/src/examples /home/locobot/Documents/kobuki/build/ecl_formatters/src/examples/CMakeFiles/ecl_demo_formatters.dir/DependInfo.cmake --color=
[1.001s] make[2]: Leaving directory '/home/locobot/Documents/kobuki/build/ecl_formatters'
[1.001s] /usr/bin/make -f src/examples/CMakeFiles/ecl_demo_formatters.dir/build.make src/examples/CMakeFiles/ecl_demo_formatters.dir/build
[1.006s] make[2]: Entering directory '/home/locobot/Documents/kobuki/build/ecl_formatters'
[1.006s] make[2]: Nothing to be done for 'src/examples/CMakeFiles/ecl_demo_formatters.dir/build'.
[1.006s] make[2]: Leaving directory '/home/locobot/Documents/kobuki/build/ecl_formatters'
[1.030s] [100%] Built target ecl_demo_formatters
[1.031s] make[1]: Leaving directory '/home/locobot/Documents/kobuki/build/ecl_formatters'
[1.032s] /usr/bin/cmake -E cmake_progress_start /home/locobot/Documents/kobuki/build/ecl_formatters/CMakeFiles 0
[1.109s] Invoked command in '/home/locobot/Documents/kobuki/build/ecl_formatters' returned '0': AMENT_PREFIX_PATH=/home/locobot/Documents/kobuki/install CMAKE_PREFIX_PATH=/home/locobot/Documents/kobuki/install LD_LIBRARY_PATH=/home/locobot/Documents/kobuki/install/lib PATH=/home/locobot/Documents/kobuki/install/bin:${PATH} PYTHONPATH=/home/locobot/Documents/kobuki/install/lib/python3.8/site-packages /usr/bin/cmake --build /home/locobot/Documents/kobuki/build/ecl_formatters -- -j4 -l4
[1.129s] Invoking command in '/home/locobot/Documents/kobuki/build/ecl_formatters': AMENT_PREFIX_PATH=/home/locobot/Documents/kobuki/install CMAKE_PREFIX_PATH=/home/locobot/Documents/kobuki/install LD_LIBRARY_PATH=/home/locobot/Documents/kobuki/install/lib PATH=/home/locobot/Documents/kobuki/install/bin:${PATH} PYTHONPATH=/home/locobot/Documents/kobuki/install/lib/python3.8/site-packages /usr/bin/cmake --install /home/locobot/Documents/kobuki/build/ecl_formatters
[1.141s] -- Install configuration: ""
[1.141s] -- Up-to-date: /home/locobot/Documents/kobuki/install/share/ecl_formatters/environment/library_path.sh
[1.141s] -- Installing: /home/locobot/Documents/kobuki/install/share/ecl_formatters/environment/library_path.dsv
[1.141s] -- Up-to-date: /home/locobot/Documents/kobuki/install/share/ament_index/resource_index/package_run_dependencies/ecl_formatters
[1.141s] -- Up-to-date: /home/locobot/Documents/kobuki/install/share/ament_index/resource_index/parent_prefix_path/ecl_formatters
[1.141s] -- Up-to-date: /home/locobot/Documents/kobuki/install/share/ecl_formatters/environment/ament_prefix_path.sh
[1.141s] -- Installing: /home/locobot/Documents/kobuki/install/share/ecl_formatters/environment/ament_prefix_path.dsv
[1.142s] -- Up-to-date: /home/locobot/Documents/kobuki/install/share/ecl_formatters/environment/path.sh
[1.142s] -- Installing: /home/locobot/Documents/kobuki/install/share/ecl_formatters/environment/path.dsv
[1.142s] -- Up-to-date: /home/locobot/Documents/kobuki/install/share/ecl_formatters/local_setup.bash
[1.142s] -- Up-to-date: /home/locobot/Documents/kobuki/install/share/ecl_formatters/local_setup.sh
[1.142s] -- Up-to-date: /home/locobot/Documents/kobuki/install/share/ecl_formatters/local_setup.zsh
[1.142s] -- Installing: /home/locobot/Documents/kobuki/install/share/ecl_formatters/local_setup.dsv
[1.142s] -- Installing: /home/locobot/Documents/kobuki/install/share/ecl_formatters/package.dsv
[1.142s] -- Up-to-date: /home/locobot/Documents/kobuki/install/share/ament_index/resource_index/packages/ecl_formatters
[1.142s] -- Up-to-date: /home/locobot/Documents/kobuki/install/share/ecl_formatters/cmake/ecl_formattersExport.cmake
[1.143s] -- Installing: /home/locobot/Documents/kobuki/install/share/ecl_formatters/cmake/ecl_formattersExport-noconfig.cmake
[1.143s] -- Up-to-date: /home/locobot/Documents/kobuki/install/share/ecl_formatters/cmake/ament_cmake_export_targets-extras.cmake
[1.143s] -- Up-to-date: /home/locobot/Documents/kobuki/install/share/ecl_formatters/cmake/ament_cmake_export_include_directories-extras.cmake
[1.143s] -- Up-to-date: /home/locobot/Documents/kobuki/install/share/ecl_formatters/cmake/ament_cmake_export_libraries-extras.cmake
[1.143s] -- Up-to-date: /home/locobot/Documents/kobuki/install/share/ecl_formatters/cmake/ament_cmake_export_dependencies-extras.cmake
[1.143s] -- Up-to-date: /home/locobot/Documents/kobuki/install/share/ecl_formatters/cmake/ecl_formattersConfig.cmake
[1.143s] -- Up-to-date: /home/locobot/Documents/kobuki/install/share/ecl_formatters/cmake/ecl_formattersConfig-version.cmake
[1.143s] -- Up-to-date: /home/locobot/Documents/kobuki/install/share/ecl_formatters/package.xml
[1.143s] -- Up-to-date: /home/locobot/Documents/kobuki/install/include/ecl/formatters.hpp
[1.143s] -- Up-to-date: /home/locobot/Documents/kobuki/install/include/ecl/formatters/common.hpp
[1.144s] -- Up-to-date: /home/locobot/Documents/kobuki/install/include/ecl/formatters/floats.hpp
[1.144s] -- Up-to-date: /home/locobot/Documents/kobuki/install/include/ecl/formatters/macros.hpp
[1.144s] -- Up-to-date: /home/locobot/Documents/kobuki/install/include/ecl/formatters/number.hpp
[1.144s] -- Up-to-date: /home/locobot/Documents/kobuki/install/include/ecl/formatters/strings.hpp
[1.144s] -- Up-to-date: /home/locobot/Documents/kobuki/install/lib/libecl_formatters.so.1.2.1
[1.144s] -- Up-to-date: /home/locobot/Documents/kobuki/install/lib/libecl_formatters.so
[1.144s] -- Up-to-date: /home/locobot/Documents/kobuki/install/lib/ecl_formatters/demo_formatters
[1.205s] Invoked command in '/home/locobot/Documents/kobuki/build/ecl_formatters' returned '0': AMENT_PREFIX_PATH=/home/locobot/Documents/kobuki/install CMAKE_PREFIX_PATH=/home/locobot/Documents/kobuki/install LD_LIBRARY_PATH=/home/locobot/Documents/kobuki/install/lib PATH=/home/locobot/Documents/kobuki/install/bin:${PATH} PYTHONPATH=/home/locobot/Documents/kobuki/install/lib/python3.8/site-packages /usr/bin/cmake --install /home/locobot/Documents/kobuki/build/ecl_formatters
