[0.218s] Invoking command in '/home/locobot/Documents/kobuki/build/ament_cmake_xmllint': AMENT_PREFIX_PATH=/home/locobot/Documents/kobuki/install CMAKE_PREFIX_PATH=/home/locobot/Documents/kobuki/install LD_LIBRARY_PATH=/home/locobot/Documents/kobuki/install/lib PATH=/home/locobot/Documents/kobuki/install/bin:${PATH} PYTHONPATH=/home/locobot/Documents/kobuki/install/lib/python3.8/site-packages /usr/bin/cmake /home/locobot/Documents/kobuki/src/ament_lint/ament_cmake_xmllint -DBUILD_TESTING=OFF --no-warn-unused-cli -DCMAKE_INSTALL_PREFIX=/home/locobot/Documents/kobuki/install
[0.252s] Not searching for unused variables given on the command line.
[0.252s] -- Found ament_cmake_core: 0.9.12 (/home/locobot/Documents/kobuki/install/share/ament_cmake_core/cmake)
[0.275s] -- Using PYTHON_EXECUTABLE: /usr/bin/python3
[0.561s] -- Found ament_cmake_test: 0.9.12 (/home/locobot/Documents/kobuki/install/share/ament_cmake_test/cmake)
[0.717s] -- Configuring done
[0.717s] -- Generating done
[0.717s] -- Build files have been written to: /home/locobot/Documents/kobuki/build/ament_cmake_xmllint
[0.977s] Invoked command in '/home/locobot/Documents/kobuki/build/ament_cmake_xmllint' returned '0': AMENT_PREFIX_PATH=/home/locobot/Documents/kobuki/install CMAKE_PREFIX_PATH=/home/locobot/Documents/kobuki/install LD_LIBRARY_PATH=/home/locobot/Documents/kobuki/install/lib PATH=/home/locobot/Documents/kobuki/install/bin:${PATH} PYTHONPATH=/home/locobot/Documents/kobuki/install/lib/python3.8/site-packages /usr/bin/cmake /home/locobot/Documents/kobuki/src/ament_lint/ament_cmake_xmllint -DBUILD_TESTING=OFF --no-warn-unused-cli -DCMAKE_INSTALL_PREFIX=/home/locobot/Documents/kobuki/install
[0.979s] Invoking command in '/home/locobot/Documents/kobuki/build/ament_cmake_xmllint': AMENT_PREFIX_PATH=/home/locobot/Documents/kobuki/install CMAKE_PREFIX_PATH=/home/locobot/Documents/kobuki/install LD_LIBRARY_PATH=/home/locobot/Documents/kobuki/install/lib PATH=/home/locobot/Documents/kobuki/install/bin:${PATH} PYTHONPATH=/home/locobot/Documents/kobuki/install/lib/python3.8/site-packages /usr/bin/cmake --build /home/locobot/Documents/kobuki/build/ament_cmake_xmllint -- -j4 -l4
[1.036s] Invoked command in '/home/locobot/Documents/kobuki/build/ament_cmake_xmllint' returned '0': AMENT_PREFIX_PATH=/home/locobot/Documents/kobuki/install CMAKE_PREFIX_PATH=/home/locobot/Documents/kobuki/install LD_LIBRARY_PATH=/home/locobot/Documents/kobuki/install/lib PATH=/home/locobot/Documents/kobuki/install/bin:${PATH} PYTHONPATH=/home/locobot/Documents/kobuki/install/lib/python3.8/site-packages /usr/bin/cmake --build /home/locobot/Documents/kobuki/build/ament_cmake_xmllint -- -j4 -l4
[1.052s] Invoking command in '/home/locobot/Documents/kobuki/build/ament_cmake_xmllint': AMENT_PREFIX_PATH=/home/locobot/Documents/kobuki/install CMAKE_PREFIX_PATH=/home/locobot/Documents/kobuki/install LD_LIBRARY_PATH=/home/locobot/Documents/kobuki/install/lib PATH=/home/locobot/Documents/kobuki/install/bin:${PATH} PYTHONPATH=/home/locobot/Documents/kobuki/install/lib/python3.8/site-packages /usr/bin/cmake --install /home/locobot/Documents/kobuki/build/ament_cmake_xmllint
[1.066s] -- Install configuration: ""
[1.067s] -- Up-to-date: /home/locobot/Documents/kobuki/install/share/ament_index/resource_index/package_run_dependencies/ament_cmake_xmllint
[1.067s] -- Up-to-date: /home/locobot/Documents/kobuki/install/share/ament_index/resource_index/parent_prefix_path/ament_cmake_xmllint
[1.070s] -- Up-to-date: /home/locobot/Documents/kobuki/install/share/ament_cmake_xmllint/environment/ament_prefix_path.sh
[1.071s] -- Installing: /home/locobot/Documents/kobuki/install/share/ament_cmake_xmllint/environment/ament_prefix_path.dsv
[1.071s] -- Up-to-date: /home/locobot/Documents/kobuki/install/share/ament_cmake_xmllint/environment/path.sh
[1.071s] -- Installing: /home/locobot/Documents/kobuki/install/share/ament_cmake_xmllint/environment/path.dsv
[1.071s] -- Up-to-date: /home/locobot/Documents/kobuki/install/share/ament_cmake_xmllint/local_setup.bash
[1.071s] -- Up-to-date: /home/locobot/Documents/kobuki/install/share/ament_cmake_xmllint/local_setup.sh
[1.071s] -- Up-to-date: /home/locobot/Documents/kobuki/install/share/ament_cmake_xmllint/local_setup.zsh
[1.071s] -- Installing: /home/locobot/Documents/kobuki/install/share/ament_cmake_xmllint/local_setup.dsv
[1.071s] -- Installing: /home/locobot/Documents/kobuki/install/share/ament_cmake_xmllint/package.dsv
[1.076s] -- Up-to-date: /home/locobot/Documents/kobuki/install/share/ament_index/resource_index/packages/ament_cmake_xmllint
[1.076s] -- Up-to-date: /home/locobot/Documents/kobuki/install/share/ament_cmake_xmllint/cmake/ament_cmake_xmllint-extras.cmake
[1.076s] -- Up-to-date: /home/locobot/Documents/kobuki/install/share/ament_cmake_xmllint/cmake/ament_cmake_xmllintConfig.cmake
[1.076s] -- Up-to-date: /home/locobot/Documents/kobuki/install/share/ament_cmake_xmllint/cmake/ament_cmake_xmllintConfig-version.cmake
[1.077s] -- Up-to-date: /home/locobot/Documents/kobuki/install/share/ament_cmake_xmllint/package.xml
[1.077s] -- Up-to-date: /home/locobot/Documents/kobuki/install/share/ament_cmake_xmllint/cmake
[1.077s] -- Up-to-date: /home/locobot/Documents/kobuki/install/share/ament_cmake_xmllint/cmake/ament_xmllint.cmake
[1.077s] -- Up-to-date: /home/locobot/Documents/kobuki/install/share/ament_cmake_xmllint/cmake/ament_cmake_xmllint_lint_hook.cmake
[1.353s] Invoked command in '/home/locobot/Documents/kobuki/build/ament_cmake_xmllint' returned '0': AMENT_PREFIX_PATH=/home/locobot/Documents/kobuki/install CMAKE_PREFIX_PATH=/home/locobot/Documents/kobuki/install LD_LIBRARY_PATH=/home/locobot/Documents/kobuki/install/lib PATH=/home/locobot/Documents/kobuki/install/bin:${PATH} PYTHONPATH=/home/locobot/Documents/kobuki/install/lib/python3.8/site-packages /usr/bin/cmake --install /home/locobot/Documents/kobuki/build/ament_cmake_xmllint
