[0.156s] Invoking command in '/home/locobot/Documents/kobuki/build/ament_cmake_pyflakes': AMENT_PREFIX_PATH=/home/locobot/Documents/kobuki/install CMAKE_PREFIX_PATH=/home/locobot/Documents/kobuki/install LD_LIBRARY_PATH=/home/locobot/Documents/kobuki/install/lib PATH=/home/locobot/Documents/kobuki/install/bin:${PATH} PYTHONPATH=/home/locobot/Documents/kobuki/install/lib/python3.8/site-packages /usr/bin/cmake /home/locobot/Documents/kobuki/src/ament_lint/ament_cmake_pyflakes -DBUILD_TESTING=OFF -DCMAKE_INSTALL_PREFIX=/home/locobot/Documents/kobuki/install
[0.176s] Re-run cmake no build system arguments
[0.177s] -- Found ament_cmake_core: 0.9.12 (/home/locobot/Documents/kobuki/install/share/ament_cmake_core/cmake)
[0.196s] -- Using PYTHON_EXECUTABLE: /usr/bin/python3
[0.454s] -- Found ament_cmake_test: 0.9.12 (/home/locobot/Documents/kobuki/install/share/ament_cmake_test/cmake)
[0.582s] -- Configuring done
[0.590s] -- Generating done
[0.590s] -- Build files have been written to: /home/locobot/Documents/kobuki/build/ament_cmake_pyflakes
[0.624s] Invoked command in '/home/locobot/Documents/kobuki/build/ament_cmake_pyflakes' returned '0': AMENT_PREFIX_PATH=/home/locobot/Documents/kobuki/install CMAKE_PREFIX_PATH=/home/locobot/Documents/kobuki/install LD_LIBRARY_PATH=/home/locobot/Documents/kobuki/install/lib PATH=/home/locobot/Documents/kobuki/install/bin:${PATH} PYTHONPATH=/home/locobot/Documents/kobuki/install/lib/python3.8/site-packages /usr/bin/cmake /home/locobot/Documents/kobuki/src/ament_lint/ament_cmake_pyflakes -DBUILD_TESTING=OFF -DCMAKE_INSTALL_PREFIX=/home/locobot/Documents/kobuki/install
[0.626s] Invoking command in '/home/locobot/Documents/kobuki/build/ament_cmake_pyflakes': AMENT_PREFIX_PATH=/home/locobot/Documents/kobuki/install CMAKE_PREFIX_PATH=/home/locobot/Documents/kobuki/install LD_LIBRARY_PATH=/home/locobot/Documents/kobuki/install/lib PATH=/home/locobot/Documents/kobuki/install/bin:${PATH} PYTHONPATH=/home/locobot/Documents/kobuki/install/lib/python3.8/site-packages /usr/bin/cmake --build /home/locobot/Documents/kobuki/build/ament_cmake_pyflakes -- -j4 -l4
[0.672s] /usr/bin/cmake -S/home/locobot/Documents/kobuki/src/ament_lint/ament_cmake_pyflakes -B/home/locobot/Documents/kobuki/build/ament_cmake_pyflakes --check-build-system CMakeFiles/Makefile.cmake 0
[0.680s] /usr/bin/cmake -E cmake_progress_start /home/locobot/Documents/kobuki/build/ament_cmake_pyflakes/CMakeFiles /home/locobot/Documents/kobuki/build/ament_cmake_pyflakes/CMakeFiles/progress.marks
[0.695s] /usr/bin/make -f CMakeFiles/Makefile2 all
[0.695s] make[1]: Entering directory '/home/locobot/Documents/kobuki/build/ament_cmake_pyflakes'
[0.696s] make[1]: Nothing to be done for 'all'.
[0.696s] make[1]: Leaving directory '/home/locobot/Documents/kobuki/build/ament_cmake_pyflakes'
[0.697s] /usr/bin/cmake -E cmake_progress_start /home/locobot/Documents/kobuki/build/ament_cmake_pyflakes/CMakeFiles 0
[0.733s] Invoked command in '/home/locobot/Documents/kobuki/build/ament_cmake_pyflakes' returned '0': AMENT_PREFIX_PATH=/home/locobot/Documents/kobuki/install CMAKE_PREFIX_PATH=/home/locobot/Documents/kobuki/install LD_LIBRARY_PATH=/home/locobot/Documents/kobuki/install/lib PATH=/home/locobot/Documents/kobuki/install/bin:${PATH} PYTHONPATH=/home/locobot/Documents/kobuki/install/lib/python3.8/site-packages /usr/bin/cmake --build /home/locobot/Documents/kobuki/build/ament_cmake_pyflakes -- -j4 -l4
[0.736s] Invoking command in '/home/locobot/Documents/kobuki/build/ament_cmake_pyflakes': AMENT_PREFIX_PATH=/home/locobot/Documents/kobuki/install CMAKE_PREFIX_PATH=/home/locobot/Documents/kobuki/install LD_LIBRARY_PATH=/home/locobot/Documents/kobuki/install/lib PATH=/home/locobot/Documents/kobuki/install/bin:${PATH} PYTHONPATH=/home/locobot/Documents/kobuki/install/lib/python3.8/site-packages /usr/bin/cmake --install /home/locobot/Documents/kobuki/build/ament_cmake_pyflakes
[0.780s] -- Install configuration: ""
[0.782s] -- Up-to-date: /home/locobot/Documents/kobuki/install/share/ament_index/resource_index/package_run_dependencies/ament_cmake_pyflakes
[0.783s] -- Up-to-date: /home/locobot/Documents/kobuki/install/share/ament_index/resource_index/parent_prefix_path/ament_cmake_pyflakes
[0.784s] -- Up-to-date: /home/locobot/Documents/kobuki/install/share/ament_cmake_pyflakes/environment/ament_prefix_path.sh
[0.784s] -- Installing: /home/locobot/Documents/kobuki/install/share/ament_cmake_pyflakes/environment/ament_prefix_path.dsv
[0.785s] -- Up-to-date: /home/locobot/Documents/kobuki/install/share/ament_cmake_pyflakes/environment/path.sh
[0.785s] -- Installing: /home/locobot/Documents/kobuki/install/share/ament_cmake_pyflakes/environment/path.dsv
[0.786s] -- Up-to-date: /home/locobot/Documents/kobuki/install/share/ament_cmake_pyflakes/local_setup.bash
[0.786s] -- Up-to-date: /home/locobot/Documents/kobuki/install/share/ament_cmake_pyflakes/local_setup.sh
[0.787s] -- Up-to-date: /home/locobot/Documents/kobuki/install/share/ament_cmake_pyflakes/local_setup.zsh
[0.788s] -- Installing: /home/locobot/Documents/kobuki/install/share/ament_cmake_pyflakes/local_setup.dsv
[0.788s] -- Installing: /home/locobot/Documents/kobuki/install/share/ament_cmake_pyflakes/package.dsv
[0.789s] -- Up-to-date: /home/locobot/Documents/kobuki/install/share/ament_index/resource_index/packages/ament_cmake_pyflakes
[0.789s] -- Up-to-date: /home/locobot/Documents/kobuki/install/share/ament_cmake_pyflakes/cmake/ament_cmake_pyflakes-extras.cmake
[0.790s] -- Up-to-date: /home/locobot/Documents/kobuki/install/share/ament_cmake_pyflakes/cmake/ament_cmake_pyflakesConfig.cmake
[0.790s] -- Up-to-date: /home/locobot/Documents/kobuki/install/share/ament_cmake_pyflakes/cmake/ament_cmake_pyflakesConfig-version.cmake
[0.791s] -- Up-to-date: /home/locobot/Documents/kobuki/install/share/ament_cmake_pyflakes/package.xml
[0.791s] -- Up-to-date: /home/locobot/Documents/kobuki/install/share/ament_cmake_pyflakes/cmake
[0.792s] -- Up-to-date: /home/locobot/Documents/kobuki/install/share/ament_cmake_pyflakes/cmake/ament_pyflakes.cmake
[0.793s] -- Up-to-date: /home/locobot/Documents/kobuki/install/share/ament_cmake_pyflakes/cmake/ament_cmake_pyflakes_lint_hook.cmake
[0.803s] Invoked command in '/home/locobot/Documents/kobuki/build/ament_cmake_pyflakes' returned '0': AMENT_PREFIX_PATH=/home/locobot/Documents/kobuki/install CMAKE_PREFIX_PATH=/home/locobot/Documents/kobuki/install LD_LIBRARY_PATH=/home/locobot/Documents/kobuki/install/lib PATH=/home/locobot/Documents/kobuki/install/bin:${PATH} PYTHONPATH=/home/locobot/Documents/kobuki/install/lib/python3.8/site-packages /usr/bin/cmake --install /home/locobot/Documents/kobuki/build/ament_cmake_pyflakes
