Re-run cmake no build system arguments
-- Found ament_cmake_ros: 0.9.2 (/home/locobot/Documents/kobuki/install/share/ament_cmake_ros/cmake)
-- Using PYTHON_EXECUTABLE: /usr/bin/python3
-- Found ecl_build: 1.0.3 (/home/locobot/Documents/kobuki/install/share/ecl_build/cmake)
-- Found ecl_config: 1.1.0 (/home/locobot/Documents/kobuki/install/share/ecl_config/cmake)
-- Found ecl_mpl: 1.2.1 (/home/locobot/Documents/kobuki/install/share/ecl_mpl/cmake)
-- Configuring done
-- Generating done
-- Build files have been written to: /home/locobot/Documents/kobuki/build/ecl_type_traits
/usr/bin/cmake -S/home/locobot/Documents/kobuki/src/ecl_core/ecl_type_traits -B/home/locobot/Documents/kobuki/build/ecl_type_traits --check-build-system CMakeFiles/Makefile.cmake 0
/usr/bin/cmake -E cmake_progress_start /home/locobot/Documents/kobuki/build/ecl_type_traits/CMakeFiles /home/locobot/Documents/kobuki/build/ecl_type_traits/CMakeFiles/progress.marks
/usr/bin/make -f CMakeFiles/Makefile2 all
make[1]: Entering directory '/home/locobot/Documents/kobuki/build/ecl_type_traits'
/usr/bin/make -f src/lib/CMakeFiles/ecl_type_traits.dir/build.make src/lib/CMakeFiles/ecl_type_traits.dir/depend
make[2]: Entering directory '/home/locobot/Documents/kobuki/build/ecl_type_traits'
cd /home/locobot/Documents/kobuki/build/ecl_type_traits && /usr/bin/cmake -E cmake_depends "Unix Makefiles" /home/locobot/Documents/kobuki/src/ecl_core/ecl_type_traits /home/locobot/Documents/kobuki/src/ecl_core/ecl_type_traits/src/lib /home/locobot/Documents/kobuki/build/ecl_type_traits /home/locobot/Documents/kobuki/build/ecl_type_traits/src/lib /home/locobot/Documents/kobuki/build/ecl_type_traits/src/lib/CMakeFiles/ecl_type_traits.dir/DependInfo.cmake --color=
make[2]: Leaving directory '/home/locobot/Documents/kobuki/build/ecl_type_traits'
/usr/bin/make -f src/lib/CMakeFiles/ecl_type_traits.dir/build.make src/lib/CMakeFiles/ecl_type_traits.dir/build
make[2]: Entering directory '/home/locobot/Documents/kobuki/build/ecl_type_traits'
make[2]: Nothing to be done for 'src/lib/CMakeFiles/ecl_type_traits.dir/build'.
make[2]: Leaving directory '/home/locobot/Documents/kobuki/build/ecl_type_traits'
[ 50%] Built target ecl_type_traits
/usr/bin/make -f src/utils/CMakeFiles/ecl_detect_sizes.dir/build.make src/utils/CMakeFiles/ecl_detect_sizes.dir/depend
make[2]: Entering directory '/home/locobot/Documents/kobuki/build/ecl_type_traits'
cd /home/locobot/Documents/kobuki/build/ecl_type_traits && /usr/bin/cmake -E cmake_depends "Unix Makefiles" /home/locobot/Documents/kobuki/src/ecl_core/ecl_type_traits /home/locobot/Documents/kobuki/src/ecl_core/ecl_type_traits/src/utils /home/locobot/Documents/kobuki/build/ecl_type_traits /home/locobot/Documents/kobuki/build/ecl_type_traits/src/utils /home/locobot/Documents/kobuki/build/ecl_type_traits/src/utils/CMakeFiles/ecl_detect_sizes.dir/DependInfo.cmake --color=
make[2]: Leaving directory '/home/locobot/Documents/kobuki/build/ecl_type_traits'
/usr/bin/make -f src/utils/CMakeFiles/ecl_detect_sizes.dir/build.make src/utils/CMakeFiles/ecl_detect_sizes.dir/build
make[2]: Entering directory '/home/locobot/Documents/kobuki/build/ecl_type_traits'
make[2]: Nothing to be done for 'src/utils/CMakeFiles/ecl_detect_sizes.dir/build'.
make[2]: Leaving directory '/home/locobot/Documents/kobuki/build/ecl_type_traits'
[100%] Built target ecl_detect_sizes
make[1]: Leaving directory '/home/locobot/Documents/kobuki/build/ecl_type_traits'
/usr/bin/cmake -E cmake_progress_start /home/locobot/Documents/kobuki/build/ecl_type_traits/CMakeFiles 0
-- Install configuration: ""
-- Up-to-date: /home/locobot/Documents/kobuki/install/share/ecl_type_traits/environment/library_path.sh
-- Installing: /home/locobot/Documents/kobuki/install/share/ecl_type_traits/environment/library_path.dsv
-- Up-to-date: /home/locobot/Documents/kobuki/install/share/ament_index/resource_index/package_run_dependencies/ecl_type_traits
-- Up-to-date: /home/locobot/Documents/kobuki/install/share/ament_index/resource_index/parent_prefix_path/ecl_type_traits
-- Up-to-date: /home/locobot/Documents/kobuki/install/share/ecl_type_traits/environment/ament_prefix_path.sh
-- Installing: /home/locobot/Documents/kobuki/install/share/ecl_type_traits/environment/ament_prefix_path.dsv
-- Up-to-date: /home/locobot/Documents/kobuki/install/share/ecl_type_traits/environment/path.sh
-- Installing: /home/locobot/Documents/kobuki/install/share/ecl_type_traits/environment/path.dsv
-- Up-to-date: /home/locobot/Documents/kobuki/install/share/ecl_type_traits/local_setup.bash
-- Up-to-date: /home/locobot/Documents/kobuki/install/share/ecl_type_traits/local_setup.sh
-- Up-to-date: /home/locobot/Documents/kobuki/install/share/ecl_type_traits/local_setup.zsh
-- Installing: /home/locobot/Documents/kobuki/install/share/ecl_type_traits/local_setup.dsv
-- Installing: /home/locobot/Documents/kobuki/install/share/ecl_type_traits/package.dsv
-- Up-to-date: /home/locobot/Documents/kobuki/install/share/ament_index/resource_index/packages/ecl_type_traits
-- Up-to-date: /home/locobot/Documents/kobuki/install/share/ecl_type_traits/cmake/ecl_type_traitsExport.cmake
-- Installing: /home/locobot/Documents/kobuki/install/share/ecl_type_traits/cmake/ecl_type_traitsExport-noconfig.cmake
-- Up-to-date: /home/locobot/Documents/kobuki/install/share/ecl_type_traits/cmake/ament_cmake_export_targets-extras.cmake
-- Up-to-date: /home/locobot/Documents/kobuki/install/share/ecl_type_traits/cmake/ament_cmake_export_include_directories-extras.cmake
-- Up-to-date: /home/locobot/Documents/kobuki/install/share/ecl_type_traits/cmake/ament_cmake_export_libraries-extras.cmake
-- Up-to-date: /home/locobot/Documents/kobuki/install/share/ecl_type_traits/cmake/ament_cmake_export_dependencies-extras.cmake
-- Up-to-date: /home/locobot/Documents/kobuki/install/share/ecl_type_traits/cmake/ecl_type_traitsConfig.cmake
-- Up-to-date: /home/locobot/Documents/kobuki/install/share/ecl_type_traits/cmake/ecl_type_traitsConfig-version.cmake
-- Up-to-date: /home/locobot/Documents/kobuki/install/share/ecl_type_traits/package.xml
-- Up-to-date: /home/locobot/Documents/kobuki/install/include/ecl/type_traits.hpp
-- Up-to-date: /home/locobot/Documents/kobuki/install/include/ecl/type_traits/fundamental_types.hpp
-- Up-to-date: /home/locobot/Documents/kobuki/install/include/ecl/type_traits/macros.hpp
-- Up-to-date: /home/locobot/Documents/kobuki/install/include/ecl/type_traits/numeric_limits.hpp
-- Up-to-date: /home/locobot/Documents/kobuki/install/include/ecl/type_traits/traits.hpp
-- Up-to-date: /home/locobot/Documents/kobuki/install/lib/libecl_type_traits.so.1.2.1
-- Up-to-date: /home/locobot/Documents/kobuki/install/lib/libecl_type_traits.so
-- Up-to-date: /home/locobot/Documents/kobuki/install/bin/ecl_detect_sizes
