[0.416s] Invoking command in '/home/locobot/Documents/kobuki/build/ecl_converters': AMENT_PREFIX_PATH=/home/locobot/Documents/kobuki/install CMAKE_PREFIX_PATH=/home/locobot/Documents/kobuki/install LD_LIBRARY_PATH=/home/locobot/Documents/kobuki/install/lib PATH=/home/locobot/Documents/kobuki/install/bin:${PATH} PYTHONPATH=/home/locobot/Documents/kobuki/install/lib/python3.8/site-packages /usr/bin/cmake /home/locobot/Documents/kobuki/src/ecl_core/ecl_converters -DBUILD_TESTING=OFF -DCMAKE_BUILD_TYPE=RelWithDebInfo -DCMAKE_INSTALL_PREFIX=/home/locobot/Documents/kobuki/install
[0.443s] -- Found ament_cmake_ros: 0.9.2 (/home/locobot/Documents/kobuki/install/share/ament_cmake_ros/cmake)
[0.499s] -- Using PYTHON_EXECUTABLE: /usr/bin/python3
[0.737s] -- Found ecl_build: 1.0.3 (/home/locobot/Documents/kobuki/install/share/ecl_build/cmake)
[0.746s] -- Found ecl_config: 1.1.0 (/home/locobot/Documents/kobuki/install/share/ecl_config/cmake)
[0.749s] -- Found ecl_concepts: 1.2.1 (/home/locobot/Documents/kobuki/install/share/ecl_concepts/cmake)
[0.761s] -- Found ecl_errors: 1.1.0 (/home/locobot/Documents/kobuki/install/share/ecl_errors/cmake)
[0.765s] -- Found ecl_exceptions: 1.2.1 (/home/locobot/Documents/kobuki/install/share/ecl_exceptions/cmake)
[0.890s] -- Configuring done
[0.901s] -- Generating done
[0.905s] -- Build files have been written to: /home/locobot/Documents/kobuki/build/ecl_converters
[0.919s] Invoked command in '/home/locobot/Documents/kobuki/build/ecl_converters' returned '0': AMENT_PREFIX_PATH=/home/locobot/Documents/kobuki/install CMAKE_PREFIX_PATH=/home/locobot/Documents/kobuki/install LD_LIBRARY_PATH=/home/locobot/Documents/kobuki/install/lib PATH=/home/locobot/Documents/kobuki/install/bin:${PATH} PYTHONPATH=/home/locobot/Documents/kobuki/install/lib/python3.8/site-packages /usr/bin/cmake /home/locobot/Documents/kobuki/src/ecl_core/ecl_converters -DBUILD_TESTING=OFF -DCMAKE_BUILD_TYPE=RelWithDebInfo -DCMAKE_INSTALL_PREFIX=/home/locobot/Documents/kobuki/install
[0.920s] Invoking command in '/home/locobot/Documents/kobuki/build/ecl_converters': AMENT_PREFIX_PATH=/home/locobot/Documents/kobuki/install CMAKE_PREFIX_PATH=/home/locobot/Documents/kobuki/install LD_LIBRARY_PATH=/home/locobot/Documents/kobuki/install/lib PATH=/home/locobot/Documents/kobuki/install/bin:${PATH} PYTHONPATH=/home/locobot/Documents/kobuki/install/lib/python3.8/site-packages /usr/bin/cmake --build /home/locobot/Documents/kobuki/build/ecl_converters -- -j4 -l4
[1.058s] [ 50%] [32mBuilding CXX object src/examples/CMakeFiles/demo_float_converters.dir/float_converters.cpp.o[0m
[1.890s] [100%] [32m[1mLinking CXX executable demo_float_converters[0m
[2.011s] [100%] Built target demo_float_converters
[2.035s] Invoked command in '/home/locobot/Documents/kobuki/build/ecl_converters' returned '0': AMENT_PREFIX_PATH=/home/locobot/Documents/kobuki/install CMAKE_PREFIX_PATH=/home/locobot/Documents/kobuki/install LD_LIBRARY_PATH=/home/locobot/Documents/kobuki/install/lib PATH=/home/locobot/Documents/kobuki/install/bin:${PATH} PYTHONPATH=/home/locobot/Documents/kobuki/install/lib/python3.8/site-packages /usr/bin/cmake --build /home/locobot/Documents/kobuki/build/ecl_converters -- -j4 -l4
[2.050s] Invoking command in '/home/locobot/Documents/kobuki/build/ecl_converters': AMENT_PREFIX_PATH=/home/locobot/Documents/kobuki/install CMAKE_PREFIX_PATH=/home/locobot/Documents/kobuki/install LD_LIBRARY_PATH=/home/locobot/Documents/kobuki/install/lib PATH=/home/locobot/Documents/kobuki/install/bin:${PATH} PYTHONPATH=/home/locobot/Documents/kobuki/install/lib/python3.8/site-packages /usr/bin/cmake --install /home/locobot/Documents/kobuki/build/ecl_converters
[2.087s] -- Install configuration: "RelWithDebInfo"
[2.087s] -- Up-to-date: /home/locobot/Documents/kobuki/install/share/ament_index/resource_index/package_run_dependencies/ecl_converters
[2.088s] -- Up-to-date: /home/locobot/Documents/kobuki/install/share/ament_index/resource_index/parent_prefix_path/ecl_converters
[2.088s] -- Up-to-date: /home/locobot/Documents/kobuki/install/share/ecl_converters/environment/ament_prefix_path.sh
[2.088s] -- Installing: /home/locobot/Documents/kobuki/install/share/ecl_converters/environment/ament_prefix_path.dsv
[2.088s] -- Up-to-date: /home/locobot/Documents/kobuki/install/share/ecl_converters/environment/path.sh
[2.088s] -- Installing: /home/locobot/Documents/kobuki/install/share/ecl_converters/environment/path.dsv
[2.089s] -- Up-to-date: /home/locobot/Documents/kobuki/install/share/ecl_converters/local_setup.bash
[2.089s] -- Up-to-date: /home/locobot/Documents/kobuki/install/share/ecl_converters/local_setup.sh
[2.089s] -- Up-to-date: /home/locobot/Documents/kobuki/install/share/ecl_converters/local_setup.zsh
[2.089s] -- Installing: /home/locobot/Documents/kobuki/install/share/ecl_converters/local_setup.dsv
[2.089s] -- Installing: /home/locobot/Documents/kobuki/install/share/ecl_converters/package.dsv
[2.089s] -- Up-to-date: /home/locobot/Documents/kobuki/install/share/ament_index/resource_index/packages/ecl_converters
[2.090s] -- Up-to-date: /home/locobot/Documents/kobuki/install/share/ecl_converters/cmake/ecl_convertersExport.cmake
[2.090s] -- Up-to-date: /home/locobot/Documents/kobuki/install/share/ecl_converters/cmake/ament_cmake_export_targets-extras.cmake
[2.090s] -- Up-to-date: /home/locobot/Documents/kobuki/install/share/ecl_converters/cmake/ament_cmake_export_include_directories-extras.cmake
[2.090s] -- Up-to-date: /home/locobot/Documents/kobuki/install/share/ecl_converters/cmake/ament_cmake_export_dependencies-extras.cmake
[2.090s] -- Up-to-date: /home/locobot/Documents/kobuki/install/share/ecl_converters/cmake/ecl_convertersConfig.cmake
[2.090s] -- Up-to-date: /home/locobot/Documents/kobuki/install/share/ecl_converters/cmake/ecl_convertersConfig-version.cmake
[2.091s] -- Up-to-date: /home/locobot/Documents/kobuki/install/share/ecl_converters/package.xml
[2.091s] -- Up-to-date: /home/locobot/Documents/kobuki/install/include/ecl/converters.hpp
[2.091s] -- Up-to-date: /home/locobot/Documents/kobuki/install/include/ecl/converters/char.hpp
[2.091s] -- Up-to-date: /home/locobot/Documents/kobuki/install/include/ecl/converters/char_strings.hpp
[2.091s] -- Up-to-date: /home/locobot/Documents/kobuki/install/include/ecl/converters/converter.hpp
[2.091s] -- Up-to-date: /home/locobot/Documents/kobuki/install/include/ecl/converters/from_byte_array.hpp
[2.092s] -- Up-to-date: /home/locobot/Documents/kobuki/install/include/ecl/converters/integers.hpp
[2.092s] -- Up-to-date: /home/locobot/Documents/kobuki/install/include/ecl/converters/string.hpp
[2.092s] -- Up-to-date: /home/locobot/Documents/kobuki/install/include/ecl/converters/to_byte_array.hpp
[2.092s] -- Installing: /home/locobot/Documents/kobuki/install/lib/ecl_converters/demo_float_converters
[2.093s] -- Set runtime path of "/home/locobot/Documents/kobuki/install/lib/ecl_converters/demo_float_converters" to ""
[2.102s] Invoked command in '/home/locobot/Documents/kobuki/build/ecl_converters' returned '0': AMENT_PREFIX_PATH=/home/locobot/Documents/kobuki/install CMAKE_PREFIX_PATH=/home/locobot/Documents/kobuki/install LD_LIBRARY_PATH=/home/locobot/Documents/kobuki/install/lib PATH=/home/locobot/Documents/kobuki/install/bin:${PATH} PYTHONPATH=/home/locobot/Documents/kobuki/install/lib/python3.8/site-packages /usr/bin/cmake --install /home/locobot/Documents/kobuki/build/ecl_converters
