[0.338s] Invoking command in '/home/locobot/Documents/kobuki/build/ecl_io': AMENT_PREFIX_PATH=/home/locobot/Documents/kobuki/install CMAKE_PREFIX_PATH=/home/locobot/Documents/kobuki/install LD_LIBRARY_PATH=/home/locobot/Documents/kobuki/install/lib PATH=/home/locobot/Documents/kobuki/install/bin:${PATH} PYTHONPATH=/home/locobot/Documents/kobuki/install/lib/python3.8/site-packages /usr/bin/cmake /home/locobot/Documents/kobuki/src/ecl_lite/ecl_io -DBUILD_TESTING=OFF -DCMAKE_BUILD_TYPE=RelWithDebInfo -DCMAKE_INSTALL_PREFIX=/home/locobot/Documents/kobuki/install
[0.380s] -- Found ament_cmake_ros: 0.9.2 (/home/locobot/Documents/kobuki/install/share/ament_cmake_ros/cmake)
[0.426s] -- Using PYTHON_EXECUTABLE: /usr/bin/python3
[0.662s] -- Found ecl_build: 1.0.3 (/home/locobot/Documents/kobuki/install/share/ecl_build/cmake)
[0.674s] -- Found ecl_config: 1.1.0 (/home/locobot/Documents/kobuki/install/share/ecl_config/cmake)
[0.679s] -- Found ecl_errors: 1.1.0 (/home/locobot/Documents/kobuki/install/share/ecl_errors/cmake)
[0.912s] -- Configuring done
[0.964s] -- Generating done
[0.980s] -- Build files have been written to: /home/locobot/Documents/kobuki/build/ecl_io
[1.014s] Invoked command in '/home/locobot/Documents/kobuki/build/ecl_io' returned '0': AMENT_PREFIX_PATH=/home/locobot/Documents/kobuki/install CMAKE_PREFIX_PATH=/home/locobot/Documents/kobuki/install LD_LIBRARY_PATH=/home/locobot/Documents/kobuki/install/lib PATH=/home/locobot/Documents/kobuki/install/bin:${PATH} PYTHONPATH=/home/locobot/Documents/kobuki/install/lib/python3.8/site-packages /usr/bin/cmake /home/locobot/Documents/kobuki/src/ecl_lite/ecl_io -DBUILD_TESTING=OFF -DCMAKE_BUILD_TYPE=RelWithDebInfo -DCMAKE_INSTALL_PREFIX=/home/locobot/Documents/kobuki/install
[1.015s] Invoking command in '/home/locobot/Documents/kobuki/build/ecl_io': AMENT_PREFIX_PATH=/home/locobot/Documents/kobuki/install CMAKE_PREFIX_PATH=/home/locobot/Documents/kobuki/install LD_LIBRARY_PATH=/home/locobot/Documents/kobuki/install/lib PATH=/home/locobot/Documents/kobuki/install/bin:${PATH} PYTHONPATH=/home/locobot/Documents/kobuki/install/lib/python3.8/site-packages /usr/bin/cmake --build /home/locobot/Documents/kobuki/build/ecl_io -- -j4 -l4
[1.095s] [ 10%] [32mBuilding CXX object src/lib/CMakeFiles/ecl_io.dir/poll.cpp.o[0m
[1.453s] [ 20%] [32mBuilding CXX object src/lib/CMakeFiles/ecl_io.dir/sockets.cpp.o[0m
[2.079s] [ 30%] [32mBuilding CXX object src/lib/CMakeFiles/ecl_io.dir/socketpair.cpp.o[0m
[2.761s] [ 40%] [32m[1mLinking CXX shared library libecl_io.so[0m
[2.903s] [ 40%] Built target ecl_io
[2.933s] [ 50%] [32mBuilding CXX object src/examples/CMakeFiles/ecl_io_example_poll.dir/poll.cpp.o[0m
[3.721s] [ 60%] [32m[1mLinking CXX executable demo_poll[0m
[3.876s] [ 60%] Built target ecl_io_example_poll
[3.908s] [ 70%] [32mBuilding CXX object src/examples/CMakeFiles/ecl_io_example_sockets.dir/sockets.cpp.o[0m
[4.335s] [ 80%] [32m[1mLinking CXX executable demo_sockets[0m
[4.509s] [ 80%] Built target ecl_io_example_sockets
[4.657s] [ 90%] [32mBuilding CXX object src/examples/CMakeFiles/ecl_io_example_socketpair.dir/socketpair.cpp.o[0m
[5.407s] [100%] [32m[1mLinking CXX executable demo_socketpair[0m
[5.638s] [100%] Built target ecl_io_example_socketpair
[5.672s] Invoked command in '/home/locobot/Documents/kobuki/build/ecl_io' returned '0': AMENT_PREFIX_PATH=/home/locobot/Documents/kobuki/install CMAKE_PREFIX_PATH=/home/locobot/Documents/kobuki/install LD_LIBRARY_PATH=/home/locobot/Documents/kobuki/install/lib PATH=/home/locobot/Documents/kobuki/install/bin:${PATH} PYTHONPATH=/home/locobot/Documents/kobuki/install/lib/python3.8/site-packages /usr/bin/cmake --build /home/locobot/Documents/kobuki/build/ecl_io -- -j4 -l4
[5.673s] Invoking command in '/home/locobot/Documents/kobuki/build/ecl_io': AMENT_PREFIX_PATH=/home/locobot/Documents/kobuki/install CMAKE_PREFIX_PATH=/home/locobot/Documents/kobuki/install LD_LIBRARY_PATH=/home/locobot/Documents/kobuki/install/lib PATH=/home/locobot/Documents/kobuki/install/bin:${PATH} PYTHONPATH=/home/locobot/Documents/kobuki/install/lib/python3.8/site-packages /usr/bin/cmake --install /home/locobot/Documents/kobuki/build/ecl_io
[5.700s] -- Install configuration: "RelWithDebInfo"
[5.704s] -- Up-to-date: /home/locobot/Documents/kobuki/install/share/ecl_io/environment/library_path.sh
[5.704s] -- Installing: /home/locobot/Documents/kobuki/install/share/ecl_io/environment/library_path.dsv
[5.704s] -- Up-to-date: /home/locobot/Documents/kobuki/install/share/ament_index/resource_index/package_run_dependencies/ecl_io
[5.704s] -- Up-to-date: /home/locobot/Documents/kobuki/install/share/ament_index/resource_index/parent_prefix_path/ecl_io
[5.704s] -- Up-to-date: /home/locobot/Documents/kobuki/install/share/ecl_io/environment/ament_prefix_path.sh
[5.704s] -- Installing: /home/locobot/Documents/kobuki/install/share/ecl_io/environment/ament_prefix_path.dsv
[5.704s] -- Up-to-date: /home/locobot/Documents/kobuki/install/share/ecl_io/environment/path.sh
[5.705s] -- Installing: /home/locobot/Documents/kobuki/install/share/ecl_io/environment/path.dsv
[5.705s] -- Up-to-date: /home/locobot/Documents/kobuki/install/share/ecl_io/local_setup.bash
[5.705s] -- Up-to-date: /home/locobot/Documents/kobuki/install/share/ecl_io/local_setup.sh
[5.705s] -- Up-to-date: /home/locobot/Documents/kobuki/install/share/ecl_io/local_setup.zsh
[5.705s] -- Installing: /home/locobot/Documents/kobuki/install/share/ecl_io/local_setup.dsv
[5.705s] -- Installing: /home/locobot/Documents/kobuki/install/share/ecl_io/package.dsv
[5.706s] -- Up-to-date: /home/locobot/Documents/kobuki/install/share/ament_index/resource_index/packages/ecl_io
[5.706s] -- Up-to-date: /home/locobot/Documents/kobuki/install/share/ecl_io/cmake/ecl_ioExport.cmake
[5.720s] -- Installing: /home/locobot/Documents/kobuki/install/share/ecl_io/cmake/ecl_ioExport-relwithdebinfo.cmake
[5.720s] -- Up-to-date: /home/locobot/Documents/kobuki/install/share/ecl_io/cmake/ament_cmake_export_targets-extras.cmake
[5.720s] -- Up-to-date: /home/locobot/Documents/kobuki/install/share/ecl_io/cmake/ament_cmake_export_include_directories-extras.cmake
[5.720s] -- Up-to-date: /home/locobot/Documents/kobuki/install/share/ecl_io/cmake/ament_cmake_export_libraries-extras.cmake
[5.720s] -- Up-to-date: /home/locobot/Documents/kobuki/install/share/ecl_io/cmake/ament_cmake_export_dependencies-extras.cmake
[5.720s] -- Up-to-date: /home/locobot/Documents/kobuki/install/share/ecl_io/cmake/ecl_ioConfig.cmake
[5.720s] -- Up-to-date: /home/locobot/Documents/kobuki/install/share/ecl_io/cmake/ecl_ioConfig-version.cmake
[5.721s] -- Up-to-date: /home/locobot/Documents/kobuki/install/share/ecl_io/package.xml
[5.721s] -- Up-to-date: /home/locobot/Documents/kobuki/install/include/ecl/io.hpp
[5.721s] -- Up-to-date: /home/locobot/Documents/kobuki/install/include/ecl/sockets/macros.hpp
[5.721s] -- Up-to-date: /home/locobot/Documents/kobuki/install/include/ecl/sockets/poll.hpp
[5.721s] -- Up-to-date: /home/locobot/Documents/kobuki/install/include/ecl/sockets/socketpair.hpp
[5.721s] -- Up-to-date: /home/locobot/Documents/kobuki/install/include/ecl/sockets/sockets.hpp
[5.721s] -- Installing: /home/locobot/Documents/kobuki/install/lib/libecl_io.so.1.1.0
[5.721s] -- Set runtime path of "/home/locobot/Documents/kobuki/install/lib/libecl_io.so.1.1.0" to ""
[5.721s] -- Up-to-date: /home/locobot/Documents/kobuki/install/lib/libecl_io.so
[5.722s] -- Installing: /home/locobot/Documents/kobuki/install/lib/ecl_io/demo_sockets
[5.722s] -- Set runtime path of "/home/locobot/Documents/kobuki/install/lib/ecl_io/demo_sockets" to ""
[5.722s] -- Installing: /home/locobot/Documents/kobuki/install/lib/ecl_io/demo_socketpair
[5.722s] -- Set runtime path of "/home/locobot/Documents/kobuki/install/lib/ecl_io/demo_socketpair" to ""
[5.722s] -- Installing: /home/locobot/Documents/kobuki/install/lib/ecl_io/demo_poll
[5.722s] -- Set runtime path of "/home/locobot/Documents/kobuki/install/lib/ecl_io/demo_poll" to ""
[5.722s] Invoked command in '/home/locobot/Documents/kobuki/build/ecl_io' returned '0': AMENT_PREFIX_PATH=/home/locobot/Documents/kobuki/install CMAKE_PREFIX_PATH=/home/locobot/Documents/kobuki/install LD_LIBRARY_PATH=/home/locobot/Documents/kobuki/install/lib PATH=/home/locobot/Documents/kobuki/install/bin:${PATH} PYTHONPATH=/home/locobot/Documents/kobuki/install/lib/python3.8/site-packages /usr/bin/cmake --install /home/locobot/Documents/kobuki/build/ecl_io
