[0.043s] Invoking command in '/home/locobot/Documents/kobuki/build/eigen': /usr/bin/cmake /home/locobot/Documents/kobuki/src/eigen -DBUILD_TESTING=OFF --no-warn-unused-cli -DBUILD_TESTING=OFF -DEIGEN_TEST_NOQT=ON -DCMAKE_INSTALL_PREFIX=/home/locobot/Documents/kobuki/install
[0.521s] CMake Warning (dev) in CMakeLists.txt:
[0.521s]   A logical block opening on the line
[0.521s] 
[0.521s]     /home/locobot/Documents/kobuki/src/eigen/CMakeLists.txt:465 (if)
[0.521s] 
[0.522s]   closes on the line
[0.522s] 
[0.522s]     /home/locobot/Documents/kobuki/src/eigen/CMakeLists.txt:473 (endif)
[0.522s] 
[0.522s]   with mis-matching arguments.
[0.522s] This warning is for project developers.  Use -Wno-dev to suppress it.
[0.522s] 
[0.522s] Not searching for unused variables given on the command line.
[0.522s] -- Performing Test COMPILER_SUPPORT_std=cpp03
[0.522s] -- Performing Test COMPILER_SUPPORT_std=cpp03 - Success
[0.522s] -- Standard libraries to link to explicitly: none
[0.877s] -- Could NOT find CHOLMOD (missing: CHOLMOD_INCLUDES CHOLMOD_LIBRARIES) 
[0.881s] -- Could NOT find UMFPACK (missing: UMFPACK_INCLUDES UMFPACK_LIBRARIES) 
[0.894s] -- Could NOT find SUPERLU (missing: SUPERLU_INCLUDES SUPERLU_LIBRARIES SUPERLU_VERSION_OK) 
[0.900s] -- A version of Pastix has been found but pastix_nompi.h does not exist in the include directory. Because Eigen tests require a version without MPI, we disable the Pastix backend.
[0.901s] -- 
[0.901s] -- Configured Eigen 3.3.9
[0.901s] -- 
[0.902s] -- Some things you can do now:
[0.902s] -- --------------+--------------------------------------------------------------
[0.902s] -- Command       |   Description
[0.902s] -- --------------+--------------------------------------------------------------
[0.902s] -- make install  | Install Eigen. Headers will be installed to:
[0.902s] --               |     <CMAKE_INSTALL_PREFIX>/<INCLUDE_INSTALL_DIR>
[0.902s] --               |   Using the following values:
[0.903s] --               |     CMAKE_INSTALL_PREFIX: /home/locobot/Documents/kobuki/install
[0.903s] --               |     INCLUDE_INSTALL_DIR:  include/eigen3
[0.903s] --               |   Change the install location of Eigen headers using:
[0.903s] --               |     cmake . -DCMAKE_INSTALL_PREFIX=yourprefix
[0.903s] --               |   Or:
[0.903s] --               |     cmake . -DINCLUDE_INSTALL_DIR=yourdir
[0.903s] -- make doc      | Generate the API documentation, requires Doxygen & LaTeX
[0.903s] -- make check    | Build and run the unit-tests. Read this page:
[0.904s] --               |   http://eigen.tuxfamily.org/index.php?title=Tests
[0.904s] -- make blas     | Build BLAS library (not the same thing as Eigen)
[0.904s] -- make uninstall| Removes files installed by make install
[0.904s] -- --------------+--------------------------------------------------------------
[0.904s] -- 
[0.915s] -- Configuring done
[1.853s] -- Generating done
[2.209s] -- Build files have been written to: /home/locobot/Documents/kobuki/build/eigen
[2.242s] Invoked command in '/home/locobot/Documents/kobuki/build/eigen' returned '0': /usr/bin/cmake /home/locobot/Documents/kobuki/src/eigen -DBUILD_TESTING=OFF --no-warn-unused-cli -DBUILD_TESTING=OFF -DEIGEN_TEST_NOQT=ON -DCMAKE_INSTALL_PREFIX=/home/locobot/Documents/kobuki/install
[2.243s] Invoking command in '/home/locobot/Documents/kobuki/build/eigen': /usr/bin/cmake --build /home/locobot/Documents/kobuki/build/eigen -- -j4 -l4
[2.479s] Invoked command in '/home/locobot/Documents/kobuki/build/eigen' returned '0': /usr/bin/cmake --build /home/locobot/Documents/kobuki/build/eigen -- -j4 -l4
[2.479s] Invoking command in '/home/locobot/Documents/kobuki/build/eigen': /usr/bin/cmake --install /home/locobot/Documents/kobuki/build/eigen
[2.517s] -- Install configuration: "Release"
[2.524s] -- Up-to-date: /home/locobot/Documents/kobuki/install/include/eigen3/signature_of_eigen3_matrix_library
[2.524s] -- Up-to-date: /home/locobot/Documents/kobuki/install/share/pkgconfig/eigen3.pc
[2.525s] -- Up-to-date: /home/locobot/Documents/kobuki/install/share/eigen3/cmake/Eigen3Targets.cmake
[2.526s] -- Up-to-date: /home/locobot/Documents/kobuki/install/share/eigen3/cmake/UseEigen3.cmake
[2.526s] -- Up-to-date: /home/locobot/Documents/kobuki/install/share/eigen3/cmake/Eigen3Config.cmake
[2.526s] -- Up-to-date: /home/locobot/Documents/kobuki/install/share/eigen3/cmake/Eigen3ConfigVersion.cmake
[2.527s] -- Up-to-date: /home/locobot/Documents/kobuki/install/include/eigen3/Eigen/Cholesky
[2.527s] -- Up-to-date: /home/locobot/Documents/kobuki/install/include/eigen3/Eigen/CholmodSupport
[2.527s] -- Up-to-date: /home/locobot/Documents/kobuki/install/include/eigen3/Eigen/Core
[2.528s] -- Up-to-date: /home/locobot/Documents/kobuki/install/include/eigen3/Eigen/Dense
[2.528s] -- Up-to-date: /home/locobot/Documents/kobuki/install/include/eigen3/Eigen/Eigen
[2.528s] -- Up-to-date: /home/locobot/Documents/kobuki/install/include/eigen3/Eigen/Eigenvalues
[2.528s] -- Up-to-date: /home/locobot/Documents/kobuki/install/include/eigen3/Eigen/Geometry
[2.528s] -- Up-to-date: /home/locobot/Documents/kobuki/install/include/eigen3/Eigen/Householder
[2.528s] -- Up-to-date: /home/locobot/Documents/kobuki/install/include/eigen3/Eigen/IterativeLinearSolvers
[2.529s] -- Up-to-date: /home/locobot/Documents/kobuki/install/include/eigen3/Eigen/Jacobi
[2.529s] -- Up-to-date: /home/locobot/Documents/kobuki/install/include/eigen3/Eigen/LU
[2.529s] -- Up-to-date: /home/locobot/Documents/kobuki/install/include/eigen3/Eigen/MetisSupport
[2.529s] -- Up-to-date: /home/locobot/Documents/kobuki/install/include/eigen3/Eigen/OrderingMethods
[2.529s] -- Up-to-date: /home/locobot/Documents/kobuki/install/include/eigen3/Eigen/PaStiXSupport
[2.530s] -- Up-to-date: /home/locobot/Documents/kobuki/install/include/eigen3/Eigen/PardisoSupport
[2.530s] -- Up-to-date: /home/locobot/Documents/kobuki/install/include/eigen3/Eigen/QR
[2.530s] -- Up-to-date: /home/locobot/Documents/kobuki/install/include/eigen3/Eigen/QtAlignedMalloc
[2.530s] -- Up-to-date: /home/locobot/Documents/kobuki/install/include/eigen3/Eigen/SPQRSupport
[2.530s] -- Up-to-date: /home/locobot/Documents/kobuki/install/include/eigen3/Eigen/SVD
[2.531s] -- Up-to-date: /home/locobot/Documents/kobuki/install/include/eigen3/Eigen/Sparse
[2.531s] -- Up-to-date: /home/locobot/Documents/kobuki/install/include/eigen3/Eigen/SparseCholesky
[2.531s] -- Up-to-date: /home/locobot/Documents/kobuki/install/include/eigen3/Eigen/SparseCore
[2.531s] -- Up-to-date: /home/locobot/Documents/kobuki/install/include/eigen3/Eigen/SparseLU
[2.532s] -- Up-to-date: /home/locobot/Documents/kobuki/install/include/eigen3/Eigen/SparseQR
[2.532s] -- Up-to-date: /home/locobot/Documents/kobuki/install/include/eigen3/Eigen/StdDeque
[2.532s] -- Up-to-date: /home/locobot/Documents/kobuki/install/include/eigen3/Eigen/StdList
[2.532s] -- Up-to-date: /home/locobot/Documents/kobuki/install/include/eigen3/Eigen/StdVector
[2.532s] -- Up-to-date: /home/locobot/Documents/kobuki/install/include/eigen3/Eigen/SuperLUSupport
[2.532s] -- Up-to-date: /home/locobot/Documents/kobuki/install/include/eigen3/Eigen/UmfPackSupport
[2.533s] -- Up-to-date: /home/locobot/Documents/kobuki/install/include/eigen3/Eigen/src
[2.533s] -- Up-to-date: /home/locobot/Documents/kobuki/install/include/eigen3/Eigen/src/CholmodSupport
[2.533s] -- Up-to-date: /home/locobot/Documents/kobuki/install/include/eigen3/Eigen/src/CholmodSupport/CholmodSupport.h
[2.533s] -- Up-to-date: /home/locobot/Documents/kobuki/install/include/eigen3/Eigen/src/SparseQR
[2.534s] -- Up-to-date: /home/locobot/Documents/kobuki/install/include/eigen3/Eigen/src/SparseQR/SparseQR.h
[2.534s] -- Up-to-date: /home/locobot/Documents/kobuki/install/include/eigen3/Eigen/src/Cholesky
[2.534s] -- Up-to-date: /home/locobot/Documents/kobuki/install/include/eigen3/Eigen/src/Cholesky/LDLT.h
[2.534s] -- Up-to-date: /home/locobot/Documents/kobuki/install/include/eigen3/Eigen/src/Cholesky/LLT_LAPACKE.h
[2.534s] -- Up-to-date: /home/locobot/Documents/kobuki/install/include/eigen3/Eigen/src/Cholesky/LLT.h
[2.535s] -- Up-to-date: /home/locobot/Documents/kobuki/install/include/eigen3/Eigen/src/StlSupport
[2.535s] -- Up-to-date: /home/locobot/Documents/kobuki/install/include/eigen3/Eigen/src/StlSupport/StdVector.h
[2.535s] -- Up-to-date: /home/locobot/Documents/kobuki/install/include/eigen3/Eigen/src/StlSupport/StdList.h
[2.535s] -- Up-to-date: /home/locobot/Documents/kobuki/install/include/eigen3/Eigen/src/StlSupport/StdDeque.h
[2.536s] -- Up-to-date: /home/locobot/Documents/kobuki/install/include/eigen3/Eigen/src/StlSupport/details.h
[2.536s] -- Up-to-date: /home/locobot/Documents/kobuki/install/include/eigen3/Eigen/src/SparseLU
[2.536s] -- Up-to-date: /home/locobot/Documents/kobuki/install/include/eigen3/Eigen/src/SparseLU/SparseLU_kernel_bmod.h
[2.536s] -- Up-to-date: /home/locobot/Documents/kobuki/install/include/eigen3/Eigen/src/SparseLU/SparseLU_gemm_kernel.h
[2.537s] -- Up-to-date: /home/locobot/Documents/kobuki/install/include/eigen3/Eigen/src/SparseLU/SparseLU_Structs.h
[2.537s] -- Up-to-date: /home/locobot/Documents/kobuki/install/include/eigen3/Eigen/src/SparseLU/SparseLU_relax_snode.h
[2.537s] -- Up-to-date: /home/locobot/Documents/kobuki/install/include/eigen3/Eigen/src/SparseLU/SparseLU_column_dfs.h
[2.537s] -- Up-to-date: /home/locobot/Documents/kobuki/install/include/eigen3/Eigen/src/SparseLU/SparseLU_panel_dfs.h
[2.538s] -- Up-to-date: /home/locobot/Documents/kobuki/install/include/eigen3/Eigen/src/SparseLU/SparseLU_Memory.h
[2.538s] -- Up-to-date: /home/locobot/Documents/kobuki/install/include/eigen3/Eigen/src/SparseLU/SparseLU_Utils.h
[2.538s] -- Up-to-date: /home/locobot/Documents/kobuki/install/include/eigen3/Eigen/src/SparseLU/SparseLU_SupernodalMatrix.h
[2.538s] -- Up-to-date: /home/locobot/Documents/kobuki/install/include/eigen3/Eigen/src/SparseLU/SparseLU.h
[2.538s] -- Up-to-date: /home/locobot/Documents/kobuki/install/include/eigen3/Eigen/src/SparseLU/SparseLU_column_bmod.h
[2.539s] -- Up-to-date: /home/locobot/Documents/kobuki/install/include/eigen3/Eigen/src/SparseLU/SparseLU_heap_relax_snode.h
[2.539s] -- Up-to-date: /home/locobot/Documents/kobuki/install/include/eigen3/Eigen/src/SparseLU/SparseLU_copy_to_ucol.h
[2.539s] -- Up-to-date: /home/locobot/Documents/kobuki/install/include/eigen3/Eigen/src/SparseLU/SparseLU_pruneL.h
[2.539s] -- Up-to-date: /home/locobot/Documents/kobuki/install/include/eigen3/Eigen/src/SparseLU/SparseLU_panel_bmod.h
[2.539s] -- Up-to-date: /home/locobot/Documents/kobuki/install/include/eigen3/Eigen/src/SparseLU/SparseLUImpl.h
[2.540s] -- Up-to-date: /home/locobot/Documents/kobuki/install/include/eigen3/Eigen/src/SparseLU/SparseLU_pivotL.h
[2.540s] -- Up-to-date: /home/locobot/Documents/kobuki/install/include/eigen3/Eigen/src/misc
[2.540s] -- Up-to-date: /home/locobot/Documents/kobuki/install/include/eigen3/Eigen/src/misc/lapack.h
[2.540s] -- Up-to-date: /home/locobot/Documents/kobuki/install/include/eigen3/Eigen/src/misc/Kernel.h
[2.540s] -- Up-to-date: /home/locobot/Documents/kobuki/install/include/eigen3/Eigen/src/misc/lapacke.h
[2.541s] -- Up-to-date: /home/locobot/Documents/kobuki/install/include/eigen3/Eigen/src/misc/lapacke_mangling.h
[2.541s] -- Up-to-date: /home/locobot/Documents/kobuki/install/include/eigen3/Eigen/src/misc/RealSvd2x2.h
[2.541s] -- Up-to-date: /home/locobot/Documents/kobuki/install/include/eigen3/Eigen/src/misc/blas.h
[2.541s] -- Up-to-date: /home/locobot/Documents/kobuki/install/include/eigen3/Eigen/src/misc/Image.h
[2.541s] -- Up-to-date: /home/locobot/Documents/kobuki/install/include/eigen3/Eigen/src/SVD
[2.542s] -- Up-to-date: /home/locobot/Documents/kobuki/install/include/eigen3/Eigen/src/SVD/BDCSVD.h
[2.542s] -- Up-to-date: /home/locobot/Documents/kobuki/install/include/eigen3/Eigen/src/SVD/UpperBidiagonalization.h
[2.542s] -- Up-to-date: /home/locobot/Documents/kobuki/install/include/eigen3/Eigen/src/SVD/SVDBase.h
[2.542s] -- Up-to-date: /home/locobot/Documents/kobuki/install/include/eigen3/Eigen/src/SVD/JacobiSVD.h
[2.542s] -- Up-to-date: /home/locobot/Documents/kobuki/install/include/eigen3/Eigen/src/SVD/JacobiSVD_LAPACKE.h
[2.543s] -- Up-to-date: /home/locobot/Documents/kobuki/install/include/eigen3/Eigen/src/Eigenvalues
[2.543s] -- Up-to-date: /home/locobot/Documents/kobuki/install/include/eigen3/Eigen/src/Eigenvalues/ComplexSchur.h
[2.543s] -- Up-to-date: /home/locobot/Documents/kobuki/install/include/eigen3/Eigen/src/Eigenvalues/EigenSolver.h
[2.543s] -- Up-to-date: /home/locobot/Documents/kobuki/install/include/eigen3/Eigen/src/Eigenvalues/MatrixBaseEigenvalues.h
[2.543s] -- Up-to-date: /home/locobot/Documents/kobuki/install/include/eigen3/Eigen/src/Eigenvalues/ComplexSchur_LAPACKE.h
[2.544s] -- Up-to-date: /home/locobot/Documents/kobuki/install/include/eigen3/Eigen/src/Eigenvalues/SelfAdjointEigenSolver_LAPACKE.h
[2.544s] -- Up-to-date: /home/locobot/Documents/kobuki/install/include/eigen3/Eigen/src/Eigenvalues/GeneralizedSelfAdjointEigenSolver.h
[2.544s] -- Up-to-date: /home/locobot/Documents/kobuki/install/include/eigen3/Eigen/src/Eigenvalues/RealSchur_LAPACKE.h
[2.544s] -- Up-to-date: /home/locobot/Documents/kobuki/install/include/eigen3/Eigen/src/Eigenvalues/ComplexEigenSolver.h
[2.544s] -- Up-to-date: /home/locobot/Documents/kobuki/install/include/eigen3/Eigen/src/Eigenvalues/Tridiagonalization.h
[2.545s] -- Up-to-date: /home/locobot/Documents/kobuki/install/include/eigen3/Eigen/src/Eigenvalues/RealQZ.h
[2.545s] -- Up-to-date: /home/locobot/Documents/kobuki/install/include/eigen3/Eigen/src/Eigenvalues/RealSchur.h
[2.545s] -- Up-to-date: /home/locobot/Documents/kobuki/install/include/eigen3/Eigen/src/Eigenvalues/SelfAdjointEigenSolver.h
[2.545s] -- Up-to-date: /home/locobot/Documents/kobuki/install/include/eigen3/Eigen/src/Eigenvalues/HessenbergDecomposition.h
[2.546s] -- Up-to-date: /home/locobot/Documents/kobuki/install/include/eigen3/Eigen/src/Eigenvalues/GeneralizedEigenSolver.h
[2.546s] -- Up-to-date: /home/locobot/Documents/kobuki/install/include/eigen3/Eigen/src/plugins
[2.546s] -- Up-to-date: /home/locobot/Documents/kobuki/install/include/eigen3/Eigen/src/plugins/CommonCwiseUnaryOps.h
[2.546s] -- Up-to-date: /home/locobot/Documents/kobuki/install/include/eigen3/Eigen/src/plugins/ArrayCwiseUnaryOps.h
[2.547s] -- Up-to-date: /home/locobot/Documents/kobuki/install/include/eigen3/Eigen/src/plugins/ArrayCwiseBinaryOps.h
[2.547s] -- Up-to-date: /home/locobot/Documents/kobuki/install/include/eigen3/Eigen/src/plugins/MatrixCwiseUnaryOps.h
[2.547s] -- Up-to-date: /home/locobot/Documents/kobuki/install/include/eigen3/Eigen/src/plugins/BlockMethods.h
[2.561s] -- Up-to-date: /home/locobot/Documents/kobuki/install/include/eigen3/Eigen/src/plugins/MatrixCwiseBinaryOps.h
[2.561s] -- Up-to-date: /home/locobot/Documents/kobuki/install/include/eigen3/Eigen/src/plugins/CommonCwiseBinaryOps.h
[2.561s] -- Up-to-date: /home/locobot/Documents/kobuki/install/include/eigen3/Eigen/src/PardisoSupport
[2.562s] -- Up-to-date: /home/locobot/Documents/kobuki/install/include/eigen3/Eigen/src/PardisoSupport/PardisoSupport.h
[2.562s] -- Up-to-date: /home/locobot/Documents/kobuki/install/include/eigen3/Eigen/src/MetisSupport
[2.562s] -- Up-to-date: /home/locobot/Documents/kobuki/install/include/eigen3/Eigen/src/MetisSupport/MetisSupport.h
[2.562s] -- Up-to-date: /home/locobot/Documents/kobuki/install/include/eigen3/Eigen/src/Jacobi
[2.562s] -- Up-to-date: /home/locobot/Documents/kobuki/install/include/eigen3/Eigen/src/Jacobi/Jacobi.h
[2.563s] -- Up-to-date: /home/locobot/Documents/kobuki/install/include/eigen3/Eigen/src/QR
[2.565s] -- Up-to-date: /home/locobot/Documents/kobuki/install/include/eigen3/Eigen/src/QR/ColPivHouseholderQR.h
[2.567s] -- Up-to-date: /home/locobot/Documents/kobuki/install/include/eigen3/Eigen/src/QR/HouseholderQR_LAPACKE.h
[2.567s] -- Up-to-date: /home/locobot/Documents/kobuki/install/include/eigen3/Eigen/src/QR/CompleteOrthogonalDecomposition.h
[2.567s] -- Up-to-date: /home/locobot/Documents/kobuki/install/include/eigen3/Eigen/src/QR/ColPivHouseholderQR_LAPACKE.h
[2.567s] -- Up-to-date: /home/locobot/Documents/kobuki/install/include/eigen3/Eigen/src/QR/HouseholderQR.h
[2.567s] -- Up-to-date: /home/locobot/Documents/kobuki/install/include/eigen3/Eigen/src/QR/FullPivHouseholderQR.h
[2.567s] -- Up-to-date: /home/locobot/Documents/kobuki/install/include/eigen3/Eigen/src/IterativeLinearSolvers
[2.567s] -- Up-to-date: /home/locobot/Documents/kobuki/install/include/eigen3/Eigen/src/IterativeLinearSolvers/BasicPreconditioners.h
[2.568s] -- Up-to-date: /home/locobot/Documents/kobuki/install/include/eigen3/Eigen/src/IterativeLinearSolvers/IncompleteLUT.h
[2.568s] -- Up-to-date: /home/locobot/Documents/kobuki/install/include/eigen3/Eigen/src/IterativeLinearSolvers/LeastSquareConjugateGradient.h
[2.568s] -- Up-to-date: /home/locobot/Documents/kobuki/install/include/eigen3/Eigen/src/IterativeLinearSolvers/BiCGSTAB.h
[2.568s] -- Up-to-date: /home/locobot/Documents/kobuki/install/include/eigen3/Eigen/src/IterativeLinearSolvers/ConjugateGradient.h
[2.568s] -- Up-to-date: /home/locobot/Documents/kobuki/install/include/eigen3/Eigen/src/IterativeLinearSolvers/SolveWithGuess.h
[2.568s] -- Up-to-date: /home/locobot/Documents/kobuki/install/include/eigen3/Eigen/src/IterativeLinearSolvers/IncompleteCholesky.h
[2.568s] -- Up-to-date: /home/locobot/Documents/kobuki/install/include/eigen3/Eigen/src/IterativeLinearSolvers/IterativeSolverBase.h
[2.568s] -- Up-to-date: /home/locobot/Documents/kobuki/install/include/eigen3/Eigen/src/PaStiXSupport
[2.568s] -- Up-to-date: /home/locobot/Documents/kobuki/install/include/eigen3/Eigen/src/PaStiXSupport/PaStiXSupport.h
[2.569s] -- Up-to-date: /home/locobot/Documents/kobuki/install/include/eigen3/Eigen/src/Householder
[2.569s] -- Up-to-date: /home/locobot/Documents/kobuki/install/include/eigen3/Eigen/src/Householder/HouseholderSequence.h
[2.569s] -- Up-to-date: /home/locobot/Documents/kobuki/install/include/eigen3/Eigen/src/Householder/BlockHouseholder.h
[2.569s] -- Up-to-date: /home/locobot/Documents/kobuki/install/include/eigen3/Eigen/src/Householder/Householder.h
[2.569s] -- Up-to-date: /home/locobot/Documents/kobuki/install/include/eigen3/Eigen/src/Geometry
[2.569s] -- Up-to-date: /home/locobot/Documents/kobuki/install/include/eigen3/Eigen/src/Geometry/Scaling.h
[2.569s] -- Up-to-date: /home/locobot/Documents/kobuki/install/include/eigen3/Eigen/src/Geometry/AngleAxis.h
[2.569s] -- Up-to-date: /home/locobot/Documents/kobuki/install/include/eigen3/Eigen/src/Geometry/RotationBase.h
[2.569s] -- Up-to-date: /home/locobot/Documents/kobuki/install/include/eigen3/Eigen/src/Geometry/EulerAngles.h
[2.570s] -- Up-to-date: /home/locobot/Documents/kobuki/install/include/eigen3/Eigen/src/Geometry/Translation.h
[2.570s] -- Up-to-date: /home/locobot/Documents/kobuki/install/include/eigen3/Eigen/src/Geometry/Umeyama.h
[2.570s] -- Up-to-date: /home/locobot/Documents/kobuki/install/include/eigen3/Eigen/src/Geometry/arch
[2.570s] -- Up-to-date: /home/locobot/Documents/kobuki/install/include/eigen3/Eigen/src/Geometry/arch/Geometry_SSE.h
[2.570s] -- Up-to-date: /home/locobot/Documents/kobuki/install/include/eigen3/Eigen/src/Geometry/Hyperplane.h
[2.570s] -- Up-to-date: /home/locobot/Documents/kobuki/install/include/eigen3/Eigen/src/Geometry/Transform.h
[2.570s] -- Up-to-date: /home/locobot/Documents/kobuki/install/include/eigen3/Eigen/src/Geometry/Quaternion.h
[2.570s] -- Up-to-date: /home/locobot/Documents/kobuki/install/include/eigen3/Eigen/src/Geometry/Rotation2D.h
[2.570s] -- Up-to-date: /home/locobot/Documents/kobuki/install/include/eigen3/Eigen/src/Geometry/Homogeneous.h
[2.570s] -- Up-to-date: /home/locobot/Documents/kobuki/install/include/eigen3/Eigen/src/Geometry/ParametrizedLine.h
[2.571s] -- Up-to-date: /home/locobot/Documents/kobuki/install/include/eigen3/Eigen/src/Geometry/OrthoMethods.h
[2.571s] -- Up-to-date: /home/locobot/Documents/kobuki/install/include/eigen3/Eigen/src/Geometry/AlignedBox.h
[2.571s] -- Up-to-date: /home/locobot/Documents/kobuki/install/include/eigen3/Eigen/src/SparseCholesky
[2.571s] -- Up-to-date: /home/locobot/Documents/kobuki/install/include/eigen3/Eigen/src/SparseCholesky/SimplicialCholesky.h
[2.571s] -- Up-to-date: /home/locobot/Documents/kobuki/install/include/eigen3/Eigen/src/SparseCholesky/SimplicialCholesky_impl.h
[2.571s] -- Up-to-date: /home/locobot/Documents/kobuki/install/include/eigen3/Eigen/src/SPQRSupport
[2.571s] -- Up-to-date: /home/locobot/Documents/kobuki/install/include/eigen3/Eigen/src/SPQRSupport/SuiteSparseQRSupport.h
[2.571s] -- Up-to-date: /home/locobot/Documents/kobuki/install/include/eigen3/Eigen/src/SuperLUSupport
[2.571s] -- Up-to-date: /home/locobot/Documents/kobuki/install/include/eigen3/Eigen/src/SuperLUSupport/SuperLUSupport.h
[2.572s] -- Up-to-date: /home/locobot/Documents/kobuki/install/include/eigen3/Eigen/src/UmfPackSupport
[2.572s] -- Up-to-date: /home/locobot/Documents/kobuki/install/include/eigen3/Eigen/src/UmfPackSupport/UmfPackSupport.h
[2.572s] -- Up-to-date: /home/locobot/Documents/kobuki/install/include/eigen3/Eigen/src/LU
[2.572s] -- Up-to-date: /home/locobot/Documents/kobuki/install/include/eigen3/Eigen/src/LU/arch
[2.572s] -- Up-to-date: /home/locobot/Documents/kobuki/install/include/eigen3/Eigen/src/LU/arch/Inverse_SSE.h
[2.572s] -- Up-to-date: /home/locobot/Documents/kobuki/install/include/eigen3/Eigen/src/LU/InverseImpl.h
[2.572s] -- Up-to-date: /home/locobot/Documents/kobuki/install/include/eigen3/Eigen/src/LU/Determinant.h
[2.572s] -- Up-to-date: /home/locobot/Documents/kobuki/install/include/eigen3/Eigen/src/LU/PartialPivLU_LAPACKE.h
[2.572s] -- Up-to-date: /home/locobot/Documents/kobuki/install/include/eigen3/Eigen/src/LU/FullPivLU.h
[2.573s] -- Up-to-date: /home/locobot/Documents/kobuki/install/include/eigen3/Eigen/src/LU/PartialPivLU.h
[2.581s] -- Up-to-date: /home/locobot/Documents/kobuki/install/include/eigen3/Eigen/src/OrderingMethods
[2.581s] -- Up-to-date: /home/locobot/Documents/kobuki/install/include/eigen3/Eigen/src/OrderingMethods/Amd.h
[2.581s] -- Up-to-date: /home/locobot/Documents/kobuki/install/include/eigen3/Eigen/src/OrderingMethods/Ordering.h
[2.581s] -- Up-to-date: /home/locobot/Documents/kobuki/install/include/eigen3/Eigen/src/OrderingMethods/Eigen_Colamd.h
[2.581s] -- Up-to-date: /home/locobot/Documents/kobuki/install/include/eigen3/Eigen/src/SparseCore
[2.581s] -- Up-to-date: /home/locobot/Documents/kobuki/install/include/eigen3/Eigen/src/SparseCore/SparseBlock.h
[2.582s] -- Up-to-date: /home/locobot/Documents/kobuki/install/include/eigen3/Eigen/src/SparseCore/ConservativeSparseSparseProduct.h
[2.582s] -- Up-to-date: /home/locobot/Documents/kobuki/install/include/eigen3/Eigen/src/SparseCore/SparsePermutation.h
[2.582s] -- Up-to-date: /home/locobot/Documents/kobuki/install/include/eigen3/Eigen/src/SparseCore/SparseColEtree.h
[2.582s] -- Up-to-date: /home/locobot/Documents/kobuki/install/include/eigen3/Eigen/src/SparseCore/SparseRef.h
[2.582s] -- Up-to-date: /home/locobot/Documents/kobuki/install/include/eigen3/Eigen/src/SparseCore/SparseRedux.h
[2.582s] -- Up-to-date: /home/locobot/Documents/kobuki/install/include/eigen3/Eigen/src/SparseCore/SparseMatrixBase.h
[2.582s] -- Up-to-date: /home/locobot/Documents/kobuki/install/include/eigen3/Eigen/src/SparseCore/SparseFuzzy.h
[2.582s] -- Up-to-date: /home/locobot/Documents/kobuki/install/include/eigen3/Eigen/src/SparseCore/SparseCompressedBase.h
[2.582s] -- Up-to-date: /home/locobot/Documents/kobuki/install/include/eigen3/Eigen/src/SparseCore/SparseProduct.h
[2.582s] -- Up-to-date: /home/locobot/Documents/kobuki/install/include/eigen3/Eigen/src/SparseCore/SparseCwiseUnaryOp.h
[2.583s] -- Up-to-date: /home/locobot/Documents/kobuki/install/include/eigen3/Eigen/src/SparseCore/SparseSparseProductWithPruning.h
[2.583s] -- Up-to-date: /home/locobot/Documents/kobuki/install/include/eigen3/Eigen/src/SparseCore/SparseView.h
[2.583s] -- Up-to-date: /home/locobot/Documents/kobuki/install/include/eigen3/Eigen/src/SparseCore/SparseMatrix.h
[2.583s] -- Up-to-date: /home/locobot/Documents/kobuki/install/include/eigen3/Eigen/src/SparseCore/SparseDot.h
[2.583s] -- Up-to-date: /home/locobot/Documents/kobuki/install/include/eigen3/Eigen/src/SparseCore/SparseAssign.h
[2.583s] -- Up-to-date: /home/locobot/Documents/kobuki/install/include/eigen3/Eigen/src/SparseCore/SparseDenseProduct.h
[2.583s] -- Up-to-date: /home/locobot/Documents/kobuki/install/include/eigen3/Eigen/src/SparseCore/SparseMap.h
[2.583s] -- Up-to-date: /home/locobot/Documents/kobuki/install/include/eigen3/Eigen/src/SparseCore/SparseTriangularView.h
[2.583s] -- Up-to-date: /home/locobot/Documents/kobuki/install/include/eigen3/Eigen/src/SparseCore/SparseVector.h
[2.583s] -- Up-to-date: /home/locobot/Documents/kobuki/install/include/eigen3/Eigen/src/SparseCore/MappedSparseMatrix.h
[2.583s] -- Up-to-date: /home/locobot/Documents/kobuki/install/include/eigen3/Eigen/src/SparseCore/TriangularSolver.h
[2.591s] -- Up-to-date: /home/locobot/Documents/kobuki/install/include/eigen3/Eigen/src/SparseCore/SparseDiagonalProduct.h
[2.591s] -- Up-to-date: /home/locobot/Documents/kobuki/install/include/eigen3/Eigen/src/SparseCore/SparseSelfAdjointView.h
[2.592s] -- Up-to-date: /home/locobot/Documents/kobuki/install/include/eigen3/Eigen/src/SparseCore/SparseUtil.h
[2.592s] -- Up-to-date: /home/locobot/Documents/kobuki/install/include/eigen3/Eigen/src/SparseCore/CompressedStorage.h
[2.592s] -- Up-to-date: /home/locobot/Documents/kobuki/install/include/eigen3/Eigen/src/SparseCore/SparseSolverBase.h
[2.592s] -- Up-to-date: /home/locobot/Documents/kobuki/install/include/eigen3/Eigen/src/SparseCore/SparseCwiseBinaryOp.h
[2.592s] -- Up-to-date: /home/locobot/Documents/kobuki/install/include/eigen3/Eigen/src/SparseCore/SparseTranspose.h
[2.592s] -- Up-to-date: /home/locobot/Documents/kobuki/install/include/eigen3/Eigen/src/SparseCore/AmbiVector.h
[2.592s] -- Up-to-date: /home/locobot/Documents/kobuki/install/include/eigen3/Eigen/src/Core
[2.592s] -- Up-to-date: /home/locobot/Documents/kobuki/install/include/eigen3/Eigen/src/Core/Product.h
[2.592s] -- Up-to-date: /home/locobot/Documents/kobuki/install/include/eigen3/Eigen/src/Core/ArrayBase.h
[2.592s] -- Up-to-date: /home/locobot/Documents/kobuki/install/include/eigen3/Eigen/src/Core/ProductEvaluators.h
[2.593s] -- Up-to-date: /home/locobot/Documents/kobuki/install/include/eigen3/Eigen/src/Core/VectorwiseOp.h
[2.593s] -- Up-to-date: /home/locobot/Documents/kobuki/install/include/eigen3/Eigen/src/Core/Solve.h
[2.593s] -- Up-to-date: /home/locobot/Documents/kobuki/install/include/eigen3/Eigen/src/Core/CoreIterators.h
[2.593s] -- Up-to-date: /home/locobot/Documents/kobuki/install/include/eigen3/Eigen/src/Core/ReturnByValue.h
[2.593s] -- Up-to-date: /home/locobot/Documents/kobuki/install/include/eigen3/Eigen/src/Core/TriangularMatrix.h
[2.593s] -- Up-to-date: /home/locobot/Documents/kobuki/install/include/eigen3/Eigen/src/Core/PlainObjectBase.h
[2.605s] -- Up-to-date: /home/locobot/Documents/kobuki/install/include/eigen3/Eigen/src/Core/VectorBlock.h
[2.606s] -- Up-to-date: /home/locobot/Documents/kobuki/install/include/eigen3/Eigen/src/Core/Map.h
[2.606s] -- Up-to-date: /home/locobot/Documents/kobuki/install/include/eigen3/Eigen/src/Core/Assign.h
[2.606s] -- Up-to-date: /home/locobot/Documents/kobuki/install/include/eigen3/Eigen/src/Core/CwiseUnaryOp.h
[2.606s] -- Up-to-date: /home/locobot/Documents/kobuki/install/include/eigen3/Eigen/src/Core/Transpositions.h
[2.606s] -- Up-to-date: /home/locobot/Documents/kobuki/install/include/eigen3/Eigen/src/Core/Matrix.h
[2.606s] -- Up-to-date: /home/locobot/Documents/kobuki/install/include/eigen3/Eigen/src/Core/DiagonalMatrix.h
[2.606s] -- Up-to-date: /home/locobot/Documents/kobuki/install/include/eigen3/Eigen/src/Core/Dot.h
[2.607s] -- Up-to-date: /home/locobot/Documents/kobuki/install/include/eigen3/Eigen/src/Core/Swap.h
[2.607s] -- Up-to-date: /home/locobot/Documents/kobuki/install/include/eigen3/Eigen/src/Core/Visitor.h
[2.607s] -- Up-to-date: /home/locobot/Documents/kobuki/install/include/eigen3/Eigen/src/Core/StableNorm.h
[2.607s] -- Up-to-date: /home/locobot/Documents/kobuki/install/include/eigen3/Eigen/src/Core/BandMatrix.h
[2.607s] -- Up-to-date: /home/locobot/Documents/kobuki/install/include/eigen3/Eigen/src/Core/Stride.h
[2.607s] -- Up-to-date: /home/locobot/Documents/kobuki/install/include/eigen3/Eigen/src/Core/GeneralProduct.h
[2.607s] -- Up-to-date: /home/locobot/Documents/kobuki/install/include/eigen3/Eigen/src/Core/DenseStorage.h
[2.607s] -- Up-to-date: /home/locobot/Documents/kobuki/install/include/eigen3/Eigen/src/Core/MathFunctions.h
[2.607s] -- Up-to-date: /home/locobot/Documents/kobuki/install/include/eigen3/Eigen/src/Core/Random.h
[2.608s] -- Up-to-date: /home/locobot/Documents/kobuki/install/include/eigen3/Eigen/src/Core/NumTraits.h
[2.608s] -- Up-to-date: /home/locobot/Documents/kobuki/install/include/eigen3/Eigen/src/Core/MatrixBase.h
[2.608s] -- Up-to-date: /home/locobot/Documents/kobuki/install/include/eigen3/Eigen/src/Core/EigenBase.h
[2.608s] -- Up-to-date: /home/locobot/Documents/kobuki/install/include/eigen3/Eigen/src/Core/ForceAlignedAccess.h
[2.608s] -- Up-to-date: /home/locobot/Documents/kobuki/install/include/eigen3/Eigen/src/Core/MathFunctionsImpl.h
[2.608s] -- Up-to-date: /home/locobot/Documents/kobuki/install/include/eigen3/Eigen/src/Core/ConditionEstimator.h
[2.608s] -- Up-to-date: /home/locobot/Documents/kobuki/install/include/eigen3/Eigen/src/Core/Transpose.h
[2.608s] -- Up-to-date: /home/locobot/Documents/kobuki/install/include/eigen3/Eigen/src/Core/arch
[2.608s] -- Up-to-date: /home/locobot/Documents/kobuki/install/include/eigen3/Eigen/src/Core/arch/AVX512
[2.609s] -- Up-to-date: /home/locobot/Documents/kobuki/install/include/eigen3/Eigen/src/Core/arch/AVX512/MathFunctions.h
[2.623s] -- Up-to-date: /home/locobot/Documents/kobuki/install/include/eigen3/Eigen/src/Core/arch/AVX512/PacketMath.h
[2.623s] -- Up-to-date: /home/locobot/Documents/kobuki/install/include/eigen3/Eigen/src/Core/arch/Default
[2.623s] -- Up-to-date: /home/locobot/Documents/kobuki/install/include/eigen3/Eigen/src/Core/arch/Default/GenericPacketMathFunctions.h
[2.623s] -- Up-to-date: /home/locobot/Documents/kobuki/install/include/eigen3/Eigen/src/Core/arch/Default/Settings.h
[2.623s] -- Up-to-date: /home/locobot/Documents/kobuki/install/include/eigen3/Eigen/src/Core/arch/Default/ConjHelper.h
[2.623s] -- Up-to-date: /home/locobot/Documents/kobuki/install/include/eigen3/Eigen/src/Core/arch/ZVector
[2.624s] -- Up-to-date: /home/locobot/Documents/kobuki/install/include/eigen3/Eigen/src/Core/arch/ZVector/Complex.h
[2.624s] -- Up-to-date: /home/locobot/Documents/kobuki/install/include/eigen3/Eigen/src/Core/arch/ZVector/MathFunctions.h
[2.624s] -- Up-to-date: /home/locobot/Documents/kobuki/install/include/eigen3/Eigen/src/Core/arch/ZVector/PacketMath.h
[2.624s] -- Up-to-date: /home/locobot/Documents/kobuki/install/include/eigen3/Eigen/src/Core/arch/CUDA
[2.624s] -- Up-to-date: /home/locobot/Documents/kobuki/install/include/eigen3/Eigen/src/Core/arch/CUDA/TypeCasting.h
[2.624s] -- Up-to-date: /home/locobot/Documents/kobuki/install/include/eigen3/Eigen/src/Core/arch/CUDA/PacketMathHalf.h
[2.624s] -- Up-to-date: /home/locobot/Documents/kobuki/install/include/eigen3/Eigen/src/Core/arch/CUDA/Complex.h
[2.624s] -- Up-to-date: /home/locobot/Documents/kobuki/install/include/eigen3/Eigen/src/Core/arch/CUDA/MathFunctions.h
[2.624s] -- Up-to-date: /home/locobot/Documents/kobuki/install/include/eigen3/Eigen/src/Core/arch/CUDA/Half.h
[2.625s] -- Up-to-date: /home/locobot/Documents/kobuki/install/include/eigen3/Eigen/src/Core/arch/CUDA/PacketMath.h
[2.636s] -- Up-to-date: /home/locobot/Documents/kobuki/install/include/eigen3/Eigen/src/Core/arch/AltiVec
[2.636s] -- Up-to-date: /home/locobot/Documents/kobuki/install/include/eigen3/Eigen/src/Core/arch/AltiVec/Complex.h
[2.636s] -- Up-to-date: /home/locobot/Documents/kobuki/install/include/eigen3/Eigen/src/Core/arch/AltiVec/MathFunctions.h
[2.636s] -- Up-to-date: /home/locobot/Documents/kobuki/install/include/eigen3/Eigen/src/Core/arch/AltiVec/PacketMath.h
[2.636s] -- Up-to-date: /home/locobot/Documents/kobuki/install/include/eigen3/Eigen/src/Core/arch/AVX
[2.636s] -- Up-to-date: /home/locobot/Documents/kobuki/install/include/eigen3/Eigen/src/Core/arch/AVX/TypeCasting.h
[2.636s] -- Up-to-date: /home/locobot/Documents/kobuki/install/include/eigen3/Eigen/src/Core/arch/AVX/Complex.h
[2.636s] -- Up-to-date: /home/locobot/Documents/kobuki/install/include/eigen3/Eigen/src/Core/arch/AVX/MathFunctions.h
[2.636s] -- Up-to-date: /home/locobot/Documents/kobuki/install/include/eigen3/Eigen/src/Core/arch/AVX/PacketMath.h
[2.637s] -- Up-to-date: /home/locobot/Documents/kobuki/install/include/eigen3/Eigen/src/Core/arch/SSE
[2.637s] -- Up-to-date: /home/locobot/Documents/kobuki/install/include/eigen3/Eigen/src/Core/arch/SSE/TypeCasting.h
[2.637s] -- Up-to-date: /home/locobot/Documents/kobuki/install/include/eigen3/Eigen/src/Core/arch/SSE/Complex.h
[2.637s] -- Up-to-date: /home/locobot/Documents/kobuki/install/include/eigen3/Eigen/src/Core/arch/SSE/MathFunctions.h
[2.637s] -- Up-to-date: /home/locobot/Documents/kobuki/install/include/eigen3/Eigen/src/Core/arch/SSE/PacketMath.h
[2.637s] -- Up-to-date: /home/locobot/Documents/kobuki/install/include/eigen3/Eigen/src/Core/arch/NEON
[2.637s] -- Up-to-date: /home/locobot/Documents/kobuki/install/include/eigen3/Eigen/src/Core/arch/NEON/Complex.h
[2.637s] -- Up-to-date: /home/locobot/Documents/kobuki/install/include/eigen3/Eigen/src/Core/arch/NEON/MathFunctions.h
[2.637s] -- Up-to-date: /home/locobot/Documents/kobuki/install/include/eigen3/Eigen/src/Core/arch/NEON/PacketMath.h
[2.637s] -- Up-to-date: /home/locobot/Documents/kobuki/install/include/eigen3/Eigen/src/Core/CwiseTernaryOp.h
[2.637s] -- Up-to-date: /home/locobot/Documents/kobuki/install/include/eigen3/Eigen/src/Core/Ref.h
[2.638s] -- Up-to-date: /home/locobot/Documents/kobuki/install/include/eigen3/Eigen/src/Core/DiagonalProduct.h
[2.638s] -- Up-to-date: /home/locobot/Documents/kobuki/install/include/eigen3/Eigen/src/Core/AssignEvaluator.h
[2.638s] -- Up-to-date: /home/locobot/Documents/kobuki/install/include/eigen3/Eigen/src/Core/IO.h
[2.638s] -- Up-to-date: /home/locobot/Documents/kobuki/install/include/eigen3/Eigen/src/Core/SolveTriangular.h
[2.638s] -- Up-to-date: /home/locobot/Documents/kobuki/install/include/eigen3/Eigen/src/Core/NoAlias.h
[2.638s] -- Up-to-date: /home/locobot/Documents/kobuki/install/include/eigen3/Eigen/src/Core/SelfCwiseBinaryOp.h
[2.638s] -- Up-to-date: /home/locobot/Documents/kobuki/install/include/eigen3/Eigen/src/Core/DenseBase.h
[2.638s] -- Up-to-date: /home/locobot/Documents/kobuki/install/include/eigen3/Eigen/src/Core/Fuzzy.h
[2.638s] -- Up-to-date: /home/locobot/Documents/kobuki/install/include/eigen3/Eigen/src/Core/MapBase.h
[2.639s] -- Up-to-date: /home/locobot/Documents/kobuki/install/include/eigen3/Eigen/src/Core/DenseCoeffsBase.h
[2.639s] -- Up-to-date: /home/locobot/Documents/kobuki/install/include/eigen3/Eigen/src/Core/GlobalFunctions.h
[2.639s] -- Up-to-date: /home/locobot/Documents/kobuki/install/include/eigen3/Eigen/src/Core/NestByValue.h
[2.639s] -- Up-to-date: /home/locobot/Documents/kobuki/install/include/eigen3/Eigen/src/Core/util
[2.639s] -- Up-to-date: /home/locobot/Documents/kobuki/install/include/eigen3/Eigen/src/Core/util/BlasUtil.h
[2.639s] -- Up-to-date: /home/locobot/Documents/kobuki/install/include/eigen3/Eigen/src/Core/util/Macros.h
[2.639s] -- Up-to-date: /home/locobot/Documents/kobuki/install/include/eigen3/Eigen/src/Core/util/Constants.h
[2.639s] -- Up-to-date: /home/locobot/Documents/kobuki/install/include/eigen3/Eigen/src/Core/util/Memory.h
[2.639s] -- Up-to-date: /home/locobot/Documents/kobuki/install/include/eigen3/Eigen/src/Core/util/Meta.h
[2.639s] -- Up-to-date: /home/locobot/Documents/kobuki/install/include/eigen3/Eigen/src/Core/util/ConfigureVectorization.h
[2.639s] -- Up-to-date: /home/locobot/Documents/kobuki/install/include/eigen3/Eigen/src/Core/util/MKL_support.h
[2.640s] -- Up-to-date: /home/locobot/Documents/kobuki/install/include/eigen3/Eigen/src/Core/util/ForwardDeclarations.h
[2.640s] -- Up-to-date: /home/locobot/Documents/kobuki/install/include/eigen3/Eigen/src/Core/util/ReenableStupidWarnings.h
[2.640s] -- Up-to-date: /home/locobot/Documents/kobuki/install/include/eigen3/Eigen/src/Core/util/DisableStupidWarnings.h
[2.640s] -- Up-to-date: /home/locobot/Documents/kobuki/install/include/eigen3/Eigen/src/Core/util/StaticAssert.h
[2.640s] -- Up-to-date: /home/locobot/Documents/kobuki/install/include/eigen3/Eigen/src/Core/util/NonMPL2.h
[2.640s] -- Up-to-date: /home/locobot/Documents/kobuki/install/include/eigen3/Eigen/src/Core/util/XprHelper.h
[2.640s] -- Up-to-date: /home/locobot/Documents/kobuki/install/include/eigen3/Eigen/src/Core/Replicate.h
[2.640s] -- Up-to-date: /home/locobot/Documents/kobuki/install/include/eigen3/Eigen/src/Core/CwiseBinaryOp.h
[2.640s] -- Up-to-date: /home/locobot/Documents/kobuki/install/include/eigen3/Eigen/src/Core/CwiseUnaryView.h
[2.640s] -- Up-to-date: /home/locobot/Documents/kobuki/install/include/eigen3/Eigen/src/Core/Block.h
[2.641s] -- Up-to-date: /home/locobot/Documents/kobuki/install/include/eigen3/Eigen/src/Core/CommaInitializer.h
[2.673s] -- Up-to-date: /home/locobot/Documents/kobuki/install/include/eigen3/Eigen/src/Core/Diagonal.h
[2.673s] -- Up-to-date: /home/locobot/Documents/kobuki/install/include/eigen3/Eigen/src/Core/Select.h
[2.673s] -- Up-to-date: /home/locobot/Documents/kobuki/install/include/eigen3/Eigen/src/Core/Redux.h
[2.673s] -- Up-to-date: /home/locobot/Documents/kobuki/install/include/eigen3/Eigen/src/Core/products
[2.673s] -- Up-to-date: /home/locobot/Documents/kobuki/install/include/eigen3/Eigen/src/Core/products/TriangularSolverVector.h
[2.673s] -- Up-to-date: /home/locobot/Documents/kobuki/install/include/eigen3/Eigen/src/Core/products/SelfadjointRank2Update.h
[2.673s] -- Up-to-date: /home/locobot/Documents/kobuki/install/include/eigen3/Eigen/src/Core/products/TriangularSolverMatrix_BLAS.h
[2.673s] -- Up-to-date: /home/locobot/Documents/kobuki/install/include/eigen3/Eigen/src/Core/products/TriangularMatrixMatrix_BLAS.h
[2.674s] -- Up-to-date: /home/locobot/Documents/kobuki/install/include/eigen3/Eigen/src/Core/products/SelfadjointMatrixMatrix.h
[2.674s] -- Up-to-date: /home/locobot/Documents/kobuki/install/include/eigen3/Eigen/src/Core/products/GeneralMatrixVector_BLAS.h
[2.674s] -- Up-to-date: /home/locobot/Documents/kobuki/install/include/eigen3/Eigen/src/Core/products/GeneralBlockPanelKernel.h
[2.674s] -- Up-to-date: /home/locobot/Documents/kobuki/install/include/eigen3/Eigen/src/Core/products/SelfadjointMatrixMatrix_BLAS.h
[2.674s] -- Up-to-date: /home/locobot/Documents/kobuki/install/include/eigen3/Eigen/src/Core/products/SelfadjointMatrixVector_BLAS.h
[2.674s] -- Up-to-date: /home/locobot/Documents/kobuki/install/include/eigen3/Eigen/src/Core/products/SelfadjointProduct.h
[2.674s] -- Up-to-date: /home/locobot/Documents/kobuki/install/include/eigen3/Eigen/src/Core/products/SelfadjointMatrixVector.h
[2.674s] -- Up-to-date: /home/locobot/Documents/kobuki/install/include/eigen3/Eigen/src/Core/products/GeneralMatrixVector.h
[2.674s] -- Up-to-date: /home/locobot/Documents/kobuki/install/include/eigen3/Eigen/src/Core/products/TriangularMatrixMatrix.h
[2.675s] -- Up-to-date: /home/locobot/Documents/kobuki/install/include/eigen3/Eigen/src/Core/products/TriangularMatrixVector.h
[2.675s] -- Up-to-date: /home/locobot/Documents/kobuki/install/include/eigen3/Eigen/src/Core/products/TriangularMatrixVector_BLAS.h
[2.675s] -- Up-to-date: /home/locobot/Documents/kobuki/install/include/eigen3/Eigen/src/Core/products/TriangularSolverMatrix.h
[2.675s] -- Up-to-date: /home/locobot/Documents/kobuki/install/include/eigen3/Eigen/src/Core/products/Parallelizer.h
[2.675s] -- Up-to-date: /home/locobot/Documents/kobuki/install/include/eigen3/Eigen/src/Core/products/GeneralMatrixMatrix.h
[2.675s] -- Up-to-date: /home/locobot/Documents/kobuki/install/include/eigen3/Eigen/src/Core/products/GeneralMatrixMatrixTriangular.h
[2.675s] -- Up-to-date: /home/locobot/Documents/kobuki/install/include/eigen3/Eigen/src/Core/products/GeneralMatrixMatrix_BLAS.h
[2.675s] -- Up-to-date: /home/locobot/Documents/kobuki/install/include/eigen3/Eigen/src/Core/products/GeneralMatrixMatrixTriangular_BLAS.h
[2.675s] -- Up-to-date: /home/locobot/Documents/kobuki/install/include/eigen3/Eigen/src/Core/GenericPacketMath.h
[2.675s] -- Up-to-date: /home/locobot/Documents/kobuki/install/include/eigen3/Eigen/src/Core/CoreEvaluators.h
[2.676s] -- Up-to-date: /home/locobot/Documents/kobuki/install/include/eigen3/Eigen/src/Core/ArrayWrapper.h
[2.676s] -- Up-to-date: /home/locobot/Documents/kobuki/install/include/eigen3/Eigen/src/Core/SelfAdjointView.h
[2.676s] -- Up-to-date: /home/locobot/Documents/kobuki/install/include/eigen3/Eigen/src/Core/Reverse.h
[2.676s] -- Up-to-date: /home/locobot/Documents/kobuki/install/include/eigen3/Eigen/src/Core/SolverBase.h
[2.676s] -- Up-to-date: /home/locobot/Documents/kobuki/install/include/eigen3/Eigen/src/Core/Array.h
[2.676s] -- Up-to-date: /home/locobot/Documents/kobuki/install/include/eigen3/Eigen/src/Core/PermutationMatrix.h
[2.676s] -- Up-to-date: /home/locobot/Documents/kobuki/install/include/eigen3/Eigen/src/Core/functors
[2.676s] -- Up-to-date: /home/locobot/Documents/kobuki/install/include/eigen3/Eigen/src/Core/functors/BinaryFunctors.h
[2.676s] -- Up-to-date: /home/locobot/Documents/kobuki/install/include/eigen3/Eigen/src/Core/functors/UnaryFunctors.h
[2.676s] -- Up-to-date: /home/locobot/Documents/kobuki/install/include/eigen3/Eigen/src/Core/functors/TernaryFunctors.h
[2.677s] -- Up-to-date: /home/locobot/Documents/kobuki/install/include/eigen3/Eigen/src/Core/functors/StlFunctors.h
[2.677s] -- Up-to-date: /home/locobot/Documents/kobuki/install/include/eigen3/Eigen/src/Core/functors/NullaryFunctors.h
[2.677s] -- Up-to-date: /home/locobot/Documents/kobuki/install/include/eigen3/Eigen/src/Core/functors/AssignmentFunctors.h
[2.677s] -- Up-to-date: /home/locobot/Documents/kobuki/install/include/eigen3/Eigen/src/Core/Assign_MKL.h
[2.677s] -- Up-to-date: /home/locobot/Documents/kobuki/install/include/eigen3/Eigen/src/Core/Inverse.h
[2.677s] -- Up-to-date: /home/locobot/Documents/kobuki/install/include/eigen3/Eigen/src/Core/BooleanRedux.h
[2.677s] -- Up-to-date: /home/locobot/Documents/kobuki/install/include/eigen3/Eigen/src/Core/CwiseNullaryOp.h
[2.677s] -- Up-to-date: /home/locobot/Documents/kobuki/install/include/eigen3/unsupported/Eigen/AdolcForward
[2.677s] -- Up-to-date: /home/locobot/Documents/kobuki/install/include/eigen3/unsupported/Eigen/AlignedVector3
[2.677s] -- Up-to-date: /home/locobot/Documents/kobuki/install/include/eigen3/unsupported/Eigen/ArpackSupport
[2.678s] -- Up-to-date: /home/locobot/Documents/kobuki/install/include/eigen3/unsupported/Eigen/AutoDiff
[2.678s] -- Up-to-date: /home/locobot/Documents/kobuki/install/include/eigen3/unsupported/Eigen/BVH
[2.678s] -- Up-to-date: /home/locobot/Documents/kobuki/install/include/eigen3/unsupported/Eigen/EulerAngles
[2.678s] -- Up-to-date: /home/locobot/Documents/kobuki/install/include/eigen3/unsupported/Eigen/FFT
[2.678s] -- Up-to-date: /home/locobot/Documents/kobuki/install/include/eigen3/unsupported/Eigen/IterativeSolvers
[2.678s] -- Up-to-date: /home/locobot/Documents/kobuki/install/include/eigen3/unsupported/Eigen/KroneckerProduct
[2.678s] -- Up-to-date: /home/locobot/Documents/kobuki/install/include/eigen3/unsupported/Eigen/LevenbergMarquardt
[2.678s] -- Up-to-date: /home/locobot/Documents/kobuki/install/include/eigen3/unsupported/Eigen/MatrixFunctions
[2.679s] -- Up-to-date: /home/locobot/Documents/kobuki/install/include/eigen3/unsupported/Eigen/MoreVectorization
[2.679s] -- Up-to-date: /home/locobot/Documents/kobuki/install/include/eigen3/unsupported/Eigen/MPRealSupport
[2.679s] -- Up-to-date: /home/locobot/Documents/kobuki/install/include/eigen3/unsupported/Eigen/NonLinearOptimization
[2.679s] -- Up-to-date: /home/locobot/Documents/kobuki/install/include/eigen3/unsupported/Eigen/NumericalDiff
[2.679s] -- Up-to-date: /home/locobot/Documents/kobuki/install/include/eigen3/unsupported/Eigen/OpenGLSupport
[2.679s] -- Up-to-date: /home/locobot/Documents/kobuki/install/include/eigen3/unsupported/Eigen/Polynomials
[2.679s] -- Up-to-date: /home/locobot/Documents/kobuki/install/include/eigen3/unsupported/Eigen/Skyline
[2.679s] -- Up-to-date: /home/locobot/Documents/kobuki/install/include/eigen3/unsupported/Eigen/SparseExtra
[2.679s] -- Up-to-date: /home/locobot/Documents/kobuki/install/include/eigen3/unsupported/Eigen/SpecialFunctions
[2.679s] -- Up-to-date: /home/locobot/Documents/kobuki/install/include/eigen3/unsupported/Eigen/Splines
[2.679s] -- Up-to-date: /home/locobot/Documents/kobuki/install/include/eigen3/unsupported/Eigen/src
[2.680s] -- Up-to-date: /home/locobot/Documents/kobuki/install/include/eigen3/unsupported/Eigen/src/BVH
[2.680s] -- Up-to-date: /home/locobot/Documents/kobuki/install/include/eigen3/unsupported/Eigen/src/BVH/KdBVH.h
[2.680s] -- Up-to-date: /home/locobot/Documents/kobuki/install/include/eigen3/unsupported/Eigen/src/BVH/BVAlgorithms.h
[2.680s] -- Up-to-date: /home/locobot/Documents/kobuki/install/include/eigen3/unsupported/Eigen/src/Polynomials
[2.680s] -- Up-to-date: /home/locobot/Documents/kobuki/install/include/eigen3/unsupported/Eigen/src/Polynomials/PolynomialSolver.h
[2.680s] -- Up-to-date: /home/locobot/Documents/kobuki/install/include/eigen3/unsupported/Eigen/src/Polynomials/Companion.h
[2.680s] -- Up-to-date: /home/locobot/Documents/kobuki/install/include/eigen3/unsupported/Eigen/src/Polynomials/PolynomialUtils.h
[2.680s] -- Up-to-date: /home/locobot/Documents/kobuki/install/include/eigen3/unsupported/Eigen/src/FFT
[2.680s] -- Up-to-date: /home/locobot/Documents/kobuki/install/include/eigen3/unsupported/Eigen/src/FFT/ei_kissfft_impl.h
[2.680s] -- Up-to-date: /home/locobot/Documents/kobuki/install/include/eigen3/unsupported/Eigen/src/FFT/ei_fftw_impl.h
[2.681s] -- Up-to-date: /home/locobot/Documents/kobuki/install/include/eigen3/unsupported/Eigen/src/Eigenvalues
[2.694s] -- Up-to-date: /home/locobot/Documents/kobuki/install/include/eigen3/unsupported/Eigen/src/Eigenvalues/ArpackSelfAdjointEigenSolver.h
[2.701s] -- Up-to-date: /home/locobot/Documents/kobuki/install/include/eigen3/unsupported/Eigen/src/AutoDiff
[2.702s] -- Up-to-date: /home/locobot/Documents/kobuki/install/include/eigen3/unsupported/Eigen/src/AutoDiff/AutoDiffScalar.h
[2.702s] -- Up-to-date: /home/locobot/Documents/kobuki/install/include/eigen3/unsupported/Eigen/src/AutoDiff/AutoDiffVector.h
[2.702s] -- Up-to-date: /home/locobot/Documents/kobuki/install/include/eigen3/unsupported/Eigen/src/AutoDiff/AutoDiffJacobian.h
[2.703s] -- Up-to-date: /home/locobot/Documents/kobuki/install/include/eigen3/unsupported/Eigen/src/MatrixFunctions
[2.703s] -- Up-to-date: /home/locobot/Documents/kobuki/install/include/eigen3/unsupported/Eigen/src/MatrixFunctions/MatrixExponential.h
[2.703s] -- Up-to-date: /home/locobot/Documents/kobuki/install/include/eigen3/unsupported/Eigen/src/MatrixFunctions/MatrixFunction.h
[2.704s] -- Up-to-date: /home/locobot/Documents/kobuki/install/include/eigen3/unsupported/Eigen/src/MatrixFunctions/StemFunction.h
[2.704s] -- Up-to-date: /home/locobot/Documents/kobuki/install/include/eigen3/unsupported/Eigen/src/MatrixFunctions/MatrixLogarithm.h
[2.704s] -- Up-to-date: /home/locobot/Documents/kobuki/install/include/eigen3/unsupported/Eigen/src/MatrixFunctions/MatrixSquareRoot.h
[2.704s] -- Up-to-date: /home/locobot/Documents/kobuki/install/include/eigen3/unsupported/Eigen/src/MatrixFunctions/MatrixPower.h
[2.705s] -- Up-to-date: /home/locobot/Documents/kobuki/install/include/eigen3/unsupported/Eigen/src/IterativeSolvers
[2.709s] -- Up-to-date: /home/locobot/Documents/kobuki/install/include/eigen3/unsupported/Eigen/src/IterativeSolvers/DGMRES.h
[2.710s] -- Up-to-date: /home/locobot/Documents/kobuki/install/include/eigen3/unsupported/Eigen/src/IterativeSolvers/Scaling.h
[2.710s] -- Up-to-date: /home/locobot/Documents/kobuki/install/include/eigen3/unsupported/Eigen/src/IterativeSolvers/MINRES.h
[2.711s] -- Up-to-date: /home/locobot/Documents/kobuki/install/include/eigen3/unsupported/Eigen/src/IterativeSolvers/ConstrainedConjGrad.h
[2.711s] -- Up-to-date: /home/locobot/Documents/kobuki/install/include/eigen3/unsupported/Eigen/src/IterativeSolvers/IncompleteLU.h
[2.711s] -- Up-to-date: /home/locobot/Documents/kobuki/install/include/eigen3/unsupported/Eigen/src/IterativeSolvers/IterationController.h
[2.711s] -- Up-to-date: /home/locobot/Documents/kobuki/install/include/eigen3/unsupported/Eigen/src/IterativeSolvers/GMRES.h
[2.711s] -- Up-to-date: /home/locobot/Documents/kobuki/install/include/eigen3/unsupported/Eigen/src/Splines
[2.712s] -- Up-to-date: /home/locobot/Documents/kobuki/install/include/eigen3/unsupported/Eigen/src/Splines/SplineFitting.h
[2.712s] -- Up-to-date: /home/locobot/Documents/kobuki/install/include/eigen3/unsupported/Eigen/src/Splines/SplineFwd.h
[2.712s] -- Up-to-date: /home/locobot/Documents/kobuki/install/include/eigen3/unsupported/Eigen/src/Splines/Spline.h
[2.712s] -- Up-to-date: /home/locobot/Documents/kobuki/install/include/eigen3/unsupported/Eigen/src/LevenbergMarquardt
[2.713s] -- Up-to-date: /home/locobot/Documents/kobuki/install/include/eigen3/unsupported/Eigen/src/LevenbergMarquardt/LMpar.h
[2.714s] -- Up-to-date: /home/locobot/Documents/kobuki/install/include/eigen3/unsupported/Eigen/src/LevenbergMarquardt/LevenbergMarquardt.h
[2.714s] -- Up-to-date: /home/locobot/Documents/kobuki/install/include/eigen3/unsupported/Eigen/src/LevenbergMarquardt/LMcovar.h
[2.714s] -- Up-to-date: /home/locobot/Documents/kobuki/install/include/eigen3/unsupported/Eigen/src/LevenbergMarquardt/LMonestep.h
[2.714s] -- Up-to-date: /home/locobot/Documents/kobuki/install/include/eigen3/unsupported/Eigen/src/LevenbergMarquardt/LMqrsolv.h
[2.717s] -- Up-to-date: /home/locobot/Documents/kobuki/install/include/eigen3/unsupported/Eigen/src/NumericalDiff
[2.718s] -- Up-to-date: /home/locobot/Documents/kobuki/install/include/eigen3/unsupported/Eigen/src/NumericalDiff/NumericalDiff.h
[2.718s] -- Up-to-date: /home/locobot/Documents/kobuki/install/include/eigen3/unsupported/Eigen/src/MoreVectorization
[2.718s] -- Up-to-date: /home/locobot/Documents/kobuki/install/include/eigen3/unsupported/Eigen/src/MoreVectorization/MathFunctions.h
[2.719s] -- Up-to-date: /home/locobot/Documents/kobuki/install/include/eigen3/unsupported/Eigen/src/NonLinearOptimization
[2.719s] -- Up-to-date: /home/locobot/Documents/kobuki/install/include/eigen3/unsupported/Eigen/src/NonLinearOptimization/HybridNonLinearSolver.h
[2.720s] -- Up-to-date: /home/locobot/Documents/kobuki/install/include/eigen3/unsupported/Eigen/src/NonLinearOptimization/rwupdt.h
[2.720s] -- Up-to-date: /home/locobot/Documents/kobuki/install/include/eigen3/unsupported/Eigen/src/NonLinearOptimization/LevenbergMarquardt.h
[2.721s] -- Up-to-date: /home/locobot/Documents/kobuki/install/include/eigen3/unsupported/Eigen/src/NonLinearOptimization/fdjac1.h
[2.721s] -- Up-to-date: /home/locobot/Documents/kobuki/install/include/eigen3/unsupported/Eigen/src/NonLinearOptimization/covar.h
[2.721s] -- Up-to-date: /home/locobot/Documents/kobuki/install/include/eigen3/unsupported/Eigen/src/NonLinearOptimization/dogleg.h
[2.721s] -- Up-to-date: /home/locobot/Documents/kobuki/install/include/eigen3/unsupported/Eigen/src/NonLinearOptimization/chkder.h
[2.721s] -- Up-to-date: /home/locobot/Documents/kobuki/install/include/eigen3/unsupported/Eigen/src/NonLinearOptimization/r1mpyq.h
[2.721s] -- Up-to-date: /home/locobot/Documents/kobuki/install/include/eigen3/unsupported/Eigen/src/NonLinearOptimization/lmpar.h
[2.721s] -- Up-to-date: /home/locobot/Documents/kobuki/install/include/eigen3/unsupported/Eigen/src/NonLinearOptimization/qrsolv.h
[2.721s] -- Up-to-date: /home/locobot/Documents/kobuki/install/include/eigen3/unsupported/Eigen/src/NonLinearOptimization/r1updt.h
[2.722s] -- Up-to-date: /home/locobot/Documents/kobuki/install/include/eigen3/unsupported/Eigen/src/Skyline
[2.722s] -- Up-to-date: /home/locobot/Documents/kobuki/install/include/eigen3/unsupported/Eigen/src/Skyline/SkylineStorage.h
[2.722s] -- Up-to-date: /home/locobot/Documents/kobuki/install/include/eigen3/unsupported/Eigen/src/Skyline/SkylineInplaceLU.h
[2.722s] -- Up-to-date: /home/locobot/Documents/kobuki/install/include/eigen3/unsupported/Eigen/src/Skyline/SkylineProduct.h
[2.722s] -- Up-to-date: /home/locobot/Documents/kobuki/install/include/eigen3/unsupported/Eigen/src/Skyline/SkylineMatrix.h
[2.722s] -- Up-to-date: /home/locobot/Documents/kobuki/install/include/eigen3/unsupported/Eigen/src/Skyline/SkylineMatrixBase.h
[2.722s] -- Up-to-date: /home/locobot/Documents/kobuki/install/include/eigen3/unsupported/Eigen/src/Skyline/SkylineUtil.h
[2.722s] -- Up-to-date: /home/locobot/Documents/kobuki/install/include/eigen3/unsupported/Eigen/src/KroneckerProduct
[2.722s] -- Up-to-date: /home/locobot/Documents/kobuki/install/include/eigen3/unsupported/Eigen/src/KroneckerProduct/KroneckerTensorProduct.h
[2.722s] -- Up-to-date: /home/locobot/Documents/kobuki/install/include/eigen3/unsupported/Eigen/src/SpecialFunctions
[2.725s] -- Up-to-date: /home/locobot/Documents/kobuki/install/include/eigen3/unsupported/Eigen/src/SpecialFunctions/SpecialFunctionsArrayAPI.h
[2.725s] -- Up-to-date: /home/locobot/Documents/kobuki/install/include/eigen3/unsupported/Eigen/src/SpecialFunctions/SpecialFunctionsImpl.h
[2.725s] -- Up-to-date: /home/locobot/Documents/kobuki/install/include/eigen3/unsupported/Eigen/src/SpecialFunctions/SpecialFunctionsFunctors.h
[2.725s] -- Up-to-date: /home/locobot/Documents/kobuki/install/include/eigen3/unsupported/Eigen/src/SpecialFunctions/arch
[2.725s] -- Up-to-date: /home/locobot/Documents/kobuki/install/include/eigen3/unsupported/Eigen/src/SpecialFunctions/arch/CUDA
[2.725s] -- Up-to-date: /home/locobot/Documents/kobuki/install/include/eigen3/unsupported/Eigen/src/SpecialFunctions/arch/CUDA/CudaSpecialFunctions.h
[2.726s] -- Up-to-date: /home/locobot/Documents/kobuki/install/include/eigen3/unsupported/Eigen/src/SpecialFunctions/SpecialFunctionsHalf.h
[2.726s] -- Up-to-date: /home/locobot/Documents/kobuki/install/include/eigen3/unsupported/Eigen/src/SpecialFunctions/SpecialFunctionsPacketMath.h
[2.726s] -- Up-to-date: /home/locobot/Documents/kobuki/install/include/eigen3/unsupported/Eigen/src/EulerAngles
[2.726s] -- Up-to-date: /home/locobot/Documents/kobuki/install/include/eigen3/unsupported/Eigen/src/EulerAngles/EulerSystem.h
[2.726s] -- Up-to-date: /home/locobot/Documents/kobuki/install/include/eigen3/unsupported/Eigen/src/EulerAngles/EulerAngles.h
[2.726s] -- Up-to-date: /home/locobot/Documents/kobuki/install/include/eigen3/unsupported/Eigen/src/SparseExtra
[2.726s] -- Up-to-date: /home/locobot/Documents/kobuki/install/include/eigen3/unsupported/Eigen/src/SparseExtra/BlockSparseMatrix.h
[2.727s] -- Up-to-date: /home/locobot/Documents/kobuki/install/include/eigen3/unsupported/Eigen/src/SparseExtra/RandomSetter.h
[2.727s] -- Up-to-date: /home/locobot/Documents/kobuki/install/include/eigen3/unsupported/Eigen/src/SparseExtra/BlockOfDynamicSparseMatrix.h
[2.727s] -- Up-to-date: /home/locobot/Documents/kobuki/install/include/eigen3/unsupported/Eigen/src/SparseExtra/DynamicSparseMatrix.h
[2.727s] -- Up-to-date: /home/locobot/Documents/kobuki/install/include/eigen3/unsupported/Eigen/src/SparseExtra/MarketIO.h
[2.727s] -- Up-to-date: /home/locobot/Documents/kobuki/install/include/eigen3/unsupported/Eigen/src/SparseExtra/MatrixMarketIterator.h
[2.727s] -- Up-to-date: /home/locobot/Documents/kobuki/install/include/eigen3/unsupported/Eigen/CXX11/Tensor
[2.727s] -- Up-to-date: /home/locobot/Documents/kobuki/install/include/eigen3/unsupported/Eigen/CXX11/TensorSymmetry
[2.728s] -- Up-to-date: /home/locobot/Documents/kobuki/install/include/eigen3/unsupported/Eigen/CXX11/ThreadPool
[2.728s] -- Up-to-date: /home/locobot/Documents/kobuki/install/include/eigen3/unsupported/Eigen/CXX11/src
[2.728s] -- Up-to-date: /home/locobot/Documents/kobuki/install/include/eigen3/unsupported/Eigen/CXX11/src/ThreadPool
[2.728s] -- Up-to-date: /home/locobot/Documents/kobuki/install/include/eigen3/unsupported/Eigen/CXX11/src/ThreadPool/SimpleThreadPool.h
[2.728s] -- Up-to-date: /home/locobot/Documents/kobuki/install/include/eigen3/unsupported/Eigen/CXX11/src/ThreadPool/EventCount.h
[2.728s] -- Up-to-date: /home/locobot/Documents/kobuki/install/include/eigen3/unsupported/Eigen/CXX11/src/ThreadPool/ThreadEnvironment.h
[2.728s] -- Up-to-date: /home/locobot/Documents/kobuki/install/include/eigen3/unsupported/Eigen/CXX11/src/ThreadPool/RunQueue.h
[2.728s] -- Up-to-date: /home/locobot/Documents/kobuki/install/include/eigen3/unsupported/Eigen/CXX11/src/ThreadPool/NonBlockingThreadPool.h
[2.729s] -- Up-to-date: /home/locobot/Documents/kobuki/install/include/eigen3/unsupported/Eigen/CXX11/src/ThreadPool/ThreadPoolInterface.h
[2.749s] -- Up-to-date: /home/locobot/Documents/kobuki/install/include/eigen3/unsupported/Eigen/CXX11/src/ThreadPool/ThreadLocal.h
[2.749s] -- Up-to-date: /home/locobot/Documents/kobuki/install/include/eigen3/unsupported/Eigen/CXX11/src/ThreadPool/ThreadYield.h
[2.749s] -- Up-to-date: /home/locobot/Documents/kobuki/install/include/eigen3/unsupported/Eigen/CXX11/src/util
[2.749s] -- Up-to-date: /home/locobot/Documents/kobuki/install/include/eigen3/unsupported/Eigen/CXX11/src/util/CXX11Workarounds.h
[2.749s] -- Up-to-date: /home/locobot/Documents/kobuki/install/include/eigen3/unsupported/Eigen/CXX11/src/util/CXX11Meta.h
[2.749s] -- Up-to-date: /home/locobot/Documents/kobuki/install/include/eigen3/unsupported/Eigen/CXX11/src/util/MaxSizeVector.h
[2.749s] -- Up-to-date: /home/locobot/Documents/kobuki/install/include/eigen3/unsupported/Eigen/CXX11/src/util/EmulateCXX11Meta.h
[2.750s] -- Up-to-date: /home/locobot/Documents/kobuki/install/include/eigen3/unsupported/Eigen/CXX11/src/util/EmulateArray.h
[2.750s] -- Up-to-date: /home/locobot/Documents/kobuki/install/include/eigen3/unsupported/Eigen/CXX11/src/TensorSymmetry
[2.750s] -- Up-to-date: /home/locobot/Documents/kobuki/install/include/eigen3/unsupported/Eigen/CXX11/src/TensorSymmetry/DynamicSymmetry.h
[2.750s] -- Up-to-date: /home/locobot/Documents/kobuki/install/include/eigen3/unsupported/Eigen/CXX11/src/TensorSymmetry/StaticSymmetry.h
[2.750s] -- Up-to-date: /home/locobot/Documents/kobuki/install/include/eigen3/unsupported/Eigen/CXX11/src/TensorSymmetry/Symmetry.h
[2.750s] -- Up-to-date: /home/locobot/Documents/kobuki/install/include/eigen3/unsupported/Eigen/CXX11/src/TensorSymmetry/util
[2.750s] -- Up-to-date: /home/locobot/Documents/kobuki/install/include/eigen3/unsupported/Eigen/CXX11/src/TensorSymmetry/util/TemplateGroupTheory.h
[2.750s] -- Up-to-date: /home/locobot/Documents/kobuki/install/include/eigen3/unsupported/Eigen/CXX11/src/Tensor
[2.750s] -- Up-to-date: /home/locobot/Documents/kobuki/install/include/eigen3/unsupported/Eigen/CXX11/src/Tensor/TensorSycl.h
[2.750s] -- Up-to-date: /home/locobot/Documents/kobuki/install/include/eigen3/unsupported/Eigen/CXX11/src/Tensor/TensorPadding.h
[2.751s] -- Up-to-date: /home/locobot/Documents/kobuki/install/include/eigen3/unsupported/Eigen/CXX11/src/Tensor/TensorContractionBlocking.h
[2.751s] -- Up-to-date: /home/locobot/Documents/kobuki/install/include/eigen3/unsupported/Eigen/CXX11/src/Tensor/TensorAssign.h
[2.751s] -- Up-to-date: /home/locobot/Documents/kobuki/install/include/eigen3/unsupported/Eigen/CXX11/src/Tensor/TensorForcedEval.h
[2.751s] -- Up-to-date: /home/locobot/Documents/kobuki/install/include/eigen3/unsupported/Eigen/CXX11/src/Tensor/TensorReverse.h
[2.751s] -- Up-to-date: /home/locobot/Documents/kobuki/install/include/eigen3/unsupported/Eigen/CXX11/src/Tensor/TensorFFT.h
[2.751s] -- Up-to-date: /home/locobot/Documents/kobuki/install/include/eigen3/unsupported/Eigen/CXX11/src/Tensor/TensorDimensionList.h
[2.751s] -- Up-to-date: /home/locobot/Documents/kobuki/install/include/eigen3/unsupported/Eigen/CXX11/src/Tensor/TensorSyclConvertToDeviceExpression.h
[2.752s] -- Up-to-date: /home/locobot/Documents/kobuki/install/include/eigen3/unsupported/Eigen/CXX11/src/Tensor/TensorExecutor.h
[2.752s] -- Up-to-date: /home/locobot/Documents/kobuki/install/include/eigen3/unsupported/Eigen/CXX11/src/Tensor/TensorStriding.h
[2.752s] -- Up-to-date: /home/locobot/Documents/kobuki/install/include/eigen3/unsupported/Eigen/CXX11/src/Tensor/TensorIndexList.h
[2.752s] -- Up-to-date: /home/locobot/Documents/kobuki/install/include/eigen3/unsupported/Eigen/CXX11/src/Tensor/TensorChipping.h
[2.752s] -- Up-to-date: /home/locobot/Documents/kobuki/install/include/eigen3/unsupported/Eigen/CXX11/src/Tensor/TensorReduction.h
[2.752s] -- Up-to-date: /home/locobot/Documents/kobuki/install/include/eigen3/unsupported/Eigen/CXX11/src/Tensor/TensorSyclTuple.h
[2.752s] -- Up-to-date: /home/locobot/Documents/kobuki/install/include/eigen3/unsupported/Eigen/CXX11/src/Tensor/TensorDeviceCuda.h
[2.753s] -- Up-to-date: /home/locobot/Documents/kobuki/install/include/eigen3/unsupported/Eigen/CXX11/src/Tensor/TensorVolumePatch.h
[2.753s] -- Up-to-date: /home/locobot/Documents/kobuki/install/include/eigen3/unsupported/Eigen/CXX11/src/Tensor/TensorContractionMapper.h
[2.753s] -- Up-to-date: /home/locobot/Documents/kobuki/install/include/eigen3/unsupported/Eigen/CXX11/src/Tensor/TensorCustomOp.h
[2.753s] -- Up-to-date: /home/locobot/Documents/kobuki/install/include/eigen3/unsupported/Eigen/CXX11/src/Tensor/TensorDeviceSycl.h
[2.753s] -- Up-to-date: /home/locobot/Documents/kobuki/install/include/eigen3/unsupported/Eigen/CXX11/src/Tensor/TensorEvaluator.h
[2.753s] -- Up-to-date: /home/locobot/Documents/kobuki/install/include/eigen3/unsupported/Eigen/CXX11/src/Tensor/TensorDimensions.h
[2.753s] -- Up-to-date: /home/locobot/Documents/kobuki/install/include/eigen3/unsupported/Eigen/CXX11/src/Tensor/TensorRef.h
[2.753s] -- Up-to-date: /home/locobot/Documents/kobuki/install/include/eigen3/unsupported/Eigen/CXX11/src/Tensor/TensorMorphing.h
[2.754s] -- Up-to-date: /home/locobot/Documents/kobuki/install/include/eigen3/unsupported/Eigen/CXX11/src/Tensor/TensorContractionCuda.h
[2.754s] -- Up-to-date: /home/locobot/Documents/kobuki/install/include/eigen3/unsupported/Eigen/CXX11/src/Tensor/TensorImagePatch.h
[2.754s] -- Up-to-date: /home/locobot/Documents/kobuki/install/include/eigen3/unsupported/Eigen/CXX11/src/Tensor/TensorForwardDeclarations.h
[2.754s] -- Up-to-date: /home/locobot/Documents/kobuki/install/include/eigen3/unsupported/Eigen/CXX11/src/Tensor/TensorBroadcasting.h
[2.754s] -- Up-to-date: /home/locobot/Documents/kobuki/install/include/eigen3/unsupported/Eigen/CXX11/src/Tensor/TensorSyclExtractAccessor.h
[2.754s] -- Up-to-date: /home/locobot/Documents/kobuki/install/include/eigen3/unsupported/Eigen/CXX11/src/Tensor/TensorMacros.h
[2.754s] -- Up-to-date: /home/locobot/Documents/kobuki/install/include/eigen3/unsupported/Eigen/CXX11/src/Tensor/TensorMeta.h
[2.755s] -- Up-to-date: /home/locobot/Documents/kobuki/install/include/eigen3/unsupported/Eigen/CXX11/src/Tensor/TensorIntDiv.h
[2.769s] -- Up-to-date: /home/locobot/Documents/kobuki/install/include/eigen3/unsupported/Eigen/CXX11/src/Tensor/TensorStorage.h
[2.769s] -- Up-to-date: /home/locobot/Documents/kobuki/install/include/eigen3/unsupported/Eigen/CXX11/src/Tensor/TensorCostModel.h
[2.770s] -- Up-to-date: /home/locobot/Documents/kobuki/install/include/eigen3/unsupported/Eigen/CXX11/src/Tensor/TensorFunctors.h
[2.770s] -- Up-to-date: /home/locobot/Documents/kobuki/install/include/eigen3/unsupported/Eigen/CXX11/src/Tensor/TensorScan.h
[2.770s] -- Up-to-date: /home/locobot/Documents/kobuki/install/include/eigen3/unsupported/Eigen/CXX11/src/Tensor/TensorSyclExtractFunctors.h
[2.770s] -- Up-to-date: /home/locobot/Documents/kobuki/install/include/eigen3/unsupported/Eigen/CXX11/src/Tensor/TensorUInt128.h
[2.770s] -- Up-to-date: /home/locobot/Documents/kobuki/install/include/eigen3/unsupported/Eigen/CXX11/src/Tensor/TensorLayoutSwap.h
[2.770s] -- Up-to-date: /home/locobot/Documents/kobuki/install/include/eigen3/unsupported/Eigen/CXX11/src/Tensor/TensorInitializer.h
[2.770s] -- Up-to-date: /home/locobot/Documents/kobuki/install/include/eigen3/unsupported/Eigen/CXX11/src/Tensor/TensorFixedSize.h
[2.770s] -- Up-to-date: /home/locobot/Documents/kobuki/install/include/eigen3/unsupported/Eigen/CXX11/src/Tensor/TensorConvolution.h
[2.771s] -- Up-to-date: /home/locobot/Documents/kobuki/install/include/eigen3/unsupported/Eigen/CXX11/src/Tensor/TensorDeviceDefault.h
[2.771s] -- Up-to-date: /home/locobot/Documents/kobuki/install/include/eigen3/unsupported/Eigen/CXX11/src/Tensor/TensorContraction.h
[2.771s] -- Up-to-date: /home/locobot/Documents/kobuki/install/include/eigen3/unsupported/Eigen/CXX11/src/Tensor/TensorGlobalFunctions.h
[2.771s] -- Up-to-date: /home/locobot/Documents/kobuki/install/include/eigen3/unsupported/Eigen/CXX11/src/Tensor/TensorEvalTo.h
[2.771s] -- Up-to-date: /home/locobot/Documents/kobuki/install/include/eigen3/unsupported/Eigen/CXX11/src/Tensor/TensorMap.h
[2.771s] -- Up-to-date: /home/locobot/Documents/kobuki/install/include/eigen3/unsupported/Eigen/CXX11/src/Tensor/TensorDeviceThreadPool.h
[2.771s] -- Up-to-date: /home/locobot/Documents/kobuki/install/include/eigen3/unsupported/Eigen/CXX11/src/Tensor/TensorDevice.h
[2.772s] -- Up-to-date: /home/locobot/Documents/kobuki/install/include/eigen3/unsupported/Eigen/CXX11/src/Tensor/TensorRandom.h
[2.772s] -- Up-to-date: /home/locobot/Documents/kobuki/install/include/eigen3/unsupported/Eigen/CXX11/src/Tensor/TensorContractionThreadPool.h
[2.772s] -- Up-to-date: /home/locobot/Documents/kobuki/install/include/eigen3/unsupported/Eigen/CXX11/src/Tensor/TensorReductionCuda.h
[2.772s] -- Up-to-date: /home/locobot/Documents/kobuki/install/include/eigen3/unsupported/Eigen/CXX11/src/Tensor/TensorShuffling.h
[2.772s] -- Up-to-date: /home/locobot/Documents/kobuki/install/include/eigen3/unsupported/Eigen/CXX11/src/Tensor/TensorIO.h
[2.772s] -- Up-to-date: /home/locobot/Documents/kobuki/install/include/eigen3/unsupported/Eigen/CXX11/src/Tensor/TensorSyclLeafCount.h
[2.772s] -- Up-to-date: /home/locobot/Documents/kobuki/install/include/eigen3/unsupported/Eigen/CXX11/src/Tensor/Tensor.h
[2.773s] -- Up-to-date: /home/locobot/Documents/kobuki/install/include/eigen3/unsupported/Eigen/CXX11/src/Tensor/TensorInflation.h
[2.773s] -- Up-to-date: /home/locobot/Documents/kobuki/install/include/eigen3/unsupported/Eigen/CXX11/src/Tensor/TensorReductionSycl.h
[2.773s] -- Up-to-date: /home/locobot/Documents/kobuki/install/include/eigen3/unsupported/Eigen/CXX11/src/Tensor/TensorSyclExprConstructor.h
[2.773s] -- Up-to-date: /home/locobot/Documents/kobuki/install/include/eigen3/unsupported/Eigen/CXX11/src/Tensor/TensorBase.h
[2.774s] -- Up-to-date: /home/locobot/Documents/kobuki/install/include/eigen3/unsupported/Eigen/CXX11/src/Tensor/TensorConcatenation.h
[2.774s] -- Up-to-date: /home/locobot/Documents/kobuki/install/include/eigen3/unsupported/Eigen/CXX11/src/Tensor/TensorArgMax.h
[2.774s] -- Up-to-date: /home/locobot/Documents/kobuki/install/include/eigen3/unsupported/Eigen/CXX11/src/Tensor/TensorTraits.h
[2.774s] -- Up-to-date: /home/locobot/Documents/kobuki/install/include/eigen3/unsupported/Eigen/CXX11/src/Tensor/TensorExpr.h
[2.774s] -- Up-to-date: /home/locobot/Documents/kobuki/install/include/eigen3/unsupported/Eigen/CXX11/src/Tensor/TensorConversion.h
[2.774s] -- Up-to-date: /home/locobot/Documents/kobuki/install/include/eigen3/unsupported/Eigen/CXX11/src/Tensor/TensorPatch.h
[2.774s] -- Up-to-date: /home/locobot/Documents/kobuki/install/include/eigen3/unsupported/Eigen/CXX11/src/Tensor/TensorSyclPlaceHolderExpr.h
[2.775s] -- Up-to-date: /home/locobot/Documents/kobuki/install/include/eigen3/unsupported/Eigen/CXX11/src/Tensor/TensorGenerator.h
[2.775s] -- Up-to-date: /home/locobot/Documents/kobuki/install/include/eigen3/unsupported/Eigen/CXX11/src/Tensor/TensorSyclRun.h
[2.775s] Invoked command in '/home/locobot/Documents/kobuki/build/eigen' returned '0': /usr/bin/cmake --install /home/locobot/Documents/kobuki/build/eigen
