[0.154s] Invoking command in '/home/locobot/Documents/kobuki/build/kobuki_core': AMENT_PREFIX_PATH=/home/locobot/Documents/kobuki/install CMAKE_PREFIX_PATH=/home/locobot/Documents/kobuki/install LD_LIBRARY_PATH=/home/locobot/Documents/kobuki/install/lib PATH=/home/locobot/Documents/kobuki/install/bin:${PATH} PKG_CONFIG_PATH=/home/locobot/Documents/kobuki/install/lib/x86_64-linux-gnu/pkgconfig:/home/locobot/Documents/kobuki/install/lib/pkgconfig PYTHONPATH=/home/locobot/Documents/kobuki/install/lib/python3.8/site-packages /usr/bin/cmake /home/locobot/Documents/kobuki/src/kobuki_core -DBUILD_TESTING=OFF -DCMAKE_INSTALL_PREFIX=/home/locobot/Documents/kobuki/install
[0.168s] -- Found ament_cmake_ros: 0.9.2 (/home/locobot/Documents/kobuki/install/share/ament_cmake_ros/cmake)
[0.185s] -- Using PYTHON_EXECUTABLE: /usr/bin/python3
[0.323s] -- Found ecl_build: 1.0.3 (/home/locobot/Documents/kobuki/install/share/ecl_build/cmake)
[0.329s] -- Found ecl_command_line: 1.2.1 (/home/locobot/Documents/kobuki/install/share/ecl_command_line/cmake)
[0.331s] -- Found ecl_config: 1.1.0 (/home/locobot/Documents/kobuki/install/share/ecl_config/cmake)
[0.333s] -- Found ecl_console: 1.1.0 (/home/locobot/Documents/kobuki/install/share/ecl_console/cmake)
[0.337s] -- Found ecl_converters: 1.2.1 (/home/locobot/Documents/kobuki/install/share/ecl_converters/cmake)
[0.363s] -- Found ecl_devices: 1.2.1 (/home/locobot/Documents/kobuki/install/share/ecl_devices/cmake)
[0.396s] -- Found ecl_geometry: 1.2.1 (/home/locobot/Documents/kobuki/install/share/ecl_geometry/cmake)
[0.414s] -- Found ecl_mobile_robot: 1.2.1 (/home/locobot/Documents/kobuki/install/share/ecl_mobile_robot/cmake)
[0.420s] -- Found ecl_sigslots: 1.2.1 (/home/locobot/Documents/kobuki/install/share/ecl_sigslots/cmake)
[0.515s] -- Configuring done
[0.545s] -- Generating done
[0.559s] -- Build files have been written to: /home/locobot/Documents/kobuki/build/kobuki_core
[0.564s] Invoked command in '/home/locobot/Documents/kobuki/build/kobuki_core' returned '0': AMENT_PREFIX_PATH=/home/locobot/Documents/kobuki/install CMAKE_PREFIX_PATH=/home/locobot/Documents/kobuki/install LD_LIBRARY_PATH=/home/locobot/Documents/kobuki/install/lib PATH=/home/locobot/Documents/kobuki/install/bin:${PATH} PKG_CONFIG_PATH=/home/locobot/Documents/kobuki/install/lib/x86_64-linux-gnu/pkgconfig:/home/locobot/Documents/kobuki/install/lib/pkgconfig PYTHONPATH=/home/locobot/Documents/kobuki/install/lib/python3.8/site-packages /usr/bin/cmake /home/locobot/Documents/kobuki/src/kobuki_core -DBUILD_TESTING=OFF -DCMAKE_INSTALL_PREFIX=/home/locobot/Documents/kobuki/install
[0.568s] Invoking command in '/home/locobot/Documents/kobuki/build/kobuki_core': AMENT_PREFIX_PATH=/home/locobot/Documents/kobuki/install CMAKE_PREFIX_PATH=/home/locobot/Documents/kobuki/install LD_LIBRARY_PATH=/home/locobot/Documents/kobuki/install/lib PATH=/home/locobot/Documents/kobuki/install/bin:${PATH} PKG_CONFIG_PATH=/home/locobot/Documents/kobuki/install/lib/x86_64-linux-gnu/pkgconfig:/home/locobot/Documents/kobuki/install/lib/pkgconfig PYTHONPATH=/home/locobot/Documents/kobuki/install/lib/python3.8/site-packages /usr/bin/cmake --build /home/locobot/Documents/kobuki/build/kobuki_core -- -j4 -l4
[0.640s] [ 43%] Built target kobuki_core
[0.683s] [ 50%] Built target kobuki_core_demo_buttons
[0.688s] [ 62%] Built target kobuki_core_demo_custom_logging
[0.688s] [ 62%] Built target kobuki_core_demo_raw_data_stream
[0.728s] [ 68%] Built target kobuki_core_demo_data_stream
[0.733s] [ 75%] Built target kobuki_core_demo_chirp
[0.740s] [ 81%] Built target kobuki_core_demo_simple_loop
[0.756s] [ 87%] Built target kobuki_core_demo_velocity_commands
[0.776s] [ 93%] Built target kobuki_core_tool_simple_keyop
[0.780s] [100%] Built target kobuki_core_tool_version_info
[0.792s] Invoked command in '/home/locobot/Documents/kobuki/build/kobuki_core' returned '0': AMENT_PREFIX_PATH=/home/locobot/Documents/kobuki/install CMAKE_PREFIX_PATH=/home/locobot/Documents/kobuki/install LD_LIBRARY_PATH=/home/locobot/Documents/kobuki/install/lib PATH=/home/locobot/Documents/kobuki/install/bin:${PATH} PKG_CONFIG_PATH=/home/locobot/Documents/kobuki/install/lib/x86_64-linux-gnu/pkgconfig:/home/locobot/Documents/kobuki/install/lib/pkgconfig PYTHONPATH=/home/locobot/Documents/kobuki/install/lib/python3.8/site-packages /usr/bin/cmake --build /home/locobot/Documents/kobuki/build/kobuki_core -- -j4 -l4
[0.805s] Invoking command in '/home/locobot/Documents/kobuki/build/kobuki_core': AMENT_PREFIX_PATH=/home/locobot/Documents/kobuki/install CMAKE_PREFIX_PATH=/home/locobot/Documents/kobuki/install LD_LIBRARY_PATH=/home/locobot/Documents/kobuki/install/lib PATH=/home/locobot/Documents/kobuki/install/bin:${PATH} PKG_CONFIG_PATH=/home/locobot/Documents/kobuki/install/lib/x86_64-linux-gnu/pkgconfig:/home/locobot/Documents/kobuki/install/lib/pkgconfig PYTHONPATH=/home/locobot/Documents/kobuki/install/lib/python3.8/site-packages /usr/bin/cmake --install /home/locobot/Documents/kobuki/build/kobuki_core
[0.815s] -- Install configuration: ""
[0.816s] -- Up-to-date: /home/locobot/Documents/kobuki/install/include
[0.816s] -- Up-to-date: /home/locobot/Documents/kobuki/install/include/kobuki_core
[0.816s] -- Up-to-date: /home/locobot/Documents/kobuki/install/include/kobuki_core/logging.hpp
[0.816s] -- Up-to-date: /home/locobot/Documents/kobuki/install/include/kobuki_core/version_info.hpp
[0.816s] -- Up-to-date: /home/locobot/Documents/kobuki/install/include/kobuki_core/packets
[0.816s] -- Up-to-date: /home/locobot/Documents/kobuki/install/include/kobuki_core/packets/unique_device_id.hpp
[0.816s] -- Up-to-date: /home/locobot/Documents/kobuki/install/include/kobuki_core/packets/core_sensors.hpp
[0.816s] -- Up-to-date: /home/locobot/Documents/kobuki/install/include/kobuki_core/packets/three_axis_gyro.hpp
[0.817s] -- Up-to-date: /home/locobot/Documents/kobuki/install/include/kobuki_core/packets/cliff.hpp
[0.817s] -- Up-to-date: /home/locobot/Documents/kobuki/install/include/kobuki_core/packets/eeprom.hpp
[0.817s] -- Up-to-date: /home/locobot/Documents/kobuki/install/include/kobuki_core/packets/inertia.hpp
[0.817s] -- Up-to-date: /home/locobot/Documents/kobuki/install/include/kobuki_core/packets/hardware.hpp
[0.817s] -- Up-to-date: /home/locobot/Documents/kobuki/install/include/kobuki_core/packets/controller_info.hpp
[0.818s] -- Up-to-date: /home/locobot/Documents/kobuki/install/include/kobuki_core/packets/current.hpp
[0.818s] -- Up-to-date: /home/locobot/Documents/kobuki/install/include/kobuki_core/packets/gp_input.hpp
[0.818s] -- Up-to-date: /home/locobot/Documents/kobuki/install/include/kobuki_core/packets/firmware.hpp
[0.818s] -- Up-to-date: /home/locobot/Documents/kobuki/install/include/kobuki_core/packets/dock_ir.hpp
[0.818s] -- Up-to-date: /home/locobot/Documents/kobuki/install/include/kobuki_core/packet_handler
[0.818s] -- Up-to-date: /home/locobot/Documents/kobuki/install/include/kobuki_core/packet_handler/payload_base.hpp
[0.819s] -- Up-to-date: /home/locobot/Documents/kobuki/install/include/kobuki_core/packet_handler/packet_finder.hpp
[0.819s] -- Up-to-date: /home/locobot/Documents/kobuki/install/include/kobuki_core/packet_handler/payload_headers.hpp
[0.819s] -- Up-to-date: /home/locobot/Documents/kobuki/install/include/kobuki_core/command.hpp
[0.819s] -- Up-to-date: /home/locobot/Documents/kobuki/install/include/kobuki_core/macros.hpp
[0.819s] -- Up-to-date: /home/locobot/Documents/kobuki/install/include/kobuki_core/event_manager.hpp
[0.819s] -- Up-to-date: /home/locobot/Documents/kobuki/install/include/kobuki_core/kobuki.hpp
[0.820s] -- Up-to-date: /home/locobot/Documents/kobuki/install/include/kobuki_core/modules
[0.820s] -- Up-to-date: /home/locobot/Documents/kobuki/install/include/kobuki_core/modules/diff_drive.hpp
[0.820s] -- Up-to-date: /home/locobot/Documents/kobuki/install/include/kobuki_core/modules/digital_output.hpp
[0.820s] -- Up-to-date: /home/locobot/Documents/kobuki/install/include/kobuki_core/modules/acceleration_limiter.hpp
[0.821s] -- Up-to-date: /home/locobot/Documents/kobuki/install/include/kobuki_core/modules/battery.hpp
[0.821s] -- Up-to-date: /home/locobot/Documents/kobuki/install/include/kobuki_core/modules/led_array.hpp
[0.821s] -- Up-to-date: /home/locobot/Documents/kobuki/install/include/kobuki_core/modules/sound.hpp
[0.821s] -- Up-to-date: /home/locobot/Documents/kobuki/install/include/kobuki_core/modules.hpp
[0.821s] -- Up-to-date: /home/locobot/Documents/kobuki/install/include/kobuki_core/packets.hpp
[0.822s] -- Up-to-date: /home/locobot/Documents/kobuki/install/include/kobuki_core/dock_drive.hpp
[0.822s] -- Up-to-date: /home/locobot/Documents/kobuki/install/include/kobuki_core/parameters.hpp
[0.822s] -- Up-to-date: /home/locobot/Documents/kobuki/install/include/CMakeLists.txt
[0.822s] -- Up-to-date: /home/locobot/Documents/kobuki/install/share/kobuki_core/environment/library_path.sh
[0.822s] -- Installing: /home/locobot/Documents/kobuki/install/share/kobuki_core/environment/library_path.dsv
[0.822s] -- Up-to-date: /home/locobot/Documents/kobuki/install/share/ament_index/resource_index/package_run_dependencies/kobuki_core
[0.823s] -- Up-to-date: /home/locobot/Documents/kobuki/install/share/ament_index/resource_index/parent_prefix_path/kobuki_core
[0.823s] -- Up-to-date: /home/locobot/Documents/kobuki/install/share/kobuki_core/environment/ament_prefix_path.sh
[0.823s] -- Installing: /home/locobot/Documents/kobuki/install/share/kobuki_core/environment/ament_prefix_path.dsv
[0.823s] -- Up-to-date: /home/locobot/Documents/kobuki/install/share/kobuki_core/environment/path.sh
[0.823s] -- Installing: /home/locobot/Documents/kobuki/install/share/kobuki_core/environment/path.dsv
[0.823s] -- Up-to-date: /home/locobot/Documents/kobuki/install/share/kobuki_core/local_setup.bash
[0.823s] -- Up-to-date: /home/locobot/Documents/kobuki/install/share/kobuki_core/local_setup.sh
[0.823s] -- Up-to-date: /home/locobot/Documents/kobuki/install/share/kobuki_core/local_setup.zsh
[0.823s] -- Installing: /home/locobot/Documents/kobuki/install/share/kobuki_core/local_setup.dsv
[0.825s] -- Installing: /home/locobot/Documents/kobuki/install/share/kobuki_core/package.dsv
[0.825s] -- Up-to-date: /home/locobot/Documents/kobuki/install/share/ament_index/resource_index/packages/kobuki_core
[0.825s] -- Up-to-date: /home/locobot/Documents/kobuki/install/share/kobuki_core/cmake/kobuki_coreExport.cmake
[0.825s] -- Installing: /home/locobot/Documents/kobuki/install/share/kobuki_core/cmake/kobuki_coreExport-noconfig.cmake
[0.825s] -- Up-to-date: /home/locobot/Documents/kobuki/install/share/kobuki_core/cmake/ament_cmake_export_targets-extras.cmake
[0.825s] -- Up-to-date: /home/locobot/Documents/kobuki/install/share/kobuki_core/cmake/ament_cmake_export_dependencies-extras.cmake
[0.826s] -- Up-to-date: /home/locobot/Documents/kobuki/install/share/kobuki_core/cmake/ament_cmake_export_include_directories-extras.cmake
[0.826s] -- Up-to-date: /home/locobot/Documents/kobuki/install/share/kobuki_core/cmake/ament_cmake_export_libraries-extras.cmake
[0.826s] -- Up-to-date: /home/locobot/Documents/kobuki/install/share/kobuki_core/cmake/kobuki_coreConfig.cmake
[0.826s] -- Up-to-date: /home/locobot/Documents/kobuki/install/share/kobuki_core/cmake/kobuki_coreConfig-version.cmake
[0.826s] -- Up-to-date: /home/locobot/Documents/kobuki/install/share/kobuki_core/package.xml
[0.826s] -- Up-to-date: /home/locobot/Documents/kobuki/install/include/kobuki_core
[0.827s] -- Up-to-date: /home/locobot/Documents/kobuki/install/include/kobuki_core/logging.hpp
[0.827s] -- Up-to-date: /home/locobot/Documents/kobuki/install/include/kobuki_core/version_info.hpp
[0.827s] -- Up-to-date: /home/locobot/Documents/kobuki/install/include/kobuki_core/packets
[0.827s] -- Up-to-date: /home/locobot/Documents/kobuki/install/include/kobuki_core/packets/unique_device_id.hpp
[0.827s] -- Up-to-date: /home/locobot/Documents/kobuki/install/include/kobuki_core/packets/core_sensors.hpp
[0.827s] -- Up-to-date: /home/locobot/Documents/kobuki/install/include/kobuki_core/packets/three_axis_gyro.hpp
[0.828s] -- Up-to-date: /home/locobot/Documents/kobuki/install/include/kobuki_core/packets/cliff.hpp
[0.828s] -- Up-to-date: /home/locobot/Documents/kobuki/install/include/kobuki_core/packets/eeprom.hpp
[0.828s] -- Up-to-date: /home/locobot/Documents/kobuki/install/include/kobuki_core/packets/inertia.hpp
[0.828s] -- Up-to-date: /home/locobot/Documents/kobuki/install/include/kobuki_core/packets/hardware.hpp
[0.828s] -- Up-to-date: /home/locobot/Documents/kobuki/install/include/kobuki_core/packets/controller_info.hpp
[0.828s] -- Up-to-date: /home/locobot/Documents/kobuki/install/include/kobuki_core/packets/current.hpp
[0.829s] -- Up-to-date: /home/locobot/Documents/kobuki/install/include/kobuki_core/packets/gp_input.hpp
[0.829s] -- Up-to-date: /home/locobot/Documents/kobuki/install/include/kobuki_core/packets/firmware.hpp
[0.829s] -- Up-to-date: /home/locobot/Documents/kobuki/install/include/kobuki_core/packets/dock_ir.hpp
[0.829s] -- Up-to-date: /home/locobot/Documents/kobuki/install/include/kobuki_core/packet_handler
[0.829s] -- Up-to-date: /home/locobot/Documents/kobuki/install/include/kobuki_core/packet_handler/payload_base.hpp
[0.829s] -- Up-to-date: /home/locobot/Documents/kobuki/install/include/kobuki_core/packet_handler/packet_finder.hpp
[0.829s] -- Up-to-date: /home/locobot/Documents/kobuki/install/include/kobuki_core/packet_handler/payload_headers.hpp
[0.829s] -- Up-to-date: /home/locobot/Documents/kobuki/install/include/kobuki_core/command.hpp
[0.830s] -- Up-to-date: /home/locobot/Documents/kobuki/install/include/kobuki_core/macros.hpp
[0.830s] -- Up-to-date: /home/locobot/Documents/kobuki/install/include/kobuki_core/event_manager.hpp
[0.830s] -- Up-to-date: /home/locobot/Documents/kobuki/install/include/kobuki_core/kobuki.hpp
[0.834s] -- Up-to-date: /home/locobot/Documents/kobuki/install/include/kobuki_core/modules
[0.835s] -- Up-to-date: /home/locobot/Documents/kobuki/install/include/kobuki_core/modules/diff_drive.hpp
[0.835s] -- Up-to-date: /home/locobot/Documents/kobuki/install/include/kobuki_core/modules/digital_output.hpp
[0.835s] -- Up-to-date: /home/locobot/Documents/kobuki/install/include/kobuki_core/modules/acceleration_limiter.hpp
[0.835s] -- Up-to-date: /home/locobot/Documents/kobuki/install/include/kobuki_core/modules/battery.hpp
[0.836s] -- Up-to-date: /home/locobot/Documents/kobuki/install/include/kobuki_core/modules/led_array.hpp
[0.836s] -- Up-to-date: /home/locobot/Documents/kobuki/install/include/kobuki_core/modules/sound.hpp
[0.836s] -- Up-to-date: /home/locobot/Documents/kobuki/install/include/kobuki_core/modules.hpp
[0.836s] -- Up-to-date: /home/locobot/Documents/kobuki/install/include/kobuki_core/packets.hpp
[0.836s] -- Up-to-date: /home/locobot/Documents/kobuki/install/include/kobuki_core/dock_drive.hpp
[0.837s] -- Up-to-date: /home/locobot/Documents/kobuki/install/include/kobuki_core/parameters.hpp
[0.837s] -- Up-to-date: /home/locobot/Documents/kobuki/install/lib/libkobuki_core.so.1.3.1
[0.837s] -- Up-to-date: /home/locobot/Documents/kobuki/install/lib/libkobuki_core.so
[0.837s] -- Up-to-date: /home/locobot/Documents/kobuki/install/lib/kobuki_core/demo_chirp
[0.838s] -- Up-to-date: /home/locobot/Documents/kobuki/install/lib/kobuki_core/demo_custom_logging
[0.838s] -- Up-to-date: /home/locobot/Documents/kobuki/install/lib/kobuki_core/demo_buttons
[0.838s] -- Up-to-date: /home/locobot/Documents/kobuki/install/lib/kobuki_core/demo_raw_data_stream
[0.838s] -- Up-to-date: /home/locobot/Documents/kobuki/install/lib/kobuki_core/demo_data_stream
[0.838s] -- Up-to-date: /home/locobot/Documents/kobuki/install/lib/kobuki_core/demo_velocity_commands
[0.838s] -- Up-to-date: /home/locobot/Documents/kobuki/install/lib/kobuki_core/demo_simple_loop
[0.839s] -- Up-to-date: /home/locobot/Documents/kobuki/install/bin/kobuki-version-info
[0.839s] -- Up-to-date: /home/locobot/Documents/kobuki/install/bin/kobuki-simple-keyop
[0.839s] Invoked command in '/home/locobot/Documents/kobuki/build/kobuki_core' returned '0': AMENT_PREFIX_PATH=/home/locobot/Documents/kobuki/install CMAKE_PREFIX_PATH=/home/locobot/Documents/kobuki/install LD_LIBRARY_PATH=/home/locobot/Documents/kobuki/install/lib PATH=/home/locobot/Documents/kobuki/install/bin:${PATH} PKG_CONFIG_PATH=/home/locobot/Documents/kobuki/install/lib/x86_64-linux-gnu/pkgconfig:/home/locobot/Documents/kobuki/install/lib/pkgconfig PYTHONPATH=/home/locobot/Documents/kobuki/install/lib/python3.8/site-packages /usr/bin/cmake --install /home/locobot/Documents/kobuki/build/kobuki_core
