-- The C compiler identification is GNU 9.4.0
-- The CXX compiler identification is GNU 9.4.0
-- Check for working C compiler: /usr/bin/cc
-- Check for working C compiler: /usr/bin/cc -- works
-- Detecting C compiler ABI info
-- Detecting C compiler ABI info - done
-- Detecting C compile features
-- Detecting C compile features - done
-- Check for working CXX compiler: /usr/bin/c++
-- Check for working CXX compiler: /usr/bin/c++ -- works
-- Detecting CXX compiler ABI info
-- Detecting CXX compiler ABI info - done
-- Detecting CXX compile features
-- Detecting CXX compile features - done
-- Found ament_cmake_ros: 0.9.2 (/home/locobot/Documents/kobuki/install/share/ament_cmake_ros/cmake)
-- Found PythonInterp: /usr/bin/python3 (found suitable version "3.8.10", minimum required is "3") 
-- Using PYTHON_EXECUTABLE: /usr/bin/python3
-- Found ecl_build: 1.0.3 (/home/locobot/Documents/kobuki/install/share/ecl_build/cmake)
-- Found ecl_concepts: 1.2.1 (/home/locobot/Documents/kobuki/install/share/ecl_concepts/cmake)
-- Found ecl_converters: 1.2.1 (/home/locobot/Documents/kobuki/install/share/ecl_converters/cmake)
-- Found ecl_devices: 1.2.1 (/home/locobot/Documents/kobuki/install/share/ecl_devices/cmake)
-- Looking for pthread.h
-- Looking for pthread.h - found
-- Performing Test CMAKE_HAVE_LIBC_PTHREAD
-- Performing Test CMAKE_HAVE_LIBC_PTHREAD - Failed
-- Looking for pthread_create in pthreads
-- Looking for pthread_create in pthreads - not found
-- Looking for pthread_create in pthread
-- Looking for pthread_create in pthread - found
-- Found Threads: TRUE  
-- Check if compiler accepts -pthread
-- Check if compiler accepts -pthread - yes
-- Configuring done
-- Generating done
-- Build files have been written to: /home/locobot/Documents/kobuki/build/ecl_streams
[35m[1mScanning dependencies of target ecl_streams[0m
[ 14%] [32mBuilding CXX object src/lib/CMakeFiles/ecl_streams.dir/log_stream.cpp.o[0m
[ 28%] [32mBuilding CXX object src/lib/CMakeFiles/ecl_streams.dir/manipulators.cpp.o[0m
[ 42%] [32m[1mLinking CXX shared library libecl_streams.so[0m
[ 42%] Built target ecl_streams
[35m[1mScanning dependencies of target ecl_time_example_log_streams[0m
[ 57%] [32mBuilding CXX object src/examples/CMakeFiles/ecl_time_example_log_streams.dir/log_streams.cpp.o[0m
[ 71%] [32m[1mLinking CXX executable demo_log_streams[0m
[ 71%] Built target ecl_time_example_log_streams
[35m[1mScanning dependencies of target ecl_time_example_console_streams[0m
[ 85%] [32mBuilding CXX object src/examples/CMakeFiles/ecl_time_example_console_streams.dir/console_streams.cpp.o[0m
[100%] [32m[1mLinking CXX executable demo_console_streams[0m
[100%] Built target ecl_time_example_console_streams
-- Install configuration: ""
-- Installing: /home/locobot/Documents/kobuki/install/share/ecl_streams/environment/library_path.sh
-- Installing: /home/locobot/Documents/kobuki/install/share/ecl_streams/environment/library_path.dsv
-- Installing: /home/locobot/Documents/kobuki/install/share/ament_index/resource_index/package_run_dependencies/ecl_streams
-- Installing: /home/locobot/Documents/kobuki/install/share/ament_index/resource_index/parent_prefix_path/ecl_streams
-- Installing: /home/locobot/Documents/kobuki/install/share/ecl_streams/environment/ament_prefix_path.sh
-- Installing: /home/locobot/Documents/kobuki/install/share/ecl_streams/environment/ament_prefix_path.dsv
-- Installing: /home/locobot/Documents/kobuki/install/share/ecl_streams/environment/path.sh
-- Installing: /home/locobot/Documents/kobuki/install/share/ecl_streams/environment/path.dsv
-- Installing: /home/locobot/Documents/kobuki/install/share/ecl_streams/local_setup.bash
-- Installing: /home/locobot/Documents/kobuki/install/share/ecl_streams/local_setup.sh
-- Installing: /home/locobot/Documents/kobuki/install/share/ecl_streams/local_setup.zsh
-- Installing: /home/locobot/Documents/kobuki/install/share/ecl_streams/local_setup.dsv
-- Installing: /home/locobot/Documents/kobuki/install/share/ecl_streams/package.dsv
-- Installing: /home/locobot/Documents/kobuki/install/share/ament_index/resource_index/packages/ecl_streams
-- Installing: /home/locobot/Documents/kobuki/install/share/ecl_streams/cmake/ecl_streamsExport.cmake
-- Installing: /home/locobot/Documents/kobuki/install/share/ecl_streams/cmake/ecl_streamsExport-noconfig.cmake
-- Installing: /home/locobot/Documents/kobuki/install/share/ecl_streams/cmake/ament_cmake_export_targets-extras.cmake
-- Installing: /home/locobot/Documents/kobuki/install/share/ecl_streams/cmake/ament_cmake_export_include_directories-extras.cmake
-- Installing: /home/locobot/Documents/kobuki/install/share/ecl_streams/cmake/ament_cmake_export_libraries-extras.cmake
-- Installing: /home/locobot/Documents/kobuki/install/share/ecl_streams/cmake/ament_cmake_export_dependencies-extras.cmake
-- Installing: /home/locobot/Documents/kobuki/install/share/ecl_streams/cmake/ecl_streamsConfig.cmake
-- Installing: /home/locobot/Documents/kobuki/install/share/ecl_streams/cmake/ecl_streamsConfig-version.cmake
-- Installing: /home/locobot/Documents/kobuki/install/share/ecl_streams/package.xml
-- Installing: /home/locobot/Documents/kobuki/install/include/ecl/streams.hpp
-- Installing: /home/locobot/Documents/kobuki/install/include/ecl/streams/console_streams.hpp
-- Installing: /home/locobot/Documents/kobuki/install/include/ecl/streams/file_streams.hpp
-- Installing: /home/locobot/Documents/kobuki/install/include/ecl/streams/log_stream.hpp
-- Installing: /home/locobot/Documents/kobuki/install/include/ecl/streams/macros.hpp
-- Installing: /home/locobot/Documents/kobuki/install/include/ecl/streams/manipulators.hpp
-- Installing: /home/locobot/Documents/kobuki/install/include/ecl/streams/serial_stream.hpp
-- Installing: /home/locobot/Documents/kobuki/install/include/ecl/streams/shared_file_stream.hpp
-- Installing: /home/locobot/Documents/kobuki/install/include/ecl/streams/socket_streams.hpp
-- Installing: /home/locobot/Documents/kobuki/install/include/ecl/streams/string_stream.hpp
-- Installing: /home/locobot/Documents/kobuki/install/include/ecl/streams/text_stream.hpp
-- Installing: /home/locobot/Documents/kobuki/install/include/ecl/streams/manipulators/clear_screen.hpp
-- Installing: /home/locobot/Documents/kobuki/install/include/ecl/streams/manipulators/end_of_line.hpp
-- Installing: /home/locobot/Documents/kobuki/install/include/ecl/streams/manipulators/manipulator.hpp
-- Installing: /home/locobot/Documents/kobuki/install/include/ecl/streams/text_streams/base_text_stream.hpp
-- Installing: /home/locobot/Documents/kobuki/install/include/ecl/streams/text_streams/input_text_stream.hpp
-- Installing: /home/locobot/Documents/kobuki/install/include/ecl/streams/text_streams/output_text_stream.hpp
-- Installing: /home/locobot/Documents/kobuki/install/lib/libecl_streams.so.1.2.1
-- Set runtime path of "/home/locobot/Documents/kobuki/install/lib/libecl_streams.so.1.2.1" to ""
-- Installing: /home/locobot/Documents/kobuki/install/lib/libecl_streams.so
-- Installing: /home/locobot/Documents/kobuki/install/lib/ecl_streams/demo_console_streams
-- Set runtime path of "/home/locobot/Documents/kobuki/install/lib/ecl_streams/demo_console_streams" to ""
-- Installing: /home/locobot/Documents/kobuki/install/lib/ecl_streams/demo_log_streams
-- Set runtime path of "/home/locobot/Documents/kobuki/install/lib/ecl_streams/demo_log_streams" to ""
