[0.165s] Invoking command in '/home/locobot/Documents/kobuki/build/ecl_streams': AMENT_PREFIX_PATH=/home/locobot/Documents/kobuki/install CMAKE_PREFIX_PATH=/home/locobot/Documents/kobuki/install LD_LIBRARY_PATH=/home/locobot/Documents/kobuki/install/lib PATH=/home/locobot/Documents/kobuki/install/bin:${PATH} PYTHONPATH=/home/locobot/Documents/kobuki/install/lib/python3.8/site-packages /usr/bin/cmake /home/locobot/Documents/kobuki/src/ecl_core/ecl_streams -DBUILD_TESTING=OFF -DCMAKE_INSTALL_PREFIX=/home/locobot/Documents/kobuki/install
[0.244s] -- The C compiler identification is GNU 9.4.0
[0.328s] -- The CXX compiler identification is GNU 9.4.0
[0.336s] -- Check for working C compiler: /usr/bin/cc
[0.439s] -- Check for working C compiler: /usr/bin/cc -- works
[0.439s] -- Detecting C compiler ABI info
[0.675s] -- Detecting C compiler ABI info - done
[0.715s] -- Detecting C compile features
[0.715s] -- Detecting C compile features - done
[0.715s] -- Check for working CXX compiler: /usr/bin/c++
[0.951s] -- Check for working CXX compiler: /usr/bin/c++ -- works
[0.954s] -- Detecting CXX compiler ABI info
[1.214s] -- Detecting CXX compiler ABI info - done
[1.268s] -- Detecting CXX compile features
[1.268s] -- Detecting CXX compile features - done
[1.270s] -- Found ament_cmake_ros: 0.9.2 (/home/locobot/Documents/kobuki/install/share/ament_cmake_ros/cmake)
[1.332s] -- Found PythonInterp: /usr/bin/python3 (found suitable version "3.8.10", minimum required is "3") 
[1.332s] -- Using PYTHON_EXECUTABLE: /usr/bin/python3
[1.697s] -- Found ecl_build: 1.0.3 (/home/locobot/Documents/kobuki/install/share/ecl_build/cmake)
[1.708s] -- Found ecl_concepts: 1.2.1 (/home/locobot/Documents/kobuki/install/share/ecl_concepts/cmake)
[1.726s] -- Found ecl_converters: 1.2.1 (/home/locobot/Documents/kobuki/install/share/ecl_converters/cmake)
[1.746s] -- Found ecl_devices: 1.2.1 (/home/locobot/Documents/kobuki/install/share/ecl_devices/cmake)
[1.780s] -- Looking for pthread.h
[1.907s] -- Looking for pthread.h - found
[1.908s] -- Performing Test CMAKE_HAVE_LIBC_PTHREAD
[2.131s] -- Performing Test CMAKE_HAVE_LIBC_PTHREAD - Failed
[2.132s] -- Looking for pthread_create in pthreads
[2.271s] -- Looking for pthread_create in pthreads - not found
[2.271s] -- Looking for pthread_create in pthread
[2.371s] -- Looking for pthread_create in pthread - found
[2.372s] -- Found Threads: TRUE  
[2.373s] -- Check if compiler accepts -pthread
[2.478s] -- Check if compiler accepts -pthread - yes
[2.640s] -- Configuring done
[2.660s] -- Generating done
[2.667s] -- Build files have been written to: /home/locobot/Documents/kobuki/build/ecl_streams
[2.679s] Invoked command in '/home/locobot/Documents/kobuki/build/ecl_streams' returned '0': AMENT_PREFIX_PATH=/home/locobot/Documents/kobuki/install CMAKE_PREFIX_PATH=/home/locobot/Documents/kobuki/install LD_LIBRARY_PATH=/home/locobot/Documents/kobuki/install/lib PATH=/home/locobot/Documents/kobuki/install/bin:${PATH} PYTHONPATH=/home/locobot/Documents/kobuki/install/lib/python3.8/site-packages /usr/bin/cmake /home/locobot/Documents/kobuki/src/ecl_core/ecl_streams -DBUILD_TESTING=OFF -DCMAKE_INSTALL_PREFIX=/home/locobot/Documents/kobuki/install
[2.680s] Invoking command in '/home/locobot/Documents/kobuki/build/ecl_streams': AMENT_PREFIX_PATH=/home/locobot/Documents/kobuki/install CMAKE_PREFIX_PATH=/home/locobot/Documents/kobuki/install LD_LIBRARY_PATH=/home/locobot/Documents/kobuki/install/lib PATH=/home/locobot/Documents/kobuki/install/bin:${PATH} PYTHONPATH=/home/locobot/Documents/kobuki/install/lib/python3.8/site-packages /usr/bin/cmake --build /home/locobot/Documents/kobuki/build/ecl_streams -- -j4 -l4
[2.739s] [35m[1mScanning dependencies of target ecl_streams[0m
[2.763s] [ 14%] [32mBuilding CXX object src/lib/CMakeFiles/ecl_streams.dir/log_stream.cpp.o[0m
[3.610s] [ 28%] [32mBuilding CXX object src/lib/CMakeFiles/ecl_streams.dir/manipulators.cpp.o[0m
[4.136s] [ 42%] [32m[1mLinking CXX shared library libecl_streams.so[0m
[4.279s] [ 42%] Built target ecl_streams
[4.293s] [35m[1mScanning dependencies of target ecl_time_example_log_streams[0m
[4.319s] [ 57%] [32mBuilding CXX object src/examples/CMakeFiles/ecl_time_example_log_streams.dir/log_streams.cpp.o[0m
[5.109s] [ 71%] [32m[1mLinking CXX executable demo_log_streams[0m
[5.236s] [ 71%] Built target ecl_time_example_log_streams
[5.250s] [35m[1mScanning dependencies of target ecl_time_example_console_streams[0m
[5.270s] [ 85%] [32mBuilding CXX object src/examples/CMakeFiles/ecl_time_example_console_streams.dir/console_streams.cpp.o[0m
[6.016s] [100%] [32m[1mLinking CXX executable demo_console_streams[0m
[6.138s] [100%] Built target ecl_time_example_console_streams
[6.174s] Invoked command in '/home/locobot/Documents/kobuki/build/ecl_streams' returned '0': AMENT_PREFIX_PATH=/home/locobot/Documents/kobuki/install CMAKE_PREFIX_PATH=/home/locobot/Documents/kobuki/install LD_LIBRARY_PATH=/home/locobot/Documents/kobuki/install/lib PATH=/home/locobot/Documents/kobuki/install/bin:${PATH} PYTHONPATH=/home/locobot/Documents/kobuki/install/lib/python3.8/site-packages /usr/bin/cmake --build /home/locobot/Documents/kobuki/build/ecl_streams -- -j4 -l4
[6.176s] Invoking command in '/home/locobot/Documents/kobuki/build/ecl_streams': AMENT_PREFIX_PATH=/home/locobot/Documents/kobuki/install CMAKE_PREFIX_PATH=/home/locobot/Documents/kobuki/install LD_LIBRARY_PATH=/home/locobot/Documents/kobuki/install/lib PATH=/home/locobot/Documents/kobuki/install/bin:${PATH} PYTHONPATH=/home/locobot/Documents/kobuki/install/lib/python3.8/site-packages /usr/bin/cmake --install /home/locobot/Documents/kobuki/build/ecl_streams
[6.190s] -- Install configuration: ""
[6.190s] -- Installing: /home/locobot/Documents/kobuki/install/share/ecl_streams/environment/library_path.sh
[6.192s] -- Installing: /home/locobot/Documents/kobuki/install/share/ecl_streams/environment/library_path.dsv
[6.193s] -- Installing: /home/locobot/Documents/kobuki/install/share/ament_index/resource_index/package_run_dependencies/ecl_streams
[6.195s] -- Installing: /home/locobot/Documents/kobuki/install/share/ament_index/resource_index/parent_prefix_path/ecl_streams
[6.196s] -- Installing: /home/locobot/Documents/kobuki/install/share/ecl_streams/environment/ament_prefix_path.sh
[6.198s] -- Installing: /home/locobot/Documents/kobuki/install/share/ecl_streams/environment/ament_prefix_path.dsv
[6.199s] -- Installing: /home/locobot/Documents/kobuki/install/share/ecl_streams/environment/path.sh
[6.201s] -- Installing: /home/locobot/Documents/kobuki/install/share/ecl_streams/environment/path.dsv
[6.202s] -- Installing: /home/locobot/Documents/kobuki/install/share/ecl_streams/local_setup.bash
[6.203s] -- Installing: /home/locobot/Documents/kobuki/install/share/ecl_streams/local_setup.sh
[6.205s] -- Installing: /home/locobot/Documents/kobuki/install/share/ecl_streams/local_setup.zsh
[6.206s] -- Installing: /home/locobot/Documents/kobuki/install/share/ecl_streams/local_setup.dsv
[6.207s] -- Installing: /home/locobot/Documents/kobuki/install/share/ecl_streams/package.dsv
[6.209s] -- Installing: /home/locobot/Documents/kobuki/install/share/ament_index/resource_index/packages/ecl_streams
[6.209s] -- Installing: /home/locobot/Documents/kobuki/install/share/ecl_streams/cmake/ecl_streamsExport.cmake
[6.211s] -- Installing: /home/locobot/Documents/kobuki/install/share/ecl_streams/cmake/ecl_streamsExport-noconfig.cmake
[6.212s] -- Installing: /home/locobot/Documents/kobuki/install/share/ecl_streams/cmake/ament_cmake_export_targets-extras.cmake
[6.214s] -- Installing: /home/locobot/Documents/kobuki/install/share/ecl_streams/cmake/ament_cmake_export_include_directories-extras.cmake
[6.216s] -- Installing: /home/locobot/Documents/kobuki/install/share/ecl_streams/cmake/ament_cmake_export_libraries-extras.cmake
[6.217s] -- Installing: /home/locobot/Documents/kobuki/install/share/ecl_streams/cmake/ament_cmake_export_dependencies-extras.cmake
[6.219s] -- Installing: /home/locobot/Documents/kobuki/install/share/ecl_streams/cmake/ecl_streamsConfig.cmake
[6.220s] -- Installing: /home/locobot/Documents/kobuki/install/share/ecl_streams/cmake/ecl_streamsConfig-version.cmake
[6.222s] -- Installing: /home/locobot/Documents/kobuki/install/share/ecl_streams/package.xml
[6.224s] -- Installing: /home/locobot/Documents/kobuki/install/include/ecl/streams.hpp
[6.225s] -- Installing: /home/locobot/Documents/kobuki/install/include/ecl/streams/console_streams.hpp
[6.226s] -- Installing: /home/locobot/Documents/kobuki/install/include/ecl/streams/file_streams.hpp
[6.228s] -- Installing: /home/locobot/Documents/kobuki/install/include/ecl/streams/log_stream.hpp
[6.229s] -- Installing: /home/locobot/Documents/kobuki/install/include/ecl/streams/macros.hpp
[6.230s] -- Installing: /home/locobot/Documents/kobuki/install/include/ecl/streams/manipulators.hpp
[6.231s] -- Installing: /home/locobot/Documents/kobuki/install/include/ecl/streams/serial_stream.hpp
[6.233s] -- Installing: /home/locobot/Documents/kobuki/install/include/ecl/streams/shared_file_stream.hpp
[6.234s] -- Installing: /home/locobot/Documents/kobuki/install/include/ecl/streams/socket_streams.hpp
[6.235s] -- Installing: /home/locobot/Documents/kobuki/install/include/ecl/streams/string_stream.hpp
[6.236s] -- Installing: /home/locobot/Documents/kobuki/install/include/ecl/streams/text_stream.hpp
[6.238s] -- Installing: /home/locobot/Documents/kobuki/install/include/ecl/streams/manipulators/clear_screen.hpp
[6.239s] -- Installing: /home/locobot/Documents/kobuki/install/include/ecl/streams/manipulators/end_of_line.hpp
[6.241s] -- Installing: /home/locobot/Documents/kobuki/install/include/ecl/streams/manipulators/manipulator.hpp
[6.243s] -- Installing: /home/locobot/Documents/kobuki/install/include/ecl/streams/text_streams/base_text_stream.hpp
[6.244s] -- Installing: /home/locobot/Documents/kobuki/install/include/ecl/streams/text_streams/input_text_stream.hpp
[6.246s] -- Installing: /home/locobot/Documents/kobuki/install/include/ecl/streams/text_streams/output_text_stream.hpp
[6.248s] -- Installing: /home/locobot/Documents/kobuki/install/lib/libecl_streams.so.1.2.1
[6.252s] -- Set runtime path of "/home/locobot/Documents/kobuki/install/lib/libecl_streams.so.1.2.1" to ""
[6.253s] -- Installing: /home/locobot/Documents/kobuki/install/lib/libecl_streams.so
[6.254s] -- Installing: /home/locobot/Documents/kobuki/install/lib/ecl_streams/demo_console_streams
[6.258s] -- Set runtime path of "/home/locobot/Documents/kobuki/install/lib/ecl_streams/demo_console_streams" to ""
[6.259s] -- Installing: /home/locobot/Documents/kobuki/install/lib/ecl_streams/demo_log_streams
[6.263s] -- Set runtime path of "/home/locobot/Documents/kobuki/install/lib/ecl_streams/demo_log_streams" to ""
[6.279s] Invoked command in '/home/locobot/Documents/kobuki/build/ecl_streams' returned '0': AMENT_PREFIX_PATH=/home/locobot/Documents/kobuki/install CMAKE_PREFIX_PATH=/home/locobot/Documents/kobuki/install LD_LIBRARY_PATH=/home/locobot/Documents/kobuki/install/lib PATH=/home/locobot/Documents/kobuki/install/bin:${PATH} PYTHONPATH=/home/locobot/Documents/kobuki/install/lib/python3.8/site-packages /usr/bin/cmake --install /home/locobot/Documents/kobuki/build/ecl_streams
