[0.109s] Invoking command in '/home/locobot/Documents/kobuki/build/ament_cmake_export_link_flags': AMENT_PREFIX_PATH=/home/locobot/Documents/kobuki/install CMAKE_PREFIX_PATH=/home/locobot/Documents/kobuki/install LD_LIBRARY_PATH=/home/locobot/Documents/kobuki/install/lib PATH=/home/locobot/Documents/kobuki/install/bin:${PATH} PYTHONPATH=/home/locobot/Documents/kobuki/install/lib/python3.8/site-packages /usr/bin/cmake /home/locobot/Documents/kobuki/src/ament_cmake/ament_cmake_export_link_flags -DBUILD_TESTING=OFF -DCMAKE_INSTALL_PREFIX=/home/locobot/Documents/kobuki/install
[0.135s] Re-run cmake no build system arguments
[0.135s] -- Found ament_cmake_core: 0.9.12 (/home/locobot/Documents/kobuki/install/share/ament_cmake_core/cmake)
[0.189s] -- Using PYTHON_EXECUTABLE: /usr/bin/python3
[0.823s] -- Configuring done
[0.836s] -- Generating done
[0.836s] -- Build files have been written to: /home/locobot/Documents/kobuki/build/ament_cmake_export_link_flags
[0.880s] Invoked command in '/home/locobot/Documents/kobuki/build/ament_cmake_export_link_flags' returned '0': AMENT_PREFIX_PATH=/home/locobot/Documents/kobuki/install CMAKE_PREFIX_PATH=/home/locobot/Documents/kobuki/install LD_LIBRARY_PATH=/home/locobot/Documents/kobuki/install/lib PATH=/home/locobot/Documents/kobuki/install/bin:${PATH} PYTHONPATH=/home/locobot/Documents/kobuki/install/lib/python3.8/site-packages /usr/bin/cmake /home/locobot/Documents/kobuki/src/ament_cmake/ament_cmake_export_link_flags -DBUILD_TESTING=OFF -DCMAKE_INSTALL_PREFIX=/home/locobot/Documents/kobuki/install
[0.881s] Invoking command in '/home/locobot/Documents/kobuki/build/ament_cmake_export_link_flags': AMENT_PREFIX_PATH=/home/locobot/Documents/kobuki/install CMAKE_PREFIX_PATH=/home/locobot/Documents/kobuki/install LD_LIBRARY_PATH=/home/locobot/Documents/kobuki/install/lib PATH=/home/locobot/Documents/kobuki/install/bin:${PATH} PYTHONPATH=/home/locobot/Documents/kobuki/install/lib/python3.8/site-packages /usr/bin/cmake --build /home/locobot/Documents/kobuki/build/ament_cmake_export_link_flags -- -j4 -l4
[0.966s] /usr/bin/cmake -S/home/locobot/Documents/kobuki/src/ament_cmake/ament_cmake_export_link_flags -B/home/locobot/Documents/kobuki/build/ament_cmake_export_link_flags --check-build-system CMakeFiles/Makefile.cmake 0
[0.985s] /usr/bin/cmake -E cmake_progress_start /home/locobot/Documents/kobuki/build/ament_cmake_export_link_flags/CMakeFiles /home/locobot/Documents/kobuki/build/ament_cmake_export_link_flags/CMakeFiles/progress.marks
[1.006s] /usr/bin/make -f CMakeFiles/Makefile2 all
[1.021s] make[1]: Entering directory '/home/locobot/Documents/kobuki/build/ament_cmake_export_link_flags'
[1.021s] make[1]: Nothing to be done for 'all'.
[1.021s] make[1]: Leaving directory '/home/locobot/Documents/kobuki/build/ament_cmake_export_link_flags'
[1.021s] /usr/bin/cmake -E cmake_progress_start /home/locobot/Documents/kobuki/build/ament_cmake_export_link_flags/CMakeFiles 0
[1.105s] Invoked command in '/home/locobot/Documents/kobuki/build/ament_cmake_export_link_flags' returned '0': AMENT_PREFIX_PATH=/home/locobot/Documents/kobuki/install CMAKE_PREFIX_PATH=/home/locobot/Documents/kobuki/install LD_LIBRARY_PATH=/home/locobot/Documents/kobuki/install/lib PATH=/home/locobot/Documents/kobuki/install/bin:${PATH} PYTHONPATH=/home/locobot/Documents/kobuki/install/lib/python3.8/site-packages /usr/bin/cmake --build /home/locobot/Documents/kobuki/build/ament_cmake_export_link_flags -- -j4 -l4
[1.106s] Invoking command in '/home/locobot/Documents/kobuki/build/ament_cmake_export_link_flags': AMENT_PREFIX_PATH=/home/locobot/Documents/kobuki/install CMAKE_PREFIX_PATH=/home/locobot/Documents/kobuki/install LD_LIBRARY_PATH=/home/locobot/Documents/kobuki/install/lib PATH=/home/locobot/Documents/kobuki/install/bin:${PATH} PYTHONPATH=/home/locobot/Documents/kobuki/install/lib/python3.8/site-packages /usr/bin/cmake --install /home/locobot/Documents/kobuki/build/ament_cmake_export_link_flags
[1.176s] -- Install configuration: ""
[1.177s] -- Up-to-date: /home/locobot/Documents/kobuki/install/share/ament_index/resource_index/package_run_dependencies/ament_cmake_export_link_flags
[1.177s] -- Up-to-date: /home/locobot/Documents/kobuki/install/share/ament_index/resource_index/parent_prefix_path/ament_cmake_export_link_flags
[1.177s] -- Up-to-date: /home/locobot/Documents/kobuki/install/share/ament_cmake_export_link_flags/environment/ament_prefix_path.sh
[1.177s] -- Installing: /home/locobot/Documents/kobuki/install/share/ament_cmake_export_link_flags/environment/ament_prefix_path.dsv
[1.177s] -- Up-to-date: /home/locobot/Documents/kobuki/install/share/ament_cmake_export_link_flags/environment/path.sh
[1.177s] -- Installing: /home/locobot/Documents/kobuki/install/share/ament_cmake_export_link_flags/environment/path.dsv
[1.177s] -- Up-to-date: /home/locobot/Documents/kobuki/install/share/ament_cmake_export_link_flags/local_setup.bash
[1.177s] -- Up-to-date: /home/locobot/Documents/kobuki/install/share/ament_cmake_export_link_flags/local_setup.sh
[1.178s] -- Up-to-date: /home/locobot/Documents/kobuki/install/share/ament_cmake_export_link_flags/local_setup.zsh
[1.178s] -- Installing: /home/locobot/Documents/kobuki/install/share/ament_cmake_export_link_flags/local_setup.dsv
[1.178s] -- Installing: /home/locobot/Documents/kobuki/install/share/ament_cmake_export_link_flags/package.dsv
[1.178s] -- Up-to-date: /home/locobot/Documents/kobuki/install/share/ament_index/resource_index/packages/ament_cmake_export_link_flags
[1.178s] -- Up-to-date: /home/locobot/Documents/kobuki/install/share/ament_cmake_export_link_flags/cmake/ament_cmake_export_link_flags-extras.cmake
[1.182s] -- Up-to-date: /home/locobot/Documents/kobuki/install/share/ament_cmake_export_link_flags/cmake/ament_cmake_export_link_flagsConfig.cmake
[1.182s] -- Up-to-date: /home/locobot/Documents/kobuki/install/share/ament_cmake_export_link_flags/cmake/ament_cmake_export_link_flagsConfig-version.cmake
[1.183s] -- Up-to-date: /home/locobot/Documents/kobuki/install/share/ament_cmake_export_link_flags/package.xml
[1.183s] -- Up-to-date: /home/locobot/Documents/kobuki/install/share/ament_cmake_export_link_flags/cmake
[1.183s] -- Up-to-date: /home/locobot/Documents/kobuki/install/share/ament_cmake_export_link_flags/cmake/ament_cmake_export_link_flags-extras.cmake.in
[1.183s] -- Up-to-date: /home/locobot/Documents/kobuki/install/share/ament_cmake_export_link_flags/cmake/ament_export_link_flags.cmake
[1.183s] -- Up-to-date: /home/locobot/Documents/kobuki/install/share/ament_cmake_export_link_flags/cmake/ament_cmake_export_link_flags_package_hook.cmake
[1.288s] Invoked command in '/home/locobot/Documents/kobuki/build/ament_cmake_export_link_flags' returned '0': AMENT_PREFIX_PATH=/home/locobot/Documents/kobuki/install CMAKE_PREFIX_PATH=/home/locobot/Documents/kobuki/install LD_LIBRARY_PATH=/home/locobot/Documents/kobuki/install/lib PATH=/home/locobot/Documents/kobuki/install/bin:${PATH} PYTHONPATH=/home/locobot/Documents/kobuki/install/lib/python3.8/site-packages /usr/bin/cmake --install /home/locobot/Documents/kobuki/build/ament_cmake_export_link_flags
