Re-run cmake no build system arguments
-- Configuring done
-- Generating done
-- Build files have been written to: /home/locobot/Documents/kobuki/build/sophus
/usr/bin/cmake -S/home/locobot/Documents/kobuki/src/sophus -B/home/locobot/Documents/kobuki/build/sophus --check-build-system CMakeFiles/Makefile.cmake 0
/usr/bin/cmake -E cmake_progress_start /home/locobot/Documents/kobuki/build/sophus/CMakeFiles /home/locobot/Documents/kobuki/build/sophus/CMakeFiles/progress.marks
/usr/bin/make -f CMakeFiles/Makefile2 all
make[1]: Entering directory '/home/locobot/Documents/kobuki/build/sophus'
/usr/bin/make -f examples/CMakeFiles/HelloSO3.dir/build.make examples/CMakeFiles/HelloSO3.dir/depend
make[2]: Entering directory '/home/locobot/Documents/kobuki/build/sophus'
cd /home/locobot/Documents/kobuki/build/sophus && /usr/bin/cmake -E cmake_depends "Unix Makefiles" /home/locobot/Documents/kobuki/src/sophus /home/locobot/Documents/kobuki/src/sophus/examples /home/locobot/Documents/kobuki/build/sophus /home/locobot/Documents/kobuki/build/sophus/examples /home/locobot/Documents/kobuki/build/sophus/examples/CMakeFiles/HelloSO3.dir/DependInfo.cmake --color=
make[2]: Leaving directory '/home/locobot/Documents/kobuki/build/sophus'
/usr/bin/make -f examples/CMakeFiles/HelloSO3.dir/build.make examples/CMakeFiles/HelloSO3.dir/build
make[2]: Entering directory '/home/locobot/Documents/kobuki/build/sophus'
make[2]: Nothing to be done for 'examples/CMakeFiles/HelloSO3.dir/build'.
make[2]: Leaving directory '/home/locobot/Documents/kobuki/build/sophus'
[100%] Built target HelloSO3
make[1]: Leaving directory '/home/locobot/Documents/kobuki/build/sophus'
/usr/bin/cmake -E cmake_progress_start /home/locobot/Documents/kobuki/build/sophus/CMakeFiles 0
-- Install configuration: "Release"
-- Up-to-date: /home/locobot/Documents/kobuki/install/share/sophus/cmake/SophusTargets.cmake
-- Up-to-date: /home/locobot/Documents/kobuki/install/share/sophus/cmake/SophusConfig.cmake
-- Up-to-date: /home/locobot/Documents/kobuki/install/share/sophus/cmake/SophusConfigVersion.cmake
-- Up-to-date: /home/locobot/Documents/kobuki/install/include/sophus/average.hpp
-- Up-to-date: /home/locobot/Documents/kobuki/install/include/sophus/common.hpp
-- Up-to-date: /home/locobot/Documents/kobuki/install/include/sophus/geometry.hpp
-- Up-to-date: /home/locobot/Documents/kobuki/install/include/sophus/interpolate.hpp
-- Up-to-date: /home/locobot/Documents/kobuki/install/include/sophus/interpolate_details.hpp
-- Up-to-date: /home/locobot/Documents/kobuki/install/include/sophus/num_diff.hpp
-- Up-to-date: /home/locobot/Documents/kobuki/install/include/sophus/rotation_matrix.hpp
-- Up-to-date: /home/locobot/Documents/kobuki/install/include/sophus/rxso2.hpp
-- Up-to-date: /home/locobot/Documents/kobuki/install/include/sophus/rxso3.hpp
-- Up-to-date: /home/locobot/Documents/kobuki/install/include/sophus/se2.hpp
-- Up-to-date: /home/locobot/Documents/kobuki/install/include/sophus/se3.hpp
-- Up-to-date: /home/locobot/Documents/kobuki/install/include/sophus/sim2.hpp
-- Up-to-date: /home/locobot/Documents/kobuki/install/include/sophus/sim3.hpp
-- Up-to-date: /home/locobot/Documents/kobuki/install/include/sophus/sim_details.hpp
-- Up-to-date: /home/locobot/Documents/kobuki/install/include/sophus/so2.hpp
-- Up-to-date: /home/locobot/Documents/kobuki/install/include/sophus/so3.hpp
-- Up-to-date: /home/locobot/Documents/kobuki/install/include/sophus/types.hpp
-- Up-to-date: /home/locobot/Documents/kobuki/install/include/sophus/velocities.hpp
-- Up-to-date: /home/locobot/Documents/kobuki/install/include/sophus/formatstring.hpp
