[0.049s] Invoking command in '/home/locobot/Documents/kobuki/build/sophus': CMAKE_PREFIX_PATH=/home/locobot/Documents/kobuki/install LD_LIBRARY_PATH=/home/locobot/Documents/kobuki/install/lib PATH=/home/locobot/Documents/kobuki/install/bin:${PATH} PYTHONPATH=/home/locobot/Documents/kobuki/install/lib/python3.8/site-packages /usr/bin/cmake /home/locobot/Documents/kobuki/src/sophus -DBUILD_TESTING=OFF -DBUILD_TESTS=OFF -DCMAKE_INSTALL_PREFIX=/home/locobot/Documents/kobuki/install
[0.069s] Re-run cmake no build system arguments
[0.093s] -- Configuring done
[0.107s] -- Generating done
[0.128s] -- Build files have been written to: /home/locobot/Documents/kobuki/build/sophus
[0.181s] Invoked command in '/home/locobot/Documents/kobuki/build/sophus' returned '0': CMAKE_PREFIX_PATH=/home/locobot/Documents/kobuki/install LD_LIBRARY_PATH=/home/locobot/Documents/kobuki/install/lib PATH=/home/locobot/Documents/kobuki/install/bin:${PATH} PYTHONPATH=/home/locobot/Documents/kobuki/install/lib/python3.8/site-packages /usr/bin/cmake /home/locobot/Documents/kobuki/src/sophus -DBUILD_TESTING=OFF -DBUILD_TESTS=OFF -DCMAKE_INSTALL_PREFIX=/home/locobot/Documents/kobuki/install
[0.183s] Invoking command in '/home/locobot/Documents/kobuki/build/sophus': CMAKE_PREFIX_PATH=/home/locobot/Documents/kobuki/install LD_LIBRARY_PATH=/home/locobot/Documents/kobuki/install/lib PATH=/home/locobot/Documents/kobuki/install/bin:${PATH} PYTHONPATH=/home/locobot/Documents/kobuki/install/lib/python3.8/site-packages /usr/bin/cmake --build /home/locobot/Documents/kobuki/build/sophus -- -j4 -l4
[0.240s] /usr/bin/cmake -S/home/locobot/Documents/kobuki/src/sophus -B/home/locobot/Documents/kobuki/build/sophus --check-build-system CMakeFiles/Makefile.cmake 0
[0.240s] /usr/bin/cmake -E cmake_progress_start /home/locobot/Documents/kobuki/build/sophus/CMakeFiles /home/locobot/Documents/kobuki/build/sophus/CMakeFiles/progress.marks
[0.240s] /usr/bin/make -f CMakeFiles/Makefile2 all
[0.264s] make[1]: Entering directory '/home/locobot/Documents/kobuki/build/sophus'
[0.264s] /usr/bin/make -f examples/CMakeFiles/HelloSO3.dir/build.make examples/CMakeFiles/HelloSO3.dir/depend
[0.273s] make[2]: Entering directory '/home/locobot/Documents/kobuki/build/sophus'
[0.273s] cd /home/locobot/Documents/kobuki/build/sophus && /usr/bin/cmake -E cmake_depends "Unix Makefiles" /home/locobot/Documents/kobuki/src/sophus /home/locobot/Documents/kobuki/src/sophus/examples /home/locobot/Documents/kobuki/build/sophus /home/locobot/Documents/kobuki/build/sophus/examples /home/locobot/Documents/kobuki/build/sophus/examples/CMakeFiles/HelloSO3.dir/DependInfo.cmake --color=
[0.294s] make[2]: Leaving directory '/home/locobot/Documents/kobuki/build/sophus'
[0.295s] /usr/bin/make -f examples/CMakeFiles/HelloSO3.dir/build.make examples/CMakeFiles/HelloSO3.dir/build
[0.300s] make[2]: Entering directory '/home/locobot/Documents/kobuki/build/sophus'
[0.301s] make[2]: Nothing to be done for 'examples/CMakeFiles/HelloSO3.dir/build'.
[0.302s] make[2]: Leaving directory '/home/locobot/Documents/kobuki/build/sophus'
[0.315s] [100%] Built target HelloSO3
[0.334s] make[1]: Leaving directory '/home/locobot/Documents/kobuki/build/sophus'
[0.334s] /usr/bin/cmake -E cmake_progress_start /home/locobot/Documents/kobuki/build/sophus/CMakeFiles 0
[0.537s] Invoked command in '/home/locobot/Documents/kobuki/build/sophus' returned '0': CMAKE_PREFIX_PATH=/home/locobot/Documents/kobuki/install LD_LIBRARY_PATH=/home/locobot/Documents/kobuki/install/lib PATH=/home/locobot/Documents/kobuki/install/bin:${PATH} PYTHONPATH=/home/locobot/Documents/kobuki/install/lib/python3.8/site-packages /usr/bin/cmake --build /home/locobot/Documents/kobuki/build/sophus -- -j4 -l4
[0.538s] Invoking command in '/home/locobot/Documents/kobuki/build/sophus': CMAKE_PREFIX_PATH=/home/locobot/Documents/kobuki/install LD_LIBRARY_PATH=/home/locobot/Documents/kobuki/install/lib PATH=/home/locobot/Documents/kobuki/install/bin:${PATH} PYTHONPATH=/home/locobot/Documents/kobuki/install/lib/python3.8/site-packages /usr/bin/cmake --install /home/locobot/Documents/kobuki/build/sophus
[0.582s] -- Install configuration: "Release"
[0.582s] -- Up-to-date: /home/locobot/Documents/kobuki/install/share/sophus/cmake/SophusTargets.cmake
[0.582s] -- Up-to-date: /home/locobot/Documents/kobuki/install/share/sophus/cmake/SophusConfig.cmake
[0.582s] -- Up-to-date: /home/locobot/Documents/kobuki/install/share/sophus/cmake/SophusConfigVersion.cmake
[0.582s] -- Up-to-date: /home/locobot/Documents/kobuki/install/include/sophus/average.hpp
[0.583s] -- Up-to-date: /home/locobot/Documents/kobuki/install/include/sophus/common.hpp
[0.583s] -- Up-to-date: /home/locobot/Documents/kobuki/install/include/sophus/geometry.hpp
[0.583s] -- Up-to-date: /home/locobot/Documents/kobuki/install/include/sophus/interpolate.hpp
[0.583s] -- Up-to-date: /home/locobot/Documents/kobuki/install/include/sophus/interpolate_details.hpp
[0.583s] -- Up-to-date: /home/locobot/Documents/kobuki/install/include/sophus/num_diff.hpp
[0.583s] -- Up-to-date: /home/locobot/Documents/kobuki/install/include/sophus/rotation_matrix.hpp
[0.583s] -- Up-to-date: /home/locobot/Documents/kobuki/install/include/sophus/rxso2.hpp
[0.583s] -- Up-to-date: /home/locobot/Documents/kobuki/install/include/sophus/rxso3.hpp
[0.583s] -- Up-to-date: /home/locobot/Documents/kobuki/install/include/sophus/se2.hpp
[0.584s] -- Up-to-date: /home/locobot/Documents/kobuki/install/include/sophus/se3.hpp
[0.584s] -- Up-to-date: /home/locobot/Documents/kobuki/install/include/sophus/sim2.hpp
[0.584s] -- Up-to-date: /home/locobot/Documents/kobuki/install/include/sophus/sim3.hpp
[0.584s] -- Up-to-date: /home/locobot/Documents/kobuki/install/include/sophus/sim_details.hpp
[0.584s] -- Up-to-date: /home/locobot/Documents/kobuki/install/include/sophus/so2.hpp
[0.584s] -- Up-to-date: /home/locobot/Documents/kobuki/install/include/sophus/so3.hpp
[0.584s] -- Up-to-date: /home/locobot/Documents/kobuki/install/include/sophus/types.hpp
[0.584s] -- Up-to-date: /home/locobot/Documents/kobuki/install/include/sophus/velocities.hpp
[0.584s] -- Up-to-date: /home/locobot/Documents/kobuki/install/include/sophus/formatstring.hpp
[0.594s] Invoked command in '/home/locobot/Documents/kobuki/build/sophus' returned '0': CMAKE_PREFIX_PATH=/home/locobot/Documents/kobuki/install LD_LIBRARY_PATH=/home/locobot/Documents/kobuki/install/lib PATH=/home/locobot/Documents/kobuki/install/bin:${PATH} PYTHONPATH=/home/locobot/Documents/kobuki/install/lib/python3.8/site-packages /usr/bin/cmake --install /home/locobot/Documents/kobuki/build/sophus
