[1.531s] Invoking command in '/home/locobot/Documents/kobuki/src/ament_lint/ament_pep257': AMENT_PREFIX_PATH=/home/locobot/Documents/kobuki/install CMAKE_PREFIX_PATH=/home/locobot/Documents/kobuki/install LD_LIBRARY_PATH=/home/locobot/Documents/kobuki/install/lib PATH=/home/locobot/Documents/kobuki/install/bin:${PATH} PYTHONPATH=/home/locobot/Documents/kobuki/build/ament_pep257/prefix_override:/home/locobot/.local/lib/python3.8/site-packages/colcon_core/task/python/colcon_distutils_commands:/home/locobot/Documents/kobuki/install/lib/python3.8/site-packages:/home/locobot/Documents/kobuki/install/lib/python3.8/site-packages /usr/bin/python3 -W ignore:setup.py install is deprecated -W ignore:easy_install command is deprecated setup.py egg_info --egg-base ../../../build/ament_pep257 build --build-base /home/locobot/Documents/kobuki/build/ament_pep257/build install --record /home/locobot/Documents/kobuki/build/ament_pep257/install.log --single-version-externally-managed install_data
[2.010s] running egg_info
[2.011s] writing ../../../build/ament_pep257/ament_pep257.egg-info/PKG-INFO
[2.011s] writing dependency_links to ../../../build/ament_pep257/ament_pep257.egg-info/dependency_links.txt
[2.011s] writing entry points to ../../../build/ament_pep257/ament_pep257.egg-info/entry_points.txt
[2.011s] writing requirements to ../../../build/ament_pep257/ament_pep257.egg-info/requires.txt
[2.011s] writing top-level names to ../../../build/ament_pep257/ament_pep257.egg-info/top_level.txt
[2.138s] reading manifest file '../../../build/ament_pep257/ament_pep257.egg-info/SOURCES.txt'
[2.151s] writing manifest file '../../../build/ament_pep257/ament_pep257.egg-info/SOURCES.txt'
[2.152s] running build
[2.158s] running build_py
[2.158s] running install
[2.160s] running install_lib
[2.164s] running install_data
[2.164s] running install_egg_info
[2.166s] removing '/home/locobot/Documents/kobuki/install/lib/python3.8/site-packages/ament_pep257-0.9.8-py3.8.egg-info' (and everything under it)
[2.168s] Copying ../../../build/ament_pep257/ament_pep257.egg-info to /home/locobot/Documents/kobuki/install/lib/python3.8/site-packages/ament_pep257-0.9.8-py3.8.egg-info
[2.168s] running install_scripts
[2.223s] Installing ament_pep257 script to /home/locobot/Documents/kobuki/install/bin
[2.244s] writing list of installed files to '/home/locobot/Documents/kobuki/build/ament_pep257/install.log'
[2.303s] Invoked command in '/home/locobot/Documents/kobuki/src/ament_lint/ament_pep257' returned '0': AMENT_PREFIX_PATH=/home/locobot/Documents/kobuki/install CMAKE_PREFIX_PATH=/home/locobot/Documents/kobuki/install LD_LIBRARY_PATH=/home/locobot/Documents/kobuki/install/lib PATH=/home/locobot/Documents/kobuki/install/bin:${PATH} PYTHONPATH=/home/locobot/Documents/kobuki/build/ament_pep257/prefix_override:/home/locobot/.local/lib/python3.8/site-packages/colcon_core/task/python/colcon_distutils_commands:/home/locobot/Documents/kobuki/install/lib/python3.8/site-packages:/home/locobot/Documents/kobuki/install/lib/python3.8/site-packages /usr/bin/python3 -W ignore:setup.py install is deprecated -W ignore:easy_install command is deprecated setup.py egg_info --egg-base ../../../build/ament_pep257 build --build-base /home/locobot/Documents/kobuki/build/ament_pep257/build install --record /home/locobot/Documents/kobuki/build/ament_pep257/install.log --single-version-externally-managed install_data
