Re-run cmake no build system arguments
-- Found ament_cmake_ros: 0.9.2 (/home/locobot/Documents/kobuki/install/share/ament_cmake_ros/cmake)
-- Using PYTHON_EXECUTABLE: /usr/bin/python3
-- Found ecl_build: 1.0.3 (/home/locobot/Documents/kobuki/install/share/ecl_build/cmake)
-- Found ecl_config: 1.1.0 (/home/locobot/Documents/kobuki/install/share/ecl_config/cmake)
-- Found ecl_errors: 1.1.0 (/home/locobot/Documents/kobuki/install/share/ecl_errors/cmake)
-- Configuring done
-- Generating done
-- Build files have been written to: /home/locobot/Documents/kobuki/build/ecl_io
/usr/bin/cmake -S/home/locobot/Documents/kobuki/src/ecl_lite/ecl_io -B/home/locobot/Documents/kobuki/build/ecl_io --check-build-system CMakeFiles/Makefile.cmake 0
/usr/bin/cmake -E cmake_progress_start /home/locobot/Documents/kobuki/build/ecl_io/CMakeFiles /home/locobot/Documents/kobuki/build/ecl_io/CMakeFiles/progress.marks
/usr/bin/make -f CMakeFiles/Makefile2 all
make[1]: Entering directory '/home/locobot/Documents/kobuki/build/ecl_io'
/usr/bin/make -f src/lib/CMakeFiles/ecl_io.dir/build.make src/lib/CMakeFiles/ecl_io.dir/depend
make[2]: Entering directory '/home/locobot/Documents/kobuki/build/ecl_io'
cd /home/locobot/Documents/kobuki/build/ecl_io && /usr/bin/cmake -E cmake_depends "Unix Makefiles" /home/locobot/Documents/kobuki/src/ecl_lite/ecl_io /home/locobot/Documents/kobuki/src/ecl_lite/ecl_io/src/lib /home/locobot/Documents/kobuki/build/ecl_io /home/locobot/Documents/kobuki/build/ecl_io/src/lib /home/locobot/Documents/kobuki/build/ecl_io/src/lib/CMakeFiles/ecl_io.dir/DependInfo.cmake --color=
make[2]: Leaving directory '/home/locobot/Documents/kobuki/build/ecl_io'
/usr/bin/make -f src/lib/CMakeFiles/ecl_io.dir/build.make src/lib/CMakeFiles/ecl_io.dir/build
make[2]: Entering directory '/home/locobot/Documents/kobuki/build/ecl_io'
make[2]: Nothing to be done for 'src/lib/CMakeFiles/ecl_io.dir/build'.
make[2]: Leaving directory '/home/locobot/Documents/kobuki/build/ecl_io'
[ 40%] Built target ecl_io
/usr/bin/make -f src/examples/CMakeFiles/ecl_io_example_poll.dir/build.make src/examples/CMakeFiles/ecl_io_example_poll.dir/depend
make[2]: Entering directory '/home/locobot/Documents/kobuki/build/ecl_io'
cd /home/locobot/Documents/kobuki/build/ecl_io && /usr/bin/cmake -E cmake_depends "Unix Makefiles" /home/locobot/Documents/kobuki/src/ecl_lite/ecl_io /home/locobot/Documents/kobuki/src/ecl_lite/ecl_io/src/examples /home/locobot/Documents/kobuki/build/ecl_io /home/locobot/Documents/kobuki/build/ecl_io/src/examples /home/locobot/Documents/kobuki/build/ecl_io/src/examples/CMakeFiles/ecl_io_example_poll.dir/DependInfo.cmake --color=
make[2]: Leaving directory '/home/locobot/Documents/kobuki/build/ecl_io'
/usr/bin/make -f src/examples/CMakeFiles/ecl_io_example_poll.dir/build.make src/examples/CMakeFiles/ecl_io_example_poll.dir/build
make[2]: Entering directory '/home/locobot/Documents/kobuki/build/ecl_io'
make[2]: Nothing to be done for 'src/examples/CMakeFiles/ecl_io_example_poll.dir/build'.
make[2]: Leaving directory '/home/locobot/Documents/kobuki/build/ecl_io'
[ 60%] Built target ecl_io_example_poll
/usr/bin/make -f src/examples/CMakeFiles/ecl_io_example_sockets.dir/build.make src/examples/CMakeFiles/ecl_io_example_sockets.dir/depend
make[2]: Entering directory '/home/locobot/Documents/kobuki/build/ecl_io'
cd /home/locobot/Documents/kobuki/build/ecl_io && /usr/bin/cmake -E cmake_depends "Unix Makefiles" /home/locobot/Documents/kobuki/src/ecl_lite/ecl_io /home/locobot/Documents/kobuki/src/ecl_lite/ecl_io/src/examples /home/locobot/Documents/kobuki/build/ecl_io /home/locobot/Documents/kobuki/build/ecl_io/src/examples /home/locobot/Documents/kobuki/build/ecl_io/src/examples/CMakeFiles/ecl_io_example_sockets.dir/DependInfo.cmake --color=
make[2]: Leaving directory '/home/locobot/Documents/kobuki/build/ecl_io'
/usr/bin/make -f src/examples/CMakeFiles/ecl_io_example_sockets.dir/build.make src/examples/CMakeFiles/ecl_io_example_sockets.dir/build
make[2]: Entering directory '/home/locobot/Documents/kobuki/build/ecl_io'
make[2]: Nothing to be done for 'src/examples/CMakeFiles/ecl_io_example_sockets.dir/build'.
make[2]: Leaving directory '/home/locobot/Documents/kobuki/build/ecl_io'
[ 80%] Built target ecl_io_example_sockets
/usr/bin/make -f src/examples/CMakeFiles/ecl_io_example_socketpair.dir/build.make src/examples/CMakeFiles/ecl_io_example_socketpair.dir/depend
make[2]: Entering directory '/home/locobot/Documents/kobuki/build/ecl_io'
cd /home/locobot/Documents/kobuki/build/ecl_io && /usr/bin/cmake -E cmake_depends "Unix Makefiles" /home/locobot/Documents/kobuki/src/ecl_lite/ecl_io /home/locobot/Documents/kobuki/src/ecl_lite/ecl_io/src/examples /home/locobot/Documents/kobuki/build/ecl_io /home/locobot/Documents/kobuki/build/ecl_io/src/examples /home/locobot/Documents/kobuki/build/ecl_io/src/examples/CMakeFiles/ecl_io_example_socketpair.dir/DependInfo.cmake --color=
make[2]: Leaving directory '/home/locobot/Documents/kobuki/build/ecl_io'
/usr/bin/make -f src/examples/CMakeFiles/ecl_io_example_socketpair.dir/build.make src/examples/CMakeFiles/ecl_io_example_socketpair.dir/build
make[2]: Entering directory '/home/locobot/Documents/kobuki/build/ecl_io'
make[2]: Nothing to be done for 'src/examples/CMakeFiles/ecl_io_example_socketpair.dir/build'.
make[2]: Leaving directory '/home/locobot/Documents/kobuki/build/ecl_io'
[100%] Built target ecl_io_example_socketpair
make[1]: Leaving directory '/home/locobot/Documents/kobuki/build/ecl_io'
/usr/bin/cmake -E cmake_progress_start /home/locobot/Documents/kobuki/build/ecl_io/CMakeFiles 0
-- Install configuration: ""
-- Up-to-date: /home/locobot/Documents/kobuki/install/share/ecl_io/environment/library_path.sh
-- Installing: /home/locobot/Documents/kobuki/install/share/ecl_io/environment/library_path.dsv
-- Up-to-date: /home/locobot/Documents/kobuki/install/share/ament_index/resource_index/package_run_dependencies/ecl_io
-- Up-to-date: /home/locobot/Documents/kobuki/install/share/ament_index/resource_index/parent_prefix_path/ecl_io
-- Up-to-date: /home/locobot/Documents/kobuki/install/share/ecl_io/environment/ament_prefix_path.sh
-- Installing: /home/locobot/Documents/kobuki/install/share/ecl_io/environment/ament_prefix_path.dsv
-- Up-to-date: /home/locobot/Documents/kobuki/install/share/ecl_io/environment/path.sh
-- Installing: /home/locobot/Documents/kobuki/install/share/ecl_io/environment/path.dsv
-- Up-to-date: /home/locobot/Documents/kobuki/install/share/ecl_io/local_setup.bash
-- Up-to-date: /home/locobot/Documents/kobuki/install/share/ecl_io/local_setup.sh
-- Up-to-date: /home/locobot/Documents/kobuki/install/share/ecl_io/local_setup.zsh
-- Installing: /home/locobot/Documents/kobuki/install/share/ecl_io/local_setup.dsv
-- Installing: /home/locobot/Documents/kobuki/install/share/ecl_io/package.dsv
-- Up-to-date: /home/locobot/Documents/kobuki/install/share/ament_index/resource_index/packages/ecl_io
-- Up-to-date: /home/locobot/Documents/kobuki/install/share/ecl_io/cmake/ecl_ioExport.cmake
-- Installing: /home/locobot/Documents/kobuki/install/share/ecl_io/cmake/ecl_ioExport-noconfig.cmake
-- Up-to-date: /home/locobot/Documents/kobuki/install/share/ecl_io/cmake/ament_cmake_export_targets-extras.cmake
-- Up-to-date: /home/locobot/Documents/kobuki/install/share/ecl_io/cmake/ament_cmake_export_include_directories-extras.cmake
-- Up-to-date: /home/locobot/Documents/kobuki/install/share/ecl_io/cmake/ament_cmake_export_libraries-extras.cmake
-- Up-to-date: /home/locobot/Documents/kobuki/install/share/ecl_io/cmake/ament_cmake_export_dependencies-extras.cmake
-- Up-to-date: /home/locobot/Documents/kobuki/install/share/ecl_io/cmake/ecl_ioConfig.cmake
-- Up-to-date: /home/locobot/Documents/kobuki/install/share/ecl_io/cmake/ecl_ioConfig-version.cmake
-- Up-to-date: /home/locobot/Documents/kobuki/install/share/ecl_io/package.xml
-- Up-to-date: /home/locobot/Documents/kobuki/install/include/ecl/io.hpp
-- Up-to-date: /home/locobot/Documents/kobuki/install/include/ecl/sockets/macros.hpp
-- Up-to-date: /home/locobot/Documents/kobuki/install/include/ecl/sockets/poll.hpp
-- Up-to-date: /home/locobot/Documents/kobuki/install/include/ecl/sockets/socketpair.hpp
-- Up-to-date: /home/locobot/Documents/kobuki/install/include/ecl/sockets/sockets.hpp
-- Up-to-date: /home/locobot/Documents/kobuki/install/lib/libecl_io.so.1.1.0
-- Up-to-date: /home/locobot/Documents/kobuki/install/lib/libecl_io.so
-- Up-to-date: /home/locobot/Documents/kobuki/install/lib/ecl_io/demo_sockets
-- Up-to-date: /home/locobot/Documents/kobuki/install/lib/ecl_io/demo_socketpair
-- Up-to-date: /home/locobot/Documents/kobuki/install/lib/ecl_io/demo_poll
