[0.437s] Invoking command in '/home/locobot/Documents/kobuki/build/ecl_io': AMENT_PREFIX_PATH=/home/locobot/Documents/kobuki/install CMAKE_PREFIX_PATH=/home/locobot/Documents/kobuki/install LD_LIBRARY_PATH=/home/locobot/Documents/kobuki/install/lib PATH=/home/locobot/Documents/kobuki/install/bin:${PATH} PYTHONPATH=/home/locobot/Documents/kobuki/install/lib/python3.8/site-packages /usr/bin/cmake /home/locobot/Documents/kobuki/src/ecl_lite/ecl_io -DBUILD_TESTING=OFF -DCMAKE_INSTALL_PREFIX=/home/locobot/Documents/kobuki/install
[0.452s] Re-run cmake no build system arguments
[0.462s] -- Found ament_cmake_ros: 0.9.2 (/home/locobot/Documents/kobuki/install/share/ament_cmake_ros/cmake)
[0.484s] -- Using PYTHON_EXECUTABLE: /usr/bin/python3
[0.740s] -- Found ecl_build: 1.0.3 (/home/locobot/Documents/kobuki/install/share/ecl_build/cmake)
[0.751s] -- Found ecl_config: 1.1.0 (/home/locobot/Documents/kobuki/install/share/ecl_config/cmake)
[0.759s] -- Found ecl_errors: 1.1.0 (/home/locobot/Documents/kobuki/install/share/ecl_errors/cmake)
[0.925s] -- Configuring done
[0.945s] -- Generating done
[0.954s] -- Build files have been written to: /home/locobot/Documents/kobuki/build/ecl_io
[0.962s] Invoked command in '/home/locobot/Documents/kobuki/build/ecl_io' returned '0': AMENT_PREFIX_PATH=/home/locobot/Documents/kobuki/install CMAKE_PREFIX_PATH=/home/locobot/Documents/kobuki/install LD_LIBRARY_PATH=/home/locobot/Documents/kobuki/install/lib PATH=/home/locobot/Documents/kobuki/install/bin:${PATH} PYTHONPATH=/home/locobot/Documents/kobuki/install/lib/python3.8/site-packages /usr/bin/cmake /home/locobot/Documents/kobuki/src/ecl_lite/ecl_io -DBUILD_TESTING=OFF -DCMAKE_INSTALL_PREFIX=/home/locobot/Documents/kobuki/install
[0.963s] Invoking command in '/home/locobot/Documents/kobuki/build/ecl_io': AMENT_PREFIX_PATH=/home/locobot/Documents/kobuki/install CMAKE_PREFIX_PATH=/home/locobot/Documents/kobuki/install LD_LIBRARY_PATH=/home/locobot/Documents/kobuki/install/lib PATH=/home/locobot/Documents/kobuki/install/bin:${PATH} PYTHONPATH=/home/locobot/Documents/kobuki/install/lib/python3.8/site-packages /usr/bin/cmake --build /home/locobot/Documents/kobuki/build/ecl_io -- -j4 -l4
[0.989s] /usr/bin/cmake -S/home/locobot/Documents/kobuki/src/ecl_lite/ecl_io -B/home/locobot/Documents/kobuki/build/ecl_io --check-build-system CMakeFiles/Makefile.cmake 0
[1.005s] /usr/bin/cmake -E cmake_progress_start /home/locobot/Documents/kobuki/build/ecl_io/CMakeFiles /home/locobot/Documents/kobuki/build/ecl_io/CMakeFiles/progress.marks
[1.026s] /usr/bin/make -f CMakeFiles/Makefile2 all
[1.027s] make[1]: Entering directory '/home/locobot/Documents/kobuki/build/ecl_io'
[1.027s] /usr/bin/make -f src/lib/CMakeFiles/ecl_io.dir/build.make src/lib/CMakeFiles/ecl_io.dir/depend
[1.028s] make[2]: Entering directory '/home/locobot/Documents/kobuki/build/ecl_io'
[1.034s] cd /home/locobot/Documents/kobuki/build/ecl_io && /usr/bin/cmake -E cmake_depends "Unix Makefiles" /home/locobot/Documents/kobuki/src/ecl_lite/ecl_io /home/locobot/Documents/kobuki/src/ecl_lite/ecl_io/src/lib /home/locobot/Documents/kobuki/build/ecl_io /home/locobot/Documents/kobuki/build/ecl_io/src/lib /home/locobot/Documents/kobuki/build/ecl_io/src/lib/CMakeFiles/ecl_io.dir/DependInfo.cmake --color=
[1.041s] make[2]: Leaving directory '/home/locobot/Documents/kobuki/build/ecl_io'
[1.042s] /usr/bin/make -f src/lib/CMakeFiles/ecl_io.dir/build.make src/lib/CMakeFiles/ecl_io.dir/build
[1.048s] make[2]: Entering directory '/home/locobot/Documents/kobuki/build/ecl_io'
[1.049s] make[2]: Nothing to be done for 'src/lib/CMakeFiles/ecl_io.dir/build'.
[1.055s] make[2]: Leaving directory '/home/locobot/Documents/kobuki/build/ecl_io'
[1.055s] [ 40%] Built target ecl_io
[1.055s] /usr/bin/make -f src/examples/CMakeFiles/ecl_io_example_poll.dir/build.make src/examples/CMakeFiles/ecl_io_example_poll.dir/depend
[1.055s] make[2]: Entering directory '/home/locobot/Documents/kobuki/build/ecl_io'
[1.056s] cd /home/locobot/Documents/kobuki/build/ecl_io && /usr/bin/cmake -E cmake_depends "Unix Makefiles" /home/locobot/Documents/kobuki/src/ecl_lite/ecl_io /home/locobot/Documents/kobuki/src/ecl_lite/ecl_io/src/examples /home/locobot/Documents/kobuki/build/ecl_io /home/locobot/Documents/kobuki/build/ecl_io/src/examples /home/locobot/Documents/kobuki/build/ecl_io/src/examples/CMakeFiles/ecl_io_example_poll.dir/DependInfo.cmake --color=
[1.067s] make[2]: Leaving directory '/home/locobot/Documents/kobuki/build/ecl_io'
[1.067s] /usr/bin/make -f src/examples/CMakeFiles/ecl_io_example_poll.dir/build.make src/examples/CMakeFiles/ecl_io_example_poll.dir/build
[1.068s] make[2]: Entering directory '/home/locobot/Documents/kobuki/build/ecl_io'
[1.068s] make[2]: Nothing to be done for 'src/examples/CMakeFiles/ecl_io_example_poll.dir/build'.
[1.068s] make[2]: Leaving directory '/home/locobot/Documents/kobuki/build/ecl_io'
[1.081s] [ 60%] Built target ecl_io_example_poll
[1.083s] /usr/bin/make -f src/examples/CMakeFiles/ecl_io_example_sockets.dir/build.make src/examples/CMakeFiles/ecl_io_example_sockets.dir/depend
[1.085s] make[2]: Entering directory '/home/locobot/Documents/kobuki/build/ecl_io'
[1.086s] cd /home/locobot/Documents/kobuki/build/ecl_io && /usr/bin/cmake -E cmake_depends "Unix Makefiles" /home/locobot/Documents/kobuki/src/ecl_lite/ecl_io /home/locobot/Documents/kobuki/src/ecl_lite/ecl_io/src/examples /home/locobot/Documents/kobuki/build/ecl_io /home/locobot/Documents/kobuki/build/ecl_io/src/examples /home/locobot/Documents/kobuki/build/ecl_io/src/examples/CMakeFiles/ecl_io_example_sockets.dir/DependInfo.cmake --color=
[1.101s] make[2]: Leaving directory '/home/locobot/Documents/kobuki/build/ecl_io'
[1.102s] /usr/bin/make -f src/examples/CMakeFiles/ecl_io_example_sockets.dir/build.make src/examples/CMakeFiles/ecl_io_example_sockets.dir/build
[1.104s] make[2]: Entering directory '/home/locobot/Documents/kobuki/build/ecl_io'
[1.105s] make[2]: Nothing to be done for 'src/examples/CMakeFiles/ecl_io_example_sockets.dir/build'.
[1.106s] make[2]: Leaving directory '/home/locobot/Documents/kobuki/build/ecl_io'
[1.119s] [ 80%] Built target ecl_io_example_sockets
[1.120s] /usr/bin/make -f src/examples/CMakeFiles/ecl_io_example_socketpair.dir/build.make src/examples/CMakeFiles/ecl_io_example_socketpair.dir/depend
[1.122s] make[2]: Entering directory '/home/locobot/Documents/kobuki/build/ecl_io'
[1.122s] cd /home/locobot/Documents/kobuki/build/ecl_io && /usr/bin/cmake -E cmake_depends "Unix Makefiles" /home/locobot/Documents/kobuki/src/ecl_lite/ecl_io /home/locobot/Documents/kobuki/src/ecl_lite/ecl_io/src/examples /home/locobot/Documents/kobuki/build/ecl_io /home/locobot/Documents/kobuki/build/ecl_io/src/examples /home/locobot/Documents/kobuki/build/ecl_io/src/examples/CMakeFiles/ecl_io_example_socketpair.dir/DependInfo.cmake --color=
[1.137s] make[2]: Leaving directory '/home/locobot/Documents/kobuki/build/ecl_io'
[1.138s] /usr/bin/make -f src/examples/CMakeFiles/ecl_io_example_socketpair.dir/build.make src/examples/CMakeFiles/ecl_io_example_socketpair.dir/build
[1.139s] make[2]: Entering directory '/home/locobot/Documents/kobuki/build/ecl_io'
[1.140s] make[2]: Nothing to be done for 'src/examples/CMakeFiles/ecl_io_example_socketpair.dir/build'.
[1.141s] make[2]: Leaving directory '/home/locobot/Documents/kobuki/build/ecl_io'
[1.153s] [100%] Built target ecl_io_example_socketpair
[1.156s] make[1]: Leaving directory '/home/locobot/Documents/kobuki/build/ecl_io'
[1.157s] /usr/bin/cmake -E cmake_progress_start /home/locobot/Documents/kobuki/build/ecl_io/CMakeFiles 0
[1.198s] Invoked command in '/home/locobot/Documents/kobuki/build/ecl_io' returned '0': AMENT_PREFIX_PATH=/home/locobot/Documents/kobuki/install CMAKE_PREFIX_PATH=/home/locobot/Documents/kobuki/install LD_LIBRARY_PATH=/home/locobot/Documents/kobuki/install/lib PATH=/home/locobot/Documents/kobuki/install/bin:${PATH} PYTHONPATH=/home/locobot/Documents/kobuki/install/lib/python3.8/site-packages /usr/bin/cmake --build /home/locobot/Documents/kobuki/build/ecl_io -- -j4 -l4
[1.200s] Invoking command in '/home/locobot/Documents/kobuki/build/ecl_io': AMENT_PREFIX_PATH=/home/locobot/Documents/kobuki/install CMAKE_PREFIX_PATH=/home/locobot/Documents/kobuki/install LD_LIBRARY_PATH=/home/locobot/Documents/kobuki/install/lib PATH=/home/locobot/Documents/kobuki/install/bin:${PATH} PYTHONPATH=/home/locobot/Documents/kobuki/install/lib/python3.8/site-packages /usr/bin/cmake --install /home/locobot/Documents/kobuki/build/ecl_io
[1.236s] -- Install configuration: ""
[1.238s] -- Up-to-date: /home/locobot/Documents/kobuki/install/share/ecl_io/environment/library_path.sh
[1.238s] -- Installing: /home/locobot/Documents/kobuki/install/share/ecl_io/environment/library_path.dsv
[1.240s] -- Up-to-date: /home/locobot/Documents/kobuki/install/share/ament_index/resource_index/package_run_dependencies/ecl_io
[1.240s] -- Up-to-date: /home/locobot/Documents/kobuki/install/share/ament_index/resource_index/parent_prefix_path/ecl_io
[1.241s] -- Up-to-date: /home/locobot/Documents/kobuki/install/share/ecl_io/environment/ament_prefix_path.sh
[1.242s] -- Installing: /home/locobot/Documents/kobuki/install/share/ecl_io/environment/ament_prefix_path.dsv
[1.242s] -- Up-to-date: /home/locobot/Documents/kobuki/install/share/ecl_io/environment/path.sh
[1.256s] -- Installing: /home/locobot/Documents/kobuki/install/share/ecl_io/environment/path.dsv
[1.256s] -- Up-to-date: /home/locobot/Documents/kobuki/install/share/ecl_io/local_setup.bash
[1.257s] -- Up-to-date: /home/locobot/Documents/kobuki/install/share/ecl_io/local_setup.sh
[1.258s] -- Up-to-date: /home/locobot/Documents/kobuki/install/share/ecl_io/local_setup.zsh
[1.258s] -- Installing: /home/locobot/Documents/kobuki/install/share/ecl_io/local_setup.dsv
[1.259s] -- Installing: /home/locobot/Documents/kobuki/install/share/ecl_io/package.dsv
[1.259s] -- Up-to-date: /home/locobot/Documents/kobuki/install/share/ament_index/resource_index/packages/ecl_io
[1.260s] -- Up-to-date: /home/locobot/Documents/kobuki/install/share/ecl_io/cmake/ecl_ioExport.cmake
[1.260s] -- Installing: /home/locobot/Documents/kobuki/install/share/ecl_io/cmake/ecl_ioExport-noconfig.cmake
[1.261s] -- Up-to-date: /home/locobot/Documents/kobuki/install/share/ecl_io/cmake/ament_cmake_export_targets-extras.cmake
[1.261s] -- Up-to-date: /home/locobot/Documents/kobuki/install/share/ecl_io/cmake/ament_cmake_export_include_directories-extras.cmake
[1.262s] -- Up-to-date: /home/locobot/Documents/kobuki/install/share/ecl_io/cmake/ament_cmake_export_libraries-extras.cmake
[1.262s] -- Up-to-date: /home/locobot/Documents/kobuki/install/share/ecl_io/cmake/ament_cmake_export_dependencies-extras.cmake
[1.263s] -- Up-to-date: /home/locobot/Documents/kobuki/install/share/ecl_io/cmake/ecl_ioConfig.cmake
[1.263s] -- Up-to-date: /home/locobot/Documents/kobuki/install/share/ecl_io/cmake/ecl_ioConfig-version.cmake
[1.264s] -- Up-to-date: /home/locobot/Documents/kobuki/install/share/ecl_io/package.xml
[1.264s] -- Up-to-date: /home/locobot/Documents/kobuki/install/include/ecl/io.hpp
[1.265s] -- Up-to-date: /home/locobot/Documents/kobuki/install/include/ecl/sockets/macros.hpp
[1.265s] -- Up-to-date: /home/locobot/Documents/kobuki/install/include/ecl/sockets/poll.hpp
[1.266s] -- Up-to-date: /home/locobot/Documents/kobuki/install/include/ecl/sockets/socketpair.hpp
[1.267s] -- Up-to-date: /home/locobot/Documents/kobuki/install/include/ecl/sockets/sockets.hpp
[1.267s] -- Up-to-date: /home/locobot/Documents/kobuki/install/lib/libecl_io.so.1.1.0
[1.268s] -- Up-to-date: /home/locobot/Documents/kobuki/install/lib/libecl_io.so
[1.269s] -- Up-to-date: /home/locobot/Documents/kobuki/install/lib/ecl_io/demo_sockets
[1.269s] -- Up-to-date: /home/locobot/Documents/kobuki/install/lib/ecl_io/demo_socketpair
[1.270s] -- Up-to-date: /home/locobot/Documents/kobuki/install/lib/ecl_io/demo_poll
[1.271s] Invoked command in '/home/locobot/Documents/kobuki/build/ecl_io' returned '0': AMENT_PREFIX_PATH=/home/locobot/Documents/kobuki/install CMAKE_PREFIX_PATH=/home/locobot/Documents/kobuki/install LD_LIBRARY_PATH=/home/locobot/Documents/kobuki/install/lib PATH=/home/locobot/Documents/kobuki/install/bin:${PATH} PYTHONPATH=/home/locobot/Documents/kobuki/install/lib/python3.8/site-packages /usr/bin/cmake --install /home/locobot/Documents/kobuki/build/ecl_io
