[1.341s] Invoking command in '/home/locobot/Documents/kobuki/src/ament_lint/ament_pycodestyle': PYTHONPATH=/home/locobot/Documents/kobuki/build/ament_pycodestyle/prefix_override:/home/locobot/.local/lib/python3.8/site-packages/colcon_core/task/python/colcon_distutils_commands:/home/locobot/Documents/kobuki/install/lib/python3.8/site-packages: /usr/bin/python3 -W ignore:setup.py install is deprecated -W ignore:easy_install command is deprecated setup.py egg_info --egg-base ../../../build/ament_pycodestyle build --build-base /home/locobot/Documents/kobuki/build/ament_pycodestyle/build install --record /home/locobot/Documents/kobuki/build/ament_pycodestyle/install.log --single-version-externally-managed install_data
[1.767s] running egg_info
[1.768s] writing ../../../build/ament_pycodestyle/ament_pycodestyle.egg-info/PKG-INFO
[1.768s] writing dependency_links to ../../../build/ament_pycodestyle/ament_pycodestyle.egg-info/dependency_links.txt
[1.768s] writing entry points to ../../../build/ament_pycodestyle/ament_pycodestyle.egg-info/entry_points.txt
[1.768s] writing requirements to ../../../build/ament_pycodestyle/ament_pycodestyle.egg-info/requires.txt
[1.768s] writing top-level names to ../../../build/ament_pycodestyle/ament_pycodestyle.egg-info/top_level.txt
[1.831s] reading manifest file '../../../build/ament_pycodestyle/ament_pycodestyle.egg-info/SOURCES.txt'
[1.834s] writing manifest file '../../../build/ament_pycodestyle/ament_pycodestyle.egg-info/SOURCES.txt'
[1.834s] running build
[1.835s] running build_py
[1.848s] running install
[1.849s] running install_lib
[1.850s] running install_data
[1.850s] running install_egg_info
[1.851s] removing '/home/locobot/Documents/kobuki/install/lib/python3.8/site-packages/ament_pycodestyle-0.9.8-py3.8.egg-info' (and everything under it)
[1.852s] Copying ../../../build/ament_pycodestyle/ament_pycodestyle.egg-info to /home/locobot/Documents/kobuki/install/lib/python3.8/site-packages/ament_pycodestyle-0.9.8-py3.8.egg-info
[1.864s] running install_scripts
[1.911s] Installing ament_pycodestyle script to /home/locobot/Documents/kobuki/install/bin
[1.925s] writing list of installed files to '/home/locobot/Documents/kobuki/build/ament_pycodestyle/install.log'
[1.992s] Invoked command in '/home/locobot/Documents/kobuki/src/ament_lint/ament_pycodestyle' returned '0': PYTHONPATH=/home/locobot/Documents/kobuki/build/ament_pycodestyle/prefix_override:/home/locobot/.local/lib/python3.8/site-packages/colcon_core/task/python/colcon_distutils_commands:/home/locobot/Documents/kobuki/install/lib/python3.8/site-packages: /usr/bin/python3 -W ignore:setup.py install is deprecated -W ignore:easy_install command is deprecated setup.py egg_info --egg-base ../../../build/ament_pycodestyle build --build-base /home/locobot/Documents/kobuki/build/ament_pycodestyle/build install --record /home/locobot/Documents/kobuki/build/ament_pycodestyle/install.log --single-version-externally-managed install_data
