[0.520s] Invoking command in '/home/locobot/Documents/kobuki/build/ament_cmake': AMENT_PREFIX_PATH=/home/locobot/Documents/kobuki/install CMAKE_PREFIX_PATH=/home/locobot/Documents/kobuki/install LD_LIBRARY_PATH=/home/locobot/Documents/kobuki/install/lib PATH=/home/locobot/Documents/kobuki/install/bin:${PATH} PYTHONPATH=/home/locobot/Documents/kobuki/install/lib/python3.8/site-packages /usr/bin/cmake /home/locobot/Documents/kobuki/src/ament_cmake/ament_cmake -DBUILD_TESTING=OFF --no-warn-unused-cli -DCMAKE_INSTALL_PREFIX=/home/locobot/Documents/kobuki/install
[0.549s] Not searching for unused variables given on the command line.
[0.556s] -- Found ament_cmake_core: 0.9.12 (/home/locobot/Documents/kobuki/install/share/ament_cmake_core/cmake)
[0.590s] -- Using PYTHON_EXECUTABLE: /usr/bin/python3
[1.035s] -- Found ament_cmake_export_dependencies: 0.9.12 (/home/locobot/Documents/kobuki/install/share/ament_cmake_export_dependencies/cmake)
[1.214s] -- Configuring done
[1.217s] -- Generating done
[1.220s] -- Build files have been written to: /home/locobot/Documents/kobuki/build/ament_cmake
[1.250s] Invoked command in '/home/locobot/Documents/kobuki/build/ament_cmake' returned '0': AMENT_PREFIX_PATH=/home/locobot/Documents/kobuki/install CMAKE_PREFIX_PATH=/home/locobot/Documents/kobuki/install LD_LIBRARY_PATH=/home/locobot/Documents/kobuki/install/lib PATH=/home/locobot/Documents/kobuki/install/bin:${PATH} PYTHONPATH=/home/locobot/Documents/kobuki/install/lib/python3.8/site-packages /usr/bin/cmake /home/locobot/Documents/kobuki/src/ament_cmake/ament_cmake -DBUILD_TESTING=OFF --no-warn-unused-cli -DCMAKE_INSTALL_PREFIX=/home/locobot/Documents/kobuki/install
[1.252s] Invoking command in '/home/locobot/Documents/kobuki/build/ament_cmake': AMENT_PREFIX_PATH=/home/locobot/Documents/kobuki/install CMAKE_PREFIX_PATH=/home/locobot/Documents/kobuki/install LD_LIBRARY_PATH=/home/locobot/Documents/kobuki/install/lib PATH=/home/locobot/Documents/kobuki/install/bin:${PATH} PYTHONPATH=/home/locobot/Documents/kobuki/install/lib/python3.8/site-packages /usr/bin/cmake --build /home/locobot/Documents/kobuki/build/ament_cmake -- -j4 -l4
[1.393s] Invoked command in '/home/locobot/Documents/kobuki/build/ament_cmake' returned '0': AMENT_PREFIX_PATH=/home/locobot/Documents/kobuki/install CMAKE_PREFIX_PATH=/home/locobot/Documents/kobuki/install LD_LIBRARY_PATH=/home/locobot/Documents/kobuki/install/lib PATH=/home/locobot/Documents/kobuki/install/bin:${PATH} PYTHONPATH=/home/locobot/Documents/kobuki/install/lib/python3.8/site-packages /usr/bin/cmake --build /home/locobot/Documents/kobuki/build/ament_cmake -- -j4 -l4
[1.403s] Invoking command in '/home/locobot/Documents/kobuki/build/ament_cmake': AMENT_PREFIX_PATH=/home/locobot/Documents/kobuki/install CMAKE_PREFIX_PATH=/home/locobot/Documents/kobuki/install LD_LIBRARY_PATH=/home/locobot/Documents/kobuki/install/lib PATH=/home/locobot/Documents/kobuki/install/bin:${PATH} PYTHONPATH=/home/locobot/Documents/kobuki/install/lib/python3.8/site-packages /usr/bin/cmake --install /home/locobot/Documents/kobuki/build/ament_cmake
[1.438s] -- Install configuration: ""
[1.439s] -- Up-to-date: /home/locobot/Documents/kobuki/install/share/ament_index/resource_index/package_run_dependencies/ament_cmake
[1.449s] -- Up-to-date: /home/locobot/Documents/kobuki/install/share/ament_index/resource_index/parent_prefix_path/ament_cmake
[1.452s] -- Up-to-date: /home/locobot/Documents/kobuki/install/share/ament_cmake/environment/ament_prefix_path.sh
[1.452s] -- Installing: /home/locobot/Documents/kobuki/install/share/ament_cmake/environment/ament_prefix_path.dsv
[1.452s] -- Up-to-date: /home/locobot/Documents/kobuki/install/share/ament_cmake/environment/path.sh
[1.452s] -- Installing: /home/locobot/Documents/kobuki/install/share/ament_cmake/environment/path.dsv
[1.452s] -- Up-to-date: /home/locobot/Documents/kobuki/install/share/ament_cmake/local_setup.bash
[1.452s] -- Up-to-date: /home/locobot/Documents/kobuki/install/share/ament_cmake/local_setup.sh
[1.452s] -- Up-to-date: /home/locobot/Documents/kobuki/install/share/ament_cmake/local_setup.zsh
[1.453s] -- Installing: /home/locobot/Documents/kobuki/install/share/ament_cmake/local_setup.dsv
[1.453s] -- Installing: /home/locobot/Documents/kobuki/install/share/ament_cmake/package.dsv
[1.453s] -- Up-to-date: /home/locobot/Documents/kobuki/install/share/ament_index/resource_index/packages/ament_cmake
[1.453s] -- Up-to-date: /home/locobot/Documents/kobuki/install/share/ament_cmake/cmake/ament_cmake_export_dependencies-extras.cmake
[1.453s] -- Up-to-date: /home/locobot/Documents/kobuki/install/share/ament_cmake/cmake/ament_cmakeConfig.cmake
[1.453s] -- Up-to-date: /home/locobot/Documents/kobuki/install/share/ament_cmake/cmake/ament_cmakeConfig-version.cmake
[1.453s] -- Up-to-date: /home/locobot/Documents/kobuki/install/share/ament_cmake/package.xml
[1.453s] Invoked command in '/home/locobot/Documents/kobuki/build/ament_cmake' returned '0': AMENT_PREFIX_PATH=/home/locobot/Documents/kobuki/install CMAKE_PREFIX_PATH=/home/locobot/Documents/kobuki/install LD_LIBRARY_PATH=/home/locobot/Documents/kobuki/install/lib PATH=/home/locobot/Documents/kobuki/install/bin:${PATH} PYTHONPATH=/home/locobot/Documents/kobuki/install/lib/python3.8/site-packages /usr/bin/cmake --install /home/locobot/Documents/kobuki/build/ament_cmake
