-- The C compiler identification is GNU 9.4.0
-- The CXX compiler identification is GNU 9.4.0
-- Check for working C compiler: /usr/bin/cc
-- Check for working C compiler: /usr/bin/cc -- works
-- Detecting C compiler ABI info
-- Detecting C compiler ABI info - done
-- Detecting C compile features
-- Detecting C compile features - done
-- Check for working CXX compiler: /usr/bin/c++
-- Check for working CXX compiler: /usr/bin/c++ -- works
-- Detecting CXX compiler ABI info
-- Detecting CXX compiler ABI info - done
-- Detecting CXX compile features
-- Detecting CXX compile features - done
-- Found ament_cmake_ros: 0.9.2 (/home/locobot/Documents/kobuki/install/share/ament_cmake_ros/cmake)
-- Found PythonInterp: /usr/bin/python3 (found suitable version "3.8.10", minimum required is "3") 
-- Using PYTHON_EXECUTABLE: /usr/bin/python3
-- Found ecl_build: 1.0.3 (/home/locobot/Documents/kobuki/install/share/ecl_build/cmake)
-- Found ecl_config: 1.1.0 (/home/locobot/Documents/kobuki/install/share/ecl_config/cmake)
-- Found ecl_threads: 1.2.1 (/home/locobot/Documents/kobuki/install/share/ecl_threads/cmake)
-- Looking for pthread.h
-- Looking for pthread.h - found
-- Performing Test CMAKE_HAVE_LIBC_PTHREAD
-- Performing Test CMAKE_HAVE_LIBC_PTHREAD - Failed
-- Looking for pthread_create in pthreads
-- Looking for pthread_create in pthreads - not found
-- Looking for pthread_create in pthread
-- Looking for pthread_create in pthread - found
-- Found Threads: TRUE  
-- Check if compiler accepts -pthread
-- Check if compiler accepts -pthread - yes
-- Configuring done
-- Generating done
-- Build files have been written to: /home/locobot/Documents/kobuki/build/ecl_sigslots
[35m[1mScanning dependencies of target ecl_demo_sigslots_manager[0m
[ 25%] [32mBuilding CXX object src/examples/CMakeFiles/ecl_demo_sigslots_manager.dir/sigslots_manager.cpp.o[0m
[ 50%] [32m[1mLinking CXX executable demo_sigslots_manager[0m
[ 50%] Built target ecl_demo_sigslots_manager
[35m[1mScanning dependencies of target ecl_demo_sigslots[0m
[ 75%] [32mBuilding CXX object src/examples/CMakeFiles/ecl_demo_sigslots.dir/sigslots.cpp.o[0m
[100%] [32m[1mLinking CXX executable demo_sigslots[0m
[100%] Built target ecl_demo_sigslots
-- Install configuration: ""
-- Installing: /home/locobot/Documents/kobuki/install/share/ament_index/resource_index/package_run_dependencies/ecl_sigslots
-- Installing: /home/locobot/Documents/kobuki/install/share/ament_index/resource_index/parent_prefix_path/ecl_sigslots
-- Installing: /home/locobot/Documents/kobuki/install/share/ecl_sigslots/environment/ament_prefix_path.sh
-- Installing: /home/locobot/Documents/kobuki/install/share/ecl_sigslots/environment/ament_prefix_path.dsv
-- Installing: /home/locobot/Documents/kobuki/install/share/ecl_sigslots/environment/path.sh
-- Installing: /home/locobot/Documents/kobuki/install/share/ecl_sigslots/environment/path.dsv
-- Installing: /home/locobot/Documents/kobuki/install/share/ecl_sigslots/local_setup.bash
-- Installing: /home/locobot/Documents/kobuki/install/share/ecl_sigslots/local_setup.sh
-- Installing: /home/locobot/Documents/kobuki/install/share/ecl_sigslots/local_setup.zsh
-- Installing: /home/locobot/Documents/kobuki/install/share/ecl_sigslots/local_setup.dsv
-- Installing: /home/locobot/Documents/kobuki/install/share/ecl_sigslots/package.dsv
-- Installing: /home/locobot/Documents/kobuki/install/share/ament_index/resource_index/packages/ecl_sigslots
-- Installing: /home/locobot/Documents/kobuki/install/share/ecl_sigslots/cmake/ecl_sigslotsExport.cmake
-- Installing: /home/locobot/Documents/kobuki/install/share/ecl_sigslots/cmake/ament_cmake_export_targets-extras.cmake
-- Installing: /home/locobot/Documents/kobuki/install/share/ecl_sigslots/cmake/ament_cmake_export_include_directories-extras.cmake
-- Installing: /home/locobot/Documents/kobuki/install/share/ecl_sigslots/cmake/ament_cmake_export_dependencies-extras.cmake
-- Installing: /home/locobot/Documents/kobuki/install/share/ecl_sigslots/cmake/ecl_sigslotsConfig.cmake
-- Installing: /home/locobot/Documents/kobuki/install/share/ecl_sigslots/cmake/ecl_sigslotsConfig-version.cmake
-- Installing: /home/locobot/Documents/kobuki/install/share/ecl_sigslots/package.xml
-- Installing: /home/locobot/Documents/kobuki/install/include/ecl/sigslots.hpp
-- Installing: /home/locobot/Documents/kobuki/install/include/ecl/sigslots/macros.hpp
-- Installing: /home/locobot/Documents/kobuki/install/include/ecl/sigslots/manager.hpp
-- Installing: /home/locobot/Documents/kobuki/install/include/ecl/sigslots/signal.hpp
-- Installing: /home/locobot/Documents/kobuki/install/include/ecl/sigslots/sigslot.hpp
-- Installing: /home/locobot/Documents/kobuki/install/include/ecl/sigslots/slot.hpp
-- Installing: /home/locobot/Documents/kobuki/install/include/ecl/sigslots/topic.hpp
-- Installing: /home/locobot/Documents/kobuki/install/lib/ecl_sigslots/demo_sigslots
-- Set runtime path of "/home/locobot/Documents/kobuki/install/lib/ecl_sigslots/demo_sigslots" to ""
-- Installing: /home/locobot/Documents/kobuki/install/lib/ecl_sigslots/demo_sigslots_manager
-- Set runtime path of "/home/locobot/Documents/kobuki/install/lib/ecl_sigslots/demo_sigslots_manager" to ""
