[0.366s] Invoking command in '/home/locobot/Documents/kobuki/build/ecl_sigslots': AMENT_PREFIX_PATH=/home/locobot/Documents/kobuki/install CMAKE_PREFIX_PATH=/home/locobot/Documents/kobuki/install LD_LIBRARY_PATH=/home/locobot/Documents/kobuki/install/lib PATH=/home/locobot/Documents/kobuki/install/bin:${PATH} PYTHONPATH=/home/locobot/Documents/kobuki/install/lib/python3.8/site-packages /usr/bin/cmake /home/locobot/Documents/kobuki/src/ecl_core/ecl_sigslots -DBUILD_TESTING=OFF -DCMAKE_INSTALL_PREFIX=/home/locobot/Documents/kobuki/install
[0.491s] -- The C compiler identification is GNU 9.4.0
[0.722s] -- The CXX compiler identification is GNU 9.4.0
[0.758s] -- Check for working C compiler: /usr/bin/cc
[0.932s] -- Check for working C compiler: /usr/bin/cc -- works
[0.933s] -- Detecting C compiler ABI info
[1.097s] -- Detecting C compiler ABI info - done
[1.127s] -- Detecting C compile features
[1.128s] -- Detecting C compile features - done
[1.133s] -- Check for working CXX compiler: /usr/bin/c++
[1.348s] -- Check for working CXX compiler: /usr/bin/c++ -- works
[1.349s] -- Detecting CXX compiler ABI info
[1.555s] -- Detecting CXX compiler ABI info - done
[1.601s] -- Detecting CXX compile features
[1.602s] -- Detecting CXX compile features - done
[1.605s] -- Found ament_cmake_ros: 0.9.2 (/home/locobot/Documents/kobuki/install/share/ament_cmake_ros/cmake)
[1.640s] -- Found PythonInterp: /usr/bin/python3 (found suitable version "3.8.10", minimum required is "3") 
[1.643s] -- Using PYTHON_EXECUTABLE: /usr/bin/python3
[1.979s] -- Found ecl_build: 1.0.3 (/home/locobot/Documents/kobuki/install/share/ecl_build/cmake)
[2.000s] -- Found ecl_config: 1.1.0 (/home/locobot/Documents/kobuki/install/share/ecl_config/cmake)
[2.004s] -- Found ecl_threads: 1.2.1 (/home/locobot/Documents/kobuki/install/share/ecl_threads/cmake)
[2.014s] -- Looking for pthread.h
[2.274s] -- Looking for pthread.h - found
[2.274s] -- Performing Test CMAKE_HAVE_LIBC_PTHREAD
[2.387s] -- Performing Test CMAKE_HAVE_LIBC_PTHREAD - Failed
[2.388s] -- Looking for pthread_create in pthreads
[2.510s] -- Looking for pthread_create in pthreads - not found
[2.510s] -- Looking for pthread_create in pthread
[2.630s] -- Looking for pthread_create in pthread - found
[2.630s] -- Found Threads: TRUE  
[2.632s] -- Check if compiler accepts -pthread
[2.890s] -- Check if compiler accepts -pthread - yes
[3.276s] -- Configuring done
[3.304s] -- Generating done
[3.319s] -- Build files have been written to: /home/locobot/Documents/kobuki/build/ecl_sigslots
[3.329s] Invoked command in '/home/locobot/Documents/kobuki/build/ecl_sigslots' returned '0': AMENT_PREFIX_PATH=/home/locobot/Documents/kobuki/install CMAKE_PREFIX_PATH=/home/locobot/Documents/kobuki/install LD_LIBRARY_PATH=/home/locobot/Documents/kobuki/install/lib PATH=/home/locobot/Documents/kobuki/install/bin:${PATH} PYTHONPATH=/home/locobot/Documents/kobuki/install/lib/python3.8/site-packages /usr/bin/cmake /home/locobot/Documents/kobuki/src/ecl_core/ecl_sigslots -DBUILD_TESTING=OFF -DCMAKE_INSTALL_PREFIX=/home/locobot/Documents/kobuki/install
[3.330s] Invoking command in '/home/locobot/Documents/kobuki/build/ecl_sigslots': AMENT_PREFIX_PATH=/home/locobot/Documents/kobuki/install CMAKE_PREFIX_PATH=/home/locobot/Documents/kobuki/install LD_LIBRARY_PATH=/home/locobot/Documents/kobuki/install/lib PATH=/home/locobot/Documents/kobuki/install/bin:${PATH} PYTHONPATH=/home/locobot/Documents/kobuki/install/lib/python3.8/site-packages /usr/bin/cmake --build /home/locobot/Documents/kobuki/build/ecl_sigslots -- -j4 -l4
[3.450s] [35m[1mScanning dependencies of target ecl_demo_sigslots_manager[0m
[3.470s] [ 25%] [32mBuilding CXX object src/examples/CMakeFiles/ecl_demo_sigslots_manager.dir/sigslots_manager.cpp.o[0m
[5.603s] [ 50%] [32m[1mLinking CXX executable demo_sigslots_manager[0m
[5.839s] [ 50%] Built target ecl_demo_sigslots_manager
[5.867s] [35m[1mScanning dependencies of target ecl_demo_sigslots[0m
[5.889s] [ 75%] [32mBuilding CXX object src/examples/CMakeFiles/ecl_demo_sigslots.dir/sigslots.cpp.o[0m
[7.525s] [100%] [32m[1mLinking CXX executable demo_sigslots[0m
[7.701s] [100%] Built target ecl_demo_sigslots
[7.745s] Invoked command in '/home/locobot/Documents/kobuki/build/ecl_sigslots' returned '0': AMENT_PREFIX_PATH=/home/locobot/Documents/kobuki/install CMAKE_PREFIX_PATH=/home/locobot/Documents/kobuki/install LD_LIBRARY_PATH=/home/locobot/Documents/kobuki/install/lib PATH=/home/locobot/Documents/kobuki/install/bin:${PATH} PYTHONPATH=/home/locobot/Documents/kobuki/install/lib/python3.8/site-packages /usr/bin/cmake --build /home/locobot/Documents/kobuki/build/ecl_sigslots -- -j4 -l4
[7.746s] Invoking command in '/home/locobot/Documents/kobuki/build/ecl_sigslots': AMENT_PREFIX_PATH=/home/locobot/Documents/kobuki/install CMAKE_PREFIX_PATH=/home/locobot/Documents/kobuki/install LD_LIBRARY_PATH=/home/locobot/Documents/kobuki/install/lib PATH=/home/locobot/Documents/kobuki/install/bin:${PATH} PYTHONPATH=/home/locobot/Documents/kobuki/install/lib/python3.8/site-packages /usr/bin/cmake --install /home/locobot/Documents/kobuki/build/ecl_sigslots
[7.766s] -- Install configuration: ""
[7.766s] -- Installing: /home/locobot/Documents/kobuki/install/share/ament_index/resource_index/package_run_dependencies/ecl_sigslots
[7.766s] -- Installing: /home/locobot/Documents/kobuki/install/share/ament_index/resource_index/parent_prefix_path/ecl_sigslots
[7.766s] -- Installing: /home/locobot/Documents/kobuki/install/share/ecl_sigslots/environment/ament_prefix_path.sh
[7.766s] -- Installing: /home/locobot/Documents/kobuki/install/share/ecl_sigslots/environment/ament_prefix_path.dsv
[7.766s] -- Installing: /home/locobot/Documents/kobuki/install/share/ecl_sigslots/environment/path.sh
[7.767s] -- Installing: /home/locobot/Documents/kobuki/install/share/ecl_sigslots/environment/path.dsv
[7.767s] -- Installing: /home/locobot/Documents/kobuki/install/share/ecl_sigslots/local_setup.bash
[7.767s] -- Installing: /home/locobot/Documents/kobuki/install/share/ecl_sigslots/local_setup.sh
[7.767s] -- Installing: /home/locobot/Documents/kobuki/install/share/ecl_sigslots/local_setup.zsh
[7.767s] -- Installing: /home/locobot/Documents/kobuki/install/share/ecl_sigslots/local_setup.dsv
[7.767s] -- Installing: /home/locobot/Documents/kobuki/install/share/ecl_sigslots/package.dsv
[7.767s] -- Installing: /home/locobot/Documents/kobuki/install/share/ament_index/resource_index/packages/ecl_sigslots
[7.767s] -- Installing: /home/locobot/Documents/kobuki/install/share/ecl_sigslots/cmake/ecl_sigslotsExport.cmake
[7.767s] -- Installing: /home/locobot/Documents/kobuki/install/share/ecl_sigslots/cmake/ament_cmake_export_targets-extras.cmake
[7.767s] -- Installing: /home/locobot/Documents/kobuki/install/share/ecl_sigslots/cmake/ament_cmake_export_include_directories-extras.cmake
[7.768s] -- Installing: /home/locobot/Documents/kobuki/install/share/ecl_sigslots/cmake/ament_cmake_export_dependencies-extras.cmake
[7.768s] -- Installing: /home/locobot/Documents/kobuki/install/share/ecl_sigslots/cmake/ecl_sigslotsConfig.cmake
[7.768s] -- Installing: /home/locobot/Documents/kobuki/install/share/ecl_sigslots/cmake/ecl_sigslotsConfig-version.cmake
[7.768s] -- Installing: /home/locobot/Documents/kobuki/install/share/ecl_sigslots/package.xml
[7.768s] -- Installing: /home/locobot/Documents/kobuki/install/include/ecl/sigslots.hpp
[7.768s] -- Installing: /home/locobot/Documents/kobuki/install/include/ecl/sigslots/macros.hpp
[7.768s] -- Installing: /home/locobot/Documents/kobuki/install/include/ecl/sigslots/manager.hpp
[7.768s] -- Installing: /home/locobot/Documents/kobuki/install/include/ecl/sigslots/signal.hpp
[7.768s] -- Installing: /home/locobot/Documents/kobuki/install/include/ecl/sigslots/sigslot.hpp
[7.769s] -- Installing: /home/locobot/Documents/kobuki/install/include/ecl/sigslots/slot.hpp
[7.769s] -- Installing: /home/locobot/Documents/kobuki/install/include/ecl/sigslots/topic.hpp
[7.777s] -- Installing: /home/locobot/Documents/kobuki/install/lib/ecl_sigslots/demo_sigslots
[7.777s] -- Set runtime path of "/home/locobot/Documents/kobuki/install/lib/ecl_sigslots/demo_sigslots" to ""
[7.777s] -- Installing: /home/locobot/Documents/kobuki/install/lib/ecl_sigslots/demo_sigslots_manager
[7.779s] -- Set runtime path of "/home/locobot/Documents/kobuki/install/lib/ecl_sigslots/demo_sigslots_manager" to ""
[7.811s] Invoked command in '/home/locobot/Documents/kobuki/build/ecl_sigslots' returned '0': AMENT_PREFIX_PATH=/home/locobot/Documents/kobuki/install CMAKE_PREFIX_PATH=/home/locobot/Documents/kobuki/install LD_LIBRARY_PATH=/home/locobot/Documents/kobuki/install/lib PATH=/home/locobot/Documents/kobuki/install/bin:${PATH} PYTHONPATH=/home/locobot/Documents/kobuki/install/lib/python3.8/site-packages /usr/bin/cmake --install /home/locobot/Documents/kobuki/build/ecl_sigslots
