Re-run cmake no build system arguments
-- Found ament_cmake_ros: 0.9.2 (/home/locobot/Documents/kobuki/install/share/ament_cmake_ros/cmake)
-- Using PYTHON_EXECUTABLE: /usr/bin/python3
-- Found ecl_build: 1.0.3 (/home/locobot/Documents/kobuki/install/share/ecl_build/cmake)
-- Found ecl_concepts: 1.2.1 (/home/locobot/Documents/kobuki/install/share/ecl_concepts/cmake)
-- Configuring done
-- Generating done
-- Build files have been written to: /home/locobot/Documents/kobuki/build/ecl_utilities
/usr/bin/cmake -S/home/locobot/Documents/kobuki/src/ecl_core/ecl_utilities -B/home/locobot/Documents/kobuki/build/ecl_utilities --check-build-system CMakeFiles/Makefile.cmake 0
/usr/bin/cmake -E cmake_progress_start /home/locobot/Documents/kobuki/build/ecl_utilities/CMakeFiles /home/locobot/Documents/kobuki/build/ecl_utilities/CMakeFiles/progress.marks
/usr/bin/make -f CMakeFiles/Makefile2 all
make[1]: Entering directory '/home/locobot/Documents/kobuki/build/ecl_utilities'
/usr/bin/make -f src/examples/CMakeFiles/ecl_demo_constructors.dir/build.make src/examples/CMakeFiles/ecl_demo_constructors.dir/depend
make[2]: Entering directory '/home/locobot/Documents/kobuki/build/ecl_utilities'
cd /home/locobot/Documents/kobuki/build/ecl_utilities && /usr/bin/cmake -E cmake_depends "Unix Makefiles" /home/locobot/Documents/kobuki/src/ecl_core/ecl_utilities /home/locobot/Documents/kobuki/src/ecl_core/ecl_utilities/src/examples /home/locobot/Documents/kobuki/build/ecl_utilities /home/locobot/Documents/kobuki/build/ecl_utilities/src/examples /home/locobot/Documents/kobuki/build/ecl_utilities/src/examples/CMakeFiles/ecl_demo_constructors.dir/DependInfo.cmake --color=
make[2]: Leaving directory '/home/locobot/Documents/kobuki/build/ecl_utilities'
/usr/bin/make -f src/examples/CMakeFiles/ecl_demo_constructors.dir/build.make src/examples/CMakeFiles/ecl_demo_constructors.dir/build
make[2]: Entering directory '/home/locobot/Documents/kobuki/build/ecl_utilities'
make[2]: Nothing to be done for 'src/examples/CMakeFiles/ecl_demo_constructors.dir/build'.
make[2]: Leaving directory '/home/locobot/Documents/kobuki/build/ecl_utilities'
[100%] Built target ecl_demo_constructors
make[1]: Leaving directory '/home/locobot/Documents/kobuki/build/ecl_utilities'
/usr/bin/cmake -E cmake_progress_start /home/locobot/Documents/kobuki/build/ecl_utilities/CMakeFiles 0
-- Install configuration: ""
-- Up-to-date: /home/locobot/Documents/kobuki/install/share/ament_index/resource_index/package_run_dependencies/ecl_utilities
-- Up-to-date: /home/locobot/Documents/kobuki/install/share/ament_index/resource_index/parent_prefix_path/ecl_utilities
-- Up-to-date: /home/locobot/Documents/kobuki/install/share/ecl_utilities/environment/ament_prefix_path.sh
-- Installing: /home/locobot/Documents/kobuki/install/share/ecl_utilities/environment/ament_prefix_path.dsv
-- Up-to-date: /home/locobot/Documents/kobuki/install/share/ecl_utilities/environment/path.sh
-- Installing: /home/locobot/Documents/kobuki/install/share/ecl_utilities/environment/path.dsv
-- Up-to-date: /home/locobot/Documents/kobuki/install/share/ecl_utilities/local_setup.bash
-- Up-to-date: /home/locobot/Documents/kobuki/install/share/ecl_utilities/local_setup.sh
-- Up-to-date: /home/locobot/Documents/kobuki/install/share/ecl_utilities/local_setup.zsh
-- Installing: /home/locobot/Documents/kobuki/install/share/ecl_utilities/local_setup.dsv
-- Installing: /home/locobot/Documents/kobuki/install/share/ecl_utilities/package.dsv
-- Up-to-date: /home/locobot/Documents/kobuki/install/share/ament_index/resource_index/packages/ecl_utilities
-- Up-to-date: /home/locobot/Documents/kobuki/install/share/ecl_utilities/cmake/ecl_utilitiesExport.cmake
-- Up-to-date: /home/locobot/Documents/kobuki/install/share/ecl_utilities/cmake/ament_cmake_export_targets-extras.cmake
-- Up-to-date: /home/locobot/Documents/kobuki/install/share/ecl_utilities/cmake/ament_cmake_export_include_directories-extras.cmake
-- Up-to-date: /home/locobot/Documents/kobuki/install/share/ecl_utilities/cmake/ament_cmake_export_dependencies-extras.cmake
-- Up-to-date: /home/locobot/Documents/kobuki/install/share/ecl_utilities/cmake/ecl_utilitiesConfig.cmake
-- Up-to-date: /home/locobot/Documents/kobuki/install/share/ecl_utilities/cmake/ecl_utilitiesConfig-version.cmake
-- Up-to-date: /home/locobot/Documents/kobuki/install/share/ecl_utilities/package.xml
-- Up-to-date: /home/locobot/Documents/kobuki/install/include/ecl/utilities.hpp
-- Up-to-date: /home/locobot/Documents/kobuki/install/include/ecl/utilities/blueprints.hpp
-- Up-to-date: /home/locobot/Documents/kobuki/install/include/ecl/utilities/flags.hpp
-- Up-to-date: /home/locobot/Documents/kobuki/install/include/ecl/utilities/function_objects.hpp
-- Up-to-date: /home/locobot/Documents/kobuki/install/include/ecl/utilities/parameter.hpp
-- Up-to-date: /home/locobot/Documents/kobuki/install/include/ecl/utilities/references.hpp
-- Up-to-date: /home/locobot/Documents/kobuki/install/include/ecl/utilities/singleton.hpp
-- Up-to-date: /home/locobot/Documents/kobuki/install/include/ecl/utilities/void.hpp
-- Up-to-date: /home/locobot/Documents/kobuki/install/lib/ecl_utilities/demo_constructors
