[0.308s] Invoking command in '/home/locobot/Documents/kobuki/build/ecl_utilities': AMENT_PREFIX_PATH=/home/locobot/Documents/kobuki/install CMAKE_PREFIX_PATH=/home/locobot/Documents/kobuki/install LD_LIBRARY_PATH=/home/locobot/Documents/kobuki/install/lib PATH=/home/locobot/Documents/kobuki/install/bin:${PATH} PYTHONPATH=/home/locobot/Documents/kobuki/install/lib/python3.8/site-packages /usr/bin/cmake /home/locobot/Documents/kobuki/src/ecl_core/ecl_utilities -DBUILD_TESTING=OFF -DCMAKE_INSTALL_PREFIX=/home/locobot/Documents/kobuki/install
[0.326s] Re-run cmake no build system arguments
[0.339s] -- Found ament_cmake_ros: 0.9.2 (/home/locobot/Documents/kobuki/install/share/ament_cmake_ros/cmake)
[0.373s] -- Using PYTHON_EXECUTABLE: /usr/bin/python3
[0.626s] -- Found ecl_build: 1.0.3 (/home/locobot/Documents/kobuki/install/share/ecl_build/cmake)
[0.638s] -- Found ecl_concepts: 1.2.1 (/home/locobot/Documents/kobuki/install/share/ecl_concepts/cmake)
[0.819s] -- Configuring done
[0.830s] -- Generating done
[0.835s] -- Build files have been written to: /home/locobot/Documents/kobuki/build/ecl_utilities
[0.863s] Invoked command in '/home/locobot/Documents/kobuki/build/ecl_utilities' returned '0': AMENT_PREFIX_PATH=/home/locobot/Documents/kobuki/install CMAKE_PREFIX_PATH=/home/locobot/Documents/kobuki/install LD_LIBRARY_PATH=/home/locobot/Documents/kobuki/install/lib PATH=/home/locobot/Documents/kobuki/install/bin:${PATH} PYTHONPATH=/home/locobot/Documents/kobuki/install/lib/python3.8/site-packages /usr/bin/cmake /home/locobot/Documents/kobuki/src/ecl_core/ecl_utilities -DBUILD_TESTING=OFF -DCMAKE_INSTALL_PREFIX=/home/locobot/Documents/kobuki/install
[0.865s] Invoking command in '/home/locobot/Documents/kobuki/build/ecl_utilities': AMENT_PREFIX_PATH=/home/locobot/Documents/kobuki/install CMAKE_PREFIX_PATH=/home/locobot/Documents/kobuki/install LD_LIBRARY_PATH=/home/locobot/Documents/kobuki/install/lib PATH=/home/locobot/Documents/kobuki/install/bin:${PATH} PYTHONPATH=/home/locobot/Documents/kobuki/install/lib/python3.8/site-packages /usr/bin/cmake --build /home/locobot/Documents/kobuki/build/ecl_utilities -- -j4 -l4
[0.907s] /usr/bin/cmake -S/home/locobot/Documents/kobuki/src/ecl_core/ecl_utilities -B/home/locobot/Documents/kobuki/build/ecl_utilities --check-build-system CMakeFiles/Makefile.cmake 0
[0.916s] /usr/bin/cmake -E cmake_progress_start /home/locobot/Documents/kobuki/build/ecl_utilities/CMakeFiles /home/locobot/Documents/kobuki/build/ecl_utilities/CMakeFiles/progress.marks
[0.928s] /usr/bin/make -f CMakeFiles/Makefile2 all
[0.929s] make[1]: Entering directory '/home/locobot/Documents/kobuki/build/ecl_utilities'
[0.929s] /usr/bin/make -f src/examples/CMakeFiles/ecl_demo_constructors.dir/build.make src/examples/CMakeFiles/ecl_demo_constructors.dir/depend
[0.937s] make[2]: Entering directory '/home/locobot/Documents/kobuki/build/ecl_utilities'
[0.937s] cd /home/locobot/Documents/kobuki/build/ecl_utilities && /usr/bin/cmake -E cmake_depends "Unix Makefiles" /home/locobot/Documents/kobuki/src/ecl_core/ecl_utilities /home/locobot/Documents/kobuki/src/ecl_core/ecl_utilities/src/examples /home/locobot/Documents/kobuki/build/ecl_utilities /home/locobot/Documents/kobuki/build/ecl_utilities/src/examples /home/locobot/Documents/kobuki/build/ecl_utilities/src/examples/CMakeFiles/ecl_demo_constructors.dir/DependInfo.cmake --color=
[0.946s] make[2]: Leaving directory '/home/locobot/Documents/kobuki/build/ecl_utilities'
[0.946s] /usr/bin/make -f src/examples/CMakeFiles/ecl_demo_constructors.dir/build.make src/examples/CMakeFiles/ecl_demo_constructors.dir/build
[0.956s] make[2]: Entering directory '/home/locobot/Documents/kobuki/build/ecl_utilities'
[0.956s] make[2]: Nothing to be done for 'src/examples/CMakeFiles/ecl_demo_constructors.dir/build'.
[0.956s] make[2]: Leaving directory '/home/locobot/Documents/kobuki/build/ecl_utilities'
[0.965s] [100%] Built target ecl_demo_constructors
[0.965s] make[1]: Leaving directory '/home/locobot/Documents/kobuki/build/ecl_utilities'
[0.965s] /usr/bin/cmake -E cmake_progress_start /home/locobot/Documents/kobuki/build/ecl_utilities/CMakeFiles 0
[1.020s] Invoked command in '/home/locobot/Documents/kobuki/build/ecl_utilities' returned '0': AMENT_PREFIX_PATH=/home/locobot/Documents/kobuki/install CMAKE_PREFIX_PATH=/home/locobot/Documents/kobuki/install LD_LIBRARY_PATH=/home/locobot/Documents/kobuki/install/lib PATH=/home/locobot/Documents/kobuki/install/bin:${PATH} PYTHONPATH=/home/locobot/Documents/kobuki/install/lib/python3.8/site-packages /usr/bin/cmake --build /home/locobot/Documents/kobuki/build/ecl_utilities -- -j4 -l4
[1.021s] Invoking command in '/home/locobot/Documents/kobuki/build/ecl_utilities': AMENT_PREFIX_PATH=/home/locobot/Documents/kobuki/install CMAKE_PREFIX_PATH=/home/locobot/Documents/kobuki/install LD_LIBRARY_PATH=/home/locobot/Documents/kobuki/install/lib PATH=/home/locobot/Documents/kobuki/install/bin:${PATH} PYTHONPATH=/home/locobot/Documents/kobuki/install/lib/python3.8/site-packages /usr/bin/cmake --install /home/locobot/Documents/kobuki/build/ecl_utilities
[1.036s] -- Install configuration: ""
[1.045s] -- Up-to-date: /home/locobot/Documents/kobuki/install/share/ament_index/resource_index/package_run_dependencies/ecl_utilities
[1.045s] -- Up-to-date: /home/locobot/Documents/kobuki/install/share/ament_index/resource_index/parent_prefix_path/ecl_utilities
[1.045s] -- Up-to-date: /home/locobot/Documents/kobuki/install/share/ecl_utilities/environment/ament_prefix_path.sh
[1.045s] -- Installing: /home/locobot/Documents/kobuki/install/share/ecl_utilities/environment/ament_prefix_path.dsv
[1.045s] -- Up-to-date: /home/locobot/Documents/kobuki/install/share/ecl_utilities/environment/path.sh
[1.045s] -- Installing: /home/locobot/Documents/kobuki/install/share/ecl_utilities/environment/path.dsv
[1.046s] -- Up-to-date: /home/locobot/Documents/kobuki/install/share/ecl_utilities/local_setup.bash
[1.046s] -- Up-to-date: /home/locobot/Documents/kobuki/install/share/ecl_utilities/local_setup.sh
[1.046s] -- Up-to-date: /home/locobot/Documents/kobuki/install/share/ecl_utilities/local_setup.zsh
[1.046s] -- Installing: /home/locobot/Documents/kobuki/install/share/ecl_utilities/local_setup.dsv
[1.046s] -- Installing: /home/locobot/Documents/kobuki/install/share/ecl_utilities/package.dsv
[1.046s] -- Up-to-date: /home/locobot/Documents/kobuki/install/share/ament_index/resource_index/packages/ecl_utilities
[1.046s] -- Up-to-date: /home/locobot/Documents/kobuki/install/share/ecl_utilities/cmake/ecl_utilitiesExport.cmake
[1.046s] -- Up-to-date: /home/locobot/Documents/kobuki/install/share/ecl_utilities/cmake/ament_cmake_export_targets-extras.cmake
[1.046s] -- Up-to-date: /home/locobot/Documents/kobuki/install/share/ecl_utilities/cmake/ament_cmake_export_include_directories-extras.cmake
[1.047s] -- Up-to-date: /home/locobot/Documents/kobuki/install/share/ecl_utilities/cmake/ament_cmake_export_dependencies-extras.cmake
[1.047s] -- Up-to-date: /home/locobot/Documents/kobuki/install/share/ecl_utilities/cmake/ecl_utilitiesConfig.cmake
[1.047s] -- Up-to-date: /home/locobot/Documents/kobuki/install/share/ecl_utilities/cmake/ecl_utilitiesConfig-version.cmake
[1.047s] -- Up-to-date: /home/locobot/Documents/kobuki/install/share/ecl_utilities/package.xml
[1.047s] -- Up-to-date: /home/locobot/Documents/kobuki/install/include/ecl/utilities.hpp
[1.047s] -- Up-to-date: /home/locobot/Documents/kobuki/install/include/ecl/utilities/blueprints.hpp
[1.047s] -- Up-to-date: /home/locobot/Documents/kobuki/install/include/ecl/utilities/flags.hpp
[1.047s] -- Up-to-date: /home/locobot/Documents/kobuki/install/include/ecl/utilities/function_objects.hpp
[1.047s] -- Up-to-date: /home/locobot/Documents/kobuki/install/include/ecl/utilities/parameter.hpp
[1.048s] -- Up-to-date: /home/locobot/Documents/kobuki/install/include/ecl/utilities/references.hpp
[1.048s] -- Up-to-date: /home/locobot/Documents/kobuki/install/include/ecl/utilities/singleton.hpp
[1.048s] -- Up-to-date: /home/locobot/Documents/kobuki/install/include/ecl/utilities/void.hpp
[1.048s] -- Up-to-date: /home/locobot/Documents/kobuki/install/lib/ecl_utilities/demo_constructors
[1.057s] Invoked command in '/home/locobot/Documents/kobuki/build/ecl_utilities' returned '0': AMENT_PREFIX_PATH=/home/locobot/Documents/kobuki/install CMAKE_PREFIX_PATH=/home/locobot/Documents/kobuki/install LD_LIBRARY_PATH=/home/locobot/Documents/kobuki/install/lib PATH=/home/locobot/Documents/kobuki/install/bin:${PATH} PYTHONPATH=/home/locobot/Documents/kobuki/install/lib/python3.8/site-packages /usr/bin/cmake --install /home/locobot/Documents/kobuki/build/ecl_utilities
