Re-run cmake no build system arguments
-- Found ament_cmake_core: 0.9.12 (/home/locobot/Documents/kobuki/install/share/ament_cmake_core/cmake)
-- Using PYTHON_EXECUTABLE: /usr/bin/python3
-- Configuring done
-- Generating done
-- Build files have been written to: /home/locobot/Documents/kobuki/build/ament_cmake_export_libraries
/usr/bin/cmake -S/home/locobot/Documents/kobuki/src/ament_cmake/ament_cmake_export_libraries -B/home/locobot/Documents/kobuki/build/ament_cmake_export_libraries --check-build-system CMakeFiles/Makefile.cmake 0
/usr/bin/cmake -E cmake_progress_start /home/locobot/Documents/kobuki/build/ament_cmake_export_libraries/CMakeFiles /home/locobot/Documents/kobuki/build/ament_cmake_export_libraries/CMakeFiles/progress.marks
/usr/bin/make -f CMakeFiles/Makefile2 all
make[1]: Entering directory '/home/locobot/Documents/kobuki/build/ament_cmake_export_libraries'
make[1]: Nothing to be done for 'all'.
make[1]: Leaving directory '/home/locobot/Documents/kobuki/build/ament_cmake_export_libraries'
/usr/bin/cmake -E cmake_progress_start /home/locobot/Documents/kobuki/build/ament_cmake_export_libraries/CMakeFiles 0
-- Install configuration: ""
-- Up-to-date: /home/locobot/Documents/kobuki/install/share/ament_index/resource_index/package_run_dependencies/ament_cmake_export_libraries
-- Up-to-date: /home/locobot/Documents/kobuki/install/share/ament_index/resource_index/parent_prefix_path/ament_cmake_export_libraries
-- Up-to-date: /home/locobot/Documents/kobuki/install/share/ament_cmake_export_libraries/environment/ament_prefix_path.sh
-- Installing: /home/locobot/Documents/kobuki/install/share/ament_cmake_export_libraries/environment/ament_prefix_path.dsv
-- Up-to-date: /home/locobot/Documents/kobuki/install/share/ament_cmake_export_libraries/environment/path.sh
-- Installing: /home/locobot/Documents/kobuki/install/share/ament_cmake_export_libraries/environment/path.dsv
-- Up-to-date: /home/locobot/Documents/kobuki/install/share/ament_cmake_export_libraries/local_setup.bash
-- Up-to-date: /home/locobot/Documents/kobuki/install/share/ament_cmake_export_libraries/local_setup.sh
-- Up-to-date: /home/locobot/Documents/kobuki/install/share/ament_cmake_export_libraries/local_setup.zsh
-- Installing: /home/locobot/Documents/kobuki/install/share/ament_cmake_export_libraries/local_setup.dsv
-- Installing: /home/locobot/Documents/kobuki/install/share/ament_cmake_export_libraries/package.dsv
-- Up-to-date: /home/locobot/Documents/kobuki/install/share/ament_index/resource_index/packages/ament_cmake_export_libraries
-- Up-to-date: /home/locobot/Documents/kobuki/install/share/ament_cmake_export_libraries/cmake/ament_cmake_export_libraries-extras.cmake
-- Up-to-date: /home/locobot/Documents/kobuki/install/share/ament_cmake_export_libraries/cmake/ament_cmake_export_librariesConfig.cmake
-- Up-to-date: /home/locobot/Documents/kobuki/install/share/ament_cmake_export_libraries/cmake/ament_cmake_export_librariesConfig-version.cmake
-- Up-to-date: /home/locobot/Documents/kobuki/install/share/ament_cmake_export_libraries/package.xml
-- Up-to-date: /home/locobot/Documents/kobuki/install/share/ament_cmake_export_libraries/cmake
-- Up-to-date: /home/locobot/Documents/kobuki/install/share/ament_cmake_export_libraries/cmake/ament_cmake_export_libraries-extras.cmake.in
-- Up-to-date: /home/locobot/Documents/kobuki/install/share/ament_cmake_export_libraries/cmake/ament_export_library_names.cmake
-- Up-to-date: /home/locobot/Documents/kobuki/install/share/ament_cmake_export_libraries/cmake/ament_cmake_export_libraries_package_hook.cmake
-- Up-to-date: /home/locobot/Documents/kobuki/install/share/ament_cmake_export_libraries/cmake/ament_export_libraries.cmake
