[0.171s] Invoking command in '/home/locobot/Documents/kobuki/build/ament_cmake_export_libraries': AMENT_PREFIX_PATH=/home/locobot/Documents/kobuki/install CMAKE_PREFIX_PATH=/home/locobot/Documents/kobuki/install LD_LIBRARY_PATH=/home/locobot/Documents/kobuki/install/lib PATH=/home/locobot/Documents/kobuki/install/bin:${PATH} PYTHONPATH=/home/locobot/Documents/kobuki/install/lib/python3.8/site-packages /usr/bin/cmake /home/locobot/Documents/kobuki/src/ament_cmake/ament_cmake_export_libraries -DBUILD_TESTING=OFF -DCMAKE_INSTALL_PREFIX=/home/locobot/Documents/kobuki/install
[0.217s] Re-run cmake no build system arguments
[0.220s] -- Found ament_cmake_core: 0.9.12 (/home/locobot/Documents/kobuki/install/share/ament_cmake_core/cmake)
[0.288s] -- Using PYTHON_EXECUTABLE: /usr/bin/python3
[1.181s] -- Configuring done
[1.182s] -- Generating done
[1.182s] -- Build files have been written to: /home/locobot/Documents/kobuki/build/ament_cmake_export_libraries
[1.285s] Invoked command in '/home/locobot/Documents/kobuki/build/ament_cmake_export_libraries' returned '0': AMENT_PREFIX_PATH=/home/locobot/Documents/kobuki/install CMAKE_PREFIX_PATH=/home/locobot/Documents/kobuki/install LD_LIBRARY_PATH=/home/locobot/Documents/kobuki/install/lib PATH=/home/locobot/Documents/kobuki/install/bin:${PATH} PYTHONPATH=/home/locobot/Documents/kobuki/install/lib/python3.8/site-packages /usr/bin/cmake /home/locobot/Documents/kobuki/src/ament_cmake/ament_cmake_export_libraries -DBUILD_TESTING=OFF -DCMAKE_INSTALL_PREFIX=/home/locobot/Documents/kobuki/install
[1.293s] Invoking command in '/home/locobot/Documents/kobuki/build/ament_cmake_export_libraries': AMENT_PREFIX_PATH=/home/locobot/Documents/kobuki/install CMAKE_PREFIX_PATH=/home/locobot/Documents/kobuki/install LD_LIBRARY_PATH=/home/locobot/Documents/kobuki/install/lib PATH=/home/locobot/Documents/kobuki/install/bin:${PATH} PYTHONPATH=/home/locobot/Documents/kobuki/install/lib/python3.8/site-packages /usr/bin/cmake --build /home/locobot/Documents/kobuki/build/ament_cmake_export_libraries -- -j4 -l4
[1.367s] /usr/bin/cmake -S/home/locobot/Documents/kobuki/src/ament_cmake/ament_cmake_export_libraries -B/home/locobot/Documents/kobuki/build/ament_cmake_export_libraries --check-build-system CMakeFiles/Makefile.cmake 0
[1.384s] /usr/bin/cmake -E cmake_progress_start /home/locobot/Documents/kobuki/build/ament_cmake_export_libraries/CMakeFiles /home/locobot/Documents/kobuki/build/ament_cmake_export_libraries/CMakeFiles/progress.marks
[1.420s] /usr/bin/make -f CMakeFiles/Makefile2 all
[1.427s] make[1]: Entering directory '/home/locobot/Documents/kobuki/build/ament_cmake_export_libraries'
[1.427s] make[1]: Nothing to be done for 'all'.
[1.427s] make[1]: Leaving directory '/home/locobot/Documents/kobuki/build/ament_cmake_export_libraries'
[1.428s] /usr/bin/cmake -E cmake_progress_start /home/locobot/Documents/kobuki/build/ament_cmake_export_libraries/CMakeFiles 0
[1.548s] Invoked command in '/home/locobot/Documents/kobuki/build/ament_cmake_export_libraries' returned '0': AMENT_PREFIX_PATH=/home/locobot/Documents/kobuki/install CMAKE_PREFIX_PATH=/home/locobot/Documents/kobuki/install LD_LIBRARY_PATH=/home/locobot/Documents/kobuki/install/lib PATH=/home/locobot/Documents/kobuki/install/bin:${PATH} PYTHONPATH=/home/locobot/Documents/kobuki/install/lib/python3.8/site-packages /usr/bin/cmake --build /home/locobot/Documents/kobuki/build/ament_cmake_export_libraries -- -j4 -l4
[1.549s] Invoking command in '/home/locobot/Documents/kobuki/build/ament_cmake_export_libraries': AMENT_PREFIX_PATH=/home/locobot/Documents/kobuki/install CMAKE_PREFIX_PATH=/home/locobot/Documents/kobuki/install LD_LIBRARY_PATH=/home/locobot/Documents/kobuki/install/lib PATH=/home/locobot/Documents/kobuki/install/bin:${PATH} PYTHONPATH=/home/locobot/Documents/kobuki/install/lib/python3.8/site-packages /usr/bin/cmake --install /home/locobot/Documents/kobuki/build/ament_cmake_export_libraries
[1.601s] -- Install configuration: ""
[1.601s] -- Up-to-date: /home/locobot/Documents/kobuki/install/share/ament_index/resource_index/package_run_dependencies/ament_cmake_export_libraries
[1.601s] -- Up-to-date: /home/locobot/Documents/kobuki/install/share/ament_index/resource_index/parent_prefix_path/ament_cmake_export_libraries
[1.601s] -- Up-to-date: /home/locobot/Documents/kobuki/install/share/ament_cmake_export_libraries/environment/ament_prefix_path.sh
[1.601s] -- Installing: /home/locobot/Documents/kobuki/install/share/ament_cmake_export_libraries/environment/ament_prefix_path.dsv
[1.601s] -- Up-to-date: /home/locobot/Documents/kobuki/install/share/ament_cmake_export_libraries/environment/path.sh
[1.602s] -- Installing: /home/locobot/Documents/kobuki/install/share/ament_cmake_export_libraries/environment/path.dsv
[1.602s] -- Up-to-date: /home/locobot/Documents/kobuki/install/share/ament_cmake_export_libraries/local_setup.bash
[1.602s] -- Up-to-date: /home/locobot/Documents/kobuki/install/share/ament_cmake_export_libraries/local_setup.sh
[1.602s] -- Up-to-date: /home/locobot/Documents/kobuki/install/share/ament_cmake_export_libraries/local_setup.zsh
[1.602s] -- Installing: /home/locobot/Documents/kobuki/install/share/ament_cmake_export_libraries/local_setup.dsv
[1.602s] -- Installing: /home/locobot/Documents/kobuki/install/share/ament_cmake_export_libraries/package.dsv
[1.603s] -- Up-to-date: /home/locobot/Documents/kobuki/install/share/ament_index/resource_index/packages/ament_cmake_export_libraries
[1.603s] -- Up-to-date: /home/locobot/Documents/kobuki/install/share/ament_cmake_export_libraries/cmake/ament_cmake_export_libraries-extras.cmake
[1.603s] -- Up-to-date: /home/locobot/Documents/kobuki/install/share/ament_cmake_export_libraries/cmake/ament_cmake_export_librariesConfig.cmake
[1.603s] -- Up-to-date: /home/locobot/Documents/kobuki/install/share/ament_cmake_export_libraries/cmake/ament_cmake_export_librariesConfig-version.cmake
[1.603s] -- Up-to-date: /home/locobot/Documents/kobuki/install/share/ament_cmake_export_libraries/package.xml
[1.603s] -- Up-to-date: /home/locobot/Documents/kobuki/install/share/ament_cmake_export_libraries/cmake
[1.603s] -- Up-to-date: /home/locobot/Documents/kobuki/install/share/ament_cmake_export_libraries/cmake/ament_cmake_export_libraries-extras.cmake.in
[1.604s] -- Up-to-date: /home/locobot/Documents/kobuki/install/share/ament_cmake_export_libraries/cmake/ament_export_library_names.cmake
[1.604s] -- Up-to-date: /home/locobot/Documents/kobuki/install/share/ament_cmake_export_libraries/cmake/ament_cmake_export_libraries_package_hook.cmake
[1.604s] -- Up-to-date: /home/locobot/Documents/kobuki/install/share/ament_cmake_export_libraries/cmake/ament_export_libraries.cmake
[1.606s] Invoked command in '/home/locobot/Documents/kobuki/build/ament_cmake_export_libraries' returned '0': AMENT_PREFIX_PATH=/home/locobot/Documents/kobuki/install CMAKE_PREFIX_PATH=/home/locobot/Documents/kobuki/install LD_LIBRARY_PATH=/home/locobot/Documents/kobuki/install/lib PATH=/home/locobot/Documents/kobuki/install/bin:${PATH} PYTHONPATH=/home/locobot/Documents/kobuki/install/lib/python3.8/site-packages /usr/bin/cmake --install /home/locobot/Documents/kobuki/build/ament_cmake_export_libraries
