[0.281s] Invoking command in '/home/locobot/Documents/kobuki/build/ecl_console': AMENT_PREFIX_PATH=/home/locobot/Documents/kobuki/install CMAKE_PREFIX_PATH=/home/locobot/Documents/kobuki/install LD_LIBRARY_PATH=/home/locobot/Documents/kobuki/install/lib PATH=/home/locobot/Documents/kobuki/install/bin:${PATH} PYTHONPATH=/home/locobot/Documents/kobuki/install/lib/python3.8/site-packages /usr/bin/cmake /home/locobot/Documents/kobuki/src/ecl_lite/ecl_console -DBUILD_TESTING=OFF -DCMAKE_INSTALL_PREFIX=/home/locobot/Documents/kobuki/install
[0.468s] -- The C compiler identification is GNU 9.4.0
[0.635s] -- The CXX compiler identification is GNU 9.4.0
[0.636s] -- Check for working C compiler: /usr/bin/cc
[0.863s] -- Check for working C compiler: /usr/bin/cc -- works
[0.864s] -- Detecting C compiler ABI info
[1.060s] -- Detecting C compiler ABI info - done
[1.131s] -- Detecting C compile features
[1.132s] -- Detecting C compile features - done
[1.132s] -- Check for working CXX compiler: /usr/bin/c++
[1.381s] -- Check for working CXX compiler: /usr/bin/c++ -- works
[1.383s] -- Detecting CXX compiler ABI info
[1.644s] -- Detecting CXX compiler ABI info - done
[1.694s] -- Detecting CXX compile features
[1.704s] -- Detecting CXX compile features - done
[1.707s] -- Found ament_cmake_ros: 0.9.2 (/home/locobot/Documents/kobuki/install/share/ament_cmake_ros/cmake)
[1.768s] -- Found PythonInterp: /usr/bin/python3 (found suitable version "3.8.10", minimum required is "3") 
[1.768s] -- Using PYTHON_EXECUTABLE: /usr/bin/python3
[2.203s] -- Found ecl_build: 1.0.3 (/home/locobot/Documents/kobuki/install/share/ecl_build/cmake)
[2.212s] -- Found ecl_config: 1.1.0 (/home/locobot/Documents/kobuki/install/share/ecl_config/cmake)
[2.408s] -- Configuring done
[2.408s] -- Generating done
[2.408s] -- Build files have been written to: /home/locobot/Documents/kobuki/build/ecl_console
[2.421s] Invoked command in '/home/locobot/Documents/kobuki/build/ecl_console' returned '0': AMENT_PREFIX_PATH=/home/locobot/Documents/kobuki/install CMAKE_PREFIX_PATH=/home/locobot/Documents/kobuki/install LD_LIBRARY_PATH=/home/locobot/Documents/kobuki/install/lib PATH=/home/locobot/Documents/kobuki/install/bin:${PATH} PYTHONPATH=/home/locobot/Documents/kobuki/install/lib/python3.8/site-packages /usr/bin/cmake /home/locobot/Documents/kobuki/src/ecl_lite/ecl_console -DBUILD_TESTING=OFF -DCMAKE_INSTALL_PREFIX=/home/locobot/Documents/kobuki/install
[2.424s] Invoking command in '/home/locobot/Documents/kobuki/build/ecl_console': AMENT_PREFIX_PATH=/home/locobot/Documents/kobuki/install CMAKE_PREFIX_PATH=/home/locobot/Documents/kobuki/install LD_LIBRARY_PATH=/home/locobot/Documents/kobuki/install/lib PATH=/home/locobot/Documents/kobuki/install/bin:${PATH} PYTHONPATH=/home/locobot/Documents/kobuki/install/lib/python3.8/site-packages /usr/bin/cmake --build /home/locobot/Documents/kobuki/build/ecl_console -- -j4 -l4
[2.541s] Invoked command in '/home/locobot/Documents/kobuki/build/ecl_console' returned '0': AMENT_PREFIX_PATH=/home/locobot/Documents/kobuki/install CMAKE_PREFIX_PATH=/home/locobot/Documents/kobuki/install LD_LIBRARY_PATH=/home/locobot/Documents/kobuki/install/lib PATH=/home/locobot/Documents/kobuki/install/bin:${PATH} PYTHONPATH=/home/locobot/Documents/kobuki/install/lib/python3.8/site-packages /usr/bin/cmake --build /home/locobot/Documents/kobuki/build/ecl_console -- -j4 -l4
[2.542s] Invoking command in '/home/locobot/Documents/kobuki/build/ecl_console': AMENT_PREFIX_PATH=/home/locobot/Documents/kobuki/install CMAKE_PREFIX_PATH=/home/locobot/Documents/kobuki/install LD_LIBRARY_PATH=/home/locobot/Documents/kobuki/install/lib PATH=/home/locobot/Documents/kobuki/install/bin:${PATH} PYTHONPATH=/home/locobot/Documents/kobuki/install/lib/python3.8/site-packages /usr/bin/cmake --install /home/locobot/Documents/kobuki/build/ecl_console
[2.560s] -- Install configuration: ""
[2.560s] -- Up-to-date: /home/locobot/Documents/kobuki/install/include/ecl
[2.561s] -- Installing: /home/locobot/Documents/kobuki/install/include/ecl/console.hpp
[2.561s] -- Installing: /home/locobot/Documents/kobuki/install/share/ament_index/resource_index/package_run_dependencies/ecl_console
[2.562s] -- Installing: /home/locobot/Documents/kobuki/install/share/ament_index/resource_index/parent_prefix_path/ecl_console
[2.562s] -- Installing: /home/locobot/Documents/kobuki/install/share/ecl_console/environment/ament_prefix_path.sh
[2.563s] -- Installing: /home/locobot/Documents/kobuki/install/share/ecl_console/environment/ament_prefix_path.dsv
[2.563s] -- Installing: /home/locobot/Documents/kobuki/install/share/ecl_console/environment/path.sh
[2.564s] -- Installing: /home/locobot/Documents/kobuki/install/share/ecl_console/environment/path.dsv
[2.564s] -- Installing: /home/locobot/Documents/kobuki/install/share/ecl_console/local_setup.bash
[2.564s] -- Installing: /home/locobot/Documents/kobuki/install/share/ecl_console/local_setup.sh
[2.565s] -- Installing: /home/locobot/Documents/kobuki/install/share/ecl_console/local_setup.zsh
[2.566s] -- Installing: /home/locobot/Documents/kobuki/install/share/ecl_console/local_setup.dsv
[2.566s] -- Installing: /home/locobot/Documents/kobuki/install/share/ecl_console/package.dsv
[2.567s] -- Installing: /home/locobot/Documents/kobuki/install/share/ament_index/resource_index/packages/ecl_console
[2.567s] -- Installing: /home/locobot/Documents/kobuki/install/share/ecl_console/cmake/ecl_consoleExport.cmake
[2.568s] -- Installing: /home/locobot/Documents/kobuki/install/share/ecl_console/cmake/ament_cmake_export_targets-extras.cmake
[2.568s] -- Installing: /home/locobot/Documents/kobuki/install/share/ecl_console/cmake/ament_cmake_export_include_directories-extras.cmake
[2.569s] -- Installing: /home/locobot/Documents/kobuki/install/share/ecl_console/cmake/ament_cmake_export_dependencies-extras.cmake
[2.569s] -- Installing: /home/locobot/Documents/kobuki/install/share/ecl_console/cmake/ecl_consoleConfig.cmake
[2.569s] -- Installing: /home/locobot/Documents/kobuki/install/share/ecl_console/cmake/ecl_consoleConfig-version.cmake
[2.570s] -- Installing: /home/locobot/Documents/kobuki/install/share/ecl_console/package.xml
[2.575s] Invoked command in '/home/locobot/Documents/kobuki/build/ecl_console' returned '0': AMENT_PREFIX_PATH=/home/locobot/Documents/kobuki/install CMAKE_PREFIX_PATH=/home/locobot/Documents/kobuki/install LD_LIBRARY_PATH=/home/locobot/Documents/kobuki/install/lib PATH=/home/locobot/Documents/kobuki/install/bin:${PATH} PYTHONPATH=/home/locobot/Documents/kobuki/install/lib/python3.8/site-packages /usr/bin/cmake --install /home/locobot/Documents/kobuki/build/ecl_console
