[0.165s] Invoking command in '/home/locobot/Documents/kobuki/build/ecl_core': AMENT_PREFIX_PATH=/home/locobot/Documents/kobuki/install CMAKE_PREFIX_PATH=/home/locobot/Documents/kobuki/install LD_LIBRARY_PATH=/home/locobot/Documents/kobuki/install/lib PATH=/home/locobot/Documents/kobuki/install/bin:${PATH} PKG_CONFIG_PATH=/home/locobot/Documents/kobuki/install/lib/x86_64-linux-gnu/pkgconfig:/home/locobot/Documents/kobuki/install/lib/pkgconfig PYTHONPATH=/home/locobot/Documents/kobuki/install/lib/python3.8/site-packages /usr/bin/cmake /home/locobot/Documents/kobuki/src/ecl_core/ecl_core -DBUILD_TESTING=OFF --no-warn-unused-cli -DCMAKE_INSTALL_PREFIX=/home/locobot/Documents/kobuki/install
[0.174s] Not searching for unused variables given on the command line.
[0.180s] -- Found ament_cmake_ros: 0.9.2 (/home/locobot/Documents/kobuki/install/share/ament_cmake_ros/cmake)
[0.197s] -- Using PYTHON_EXECUTABLE: /usr/bin/python3
[0.414s] -- Configuring done
[0.416s] -- Generating done
[0.418s] -- Build files have been written to: /home/locobot/Documents/kobuki/build/ecl_core
[0.421s] Invoked command in '/home/locobot/Documents/kobuki/build/ecl_core' returned '0': AMENT_PREFIX_PATH=/home/locobot/Documents/kobuki/install CMAKE_PREFIX_PATH=/home/locobot/Documents/kobuki/install LD_LIBRARY_PATH=/home/locobot/Documents/kobuki/install/lib PATH=/home/locobot/Documents/kobuki/install/bin:${PATH} PKG_CONFIG_PATH=/home/locobot/Documents/kobuki/install/lib/x86_64-linux-gnu/pkgconfig:/home/locobot/Documents/kobuki/install/lib/pkgconfig PYTHONPATH=/home/locobot/Documents/kobuki/install/lib/python3.8/site-packages /usr/bin/cmake /home/locobot/Documents/kobuki/src/ecl_core/ecl_core -DBUILD_TESTING=OFF --no-warn-unused-cli -DCMAKE_INSTALL_PREFIX=/home/locobot/Documents/kobuki/install
[0.426s] Invoking command in '/home/locobot/Documents/kobuki/build/ecl_core': AMENT_PREFIX_PATH=/home/locobot/Documents/kobuki/install CMAKE_PREFIX_PATH=/home/locobot/Documents/kobuki/install LD_LIBRARY_PATH=/home/locobot/Documents/kobuki/install/lib PATH=/home/locobot/Documents/kobuki/install/bin:${PATH} PKG_CONFIG_PATH=/home/locobot/Documents/kobuki/install/lib/x86_64-linux-gnu/pkgconfig:/home/locobot/Documents/kobuki/install/lib/pkgconfig PYTHONPATH=/home/locobot/Documents/kobuki/install/lib/python3.8/site-packages /usr/bin/cmake --build /home/locobot/Documents/kobuki/build/ecl_core -- -j4 -l4
[0.462s] Invoked command in '/home/locobot/Documents/kobuki/build/ecl_core' returned '0': AMENT_PREFIX_PATH=/home/locobot/Documents/kobuki/install CMAKE_PREFIX_PATH=/home/locobot/Documents/kobuki/install LD_LIBRARY_PATH=/home/locobot/Documents/kobuki/install/lib PATH=/home/locobot/Documents/kobuki/install/bin:${PATH} PKG_CONFIG_PATH=/home/locobot/Documents/kobuki/install/lib/x86_64-linux-gnu/pkgconfig:/home/locobot/Documents/kobuki/install/lib/pkgconfig PYTHONPATH=/home/locobot/Documents/kobuki/install/lib/python3.8/site-packages /usr/bin/cmake --build /home/locobot/Documents/kobuki/build/ecl_core -- -j4 -l4
[0.465s] Invoking command in '/home/locobot/Documents/kobuki/build/ecl_core': AMENT_PREFIX_PATH=/home/locobot/Documents/kobuki/install CMAKE_PREFIX_PATH=/home/locobot/Documents/kobuki/install LD_LIBRARY_PATH=/home/locobot/Documents/kobuki/install/lib PATH=/home/locobot/Documents/kobuki/install/bin:${PATH} PKG_CONFIG_PATH=/home/locobot/Documents/kobuki/install/lib/x86_64-linux-gnu/pkgconfig:/home/locobot/Documents/kobuki/install/lib/pkgconfig PYTHONPATH=/home/locobot/Documents/kobuki/install/lib/python3.8/site-packages /usr/bin/cmake --install /home/locobot/Documents/kobuki/build/ecl_core
[0.474s] -- Install configuration: ""
[0.474s] -- Up-to-date: /home/locobot/Documents/kobuki/install/share/ament_index/resource_index/package_run_dependencies/ecl_core
[0.474s] -- Up-to-date: /home/locobot/Documents/kobuki/install/share/ament_index/resource_index/parent_prefix_path/ecl_core
[0.474s] -- Up-to-date: /home/locobot/Documents/kobuki/install/share/ecl_core/environment/ament_prefix_path.sh
[0.474s] -- Installing: /home/locobot/Documents/kobuki/install/share/ecl_core/environment/ament_prefix_path.dsv
[0.474s] -- Up-to-date: /home/locobot/Documents/kobuki/install/share/ecl_core/environment/path.sh
[0.474s] -- Installing: /home/locobot/Documents/kobuki/install/share/ecl_core/environment/path.dsv
[0.475s] -- Up-to-date: /home/locobot/Documents/kobuki/install/share/ecl_core/local_setup.bash
[0.475s] -- Up-to-date: /home/locobot/Documents/kobuki/install/share/ecl_core/local_setup.sh
[0.475s] -- Up-to-date: /home/locobot/Documents/kobuki/install/share/ecl_core/local_setup.zsh
[0.475s] -- Installing: /home/locobot/Documents/kobuki/install/share/ecl_core/local_setup.dsv
[0.475s] -- Installing: /home/locobot/Documents/kobuki/install/share/ecl_core/package.dsv
[0.475s] -- Up-to-date: /home/locobot/Documents/kobuki/install/share/ament_index/resource_index/packages/ecl_core
[0.475s] -- Up-to-date: /home/locobot/Documents/kobuki/install/share/ecl_core/cmake/ecl_coreConfig.cmake
[0.475s] -- Up-to-date: /home/locobot/Documents/kobuki/install/share/ecl_core/cmake/ecl_coreConfig-version.cmake
[0.476s] -- Up-to-date: /home/locobot/Documents/kobuki/install/share/ecl_core/package.xml
[0.481s] Invoked command in '/home/locobot/Documents/kobuki/build/ecl_core' returned '0': AMENT_PREFIX_PATH=/home/locobot/Documents/kobuki/install CMAKE_PREFIX_PATH=/home/locobot/Documents/kobuki/install LD_LIBRARY_PATH=/home/locobot/Documents/kobuki/install/lib PATH=/home/locobot/Documents/kobuki/install/bin:${PATH} PKG_CONFIG_PATH=/home/locobot/Documents/kobuki/install/lib/x86_64-linux-gnu/pkgconfig:/home/locobot/Documents/kobuki/install/lib/pkgconfig PYTHONPATH=/home/locobot/Documents/kobuki/install/lib/python3.8/site-packages /usr/bin/cmake --install /home/locobot/Documents/kobuki/build/ecl_core
