running egg_info
creating ../../../build/ament_pyflakes/ament_pyflakes.egg-info
writing ../../../build/ament_pyflakes/ament_pyflakes.egg-info/PKG-INFO
writing dependency_links to ../../../build/ament_pyflakes/ament_pyflakes.egg-info/dependency_links.txt
writing entry points to ../../../build/ament_pyflakes/ament_pyflakes.egg-info/entry_points.txt
writing requirements to ../../../build/ament_pyflakes/ament_pyflakes.egg-info/requires.txt
writing top-level names to ../../../build/ament_pyflakes/ament_pyflakes.egg-info/top_level.txt
writing manifest file '../../../build/ament_pyflakes/ament_pyflakes.egg-info/SOURCES.txt'
reading manifest file '../../../build/ament_pyflakes/ament_pyflakes.egg-info/SOURCES.txt'
writing manifest file '../../../build/ament_pyflakes/ament_pyflakes.egg-info/SOURCES.txt'
running build
running build_py
creating /home/locobot/Documents/kobuki/build/ament_pyflakes/build
creating /home/locobot/Documents/kobuki/build/ament_pyflakes/build/lib
creating /home/locobot/Documents/kobuki/build/ament_pyflakes/build/lib/ament_pyflakes
copying ament_pyflakes/__init__.py -> /home/locobot/Documents/kobuki/build/ament_pyflakes/build/lib/ament_pyflakes
copying ament_pyflakes/main.py -> /home/locobot/Documents/kobuki/build/ament_pyflakes/build/lib/ament_pyflakes
running install
running install_lib
creating /home/locobot/Documents/kobuki/install/lib/python3.8/site-packages/ament_pyflakes
copying /home/locobot/Documents/kobuki/build/ament_pyflakes/build/lib/ament_pyflakes/__init__.py -> /home/locobot/Documents/kobuki/install/lib/python3.8/site-packages/ament_pyflakes
copying /home/locobot/Documents/kobuki/build/ament_pyflakes/build/lib/ament_pyflakes/main.py -> /home/locobot/Documents/kobuki/install/lib/python3.8/site-packages/ament_pyflakes
byte-compiling /home/locobot/Documents/kobuki/install/lib/python3.8/site-packages/ament_pyflakes/__init__.py to __init__.cpython-38.pyc
byte-compiling /home/locobot/Documents/kobuki/install/lib/python3.8/site-packages/ament_pyflakes/main.py to main.cpython-38.pyc
running install_data
copying package.xml -> /home/locobot/Documents/kobuki/install/share/ament_pyflakes
copying resource/ament_pyflakes -> /home/locobot/Documents/kobuki/install/share/ament_index/resource_index/packages
running install_egg_info
Copying ../../../build/ament_pyflakes/ament_pyflakes.egg-info to /home/locobot/Documents/kobuki/install/lib/python3.8/site-packages/ament_pyflakes-0.9.8-py3.8.egg-info
running install_scripts
Installing ament_pyflakes script to /home/locobot/Documents/kobuki/install/bin
writing list of installed files to '/home/locobot/Documents/kobuki/build/ament_pyflakes/install.log'
