[1.319s] Invoking command in '/home/locobot/Documents/kobuki/build/ecl_command_line': AMENT_PREFIX_PATH=/home/locobot/Documents/kobuki/install CMAKE_PREFIX_PATH=/home/locobot/Documents/kobuki/install LD_LIBRARY_PATH=/home/locobot/Documents/kobuki/install/lib PATH=/home/locobot/Documents/kobuki/install/bin:${PATH} PYTHONPATH=/home/locobot/Documents/kobuki/install/lib/python3.8/site-packages /usr/bin/cmake /home/locobot/Documents/kobuki/src/ecl_core/ecl_command_line -DBUILD_TESTING=OFF -DCMAKE_BUILD_TYPE=RelWithDebInfo -DCMAKE_INSTALL_PREFIX=/home/locobot/Documents/kobuki/install
[1.374s] -- Found ament_cmake_ros: 0.9.2 (/home/locobot/Documents/kobuki/install/share/ament_cmake_ros/cmake)
[1.420s] -- Using PYTHON_EXECUTABLE: /usr/bin/python3
[1.709s] -- Found ecl_build: 1.0.3 (/home/locobot/Documents/kobuki/install/share/ecl_build/cmake)
[1.863s] -- Configuring done
[1.872s] -- Generating done
[1.880s] -- Build files have been written to: /home/locobot/Documents/kobuki/build/ecl_command_line
[2.001s] Invoked command in '/home/locobot/Documents/kobuki/build/ecl_command_line' returned '0': AMENT_PREFIX_PATH=/home/locobot/Documents/kobuki/install CMAKE_PREFIX_PATH=/home/locobot/Documents/kobuki/install LD_LIBRARY_PATH=/home/locobot/Documents/kobuki/install/lib PATH=/home/locobot/Documents/kobuki/install/bin:${PATH} PYTHONPATH=/home/locobot/Documents/kobuki/install/lib/python3.8/site-packages /usr/bin/cmake /home/locobot/Documents/kobuki/src/ecl_core/ecl_command_line -DBUILD_TESTING=OFF -DCMAKE_BUILD_TYPE=RelWithDebInfo -DCMAKE_INSTALL_PREFIX=/home/locobot/Documents/kobuki/install
[2.003s] Invoking command in '/home/locobot/Documents/kobuki/build/ecl_command_line': AMENT_PREFIX_PATH=/home/locobot/Documents/kobuki/install CMAKE_PREFIX_PATH=/home/locobot/Documents/kobuki/install LD_LIBRARY_PATH=/home/locobot/Documents/kobuki/install/lib PATH=/home/locobot/Documents/kobuki/install/bin:${PATH} PYTHONPATH=/home/locobot/Documents/kobuki/install/lib/python3.8/site-packages /usr/bin/cmake --build /home/locobot/Documents/kobuki/build/ecl_command_line -- -j4 -l4
[2.177s] [ 50%] [32mBuilding CXX object src/examples/CMakeFiles/ecl_demo_command_line.dir/command_line.cpp.o[0m
[10.658s] [100%] [32m[1mLinking CXX executable demo_command_line[0m
[10.823s] [100%] Built target ecl_demo_command_line
[10.843s] Invoked command in '/home/locobot/Documents/kobuki/build/ecl_command_line' returned '0': AMENT_PREFIX_PATH=/home/locobot/Documents/kobuki/install CMAKE_PREFIX_PATH=/home/locobot/Documents/kobuki/install LD_LIBRARY_PATH=/home/locobot/Documents/kobuki/install/lib PATH=/home/locobot/Documents/kobuki/install/bin:${PATH} PYTHONPATH=/home/locobot/Documents/kobuki/install/lib/python3.8/site-packages /usr/bin/cmake --build /home/locobot/Documents/kobuki/build/ecl_command_line -- -j4 -l4
[10.845s] Invoking command in '/home/locobot/Documents/kobuki/build/ecl_command_line': AMENT_PREFIX_PATH=/home/locobot/Documents/kobuki/install CMAKE_PREFIX_PATH=/home/locobot/Documents/kobuki/install LD_LIBRARY_PATH=/home/locobot/Documents/kobuki/install/lib PATH=/home/locobot/Documents/kobuki/install/bin:${PATH} PYTHONPATH=/home/locobot/Documents/kobuki/install/lib/python3.8/site-packages /usr/bin/cmake --install /home/locobot/Documents/kobuki/build/ecl_command_line
[10.864s] -- Install configuration: "RelWithDebInfo"
[10.864s] -- Up-to-date: /home/locobot/Documents/kobuki/install/share/ament_index/resource_index/package_run_dependencies/ecl_command_line
[10.864s] -- Up-to-date: /home/locobot/Documents/kobuki/install/share/ament_index/resource_index/parent_prefix_path/ecl_command_line
[10.865s] -- Up-to-date: /home/locobot/Documents/kobuki/install/share/ecl_command_line/environment/ament_prefix_path.sh
[10.865s] -- Installing: /home/locobot/Documents/kobuki/install/share/ecl_command_line/environment/ament_prefix_path.dsv
[10.865s] -- Up-to-date: /home/locobot/Documents/kobuki/install/share/ecl_command_line/environment/path.sh
[10.865s] -- Installing: /home/locobot/Documents/kobuki/install/share/ecl_command_line/environment/path.dsv
[10.865s] -- Up-to-date: /home/locobot/Documents/kobuki/install/share/ecl_command_line/local_setup.bash
[10.865s] -- Up-to-date: /home/locobot/Documents/kobuki/install/share/ecl_command_line/local_setup.sh
[10.866s] -- Up-to-date: /home/locobot/Documents/kobuki/install/share/ecl_command_line/local_setup.zsh
[10.866s] -- Installing: /home/locobot/Documents/kobuki/install/share/ecl_command_line/local_setup.dsv
[10.866s] -- Installing: /home/locobot/Documents/kobuki/install/share/ecl_command_line/package.dsv
[10.871s] -- Up-to-date: /home/locobot/Documents/kobuki/install/share/ament_index/resource_index/packages/ecl_command_line
[10.871s] -- Up-to-date: /home/locobot/Documents/kobuki/install/share/ecl_command_line/cmake/ecl_command_lineExport.cmake
[10.871s] -- Up-to-date: /home/locobot/Documents/kobuki/install/share/ecl_command_line/cmake/ament_cmake_export_targets-extras.cmake
[10.871s] -- Up-to-date: /home/locobot/Documents/kobuki/install/share/ecl_command_line/cmake/ament_cmake_export_include_directories-extras.cmake
[10.871s] -- Up-to-date: /home/locobot/Documents/kobuki/install/share/ecl_command_line/cmake/ecl_command_lineConfig.cmake
[10.874s] -- Up-to-date: /home/locobot/Documents/kobuki/install/share/ecl_command_line/cmake/ecl_command_lineConfig-version.cmake
[10.874s] -- Up-to-date: /home/locobot/Documents/kobuki/install/share/ecl_command_line/package.xml
[10.874s] -- Up-to-date: /home/locobot/Documents/kobuki/install/include/ecl/command_line.hpp
[10.874s] -- Up-to-date: /home/locobot/Documents/kobuki/install/include/ecl/command_line/arg.hpp
[10.874s] -- Up-to-date: /home/locobot/Documents/kobuki/install/include/ecl/command_line/arg_exception.hpp
[10.875s] -- Up-to-date: /home/locobot/Documents/kobuki/install/include/ecl/command_line/cmd_line.hpp
[10.875s] -- Up-to-date: /home/locobot/Documents/kobuki/install/include/ecl/command_line/cmd_line_interface.hpp
[10.875s] -- Up-to-date: /home/locobot/Documents/kobuki/install/include/ecl/command_line/cmd_line_output.hpp
[10.876s] -- Up-to-date: /home/locobot/Documents/kobuki/install/include/ecl/command_line/constraint.hpp
[10.876s] -- Up-to-date: /home/locobot/Documents/kobuki/install/include/ecl/command_line/docbook_output.hpp
[10.876s] -- Up-to-date: /home/locobot/Documents/kobuki/install/include/ecl/command_line/help_visitor.hpp
[10.876s] -- Up-to-date: /home/locobot/Documents/kobuki/install/include/ecl/command_line/ignore_rest_visitor.hpp
[10.877s] -- Up-to-date: /home/locobot/Documents/kobuki/install/include/ecl/command_line/multi_arg.hpp
[10.877s] -- Up-to-date: /home/locobot/Documents/kobuki/install/include/ecl/command_line/multi_switch_arg.hpp
[10.877s] -- Up-to-date: /home/locobot/Documents/kobuki/install/include/ecl/command_line/optional_unlabeled_tracker.hpp
[10.877s] -- Up-to-date: /home/locobot/Documents/kobuki/install/include/ecl/command_line/std_output.hpp
[10.877s] -- Up-to-date: /home/locobot/Documents/kobuki/install/include/ecl/command_line/switch_arg.hpp
[10.877s] -- Up-to-date: /home/locobot/Documents/kobuki/install/include/ecl/command_line/unlabeled_multi_arg.hpp
[10.877s] -- Up-to-date: /home/locobot/Documents/kobuki/install/include/ecl/command_line/unlabeled_value_arg.hpp
[10.877s] -- Up-to-date: /home/locobot/Documents/kobuki/install/include/ecl/command_line/value_arg.hpp
[10.877s] -- Up-to-date: /home/locobot/Documents/kobuki/install/include/ecl/command_line/values_constraint.hpp
[10.878s] -- Up-to-date: /home/locobot/Documents/kobuki/install/include/ecl/command_line/version_visitor.hpp
[10.878s] -- Up-to-date: /home/locobot/Documents/kobuki/install/include/ecl/command_line/visitor.hpp
[10.878s] -- Up-to-date: /home/locobot/Documents/kobuki/install/include/ecl/command_line/xor_handler.hpp
[10.878s] -- Installing: /home/locobot/Documents/kobuki/install/lib/ecl_command_line/demo_command_line
[10.902s] Invoked command in '/home/locobot/Documents/kobuki/build/ecl_command_line' returned '0': AMENT_PREFIX_PATH=/home/locobot/Documents/kobuki/install CMAKE_PREFIX_PATH=/home/locobot/Documents/kobuki/install LD_LIBRARY_PATH=/home/locobot/Documents/kobuki/install/lib PATH=/home/locobot/Documents/kobuki/install/bin:${PATH} PYTHONPATH=/home/locobot/Documents/kobuki/install/lib/python3.8/site-packages /usr/bin/cmake --install /home/locobot/Documents/kobuki/build/ecl_command_line
