Not searching for unused variables given on the command line.
-- Found ament_cmake_ros: 0.9.2 (/home/locobot/Documents/kobuki/install/share/ament_cmake_ros/cmake)
-- Using PYTHON_EXECUTABLE: /usr/bin/python3
-- Found ecl_build: 1.0.3 (/home/locobot/Documents/kobuki/install/share/ecl_build/cmake)
-- Found ecl_config: 1.1.0 (/home/locobot/Documents/kobuki/install/share/ecl_config/cmake)
-- Found ecl_errors: 1.1.0 (/home/locobot/Documents/kobuki/install/share/ecl_errors/cmake)
-- Found ecl_time_lite: 1.1.0 (/home/locobot/Documents/kobuki/install/share/ecl_time_lite/cmake)
-- Found ecl_exceptions: 1.2.1 (/home/locobot/Documents/kobuki/install/share/ecl_exceptions/cmake)
-- Found ecl_threads: 1.2.1 (/home/locobot/Documents/kobuki/install/share/ecl_threads/cmake)
-- Configuring done
-- Generating done
-- Build files have been written to: /home/locobot/Documents/kobuki/build/ecl_ipc
[ 33%] [32mBuilding CXX object src/lib/CMakeFiles/ecl_ipc.dir/semaphore_pos.cpp.o[0m
[ 66%] [32mBuilding CXX object src/lib/CMakeFiles/ecl_ipc.dir/shared_memory_pos.cpp.o[0m
[100%] [32m[1mLinking CXX shared library libecl_ipc.so[0m
[100%] Built target ecl_ipc
-- Install configuration: ""
-- Up-to-date: /home/locobot/Documents/kobuki/install/share/ecl_ipc/environment/library_path.sh
-- Installing: /home/locobot/Documents/kobuki/install/share/ecl_ipc/environment/library_path.dsv
-- Up-to-date: /home/locobot/Documents/kobuki/install/share/ament_index/resource_index/package_run_dependencies/ecl_ipc
-- Up-to-date: /home/locobot/Documents/kobuki/install/share/ament_index/resource_index/parent_prefix_path/ecl_ipc
-- Up-to-date: /home/locobot/Documents/kobuki/install/share/ecl_ipc/environment/ament_prefix_path.sh
-- Installing: /home/locobot/Documents/kobuki/install/share/ecl_ipc/environment/ament_prefix_path.dsv
-- Up-to-date: /home/locobot/Documents/kobuki/install/share/ecl_ipc/environment/path.sh
-- Installing: /home/locobot/Documents/kobuki/install/share/ecl_ipc/environment/path.dsv
-- Up-to-date: /home/locobot/Documents/kobuki/install/share/ecl_ipc/local_setup.bash
-- Up-to-date: /home/locobot/Documents/kobuki/install/share/ecl_ipc/local_setup.sh
-- Up-to-date: /home/locobot/Documents/kobuki/install/share/ecl_ipc/local_setup.zsh
-- Installing: /home/locobot/Documents/kobuki/install/share/ecl_ipc/local_setup.dsv
-- Installing: /home/locobot/Documents/kobuki/install/share/ecl_ipc/package.dsv
-- Up-to-date: /home/locobot/Documents/kobuki/install/share/ament_index/resource_index/packages/ecl_ipc
-- Up-to-date: /home/locobot/Documents/kobuki/install/share/ecl_ipc/cmake/ecl_ipcExport.cmake
-- Installing: /home/locobot/Documents/kobuki/install/share/ecl_ipc/cmake/ecl_ipcExport-noconfig.cmake
-- Up-to-date: /home/locobot/Documents/kobuki/install/share/ecl_ipc/cmake/ament_cmake_export_targets-extras.cmake
-- Up-to-date: /home/locobot/Documents/kobuki/install/share/ecl_ipc/cmake/ament_cmake_export_include_directories-extras.cmake
-- Up-to-date: /home/locobot/Documents/kobuki/install/share/ecl_ipc/cmake/ament_cmake_export_libraries-extras.cmake
-- Up-to-date: /home/locobot/Documents/kobuki/install/share/ecl_ipc/cmake/ament_cmake_export_dependencies-extras.cmake
-- Up-to-date: /home/locobot/Documents/kobuki/install/share/ecl_ipc/cmake/ecl_ipcConfig.cmake
-- Up-to-date: /home/locobot/Documents/kobuki/install/share/ecl_ipc/cmake/ecl_ipcConfig-version.cmake
-- Up-to-date: /home/locobot/Documents/kobuki/install/share/ecl_ipc/package.xml
-- Up-to-date: /home/locobot/Documents/kobuki/install/include/ecl/ipc.hpp
-- Up-to-date: /home/locobot/Documents/kobuki/install/include/ecl/ipc/semaphore.hpp
-- Up-to-date: /home/locobot/Documents/kobuki/install/include/ecl/ipc/semaphore_pos.hpp
-- Up-to-date: /home/locobot/Documents/kobuki/install/include/ecl/ipc/shared_memory.hpp
-- Up-to-date: /home/locobot/Documents/kobuki/install/include/ecl/ipc/shared_memory_pos.hpp
-- Installing: /home/locobot/Documents/kobuki/install/lib/libecl_ipc.so.1.2.1
-- Set runtime path of "/home/locobot/Documents/kobuki/install/lib/libecl_ipc.so.1.2.1" to ""
-- Up-to-date: /home/locobot/Documents/kobuki/install/lib/libecl_ipc.so
