[0.351s] Invoking command in '/home/locobot/Documents/kobuki/build/ecl_ipc': AMENT_PREFIX_PATH=/home/locobot/Documents/kobuki/install CMAKE_PREFIX_PATH=/home/locobot/Documents/kobuki/install LD_LIBRARY_PATH=/home/locobot/Documents/kobuki/install/lib PATH=/home/locobot/Documents/kobuki/install/bin:${PATH} PYTHONPATH=/home/locobot/Documents/kobuki/install/lib/python3.8/site-packages /usr/bin/cmake /home/locobot/Documents/kobuki/src/ecl_core/ecl_ipc -DBUILD_TESTING=OFF --no-warn-unused-cli -DCMAKE_INSTALL_PREFIX=/home/locobot/Documents/kobuki/install
[0.374s] Not searching for unused variables given on the command line.
[0.383s] -- Found ament_cmake_ros: 0.9.2 (/home/locobot/Documents/kobuki/install/share/ament_cmake_ros/cmake)
[0.429s] -- Using PYTHON_EXECUTABLE: /usr/bin/python3
[0.693s] -- Found ecl_build: 1.0.3 (/home/locobot/Documents/kobuki/install/share/ecl_build/cmake)
[0.694s] -- Found ecl_config: 1.1.0 (/home/locobot/Documents/kobuki/install/share/ecl_config/cmake)
[0.697s] -- Found ecl_errors: 1.1.0 (/home/locobot/Documents/kobuki/install/share/ecl_errors/cmake)
[0.702s] -- Found ecl_time_lite: 1.1.0 (/home/locobot/Documents/kobuki/install/share/ecl_time_lite/cmake)
[0.707s] -- Found ecl_exceptions: 1.2.1 (/home/locobot/Documents/kobuki/install/share/ecl_exceptions/cmake)
[0.712s] -- Found ecl_threads: 1.2.1 (/home/locobot/Documents/kobuki/install/share/ecl_threads/cmake)
[0.893s] -- Configuring done
[0.905s] -- Generating done
[0.909s] -- Build files have been written to: /home/locobot/Documents/kobuki/build/ecl_ipc
[0.915s] Invoked command in '/home/locobot/Documents/kobuki/build/ecl_ipc' returned '0': AMENT_PREFIX_PATH=/home/locobot/Documents/kobuki/install CMAKE_PREFIX_PATH=/home/locobot/Documents/kobuki/install LD_LIBRARY_PATH=/home/locobot/Documents/kobuki/install/lib PATH=/home/locobot/Documents/kobuki/install/bin:${PATH} PYTHONPATH=/home/locobot/Documents/kobuki/install/lib/python3.8/site-packages /usr/bin/cmake /home/locobot/Documents/kobuki/src/ecl_core/ecl_ipc -DBUILD_TESTING=OFF --no-warn-unused-cli -DCMAKE_INSTALL_PREFIX=/home/locobot/Documents/kobuki/install
[0.928s] Invoking command in '/home/locobot/Documents/kobuki/build/ecl_ipc': AMENT_PREFIX_PATH=/home/locobot/Documents/kobuki/install CMAKE_PREFIX_PATH=/home/locobot/Documents/kobuki/install LD_LIBRARY_PATH=/home/locobot/Documents/kobuki/install/lib PATH=/home/locobot/Documents/kobuki/install/bin:${PATH} PYTHONPATH=/home/locobot/Documents/kobuki/install/lib/python3.8/site-packages /usr/bin/cmake --build /home/locobot/Documents/kobuki/build/ecl_ipc -- -j4 -l4
[1.176s] [ 33%] [32mBuilding CXX object src/lib/CMakeFiles/ecl_ipc.dir/semaphore_pos.cpp.o[0m
[1.776s] [ 66%] [32mBuilding CXX object src/lib/CMakeFiles/ecl_ipc.dir/shared_memory_pos.cpp.o[0m
[2.278s] [100%] [32m[1mLinking CXX shared library libecl_ipc.so[0m
[2.458s] [100%] Built target ecl_ipc
[2.481s] Invoked command in '/home/locobot/Documents/kobuki/build/ecl_ipc' returned '0': AMENT_PREFIX_PATH=/home/locobot/Documents/kobuki/install CMAKE_PREFIX_PATH=/home/locobot/Documents/kobuki/install LD_LIBRARY_PATH=/home/locobot/Documents/kobuki/install/lib PATH=/home/locobot/Documents/kobuki/install/bin:${PATH} PYTHONPATH=/home/locobot/Documents/kobuki/install/lib/python3.8/site-packages /usr/bin/cmake --build /home/locobot/Documents/kobuki/build/ecl_ipc -- -j4 -l4
[2.483s] Invoking command in '/home/locobot/Documents/kobuki/build/ecl_ipc': AMENT_PREFIX_PATH=/home/locobot/Documents/kobuki/install CMAKE_PREFIX_PATH=/home/locobot/Documents/kobuki/install LD_LIBRARY_PATH=/home/locobot/Documents/kobuki/install/lib PATH=/home/locobot/Documents/kobuki/install/bin:${PATH} PYTHONPATH=/home/locobot/Documents/kobuki/install/lib/python3.8/site-packages /usr/bin/cmake --install /home/locobot/Documents/kobuki/build/ecl_ipc
[2.504s] -- Install configuration: ""
[2.510s] -- Up-to-date: /home/locobot/Documents/kobuki/install/share/ecl_ipc/environment/library_path.sh
[2.510s] -- Installing: /home/locobot/Documents/kobuki/install/share/ecl_ipc/environment/library_path.dsv
[2.510s] -- Up-to-date: /home/locobot/Documents/kobuki/install/share/ament_index/resource_index/package_run_dependencies/ecl_ipc
[2.510s] -- Up-to-date: /home/locobot/Documents/kobuki/install/share/ament_index/resource_index/parent_prefix_path/ecl_ipc
[2.510s] -- Up-to-date: /home/locobot/Documents/kobuki/install/share/ecl_ipc/environment/ament_prefix_path.sh
[2.511s] -- Installing: /home/locobot/Documents/kobuki/install/share/ecl_ipc/environment/ament_prefix_path.dsv
[2.511s] -- Up-to-date: /home/locobot/Documents/kobuki/install/share/ecl_ipc/environment/path.sh
[2.511s] -- Installing: /home/locobot/Documents/kobuki/install/share/ecl_ipc/environment/path.dsv
[2.511s] -- Up-to-date: /home/locobot/Documents/kobuki/install/share/ecl_ipc/local_setup.bash
[2.511s] -- Up-to-date: /home/locobot/Documents/kobuki/install/share/ecl_ipc/local_setup.sh
[2.511s] -- Up-to-date: /home/locobot/Documents/kobuki/install/share/ecl_ipc/local_setup.zsh
[2.511s] -- Installing: /home/locobot/Documents/kobuki/install/share/ecl_ipc/local_setup.dsv
[2.511s] -- Installing: /home/locobot/Documents/kobuki/install/share/ecl_ipc/package.dsv
[2.511s] -- Up-to-date: /home/locobot/Documents/kobuki/install/share/ament_index/resource_index/packages/ecl_ipc
[2.512s] -- Up-to-date: /home/locobot/Documents/kobuki/install/share/ecl_ipc/cmake/ecl_ipcExport.cmake
[2.512s] -- Installing: /home/locobot/Documents/kobuki/install/share/ecl_ipc/cmake/ecl_ipcExport-noconfig.cmake
[2.512s] -- Up-to-date: /home/locobot/Documents/kobuki/install/share/ecl_ipc/cmake/ament_cmake_export_targets-extras.cmake
[2.512s] -- Up-to-date: /home/locobot/Documents/kobuki/install/share/ecl_ipc/cmake/ament_cmake_export_include_directories-extras.cmake
[2.512s] -- Up-to-date: /home/locobot/Documents/kobuki/install/share/ecl_ipc/cmake/ament_cmake_export_libraries-extras.cmake
[2.512s] -- Up-to-date: /home/locobot/Documents/kobuki/install/share/ecl_ipc/cmake/ament_cmake_export_dependencies-extras.cmake
[2.512s] -- Up-to-date: /home/locobot/Documents/kobuki/install/share/ecl_ipc/cmake/ecl_ipcConfig.cmake
[2.512s] -- Up-to-date: /home/locobot/Documents/kobuki/install/share/ecl_ipc/cmake/ecl_ipcConfig-version.cmake
[2.513s] -- Up-to-date: /home/locobot/Documents/kobuki/install/share/ecl_ipc/package.xml
[2.513s] -- Up-to-date: /home/locobot/Documents/kobuki/install/include/ecl/ipc.hpp
[2.513s] -- Up-to-date: /home/locobot/Documents/kobuki/install/include/ecl/ipc/semaphore.hpp
[2.513s] -- Up-to-date: /home/locobot/Documents/kobuki/install/include/ecl/ipc/semaphore_pos.hpp
[2.513s] -- Up-to-date: /home/locobot/Documents/kobuki/install/include/ecl/ipc/shared_memory.hpp
[2.513s] -- Up-to-date: /home/locobot/Documents/kobuki/install/include/ecl/ipc/shared_memory_pos.hpp
[2.513s] -- Installing: /home/locobot/Documents/kobuki/install/lib/libecl_ipc.so.1.2.1
[2.513s] -- Set runtime path of "/home/locobot/Documents/kobuki/install/lib/libecl_ipc.so.1.2.1" to ""
[2.513s] -- Up-to-date: /home/locobot/Documents/kobuki/install/lib/libecl_ipc.so
[2.542s] Invoked command in '/home/locobot/Documents/kobuki/build/ecl_ipc' returned '0': AMENT_PREFIX_PATH=/home/locobot/Documents/kobuki/install CMAKE_PREFIX_PATH=/home/locobot/Documents/kobuki/install LD_LIBRARY_PATH=/home/locobot/Documents/kobuki/install/lib PATH=/home/locobot/Documents/kobuki/install/bin:${PATH} PYTHONPATH=/home/locobot/Documents/kobuki/install/lib/python3.8/site-packages /usr/bin/cmake --install /home/locobot/Documents/kobuki/build/ecl_ipc
