[0.575s] Invoking command in '/home/locobot/Documents/kobuki/build/ecl_command_line': AMENT_PREFIX_PATH=/home/locobot/Documents/kobuki/install CMAKE_PREFIX_PATH=/home/locobot/Documents/kobuki/install LD_LIBRARY_PATH=/home/locobot/Documents/kobuki/install/lib PATH=/home/locobot/Documents/kobuki/install/bin:${PATH} PYTHONPATH=/home/locobot/Documents/kobuki/install/lib/python3.8/site-packages /usr/bin/cmake /home/locobot/Documents/kobuki/src/ecl_core/ecl_command_line -DBUILD_TESTING=OFF -DCMAKE_INSTALL_PREFIX=/home/locobot/Documents/kobuki/install
[0.581s] Re-run cmake no build system arguments
[0.589s] -- Found ament_cmake_ros: 0.9.2 (/home/locobot/Documents/kobuki/install/share/ament_cmake_ros/cmake)
[0.617s] -- Using PYTHON_EXECUTABLE: /usr/bin/python3
[0.984s] -- Found ecl_build: 1.0.3 (/home/locobot/Documents/kobuki/install/share/ecl_build/cmake)
[1.177s] -- Configuring done
[1.199s] -- Generating done
[1.210s] -- Build files have been written to: /home/locobot/Documents/kobuki/build/ecl_command_line
[1.217s] Invoked command in '/home/locobot/Documents/kobuki/build/ecl_command_line' returned '0': AMENT_PREFIX_PATH=/home/locobot/Documents/kobuki/install CMAKE_PREFIX_PATH=/home/locobot/Documents/kobuki/install LD_LIBRARY_PATH=/home/locobot/Documents/kobuki/install/lib PATH=/home/locobot/Documents/kobuki/install/bin:${PATH} PYTHONPATH=/home/locobot/Documents/kobuki/install/lib/python3.8/site-packages /usr/bin/cmake /home/locobot/Documents/kobuki/src/ecl_core/ecl_command_line -DBUILD_TESTING=OFF -DCMAKE_INSTALL_PREFIX=/home/locobot/Documents/kobuki/install
[1.227s] Invoking command in '/home/locobot/Documents/kobuki/build/ecl_command_line': AMENT_PREFIX_PATH=/home/locobot/Documents/kobuki/install CMAKE_PREFIX_PATH=/home/locobot/Documents/kobuki/install LD_LIBRARY_PATH=/home/locobot/Documents/kobuki/install/lib PATH=/home/locobot/Documents/kobuki/install/bin:${PATH} PYTHONPATH=/home/locobot/Documents/kobuki/install/lib/python3.8/site-packages /usr/bin/cmake --build /home/locobot/Documents/kobuki/build/ecl_command_line -- -j4 -l4
[1.244s] /usr/bin/cmake -S/home/locobot/Documents/kobuki/src/ecl_core/ecl_command_line -B/home/locobot/Documents/kobuki/build/ecl_command_line --check-build-system CMakeFiles/Makefile.cmake 0
[1.260s] /usr/bin/cmake -E cmake_progress_start /home/locobot/Documents/kobuki/build/ecl_command_line/CMakeFiles /home/locobot/Documents/kobuki/build/ecl_command_line/CMakeFiles/progress.marks
[1.293s] /usr/bin/make -f CMakeFiles/Makefile2 all
[1.295s] make[1]: Entering directory '/home/locobot/Documents/kobuki/build/ecl_command_line'
[1.295s] /usr/bin/make -f src/examples/CMakeFiles/ecl_demo_command_line.dir/build.make src/examples/CMakeFiles/ecl_demo_command_line.dir/depend
[1.297s] make[2]: Entering directory '/home/locobot/Documents/kobuki/build/ecl_command_line'
[1.297s] cd /home/locobot/Documents/kobuki/build/ecl_command_line && /usr/bin/cmake -E cmake_depends "Unix Makefiles" /home/locobot/Documents/kobuki/src/ecl_core/ecl_command_line /home/locobot/Documents/kobuki/src/ecl_core/ecl_command_line/src/examples /home/locobot/Documents/kobuki/build/ecl_command_line /home/locobot/Documents/kobuki/build/ecl_command_line/src/examples /home/locobot/Documents/kobuki/build/ecl_command_line/src/examples/CMakeFiles/ecl_demo_command_line.dir/DependInfo.cmake --color=
[1.310s] make[2]: Leaving directory '/home/locobot/Documents/kobuki/build/ecl_command_line'
[1.310s] /usr/bin/make -f src/examples/CMakeFiles/ecl_demo_command_line.dir/build.make src/examples/CMakeFiles/ecl_demo_command_line.dir/build
[1.314s] make[2]: Entering directory '/home/locobot/Documents/kobuki/build/ecl_command_line'
[1.315s] make[2]: Nothing to be done for 'src/examples/CMakeFiles/ecl_demo_command_line.dir/build'.
[1.315s] make[2]: Leaving directory '/home/locobot/Documents/kobuki/build/ecl_command_line'
[1.325s] [100%] Built target ecl_demo_command_line
[1.326s] make[1]: Leaving directory '/home/locobot/Documents/kobuki/build/ecl_command_line'
[1.326s] /usr/bin/cmake -E cmake_progress_start /home/locobot/Documents/kobuki/build/ecl_command_line/CMakeFiles 0
[1.361s] Invoked command in '/home/locobot/Documents/kobuki/build/ecl_command_line' returned '0': AMENT_PREFIX_PATH=/home/locobot/Documents/kobuki/install CMAKE_PREFIX_PATH=/home/locobot/Documents/kobuki/install LD_LIBRARY_PATH=/home/locobot/Documents/kobuki/install/lib PATH=/home/locobot/Documents/kobuki/install/bin:${PATH} PYTHONPATH=/home/locobot/Documents/kobuki/install/lib/python3.8/site-packages /usr/bin/cmake --build /home/locobot/Documents/kobuki/build/ecl_command_line -- -j4 -l4
[1.362s] Invoking command in '/home/locobot/Documents/kobuki/build/ecl_command_line': AMENT_PREFIX_PATH=/home/locobot/Documents/kobuki/install CMAKE_PREFIX_PATH=/home/locobot/Documents/kobuki/install LD_LIBRARY_PATH=/home/locobot/Documents/kobuki/install/lib PATH=/home/locobot/Documents/kobuki/install/bin:${PATH} PYTHONPATH=/home/locobot/Documents/kobuki/install/lib/python3.8/site-packages /usr/bin/cmake --install /home/locobot/Documents/kobuki/build/ecl_command_line
[1.386s] -- Install configuration: ""
[1.386s] -- Up-to-date: /home/locobot/Documents/kobuki/install/share/ament_index/resource_index/package_run_dependencies/ecl_command_line
[1.386s] -- Up-to-date: /home/locobot/Documents/kobuki/install/share/ament_index/resource_index/parent_prefix_path/ecl_command_line
[1.387s] -- Up-to-date: /home/locobot/Documents/kobuki/install/share/ecl_command_line/environment/ament_prefix_path.sh
[1.387s] -- Installing: /home/locobot/Documents/kobuki/install/share/ecl_command_line/environment/ament_prefix_path.dsv
[1.387s] -- Up-to-date: /home/locobot/Documents/kobuki/install/share/ecl_command_line/environment/path.sh
[1.387s] -- Installing: /home/locobot/Documents/kobuki/install/share/ecl_command_line/environment/path.dsv
[1.387s] -- Up-to-date: /home/locobot/Documents/kobuki/install/share/ecl_command_line/local_setup.bash
[1.387s] -- Up-to-date: /home/locobot/Documents/kobuki/install/share/ecl_command_line/local_setup.sh
[1.388s] -- Up-to-date: /home/locobot/Documents/kobuki/install/share/ecl_command_line/local_setup.zsh
[1.388s] -- Installing: /home/locobot/Documents/kobuki/install/share/ecl_command_line/local_setup.dsv
[1.388s] -- Installing: /home/locobot/Documents/kobuki/install/share/ecl_command_line/package.dsv
[1.388s] -- Up-to-date: /home/locobot/Documents/kobuki/install/share/ament_index/resource_index/packages/ecl_command_line
[1.388s] -- Up-to-date: /home/locobot/Documents/kobuki/install/share/ecl_command_line/cmake/ecl_command_lineExport.cmake
[1.388s] -- Up-to-date: /home/locobot/Documents/kobuki/install/share/ecl_command_line/cmake/ament_cmake_export_targets-extras.cmake
[1.388s] -- Up-to-date: /home/locobot/Documents/kobuki/install/share/ecl_command_line/cmake/ament_cmake_export_include_directories-extras.cmake
[1.389s] -- Up-to-date: /home/locobot/Documents/kobuki/install/share/ecl_command_line/cmake/ecl_command_lineConfig.cmake
[1.389s] -- Up-to-date: /home/locobot/Documents/kobuki/install/share/ecl_command_line/cmake/ecl_command_lineConfig-version.cmake
[1.392s] -- Up-to-date: /home/locobot/Documents/kobuki/install/share/ecl_command_line/package.xml
[1.392s] -- Up-to-date: /home/locobot/Documents/kobuki/install/include/ecl/command_line.hpp
[1.392s] -- Up-to-date: /home/locobot/Documents/kobuki/install/include/ecl/command_line/arg.hpp
[1.393s] -- Up-to-date: /home/locobot/Documents/kobuki/install/include/ecl/command_line/arg_exception.hpp
[1.393s] -- Up-to-date: /home/locobot/Documents/kobuki/install/include/ecl/command_line/cmd_line.hpp
[1.393s] -- Up-to-date: /home/locobot/Documents/kobuki/install/include/ecl/command_line/cmd_line_interface.hpp
[1.393s] -- Up-to-date: /home/locobot/Documents/kobuki/install/include/ecl/command_line/cmd_line_output.hpp
[1.393s] -- Up-to-date: /home/locobot/Documents/kobuki/install/include/ecl/command_line/constraint.hpp
[1.393s] -- Up-to-date: /home/locobot/Documents/kobuki/install/include/ecl/command_line/docbook_output.hpp
[1.393s] -- Up-to-date: /home/locobot/Documents/kobuki/install/include/ecl/command_line/help_visitor.hpp
[1.394s] -- Up-to-date: /home/locobot/Documents/kobuki/install/include/ecl/command_line/ignore_rest_visitor.hpp
[1.394s] -- Up-to-date: /home/locobot/Documents/kobuki/install/include/ecl/command_line/multi_arg.hpp
[1.394s] -- Up-to-date: /home/locobot/Documents/kobuki/install/include/ecl/command_line/multi_switch_arg.hpp
[1.394s] -- Up-to-date: /home/locobot/Documents/kobuki/install/include/ecl/command_line/optional_unlabeled_tracker.hpp
[1.394s] -- Up-to-date: /home/locobot/Documents/kobuki/install/include/ecl/command_line/std_output.hpp
[1.394s] -- Up-to-date: /home/locobot/Documents/kobuki/install/include/ecl/command_line/switch_arg.hpp
[1.395s] -- Up-to-date: /home/locobot/Documents/kobuki/install/include/ecl/command_line/unlabeled_multi_arg.hpp
[1.395s] -- Up-to-date: /home/locobot/Documents/kobuki/install/include/ecl/command_line/unlabeled_value_arg.hpp
[1.395s] -- Up-to-date: /home/locobot/Documents/kobuki/install/include/ecl/command_line/value_arg.hpp
[1.395s] -- Up-to-date: /home/locobot/Documents/kobuki/install/include/ecl/command_line/values_constraint.hpp
[1.395s] -- Up-to-date: /home/locobot/Documents/kobuki/install/include/ecl/command_line/version_visitor.hpp
[1.395s] -- Up-to-date: /home/locobot/Documents/kobuki/install/include/ecl/command_line/visitor.hpp
[1.395s] -- Up-to-date: /home/locobot/Documents/kobuki/install/include/ecl/command_line/xor_handler.hpp
[1.396s] -- Up-to-date: /home/locobot/Documents/kobuki/install/lib/ecl_command_line/demo_command_line
[1.418s] Invoked command in '/home/locobot/Documents/kobuki/build/ecl_command_line' returned '0': AMENT_PREFIX_PATH=/home/locobot/Documents/kobuki/install CMAKE_PREFIX_PATH=/home/locobot/Documents/kobuki/install LD_LIBRARY_PATH=/home/locobot/Documents/kobuki/install/lib PATH=/home/locobot/Documents/kobuki/install/bin:${PATH} PYTHONPATH=/home/locobot/Documents/kobuki/install/lib/python3.8/site-packages /usr/bin/cmake --install /home/locobot/Documents/kobuki/build/ecl_command_line
