[0.243s] Invoking command in '/home/locobot/Documents/kobuki/build/ecl_ipc': AMENT_PREFIX_PATH=/home/locobot/Documents/kobuki/install CMAKE_PREFIX_PATH=/home/locobot/Documents/kobuki/install LD_LIBRARY_PATH=/home/locobot/Documents/kobuki/install/lib PATH=/home/locobot/Documents/kobuki/install/bin:${PATH} PYTHONPATH=/home/locobot/Documents/kobuki/install/lib/python3.8/site-packages /usr/bin/cmake /home/locobot/Documents/kobuki/src/ecl_core/ecl_ipc -DBUILD_TESTING=OFF -DCMAKE_BUILD_TYPE=RelWithDebInfo -DCMAKE_INSTALL_PREFIX=/home/locobot/Documents/kobuki/install
[0.266s] -- Found ament_cmake_ros: 0.9.2 (/home/locobot/Documents/kobuki/install/share/ament_cmake_ros/cmake)
[0.293s] -- Using PYTHON_EXECUTABLE: /usr/bin/python3
[0.534s] -- Found ecl_build: 1.0.3 (/home/locobot/Documents/kobuki/install/share/ecl_build/cmake)
[0.544s] -- Found ecl_config: 1.1.0 (/home/locobot/Documents/kobuki/install/share/ecl_config/cmake)
[0.547s] -- Found ecl_errors: 1.1.0 (/home/locobot/Documents/kobuki/install/share/ecl_errors/cmake)
[0.552s] -- Found ecl_time_lite: 1.1.0 (/home/locobot/Documents/kobuki/install/share/ecl_time_lite/cmake)
[0.558s] -- Found ecl_exceptions: 1.2.1 (/home/locobot/Documents/kobuki/install/share/ecl_exceptions/cmake)
[0.564s] -- Found ecl_threads: 1.2.1 (/home/locobot/Documents/kobuki/install/share/ecl_threads/cmake)
[0.871s] -- Configuring done
[0.884s] -- Generating done
[0.889s] -- Build files have been written to: /home/locobot/Documents/kobuki/build/ecl_ipc
[0.898s] Invoked command in '/home/locobot/Documents/kobuki/build/ecl_ipc' returned '0': AMENT_PREFIX_PATH=/home/locobot/Documents/kobuki/install CMAKE_PREFIX_PATH=/home/locobot/Documents/kobuki/install LD_LIBRARY_PATH=/home/locobot/Documents/kobuki/install/lib PATH=/home/locobot/Documents/kobuki/install/bin:${PATH} PYTHONPATH=/home/locobot/Documents/kobuki/install/lib/python3.8/site-packages /usr/bin/cmake /home/locobot/Documents/kobuki/src/ecl_core/ecl_ipc -DBUILD_TESTING=OFF -DCMAKE_BUILD_TYPE=RelWithDebInfo -DCMAKE_INSTALL_PREFIX=/home/locobot/Documents/kobuki/install
[0.900s] Invoking command in '/home/locobot/Documents/kobuki/build/ecl_ipc': AMENT_PREFIX_PATH=/home/locobot/Documents/kobuki/install CMAKE_PREFIX_PATH=/home/locobot/Documents/kobuki/install LD_LIBRARY_PATH=/home/locobot/Documents/kobuki/install/lib PATH=/home/locobot/Documents/kobuki/install/bin:${PATH} PYTHONPATH=/home/locobot/Documents/kobuki/install/lib/python3.8/site-packages /usr/bin/cmake --build /home/locobot/Documents/kobuki/build/ecl_ipc -- -j4 -l4
[0.974s] [ 33%] [32mBuilding CXX object src/lib/CMakeFiles/ecl_ipc.dir/semaphore_pos.cpp.o[0m
[1.696s] [ 66%] [32mBuilding CXX object src/lib/CMakeFiles/ecl_ipc.dir/shared_memory_pos.cpp.o[0m
[2.992s] [100%] [32m[1mLinking CXX shared library libecl_ipc.so[0m
[3.357s] [100%] Built target ecl_ipc
[3.410s] Invoked command in '/home/locobot/Documents/kobuki/build/ecl_ipc' returned '0': AMENT_PREFIX_PATH=/home/locobot/Documents/kobuki/install CMAKE_PREFIX_PATH=/home/locobot/Documents/kobuki/install LD_LIBRARY_PATH=/home/locobot/Documents/kobuki/install/lib PATH=/home/locobot/Documents/kobuki/install/bin:${PATH} PYTHONPATH=/home/locobot/Documents/kobuki/install/lib/python3.8/site-packages /usr/bin/cmake --build /home/locobot/Documents/kobuki/build/ecl_ipc -- -j4 -l4
[3.415s] Invoking command in '/home/locobot/Documents/kobuki/build/ecl_ipc': AMENT_PREFIX_PATH=/home/locobot/Documents/kobuki/install CMAKE_PREFIX_PATH=/home/locobot/Documents/kobuki/install LD_LIBRARY_PATH=/home/locobot/Documents/kobuki/install/lib PATH=/home/locobot/Documents/kobuki/install/bin:${PATH} PYTHONPATH=/home/locobot/Documents/kobuki/install/lib/python3.8/site-packages /usr/bin/cmake --install /home/locobot/Documents/kobuki/build/ecl_ipc
[3.439s] -- Install configuration: "RelWithDebInfo"
[3.440s] -- Up-to-date: /home/locobot/Documents/kobuki/install/share/ecl_ipc/environment/library_path.sh
[3.440s] -- Installing: /home/locobot/Documents/kobuki/install/share/ecl_ipc/environment/library_path.dsv
[3.441s] -- Up-to-date: /home/locobot/Documents/kobuki/install/share/ament_index/resource_index/package_run_dependencies/ecl_ipc
[3.442s] -- Up-to-date: /home/locobot/Documents/kobuki/install/share/ament_index/resource_index/parent_prefix_path/ecl_ipc
[3.442s] -- Up-to-date: /home/locobot/Documents/kobuki/install/share/ecl_ipc/environment/ament_prefix_path.sh
[3.443s] -- Installing: /home/locobot/Documents/kobuki/install/share/ecl_ipc/environment/ament_prefix_path.dsv
[3.443s] -- Up-to-date: /home/locobot/Documents/kobuki/install/share/ecl_ipc/environment/path.sh
[3.444s] -- Installing: /home/locobot/Documents/kobuki/install/share/ecl_ipc/environment/path.dsv
[3.445s] -- Up-to-date: /home/locobot/Documents/kobuki/install/share/ecl_ipc/local_setup.bash
[3.445s] -- Up-to-date: /home/locobot/Documents/kobuki/install/share/ecl_ipc/local_setup.sh
[3.446s] -- Up-to-date: /home/locobot/Documents/kobuki/install/share/ecl_ipc/local_setup.zsh
[3.446s] -- Installing: /home/locobot/Documents/kobuki/install/share/ecl_ipc/local_setup.dsv
[3.447s] -- Installing: /home/locobot/Documents/kobuki/install/share/ecl_ipc/package.dsv
[3.447s] -- Up-to-date: /home/locobot/Documents/kobuki/install/share/ament_index/resource_index/packages/ecl_ipc
[3.447s] -- Up-to-date: /home/locobot/Documents/kobuki/install/share/ecl_ipc/cmake/ecl_ipcExport.cmake
[3.447s] -- Installing: /home/locobot/Documents/kobuki/install/share/ecl_ipc/cmake/ecl_ipcExport-relwithdebinfo.cmake
[3.453s] -- Up-to-date: /home/locobot/Documents/kobuki/install/share/ecl_ipc/cmake/ament_cmake_export_targets-extras.cmake
[3.455s] -- Up-to-date: /home/locobot/Documents/kobuki/install/share/ecl_ipc/cmake/ament_cmake_export_include_directories-extras.cmake
[3.455s] -- Up-to-date: /home/locobot/Documents/kobuki/install/share/ecl_ipc/cmake/ament_cmake_export_libraries-extras.cmake
[3.455s] -- Up-to-date: /home/locobot/Documents/kobuki/install/share/ecl_ipc/cmake/ament_cmake_export_dependencies-extras.cmake
[3.455s] -- Up-to-date: /home/locobot/Documents/kobuki/install/share/ecl_ipc/cmake/ecl_ipcConfig.cmake
[3.455s] -- Up-to-date: /home/locobot/Documents/kobuki/install/share/ecl_ipc/cmake/ecl_ipcConfig-version.cmake
[3.455s] -- Up-to-date: /home/locobot/Documents/kobuki/install/share/ecl_ipc/package.xml
[3.455s] -- Up-to-date: /home/locobot/Documents/kobuki/install/include/ecl/ipc.hpp
[3.456s] -- Up-to-date: /home/locobot/Documents/kobuki/install/include/ecl/ipc/semaphore.hpp
[3.456s] -- Up-to-date: /home/locobot/Documents/kobuki/install/include/ecl/ipc/semaphore_pos.hpp
[3.456s] -- Up-to-date: /home/locobot/Documents/kobuki/install/include/ecl/ipc/shared_memory.hpp
[3.456s] -- Up-to-date: /home/locobot/Documents/kobuki/install/include/ecl/ipc/shared_memory_pos.hpp
[3.461s] -- Installing: /home/locobot/Documents/kobuki/install/lib/libecl_ipc.so.1.2.1
[3.462s] -- Set runtime path of "/home/locobot/Documents/kobuki/install/lib/libecl_ipc.so.1.2.1" to ""
[3.462s] -- Up-to-date: /home/locobot/Documents/kobuki/install/lib/libecl_ipc.so
[3.463s] Invoked command in '/home/locobot/Documents/kobuki/build/ecl_ipc' returned '0': AMENT_PREFIX_PATH=/home/locobot/Documents/kobuki/install CMAKE_PREFIX_PATH=/home/locobot/Documents/kobuki/install LD_LIBRARY_PATH=/home/locobot/Documents/kobuki/install/lib PATH=/home/locobot/Documents/kobuki/install/bin:${PATH} PYTHONPATH=/home/locobot/Documents/kobuki/install/lib/python3.8/site-packages /usr/bin/cmake --install /home/locobot/Documents/kobuki/build/ecl_ipc
