[0.499s] Invoking command in '/home/locobot/Documents/kobuki/build/ecl_manipulators': AMENT_PREFIX_PATH=/home/locobot/Documents/kobuki/install CMAKE_PREFIX_PATH=/home/locobot/Documents/kobuki/install LD_LIBRARY_PATH=/home/locobot/Documents/kobuki/install/lib PATH=/home/locobot/Documents/kobuki/install/bin:${PATH} PKG_CONFIG_PATH=/home/locobot/Documents/kobuki/install/lib/x86_64-linux-gnu/pkgconfig:/home/locobot/Documents/kobuki/install/lib/pkgconfig PYTHONPATH=/home/locobot/Documents/kobuki/install/lib/python3.8/site-packages /usr/bin/cmake /home/locobot/Documents/kobuki/src/ecl_core/ecl_manipulators -DBUILD_TESTING=OFF --no-warn-unused-cli -DCMAKE_INSTALL_PREFIX=/home/locobot/Documents/kobuki/install
[0.500s] Not searching for unused variables given on the command line.
[0.513s] -- Found ament_cmake_ros: 0.9.2 (/home/locobot/Documents/kobuki/install/share/ament_cmake_ros/cmake)
[0.537s] -- Using PYTHON_EXECUTABLE: /usr/bin/python3
[0.794s] -- Found ecl_build: 1.0.3 (/home/locobot/Documents/kobuki/install/share/ecl_build/cmake)
[0.805s] -- Found ecl_exceptions: 1.2.1 (/home/locobot/Documents/kobuki/install/share/ecl_exceptions/cmake)
[0.819s] -- Found ecl_formatters: 1.2.1 (/home/locobot/Documents/kobuki/install/share/ecl_formatters/cmake)
[0.849s] -- Found ecl_geometry: 1.2.1 (/home/locobot/Documents/kobuki/install/share/ecl_geometry/cmake)
[1.037s] -- Configuring done
[1.081s] -- Generating done
[1.094s] -- Build files have been written to: /home/locobot/Documents/kobuki/build/ecl_manipulators
[1.104s] Invoked command in '/home/locobot/Documents/kobuki/build/ecl_manipulators' returned '0': AMENT_PREFIX_PATH=/home/locobot/Documents/kobuki/install CMAKE_PREFIX_PATH=/home/locobot/Documents/kobuki/install LD_LIBRARY_PATH=/home/locobot/Documents/kobuki/install/lib PATH=/home/locobot/Documents/kobuki/install/bin:${PATH} PKG_CONFIG_PATH=/home/locobot/Documents/kobuki/install/lib/x86_64-linux-gnu/pkgconfig:/home/locobot/Documents/kobuki/install/lib/pkgconfig PYTHONPATH=/home/locobot/Documents/kobuki/install/lib/python3.8/site-packages /usr/bin/cmake /home/locobot/Documents/kobuki/src/ecl_core/ecl_manipulators -DBUILD_TESTING=OFF --no-warn-unused-cli -DCMAKE_INSTALL_PREFIX=/home/locobot/Documents/kobuki/install
[1.106s] Invoking command in '/home/locobot/Documents/kobuki/build/ecl_manipulators': AMENT_PREFIX_PATH=/home/locobot/Documents/kobuki/install CMAKE_PREFIX_PATH=/home/locobot/Documents/kobuki/install LD_LIBRARY_PATH=/home/locobot/Documents/kobuki/install/lib PATH=/home/locobot/Documents/kobuki/install/bin:${PATH} PKG_CONFIG_PATH=/home/locobot/Documents/kobuki/install/lib/x86_64-linux-gnu/pkgconfig:/home/locobot/Documents/kobuki/install/lib/pkgconfig PYTHONPATH=/home/locobot/Documents/kobuki/install/lib/python3.8/site-packages /usr/bin/cmake --build /home/locobot/Documents/kobuki/build/ecl_manipulators -- -j4 -l4
[1.192s] [100%] Built target ecl_manipulators
[1.212s] Invoked command in '/home/locobot/Documents/kobuki/build/ecl_manipulators' returned '0': AMENT_PREFIX_PATH=/home/locobot/Documents/kobuki/install CMAKE_PREFIX_PATH=/home/locobot/Documents/kobuki/install LD_LIBRARY_PATH=/home/locobot/Documents/kobuki/install/lib PATH=/home/locobot/Documents/kobuki/install/bin:${PATH} PKG_CONFIG_PATH=/home/locobot/Documents/kobuki/install/lib/x86_64-linux-gnu/pkgconfig:/home/locobot/Documents/kobuki/install/lib/pkgconfig PYTHONPATH=/home/locobot/Documents/kobuki/install/lib/python3.8/site-packages /usr/bin/cmake --build /home/locobot/Documents/kobuki/build/ecl_manipulators -- -j4 -l4
[1.213s] Invoking command in '/home/locobot/Documents/kobuki/build/ecl_manipulators': AMENT_PREFIX_PATH=/home/locobot/Documents/kobuki/install CMAKE_PREFIX_PATH=/home/locobot/Documents/kobuki/install LD_LIBRARY_PATH=/home/locobot/Documents/kobuki/install/lib PATH=/home/locobot/Documents/kobuki/install/bin:${PATH} PKG_CONFIG_PATH=/home/locobot/Documents/kobuki/install/lib/x86_64-linux-gnu/pkgconfig:/home/locobot/Documents/kobuki/install/lib/pkgconfig PYTHONPATH=/home/locobot/Documents/kobuki/install/lib/python3.8/site-packages /usr/bin/cmake --install /home/locobot/Documents/kobuki/build/ecl_manipulators
[1.228s] -- Install configuration: ""
[1.234s] -- Up-to-date: /home/locobot/Documents/kobuki/install/share/ecl_manipulators/scripts
[1.234s] -- Up-to-date: /home/locobot/Documents/kobuki/install/share/ecl_manipulators/scripts/Makefile
[1.235s] -- Up-to-date: /home/locobot/Documents/kobuki/install/share/ecl_manipulators/scripts/linear.x11
[1.235s] -- Up-to-date: /home/locobot/Documents/kobuki/install/share/ecl_manipulators/scripts/tension.x11
[1.235s] -- Up-to-date: /home/locobot/Documents/kobuki/install/share/ecl_manipulators/environment/library_path.sh
[1.235s] -- Installing: /home/locobot/Documents/kobuki/install/share/ecl_manipulators/environment/library_path.dsv
[1.235s] -- Up-to-date: /home/locobot/Documents/kobuki/install/share/ament_index/resource_index/package_run_dependencies/ecl_manipulators
[1.235s] -- Up-to-date: /home/locobot/Documents/kobuki/install/share/ament_index/resource_index/parent_prefix_path/ecl_manipulators
[1.235s] -- Up-to-date: /home/locobot/Documents/kobuki/install/share/ecl_manipulators/environment/ament_prefix_path.sh
[1.236s] -- Installing: /home/locobot/Documents/kobuki/install/share/ecl_manipulators/environment/ament_prefix_path.dsv
[1.236s] -- Up-to-date: /home/locobot/Documents/kobuki/install/share/ecl_manipulators/environment/path.sh
[1.236s] -- Installing: /home/locobot/Documents/kobuki/install/share/ecl_manipulators/environment/path.dsv
[1.236s] -- Up-to-date: /home/locobot/Documents/kobuki/install/share/ecl_manipulators/local_setup.bash
[1.236s] -- Up-to-date: /home/locobot/Documents/kobuki/install/share/ecl_manipulators/local_setup.sh
[1.236s] -- Up-to-date: /home/locobot/Documents/kobuki/install/share/ecl_manipulators/local_setup.zsh
[1.236s] -- Installing: /home/locobot/Documents/kobuki/install/share/ecl_manipulators/local_setup.dsv
[1.236s] -- Installing: /home/locobot/Documents/kobuki/install/share/ecl_manipulators/package.dsv
[1.237s] -- Up-to-date: /home/locobot/Documents/kobuki/install/share/ament_index/resource_index/packages/ecl_manipulators
[1.237s] -- Up-to-date: /home/locobot/Documents/kobuki/install/share/ecl_manipulators/cmake/ecl_manipulatorsExport.cmake
[1.237s] -- Installing: /home/locobot/Documents/kobuki/install/share/ecl_manipulators/cmake/ecl_manipulatorsExport-noconfig.cmake
[1.237s] -- Up-to-date: /home/locobot/Documents/kobuki/install/share/ecl_manipulators/cmake/ament_cmake_export_targets-extras.cmake
[1.237s] -- Up-to-date: /home/locobot/Documents/kobuki/install/share/ecl_manipulators/cmake/ament_cmake_export_include_directories-extras.cmake
[1.237s] -- Up-to-date: /home/locobot/Documents/kobuki/install/share/ecl_manipulators/cmake/ament_cmake_export_libraries-extras.cmake
[1.237s] -- Up-to-date: /home/locobot/Documents/kobuki/install/share/ecl_manipulators/cmake/ament_cmake_export_dependencies-extras.cmake
[1.237s] -- Up-to-date: /home/locobot/Documents/kobuki/install/share/ecl_manipulators/cmake/ecl_manipulatorsConfig.cmake
[1.238s] -- Up-to-date: /home/locobot/Documents/kobuki/install/share/ecl_manipulators/cmake/ecl_manipulatorsConfig-version.cmake
[1.238s] -- Up-to-date: /home/locobot/Documents/kobuki/install/share/ecl_manipulators/package.xml
[1.238s] -- Up-to-date: /home/locobot/Documents/kobuki/install/include/ecl/manipulators.hpp
[1.238s] -- Up-to-date: /home/locobot/Documents/kobuki/install/include/ecl/manipulators/trajectory.hpp
[1.238s] -- Up-to-date: /home/locobot/Documents/kobuki/install/include/ecl/manipulators/types.hpp
[1.238s] -- Up-to-date: /home/locobot/Documents/kobuki/install/include/ecl/manipulators/waypoint.hpp
[1.238s] -- Up-to-date: /home/locobot/Documents/kobuki/install/lib/libecl_manipulators.so.1.2.1
[1.239s] -- Up-to-date: /home/locobot/Documents/kobuki/install/lib/libecl_manipulators.so
[1.257s] Invoked command in '/home/locobot/Documents/kobuki/build/ecl_manipulators' returned '0': AMENT_PREFIX_PATH=/home/locobot/Documents/kobuki/install CMAKE_PREFIX_PATH=/home/locobot/Documents/kobuki/install LD_LIBRARY_PATH=/home/locobot/Documents/kobuki/install/lib PATH=/home/locobot/Documents/kobuki/install/bin:${PATH} PKG_CONFIG_PATH=/home/locobot/Documents/kobuki/install/lib/x86_64-linux-gnu/pkgconfig:/home/locobot/Documents/kobuki/install/lib/pkgconfig PYTHONPATH=/home/locobot/Documents/kobuki/install/lib/python3.8/site-packages /usr/bin/cmake --install /home/locobot/Documents/kobuki/build/ecl_manipulators
