[0.086s] Invoking command in '/home/locobot/Documents/kobuki/build/ament_cmake_clang_format': AMENT_PREFIX_PATH=/home/locobot/Documents/kobuki/install CMAKE_PREFIX_PATH=/home/locobot/Documents/kobuki/install LD_LIBRARY_PATH=/home/locobot/Documents/kobuki/install/lib PATH=/home/locobot/Documents/kobuki/install/bin:${PATH} PYTHONPATH=/home/locobot/Documents/kobuki/install/lib/python3.8/site-packages /usr/bin/cmake /home/locobot/Documents/kobuki/src/ament_lint/ament_cmake_clang_format -DBUILD_TESTING=OFF -DCMAKE_BUILD_TYPE=RelWithDebInfo -DCMAKE_INSTALL_PREFIX=/home/locobot/Documents/kobuki/install
[0.103s] -- Found ament_cmake_core: 0.9.12 (/home/locobot/Documents/kobuki/install/share/ament_cmake_core/cmake)
[0.128s] -- Using PYTHON_EXECUTABLE: /usr/bin/python3
[0.375s] -- Found ament_cmake_test: 0.9.12 (/home/locobot/Documents/kobuki/install/share/ament_cmake_test/cmake)
[0.519s] -- Configuring done
[0.522s] -- Generating done
[0.525s] -- Build files have been written to: /home/locobot/Documents/kobuki/build/ament_cmake_clang_format
[0.531s] Invoked command in '/home/locobot/Documents/kobuki/build/ament_cmake_clang_format' returned '0': AMENT_PREFIX_PATH=/home/locobot/Documents/kobuki/install CMAKE_PREFIX_PATH=/home/locobot/Documents/kobuki/install LD_LIBRARY_PATH=/home/locobot/Documents/kobuki/install/lib PATH=/home/locobot/Documents/kobuki/install/bin:${PATH} PYTHONPATH=/home/locobot/Documents/kobuki/install/lib/python3.8/site-packages /usr/bin/cmake /home/locobot/Documents/kobuki/src/ament_lint/ament_cmake_clang_format -DBUILD_TESTING=OFF -DCMAKE_BUILD_TYPE=RelWithDebInfo -DCMAKE_INSTALL_PREFIX=/home/locobot/Documents/kobuki/install
[0.532s] Invoking command in '/home/locobot/Documents/kobuki/build/ament_cmake_clang_format': AMENT_PREFIX_PATH=/home/locobot/Documents/kobuki/install CMAKE_PREFIX_PATH=/home/locobot/Documents/kobuki/install LD_LIBRARY_PATH=/home/locobot/Documents/kobuki/install/lib PATH=/home/locobot/Documents/kobuki/install/bin:${PATH} PYTHONPATH=/home/locobot/Documents/kobuki/install/lib/python3.8/site-packages /usr/bin/cmake --build /home/locobot/Documents/kobuki/build/ament_cmake_clang_format -- -j4 -l4
[0.587s] Invoked command in '/home/locobot/Documents/kobuki/build/ament_cmake_clang_format' returned '0': AMENT_PREFIX_PATH=/home/locobot/Documents/kobuki/install CMAKE_PREFIX_PATH=/home/locobot/Documents/kobuki/install LD_LIBRARY_PATH=/home/locobot/Documents/kobuki/install/lib PATH=/home/locobot/Documents/kobuki/install/bin:${PATH} PYTHONPATH=/home/locobot/Documents/kobuki/install/lib/python3.8/site-packages /usr/bin/cmake --build /home/locobot/Documents/kobuki/build/ament_cmake_clang_format -- -j4 -l4
[0.588s] Invoking command in '/home/locobot/Documents/kobuki/build/ament_cmake_clang_format': AMENT_PREFIX_PATH=/home/locobot/Documents/kobuki/install CMAKE_PREFIX_PATH=/home/locobot/Documents/kobuki/install LD_LIBRARY_PATH=/home/locobot/Documents/kobuki/install/lib PATH=/home/locobot/Documents/kobuki/install/bin:${PATH} PYTHONPATH=/home/locobot/Documents/kobuki/install/lib/python3.8/site-packages /usr/bin/cmake --install /home/locobot/Documents/kobuki/build/ament_cmake_clang_format
[0.618s] -- Install configuration: "RelWithDebInfo"
[0.618s] -- Up-to-date: /home/locobot/Documents/kobuki/install/share/ament_index/resource_index/package_run_dependencies/ament_cmake_clang_format
[0.618s] -- Up-to-date: /home/locobot/Documents/kobuki/install/share/ament_index/resource_index/parent_prefix_path/ament_cmake_clang_format
[0.618s] -- Up-to-date: /home/locobot/Documents/kobuki/install/share/ament_cmake_clang_format/environment/ament_prefix_path.sh
[0.619s] -- Installing: /home/locobot/Documents/kobuki/install/share/ament_cmake_clang_format/environment/ament_prefix_path.dsv
[0.619s] -- Up-to-date: /home/locobot/Documents/kobuki/install/share/ament_cmake_clang_format/environment/path.sh
[0.619s] -- Installing: /home/locobot/Documents/kobuki/install/share/ament_cmake_clang_format/environment/path.dsv
[0.619s] -- Up-to-date: /home/locobot/Documents/kobuki/install/share/ament_cmake_clang_format/local_setup.bash
[0.619s] -- Up-to-date: /home/locobot/Documents/kobuki/install/share/ament_cmake_clang_format/local_setup.sh
[0.620s] -- Up-to-date: /home/locobot/Documents/kobuki/install/share/ament_cmake_clang_format/local_setup.zsh
[0.620s] -- Installing: /home/locobot/Documents/kobuki/install/share/ament_cmake_clang_format/local_setup.dsv
[0.620s] -- Installing: /home/locobot/Documents/kobuki/install/share/ament_cmake_clang_format/package.dsv
[0.620s] -- Up-to-date: /home/locobot/Documents/kobuki/install/share/ament_index/resource_index/packages/ament_cmake_clang_format
[0.620s] -- Up-to-date: /home/locobot/Documents/kobuki/install/share/ament_cmake_clang_format/cmake/ament_cmake_clang_format-extras.cmake
[0.620s] -- Up-to-date: /home/locobot/Documents/kobuki/install/share/ament_cmake_clang_format/cmake/ament_cmake_clang_formatConfig.cmake
[0.620s] -- Up-to-date: /home/locobot/Documents/kobuki/install/share/ament_cmake_clang_format/cmake/ament_cmake_clang_formatConfig-version.cmake
[0.620s] -- Up-to-date: /home/locobot/Documents/kobuki/install/share/ament_cmake_clang_format/package.xml
[0.621s] -- Up-to-date: /home/locobot/Documents/kobuki/install/share/ament_cmake_clang_format/cmake
[0.621s] -- Up-to-date: /home/locobot/Documents/kobuki/install/share/ament_cmake_clang_format/cmake/ament_clang_format.cmake
[0.621s] -- Up-to-date: /home/locobot/Documents/kobuki/install/share/ament_cmake_clang_format/cmake/ament_cmake_clang_format_lint_hook.cmake
[0.621s] Invoked command in '/home/locobot/Documents/kobuki/build/ament_cmake_clang_format' returned '0': AMENT_PREFIX_PATH=/home/locobot/Documents/kobuki/install CMAKE_PREFIX_PATH=/home/locobot/Documents/kobuki/install LD_LIBRARY_PATH=/home/locobot/Documents/kobuki/install/lib PATH=/home/locobot/Documents/kobuki/install/bin:${PATH} PYTHONPATH=/home/locobot/Documents/kobuki/install/lib/python3.8/site-packages /usr/bin/cmake --install /home/locobot/Documents/kobuki/build/ament_cmake_clang_format
