[0.498s] Invoking command in '/home/locobot/Documents/kobuki/build/ecl_converters': AMENT_PREFIX_PATH=/home/locobot/Documents/kobuki/install CMAKE_PREFIX_PATH=/home/locobot/Documents/kobuki/install LD_LIBRARY_PATH=/home/locobot/Documents/kobuki/install/lib PATH=/home/locobot/Documents/kobuki/install/bin:${PATH} PYTHONPATH=/home/locobot/Documents/kobuki/install/lib/python3.8/site-packages /usr/bin/cmake /home/locobot/Documents/kobuki/src/ecl_core/ecl_converters -DBUILD_TESTING=OFF -DCMAKE_INSTALL_PREFIX=/home/locobot/Documents/kobuki/install
[0.512s] Re-run cmake no build system arguments
[0.519s] -- Found ament_cmake_ros: 0.9.2 (/home/locobot/Documents/kobuki/install/share/ament_cmake_ros/cmake)
[0.544s] -- Using PYTHON_EXECUTABLE: /usr/bin/python3
[0.763s] -- Found ecl_build: 1.0.3 (/home/locobot/Documents/kobuki/install/share/ecl_build/cmake)
[0.772s] -- Found ecl_config: 1.1.0 (/home/locobot/Documents/kobuki/install/share/ecl_config/cmake)
[0.776s] -- Found ecl_concepts: 1.2.1 (/home/locobot/Documents/kobuki/install/share/ecl_concepts/cmake)
[0.791s] -- Found ecl_errors: 1.1.0 (/home/locobot/Documents/kobuki/install/share/ecl_errors/cmake)
[0.793s] -- Found ecl_exceptions: 1.2.1 (/home/locobot/Documents/kobuki/install/share/ecl_exceptions/cmake)
[0.984s] -- Configuring done
[0.992s] -- Generating done
[0.994s] -- Build files have been written to: /home/locobot/Documents/kobuki/build/ecl_converters
[0.999s] Invoked command in '/home/locobot/Documents/kobuki/build/ecl_converters' returned '0': AMENT_PREFIX_PATH=/home/locobot/Documents/kobuki/install CMAKE_PREFIX_PATH=/home/locobot/Documents/kobuki/install LD_LIBRARY_PATH=/home/locobot/Documents/kobuki/install/lib PATH=/home/locobot/Documents/kobuki/install/bin:${PATH} PYTHONPATH=/home/locobot/Documents/kobuki/install/lib/python3.8/site-packages /usr/bin/cmake /home/locobot/Documents/kobuki/src/ecl_core/ecl_converters -DBUILD_TESTING=OFF -DCMAKE_INSTALL_PREFIX=/home/locobot/Documents/kobuki/install
[1.006s] Invoking command in '/home/locobot/Documents/kobuki/build/ecl_converters': AMENT_PREFIX_PATH=/home/locobot/Documents/kobuki/install CMAKE_PREFIX_PATH=/home/locobot/Documents/kobuki/install LD_LIBRARY_PATH=/home/locobot/Documents/kobuki/install/lib PATH=/home/locobot/Documents/kobuki/install/bin:${PATH} PYTHONPATH=/home/locobot/Documents/kobuki/install/lib/python3.8/site-packages /usr/bin/cmake --build /home/locobot/Documents/kobuki/build/ecl_converters -- -j4 -l4
[1.057s] /usr/bin/cmake -S/home/locobot/Documents/kobuki/src/ecl_core/ecl_converters -B/home/locobot/Documents/kobuki/build/ecl_converters --check-build-system CMakeFiles/Makefile.cmake 0
[1.119s] /usr/bin/cmake -E cmake_progress_start /home/locobot/Documents/kobuki/build/ecl_converters/CMakeFiles /home/locobot/Documents/kobuki/build/ecl_converters/CMakeFiles/progress.marks
[1.131s] /usr/bin/make -f CMakeFiles/Makefile2 all
[1.134s] make[1]: Entering directory '/home/locobot/Documents/kobuki/build/ecl_converters'
[1.134s] /usr/bin/make -f src/examples/CMakeFiles/demo_float_converters.dir/build.make src/examples/CMakeFiles/demo_float_converters.dir/depend
[1.136s] make[2]: Entering directory '/home/locobot/Documents/kobuki/build/ecl_converters'
[1.137s] cd /home/locobot/Documents/kobuki/build/ecl_converters && /usr/bin/cmake -E cmake_depends "Unix Makefiles" /home/locobot/Documents/kobuki/src/ecl_core/ecl_converters /home/locobot/Documents/kobuki/src/ecl_core/ecl_converters/src/examples /home/locobot/Documents/kobuki/build/ecl_converters /home/locobot/Documents/kobuki/build/ecl_converters/src/examples /home/locobot/Documents/kobuki/build/ecl_converters/src/examples/CMakeFiles/demo_float_converters.dir/DependInfo.cmake --color=
[1.151s] make[2]: Leaving directory '/home/locobot/Documents/kobuki/build/ecl_converters'
[1.152s] /usr/bin/make -f src/examples/CMakeFiles/demo_float_converters.dir/build.make src/examples/CMakeFiles/demo_float_converters.dir/build
[1.154s] make[2]: Entering directory '/home/locobot/Documents/kobuki/build/ecl_converters'
[1.154s] make[2]: Nothing to be done for 'src/examples/CMakeFiles/demo_float_converters.dir/build'.
[1.155s] make[2]: Leaving directory '/home/locobot/Documents/kobuki/build/ecl_converters'
[1.167s] [100%] Built target demo_float_converters
[1.169s] make[1]: Leaving directory '/home/locobot/Documents/kobuki/build/ecl_converters'
[1.169s] /usr/bin/cmake -E cmake_progress_start /home/locobot/Documents/kobuki/build/ecl_converters/CMakeFiles 0
[1.193s] Invoked command in '/home/locobot/Documents/kobuki/build/ecl_converters' returned '0': AMENT_PREFIX_PATH=/home/locobot/Documents/kobuki/install CMAKE_PREFIX_PATH=/home/locobot/Documents/kobuki/install LD_LIBRARY_PATH=/home/locobot/Documents/kobuki/install/lib PATH=/home/locobot/Documents/kobuki/install/bin:${PATH} PYTHONPATH=/home/locobot/Documents/kobuki/install/lib/python3.8/site-packages /usr/bin/cmake --build /home/locobot/Documents/kobuki/build/ecl_converters -- -j4 -l4
[1.194s] Invoking command in '/home/locobot/Documents/kobuki/build/ecl_converters': AMENT_PREFIX_PATH=/home/locobot/Documents/kobuki/install CMAKE_PREFIX_PATH=/home/locobot/Documents/kobuki/install LD_LIBRARY_PATH=/home/locobot/Documents/kobuki/install/lib PATH=/home/locobot/Documents/kobuki/install/bin:${PATH} PYTHONPATH=/home/locobot/Documents/kobuki/install/lib/python3.8/site-packages /usr/bin/cmake --install /home/locobot/Documents/kobuki/build/ecl_converters
[1.210s] -- Install configuration: ""
[1.214s] -- Up-to-date: /home/locobot/Documents/kobuki/install/share/ament_index/resource_index/package_run_dependencies/ecl_converters
[1.216s] -- Up-to-date: /home/locobot/Documents/kobuki/install/share/ament_index/resource_index/parent_prefix_path/ecl_converters
[1.216s] -- Up-to-date: /home/locobot/Documents/kobuki/install/share/ecl_converters/environment/ament_prefix_path.sh
[1.216s] -- Installing: /home/locobot/Documents/kobuki/install/share/ecl_converters/environment/ament_prefix_path.dsv
[1.216s] -- Up-to-date: /home/locobot/Documents/kobuki/install/share/ecl_converters/environment/path.sh
[1.216s] -- Installing: /home/locobot/Documents/kobuki/install/share/ecl_converters/environment/path.dsv
[1.216s] -- Up-to-date: /home/locobot/Documents/kobuki/install/share/ecl_converters/local_setup.bash
[1.217s] -- Up-to-date: /home/locobot/Documents/kobuki/install/share/ecl_converters/local_setup.sh
[1.217s] -- Up-to-date: /home/locobot/Documents/kobuki/install/share/ecl_converters/local_setup.zsh
[1.217s] -- Installing: /home/locobot/Documents/kobuki/install/share/ecl_converters/local_setup.dsv
[1.220s] -- Installing: /home/locobot/Documents/kobuki/install/share/ecl_converters/package.dsv
[1.237s] -- Up-to-date: /home/locobot/Documents/kobuki/install/share/ament_index/resource_index/packages/ecl_converters
[1.237s] -- Up-to-date: /home/locobot/Documents/kobuki/install/share/ecl_converters/cmake/ecl_convertersExport.cmake
[1.238s] -- Up-to-date: /home/locobot/Documents/kobuki/install/share/ecl_converters/cmake/ament_cmake_export_targets-extras.cmake
[1.238s] -- Up-to-date: /home/locobot/Documents/kobuki/install/share/ecl_converters/cmake/ament_cmake_export_include_directories-extras.cmake
[1.238s] -- Up-to-date: /home/locobot/Documents/kobuki/install/share/ecl_converters/cmake/ament_cmake_export_dependencies-extras.cmake
[1.238s] -- Up-to-date: /home/locobot/Documents/kobuki/install/share/ecl_converters/cmake/ecl_convertersConfig.cmake
[1.238s] -- Up-to-date: /home/locobot/Documents/kobuki/install/share/ecl_converters/cmake/ecl_convertersConfig-version.cmake
[1.238s] -- Up-to-date: /home/locobot/Documents/kobuki/install/share/ecl_converters/package.xml
[1.238s] -- Up-to-date: /home/locobot/Documents/kobuki/install/include/ecl/converters.hpp
[1.238s] -- Up-to-date: /home/locobot/Documents/kobuki/install/include/ecl/converters/char.hpp
[1.239s] -- Up-to-date: /home/locobot/Documents/kobuki/install/include/ecl/converters/char_strings.hpp
[1.239s] -- Up-to-date: /home/locobot/Documents/kobuki/install/include/ecl/converters/converter.hpp
[1.239s] -- Up-to-date: /home/locobot/Documents/kobuki/install/include/ecl/converters/from_byte_array.hpp
[1.239s] -- Up-to-date: /home/locobot/Documents/kobuki/install/include/ecl/converters/integers.hpp
[1.239s] -- Up-to-date: /home/locobot/Documents/kobuki/install/include/ecl/converters/string.hpp
[1.239s] -- Up-to-date: /home/locobot/Documents/kobuki/install/include/ecl/converters/to_byte_array.hpp
[1.239s] -- Up-to-date: /home/locobot/Documents/kobuki/install/lib/ecl_converters/demo_float_converters
[1.249s] Invoked command in '/home/locobot/Documents/kobuki/build/ecl_converters' returned '0': AMENT_PREFIX_PATH=/home/locobot/Documents/kobuki/install CMAKE_PREFIX_PATH=/home/locobot/Documents/kobuki/install LD_LIBRARY_PATH=/home/locobot/Documents/kobuki/install/lib PATH=/home/locobot/Documents/kobuki/install/bin:${PATH} PYTHONPATH=/home/locobot/Documents/kobuki/install/lib/python3.8/site-packages /usr/bin/cmake --install /home/locobot/Documents/kobuki/build/ecl_converters
