[0.160s] Invoking command in '/home/locobot/Documents/kobuki/build/ament_cmake_pycodestyle': AMENT_PREFIX_PATH=/home/locobot/Documents/kobuki/install CMAKE_PREFIX_PATH=/home/locobot/Documents/kobuki/install LD_LIBRARY_PATH=/home/locobot/Documents/kobuki/install/lib PATH=/home/locobot/Documents/kobuki/install/bin:${PATH} PYTHONPATH=/home/locobot/Documents/kobuki/install/lib/python3.8/site-packages /usr/bin/cmake /home/locobot/Documents/kobuki/src/ament_lint/ament_cmake_pycodestyle -DBUILD_TESTING=OFF -DCMAKE_INSTALL_PREFIX=/home/locobot/Documents/kobuki/install
[0.208s] Re-run cmake no build system arguments
[0.216s] -- Found ament_cmake_core: 0.9.12 (/home/locobot/Documents/kobuki/install/share/ament_cmake_core/cmake)
[0.238s] -- Using PYTHON_EXECUTABLE: /usr/bin/python3
[0.454s] -- Found ament_cmake_test: 0.9.12 (/home/locobot/Documents/kobuki/install/share/ament_cmake_test/cmake)
[0.591s] -- Configuring done
[0.592s] -- Generating done
[0.592s] -- Build files have been written to: /home/locobot/Documents/kobuki/build/ament_cmake_pycodestyle
[0.598s] Invoked command in '/home/locobot/Documents/kobuki/build/ament_cmake_pycodestyle' returned '0': AMENT_PREFIX_PATH=/home/locobot/Documents/kobuki/install CMAKE_PREFIX_PATH=/home/locobot/Documents/kobuki/install LD_LIBRARY_PATH=/home/locobot/Documents/kobuki/install/lib PATH=/home/locobot/Documents/kobuki/install/bin:${PATH} PYTHONPATH=/home/locobot/Documents/kobuki/install/lib/python3.8/site-packages /usr/bin/cmake /home/locobot/Documents/kobuki/src/ament_lint/ament_cmake_pycodestyle -DBUILD_TESTING=OFF -DCMAKE_INSTALL_PREFIX=/home/locobot/Documents/kobuki/install
[0.600s] Invoking command in '/home/locobot/Documents/kobuki/build/ament_cmake_pycodestyle': AMENT_PREFIX_PATH=/home/locobot/Documents/kobuki/install CMAKE_PREFIX_PATH=/home/locobot/Documents/kobuki/install LD_LIBRARY_PATH=/home/locobot/Documents/kobuki/install/lib PATH=/home/locobot/Documents/kobuki/install/bin:${PATH} PYTHONPATH=/home/locobot/Documents/kobuki/install/lib/python3.8/site-packages /usr/bin/cmake --build /home/locobot/Documents/kobuki/build/ament_cmake_pycodestyle -- -j4 -l4
[0.631s] /usr/bin/cmake -S/home/locobot/Documents/kobuki/src/ament_lint/ament_cmake_pycodestyle -B/home/locobot/Documents/kobuki/build/ament_cmake_pycodestyle --check-build-system CMakeFiles/Makefile.cmake 0
[0.641s] /usr/bin/cmake -E cmake_progress_start /home/locobot/Documents/kobuki/build/ament_cmake_pycodestyle/CMakeFiles /home/locobot/Documents/kobuki/build/ament_cmake_pycodestyle/CMakeFiles/progress.marks
[0.660s] /usr/bin/make -f CMakeFiles/Makefile2 all
[0.673s] make[1]: Entering directory '/home/locobot/Documents/kobuki/build/ament_cmake_pycodestyle'
[0.673s] make[1]: Nothing to be done for 'all'.
[0.673s] make[1]: Leaving directory '/home/locobot/Documents/kobuki/build/ament_cmake_pycodestyle'
[0.673s] /usr/bin/cmake -E cmake_progress_start /home/locobot/Documents/kobuki/build/ament_cmake_pycodestyle/CMakeFiles 0
[0.759s] Invoked command in '/home/locobot/Documents/kobuki/build/ament_cmake_pycodestyle' returned '0': AMENT_PREFIX_PATH=/home/locobot/Documents/kobuki/install CMAKE_PREFIX_PATH=/home/locobot/Documents/kobuki/install LD_LIBRARY_PATH=/home/locobot/Documents/kobuki/install/lib PATH=/home/locobot/Documents/kobuki/install/bin:${PATH} PYTHONPATH=/home/locobot/Documents/kobuki/install/lib/python3.8/site-packages /usr/bin/cmake --build /home/locobot/Documents/kobuki/build/ament_cmake_pycodestyle -- -j4 -l4
[0.767s] Invoking command in '/home/locobot/Documents/kobuki/build/ament_cmake_pycodestyle': AMENT_PREFIX_PATH=/home/locobot/Documents/kobuki/install CMAKE_PREFIX_PATH=/home/locobot/Documents/kobuki/install LD_LIBRARY_PATH=/home/locobot/Documents/kobuki/install/lib PATH=/home/locobot/Documents/kobuki/install/bin:${PATH} PYTHONPATH=/home/locobot/Documents/kobuki/install/lib/python3.8/site-packages /usr/bin/cmake --install /home/locobot/Documents/kobuki/build/ament_cmake_pycodestyle
[0.780s] -- Install configuration: ""
[0.783s] -- Up-to-date: /home/locobot/Documents/kobuki/install/share/ament_index/resource_index/package_run_dependencies/ament_cmake_pycodestyle
[0.783s] -- Up-to-date: /home/locobot/Documents/kobuki/install/share/ament_index/resource_index/parent_prefix_path/ament_cmake_pycodestyle
[0.783s] -- Up-to-date: /home/locobot/Documents/kobuki/install/share/ament_cmake_pycodestyle/environment/ament_prefix_path.sh
[0.783s] -- Installing: /home/locobot/Documents/kobuki/install/share/ament_cmake_pycodestyle/environment/ament_prefix_path.dsv
[0.784s] -- Up-to-date: /home/locobot/Documents/kobuki/install/share/ament_cmake_pycodestyle/environment/path.sh
[0.784s] -- Installing: /home/locobot/Documents/kobuki/install/share/ament_cmake_pycodestyle/environment/path.dsv
[0.784s] -- Up-to-date: /home/locobot/Documents/kobuki/install/share/ament_cmake_pycodestyle/local_setup.bash
[0.784s] -- Up-to-date: /home/locobot/Documents/kobuki/install/share/ament_cmake_pycodestyle/local_setup.sh
[0.784s] -- Up-to-date: /home/locobot/Documents/kobuki/install/share/ament_cmake_pycodestyle/local_setup.zsh
[0.784s] -- Installing: /home/locobot/Documents/kobuki/install/share/ament_cmake_pycodestyle/local_setup.dsv
[0.784s] -- Installing: /home/locobot/Documents/kobuki/install/share/ament_cmake_pycodestyle/package.dsv
[0.784s] -- Up-to-date: /home/locobot/Documents/kobuki/install/share/ament_index/resource_index/packages/ament_cmake_pycodestyle
[0.785s] -- Up-to-date: /home/locobot/Documents/kobuki/install/share/ament_cmake_pycodestyle/cmake/ament_cmake_pycodestyle-extras.cmake
[0.785s] -- Up-to-date: /home/locobot/Documents/kobuki/install/share/ament_cmake_pycodestyle/cmake/ament_cmake_pycodestyleConfig.cmake
[0.785s] -- Up-to-date: /home/locobot/Documents/kobuki/install/share/ament_cmake_pycodestyle/cmake/ament_cmake_pycodestyleConfig-version.cmake
[0.785s] -- Up-to-date: /home/locobot/Documents/kobuki/install/share/ament_cmake_pycodestyle/package.xml
[0.785s] -- Up-to-date: /home/locobot/Documents/kobuki/install/share/ament_cmake_pycodestyle/cmake
[0.785s] -- Up-to-date: /home/locobot/Documents/kobuki/install/share/ament_cmake_pycodestyle/cmake/ament_pycodestyle.cmake
[0.785s] -- Up-to-date: /home/locobot/Documents/kobuki/install/share/ament_cmake_pycodestyle/cmake/ament_cmake_pycodestyle_lint_hook.cmake
[0.791s] Invoked command in '/home/locobot/Documents/kobuki/build/ament_cmake_pycodestyle' returned '0': AMENT_PREFIX_PATH=/home/locobot/Documents/kobuki/install CMAKE_PREFIX_PATH=/home/locobot/Documents/kobuki/install LD_LIBRARY_PATH=/home/locobot/Documents/kobuki/install/lib PATH=/home/locobot/Documents/kobuki/install/bin:${PATH} PYTHONPATH=/home/locobot/Documents/kobuki/install/lib/python3.8/site-packages /usr/bin/cmake --install /home/locobot/Documents/kobuki/build/ament_cmake_pycodestyle
