[0.417s] Invoking command in '/home/locobot/Documents/kobuki/build/ecl_sigslots_lite': AMENT_PREFIX_PATH=/home/locobot/Documents/kobuki/install CMAKE_PREFIX_PATH=/home/locobot/Documents/kobuki/install LD_LIBRARY_PATH=/home/locobot/Documents/kobuki/install/lib PATH=/home/locobot/Documents/kobuki/install/bin:${PATH} PYTHONPATH=/home/locobot/Documents/kobuki/install/lib/python3.8/site-packages /usr/bin/cmake /home/locobot/Documents/kobuki/src/ecl_lite/ecl_sigslots_lite -DBUILD_TESTING=OFF -DCMAKE_INSTALL_PREFIX=/home/locobot/Documents/kobuki/install
[0.426s] Re-run cmake no build system arguments
[0.434s] -- Found ament_cmake_ros: 0.9.2 (/home/locobot/Documents/kobuki/install/share/ament_cmake_ros/cmake)
[0.463s] -- Using PYTHON_EXECUTABLE: /usr/bin/python3
[0.748s] -- Found ecl_build: 1.0.3 (/home/locobot/Documents/kobuki/install/share/ecl_build/cmake)
[0.757s] -- Found ecl_config: 1.1.0 (/home/locobot/Documents/kobuki/install/share/ecl_config/cmake)
[0.761s] -- Found ecl_errors: 1.1.0 (/home/locobot/Documents/kobuki/install/share/ecl_errors/cmake)
[0.954s] -- Configuring done
[0.967s] -- Generating done
[0.975s] -- Build files have been written to: /home/locobot/Documents/kobuki/build/ecl_sigslots_lite
[0.981s] Invoked command in '/home/locobot/Documents/kobuki/build/ecl_sigslots_lite' returned '0': AMENT_PREFIX_PATH=/home/locobot/Documents/kobuki/install CMAKE_PREFIX_PATH=/home/locobot/Documents/kobuki/install LD_LIBRARY_PATH=/home/locobot/Documents/kobuki/install/lib PATH=/home/locobot/Documents/kobuki/install/bin:${PATH} PYTHONPATH=/home/locobot/Documents/kobuki/install/lib/python3.8/site-packages /usr/bin/cmake /home/locobot/Documents/kobuki/src/ecl_lite/ecl_sigslots_lite -DBUILD_TESTING=OFF -DCMAKE_INSTALL_PREFIX=/home/locobot/Documents/kobuki/install
[0.983s] Invoking command in '/home/locobot/Documents/kobuki/build/ecl_sigslots_lite': AMENT_PREFIX_PATH=/home/locobot/Documents/kobuki/install CMAKE_PREFIX_PATH=/home/locobot/Documents/kobuki/install LD_LIBRARY_PATH=/home/locobot/Documents/kobuki/install/lib PATH=/home/locobot/Documents/kobuki/install/bin:${PATH} PYTHONPATH=/home/locobot/Documents/kobuki/install/lib/python3.8/site-packages /usr/bin/cmake --build /home/locobot/Documents/kobuki/build/ecl_sigslots_lite -- -j4 -l4
[1.070s] /usr/bin/cmake -S/home/locobot/Documents/kobuki/src/ecl_lite/ecl_sigslots_lite -B/home/locobot/Documents/kobuki/build/ecl_sigslots_lite --check-build-system CMakeFiles/Makefile.cmake 0
[1.089s] /usr/bin/cmake -E cmake_progress_start /home/locobot/Documents/kobuki/build/ecl_sigslots_lite/CMakeFiles /home/locobot/Documents/kobuki/build/ecl_sigslots_lite/CMakeFiles/progress.marks
[1.124s] /usr/bin/make -f CMakeFiles/Makefile2 all
[1.125s] make[1]: Entering directory '/home/locobot/Documents/kobuki/build/ecl_sigslots_lite'
[1.125s] /usr/bin/make -f src/examples/CMakeFiles/demo_sigslots_lite.dir/build.make src/examples/CMakeFiles/demo_sigslots_lite.dir/depend
[1.135s] make[2]: Entering directory '/home/locobot/Documents/kobuki/build/ecl_sigslots_lite'
[1.135s] cd /home/locobot/Documents/kobuki/build/ecl_sigslots_lite && /usr/bin/cmake -E cmake_depends "Unix Makefiles" /home/locobot/Documents/kobuki/src/ecl_lite/ecl_sigslots_lite /home/locobot/Documents/kobuki/src/ecl_lite/ecl_sigslots_lite/src/examples /home/locobot/Documents/kobuki/build/ecl_sigslots_lite /home/locobot/Documents/kobuki/build/ecl_sigslots_lite/src/examples /home/locobot/Documents/kobuki/build/ecl_sigslots_lite/src/examples/CMakeFiles/demo_sigslots_lite.dir/DependInfo.cmake --color=
[1.143s] make[2]: Leaving directory '/home/locobot/Documents/kobuki/build/ecl_sigslots_lite'
[1.144s] /usr/bin/make -f src/examples/CMakeFiles/demo_sigslots_lite.dir/build.make src/examples/CMakeFiles/demo_sigslots_lite.dir/build
[1.145s] make[2]: Entering directory '/home/locobot/Documents/kobuki/build/ecl_sigslots_lite'
[1.146s] make[2]: Nothing to be done for 'src/examples/CMakeFiles/demo_sigslots_lite.dir/build'.
[1.146s] make[2]: Leaving directory '/home/locobot/Documents/kobuki/build/ecl_sigslots_lite'
[1.196s] [100%] Built target demo_sigslots_lite
[1.197s] make[1]: Leaving directory '/home/locobot/Documents/kobuki/build/ecl_sigslots_lite'
[1.198s] /usr/bin/cmake -E cmake_progress_start /home/locobot/Documents/kobuki/build/ecl_sigslots_lite/CMakeFiles 0
[1.259s] Invoked command in '/home/locobot/Documents/kobuki/build/ecl_sigslots_lite' returned '0': AMENT_PREFIX_PATH=/home/locobot/Documents/kobuki/install CMAKE_PREFIX_PATH=/home/locobot/Documents/kobuki/install LD_LIBRARY_PATH=/home/locobot/Documents/kobuki/install/lib PATH=/home/locobot/Documents/kobuki/install/bin:${PATH} PYTHONPATH=/home/locobot/Documents/kobuki/install/lib/python3.8/site-packages /usr/bin/cmake --build /home/locobot/Documents/kobuki/build/ecl_sigslots_lite -- -j4 -l4
[1.260s] Invoking command in '/home/locobot/Documents/kobuki/build/ecl_sigslots_lite': AMENT_PREFIX_PATH=/home/locobot/Documents/kobuki/install CMAKE_PREFIX_PATH=/home/locobot/Documents/kobuki/install LD_LIBRARY_PATH=/home/locobot/Documents/kobuki/install/lib PATH=/home/locobot/Documents/kobuki/install/bin:${PATH} PYTHONPATH=/home/locobot/Documents/kobuki/install/lib/python3.8/site-packages /usr/bin/cmake --install /home/locobot/Documents/kobuki/build/ecl_sigslots_lite
[1.272s] -- Install configuration: ""
[1.272s] -- Up-to-date: /home/locobot/Documents/kobuki/install/share/ament_index/resource_index/package_run_dependencies/ecl_sigslots_lite
[1.272s] -- Up-to-date: /home/locobot/Documents/kobuki/install/share/ament_index/resource_index/parent_prefix_path/ecl_sigslots_lite
[1.273s] -- Up-to-date: /home/locobot/Documents/kobuki/install/share/ecl_sigslots_lite/environment/ament_prefix_path.sh
[1.273s] -- Installing: /home/locobot/Documents/kobuki/install/share/ecl_sigslots_lite/environment/ament_prefix_path.dsv
[1.273s] -- Up-to-date: /home/locobot/Documents/kobuki/install/share/ecl_sigslots_lite/environment/path.sh
[1.273s] -- Installing: /home/locobot/Documents/kobuki/install/share/ecl_sigslots_lite/environment/path.dsv
[1.274s] -- Up-to-date: /home/locobot/Documents/kobuki/install/share/ecl_sigslots_lite/local_setup.bash
[1.274s] -- Up-to-date: /home/locobot/Documents/kobuki/install/share/ecl_sigslots_lite/local_setup.sh
[1.274s] -- Up-to-date: /home/locobot/Documents/kobuki/install/share/ecl_sigslots_lite/local_setup.zsh
[1.274s] -- Installing: /home/locobot/Documents/kobuki/install/share/ecl_sigslots_lite/local_setup.dsv
[1.275s] -- Installing: /home/locobot/Documents/kobuki/install/share/ecl_sigslots_lite/package.dsv
[1.275s] -- Up-to-date: /home/locobot/Documents/kobuki/install/share/ament_index/resource_index/packages/ecl_sigslots_lite
[1.275s] -- Up-to-date: /home/locobot/Documents/kobuki/install/share/ecl_sigslots_lite/cmake/ecl_sigslots_liteExport.cmake
[1.276s] -- Up-to-date: /home/locobot/Documents/kobuki/install/share/ecl_sigslots_lite/cmake/ament_cmake_export_targets-extras.cmake
[1.276s] -- Up-to-date: /home/locobot/Documents/kobuki/install/share/ecl_sigslots_lite/cmake/ament_cmake_export_include_directories-extras.cmake
[1.276s] -- Up-to-date: /home/locobot/Documents/kobuki/install/share/ecl_sigslots_lite/cmake/ament_cmake_export_dependencies-extras.cmake
[1.277s] -- Up-to-date: /home/locobot/Documents/kobuki/install/share/ecl_sigslots_lite/cmake/ecl_sigslots_liteConfig.cmake
[1.277s] -- Up-to-date: /home/locobot/Documents/kobuki/install/share/ecl_sigslots_lite/cmake/ecl_sigslots_liteConfig-version.cmake
[1.277s] -- Up-to-date: /home/locobot/Documents/kobuki/install/share/ecl_sigslots_lite/package.xml
[1.277s] -- Up-to-date: /home/locobot/Documents/kobuki/install/include/ecl/sigslots_lite.hpp
[1.278s] -- Up-to-date: /home/locobot/Documents/kobuki/install/include/ecl/sigslots_lite/connect.hpp
[1.278s] -- Up-to-date: /home/locobot/Documents/kobuki/install/include/ecl/sigslots_lite/errors.hpp
[1.278s] -- Up-to-date: /home/locobot/Documents/kobuki/install/include/ecl/sigslots_lite/managers.hpp
[1.278s] -- Up-to-date: /home/locobot/Documents/kobuki/install/include/ecl/sigslots_lite/signal.hpp
[1.278s] -- Up-to-date: /home/locobot/Documents/kobuki/install/include/ecl/sigslots_lite/slot.hpp
[1.278s] -- Up-to-date: /home/locobot/Documents/kobuki/install/include/ecl/sigslots_lite/utilities.hpp
[1.279s] -- Up-to-date: /home/locobot/Documents/kobuki/install/lib/ecl_sigslots_lite/demo_sigslots_lite
[1.283s] Invoked command in '/home/locobot/Documents/kobuki/build/ecl_sigslots_lite' returned '0': AMENT_PREFIX_PATH=/home/locobot/Documents/kobuki/install CMAKE_PREFIX_PATH=/home/locobot/Documents/kobuki/install LD_LIBRARY_PATH=/home/locobot/Documents/kobuki/install/lib PATH=/home/locobot/Documents/kobuki/install/bin:${PATH} PYTHONPATH=/home/locobot/Documents/kobuki/install/lib/python3.8/site-packages /usr/bin/cmake --install /home/locobot/Documents/kobuki/build/ecl_sigslots_lite
