[1.292s] Invoking command in '/home/locobot/Documents/kobuki/src/ament_lint/ament_cpplint': AMENT_PREFIX_PATH=/home/locobot/Documents/kobuki/install CMAKE_PREFIX_PATH=/home/locobot/Documents/kobuki/install PATH=/home/locobot/Documents/kobuki/install/bin:${PATH} PYTHONPATH=/home/locobot/Documents/kobuki/build/ament_cpplint/prefix_override:/home/locobot/.local/lib/python3.8/site-packages/colcon_core/task/python/colcon_distutils_commands:/home/locobot/Documents/kobuki/install/lib/python3.8/site-packages:/home/locobot/Documents/kobuki/install/lib/python3.8/site-packages /usr/bin/python3 -W ignore:setup.py install is deprecated -W ignore:easy_install command is deprecated setup.py egg_info --egg-base ../../../build/ament_cpplint build --build-base /home/locobot/Documents/kobuki/build/ament_cpplint/build install --record /home/locobot/Documents/kobuki/build/ament_cpplint/install.log --single-version-externally-managed install_data
[1.746s] running egg_info
[1.747s] creating ../../../build/ament_cpplint/ament_cpplint.egg-info
[1.747s] writing ../../../build/ament_cpplint/ament_cpplint.egg-info/PKG-INFO
[1.755s] writing dependency_links to ../../../build/ament_cpplint/ament_cpplint.egg-info/dependency_links.txt
[1.755s] writing entry points to ../../../build/ament_cpplint/ament_cpplint.egg-info/entry_points.txt
[1.756s] writing requirements to ../../../build/ament_cpplint/ament_cpplint.egg-info/requires.txt
[1.756s] writing top-level names to ../../../build/ament_cpplint/ament_cpplint.egg-info/top_level.txt
[1.756s] writing manifest file '../../../build/ament_cpplint/ament_cpplint.egg-info/SOURCES.txt'
[1.834s] reading manifest file '../../../build/ament_cpplint/ament_cpplint.egg-info/SOURCES.txt'
[1.839s] writing manifest file '../../../build/ament_cpplint/ament_cpplint.egg-info/SOURCES.txt'
[1.840s] running build
[1.840s] running build_py
[1.840s] creating /home/locobot/Documents/kobuki/build/ament_cpplint/build
[1.840s] creating /home/locobot/Documents/kobuki/build/ament_cpplint/build/lib
[1.840s] creating /home/locobot/Documents/kobuki/build/ament_cpplint/build/lib/ament_cpplint
[1.840s] copying ament_cpplint/cpplint.py -> /home/locobot/Documents/kobuki/build/ament_cpplint/build/lib/ament_cpplint
[1.840s] copying ament_cpplint/__init__.py -> /home/locobot/Documents/kobuki/build/ament_cpplint/build/lib/ament_cpplint
[1.841s] copying ament_cpplint/main.py -> /home/locobot/Documents/kobuki/build/ament_cpplint/build/lib/ament_cpplint
[1.841s] running install
[1.841s] running install_lib
[1.841s] creating /home/locobot/Documents/kobuki/install/lib/python3.8/site-packages/ament_cpplint
[1.841s] copying /home/locobot/Documents/kobuki/build/ament_cpplint/build/lib/ament_cpplint/cpplint.py -> /home/locobot/Documents/kobuki/install/lib/python3.8/site-packages/ament_cpplint
[1.847s] copying /home/locobot/Documents/kobuki/build/ament_cpplint/build/lib/ament_cpplint/__init__.py -> /home/locobot/Documents/kobuki/install/lib/python3.8/site-packages/ament_cpplint
[1.848s] copying /home/locobot/Documents/kobuki/build/ament_cpplint/build/lib/ament_cpplint/main.py -> /home/locobot/Documents/kobuki/install/lib/python3.8/site-packages/ament_cpplint
[1.849s] byte-compiling /home/locobot/Documents/kobuki/install/lib/python3.8/site-packages/ament_cpplint/cpplint.py to cpplint.cpython-38.pyc
[1.920s] byte-compiling /home/locobot/Documents/kobuki/install/lib/python3.8/site-packages/ament_cpplint/__init__.py to __init__.cpython-38.pyc
[1.923s] byte-compiling /home/locobot/Documents/kobuki/install/lib/python3.8/site-packages/ament_cpplint/main.py to main.cpython-38.pyc
[1.924s] running install_data
[1.924s] copying package.xml -> /home/locobot/Documents/kobuki/install/share/ament_cpplint
[1.925s] copying resource/ament_cpplint -> /home/locobot/Documents/kobuki/install/share/ament_index/resource_index/packages
[1.925s] running install_egg_info
[1.926s] Copying ../../../build/ament_cpplint/ament_cpplint.egg-info to /home/locobot/Documents/kobuki/install/lib/python3.8/site-packages/ament_cpplint-0.9.8-py3.8.egg-info
[1.927s] running install_scripts
[1.963s] Installing ament_cpplint script to /home/locobot/Documents/kobuki/install/bin
[1.964s] writing list of installed files to '/home/locobot/Documents/kobuki/build/ament_cpplint/install.log'
[2.155s] Invoked command in '/home/locobot/Documents/kobuki/src/ament_lint/ament_cpplint' returned '0': AMENT_PREFIX_PATH=/home/locobot/Documents/kobuki/install CMAKE_PREFIX_PATH=/home/locobot/Documents/kobuki/install PATH=/home/locobot/Documents/kobuki/install/bin:${PATH} PYTHONPATH=/home/locobot/Documents/kobuki/build/ament_cpplint/prefix_override:/home/locobot/.local/lib/python3.8/site-packages/colcon_core/task/python/colcon_distutils_commands:/home/locobot/Documents/kobuki/install/lib/python3.8/site-packages:/home/locobot/Documents/kobuki/install/lib/python3.8/site-packages /usr/bin/python3 -W ignore:setup.py install is deprecated -W ignore:easy_install command is deprecated setup.py egg_info --egg-base ../../../build/ament_cpplint build --build-base /home/locobot/Documents/kobuki/build/ament_cpplint/build install --record /home/locobot/Documents/kobuki/build/ament_cpplint/install.log --single-version-externally-managed install_data
