[0.200s] Invoking command in '/home/locobot/Documents/kobuki/build/ament_cmake_pyflakes': AMENT_PREFIX_PATH=/home/locobot/Documents/kobuki/install CMAKE_PREFIX_PATH=/home/locobot/Documents/kobuki/install LD_LIBRARY_PATH=/home/locobot/Documents/kobuki/install/lib PATH=/home/locobot/Documents/kobuki/install/bin:${PATH} PYTHONPATH=/home/locobot/Documents/kobuki/install/lib/python3.8/site-packages /usr/bin/cmake /home/locobot/Documents/kobuki/src/ament_lint/ament_cmake_pyflakes -DBUILD_TESTING=OFF -DCMAKE_BUILD_TYPE=RelWithDebInfo -DCMAKE_INSTALL_PREFIX=/home/locobot/Documents/kobuki/install
[0.239s] -- Found ament_cmake_core: 0.9.12 (/home/locobot/Documents/kobuki/install/share/ament_cmake_core/cmake)
[0.263s] -- Using PYTHON_EXECUTABLE: /usr/bin/python3
[0.547s] -- Found ament_cmake_test: 0.9.12 (/home/locobot/Documents/kobuki/install/share/ament_cmake_test/cmake)
[0.685s] -- Configuring done
[0.694s] -- Generating done
[0.696s] -- Build files have been written to: /home/locobot/Documents/kobuki/build/ament_cmake_pyflakes
[0.735s] Invoked command in '/home/locobot/Documents/kobuki/build/ament_cmake_pyflakes' returned '0': AMENT_PREFIX_PATH=/home/locobot/Documents/kobuki/install CMAKE_PREFIX_PATH=/home/locobot/Documents/kobuki/install LD_LIBRARY_PATH=/home/locobot/Documents/kobuki/install/lib PATH=/home/locobot/Documents/kobuki/install/bin:${PATH} PYTHONPATH=/home/locobot/Documents/kobuki/install/lib/python3.8/site-packages /usr/bin/cmake /home/locobot/Documents/kobuki/src/ament_lint/ament_cmake_pyflakes -DBUILD_TESTING=OFF -DCMAKE_BUILD_TYPE=RelWithDebInfo -DCMAKE_INSTALL_PREFIX=/home/locobot/Documents/kobuki/install
[0.738s] Invoking command in '/home/locobot/Documents/kobuki/build/ament_cmake_pyflakes': AMENT_PREFIX_PATH=/home/locobot/Documents/kobuki/install CMAKE_PREFIX_PATH=/home/locobot/Documents/kobuki/install LD_LIBRARY_PATH=/home/locobot/Documents/kobuki/install/lib PATH=/home/locobot/Documents/kobuki/install/bin:${PATH} PYTHONPATH=/home/locobot/Documents/kobuki/install/lib/python3.8/site-packages /usr/bin/cmake --build /home/locobot/Documents/kobuki/build/ament_cmake_pyflakes -- -j4 -l4
[0.853s] Invoked command in '/home/locobot/Documents/kobuki/build/ament_cmake_pyflakes' returned '0': AMENT_PREFIX_PATH=/home/locobot/Documents/kobuki/install CMAKE_PREFIX_PATH=/home/locobot/Documents/kobuki/install LD_LIBRARY_PATH=/home/locobot/Documents/kobuki/install/lib PATH=/home/locobot/Documents/kobuki/install/bin:${PATH} PYTHONPATH=/home/locobot/Documents/kobuki/install/lib/python3.8/site-packages /usr/bin/cmake --build /home/locobot/Documents/kobuki/build/ament_cmake_pyflakes -- -j4 -l4
[0.855s] Invoking command in '/home/locobot/Documents/kobuki/build/ament_cmake_pyflakes': AMENT_PREFIX_PATH=/home/locobot/Documents/kobuki/install CMAKE_PREFIX_PATH=/home/locobot/Documents/kobuki/install LD_LIBRARY_PATH=/home/locobot/Documents/kobuki/install/lib PATH=/home/locobot/Documents/kobuki/install/bin:${PATH} PYTHONPATH=/home/locobot/Documents/kobuki/install/lib/python3.8/site-packages /usr/bin/cmake --install /home/locobot/Documents/kobuki/build/ament_cmake_pyflakes
[0.881s] -- Install configuration: "RelWithDebInfo"
[0.883s] -- Up-to-date: /home/locobot/Documents/kobuki/install/share/ament_index/resource_index/package_run_dependencies/ament_cmake_pyflakes
[0.883s] -- Up-to-date: /home/locobot/Documents/kobuki/install/share/ament_index/resource_index/parent_prefix_path/ament_cmake_pyflakes
[0.883s] -- Up-to-date: /home/locobot/Documents/kobuki/install/share/ament_cmake_pyflakes/environment/ament_prefix_path.sh
[0.883s] -- Installing: /home/locobot/Documents/kobuki/install/share/ament_cmake_pyflakes/environment/ament_prefix_path.dsv
[0.883s] -- Up-to-date: /home/locobot/Documents/kobuki/install/share/ament_cmake_pyflakes/environment/path.sh
[0.883s] -- Installing: /home/locobot/Documents/kobuki/install/share/ament_cmake_pyflakes/environment/path.dsv
[0.883s] -- Up-to-date: /home/locobot/Documents/kobuki/install/share/ament_cmake_pyflakes/local_setup.bash
[0.884s] -- Up-to-date: /home/locobot/Documents/kobuki/install/share/ament_cmake_pyflakes/local_setup.sh
[0.884s] -- Up-to-date: /home/locobot/Documents/kobuki/install/share/ament_cmake_pyflakes/local_setup.zsh
[0.884s] -- Installing: /home/locobot/Documents/kobuki/install/share/ament_cmake_pyflakes/local_setup.dsv
[0.884s] -- Installing: /home/locobot/Documents/kobuki/install/share/ament_cmake_pyflakes/package.dsv
[0.884s] -- Up-to-date: /home/locobot/Documents/kobuki/install/share/ament_index/resource_index/packages/ament_cmake_pyflakes
[0.884s] -- Up-to-date: /home/locobot/Documents/kobuki/install/share/ament_cmake_pyflakes/cmake/ament_cmake_pyflakes-extras.cmake
[0.884s] -- Up-to-date: /home/locobot/Documents/kobuki/install/share/ament_cmake_pyflakes/cmake/ament_cmake_pyflakesConfig.cmake
[0.884s] -- Up-to-date: /home/locobot/Documents/kobuki/install/share/ament_cmake_pyflakes/cmake/ament_cmake_pyflakesConfig-version.cmake
[0.884s] -- Up-to-date: /home/locobot/Documents/kobuki/install/share/ament_cmake_pyflakes/package.xml
[0.885s] -- Up-to-date: /home/locobot/Documents/kobuki/install/share/ament_cmake_pyflakes/cmake
[0.885s] -- Up-to-date: /home/locobot/Documents/kobuki/install/share/ament_cmake_pyflakes/cmake/ament_pyflakes.cmake
[0.885s] -- Up-to-date: /home/locobot/Documents/kobuki/install/share/ament_cmake_pyflakes/cmake/ament_cmake_pyflakes_lint_hook.cmake
[0.899s] Invoked command in '/home/locobot/Documents/kobuki/build/ament_cmake_pyflakes' returned '0': AMENT_PREFIX_PATH=/home/locobot/Documents/kobuki/install CMAKE_PREFIX_PATH=/home/locobot/Documents/kobuki/install LD_LIBRARY_PATH=/home/locobot/Documents/kobuki/install/lib PATH=/home/locobot/Documents/kobuki/install/bin:${PATH} PYTHONPATH=/home/locobot/Documents/kobuki/install/lib/python3.8/site-packages /usr/bin/cmake --install /home/locobot/Documents/kobuki/build/ament_cmake_pyflakes
