-- Found ament_cmake_ros: 0.9.2 (/home/locobot/Documents/kobuki/install/share/ament_cmake_ros/cmake)
-- Using PYTHON_EXECUTABLE: /usr/bin/python3
-- Found ecl_build: 1.0.3 (/home/locobot/Documents/kobuki/install/share/ecl_build/cmake)
-- Configuring done
-- Generating done
-- Build files have been written to: /home/locobot/Documents/kobuki/build/ecl_config
[ 25%] [32mBuilding CXX object src/utilities/CMakeFiles/ecl_detect_posix.dir/detect_posix.cpp.o[0m
[ 50%] [32mBuilding CXX object src/utilities/CMakeFiles/ecl_detect_endian.dir/detect_endian.cpp.o[0m
[ 75%] [32m[1mLinking CXX executable bin/ecl_detect_endian[0m
[100%] [32m[1mLinking CXX executable bin/ecl_detect_posix[0m
[100%] Built target ecl_detect_endian
[100%] Built target ecl_detect_posix
-- Install configuration: "RelWithDebInfo"
-- Up-to-date: /home/locobot/Documents/kobuki/install/share/ament_index/resource_index/package_run_dependencies/ecl_config
-- Up-to-date: /home/locobot/Documents/kobuki/install/share/ament_index/resource_index/parent_prefix_path/ecl_config
-- Up-to-date: /home/locobot/Documents/kobuki/install/share/ecl_config/environment/ament_prefix_path.sh
-- Installing: /home/locobot/Documents/kobuki/install/share/ecl_config/environment/ament_prefix_path.dsv
-- Up-to-date: /home/locobot/Documents/kobuki/install/share/ecl_config/environment/path.sh
-- Installing: /home/locobot/Documents/kobuki/install/share/ecl_config/environment/path.dsv
-- Up-to-date: /home/locobot/Documents/kobuki/install/share/ecl_config/local_setup.bash
-- Up-to-date: /home/locobot/Documents/kobuki/install/share/ecl_config/local_setup.sh
-- Up-to-date: /home/locobot/Documents/kobuki/install/share/ecl_config/local_setup.zsh
-- Installing: /home/locobot/Documents/kobuki/install/share/ecl_config/local_setup.dsv
-- Installing: /home/locobot/Documents/kobuki/install/share/ecl_config/package.dsv
-- Up-to-date: /home/locobot/Documents/kobuki/install/share/ament_index/resource_index/packages/ecl_config
-- Up-to-date: /home/locobot/Documents/kobuki/install/share/ecl_config/cmake/ecl_configExport.cmake
-- Up-to-date: /home/locobot/Documents/kobuki/install/share/ecl_config/cmake/ament_cmake_export_targets-extras.cmake
-- Up-to-date: /home/locobot/Documents/kobuki/install/share/ecl_config/cmake/ament_cmake_export_include_directories-extras.cmake
-- Up-to-date: /home/locobot/Documents/kobuki/install/share/ecl_config/cmake/ecl_configConfig.cmake
-- Up-to-date: /home/locobot/Documents/kobuki/install/share/ecl_config/cmake/ecl_configConfig-version.cmake
-- Up-to-date: /home/locobot/Documents/kobuki/install/share/ecl_config/package.xml
-- Up-to-date: /home/locobot/Documents/kobuki/install/include/ecl/config.hpp
-- Up-to-date: /home/locobot/Documents/kobuki/install/include/ecl/config/ecl.hpp
-- Up-to-date: /home/locobot/Documents/kobuki/install/include/ecl/config/char_sign.hpp
-- Up-to-date: /home/locobot/Documents/kobuki/install/include/ecl/config/ecl_unknown.hpp
-- Up-to-date: /home/locobot/Documents/kobuki/install/include/ecl/config/endianness.hpp
-- Up-to-date: /home/locobot/Documents/kobuki/install/include/ecl/config/macros.hpp
-- Up-to-date: /home/locobot/Documents/kobuki/install/include/ecl/config/portable_types.hpp
-- Up-to-date: /home/locobot/Documents/kobuki/install/include/ecl/config/windows.hpp
-- Installing: /home/locobot/Documents/kobuki/install/bin/ecl_detect_endian
-- Installing: /home/locobot/Documents/kobuki/install/bin/ecl_detect_posix
