[0.149s] Invoking command in '/home/locobot/Documents/kobuki/build/ecl_core': AMENT_PREFIX_PATH=/home/locobot/Documents/kobuki/install CMAKE_PREFIX_PATH=/home/locobot/Documents/kobuki/install LD_LIBRARY_PATH=/home/locobot/Documents/kobuki/install/lib PATH=/home/locobot/Documents/kobuki/install/bin:${PATH} PKG_CONFIG_PATH=/home/locobot/Documents/kobuki/install/lib/x86_64-linux-gnu/pkgconfig:/home/locobot/Documents/kobuki/install/lib/pkgconfig PYTHONPATH=/home/locobot/Documents/kobuki/install/lib/python3.8/site-packages /usr/bin/cmake /home/locobot/Documents/kobuki/src/ecl_core/ecl_core -DBUILD_TESTING=OFF -DCMAKE_INSTALL_PREFIX=/home/locobot/Documents/kobuki/install
[0.244s] -- The C compiler identification is GNU 9.4.0
[0.331s] -- The CXX compiler identification is GNU 9.4.0
[0.331s] -- Check for working C compiler: /usr/bin/cc
[0.422s] -- Check for working C compiler: /usr/bin/cc -- works
[0.424s] -- Detecting C compiler ABI info
[0.523s] -- Detecting C compiler ABI info - done
[0.541s] -- Detecting C compile features
[0.541s] -- Detecting C compile features - done
[0.546s] -- Check for working CXX compiler: /usr/bin/c++
[0.652s] -- Check for working CXX compiler: /usr/bin/c++ -- works
[0.652s] -- Detecting CXX compiler ABI info
[0.745s] -- Detecting CXX compiler ABI info - done
[0.762s] -- Detecting CXX compile features
[0.763s] -- Detecting CXX compile features - done
[0.765s] -- Found ament_cmake_ros: 0.9.2 (/home/locobot/Documents/kobuki/install/share/ament_cmake_ros/cmake)
[0.791s] -- Found PythonInterp: /usr/bin/python3 (found suitable version "3.8.10", minimum required is "3") 
[0.791s] -- Using PYTHON_EXECUTABLE: /usr/bin/python3
[1.066s] -- Configuring done
[1.072s] -- Generating done
[1.072s] -- Build files have been written to: /home/locobot/Documents/kobuki/build/ecl_core
[1.076s] Invoked command in '/home/locobot/Documents/kobuki/build/ecl_core' returned '0': AMENT_PREFIX_PATH=/home/locobot/Documents/kobuki/install CMAKE_PREFIX_PATH=/home/locobot/Documents/kobuki/install LD_LIBRARY_PATH=/home/locobot/Documents/kobuki/install/lib PATH=/home/locobot/Documents/kobuki/install/bin:${PATH} PKG_CONFIG_PATH=/home/locobot/Documents/kobuki/install/lib/x86_64-linux-gnu/pkgconfig:/home/locobot/Documents/kobuki/install/lib/pkgconfig PYTHONPATH=/home/locobot/Documents/kobuki/install/lib/python3.8/site-packages /usr/bin/cmake /home/locobot/Documents/kobuki/src/ecl_core/ecl_core -DBUILD_TESTING=OFF -DCMAKE_INSTALL_PREFIX=/home/locobot/Documents/kobuki/install
[1.082s] Invoking command in '/home/locobot/Documents/kobuki/build/ecl_core': AMENT_PREFIX_PATH=/home/locobot/Documents/kobuki/install CMAKE_PREFIX_PATH=/home/locobot/Documents/kobuki/install LD_LIBRARY_PATH=/home/locobot/Documents/kobuki/install/lib PATH=/home/locobot/Documents/kobuki/install/bin:${PATH} PKG_CONFIG_PATH=/home/locobot/Documents/kobuki/install/lib/x86_64-linux-gnu/pkgconfig:/home/locobot/Documents/kobuki/install/lib/pkgconfig PYTHONPATH=/home/locobot/Documents/kobuki/install/lib/python3.8/site-packages /usr/bin/cmake --build /home/locobot/Documents/kobuki/build/ecl_core -- -j4 -l4
[1.129s] Invoked command in '/home/locobot/Documents/kobuki/build/ecl_core' returned '0': AMENT_PREFIX_PATH=/home/locobot/Documents/kobuki/install CMAKE_PREFIX_PATH=/home/locobot/Documents/kobuki/install LD_LIBRARY_PATH=/home/locobot/Documents/kobuki/install/lib PATH=/home/locobot/Documents/kobuki/install/bin:${PATH} PKG_CONFIG_PATH=/home/locobot/Documents/kobuki/install/lib/x86_64-linux-gnu/pkgconfig:/home/locobot/Documents/kobuki/install/lib/pkgconfig PYTHONPATH=/home/locobot/Documents/kobuki/install/lib/python3.8/site-packages /usr/bin/cmake --build /home/locobot/Documents/kobuki/build/ecl_core -- -j4 -l4
[1.131s] Invoking command in '/home/locobot/Documents/kobuki/build/ecl_core': AMENT_PREFIX_PATH=/home/locobot/Documents/kobuki/install CMAKE_PREFIX_PATH=/home/locobot/Documents/kobuki/install LD_LIBRARY_PATH=/home/locobot/Documents/kobuki/install/lib PATH=/home/locobot/Documents/kobuki/install/bin:${PATH} PKG_CONFIG_PATH=/home/locobot/Documents/kobuki/install/lib/x86_64-linux-gnu/pkgconfig:/home/locobot/Documents/kobuki/install/lib/pkgconfig PYTHONPATH=/home/locobot/Documents/kobuki/install/lib/python3.8/site-packages /usr/bin/cmake --install /home/locobot/Documents/kobuki/build/ecl_core
[1.141s] -- Install configuration: ""
[1.143s] -- Installing: /home/locobot/Documents/kobuki/install/share/ament_index/resource_index/package_run_dependencies/ecl_core
[1.143s] -- Installing: /home/locobot/Documents/kobuki/install/share/ament_index/resource_index/parent_prefix_path/ecl_core
[1.143s] -- Installing: /home/locobot/Documents/kobuki/install/share/ecl_core/environment/ament_prefix_path.sh
[1.143s] -- Installing: /home/locobot/Documents/kobuki/install/share/ecl_core/environment/ament_prefix_path.dsv
[1.143s] -- Installing: /home/locobot/Documents/kobuki/install/share/ecl_core/environment/path.sh
[1.143s] -- Installing: /home/locobot/Documents/kobuki/install/share/ecl_core/environment/path.dsv
[1.144s] -- Installing: /home/locobot/Documents/kobuki/install/share/ecl_core/local_setup.bash
[1.144s] -- Installing: /home/locobot/Documents/kobuki/install/share/ecl_core/local_setup.sh
[1.144s] -- Installing: /home/locobot/Documents/kobuki/install/share/ecl_core/local_setup.zsh
[1.144s] -- Installing: /home/locobot/Documents/kobuki/install/share/ecl_core/local_setup.dsv
[1.144s] -- Installing: /home/locobot/Documents/kobuki/install/share/ecl_core/package.dsv
[1.144s] -- Installing: /home/locobot/Documents/kobuki/install/share/ament_index/resource_index/packages/ecl_core
[1.144s] -- Installing: /home/locobot/Documents/kobuki/install/share/ecl_core/cmake/ecl_coreConfig.cmake
[1.145s] -- Installing: /home/locobot/Documents/kobuki/install/share/ecl_core/cmake/ecl_coreConfig-version.cmake
[1.145s] -- Installing: /home/locobot/Documents/kobuki/install/share/ecl_core/package.xml
[1.150s] Invoked command in '/home/locobot/Documents/kobuki/build/ecl_core' returned '0': AMENT_PREFIX_PATH=/home/locobot/Documents/kobuki/install CMAKE_PREFIX_PATH=/home/locobot/Documents/kobuki/install LD_LIBRARY_PATH=/home/locobot/Documents/kobuki/install/lib PATH=/home/locobot/Documents/kobuki/install/bin:${PATH} PKG_CONFIG_PATH=/home/locobot/Documents/kobuki/install/lib/x86_64-linux-gnu/pkgconfig:/home/locobot/Documents/kobuki/install/lib/pkgconfig PYTHONPATH=/home/locobot/Documents/kobuki/install/lib/python3.8/site-packages /usr/bin/cmake --install /home/locobot/Documents/kobuki/build/ecl_core
