[0.227s] Invoking command in '/home/locobot/Documents/kobuki/build/ament_cmake_target_dependencies': AMENT_PREFIX_PATH=/home/locobot/Documents/kobuki/install CMAKE_PREFIX_PATH=/home/locobot/Documents/kobuki/install LD_LIBRARY_PATH=/home/locobot/Documents/kobuki/install/lib PATH=/home/locobot/Documents/kobuki/install/bin:${PATH} PYTHONPATH=/home/locobot/Documents/kobuki/install/lib/python3.8/site-packages /usr/bin/cmake /home/locobot/Documents/kobuki/src/ament_cmake/ament_cmake_target_dependencies -DBUILD_TESTING=OFF -DCMAKE_INSTALL_PREFIX=/home/locobot/Documents/kobuki/install
[0.270s] Re-run cmake no build system arguments
[0.271s] -- Found ament_cmake_core: 0.9.12 (/home/locobot/Documents/kobuki/install/share/ament_cmake_core/cmake)
[0.283s] -- Using PYTHON_EXECUTABLE: /usr/bin/python3
[0.625s] -- Configuring done
[0.641s] -- Generating done
[0.642s] -- Build files have been written to: /home/locobot/Documents/kobuki/build/ament_cmake_target_dependencies
[0.724s] Invoked command in '/home/locobot/Documents/kobuki/build/ament_cmake_target_dependencies' returned '0': AMENT_PREFIX_PATH=/home/locobot/Documents/kobuki/install CMAKE_PREFIX_PATH=/home/locobot/Documents/kobuki/install LD_LIBRARY_PATH=/home/locobot/Documents/kobuki/install/lib PATH=/home/locobot/Documents/kobuki/install/bin:${PATH} PYTHONPATH=/home/locobot/Documents/kobuki/install/lib/python3.8/site-packages /usr/bin/cmake /home/locobot/Documents/kobuki/src/ament_cmake/ament_cmake_target_dependencies -DBUILD_TESTING=OFF -DCMAKE_INSTALL_PREFIX=/home/locobot/Documents/kobuki/install
[0.725s] Invoking command in '/home/locobot/Documents/kobuki/build/ament_cmake_target_dependencies': AMENT_PREFIX_PATH=/home/locobot/Documents/kobuki/install CMAKE_PREFIX_PATH=/home/locobot/Documents/kobuki/install LD_LIBRARY_PATH=/home/locobot/Documents/kobuki/install/lib PATH=/home/locobot/Documents/kobuki/install/bin:${PATH} PYTHONPATH=/home/locobot/Documents/kobuki/install/lib/python3.8/site-packages /usr/bin/cmake --build /home/locobot/Documents/kobuki/build/ament_cmake_target_dependencies -- -j4 -l4
[0.758s] /usr/bin/cmake -S/home/locobot/Documents/kobuki/src/ament_cmake/ament_cmake_target_dependencies -B/home/locobot/Documents/kobuki/build/ament_cmake_target_dependencies --check-build-system CMakeFiles/Makefile.cmake 0
[0.853s] /usr/bin/cmake -E cmake_progress_start /home/locobot/Documents/kobuki/build/ament_cmake_target_dependencies/CMakeFiles /home/locobot/Documents/kobuki/build/ament_cmake_target_dependencies/CMakeFiles/progress.marks
[0.883s] /usr/bin/make -f CMakeFiles/Makefile2 all
[0.893s] make[1]: Entering directory '/home/locobot/Documents/kobuki/build/ament_cmake_target_dependencies'
[0.893s] make[1]: Nothing to be done for 'all'.
[0.894s] make[1]: Leaving directory '/home/locobot/Documents/kobuki/build/ament_cmake_target_dependencies'
[0.904s] /usr/bin/cmake -E cmake_progress_start /home/locobot/Documents/kobuki/build/ament_cmake_target_dependencies/CMakeFiles 0
[1.391s] Invoked command in '/home/locobot/Documents/kobuki/build/ament_cmake_target_dependencies' returned '0': AMENT_PREFIX_PATH=/home/locobot/Documents/kobuki/install CMAKE_PREFIX_PATH=/home/locobot/Documents/kobuki/install LD_LIBRARY_PATH=/home/locobot/Documents/kobuki/install/lib PATH=/home/locobot/Documents/kobuki/install/bin:${PATH} PYTHONPATH=/home/locobot/Documents/kobuki/install/lib/python3.8/site-packages /usr/bin/cmake --build /home/locobot/Documents/kobuki/build/ament_cmake_target_dependencies -- -j4 -l4
[1.392s] Invoking command in '/home/locobot/Documents/kobuki/build/ament_cmake_target_dependencies': AMENT_PREFIX_PATH=/home/locobot/Documents/kobuki/install CMAKE_PREFIX_PATH=/home/locobot/Documents/kobuki/install LD_LIBRARY_PATH=/home/locobot/Documents/kobuki/install/lib PATH=/home/locobot/Documents/kobuki/install/bin:${PATH} PYTHONPATH=/home/locobot/Documents/kobuki/install/lib/python3.8/site-packages /usr/bin/cmake --install /home/locobot/Documents/kobuki/build/ament_cmake_target_dependencies
[1.430s] -- Install configuration: ""
[1.430s] -- Up-to-date: /home/locobot/Documents/kobuki/install/share/ament_index/resource_index/package_run_dependencies/ament_cmake_target_dependencies
[1.430s] -- Up-to-date: /home/locobot/Documents/kobuki/install/share/ament_index/resource_index/parent_prefix_path/ament_cmake_target_dependencies
[1.431s] -- Up-to-date: /home/locobot/Documents/kobuki/install/share/ament_cmake_target_dependencies/environment/ament_prefix_path.sh
[1.431s] -- Installing: /home/locobot/Documents/kobuki/install/share/ament_cmake_target_dependencies/environment/ament_prefix_path.dsv
[1.431s] -- Up-to-date: /home/locobot/Documents/kobuki/install/share/ament_cmake_target_dependencies/environment/path.sh
[1.432s] -- Installing: /home/locobot/Documents/kobuki/install/share/ament_cmake_target_dependencies/environment/path.dsv
[1.432s] -- Up-to-date: /home/locobot/Documents/kobuki/install/share/ament_cmake_target_dependencies/local_setup.bash
[1.432s] -- Up-to-date: /home/locobot/Documents/kobuki/install/share/ament_cmake_target_dependencies/local_setup.sh
[1.432s] -- Up-to-date: /home/locobot/Documents/kobuki/install/share/ament_cmake_target_dependencies/local_setup.zsh
[1.432s] -- Installing: /home/locobot/Documents/kobuki/install/share/ament_cmake_target_dependencies/local_setup.dsv
[1.432s] -- Installing: /home/locobot/Documents/kobuki/install/share/ament_cmake_target_dependencies/package.dsv
[1.433s] -- Up-to-date: /home/locobot/Documents/kobuki/install/share/ament_index/resource_index/packages/ament_cmake_target_dependencies
[1.433s] -- Up-to-date: /home/locobot/Documents/kobuki/install/share/ament_cmake_target_dependencies/cmake/ament_cmake_target_dependencies-extras.cmake
[1.433s] -- Up-to-date: /home/locobot/Documents/kobuki/install/share/ament_cmake_target_dependencies/cmake/ament_cmake_target_dependenciesConfig.cmake
[1.433s] -- Up-to-date: /home/locobot/Documents/kobuki/install/share/ament_cmake_target_dependencies/cmake/ament_cmake_target_dependenciesConfig-version.cmake
[1.433s] -- Up-to-date: /home/locobot/Documents/kobuki/install/share/ament_cmake_target_dependencies/package.xml
[1.444s] -- Up-to-date: /home/locobot/Documents/kobuki/install/share/ament_cmake_target_dependencies/cmake
[1.444s] -- Up-to-date: /home/locobot/Documents/kobuki/install/share/ament_cmake_target_dependencies/cmake/ament_get_recursive_properties.cmake
[1.444s] -- Up-to-date: /home/locobot/Documents/kobuki/install/share/ament_cmake_target_dependencies/cmake/ament_target_dependencies.cmake
[1.448s] Invoked command in '/home/locobot/Documents/kobuki/build/ament_cmake_target_dependencies' returned '0': AMENT_PREFIX_PATH=/home/locobot/Documents/kobuki/install CMAKE_PREFIX_PATH=/home/locobot/Documents/kobuki/install LD_LIBRARY_PATH=/home/locobot/Documents/kobuki/install/lib PATH=/home/locobot/Documents/kobuki/install/bin:${PATH} PYTHONPATH=/home/locobot/Documents/kobuki/install/lib/python3.8/site-packages /usr/bin/cmake --install /home/locobot/Documents/kobuki/build/ament_cmake_target_dependencies
