[0.600s] Invoking command in '/home/locobot/Documents/kobuki/build/ecl_linear_algebra': AMENT_PREFIX_PATH=/home/locobot/Documents/kobuki/install CMAKE_PREFIX_PATH=/home/locobot/Documents/kobuki/install LD_LIBRARY_PATH=/home/locobot/Documents/kobuki/install/lib PATH=/home/locobot/Documents/kobuki/install/bin:${PATH} PKG_CONFIG_PATH=/home/locobot/Documents/kobuki/install/lib/x86_64-linux-gnu/pkgconfig:/home/locobot/Documents/kobuki/install/lib/pkgconfig PYTHONPATH=/home/locobot/Documents/kobuki/install/lib/python3.8/site-packages /usr/bin/cmake /home/locobot/Documents/kobuki/src/ecl_core/ecl_linear_algebra -DBUILD_TESTING=OFF -DCMAKE_INSTALL_PREFIX=/home/locobot/Documents/kobuki/install
[0.623s] Re-run cmake no build system arguments
[0.642s] -- Found ament_cmake_ros: 0.9.2 (/home/locobot/Documents/kobuki/install/share/ament_cmake_ros/cmake)
[0.660s] -- Using PYTHON_EXECUTABLE: /usr/bin/python3
[0.988s] -- Found ecl_build: 1.0.3 (/home/locobot/Documents/kobuki/install/share/ecl_build/cmake)
[0.988s] -- Found ecl_eigen: 1.2.1 (/home/locobot/Documents/kobuki/install/share/ecl_eigen/cmake)
[0.988s] -- Found ecl_exceptions: 1.2.1 (/home/locobot/Documents/kobuki/install/share/ecl_exceptions/cmake)
[0.988s] -- Found ecl_formatters: 1.2.1 (/home/locobot/Documents/kobuki/install/share/ecl_formatters/cmake)
[1.026s] -- Found ecl_math: 1.2.1 (/home/locobot/Documents/kobuki/install/share/ecl_math/cmake)
[1.201s] -- Configuring done
[1.219s] -- Generating done
[1.225s] -- Build files have been written to: /home/locobot/Documents/kobuki/build/ecl_linear_algebra
[1.235s] Invoked command in '/home/locobot/Documents/kobuki/build/ecl_linear_algebra' returned '0': AMENT_PREFIX_PATH=/home/locobot/Documents/kobuki/install CMAKE_PREFIX_PATH=/home/locobot/Documents/kobuki/install LD_LIBRARY_PATH=/home/locobot/Documents/kobuki/install/lib PATH=/home/locobot/Documents/kobuki/install/bin:${PATH} PKG_CONFIG_PATH=/home/locobot/Documents/kobuki/install/lib/x86_64-linux-gnu/pkgconfig:/home/locobot/Documents/kobuki/install/lib/pkgconfig PYTHONPATH=/home/locobot/Documents/kobuki/install/lib/python3.8/site-packages /usr/bin/cmake /home/locobot/Documents/kobuki/src/ecl_core/ecl_linear_algebra -DBUILD_TESTING=OFF -DCMAKE_INSTALL_PREFIX=/home/locobot/Documents/kobuki/install
[1.237s] Invoking command in '/home/locobot/Documents/kobuki/build/ecl_linear_algebra': AMENT_PREFIX_PATH=/home/locobot/Documents/kobuki/install CMAKE_PREFIX_PATH=/home/locobot/Documents/kobuki/install LD_LIBRARY_PATH=/home/locobot/Documents/kobuki/install/lib PATH=/home/locobot/Documents/kobuki/install/bin:${PATH} PKG_CONFIG_PATH=/home/locobot/Documents/kobuki/install/lib/x86_64-linux-gnu/pkgconfig:/home/locobot/Documents/kobuki/install/lib/pkgconfig PYTHONPATH=/home/locobot/Documents/kobuki/install/lib/python3.8/site-packages /usr/bin/cmake --build /home/locobot/Documents/kobuki/build/ecl_linear_algebra -- -j4 -l4
[1.275s] /usr/bin/cmake -S/home/locobot/Documents/kobuki/src/ecl_core/ecl_linear_algebra -B/home/locobot/Documents/kobuki/build/ecl_linear_algebra --check-build-system CMakeFiles/Makefile.cmake 0
[1.303s] /usr/bin/cmake -E cmake_progress_start /home/locobot/Documents/kobuki/build/ecl_linear_algebra/CMakeFiles /home/locobot/Documents/kobuki/build/ecl_linear_algebra/CMakeFiles/progress.marks
[1.304s] /usr/bin/make -f CMakeFiles/Makefile2 all
[1.306s] make[1]: Entering directory '/home/locobot/Documents/kobuki/build/ecl_linear_algebra'
[1.307s] /usr/bin/make -f src/lib/CMakeFiles/ecl_linear_algebra.dir/build.make src/lib/CMakeFiles/ecl_linear_algebra.dir/depend
[1.311s] make[2]: Entering directory '/home/locobot/Documents/kobuki/build/ecl_linear_algebra'
[1.312s] cd /home/locobot/Documents/kobuki/build/ecl_linear_algebra && /usr/bin/cmake -E cmake_depends "Unix Makefiles" /home/locobot/Documents/kobuki/src/ecl_core/ecl_linear_algebra /home/locobot/Documents/kobuki/src/ecl_core/ecl_linear_algebra/src/lib /home/locobot/Documents/kobuki/build/ecl_linear_algebra /home/locobot/Documents/kobuki/build/ecl_linear_algebra/src/lib /home/locobot/Documents/kobuki/build/ecl_linear_algebra/src/lib/CMakeFiles/ecl_linear_algebra.dir/DependInfo.cmake --color=
[1.329s] make[2]: Leaving directory '/home/locobot/Documents/kobuki/build/ecl_linear_algebra'
[1.329s] /usr/bin/make -f src/lib/CMakeFiles/ecl_linear_algebra.dir/build.make src/lib/CMakeFiles/ecl_linear_algebra.dir/build
[1.340s] make[2]: Entering directory '/home/locobot/Documents/kobuki/build/ecl_linear_algebra'
[1.341s] make[2]: Nothing to be done for 'src/lib/CMakeFiles/ecl_linear_algebra.dir/build'.
[1.342s] make[2]: Leaving directory '/home/locobot/Documents/kobuki/build/ecl_linear_algebra'
[1.357s] [100%] Built target ecl_linear_algebra
[1.360s] make[1]: Leaving directory '/home/locobot/Documents/kobuki/build/ecl_linear_algebra'
[1.360s] /usr/bin/cmake -E cmake_progress_start /home/locobot/Documents/kobuki/build/ecl_linear_algebra/CMakeFiles 0
[1.456s] Invoked command in '/home/locobot/Documents/kobuki/build/ecl_linear_algebra' returned '0': AMENT_PREFIX_PATH=/home/locobot/Documents/kobuki/install CMAKE_PREFIX_PATH=/home/locobot/Documents/kobuki/install LD_LIBRARY_PATH=/home/locobot/Documents/kobuki/install/lib PATH=/home/locobot/Documents/kobuki/install/bin:${PATH} PKG_CONFIG_PATH=/home/locobot/Documents/kobuki/install/lib/x86_64-linux-gnu/pkgconfig:/home/locobot/Documents/kobuki/install/lib/pkgconfig PYTHONPATH=/home/locobot/Documents/kobuki/install/lib/python3.8/site-packages /usr/bin/cmake --build /home/locobot/Documents/kobuki/build/ecl_linear_algebra -- -j4 -l4
[1.458s] Invoking command in '/home/locobot/Documents/kobuki/build/ecl_linear_algebra': AMENT_PREFIX_PATH=/home/locobot/Documents/kobuki/install CMAKE_PREFIX_PATH=/home/locobot/Documents/kobuki/install LD_LIBRARY_PATH=/home/locobot/Documents/kobuki/install/lib PATH=/home/locobot/Documents/kobuki/install/bin:${PATH} PKG_CONFIG_PATH=/home/locobot/Documents/kobuki/install/lib/x86_64-linux-gnu/pkgconfig:/home/locobot/Documents/kobuki/install/lib/pkgconfig PYTHONPATH=/home/locobot/Documents/kobuki/install/lib/python3.8/site-packages /usr/bin/cmake --install /home/locobot/Documents/kobuki/build/ecl_linear_algebra
[1.469s] -- Install configuration: ""
[1.474s] -- Up-to-date: /home/locobot/Documents/kobuki/install/share/ecl_linear_algebra/environment/library_path.sh
[1.475s] -- Installing: /home/locobot/Documents/kobuki/install/share/ecl_linear_algebra/environment/library_path.dsv
[1.475s] -- Up-to-date: /home/locobot/Documents/kobuki/install/share/ament_index/resource_index/package_run_dependencies/ecl_linear_algebra
[1.479s] -- Up-to-date: /home/locobot/Documents/kobuki/install/share/ament_index/resource_index/parent_prefix_path/ecl_linear_algebra
[1.479s] -- Up-to-date: /home/locobot/Documents/kobuki/install/share/ecl_linear_algebra/environment/ament_prefix_path.sh
[1.479s] -- Installing: /home/locobot/Documents/kobuki/install/share/ecl_linear_algebra/environment/ament_prefix_path.dsv
[1.480s] -- Up-to-date: /home/locobot/Documents/kobuki/install/share/ecl_linear_algebra/environment/path.sh
[1.480s] -- Installing: /home/locobot/Documents/kobuki/install/share/ecl_linear_algebra/environment/path.dsv
[1.480s] -- Up-to-date: /home/locobot/Documents/kobuki/install/share/ecl_linear_algebra/local_setup.bash
[1.480s] -- Up-to-date: /home/locobot/Documents/kobuki/install/share/ecl_linear_algebra/local_setup.sh
[1.481s] -- Up-to-date: /home/locobot/Documents/kobuki/install/share/ecl_linear_algebra/local_setup.zsh
[1.481s] -- Installing: /home/locobot/Documents/kobuki/install/share/ecl_linear_algebra/local_setup.dsv
[1.481s] -- Installing: /home/locobot/Documents/kobuki/install/share/ecl_linear_algebra/package.dsv
[1.481s] -- Up-to-date: /home/locobot/Documents/kobuki/install/share/ament_index/resource_index/packages/ecl_linear_algebra
[1.481s] -- Up-to-date: /home/locobot/Documents/kobuki/install/share/ecl_linear_algebra/cmake/ecl_linear_algebraExport.cmake
[1.482s] -- Installing: /home/locobot/Documents/kobuki/install/share/ecl_linear_algebra/cmake/ecl_linear_algebraExport-noconfig.cmake
[1.482s] -- Up-to-date: /home/locobot/Documents/kobuki/install/share/ecl_linear_algebra/cmake/ament_cmake_export_targets-extras.cmake
[1.482s] -- Up-to-date: /home/locobot/Documents/kobuki/install/share/ecl_linear_algebra/cmake/ament_cmake_export_include_directories-extras.cmake
[1.482s] -- Up-to-date: /home/locobot/Documents/kobuki/install/share/ecl_linear_algebra/cmake/ament_cmake_export_libraries-extras.cmake
[1.482s] -- Up-to-date: /home/locobot/Documents/kobuki/install/share/ecl_linear_algebra/cmake/ament_cmake_export_dependencies-extras.cmake
[1.482s] -- Up-to-date: /home/locobot/Documents/kobuki/install/share/ecl_linear_algebra/cmake/ecl_linear_algebraConfig.cmake
[1.483s] -- Up-to-date: /home/locobot/Documents/kobuki/install/share/ecl_linear_algebra/cmake/ecl_linear_algebraConfig-version.cmake
[1.483s] -- Up-to-date: /home/locobot/Documents/kobuki/install/share/ecl_linear_algebra/package.xml
[1.483s] -- Up-to-date: /home/locobot/Documents/kobuki/install/include/ecl/linear_algebra.hpp
[1.483s] -- Up-to-date: /home/locobot/Documents/kobuki/install/include/ecl/linear_algebra/eigen.hpp
[1.483s] -- Up-to-date: /home/locobot/Documents/kobuki/install/include/ecl/linear_algebra/sophus.hpp
[1.483s] -- Up-to-date: /home/locobot/Documents/kobuki/install/include/ecl/linear_algebra/eigen/formatters.hpp
[1.484s] -- Up-to-date: /home/locobot/Documents/kobuki/install/include/ecl/linear_algebra/eigen/plugin.hpp
[1.484s] -- Up-to-date: /home/locobot/Documents/kobuki/install/include/ecl/linear_algebra/eigen/unsupported/nonlinear_optimization.hpp
[1.484s] -- Up-to-date: /home/locobot/Documents/kobuki/install/include/ecl/linear_algebra/eigen/unsupported/numerical_diff.hpp
[1.484s] -- Up-to-date: /home/locobot/Documents/kobuki/install/include/ecl/linear_algebra/sophus/formatters.hpp
[1.485s] -- Up-to-date: /home/locobot/Documents/kobuki/install/include/ecl/linear_algebra/sophus/helpers.hpp
[1.485s] -- Up-to-date: /home/locobot/Documents/kobuki/install/include/ecl/linear_algebra/sophus/interpolators.hpp
[1.485s] -- Up-to-date: /home/locobot/Documents/kobuki/install/lib/libecl_linear_algebra.so.1.2.1
[1.486s] -- Up-to-date: /home/locobot/Documents/kobuki/install/lib/libecl_linear_algebra.so
[1.501s] Invoked command in '/home/locobot/Documents/kobuki/build/ecl_linear_algebra' returned '0': AMENT_PREFIX_PATH=/home/locobot/Documents/kobuki/install CMAKE_PREFIX_PATH=/home/locobot/Documents/kobuki/install LD_LIBRARY_PATH=/home/locobot/Documents/kobuki/install/lib PATH=/home/locobot/Documents/kobuki/install/bin:${PATH} PKG_CONFIG_PATH=/home/locobot/Documents/kobuki/install/lib/x86_64-linux-gnu/pkgconfig:/home/locobot/Documents/kobuki/install/lib/pkgconfig PYTHONPATH=/home/locobot/Documents/kobuki/install/lib/python3.8/site-packages /usr/bin/cmake --install /home/locobot/Documents/kobuki/build/ecl_linear_algebra
