[0.711s] Invoking command in '/home/locobot/Documents/kobuki/build/ecl_geometry': AMENT_PREFIX_PATH=/home/locobot/Documents/kobuki/install CMAKE_PREFIX_PATH=/home/locobot/Documents/kobuki/install LD_LIBRARY_PATH=/home/locobot/Documents/kobuki/install/lib PATH=/home/locobot/Documents/kobuki/install/bin:${PATH} PKG_CONFIG_PATH=/home/locobot/Documents/kobuki/install/lib/x86_64-linux-gnu/pkgconfig:/home/locobot/Documents/kobuki/install/lib/pkgconfig PYTHONPATH=/home/locobot/Documents/kobuki/install/lib/python3.8/site-packages /usr/bin/cmake /home/locobot/Documents/kobuki/src/ecl_core/ecl_geometry -DBUILD_TESTING=OFF -DCMAKE_INSTALL_PREFIX=/home/locobot/Documents/kobuki/install
[0.956s] -- The C compiler identification is GNU 9.4.0
[1.199s] -- The CXX compiler identification is GNU 9.4.0
[1.207s] -- Check for working C compiler: /usr/bin/cc
[1.479s] -- Check for working C compiler: /usr/bin/cc -- works
[1.481s] -- Detecting C compiler ABI info
[1.780s] -- Detecting C compiler ABI info - done
[1.826s] -- Detecting C compile features
[1.831s] -- Detecting C compile features - done
[1.837s] -- Check for working CXX compiler: /usr/bin/c++
[2.091s] -- Check for working CXX compiler: /usr/bin/c++ -- works
[2.096s] -- Detecting CXX compiler ABI info
[2.450s] -- Detecting CXX compiler ABI info - done
[2.476s] -- Detecting CXX compile features
[2.477s] -- Detecting CXX compile features - done
[2.481s] -- Found ament_cmake_ros: 0.9.2 (/home/locobot/Documents/kobuki/install/share/ament_cmake_ros/cmake)
[2.574s] -- Found PythonInterp: /usr/bin/python3 (found suitable version "3.8.10", minimum required is "3") 
[2.575s] -- Using PYTHON_EXECUTABLE: /usr/bin/python3
[2.821s] -- Found ecl_build: 1.0.3 (/home/locobot/Documents/kobuki/install/share/ecl_build/cmake)
[2.832s] -- Found ecl_config: 1.1.0 (/home/locobot/Documents/kobuki/install/share/ecl_config/cmake)
[2.837s] -- Found ecl_containers: 1.2.1 (/home/locobot/Documents/kobuki/install/share/ecl_containers/cmake)
[2.894s] -- Found ecl_linear_algebra: 1.2.1 (/home/locobot/Documents/kobuki/install/share/ecl_linear_algebra/cmake)
[3.121s] -- Configuring done
[3.154s] -- Generating done
[3.175s] -- Build files have been written to: /home/locobot/Documents/kobuki/build/ecl_geometry
[3.186s] Invoked command in '/home/locobot/Documents/kobuki/build/ecl_geometry' returned '0': AMENT_PREFIX_PATH=/home/locobot/Documents/kobuki/install CMAKE_PREFIX_PATH=/home/locobot/Documents/kobuki/install LD_LIBRARY_PATH=/home/locobot/Documents/kobuki/install/lib PATH=/home/locobot/Documents/kobuki/install/bin:${PATH} PKG_CONFIG_PATH=/home/locobot/Documents/kobuki/install/lib/x86_64-linux-gnu/pkgconfig:/home/locobot/Documents/kobuki/install/lib/pkgconfig PYTHONPATH=/home/locobot/Documents/kobuki/install/lib/python3.8/site-packages /usr/bin/cmake /home/locobot/Documents/kobuki/src/ecl_core/ecl_geometry -DBUILD_TESTING=OFF -DCMAKE_INSTALL_PREFIX=/home/locobot/Documents/kobuki/install
[3.190s] Invoking command in '/home/locobot/Documents/kobuki/build/ecl_geometry': AMENT_PREFIX_PATH=/home/locobot/Documents/kobuki/install CMAKE_PREFIX_PATH=/home/locobot/Documents/kobuki/install LD_LIBRARY_PATH=/home/locobot/Documents/kobuki/install/lib PATH=/home/locobot/Documents/kobuki/install/bin:${PATH} PKG_CONFIG_PATH=/home/locobot/Documents/kobuki/install/lib/x86_64-linux-gnu/pkgconfig:/home/locobot/Documents/kobuki/install/lib/pkgconfig PYTHONPATH=/home/locobot/Documents/kobuki/install/lib/python3.8/site-packages /usr/bin/cmake --build /home/locobot/Documents/kobuki/build/ecl_geometry -- -j4 -l4
[3.306s] [35m[1mScanning dependencies of target ecl_geometry[0m
[3.478s] [  7%] [32mBuilding CXX object src/lib/CMakeFiles/ecl_geometry.dir/angle.cpp.o[0m
[6.294s] [ 14%] [32mBuilding CXX object src/lib/CMakeFiles/ecl_geometry.dir/linear_segment.cpp.o[0m
[6.340s] [ 21%] [32mBuilding CXX object src/lib/CMakeFiles/ecl_geometry.dir/odometry_helper.cpp.o[0m
[10.573s] [ 28%] [32mBuilding CXX object src/lib/CMakeFiles/ecl_geometry.dir/pascals_triangle.cpp.o[0m
[11.180s] [ 35%] [32mBuilding CXX object src/lib/CMakeFiles/ecl_geometry.dir/polynomial.cpp.o[0m
[13.668s] [ 42%] [32mBuilding CXX object src/lib/CMakeFiles/ecl_geometry.dir/polynomial_blueprints.cpp.o[0m
[16.043s] [ 50%] [32mBuilding CXX object src/lib/CMakeFiles/ecl_geometry.dir/pose2d.cpp.o[0m
[17.776s] [ 57%] [32mBuilding CXX object src/lib/CMakeFiles/ecl_geometry.dir/smooth_linear_spline.cpp.o[0m
[19.998s] [ 64%] [32mBuilding CXX object src/lib/CMakeFiles/ecl_geometry.dir/tension_function.cpp.o[0m
[20.679s] [ 71%] [32mBuilding CXX object src/lib/CMakeFiles/ecl_geometry.dir/tension_spline.cpp.o[0m
[21.134s] [ 78%] [32mBuilding CXX object src/lib/CMakeFiles/ecl_geometry.dir/tension_spline_blueprints.cpp.o[0m
[21.704s] [ 85%] [32mBuilding CXX object src/lib/CMakeFiles/ecl_geometry.dir/cubic_spline_blueprints.cpp.o[0m
[24.488s] [ 92%] [32mBuilding CXX object src/lib/CMakeFiles/ecl_geometry.dir/cubic_spline.cpp.o[0m
[26.929s] [100%] [32m[1mLinking CXX shared library libecl_geometry.so[0m
[27.113s] [100%] Built target ecl_geometry
[27.135s] Invoked command in '/home/locobot/Documents/kobuki/build/ecl_geometry' returned '0': AMENT_PREFIX_PATH=/home/locobot/Documents/kobuki/install CMAKE_PREFIX_PATH=/home/locobot/Documents/kobuki/install LD_LIBRARY_PATH=/home/locobot/Documents/kobuki/install/lib PATH=/home/locobot/Documents/kobuki/install/bin:${PATH} PKG_CONFIG_PATH=/home/locobot/Documents/kobuki/install/lib/x86_64-linux-gnu/pkgconfig:/home/locobot/Documents/kobuki/install/lib/pkgconfig PYTHONPATH=/home/locobot/Documents/kobuki/install/lib/python3.8/site-packages /usr/bin/cmake --build /home/locobot/Documents/kobuki/build/ecl_geometry -- -j4 -l4
[27.136s] Invoking command in '/home/locobot/Documents/kobuki/build/ecl_geometry': AMENT_PREFIX_PATH=/home/locobot/Documents/kobuki/install CMAKE_PREFIX_PATH=/home/locobot/Documents/kobuki/install LD_LIBRARY_PATH=/home/locobot/Documents/kobuki/install/lib PATH=/home/locobot/Documents/kobuki/install/bin:${PATH} PKG_CONFIG_PATH=/home/locobot/Documents/kobuki/install/lib/x86_64-linux-gnu/pkgconfig:/home/locobot/Documents/kobuki/install/lib/pkgconfig PYTHONPATH=/home/locobot/Documents/kobuki/install/lib/python3.8/site-packages /usr/bin/cmake --install /home/locobot/Documents/kobuki/build/ecl_geometry
[27.147s] -- Install configuration: ""
[27.147s] -- Installing: /home/locobot/Documents/kobuki/install/share/ecl_geometry/environment/library_path.sh
[27.147s] -- Installing: /home/locobot/Documents/kobuki/install/share/ecl_geometry/environment/library_path.dsv
[27.147s] -- Installing: /home/locobot/Documents/kobuki/install/share/ament_index/resource_index/package_run_dependencies/ecl_geometry
[27.147s] -- Installing: /home/locobot/Documents/kobuki/install/share/ament_index/resource_index/parent_prefix_path/ecl_geometry
[27.148s] -- Installing: /home/locobot/Documents/kobuki/install/share/ecl_geometry/environment/ament_prefix_path.sh
[27.148s] -- Installing: /home/locobot/Documents/kobuki/install/share/ecl_geometry/environment/ament_prefix_path.dsv
[27.148s] -- Installing: /home/locobot/Documents/kobuki/install/share/ecl_geometry/environment/path.sh
[27.148s] -- Installing: /home/locobot/Documents/kobuki/install/share/ecl_geometry/environment/path.dsv
[27.148s] -- Installing: /home/locobot/Documents/kobuki/install/share/ecl_geometry/local_setup.bash
[27.149s] -- Installing: /home/locobot/Documents/kobuki/install/share/ecl_geometry/local_setup.sh
[27.149s] -- Installing: /home/locobot/Documents/kobuki/install/share/ecl_geometry/local_setup.zsh
[27.149s] -- Installing: /home/locobot/Documents/kobuki/install/share/ecl_geometry/local_setup.dsv
[27.149s] -- Installing: /home/locobot/Documents/kobuki/install/share/ecl_geometry/package.dsv
[27.149s] -- Installing: /home/locobot/Documents/kobuki/install/share/ament_index/resource_index/packages/ecl_geometry
[27.150s] -- Installing: /home/locobot/Documents/kobuki/install/share/ecl_geometry/cmake/ecl_geometryExport.cmake
[27.150s] -- Installing: /home/locobot/Documents/kobuki/install/share/ecl_geometry/cmake/ecl_geometryExport-noconfig.cmake
[27.150s] -- Installing: /home/locobot/Documents/kobuki/install/share/ecl_geometry/cmake/ament_cmake_export_targets-extras.cmake
[27.150s] -- Installing: /home/locobot/Documents/kobuki/install/share/ecl_geometry/cmake/ament_cmake_export_include_directories-extras.cmake
[27.150s] -- Installing: /home/locobot/Documents/kobuki/install/share/ecl_geometry/cmake/ament_cmake_export_libraries-extras.cmake
[27.151s] -- Installing: /home/locobot/Documents/kobuki/install/share/ecl_geometry/cmake/ament_cmake_export_dependencies-extras.cmake
[27.151s] -- Installing: /home/locobot/Documents/kobuki/install/share/ecl_geometry/cmake/ecl_geometryConfig.cmake
[27.151s] -- Installing: /home/locobot/Documents/kobuki/install/share/ecl_geometry/cmake/ecl_geometryConfig-version.cmake
[27.151s] -- Installing: /home/locobot/Documents/kobuki/install/share/ecl_geometry/package.xml
[27.152s] -- Installing: /home/locobot/Documents/kobuki/install/include/ecl/geometry.hpp
[27.152s] -- Installing: /home/locobot/Documents/kobuki/install/include/ecl/geometry/angle.hpp
[27.153s] -- Installing: /home/locobot/Documents/kobuki/install/include/ecl/geometry/cartesian_point.hpp
[27.153s] -- Installing: /home/locobot/Documents/kobuki/install/include/ecl/geometry/cubic_spline.hpp
[27.153s] -- Installing: /home/locobot/Documents/kobuki/install/include/ecl/geometry/function_math.hpp
[27.153s] -- Installing: /home/locobot/Documents/kobuki/install/include/ecl/geometry/homogeneous_point.hpp
[27.153s] -- Installing: /home/locobot/Documents/kobuki/install/include/ecl/geometry/legacy_pose2d.hpp
[27.154s] -- Installing: /home/locobot/Documents/kobuki/install/include/ecl/geometry/legacy_pose3d.hpp
[27.154s] -- Installing: /home/locobot/Documents/kobuki/install/include/ecl/geometry/linear_segment.hpp
[27.154s] -- Installing: /home/locobot/Documents/kobuki/install/include/ecl/geometry/macros.hpp
[27.154s] -- Installing: /home/locobot/Documents/kobuki/install/include/ecl/geometry/odometry.hpp
[27.154s] -- Installing: /home/locobot/Documents/kobuki/install/include/ecl/geometry/odometry_helper.hpp
[27.154s] -- Installing: /home/locobot/Documents/kobuki/install/include/ecl/geometry/odometry_typedefs.hpp
[27.155s] -- Installing: /home/locobot/Documents/kobuki/install/include/ecl/geometry/pascals_triangle.hpp
[27.155s] -- Installing: /home/locobot/Documents/kobuki/install/include/ecl/geometry/polynomial.hpp
[27.155s] -- Installing: /home/locobot/Documents/kobuki/install/include/ecl/geometry/pose2d.hpp
[27.155s] -- Installing: /home/locobot/Documents/kobuki/install/include/ecl/geometry/smooth_linear_spline.hpp
[27.155s] -- Installing: /home/locobot/Documents/kobuki/install/include/ecl/geometry/spline_function.hpp
[27.155s] -- Installing: /home/locobot/Documents/kobuki/install/include/ecl/geometry/tension_function.hpp
[27.156s] -- Installing: /home/locobot/Documents/kobuki/install/include/ecl/geometry/tension_spline.hpp
[27.156s] -- Installing: /home/locobot/Documents/kobuki/install/lib/libecl_geometry.so.1.2.1
[27.158s] -- Set runtime path of "/home/locobot/Documents/kobuki/install/lib/libecl_geometry.so.1.2.1" to ""
[27.159s] -- Installing: /home/locobot/Documents/kobuki/install/lib/libecl_geometry.so
[27.174s] Invoked command in '/home/locobot/Documents/kobuki/build/ecl_geometry' returned '0': AMENT_PREFIX_PATH=/home/locobot/Documents/kobuki/install CMAKE_PREFIX_PATH=/home/locobot/Documents/kobuki/install LD_LIBRARY_PATH=/home/locobot/Documents/kobuki/install/lib PATH=/home/locobot/Documents/kobuki/install/bin:${PATH} PKG_CONFIG_PATH=/home/locobot/Documents/kobuki/install/lib/x86_64-linux-gnu/pkgconfig:/home/locobot/Documents/kobuki/install/lib/pkgconfig PYTHONPATH=/home/locobot/Documents/kobuki/install/lib/python3.8/site-packages /usr/bin/cmake --install /home/locobot/Documents/kobuki/build/ecl_geometry
