[1.468s] Invoking command in '/home/locobot/Documents/kobuki/build/ecl_console': AMENT_PREFIX_PATH=/home/locobot/Documents/kobuki/install CMAKE_PREFIX_PATH=/home/locobot/Documents/kobuki/install LD_LIBRARY_PATH=/home/locobot/Documents/kobuki/install/lib PATH=/home/locobot/Documents/kobuki/install/bin:${PATH} PYTHONPATH=/home/locobot/Documents/kobuki/install/lib/python3.8/site-packages /usr/bin/cmake /home/locobot/Documents/kobuki/src/ecl_lite/ecl_console -DBUILD_TESTING=OFF -DCMAKE_BUILD_TYPE=RelWithDebInfo -DCMAKE_INSTALL_PREFIX=/home/locobot/Documents/kobuki/install
[1.516s] -- Found ament_cmake_ros: 0.9.2 (/home/locobot/Documents/kobuki/install/share/ament_cmake_ros/cmake)
[1.590s] -- Using PYTHON_EXECUTABLE: /usr/bin/python3
[2.072s] -- Found ecl_build: 1.0.3 (/home/locobot/Documents/kobuki/install/share/ecl_build/cmake)
[2.153s] -- Found ecl_config: 1.1.0 (/home/locobot/Documents/kobuki/install/share/ecl_config/cmake)
[2.318s] -- Configuring done
[2.321s] -- Generating done
[2.324s] -- Build files have been written to: /home/locobot/Documents/kobuki/build/ecl_console
[2.345s] Invoked command in '/home/locobot/Documents/kobuki/build/ecl_console' returned '0': AMENT_PREFIX_PATH=/home/locobot/Documents/kobuki/install CMAKE_PREFIX_PATH=/home/locobot/Documents/kobuki/install LD_LIBRARY_PATH=/home/locobot/Documents/kobuki/install/lib PATH=/home/locobot/Documents/kobuki/install/bin:${PATH} PYTHONPATH=/home/locobot/Documents/kobuki/install/lib/python3.8/site-packages /usr/bin/cmake /home/locobot/Documents/kobuki/src/ecl_lite/ecl_console -DBUILD_TESTING=OFF -DCMAKE_BUILD_TYPE=RelWithDebInfo -DCMAKE_INSTALL_PREFIX=/home/locobot/Documents/kobuki/install
[2.347s] Invoking command in '/home/locobot/Documents/kobuki/build/ecl_console': AMENT_PREFIX_PATH=/home/locobot/Documents/kobuki/install CMAKE_PREFIX_PATH=/home/locobot/Documents/kobuki/install LD_LIBRARY_PATH=/home/locobot/Documents/kobuki/install/lib PATH=/home/locobot/Documents/kobuki/install/bin:${PATH} PYTHONPATH=/home/locobot/Documents/kobuki/install/lib/python3.8/site-packages /usr/bin/cmake --build /home/locobot/Documents/kobuki/build/ecl_console -- -j4 -l4
[2.525s] Invoked command in '/home/locobot/Documents/kobuki/build/ecl_console' returned '0': AMENT_PREFIX_PATH=/home/locobot/Documents/kobuki/install CMAKE_PREFIX_PATH=/home/locobot/Documents/kobuki/install LD_LIBRARY_PATH=/home/locobot/Documents/kobuki/install/lib PATH=/home/locobot/Documents/kobuki/install/bin:${PATH} PYTHONPATH=/home/locobot/Documents/kobuki/install/lib/python3.8/site-packages /usr/bin/cmake --build /home/locobot/Documents/kobuki/build/ecl_console -- -j4 -l4
[2.526s] Invoking command in '/home/locobot/Documents/kobuki/build/ecl_console': AMENT_PREFIX_PATH=/home/locobot/Documents/kobuki/install CMAKE_PREFIX_PATH=/home/locobot/Documents/kobuki/install LD_LIBRARY_PATH=/home/locobot/Documents/kobuki/install/lib PATH=/home/locobot/Documents/kobuki/install/bin:${PATH} PYTHONPATH=/home/locobot/Documents/kobuki/install/lib/python3.8/site-packages /usr/bin/cmake --install /home/locobot/Documents/kobuki/build/ecl_console
[2.550s] -- Install configuration: "RelWithDebInfo"
[2.550s] -- Up-to-date: /home/locobot/Documents/kobuki/install/include/ecl
[2.550s] -- Up-to-date: /home/locobot/Documents/kobuki/install/include/ecl/console.hpp
[2.550s] -- Up-to-date: /home/locobot/Documents/kobuki/install/share/ament_index/resource_index/package_run_dependencies/ecl_console
[2.550s] -- Up-to-date: /home/locobot/Documents/kobuki/install/share/ament_index/resource_index/parent_prefix_path/ecl_console
[2.557s] -- Up-to-date: /home/locobot/Documents/kobuki/install/share/ecl_console/environment/ament_prefix_path.sh
[2.557s] -- Installing: /home/locobot/Documents/kobuki/install/share/ecl_console/environment/ament_prefix_path.dsv
[2.557s] -- Up-to-date: /home/locobot/Documents/kobuki/install/share/ecl_console/environment/path.sh
[2.557s] -- Installing: /home/locobot/Documents/kobuki/install/share/ecl_console/environment/path.dsv
[2.557s] -- Up-to-date: /home/locobot/Documents/kobuki/install/share/ecl_console/local_setup.bash
[2.558s] -- Up-to-date: /home/locobot/Documents/kobuki/install/share/ecl_console/local_setup.sh
[2.558s] -- Up-to-date: /home/locobot/Documents/kobuki/install/share/ecl_console/local_setup.zsh
[2.558s] -- Installing: /home/locobot/Documents/kobuki/install/share/ecl_console/local_setup.dsv
[2.558s] -- Installing: /home/locobot/Documents/kobuki/install/share/ecl_console/package.dsv
[2.558s] -- Up-to-date: /home/locobot/Documents/kobuki/install/share/ament_index/resource_index/packages/ecl_console
[2.558s] -- Up-to-date: /home/locobot/Documents/kobuki/install/share/ecl_console/cmake/ecl_consoleExport.cmake
[2.558s] -- Up-to-date: /home/locobot/Documents/kobuki/install/share/ecl_console/cmake/ament_cmake_export_targets-extras.cmake
[2.558s] -- Up-to-date: /home/locobot/Documents/kobuki/install/share/ecl_console/cmake/ament_cmake_export_include_directories-extras.cmake
[2.559s] -- Up-to-date: /home/locobot/Documents/kobuki/install/share/ecl_console/cmake/ament_cmake_export_dependencies-extras.cmake
[2.559s] -- Up-to-date: /home/locobot/Documents/kobuki/install/share/ecl_console/cmake/ecl_consoleConfig.cmake
[2.559s] -- Up-to-date: /home/locobot/Documents/kobuki/install/share/ecl_console/cmake/ecl_consoleConfig-version.cmake
[2.559s] -- Up-to-date: /home/locobot/Documents/kobuki/install/share/ecl_console/package.xml
[2.573s] Invoked command in '/home/locobot/Documents/kobuki/build/ecl_console' returned '0': AMENT_PREFIX_PATH=/home/locobot/Documents/kobuki/install CMAKE_PREFIX_PATH=/home/locobot/Documents/kobuki/install LD_LIBRARY_PATH=/home/locobot/Documents/kobuki/install/lib PATH=/home/locobot/Documents/kobuki/install/bin:${PATH} PYTHONPATH=/home/locobot/Documents/kobuki/install/lib/python3.8/site-packages /usr/bin/cmake --install /home/locobot/Documents/kobuki/build/ecl_console
