[0.168s] Invoking command in '/home/locobot/Documents/kobuki/build/ament_cmake_version': AMENT_PREFIX_PATH=/home/locobot/Documents/kobuki/install CMAKE_PREFIX_PATH=/home/locobot/Documents/kobuki/install PATH=/home/locobot/Documents/kobuki/install/bin:${PATH} PYTHONPATH=/home/locobot/Documents/kobuki/install/lib/python3.8/site-packages /usr/bin/cmake /home/locobot/Documents/kobuki/src/ament_cmake/ament_cmake_version -DBUILD_TESTING=OFF -DCMAKE_INSTALL_PREFIX=/home/locobot/Documents/kobuki/install
[0.242s] -- Found ament_cmake_core: 0.9.12 (/home/locobot/Documents/kobuki/install/share/ament_cmake_core/cmake)
[0.265s] -- Found PythonInterp: /usr/bin/python3 (found suitable version "3.8.10", minimum required is "3") 
[0.265s] -- Using PYTHON_EXECUTABLE: /usr/bin/python3
[0.748s] -- Configuring done
[0.768s] -- Generating done
[0.769s] -- Build files have been written to: /home/locobot/Documents/kobuki/build/ament_cmake_version
[0.786s] Invoked command in '/home/locobot/Documents/kobuki/build/ament_cmake_version' returned '0': AMENT_PREFIX_PATH=/home/locobot/Documents/kobuki/install CMAKE_PREFIX_PATH=/home/locobot/Documents/kobuki/install PATH=/home/locobot/Documents/kobuki/install/bin:${PATH} PYTHONPATH=/home/locobot/Documents/kobuki/install/lib/python3.8/site-packages /usr/bin/cmake /home/locobot/Documents/kobuki/src/ament_cmake/ament_cmake_version -DBUILD_TESTING=OFF -DCMAKE_INSTALL_PREFIX=/home/locobot/Documents/kobuki/install
[0.787s] Invoking command in '/home/locobot/Documents/kobuki/build/ament_cmake_version': AMENT_PREFIX_PATH=/home/locobot/Documents/kobuki/install CMAKE_PREFIX_PATH=/home/locobot/Documents/kobuki/install PATH=/home/locobot/Documents/kobuki/install/bin:${PATH} PYTHONPATH=/home/locobot/Documents/kobuki/install/lib/python3.8/site-packages /usr/bin/cmake --build /home/locobot/Documents/kobuki/build/ament_cmake_version -- -j4 -l4
[1.001s] Invoked command in '/home/locobot/Documents/kobuki/build/ament_cmake_version' returned '0': AMENT_PREFIX_PATH=/home/locobot/Documents/kobuki/install CMAKE_PREFIX_PATH=/home/locobot/Documents/kobuki/install PATH=/home/locobot/Documents/kobuki/install/bin:${PATH} PYTHONPATH=/home/locobot/Documents/kobuki/install/lib/python3.8/site-packages /usr/bin/cmake --build /home/locobot/Documents/kobuki/build/ament_cmake_version -- -j4 -l4
[1.002s] Invoking command in '/home/locobot/Documents/kobuki/build/ament_cmake_version': AMENT_PREFIX_PATH=/home/locobot/Documents/kobuki/install CMAKE_PREFIX_PATH=/home/locobot/Documents/kobuki/install PATH=/home/locobot/Documents/kobuki/install/bin:${PATH} PYTHONPATH=/home/locobot/Documents/kobuki/install/lib/python3.8/site-packages /usr/bin/cmake --install /home/locobot/Documents/kobuki/build/ament_cmake_version
[1.030s] -- Install configuration: ""
[1.042s] -- Installing: /home/locobot/Documents/kobuki/install/share/ament_index/resource_index/package_run_dependencies/ament_cmake_version
[1.043s] -- Installing: /home/locobot/Documents/kobuki/install/share/ament_index/resource_index/parent_prefix_path/ament_cmake_version
[1.043s] -- Installing: /home/locobot/Documents/kobuki/install/share/ament_cmake_version/environment/ament_prefix_path.sh
[1.043s] -- Installing: /home/locobot/Documents/kobuki/install/share/ament_cmake_version/environment/ament_prefix_path.dsv
[1.043s] -- Installing: /home/locobot/Documents/kobuki/install/share/ament_cmake_version/environment/path.sh
[1.043s] -- Installing: /home/locobot/Documents/kobuki/install/share/ament_cmake_version/environment/path.dsv
[1.043s] -- Installing: /home/locobot/Documents/kobuki/install/share/ament_cmake_version/local_setup.bash
[1.044s] -- Installing: /home/locobot/Documents/kobuki/install/share/ament_cmake_version/local_setup.sh
[1.044s] -- Installing: /home/locobot/Documents/kobuki/install/share/ament_cmake_version/local_setup.zsh
[1.044s] -- Installing: /home/locobot/Documents/kobuki/install/share/ament_cmake_version/local_setup.dsv
[1.044s] -- Installing: /home/locobot/Documents/kobuki/install/share/ament_cmake_version/package.dsv
[1.044s] -- Installing: /home/locobot/Documents/kobuki/install/share/ament_index/resource_index/packages/ament_cmake_version
[1.044s] -- Installing: /home/locobot/Documents/kobuki/install/share/ament_cmake_version/cmake/ament_cmake_version-extras.cmake
[1.045s] -- Installing: /home/locobot/Documents/kobuki/install/share/ament_cmake_version/cmake/ament_cmake_versionConfig.cmake
[1.045s] -- Installing: /home/locobot/Documents/kobuki/install/share/ament_cmake_version/cmake/ament_cmake_versionConfig-version.cmake
[1.045s] -- Installing: /home/locobot/Documents/kobuki/install/share/ament_cmake_version/package.xml
[1.047s] -- Up-to-date: /home/locobot/Documents/kobuki/install/share/ament_cmake_version/cmake
[1.047s] -- Installing: /home/locobot/Documents/kobuki/install/share/ament_cmake_version/cmake/ament_export_development_version_if_higher_than_manifest.cmake
[1.057s] Invoked command in '/home/locobot/Documents/kobuki/build/ament_cmake_version' returned '0': AMENT_PREFIX_PATH=/home/locobot/Documents/kobuki/install CMAKE_PREFIX_PATH=/home/locobot/Documents/kobuki/install PATH=/home/locobot/Documents/kobuki/install/bin:${PATH} PYTHONPATH=/home/locobot/Documents/kobuki/install/lib/python3.8/site-packages /usr/bin/cmake --install /home/locobot/Documents/kobuki/build/ament_cmake_version
