[0.039s] Invoking command in '/home/locobot/Documents/kobuki/build/eigen': /usr/bin/cmake /home/locobot/Documents/kobuki/src/eigen -DBUILD_TESTING=OFF -DBUILD_TESTING=OFF -DEIGEN_TEST_NOQT=ON -DCMAKE_INSTALL_PREFIX=/home/locobot/Documents/kobuki/install
[0.464s] Re-run cmake no build system arguments
[0.464s] -- Performing Test COMPILER_SUPPORT_std=cpp03
[0.464s] -- Performing Test COMPILER_SUPPORT_std=cpp03 - Success
[0.465s] -- Standard libraries to link to explicitly: none
[0.660s] CMake Warning (dev) in CMakeLists.txt:
[0.661s]   A logical block opening on the line
[0.661s] 
[0.662s]     /home/locobot/Documents/kobuki/src/eigen/CMakeLists.txt:465 (if)
[0.662s] 
[0.662s]   closes on the line
[0.663s] 
[0.663s]     /home/locobot/Documents/kobuki/src/eigen/CMakeLists.txt:473 (endif)
[0.672s] 
[0.672s]   with mis-matching arguments.
[0.673s] This warning is for project developers.  Use -Wno-dev to suppress it.
[0.673s] 
[1.164s] -- Could NOT find CHOLMOD (missing: CHOLMOD_INCLUDES CHOLMOD_LIBRARIES) 
[1.167s] -- Could NOT find UMFPACK (missing: UMFPACK_INCLUDES UMFPACK_LIBRARIES) 
[1.180s] -- Could NOT find SUPERLU (missing: SUPERLU_INCLUDES SUPERLU_LIBRARIES SUPERLU_VERSION_OK) 
[1.187s] -- A version of Pastix has been found but pastix_nompi.h does not exist in the include directory. Because Eigen tests require a version without MPI, we disable the Pastix backend.
[1.189s] -- 
[1.189s] -- Configured Eigen 3.3.9
[1.189s] -- 
[1.189s] -- Some things you can do now:
[1.190s] -- --------------+--------------------------------------------------------------
[1.191s] -- Command       |   Description
[1.191s] -- --------------+--------------------------------------------------------------
[1.191s] -- make install  | Install Eigen. Headers will be installed to:
[1.191s] --               |     <CMAKE_INSTALL_PREFIX>/<INCLUDE_INSTALL_DIR>
[1.192s] --               |   Using the following values:
[1.192s] --               |     CMAKE_INSTALL_PREFIX: /home/locobot/Documents/kobuki/install
[1.193s] --               |     INCLUDE_INSTALL_DIR:  include/eigen3
[1.194s] --               |   Change the install location of Eigen headers using:
[1.194s] --               |     cmake . -DCMAKE_INSTALL_PREFIX=yourprefix
[1.194s] --               |   Or:
[1.201s] --               |     cmake . -DINCLUDE_INSTALL_DIR=yourdir
[1.205s] -- make doc      | Generate the API documentation, requires Doxygen & LaTeX
[1.205s] -- make check    | Build and run the unit-tests. Read this page:
[1.206s] --               |   http://eigen.tuxfamily.org/index.php?title=Tests
[1.206s] -- make blas     | Build BLAS library (not the same thing as Eigen)
[1.206s] -- make uninstall| Removes files installed by make install
[1.206s] -- --------------+--------------------------------------------------------------
[1.206s] -- 
[1.223s] -- Configuring done
[2.453s] -- Generating done
[2.841s] -- Build files have been written to: /home/locobot/Documents/kobuki/build/eigen
[2.849s] Invoked command in '/home/locobot/Documents/kobuki/build/eigen' returned '0': /usr/bin/cmake /home/locobot/Documents/kobuki/src/eigen -DBUILD_TESTING=OFF -DBUILD_TESTING=OFF -DEIGEN_TEST_NOQT=ON -DCMAKE_INSTALL_PREFIX=/home/locobot/Documents/kobuki/install
[2.854s] Invoking command in '/home/locobot/Documents/kobuki/build/eigen': /usr/bin/cmake --build /home/locobot/Documents/kobuki/build/eigen -- -j4 -l4
[2.891s] /usr/bin/cmake -S/home/locobot/Documents/kobuki/src/eigen -B/home/locobot/Documents/kobuki/build/eigen --check-build-system CMakeFiles/Makefile.cmake 0
[2.921s] /usr/bin/cmake -E cmake_progress_start /home/locobot/Documents/kobuki/build/eigen/CMakeFiles /home/locobot/Documents/kobuki/build/eigen/CMakeFiles/progress.marks
[2.981s] /usr/bin/make -f CMakeFiles/Makefile2 all
[3.009s] make[1]: Entering directory '/home/locobot/Documents/kobuki/build/eigen'
[3.009s] make[1]: Nothing to be done for 'all'.
[3.009s] make[1]: Leaving directory '/home/locobot/Documents/kobuki/build/eigen'
[3.009s] /usr/bin/cmake -E cmake_progress_start /home/locobot/Documents/kobuki/build/eigen/CMakeFiles 0
[3.087s] Invoked command in '/home/locobot/Documents/kobuki/build/eigen' returned '0': /usr/bin/cmake --build /home/locobot/Documents/kobuki/build/eigen -- -j4 -l4
[3.089s] Invoking command in '/home/locobot/Documents/kobuki/build/eigen': /usr/bin/cmake --install /home/locobot/Documents/kobuki/build/eigen
[3.120s] -- Install configuration: "Release"
[3.120s] -- Up-to-date: /home/locobot/Documents/kobuki/install/include/eigen3/signature_of_eigen3_matrix_library
[3.121s] -- Up-to-date: /home/locobot/Documents/kobuki/install/share/pkgconfig/eigen3.pc
[3.121s] -- Up-to-date: /home/locobot/Documents/kobuki/install/share/eigen3/cmake/Eigen3Targets.cmake
[3.121s] -- Up-to-date: /home/locobot/Documents/kobuki/install/share/eigen3/cmake/UseEigen3.cmake
[3.121s] -- Up-to-date: /home/locobot/Documents/kobuki/install/share/eigen3/cmake/Eigen3Config.cmake
[3.121s] -- Up-to-date: /home/locobot/Documents/kobuki/install/share/eigen3/cmake/Eigen3ConfigVersion.cmake
[3.121s] -- Up-to-date: /home/locobot/Documents/kobuki/install/include/eigen3/Eigen/Cholesky
[3.121s] -- Up-to-date: /home/locobot/Documents/kobuki/install/include/eigen3/Eigen/CholmodSupport
[3.122s] -- Up-to-date: /home/locobot/Documents/kobuki/install/include/eigen3/Eigen/Core
[3.122s] -- Up-to-date: /home/locobot/Documents/kobuki/install/include/eigen3/Eigen/Dense
[3.122s] -- Up-to-date: /home/locobot/Documents/kobuki/install/include/eigen3/Eigen/Eigen
[3.122s] -- Up-to-date: /home/locobot/Documents/kobuki/install/include/eigen3/Eigen/Eigenvalues
[3.122s] -- Up-to-date: /home/locobot/Documents/kobuki/install/include/eigen3/Eigen/Geometry
[3.122s] -- Up-to-date: /home/locobot/Documents/kobuki/install/include/eigen3/Eigen/Householder
[3.122s] -- Up-to-date: /home/locobot/Documents/kobuki/install/include/eigen3/Eigen/IterativeLinearSolvers
[3.123s] -- Up-to-date: /home/locobot/Documents/kobuki/install/include/eigen3/Eigen/Jacobi
[3.123s] -- Up-to-date: /home/locobot/Documents/kobuki/install/include/eigen3/Eigen/LU
[3.123s] -- Up-to-date: /home/locobot/Documents/kobuki/install/include/eigen3/Eigen/MetisSupport
[3.123s] -- Up-to-date: /home/locobot/Documents/kobuki/install/include/eigen3/Eigen/OrderingMethods
[3.123s] -- Up-to-date: /home/locobot/Documents/kobuki/install/include/eigen3/Eigen/PaStiXSupport
[3.123s] -- Up-to-date: /home/locobot/Documents/kobuki/install/include/eigen3/Eigen/PardisoSupport
[3.124s] -- Up-to-date: /home/locobot/Documents/kobuki/install/include/eigen3/Eigen/QR
[3.124s] -- Up-to-date: /home/locobot/Documents/kobuki/install/include/eigen3/Eigen/QtAlignedMalloc
[3.124s] -- Up-to-date: /home/locobot/Documents/kobuki/install/include/eigen3/Eigen/SPQRSupport
[3.124s] -- Up-to-date: /home/locobot/Documents/kobuki/install/include/eigen3/Eigen/SVD
[3.124s] -- Up-to-date: /home/locobot/Documents/kobuki/install/include/eigen3/Eigen/Sparse
[3.125s] -- Up-to-date: /home/locobot/Documents/kobuki/install/include/eigen3/Eigen/SparseCholesky
[3.125s] -- Up-to-date: /home/locobot/Documents/kobuki/install/include/eigen3/Eigen/SparseCore
[3.125s] -- Up-to-date: /home/locobot/Documents/kobuki/install/include/eigen3/Eigen/SparseLU
[3.125s] -- Up-to-date: /home/locobot/Documents/kobuki/install/include/eigen3/Eigen/SparseQR
[3.125s] -- Up-to-date: /home/locobot/Documents/kobuki/install/include/eigen3/Eigen/StdDeque
[3.126s] -- Up-to-date: /home/locobot/Documents/kobuki/install/include/eigen3/Eigen/StdList
[3.126s] -- Up-to-date: /home/locobot/Documents/kobuki/install/include/eigen3/Eigen/StdVector
[3.126s] -- Up-to-date: /home/locobot/Documents/kobuki/install/include/eigen3/Eigen/SuperLUSupport
[3.126s] -- Up-to-date: /home/locobot/Documents/kobuki/install/include/eigen3/Eigen/UmfPackSupport
[3.126s] -- Up-to-date: /home/locobot/Documents/kobuki/install/include/eigen3/Eigen/src
[3.127s] -- Up-to-date: /home/locobot/Documents/kobuki/install/include/eigen3/Eigen/src/CholmodSupport
[3.127s] -- Up-to-date: /home/locobot/Documents/kobuki/install/include/eigen3/Eigen/src/CholmodSupport/CholmodSupport.h
[3.127s] -- Up-to-date: /home/locobot/Documents/kobuki/install/include/eigen3/Eigen/src/SparseQR
[3.127s] -- Up-to-date: /home/locobot/Documents/kobuki/install/include/eigen3/Eigen/src/SparseQR/SparseQR.h
[3.127s] -- Up-to-date: /home/locobot/Documents/kobuki/install/include/eigen3/Eigen/src/Cholesky
[3.128s] -- Up-to-date: /home/locobot/Documents/kobuki/install/include/eigen3/Eigen/src/Cholesky/LDLT.h
[3.128s] -- Up-to-date: /home/locobot/Documents/kobuki/install/include/eigen3/Eigen/src/Cholesky/LLT_LAPACKE.h
[3.128s] -- Up-to-date: /home/locobot/Documents/kobuki/install/include/eigen3/Eigen/src/Cholesky/LLT.h
[3.128s] -- Up-to-date: /home/locobot/Documents/kobuki/install/include/eigen3/Eigen/src/StlSupport
[3.129s] -- Up-to-date: /home/locobot/Documents/kobuki/install/include/eigen3/Eigen/src/StlSupport/StdVector.h
[3.129s] -- Up-to-date: /home/locobot/Documents/kobuki/install/include/eigen3/Eigen/src/StlSupport/StdList.h
[3.130s] -- Up-to-date: /home/locobot/Documents/kobuki/install/include/eigen3/Eigen/src/StlSupport/StdDeque.h
[3.130s] -- Up-to-date: /home/locobot/Documents/kobuki/install/include/eigen3/Eigen/src/StlSupport/details.h
[3.130s] -- Up-to-date: /home/locobot/Documents/kobuki/install/include/eigen3/Eigen/src/SparseLU
[3.130s] -- Up-to-date: /home/locobot/Documents/kobuki/install/include/eigen3/Eigen/src/SparseLU/SparseLU_kernel_bmod.h
[3.130s] -- Up-to-date: /home/locobot/Documents/kobuki/install/include/eigen3/Eigen/src/SparseLU/SparseLU_gemm_kernel.h
[3.130s] -- Up-to-date: /home/locobot/Documents/kobuki/install/include/eigen3/Eigen/src/SparseLU/SparseLU_Structs.h
[3.131s] -- Up-to-date: /home/locobot/Documents/kobuki/install/include/eigen3/Eigen/src/SparseLU/SparseLU_relax_snode.h
[3.131s] -- Up-to-date: /home/locobot/Documents/kobuki/install/include/eigen3/Eigen/src/SparseLU/SparseLU_column_dfs.h
[3.131s] -- Up-to-date: /home/locobot/Documents/kobuki/install/include/eigen3/Eigen/src/SparseLU/SparseLU_panel_dfs.h
[3.131s] -- Up-to-date: /home/locobot/Documents/kobuki/install/include/eigen3/Eigen/src/SparseLU/SparseLU_Memory.h
[3.131s] -- Up-to-date: /home/locobot/Documents/kobuki/install/include/eigen3/Eigen/src/SparseLU/SparseLU_Utils.h
[3.132s] -- Up-to-date: /home/locobot/Documents/kobuki/install/include/eigen3/Eigen/src/SparseLU/SparseLU_SupernodalMatrix.h
[3.132s] -- Up-to-date: /home/locobot/Documents/kobuki/install/include/eigen3/Eigen/src/SparseLU/SparseLU.h
[3.132s] -- Up-to-date: /home/locobot/Documents/kobuki/install/include/eigen3/Eigen/src/SparseLU/SparseLU_column_bmod.h
[3.132s] -- Up-to-date: /home/locobot/Documents/kobuki/install/include/eigen3/Eigen/src/SparseLU/SparseLU_heap_relax_snode.h
[3.133s] -- Up-to-date: /home/locobot/Documents/kobuki/install/include/eigen3/Eigen/src/SparseLU/SparseLU_copy_to_ucol.h
[3.134s] -- Up-to-date: /home/locobot/Documents/kobuki/install/include/eigen3/Eigen/src/SparseLU/SparseLU_pruneL.h
[3.135s] -- Up-to-date: /home/locobot/Documents/kobuki/install/include/eigen3/Eigen/src/SparseLU/SparseLU_panel_bmod.h
[3.135s] -- Up-to-date: /home/locobot/Documents/kobuki/install/include/eigen3/Eigen/src/SparseLU/SparseLUImpl.h
[3.136s] -- Up-to-date: /home/locobot/Documents/kobuki/install/include/eigen3/Eigen/src/SparseLU/SparseLU_pivotL.h
[3.136s] -- Up-to-date: /home/locobot/Documents/kobuki/install/include/eigen3/Eigen/src/misc
[3.137s] -- Up-to-date: /home/locobot/Documents/kobuki/install/include/eigen3/Eigen/src/misc/lapack.h
[3.137s] -- Up-to-date: /home/locobot/Documents/kobuki/install/include/eigen3/Eigen/src/misc/Kernel.h
[3.138s] -- Up-to-date: /home/locobot/Documents/kobuki/install/include/eigen3/Eigen/src/misc/lapacke.h
[3.138s] -- Up-to-date: /home/locobot/Documents/kobuki/install/include/eigen3/Eigen/src/misc/lapacke_mangling.h
[3.139s] -- Up-to-date: /home/locobot/Documents/kobuki/install/include/eigen3/Eigen/src/misc/RealSvd2x2.h
[3.140s] -- Up-to-date: /home/locobot/Documents/kobuki/install/include/eigen3/Eigen/src/misc/blas.h
[3.140s] -- Up-to-date: /home/locobot/Documents/kobuki/install/include/eigen3/Eigen/src/misc/Image.h
[3.141s] -- Up-to-date: /home/locobot/Documents/kobuki/install/include/eigen3/Eigen/src/SVD
[3.141s] -- Up-to-date: /home/locobot/Documents/kobuki/install/include/eigen3/Eigen/src/SVD/BDCSVD.h
[3.141s] -- Up-to-date: /home/locobot/Documents/kobuki/install/include/eigen3/Eigen/src/SVD/UpperBidiagonalization.h
[3.141s] -- Up-to-date: /home/locobot/Documents/kobuki/install/include/eigen3/Eigen/src/SVD/SVDBase.h
[3.141s] -- Up-to-date: /home/locobot/Documents/kobuki/install/include/eigen3/Eigen/src/SVD/JacobiSVD.h
[3.141s] -- Up-to-date: /home/locobot/Documents/kobuki/install/include/eigen3/Eigen/src/SVD/JacobiSVD_LAPACKE.h
[3.142s] -- Up-to-date: /home/locobot/Documents/kobuki/install/include/eigen3/Eigen/src/Eigenvalues
[3.142s] -- Up-to-date: /home/locobot/Documents/kobuki/install/include/eigen3/Eigen/src/Eigenvalues/ComplexSchur.h
[3.142s] -- Up-to-date: /home/locobot/Documents/kobuki/install/include/eigen3/Eigen/src/Eigenvalues/EigenSolver.h
[3.142s] -- Up-to-date: /home/locobot/Documents/kobuki/install/include/eigen3/Eigen/src/Eigenvalues/MatrixBaseEigenvalues.h
[3.142s] -- Up-to-date: /home/locobot/Documents/kobuki/install/include/eigen3/Eigen/src/Eigenvalues/ComplexSchur_LAPACKE.h
[3.142s] -- Up-to-date: /home/locobot/Documents/kobuki/install/include/eigen3/Eigen/src/Eigenvalues/SelfAdjointEigenSolver_LAPACKE.h
[3.142s] -- Up-to-date: /home/locobot/Documents/kobuki/install/include/eigen3/Eigen/src/Eigenvalues/GeneralizedSelfAdjointEigenSolver.h
[3.143s] -- Up-to-date: /home/locobot/Documents/kobuki/install/include/eigen3/Eigen/src/Eigenvalues/RealSchur_LAPACKE.h
[3.143s] -- Up-to-date: /home/locobot/Documents/kobuki/install/include/eigen3/Eigen/src/Eigenvalues/ComplexEigenSolver.h
[3.143s] -- Up-to-date: /home/locobot/Documents/kobuki/install/include/eigen3/Eigen/src/Eigenvalues/Tridiagonalization.h
[3.144s] -- Up-to-date: /home/locobot/Documents/kobuki/install/include/eigen3/Eigen/src/Eigenvalues/RealQZ.h
[3.145s] -- Up-to-date: /home/locobot/Documents/kobuki/install/include/eigen3/Eigen/src/Eigenvalues/RealSchur.h
[3.146s] -- Up-to-date: /home/locobot/Documents/kobuki/install/include/eigen3/Eigen/src/Eigenvalues/SelfAdjointEigenSolver.h
[3.147s] -- Up-to-date: /home/locobot/Documents/kobuki/install/include/eigen3/Eigen/src/Eigenvalues/HessenbergDecomposition.h
[3.147s] -- Up-to-date: /home/locobot/Documents/kobuki/install/include/eigen3/Eigen/src/Eigenvalues/GeneralizedEigenSolver.h
[3.148s] -- Up-to-date: /home/locobot/Documents/kobuki/install/include/eigen3/Eigen/src/plugins
[3.150s] -- Up-to-date: /home/locobot/Documents/kobuki/install/include/eigen3/Eigen/src/plugins/CommonCwiseUnaryOps.h
[3.151s] -- Up-to-date: /home/locobot/Documents/kobuki/install/include/eigen3/Eigen/src/plugins/ArrayCwiseUnaryOps.h
[3.152s] -- Up-to-date: /home/locobot/Documents/kobuki/install/include/eigen3/Eigen/src/plugins/ArrayCwiseBinaryOps.h
[3.152s] -- Up-to-date: /home/locobot/Documents/kobuki/install/include/eigen3/Eigen/src/plugins/MatrixCwiseUnaryOps.h
[3.155s] -- Up-to-date: /home/locobot/Documents/kobuki/install/include/eigen3/Eigen/src/plugins/BlockMethods.h
[3.156s] -- Up-to-date: /home/locobot/Documents/kobuki/install/include/eigen3/Eigen/src/plugins/MatrixCwiseBinaryOps.h
[3.158s] -- Up-to-date: /home/locobot/Documents/kobuki/install/include/eigen3/Eigen/src/plugins/CommonCwiseBinaryOps.h
[3.158s] -- Up-to-date: /home/locobot/Documents/kobuki/install/include/eigen3/Eigen/src/PardisoSupport
[3.159s] -- Up-to-date: /home/locobot/Documents/kobuki/install/include/eigen3/Eigen/src/PardisoSupport/PardisoSupport.h
[3.160s] -- Up-to-date: /home/locobot/Documents/kobuki/install/include/eigen3/Eigen/src/MetisSupport
[3.162s] -- Up-to-date: /home/locobot/Documents/kobuki/install/include/eigen3/Eigen/src/MetisSupport/MetisSupport.h
[3.163s] -- Up-to-date: /home/locobot/Documents/kobuki/install/include/eigen3/Eigen/src/Jacobi
[3.163s] -- Up-to-date: /home/locobot/Documents/kobuki/install/include/eigen3/Eigen/src/Jacobi/Jacobi.h
[3.165s] -- Up-to-date: /home/locobot/Documents/kobuki/install/include/eigen3/Eigen/src/QR
[3.167s] -- Up-to-date: /home/locobot/Documents/kobuki/install/include/eigen3/Eigen/src/QR/ColPivHouseholderQR.h
[3.168s] -- Up-to-date: /home/locobot/Documents/kobuki/install/include/eigen3/Eigen/src/QR/HouseholderQR_LAPACKE.h
[3.169s] -- Up-to-date: /home/locobot/Documents/kobuki/install/include/eigen3/Eigen/src/QR/CompleteOrthogonalDecomposition.h
[3.170s] -- Up-to-date: /home/locobot/Documents/kobuki/install/include/eigen3/Eigen/src/QR/ColPivHouseholderQR_LAPACKE.h
[3.170s] -- Up-to-date: /home/locobot/Documents/kobuki/install/include/eigen3/Eigen/src/QR/HouseholderQR.h
[3.171s] -- Up-to-date: /home/locobot/Documents/kobuki/install/include/eigen3/Eigen/src/QR/FullPivHouseholderQR.h
[3.172s] -- Up-to-date: /home/locobot/Documents/kobuki/install/include/eigen3/Eigen/src/IterativeLinearSolvers
[3.178s] -- Up-to-date: /home/locobot/Documents/kobuki/install/include/eigen3/Eigen/src/IterativeLinearSolvers/BasicPreconditioners.h
[3.178s] -- Up-to-date: /home/locobot/Documents/kobuki/install/include/eigen3/Eigen/src/IterativeLinearSolvers/IncompleteLUT.h
[3.178s] -- Up-to-date: /home/locobot/Documents/kobuki/install/include/eigen3/Eigen/src/IterativeLinearSolvers/LeastSquareConjugateGradient.h
[3.179s] -- Up-to-date: /home/locobot/Documents/kobuki/install/include/eigen3/Eigen/src/IterativeLinearSolvers/BiCGSTAB.h
[3.179s] -- Up-to-date: /home/locobot/Documents/kobuki/install/include/eigen3/Eigen/src/IterativeLinearSolvers/ConjugateGradient.h
[3.179s] -- Up-to-date: /home/locobot/Documents/kobuki/install/include/eigen3/Eigen/src/IterativeLinearSolvers/SolveWithGuess.h
[3.179s] -- Up-to-date: /home/locobot/Documents/kobuki/install/include/eigen3/Eigen/src/IterativeLinearSolvers/IncompleteCholesky.h
[3.179s] -- Up-to-date: /home/locobot/Documents/kobuki/install/include/eigen3/Eigen/src/IterativeLinearSolvers/IterativeSolverBase.h
[3.179s] -- Up-to-date: /home/locobot/Documents/kobuki/install/include/eigen3/Eigen/src/PaStiXSupport
[3.179s] -- Up-to-date: /home/locobot/Documents/kobuki/install/include/eigen3/Eigen/src/PaStiXSupport/PaStiXSupport.h
[3.180s] -- Up-to-date: /home/locobot/Documents/kobuki/install/include/eigen3/Eigen/src/Householder
[3.180s] -- Up-to-date: /home/locobot/Documents/kobuki/install/include/eigen3/Eigen/src/Householder/HouseholderSequence.h
[3.180s] -- Up-to-date: /home/locobot/Documents/kobuki/install/include/eigen3/Eigen/src/Householder/BlockHouseholder.h
[3.180s] -- Up-to-date: /home/locobot/Documents/kobuki/install/include/eigen3/Eigen/src/Householder/Householder.h
[3.180s] -- Up-to-date: /home/locobot/Documents/kobuki/install/include/eigen3/Eigen/src/Geometry
[3.180s] -- Up-to-date: /home/locobot/Documents/kobuki/install/include/eigen3/Eigen/src/Geometry/Scaling.h
[3.180s] -- Up-to-date: /home/locobot/Documents/kobuki/install/include/eigen3/Eigen/src/Geometry/AngleAxis.h
[3.185s] -- Up-to-date: /home/locobot/Documents/kobuki/install/include/eigen3/Eigen/src/Geometry/RotationBase.h
[3.191s] -- Up-to-date: /home/locobot/Documents/kobuki/install/include/eigen3/Eigen/src/Geometry/EulerAngles.h
[3.191s] -- Up-to-date: /home/locobot/Documents/kobuki/install/include/eigen3/Eigen/src/Geometry/Translation.h
[3.191s] -- Up-to-date: /home/locobot/Documents/kobuki/install/include/eigen3/Eigen/src/Geometry/Umeyama.h
[3.191s] -- Up-to-date: /home/locobot/Documents/kobuki/install/include/eigen3/Eigen/src/Geometry/arch
[3.191s] -- Up-to-date: /home/locobot/Documents/kobuki/install/include/eigen3/Eigen/src/Geometry/arch/Geometry_SSE.h
[3.192s] -- Up-to-date: /home/locobot/Documents/kobuki/install/include/eigen3/Eigen/src/Geometry/Hyperplane.h
[3.192s] -- Up-to-date: /home/locobot/Documents/kobuki/install/include/eigen3/Eigen/src/Geometry/Transform.h
[3.192s] -- Up-to-date: /home/locobot/Documents/kobuki/install/include/eigen3/Eigen/src/Geometry/Quaternion.h
[3.192s] -- Up-to-date: /home/locobot/Documents/kobuki/install/include/eigen3/Eigen/src/Geometry/Rotation2D.h
[3.192s] -- Up-to-date: /home/locobot/Documents/kobuki/install/include/eigen3/Eigen/src/Geometry/Homogeneous.h
[3.192s] -- Up-to-date: /home/locobot/Documents/kobuki/install/include/eigen3/Eigen/src/Geometry/ParametrizedLine.h
[3.193s] -- Up-to-date: /home/locobot/Documents/kobuki/install/include/eigen3/Eigen/src/Geometry/OrthoMethods.h
[3.193s] -- Up-to-date: /home/locobot/Documents/kobuki/install/include/eigen3/Eigen/src/Geometry/AlignedBox.h
[3.193s] -- Up-to-date: /home/locobot/Documents/kobuki/install/include/eigen3/Eigen/src/SparseCholesky
[3.193s] -- Up-to-date: /home/locobot/Documents/kobuki/install/include/eigen3/Eigen/src/SparseCholesky/SimplicialCholesky.h
[3.193s] -- Up-to-date: /home/locobot/Documents/kobuki/install/include/eigen3/Eigen/src/SparseCholesky/SimplicialCholesky_impl.h
[3.193s] -- Up-to-date: /home/locobot/Documents/kobuki/install/include/eigen3/Eigen/src/SPQRSupport
[3.197s] -- Up-to-date: /home/locobot/Documents/kobuki/install/include/eigen3/Eigen/src/SPQRSupport/SuiteSparseQRSupport.h
[3.200s] -- Up-to-date: /home/locobot/Documents/kobuki/install/include/eigen3/Eigen/src/SuperLUSupport
[3.200s] -- Up-to-date: /home/locobot/Documents/kobuki/install/include/eigen3/Eigen/src/SuperLUSupport/SuperLUSupport.h
[3.201s] -- Up-to-date: /home/locobot/Documents/kobuki/install/include/eigen3/Eigen/src/UmfPackSupport
[3.201s] -- Up-to-date: /home/locobot/Documents/kobuki/install/include/eigen3/Eigen/src/UmfPackSupport/UmfPackSupport.h
[3.208s] -- Up-to-date: /home/locobot/Documents/kobuki/install/include/eigen3/Eigen/src/LU
[3.208s] -- Up-to-date: /home/locobot/Documents/kobuki/install/include/eigen3/Eigen/src/LU/arch
[3.208s] -- Up-to-date: /home/locobot/Documents/kobuki/install/include/eigen3/Eigen/src/LU/arch/Inverse_SSE.h
[3.208s] -- Up-to-date: /home/locobot/Documents/kobuki/install/include/eigen3/Eigen/src/LU/InverseImpl.h
[3.208s] -- Up-to-date: /home/locobot/Documents/kobuki/install/include/eigen3/Eigen/src/LU/Determinant.h
[3.208s] -- Up-to-date: /home/locobot/Documents/kobuki/install/include/eigen3/Eigen/src/LU/PartialPivLU_LAPACKE.h
[3.208s] -- Up-to-date: /home/locobot/Documents/kobuki/install/include/eigen3/Eigen/src/LU/FullPivLU.h
[3.209s] -- Up-to-date: /home/locobot/Documents/kobuki/install/include/eigen3/Eigen/src/LU/PartialPivLU.h
[3.209s] -- Up-to-date: /home/locobot/Documents/kobuki/install/include/eigen3/Eigen/src/OrderingMethods
[3.209s] -- Up-to-date: /home/locobot/Documents/kobuki/install/include/eigen3/Eigen/src/OrderingMethods/Amd.h
[3.209s] -- Up-to-date: /home/locobot/Documents/kobuki/install/include/eigen3/Eigen/src/OrderingMethods/Ordering.h
[3.209s] -- Up-to-date: /home/locobot/Documents/kobuki/install/include/eigen3/Eigen/src/OrderingMethods/Eigen_Colamd.h
[3.209s] -- Up-to-date: /home/locobot/Documents/kobuki/install/include/eigen3/Eigen/src/SparseCore
[3.210s] -- Up-to-date: /home/locobot/Documents/kobuki/install/include/eigen3/Eigen/src/SparseCore/SparseBlock.h
[3.219s] -- Up-to-date: /home/locobot/Documents/kobuki/install/include/eigen3/Eigen/src/SparseCore/ConservativeSparseSparseProduct.h
[3.219s] -- Up-to-date: /home/locobot/Documents/kobuki/install/include/eigen3/Eigen/src/SparseCore/SparsePermutation.h
[3.219s] -- Up-to-date: /home/locobot/Documents/kobuki/install/include/eigen3/Eigen/src/SparseCore/SparseColEtree.h
[3.219s] -- Up-to-date: /home/locobot/Documents/kobuki/install/include/eigen3/Eigen/src/SparseCore/SparseRef.h
[3.219s] -- Up-to-date: /home/locobot/Documents/kobuki/install/include/eigen3/Eigen/src/SparseCore/SparseRedux.h
[3.220s] -- Up-to-date: /home/locobot/Documents/kobuki/install/include/eigen3/Eigen/src/SparseCore/SparseMatrixBase.h
[3.220s] -- Up-to-date: /home/locobot/Documents/kobuki/install/include/eigen3/Eigen/src/SparseCore/SparseFuzzy.h
[3.220s] -- Up-to-date: /home/locobot/Documents/kobuki/install/include/eigen3/Eigen/src/SparseCore/SparseCompressedBase.h
[3.220s] -- Up-to-date: /home/locobot/Documents/kobuki/install/include/eigen3/Eigen/src/SparseCore/SparseProduct.h
[3.220s] -- Up-to-date: /home/locobot/Documents/kobuki/install/include/eigen3/Eigen/src/SparseCore/SparseCwiseUnaryOp.h
[3.220s] -- Up-to-date: /home/locobot/Documents/kobuki/install/include/eigen3/Eigen/src/SparseCore/SparseSparseProductWithPruning.h
[3.221s] -- Up-to-date: /home/locobot/Documents/kobuki/install/include/eigen3/Eigen/src/SparseCore/SparseView.h
[3.221s] -- Up-to-date: /home/locobot/Documents/kobuki/install/include/eigen3/Eigen/src/SparseCore/SparseMatrix.h
[3.221s] -- Up-to-date: /home/locobot/Documents/kobuki/install/include/eigen3/Eigen/src/SparseCore/SparseDot.h
[3.221s] -- Up-to-date: /home/locobot/Documents/kobuki/install/include/eigen3/Eigen/src/SparseCore/SparseAssign.h
[3.222s] -- Up-to-date: /home/locobot/Documents/kobuki/install/include/eigen3/Eigen/src/SparseCore/SparseDenseProduct.h
[3.222s] -- Up-to-date: /home/locobot/Documents/kobuki/install/include/eigen3/Eigen/src/SparseCore/SparseMap.h
[3.222s] -- Up-to-date: /home/locobot/Documents/kobuki/install/include/eigen3/Eigen/src/SparseCore/SparseTriangularView.h
[3.222s] -- Up-to-date: /home/locobot/Documents/kobuki/install/include/eigen3/Eigen/src/SparseCore/SparseVector.h
[3.222s] -- Up-to-date: /home/locobot/Documents/kobuki/install/include/eigen3/Eigen/src/SparseCore/MappedSparseMatrix.h
[3.223s] -- Up-to-date: /home/locobot/Documents/kobuki/install/include/eigen3/Eigen/src/SparseCore/TriangularSolver.h
[3.223s] -- Up-to-date: /home/locobot/Documents/kobuki/install/include/eigen3/Eigen/src/SparseCore/SparseDiagonalProduct.h
[3.223s] -- Up-to-date: /home/locobot/Documents/kobuki/install/include/eigen3/Eigen/src/SparseCore/SparseSelfAdjointView.h
[3.223s] -- Up-to-date: /home/locobot/Documents/kobuki/install/include/eigen3/Eigen/src/SparseCore/SparseUtil.h
[3.224s] -- Up-to-date: /home/locobot/Documents/kobuki/install/include/eigen3/Eigen/src/SparseCore/CompressedStorage.h
[3.224s] -- Up-to-date: /home/locobot/Documents/kobuki/install/include/eigen3/Eigen/src/SparseCore/SparseSolverBase.h
[3.224s] -- Up-to-date: /home/locobot/Documents/kobuki/install/include/eigen3/Eigen/src/SparseCore/SparseCwiseBinaryOp.h
[3.224s] -- Up-to-date: /home/locobot/Documents/kobuki/install/include/eigen3/Eigen/src/SparseCore/SparseTranspose.h
[3.224s] -- Up-to-date: /home/locobot/Documents/kobuki/install/include/eigen3/Eigen/src/SparseCore/AmbiVector.h
[3.224s] -- Up-to-date: /home/locobot/Documents/kobuki/install/include/eigen3/Eigen/src/Core
[3.225s] -- Up-to-date: /home/locobot/Documents/kobuki/install/include/eigen3/Eigen/src/Core/Product.h
[3.225s] -- Up-to-date: /home/locobot/Documents/kobuki/install/include/eigen3/Eigen/src/Core/ArrayBase.h
[3.225s] -- Up-to-date: /home/locobot/Documents/kobuki/install/include/eigen3/Eigen/src/Core/ProductEvaluators.h
[3.225s] -- Up-to-date: /home/locobot/Documents/kobuki/install/include/eigen3/Eigen/src/Core/VectorwiseOp.h
[3.225s] -- Up-to-date: /home/locobot/Documents/kobuki/install/include/eigen3/Eigen/src/Core/Solve.h
[3.225s] -- Up-to-date: /home/locobot/Documents/kobuki/install/include/eigen3/Eigen/src/Core/CoreIterators.h
[3.225s] -- Up-to-date: /home/locobot/Documents/kobuki/install/include/eigen3/Eigen/src/Core/ReturnByValue.h
[3.226s] -- Up-to-date: /home/locobot/Documents/kobuki/install/include/eigen3/Eigen/src/Core/TriangularMatrix.h
[3.226s] -- Up-to-date: /home/locobot/Documents/kobuki/install/include/eigen3/Eigen/src/Core/PlainObjectBase.h
[3.226s] -- Up-to-date: /home/locobot/Documents/kobuki/install/include/eigen3/Eigen/src/Core/VectorBlock.h
[3.226s] -- Up-to-date: /home/locobot/Documents/kobuki/install/include/eigen3/Eigen/src/Core/Map.h
[3.226s] -- Up-to-date: /home/locobot/Documents/kobuki/install/include/eigen3/Eigen/src/Core/Assign.h
[3.226s] -- Up-to-date: /home/locobot/Documents/kobuki/install/include/eigen3/Eigen/src/Core/CwiseUnaryOp.h
[3.226s] -- Up-to-date: /home/locobot/Documents/kobuki/install/include/eigen3/Eigen/src/Core/Transpositions.h
[3.226s] -- Up-to-date: /home/locobot/Documents/kobuki/install/include/eigen3/Eigen/src/Core/Matrix.h
[3.227s] -- Up-to-date: /home/locobot/Documents/kobuki/install/include/eigen3/Eigen/src/Core/DiagonalMatrix.h
[3.227s] -- Up-to-date: /home/locobot/Documents/kobuki/install/include/eigen3/Eigen/src/Core/Dot.h
[3.227s] -- Up-to-date: /home/locobot/Documents/kobuki/install/include/eigen3/Eigen/src/Core/Swap.h
[3.227s] -- Up-to-date: /home/locobot/Documents/kobuki/install/include/eigen3/Eigen/src/Core/Visitor.h
[3.227s] -- Up-to-date: /home/locobot/Documents/kobuki/install/include/eigen3/Eigen/src/Core/StableNorm.h
[3.227s] -- Up-to-date: /home/locobot/Documents/kobuki/install/include/eigen3/Eigen/src/Core/BandMatrix.h
[3.227s] -- Up-to-date: /home/locobot/Documents/kobuki/install/include/eigen3/Eigen/src/Core/Stride.h
[3.227s] -- Up-to-date: /home/locobot/Documents/kobuki/install/include/eigen3/Eigen/src/Core/GeneralProduct.h
[3.227s] -- Up-to-date: /home/locobot/Documents/kobuki/install/include/eigen3/Eigen/src/Core/DenseStorage.h
[3.228s] -- Up-to-date: /home/locobot/Documents/kobuki/install/include/eigen3/Eigen/src/Core/MathFunctions.h
[3.228s] -- Up-to-date: /home/locobot/Documents/kobuki/install/include/eigen3/Eigen/src/Core/Random.h
[3.228s] -- Up-to-date: /home/locobot/Documents/kobuki/install/include/eigen3/Eigen/src/Core/NumTraits.h
[3.228s] -- Up-to-date: /home/locobot/Documents/kobuki/install/include/eigen3/Eigen/src/Core/MatrixBase.h
[3.228s] -- Up-to-date: /home/locobot/Documents/kobuki/install/include/eigen3/Eigen/src/Core/EigenBase.h
[3.228s] -- Up-to-date: /home/locobot/Documents/kobuki/install/include/eigen3/Eigen/src/Core/ForceAlignedAccess.h
[3.228s] -- Up-to-date: /home/locobot/Documents/kobuki/install/include/eigen3/Eigen/src/Core/MathFunctionsImpl.h
[3.228s] -- Up-to-date: /home/locobot/Documents/kobuki/install/include/eigen3/Eigen/src/Core/ConditionEstimator.h
[3.228s] -- Up-to-date: /home/locobot/Documents/kobuki/install/include/eigen3/Eigen/src/Core/Transpose.h
[3.229s] -- Up-to-date: /home/locobot/Documents/kobuki/install/include/eigen3/Eigen/src/Core/arch
[3.229s] -- Up-to-date: /home/locobot/Documents/kobuki/install/include/eigen3/Eigen/src/Core/arch/AVX512
[3.229s] -- Up-to-date: /home/locobot/Documents/kobuki/install/include/eigen3/Eigen/src/Core/arch/AVX512/MathFunctions.h
[3.229s] -- Up-to-date: /home/locobot/Documents/kobuki/install/include/eigen3/Eigen/src/Core/arch/AVX512/PacketMath.h
[3.229s] -- Up-to-date: /home/locobot/Documents/kobuki/install/include/eigen3/Eigen/src/Core/arch/Default
[3.229s] -- Up-to-date: /home/locobot/Documents/kobuki/install/include/eigen3/Eigen/src/Core/arch/Default/GenericPacketMathFunctions.h
[3.230s] -- Up-to-date: /home/locobot/Documents/kobuki/install/include/eigen3/Eigen/src/Core/arch/Default/Settings.h
[3.230s] -- Up-to-date: /home/locobot/Documents/kobuki/install/include/eigen3/Eigen/src/Core/arch/Default/ConjHelper.h
[3.230s] -- Up-to-date: /home/locobot/Documents/kobuki/install/include/eigen3/Eigen/src/Core/arch/ZVector
[3.230s] -- Up-to-date: /home/locobot/Documents/kobuki/install/include/eigen3/Eigen/src/Core/arch/ZVector/Complex.h
[3.230s] -- Up-to-date: /home/locobot/Documents/kobuki/install/include/eigen3/Eigen/src/Core/arch/ZVector/MathFunctions.h
[3.230s] -- Up-to-date: /home/locobot/Documents/kobuki/install/include/eigen3/Eigen/src/Core/arch/ZVector/PacketMath.h
[3.230s] -- Up-to-date: /home/locobot/Documents/kobuki/install/include/eigen3/Eigen/src/Core/arch/CUDA
[3.230s] -- Up-to-date: /home/locobot/Documents/kobuki/install/include/eigen3/Eigen/src/Core/arch/CUDA/TypeCasting.h
[3.231s] -- Up-to-date: /home/locobot/Documents/kobuki/install/include/eigen3/Eigen/src/Core/arch/CUDA/PacketMathHalf.h
[3.231s] -- Up-to-date: /home/locobot/Documents/kobuki/install/include/eigen3/Eigen/src/Core/arch/CUDA/Complex.h
[3.231s] -- Up-to-date: /home/locobot/Documents/kobuki/install/include/eigen3/Eigen/src/Core/arch/CUDA/MathFunctions.h
[3.231s] -- Up-to-date: /home/locobot/Documents/kobuki/install/include/eigen3/Eigen/src/Core/arch/CUDA/Half.h
[3.231s] -- Up-to-date: /home/locobot/Documents/kobuki/install/include/eigen3/Eigen/src/Core/arch/CUDA/PacketMath.h
[3.232s] -- Up-to-date: /home/locobot/Documents/kobuki/install/include/eigen3/Eigen/src/Core/arch/AltiVec
[3.232s] -- Up-to-date: /home/locobot/Documents/kobuki/install/include/eigen3/Eigen/src/Core/arch/AltiVec/Complex.h
[3.232s] -- Up-to-date: /home/locobot/Documents/kobuki/install/include/eigen3/Eigen/src/Core/arch/AltiVec/MathFunctions.h
[3.232s] -- Up-to-date: /home/locobot/Documents/kobuki/install/include/eigen3/Eigen/src/Core/arch/AltiVec/PacketMath.h
[3.232s] -- Up-to-date: /home/locobot/Documents/kobuki/install/include/eigen3/Eigen/src/Core/arch/AVX
[3.232s] -- Up-to-date: /home/locobot/Documents/kobuki/install/include/eigen3/Eigen/src/Core/arch/AVX/TypeCasting.h
[3.232s] -- Up-to-date: /home/locobot/Documents/kobuki/install/include/eigen3/Eigen/src/Core/arch/AVX/Complex.h
[3.232s] -- Up-to-date: /home/locobot/Documents/kobuki/install/include/eigen3/Eigen/src/Core/arch/AVX/MathFunctions.h
[3.232s] -- Up-to-date: /home/locobot/Documents/kobuki/install/include/eigen3/Eigen/src/Core/arch/AVX/PacketMath.h
[3.233s] -- Up-to-date: /home/locobot/Documents/kobuki/install/include/eigen3/Eigen/src/Core/arch/SSE
[3.233s] -- Up-to-date: /home/locobot/Documents/kobuki/install/include/eigen3/Eigen/src/Core/arch/SSE/TypeCasting.h
[3.233s] -- Up-to-date: /home/locobot/Documents/kobuki/install/include/eigen3/Eigen/src/Core/arch/SSE/Complex.h
[3.233s] -- Up-to-date: /home/locobot/Documents/kobuki/install/include/eigen3/Eigen/src/Core/arch/SSE/MathFunctions.h
[3.233s] -- Up-to-date: /home/locobot/Documents/kobuki/install/include/eigen3/Eigen/src/Core/arch/SSE/PacketMath.h
[3.234s] -- Up-to-date: /home/locobot/Documents/kobuki/install/include/eigen3/Eigen/src/Core/arch/NEON
[3.234s] -- Up-to-date: /home/locobot/Documents/kobuki/install/include/eigen3/Eigen/src/Core/arch/NEON/Complex.h
[3.234s] -- Up-to-date: /home/locobot/Documents/kobuki/install/include/eigen3/Eigen/src/Core/arch/NEON/MathFunctions.h
[3.234s] -- Up-to-date: /home/locobot/Documents/kobuki/install/include/eigen3/Eigen/src/Core/arch/NEON/PacketMath.h
[3.234s] -- Up-to-date: /home/locobot/Documents/kobuki/install/include/eigen3/Eigen/src/Core/CwiseTernaryOp.h
[3.235s] -- Up-to-date: /home/locobot/Documents/kobuki/install/include/eigen3/Eigen/src/Core/Ref.h
[3.235s] -- Up-to-date: /home/locobot/Documents/kobuki/install/include/eigen3/Eigen/src/Core/DiagonalProduct.h
[3.235s] -- Up-to-date: /home/locobot/Documents/kobuki/install/include/eigen3/Eigen/src/Core/AssignEvaluator.h
[3.235s] -- Up-to-date: /home/locobot/Documents/kobuki/install/include/eigen3/Eigen/src/Core/IO.h
[3.235s] -- Up-to-date: /home/locobot/Documents/kobuki/install/include/eigen3/Eigen/src/Core/SolveTriangular.h
[3.235s] -- Up-to-date: /home/locobot/Documents/kobuki/install/include/eigen3/Eigen/src/Core/NoAlias.h
[3.235s] -- Up-to-date: /home/locobot/Documents/kobuki/install/include/eigen3/Eigen/src/Core/SelfCwiseBinaryOp.h
[3.236s] -- Up-to-date: /home/locobot/Documents/kobuki/install/include/eigen3/Eigen/src/Core/DenseBase.h
[3.236s] -- Up-to-date: /home/locobot/Documents/kobuki/install/include/eigen3/Eigen/src/Core/Fuzzy.h
[3.236s] -- Up-to-date: /home/locobot/Documents/kobuki/install/include/eigen3/Eigen/src/Core/MapBase.h
[3.236s] -- Up-to-date: /home/locobot/Documents/kobuki/install/include/eigen3/Eigen/src/Core/DenseCoeffsBase.h
[3.236s] -- Up-to-date: /home/locobot/Documents/kobuki/install/include/eigen3/Eigen/src/Core/GlobalFunctions.h
[3.236s] -- Up-to-date: /home/locobot/Documents/kobuki/install/include/eigen3/Eigen/src/Core/NestByValue.h
[3.236s] -- Up-to-date: /home/locobot/Documents/kobuki/install/include/eigen3/Eigen/src/Core/util
[3.236s] -- Up-to-date: /home/locobot/Documents/kobuki/install/include/eigen3/Eigen/src/Core/util/BlasUtil.h
[3.237s] -- Up-to-date: /home/locobot/Documents/kobuki/install/include/eigen3/Eigen/src/Core/util/Macros.h
[3.237s] -- Up-to-date: /home/locobot/Documents/kobuki/install/include/eigen3/Eigen/src/Core/util/Constants.h
[3.237s] -- Up-to-date: /home/locobot/Documents/kobuki/install/include/eigen3/Eigen/src/Core/util/Memory.h
[3.237s] -- Up-to-date: /home/locobot/Documents/kobuki/install/include/eigen3/Eigen/src/Core/util/Meta.h
[3.237s] -- Up-to-date: /home/locobot/Documents/kobuki/install/include/eigen3/Eigen/src/Core/util/ConfigureVectorization.h
[3.238s] -- Up-to-date: /home/locobot/Documents/kobuki/install/include/eigen3/Eigen/src/Core/util/MKL_support.h
[3.238s] -- Up-to-date: /home/locobot/Documents/kobuki/install/include/eigen3/Eigen/src/Core/util/ForwardDeclarations.h
[3.238s] -- Up-to-date: /home/locobot/Documents/kobuki/install/include/eigen3/Eigen/src/Core/util/ReenableStupidWarnings.h
[3.238s] -- Up-to-date: /home/locobot/Documents/kobuki/install/include/eigen3/Eigen/src/Core/util/DisableStupidWarnings.h
[3.238s] -- Up-to-date: /home/locobot/Documents/kobuki/install/include/eigen3/Eigen/src/Core/util/StaticAssert.h
[3.238s] -- Up-to-date: /home/locobot/Documents/kobuki/install/include/eigen3/Eigen/src/Core/util/NonMPL2.h
[3.238s] -- Up-to-date: /home/locobot/Documents/kobuki/install/include/eigen3/Eigen/src/Core/util/XprHelper.h
[3.239s] -- Up-to-date: /home/locobot/Documents/kobuki/install/include/eigen3/Eigen/src/Core/Replicate.h
[3.239s] -- Up-to-date: /home/locobot/Documents/kobuki/install/include/eigen3/Eigen/src/Core/CwiseBinaryOp.h
[3.239s] -- Up-to-date: /home/locobot/Documents/kobuki/install/include/eigen3/Eigen/src/Core/CwiseUnaryView.h
[3.239s] -- Up-to-date: /home/locobot/Documents/kobuki/install/include/eigen3/Eigen/src/Core/Block.h
[3.240s] -- Up-to-date: /home/locobot/Documents/kobuki/install/include/eigen3/Eigen/src/Core/CommaInitializer.h
[3.240s] -- Up-to-date: /home/locobot/Documents/kobuki/install/include/eigen3/Eigen/src/Core/Diagonal.h
[3.240s] -- Up-to-date: /home/locobot/Documents/kobuki/install/include/eigen3/Eigen/src/Core/Select.h
[3.240s] -- Up-to-date: /home/locobot/Documents/kobuki/install/include/eigen3/Eigen/src/Core/Redux.h
[3.240s] -- Up-to-date: /home/locobot/Documents/kobuki/install/include/eigen3/Eigen/src/Core/products
[3.240s] -- Up-to-date: /home/locobot/Documents/kobuki/install/include/eigen3/Eigen/src/Core/products/TriangularSolverVector.h
[3.241s] -- Up-to-date: /home/locobot/Documents/kobuki/install/include/eigen3/Eigen/src/Core/products/SelfadjointRank2Update.h
[3.241s] -- Up-to-date: /home/locobot/Documents/kobuki/install/include/eigen3/Eigen/src/Core/products/TriangularSolverMatrix_BLAS.h
[3.241s] -- Up-to-date: /home/locobot/Documents/kobuki/install/include/eigen3/Eigen/src/Core/products/TriangularMatrixMatrix_BLAS.h
[3.242s] -- Up-to-date: /home/locobot/Documents/kobuki/install/include/eigen3/Eigen/src/Core/products/SelfadjointMatrixMatrix.h
[3.242s] -- Up-to-date: /home/locobot/Documents/kobuki/install/include/eigen3/Eigen/src/Core/products/GeneralMatrixVector_BLAS.h
[3.242s] -- Up-to-date: /home/locobot/Documents/kobuki/install/include/eigen3/Eigen/src/Core/products/GeneralBlockPanelKernel.h
[3.242s] -- Up-to-date: /home/locobot/Documents/kobuki/install/include/eigen3/Eigen/src/Core/products/SelfadjointMatrixMatrix_BLAS.h
[3.243s] -- Up-to-date: /home/locobot/Documents/kobuki/install/include/eigen3/Eigen/src/Core/products/SelfadjointMatrixVector_BLAS.h
[3.243s] -- Up-to-date: /home/locobot/Documents/kobuki/install/include/eigen3/Eigen/src/Core/products/SelfadjointProduct.h
[3.243s] -- Up-to-date: /home/locobot/Documents/kobuki/install/include/eigen3/Eigen/src/Core/products/SelfadjointMatrixVector.h
[3.243s] -- Up-to-date: /home/locobot/Documents/kobuki/install/include/eigen3/Eigen/src/Core/products/GeneralMatrixVector.h
[3.243s] -- Up-to-date: /home/locobot/Documents/kobuki/install/include/eigen3/Eigen/src/Core/products/TriangularMatrixMatrix.h
[3.243s] -- Up-to-date: /home/locobot/Documents/kobuki/install/include/eigen3/Eigen/src/Core/products/TriangularMatrixVector.h
[3.243s] -- Up-to-date: /home/locobot/Documents/kobuki/install/include/eigen3/Eigen/src/Core/products/TriangularMatrixVector_BLAS.h
[3.244s] -- Up-to-date: /home/locobot/Documents/kobuki/install/include/eigen3/Eigen/src/Core/products/TriangularSolverMatrix.h
[3.244s] -- Up-to-date: /home/locobot/Documents/kobuki/install/include/eigen3/Eigen/src/Core/products/Parallelizer.h
[3.244s] -- Up-to-date: /home/locobot/Documents/kobuki/install/include/eigen3/Eigen/src/Core/products/GeneralMatrixMatrix.h
[3.244s] -- Up-to-date: /home/locobot/Documents/kobuki/install/include/eigen3/Eigen/src/Core/products/GeneralMatrixMatrixTriangular.h
[3.244s] -- Up-to-date: /home/locobot/Documents/kobuki/install/include/eigen3/Eigen/src/Core/products/GeneralMatrixMatrix_BLAS.h
[3.244s] -- Up-to-date: /home/locobot/Documents/kobuki/install/include/eigen3/Eigen/src/Core/products/GeneralMatrixMatrixTriangular_BLAS.h
[3.244s] -- Up-to-date: /home/locobot/Documents/kobuki/install/include/eigen3/Eigen/src/Core/GenericPacketMath.h
[3.245s] -- Up-to-date: /home/locobot/Documents/kobuki/install/include/eigen3/Eigen/src/Core/CoreEvaluators.h
[3.245s] -- Up-to-date: /home/locobot/Documents/kobuki/install/include/eigen3/Eigen/src/Core/ArrayWrapper.h
[3.245s] -- Up-to-date: /home/locobot/Documents/kobuki/install/include/eigen3/Eigen/src/Core/SelfAdjointView.h
[3.245s] -- Up-to-date: /home/locobot/Documents/kobuki/install/include/eigen3/Eigen/src/Core/Reverse.h
[3.245s] -- Up-to-date: /home/locobot/Documents/kobuki/install/include/eigen3/Eigen/src/Core/SolverBase.h
[3.245s] -- Up-to-date: /home/locobot/Documents/kobuki/install/include/eigen3/Eigen/src/Core/Array.h
[3.245s] -- Up-to-date: /home/locobot/Documents/kobuki/install/include/eigen3/Eigen/src/Core/PermutationMatrix.h
[3.246s] -- Up-to-date: /home/locobot/Documents/kobuki/install/include/eigen3/Eigen/src/Core/functors
[3.246s] -- Up-to-date: /home/locobot/Documents/kobuki/install/include/eigen3/Eigen/src/Core/functors/BinaryFunctors.h
[3.247s] -- Up-to-date: /home/locobot/Documents/kobuki/install/include/eigen3/Eigen/src/Core/functors/UnaryFunctors.h
[3.247s] -- Up-to-date: /home/locobot/Documents/kobuki/install/include/eigen3/Eigen/src/Core/functors/TernaryFunctors.h
[3.247s] -- Up-to-date: /home/locobot/Documents/kobuki/install/include/eigen3/Eigen/src/Core/functors/StlFunctors.h
[3.247s] -- Up-to-date: /home/locobot/Documents/kobuki/install/include/eigen3/Eigen/src/Core/functors/NullaryFunctors.h
[3.247s] -- Up-to-date: /home/locobot/Documents/kobuki/install/include/eigen3/Eigen/src/Core/functors/AssignmentFunctors.h
[3.247s] -- Up-to-date: /home/locobot/Documents/kobuki/install/include/eigen3/Eigen/src/Core/Assign_MKL.h
[3.247s] -- Up-to-date: /home/locobot/Documents/kobuki/install/include/eigen3/Eigen/src/Core/Inverse.h
[3.248s] -- Up-to-date: /home/locobot/Documents/kobuki/install/include/eigen3/Eigen/src/Core/BooleanRedux.h
[3.248s] -- Up-to-date: /home/locobot/Documents/kobuki/install/include/eigen3/Eigen/src/Core/CwiseNullaryOp.h
[3.248s] -- Up-to-date: /home/locobot/Documents/kobuki/install/include/eigen3/unsupported/Eigen/AdolcForward
[3.248s] -- Up-to-date: /home/locobot/Documents/kobuki/install/include/eigen3/unsupported/Eigen/AlignedVector3
[3.248s] -- Up-to-date: /home/locobot/Documents/kobuki/install/include/eigen3/unsupported/Eigen/ArpackSupport
[3.248s] -- Up-to-date: /home/locobot/Documents/kobuki/install/include/eigen3/unsupported/Eigen/AutoDiff
[3.248s] -- Up-to-date: /home/locobot/Documents/kobuki/install/include/eigen3/unsupported/Eigen/BVH
[3.250s] -- Up-to-date: /home/locobot/Documents/kobuki/install/include/eigen3/unsupported/Eigen/EulerAngles
[3.250s] -- Up-to-date: /home/locobot/Documents/kobuki/install/include/eigen3/unsupported/Eigen/FFT
[3.250s] -- Up-to-date: /home/locobot/Documents/kobuki/install/include/eigen3/unsupported/Eigen/IterativeSolvers
[3.250s] -- Up-to-date: /home/locobot/Documents/kobuki/install/include/eigen3/unsupported/Eigen/KroneckerProduct
[3.251s] -- Up-to-date: /home/locobot/Documents/kobuki/install/include/eigen3/unsupported/Eigen/LevenbergMarquardt
[3.251s] -- Up-to-date: /home/locobot/Documents/kobuki/install/include/eigen3/unsupported/Eigen/MatrixFunctions
[3.251s] -- Up-to-date: /home/locobot/Documents/kobuki/install/include/eigen3/unsupported/Eigen/MoreVectorization
[3.251s] -- Up-to-date: /home/locobot/Documents/kobuki/install/include/eigen3/unsupported/Eigen/MPRealSupport
[3.251s] -- Up-to-date: /home/locobot/Documents/kobuki/install/include/eigen3/unsupported/Eigen/NonLinearOptimization
[3.251s] -- Up-to-date: /home/locobot/Documents/kobuki/install/include/eigen3/unsupported/Eigen/NumericalDiff
[3.251s] -- Up-to-date: /home/locobot/Documents/kobuki/install/include/eigen3/unsupported/Eigen/OpenGLSupport
[3.252s] -- Up-to-date: /home/locobot/Documents/kobuki/install/include/eigen3/unsupported/Eigen/Polynomials
[3.252s] -- Up-to-date: /home/locobot/Documents/kobuki/install/include/eigen3/unsupported/Eigen/Skyline
[3.252s] -- Up-to-date: /home/locobot/Documents/kobuki/install/include/eigen3/unsupported/Eigen/SparseExtra
[3.252s] -- Up-to-date: /home/locobot/Documents/kobuki/install/include/eigen3/unsupported/Eigen/SpecialFunctions
[3.252s] -- Up-to-date: /home/locobot/Documents/kobuki/install/include/eigen3/unsupported/Eigen/Splines
[3.252s] -- Up-to-date: /home/locobot/Documents/kobuki/install/include/eigen3/unsupported/Eigen/src
[3.260s] -- Up-to-date: /home/locobot/Documents/kobuki/install/include/eigen3/unsupported/Eigen/src/BVH
[3.260s] -- Up-to-date: /home/locobot/Documents/kobuki/install/include/eigen3/unsupported/Eigen/src/BVH/KdBVH.h
[3.260s] -- Up-to-date: /home/locobot/Documents/kobuki/install/include/eigen3/unsupported/Eigen/src/BVH/BVAlgorithms.h
[3.260s] -- Up-to-date: /home/locobot/Documents/kobuki/install/include/eigen3/unsupported/Eigen/src/Polynomials
[3.260s] -- Up-to-date: /home/locobot/Documents/kobuki/install/include/eigen3/unsupported/Eigen/src/Polynomials/PolynomialSolver.h
[3.260s] -- Up-to-date: /home/locobot/Documents/kobuki/install/include/eigen3/unsupported/Eigen/src/Polynomials/Companion.h
[3.260s] -- Up-to-date: /home/locobot/Documents/kobuki/install/include/eigen3/unsupported/Eigen/src/Polynomials/PolynomialUtils.h
[3.261s] -- Up-to-date: /home/locobot/Documents/kobuki/install/include/eigen3/unsupported/Eigen/src/FFT
[3.261s] -- Up-to-date: /home/locobot/Documents/kobuki/install/include/eigen3/unsupported/Eigen/src/FFT/ei_kissfft_impl.h
[3.261s] -- Up-to-date: /home/locobot/Documents/kobuki/install/include/eigen3/unsupported/Eigen/src/FFT/ei_fftw_impl.h
[3.261s] -- Up-to-date: /home/locobot/Documents/kobuki/install/include/eigen3/unsupported/Eigen/src/Eigenvalues
[3.261s] -- Up-to-date: /home/locobot/Documents/kobuki/install/include/eigen3/unsupported/Eigen/src/Eigenvalues/ArpackSelfAdjointEigenSolver.h
[3.261s] -- Up-to-date: /home/locobot/Documents/kobuki/install/include/eigen3/unsupported/Eigen/src/AutoDiff
[3.261s] -- Up-to-date: /home/locobot/Documents/kobuki/install/include/eigen3/unsupported/Eigen/src/AutoDiff/AutoDiffScalar.h
[3.261s] -- Up-to-date: /home/locobot/Documents/kobuki/install/include/eigen3/unsupported/Eigen/src/AutoDiff/AutoDiffVector.h
[3.262s] -- Up-to-date: /home/locobot/Documents/kobuki/install/include/eigen3/unsupported/Eigen/src/AutoDiff/AutoDiffJacobian.h
[3.262s] -- Up-to-date: /home/locobot/Documents/kobuki/install/include/eigen3/unsupported/Eigen/src/MatrixFunctions
[3.262s] -- Up-to-date: /home/locobot/Documents/kobuki/install/include/eigen3/unsupported/Eigen/src/MatrixFunctions/MatrixExponential.h
[3.262s] -- Up-to-date: /home/locobot/Documents/kobuki/install/include/eigen3/unsupported/Eigen/src/MatrixFunctions/MatrixFunction.h
[3.262s] -- Up-to-date: /home/locobot/Documents/kobuki/install/include/eigen3/unsupported/Eigen/src/MatrixFunctions/StemFunction.h
[3.262s] -- Up-to-date: /home/locobot/Documents/kobuki/install/include/eigen3/unsupported/Eigen/src/MatrixFunctions/MatrixLogarithm.h
[3.262s] -- Up-to-date: /home/locobot/Documents/kobuki/install/include/eigen3/unsupported/Eigen/src/MatrixFunctions/MatrixSquareRoot.h
[3.262s] -- Up-to-date: /home/locobot/Documents/kobuki/install/include/eigen3/unsupported/Eigen/src/MatrixFunctions/MatrixPower.h
[3.262s] -- Up-to-date: /home/locobot/Documents/kobuki/install/include/eigen3/unsupported/Eigen/src/IterativeSolvers
[3.263s] -- Up-to-date: /home/locobot/Documents/kobuki/install/include/eigen3/unsupported/Eigen/src/IterativeSolvers/DGMRES.h
[3.263s] -- Up-to-date: /home/locobot/Documents/kobuki/install/include/eigen3/unsupported/Eigen/src/IterativeSolvers/Scaling.h
[3.263s] -- Up-to-date: /home/locobot/Documents/kobuki/install/include/eigen3/unsupported/Eigen/src/IterativeSolvers/MINRES.h
[3.263s] -- Up-to-date: /home/locobot/Documents/kobuki/install/include/eigen3/unsupported/Eigen/src/IterativeSolvers/ConstrainedConjGrad.h
[3.263s] -- Up-to-date: /home/locobot/Documents/kobuki/install/include/eigen3/unsupported/Eigen/src/IterativeSolvers/IncompleteLU.h
[3.263s] -- Up-to-date: /home/locobot/Documents/kobuki/install/include/eigen3/unsupported/Eigen/src/IterativeSolvers/IterationController.h
[3.263s] -- Up-to-date: /home/locobot/Documents/kobuki/install/include/eigen3/unsupported/Eigen/src/IterativeSolvers/GMRES.h
[3.263s] -- Up-to-date: /home/locobot/Documents/kobuki/install/include/eigen3/unsupported/Eigen/src/Splines
[3.263s] -- Up-to-date: /home/locobot/Documents/kobuki/install/include/eigen3/unsupported/Eigen/src/Splines/SplineFitting.h
[3.264s] -- Up-to-date: /home/locobot/Documents/kobuki/install/include/eigen3/unsupported/Eigen/src/Splines/SplineFwd.h
[3.264s] -- Up-to-date: /home/locobot/Documents/kobuki/install/include/eigen3/unsupported/Eigen/src/Splines/Spline.h
[3.264s] -- Up-to-date: /home/locobot/Documents/kobuki/install/include/eigen3/unsupported/Eigen/src/LevenbergMarquardt
[3.264s] -- Up-to-date: /home/locobot/Documents/kobuki/install/include/eigen3/unsupported/Eigen/src/LevenbergMarquardt/LMpar.h
[3.264s] -- Up-to-date: /home/locobot/Documents/kobuki/install/include/eigen3/unsupported/Eigen/src/LevenbergMarquardt/LevenbergMarquardt.h
[3.264s] -- Up-to-date: /home/locobot/Documents/kobuki/install/include/eigen3/unsupported/Eigen/src/LevenbergMarquardt/LMcovar.h
[3.264s] -- Up-to-date: /home/locobot/Documents/kobuki/install/include/eigen3/unsupported/Eigen/src/LevenbergMarquardt/LMonestep.h
[3.264s] -- Up-to-date: /home/locobot/Documents/kobuki/install/include/eigen3/unsupported/Eigen/src/LevenbergMarquardt/LMqrsolv.h
[3.264s] -- Up-to-date: /home/locobot/Documents/kobuki/install/include/eigen3/unsupported/Eigen/src/NumericalDiff
[3.265s] -- Up-to-date: /home/locobot/Documents/kobuki/install/include/eigen3/unsupported/Eigen/src/NumericalDiff/NumericalDiff.h
[3.265s] -- Up-to-date: /home/locobot/Documents/kobuki/install/include/eigen3/unsupported/Eigen/src/MoreVectorization
[3.265s] -- Up-to-date: /home/locobot/Documents/kobuki/install/include/eigen3/unsupported/Eigen/src/MoreVectorization/MathFunctions.h
[3.265s] -- Up-to-date: /home/locobot/Documents/kobuki/install/include/eigen3/unsupported/Eigen/src/NonLinearOptimization
[3.265s] -- Up-to-date: /home/locobot/Documents/kobuki/install/include/eigen3/unsupported/Eigen/src/NonLinearOptimization/HybridNonLinearSolver.h
[3.265s] -- Up-to-date: /home/locobot/Documents/kobuki/install/include/eigen3/unsupported/Eigen/src/NonLinearOptimization/rwupdt.h
[3.265s] -- Up-to-date: /home/locobot/Documents/kobuki/install/include/eigen3/unsupported/Eigen/src/NonLinearOptimization/LevenbergMarquardt.h
[3.266s] -- Up-to-date: /home/locobot/Documents/kobuki/install/include/eigen3/unsupported/Eigen/src/NonLinearOptimization/fdjac1.h
[3.266s] -- Up-to-date: /home/locobot/Documents/kobuki/install/include/eigen3/unsupported/Eigen/src/NonLinearOptimization/covar.h
[3.266s] -- Up-to-date: /home/locobot/Documents/kobuki/install/include/eigen3/unsupported/Eigen/src/NonLinearOptimization/dogleg.h
[3.266s] -- Up-to-date: /home/locobot/Documents/kobuki/install/include/eigen3/unsupported/Eigen/src/NonLinearOptimization/chkder.h
[3.266s] -- Up-to-date: /home/locobot/Documents/kobuki/install/include/eigen3/unsupported/Eigen/src/NonLinearOptimization/r1mpyq.h
[3.266s] -- Up-to-date: /home/locobot/Documents/kobuki/install/include/eigen3/unsupported/Eigen/src/NonLinearOptimization/lmpar.h
[3.267s] -- Up-to-date: /home/locobot/Documents/kobuki/install/include/eigen3/unsupported/Eigen/src/NonLinearOptimization/qrsolv.h
[3.267s] -- Up-to-date: /home/locobot/Documents/kobuki/install/include/eigen3/unsupported/Eigen/src/NonLinearOptimization/r1updt.h
[3.267s] -- Up-to-date: /home/locobot/Documents/kobuki/install/include/eigen3/unsupported/Eigen/src/Skyline
[3.267s] -- Up-to-date: /home/locobot/Documents/kobuki/install/include/eigen3/unsupported/Eigen/src/Skyline/SkylineStorage.h
[3.267s] -- Up-to-date: /home/locobot/Documents/kobuki/install/include/eigen3/unsupported/Eigen/src/Skyline/SkylineInplaceLU.h
[3.267s] -- Up-to-date: /home/locobot/Documents/kobuki/install/include/eigen3/unsupported/Eigen/src/Skyline/SkylineProduct.h
[3.267s] -- Up-to-date: /home/locobot/Documents/kobuki/install/include/eigen3/unsupported/Eigen/src/Skyline/SkylineMatrix.h
[3.267s] -- Up-to-date: /home/locobot/Documents/kobuki/install/include/eigen3/unsupported/Eigen/src/Skyline/SkylineMatrixBase.h
[3.267s] -- Up-to-date: /home/locobot/Documents/kobuki/install/include/eigen3/unsupported/Eigen/src/Skyline/SkylineUtil.h
[3.268s] -- Up-to-date: /home/locobot/Documents/kobuki/install/include/eigen3/unsupported/Eigen/src/KroneckerProduct
[3.268s] -- Up-to-date: /home/locobot/Documents/kobuki/install/include/eigen3/unsupported/Eigen/src/KroneckerProduct/KroneckerTensorProduct.h
[3.268s] -- Up-to-date: /home/locobot/Documents/kobuki/install/include/eigen3/unsupported/Eigen/src/SpecialFunctions
[3.268s] -- Up-to-date: /home/locobot/Documents/kobuki/install/include/eigen3/unsupported/Eigen/src/SpecialFunctions/SpecialFunctionsArrayAPI.h
[3.268s] -- Up-to-date: /home/locobot/Documents/kobuki/install/include/eigen3/unsupported/Eigen/src/SpecialFunctions/SpecialFunctionsImpl.h
[3.268s] -- Up-to-date: /home/locobot/Documents/kobuki/install/include/eigen3/unsupported/Eigen/src/SpecialFunctions/SpecialFunctionsFunctors.h
[3.268s] -- Up-to-date: /home/locobot/Documents/kobuki/install/include/eigen3/unsupported/Eigen/src/SpecialFunctions/arch
[3.268s] -- Up-to-date: /home/locobot/Documents/kobuki/install/include/eigen3/unsupported/Eigen/src/SpecialFunctions/arch/CUDA
[3.268s] -- Up-to-date: /home/locobot/Documents/kobuki/install/include/eigen3/unsupported/Eigen/src/SpecialFunctions/arch/CUDA/CudaSpecialFunctions.h
[3.269s] -- Up-to-date: /home/locobot/Documents/kobuki/install/include/eigen3/unsupported/Eigen/src/SpecialFunctions/SpecialFunctionsHalf.h
[3.270s] -- Up-to-date: /home/locobot/Documents/kobuki/install/include/eigen3/unsupported/Eigen/src/SpecialFunctions/SpecialFunctionsPacketMath.h
[3.270s] -- Up-to-date: /home/locobot/Documents/kobuki/install/include/eigen3/unsupported/Eigen/src/EulerAngles
[3.270s] -- Up-to-date: /home/locobot/Documents/kobuki/install/include/eigen3/unsupported/Eigen/src/EulerAngles/EulerSystem.h
[3.270s] -- Up-to-date: /home/locobot/Documents/kobuki/install/include/eigen3/unsupported/Eigen/src/EulerAngles/EulerAngles.h
[3.271s] -- Up-to-date: /home/locobot/Documents/kobuki/install/include/eigen3/unsupported/Eigen/src/SparseExtra
[3.271s] -- Up-to-date: /home/locobot/Documents/kobuki/install/include/eigen3/unsupported/Eigen/src/SparseExtra/BlockSparseMatrix.h
[3.271s] -- Up-to-date: /home/locobot/Documents/kobuki/install/include/eigen3/unsupported/Eigen/src/SparseExtra/RandomSetter.h
[3.271s] -- Up-to-date: /home/locobot/Documents/kobuki/install/include/eigen3/unsupported/Eigen/src/SparseExtra/BlockOfDynamicSparseMatrix.h
[3.271s] -- Up-to-date: /home/locobot/Documents/kobuki/install/include/eigen3/unsupported/Eigen/src/SparseExtra/DynamicSparseMatrix.h
[3.272s] -- Up-to-date: /home/locobot/Documents/kobuki/install/include/eigen3/unsupported/Eigen/src/SparseExtra/MarketIO.h
[3.272s] -- Up-to-date: /home/locobot/Documents/kobuki/install/include/eigen3/unsupported/Eigen/src/SparseExtra/MatrixMarketIterator.h
[3.272s] -- Up-to-date: /home/locobot/Documents/kobuki/install/include/eigen3/unsupported/Eigen/CXX11/Tensor
[3.272s] -- Up-to-date: /home/locobot/Documents/kobuki/install/include/eigen3/unsupported/Eigen/CXX11/TensorSymmetry
[3.272s] -- Up-to-date: /home/locobot/Documents/kobuki/install/include/eigen3/unsupported/Eigen/CXX11/ThreadPool
[3.272s] -- Up-to-date: /home/locobot/Documents/kobuki/install/include/eigen3/unsupported/Eigen/CXX11/src
[3.273s] -- Up-to-date: /home/locobot/Documents/kobuki/install/include/eigen3/unsupported/Eigen/CXX11/src/ThreadPool
[3.273s] -- Up-to-date: /home/locobot/Documents/kobuki/install/include/eigen3/unsupported/Eigen/CXX11/src/ThreadPool/SimpleThreadPool.h
[3.273s] -- Up-to-date: /home/locobot/Documents/kobuki/install/include/eigen3/unsupported/Eigen/CXX11/src/ThreadPool/EventCount.h
[3.273s] -- Up-to-date: /home/locobot/Documents/kobuki/install/include/eigen3/unsupported/Eigen/CXX11/src/ThreadPool/ThreadEnvironment.h
[3.273s] -- Up-to-date: /home/locobot/Documents/kobuki/install/include/eigen3/unsupported/Eigen/CXX11/src/ThreadPool/RunQueue.h
[3.274s] -- Up-to-date: /home/locobot/Documents/kobuki/install/include/eigen3/unsupported/Eigen/CXX11/src/ThreadPool/NonBlockingThreadPool.h
[3.274s] -- Up-to-date: /home/locobot/Documents/kobuki/install/include/eigen3/unsupported/Eigen/CXX11/src/ThreadPool/ThreadPoolInterface.h
[3.274s] -- Up-to-date: /home/locobot/Documents/kobuki/install/include/eigen3/unsupported/Eigen/CXX11/src/ThreadPool/ThreadLocal.h
[3.275s] -- Up-to-date: /home/locobot/Documents/kobuki/install/include/eigen3/unsupported/Eigen/CXX11/src/ThreadPool/ThreadYield.h
[3.275s] -- Up-to-date: /home/locobot/Documents/kobuki/install/include/eigen3/unsupported/Eigen/CXX11/src/util
[3.275s] -- Up-to-date: /home/locobot/Documents/kobuki/install/include/eigen3/unsupported/Eigen/CXX11/src/util/CXX11Workarounds.h
[3.275s] -- Up-to-date: /home/locobot/Documents/kobuki/install/include/eigen3/unsupported/Eigen/CXX11/src/util/CXX11Meta.h
[3.275s] -- Up-to-date: /home/locobot/Documents/kobuki/install/include/eigen3/unsupported/Eigen/CXX11/src/util/MaxSizeVector.h
[3.276s] -- Up-to-date: /home/locobot/Documents/kobuki/install/include/eigen3/unsupported/Eigen/CXX11/src/util/EmulateCXX11Meta.h
[3.276s] -- Up-to-date: /home/locobot/Documents/kobuki/install/include/eigen3/unsupported/Eigen/CXX11/src/util/EmulateArray.h
[3.276s] -- Up-to-date: /home/locobot/Documents/kobuki/install/include/eigen3/unsupported/Eigen/CXX11/src/TensorSymmetry
[3.276s] -- Up-to-date: /home/locobot/Documents/kobuki/install/include/eigen3/unsupported/Eigen/CXX11/src/TensorSymmetry/DynamicSymmetry.h
[3.276s] -- Up-to-date: /home/locobot/Documents/kobuki/install/include/eigen3/unsupported/Eigen/CXX11/src/TensorSymmetry/StaticSymmetry.h
[3.276s] -- Up-to-date: /home/locobot/Documents/kobuki/install/include/eigen3/unsupported/Eigen/CXX11/src/TensorSymmetry/Symmetry.h
[3.276s] -- Up-to-date: /home/locobot/Documents/kobuki/install/include/eigen3/unsupported/Eigen/CXX11/src/TensorSymmetry/util
[3.276s] -- Up-to-date: /home/locobot/Documents/kobuki/install/include/eigen3/unsupported/Eigen/CXX11/src/TensorSymmetry/util/TemplateGroupTheory.h
[3.276s] -- Up-to-date: /home/locobot/Documents/kobuki/install/include/eigen3/unsupported/Eigen/CXX11/src/Tensor
[3.277s] -- Up-to-date: /home/locobot/Documents/kobuki/install/include/eigen3/unsupported/Eigen/CXX11/src/Tensor/TensorSycl.h
[3.281s] -- Up-to-date: /home/locobot/Documents/kobuki/install/include/eigen3/unsupported/Eigen/CXX11/src/Tensor/TensorPadding.h
[3.281s] -- Up-to-date: /home/locobot/Documents/kobuki/install/include/eigen3/unsupported/Eigen/CXX11/src/Tensor/TensorContractionBlocking.h
[3.281s] -- Up-to-date: /home/locobot/Documents/kobuki/install/include/eigen3/unsupported/Eigen/CXX11/src/Tensor/TensorAssign.h
[3.281s] -- Up-to-date: /home/locobot/Documents/kobuki/install/include/eigen3/unsupported/Eigen/CXX11/src/Tensor/TensorForcedEval.h
[3.281s] -- Up-to-date: /home/locobot/Documents/kobuki/install/include/eigen3/unsupported/Eigen/CXX11/src/Tensor/TensorReverse.h
[3.281s] -- Up-to-date: /home/locobot/Documents/kobuki/install/include/eigen3/unsupported/Eigen/CXX11/src/Tensor/TensorFFT.h
[3.281s] -- Up-to-date: /home/locobot/Documents/kobuki/install/include/eigen3/unsupported/Eigen/CXX11/src/Tensor/TensorDimensionList.h
[3.282s] -- Up-to-date: /home/locobot/Documents/kobuki/install/include/eigen3/unsupported/Eigen/CXX11/src/Tensor/TensorSyclConvertToDeviceExpression.h
[3.282s] -- Up-to-date: /home/locobot/Documents/kobuki/install/include/eigen3/unsupported/Eigen/CXX11/src/Tensor/TensorExecutor.h
[3.282s] -- Up-to-date: /home/locobot/Documents/kobuki/install/include/eigen3/unsupported/Eigen/CXX11/src/Tensor/TensorStriding.h
[3.285s] -- Up-to-date: /home/locobot/Documents/kobuki/install/include/eigen3/unsupported/Eigen/CXX11/src/Tensor/TensorIndexList.h
[3.285s] -- Up-to-date: /home/locobot/Documents/kobuki/install/include/eigen3/unsupported/Eigen/CXX11/src/Tensor/TensorChipping.h
[3.285s] -- Up-to-date: /home/locobot/Documents/kobuki/install/include/eigen3/unsupported/Eigen/CXX11/src/Tensor/TensorReduction.h
[3.285s] -- Up-to-date: /home/locobot/Documents/kobuki/install/include/eigen3/unsupported/Eigen/CXX11/src/Tensor/TensorSyclTuple.h
[3.285s] -- Up-to-date: /home/locobot/Documents/kobuki/install/include/eigen3/unsupported/Eigen/CXX11/src/Tensor/TensorDeviceCuda.h
[3.286s] -- Up-to-date: /home/locobot/Documents/kobuki/install/include/eigen3/unsupported/Eigen/CXX11/src/Tensor/TensorVolumePatch.h
[3.286s] -- Up-to-date: /home/locobot/Documents/kobuki/install/include/eigen3/unsupported/Eigen/CXX11/src/Tensor/TensorContractionMapper.h
[3.286s] -- Up-to-date: /home/locobot/Documents/kobuki/install/include/eigen3/unsupported/Eigen/CXX11/src/Tensor/TensorCustomOp.h
[3.286s] -- Up-to-date: /home/locobot/Documents/kobuki/install/include/eigen3/unsupported/Eigen/CXX11/src/Tensor/TensorDeviceSycl.h
[3.286s] -- Up-to-date: /home/locobot/Documents/kobuki/install/include/eigen3/unsupported/Eigen/CXX11/src/Tensor/TensorEvaluator.h
[3.286s] -- Up-to-date: /home/locobot/Documents/kobuki/install/include/eigen3/unsupported/Eigen/CXX11/src/Tensor/TensorDimensions.h
[3.286s] -- Up-to-date: /home/locobot/Documents/kobuki/install/include/eigen3/unsupported/Eigen/CXX11/src/Tensor/TensorRef.h
[3.286s] -- Up-to-date: /home/locobot/Documents/kobuki/install/include/eigen3/unsupported/Eigen/CXX11/src/Tensor/TensorMorphing.h
[3.286s] -- Up-to-date: /home/locobot/Documents/kobuki/install/include/eigen3/unsupported/Eigen/CXX11/src/Tensor/TensorContractionCuda.h
[3.287s] -- Up-to-date: /home/locobot/Documents/kobuki/install/include/eigen3/unsupported/Eigen/CXX11/src/Tensor/TensorImagePatch.h
[3.287s] -- Up-to-date: /home/locobot/Documents/kobuki/install/include/eigen3/unsupported/Eigen/CXX11/src/Tensor/TensorForwardDeclarations.h
[3.287s] -- Up-to-date: /home/locobot/Documents/kobuki/install/include/eigen3/unsupported/Eigen/CXX11/src/Tensor/TensorBroadcasting.h
[3.287s] -- Up-to-date: /home/locobot/Documents/kobuki/install/include/eigen3/unsupported/Eigen/CXX11/src/Tensor/TensorSyclExtractAccessor.h
[3.287s] -- Up-to-date: /home/locobot/Documents/kobuki/install/include/eigen3/unsupported/Eigen/CXX11/src/Tensor/TensorMacros.h
[3.287s] -- Up-to-date: /home/locobot/Documents/kobuki/install/include/eigen3/unsupported/Eigen/CXX11/src/Tensor/TensorMeta.h
[3.287s] -- Up-to-date: /home/locobot/Documents/kobuki/install/include/eigen3/unsupported/Eigen/CXX11/src/Tensor/TensorIntDiv.h
[3.287s] -- Up-to-date: /home/locobot/Documents/kobuki/install/include/eigen3/unsupported/Eigen/CXX11/src/Tensor/TensorStorage.h
[3.287s] -- Up-to-date: /home/locobot/Documents/kobuki/install/include/eigen3/unsupported/Eigen/CXX11/src/Tensor/TensorCostModel.h
[3.288s] -- Up-to-date: /home/locobot/Documents/kobuki/install/include/eigen3/unsupported/Eigen/CXX11/src/Tensor/TensorFunctors.h
[3.288s] -- Up-to-date: /home/locobot/Documents/kobuki/install/include/eigen3/unsupported/Eigen/CXX11/src/Tensor/TensorScan.h
[3.288s] -- Up-to-date: /home/locobot/Documents/kobuki/install/include/eigen3/unsupported/Eigen/CXX11/src/Tensor/TensorSyclExtractFunctors.h
[3.288s] -- Up-to-date: /home/locobot/Documents/kobuki/install/include/eigen3/unsupported/Eigen/CXX11/src/Tensor/TensorUInt128.h
[3.288s] -- Up-to-date: /home/locobot/Documents/kobuki/install/include/eigen3/unsupported/Eigen/CXX11/src/Tensor/TensorLayoutSwap.h
[3.288s] -- Up-to-date: /home/locobot/Documents/kobuki/install/include/eigen3/unsupported/Eigen/CXX11/src/Tensor/TensorInitializer.h
[3.288s] -- Up-to-date: /home/locobot/Documents/kobuki/install/include/eigen3/unsupported/Eigen/CXX11/src/Tensor/TensorFixedSize.h
[3.288s] -- Up-to-date: /home/locobot/Documents/kobuki/install/include/eigen3/unsupported/Eigen/CXX11/src/Tensor/TensorConvolution.h
[3.288s] -- Up-to-date: /home/locobot/Documents/kobuki/install/include/eigen3/unsupported/Eigen/CXX11/src/Tensor/TensorDeviceDefault.h
[3.289s] -- Up-to-date: /home/locobot/Documents/kobuki/install/include/eigen3/unsupported/Eigen/CXX11/src/Tensor/TensorContraction.h
[3.289s] -- Up-to-date: /home/locobot/Documents/kobuki/install/include/eigen3/unsupported/Eigen/CXX11/src/Tensor/TensorGlobalFunctions.h
[3.289s] -- Up-to-date: /home/locobot/Documents/kobuki/install/include/eigen3/unsupported/Eigen/CXX11/src/Tensor/TensorEvalTo.h
[3.289s] -- Up-to-date: /home/locobot/Documents/kobuki/install/include/eigen3/unsupported/Eigen/CXX11/src/Tensor/TensorMap.h
[3.293s] -- Up-to-date: /home/locobot/Documents/kobuki/install/include/eigen3/unsupported/Eigen/CXX11/src/Tensor/TensorDeviceThreadPool.h
[3.293s] -- Up-to-date: /home/locobot/Documents/kobuki/install/include/eigen3/unsupported/Eigen/CXX11/src/Tensor/TensorDevice.h
[3.293s] -- Up-to-date: /home/locobot/Documents/kobuki/install/include/eigen3/unsupported/Eigen/CXX11/src/Tensor/TensorRandom.h
[3.293s] -- Up-to-date: /home/locobot/Documents/kobuki/install/include/eigen3/unsupported/Eigen/CXX11/src/Tensor/TensorContractionThreadPool.h
[3.293s] -- Up-to-date: /home/locobot/Documents/kobuki/install/include/eigen3/unsupported/Eigen/CXX11/src/Tensor/TensorReductionCuda.h
[3.293s] -- Up-to-date: /home/locobot/Documents/kobuki/install/include/eigen3/unsupported/Eigen/CXX11/src/Tensor/TensorShuffling.h
[3.294s] -- Up-to-date: /home/locobot/Documents/kobuki/install/include/eigen3/unsupported/Eigen/CXX11/src/Tensor/TensorIO.h
[3.294s] -- Up-to-date: /home/locobot/Documents/kobuki/install/include/eigen3/unsupported/Eigen/CXX11/src/Tensor/TensorSyclLeafCount.h
[3.294s] -- Up-to-date: /home/locobot/Documents/kobuki/install/include/eigen3/unsupported/Eigen/CXX11/src/Tensor/Tensor.h
[3.294s] -- Up-to-date: /home/locobot/Documents/kobuki/install/include/eigen3/unsupported/Eigen/CXX11/src/Tensor/TensorInflation.h
[3.294s] -- Up-to-date: /home/locobot/Documents/kobuki/install/include/eigen3/unsupported/Eigen/CXX11/src/Tensor/TensorReductionSycl.h
[3.294s] -- Up-to-date: /home/locobot/Documents/kobuki/install/include/eigen3/unsupported/Eigen/CXX11/src/Tensor/TensorSyclExprConstructor.h
[3.294s] -- Up-to-date: /home/locobot/Documents/kobuki/install/include/eigen3/unsupported/Eigen/CXX11/src/Tensor/TensorBase.h
[3.294s] -- Up-to-date: /home/locobot/Documents/kobuki/install/include/eigen3/unsupported/Eigen/CXX11/src/Tensor/TensorConcatenation.h
[3.295s] -- Up-to-date: /home/locobot/Documents/kobuki/install/include/eigen3/unsupported/Eigen/CXX11/src/Tensor/TensorArgMax.h
[3.295s] -- Up-to-date: /home/locobot/Documents/kobuki/install/include/eigen3/unsupported/Eigen/CXX11/src/Tensor/TensorTraits.h
[3.295s] -- Up-to-date: /home/locobot/Documents/kobuki/install/include/eigen3/unsupported/Eigen/CXX11/src/Tensor/TensorExpr.h
[3.295s] -- Up-to-date: /home/locobot/Documents/kobuki/install/include/eigen3/unsupported/Eigen/CXX11/src/Tensor/TensorConversion.h
[3.295s] -- Up-to-date: /home/locobot/Documents/kobuki/install/include/eigen3/unsupported/Eigen/CXX11/src/Tensor/TensorPatch.h
[3.295s] -- Up-to-date: /home/locobot/Documents/kobuki/install/include/eigen3/unsupported/Eigen/CXX11/src/Tensor/TensorSyclPlaceHolderExpr.h
[3.295s] -- Up-to-date: /home/locobot/Documents/kobuki/install/include/eigen3/unsupported/Eigen/CXX11/src/Tensor/TensorGenerator.h
[3.295s] -- Up-to-date: /home/locobot/Documents/kobuki/install/include/eigen3/unsupported/Eigen/CXX11/src/Tensor/TensorSyclRun.h
[3.617s] Invoked command in '/home/locobot/Documents/kobuki/build/eigen' returned '0': /usr/bin/cmake --install /home/locobot/Documents/kobuki/build/eigen
