[0.244s] Invoking command in '/home/locobot/Documents/kobuki/build/ecl_converters_lite': AMENT_PREFIX_PATH=/home/locobot/Documents/kobuki/install CMAKE_PREFIX_PATH=/home/locobot/Documents/kobuki/install LD_LIBRARY_PATH=/home/locobot/Documents/kobuki/install/lib PATH=/home/locobot/Documents/kobuki/install/bin:${PATH} PYTHONPATH=/home/locobot/Documents/kobuki/install/lib/python3.8/site-packages /usr/bin/cmake /home/locobot/Documents/kobuki/src/ecl_lite/ecl_converters_lite -DBUILD_TESTING=OFF -DCMAKE_INSTALL_PREFIX=/home/locobot/Documents/kobuki/install
[0.406s] -- The C compiler identification is GNU 9.4.0
[0.543s] -- The CXX compiler identification is GNU 9.4.0
[0.561s] -- Check for working C compiler: /usr/bin/cc
[0.851s] -- Check for working C compiler: /usr/bin/cc -- works
[0.851s] -- Detecting C compiler ABI info
[1.076s] -- Detecting C compiler ABI info - done
[1.111s] -- Detecting C compile features
[1.119s] -- Detecting C compile features - done
[1.123s] -- Check for working CXX compiler: /usr/bin/c++
[1.360s] -- Check for working CXX compiler: /usr/bin/c++ -- works
[1.362s] -- Detecting CXX compiler ABI info
[1.674s] -- Detecting CXX compiler ABI info - done
[1.726s] -- Detecting CXX compile features
[1.735s] -- Detecting CXX compile features - done
[1.737s] -- Found ament_cmake_ros: 0.9.2 (/home/locobot/Documents/kobuki/install/share/ament_cmake_ros/cmake)
[1.786s] -- Found PythonInterp: /usr/bin/python3 (found suitable version "3.8.10", minimum required is "3") 
[1.786s] -- Using PYTHON_EXECUTABLE: /usr/bin/python3
[2.112s] -- Found ecl_build: 1.0.3 (/home/locobot/Documents/kobuki/install/share/ecl_build/cmake)
[2.130s] -- Found ecl_config: 1.1.0 (/home/locobot/Documents/kobuki/install/share/ecl_config/cmake)
[2.401s] -- Configuring done
[2.411s] -- Generating done
[2.413s] -- Build files have been written to: /home/locobot/Documents/kobuki/build/ecl_converters_lite
[2.439s] Invoked command in '/home/locobot/Documents/kobuki/build/ecl_converters_lite' returned '0': AMENT_PREFIX_PATH=/home/locobot/Documents/kobuki/install CMAKE_PREFIX_PATH=/home/locobot/Documents/kobuki/install LD_LIBRARY_PATH=/home/locobot/Documents/kobuki/install/lib PATH=/home/locobot/Documents/kobuki/install/bin:${PATH} PYTHONPATH=/home/locobot/Documents/kobuki/install/lib/python3.8/site-packages /usr/bin/cmake /home/locobot/Documents/kobuki/src/ecl_lite/ecl_converters_lite -DBUILD_TESTING=OFF -DCMAKE_INSTALL_PREFIX=/home/locobot/Documents/kobuki/install
[2.444s] Invoking command in '/home/locobot/Documents/kobuki/build/ecl_converters_lite': AMENT_PREFIX_PATH=/home/locobot/Documents/kobuki/install CMAKE_PREFIX_PATH=/home/locobot/Documents/kobuki/install LD_LIBRARY_PATH=/home/locobot/Documents/kobuki/install/lib PATH=/home/locobot/Documents/kobuki/install/bin:${PATH} PYTHONPATH=/home/locobot/Documents/kobuki/install/lib/python3.8/site-packages /usr/bin/cmake --build /home/locobot/Documents/kobuki/build/ecl_converters_lite -- -j4 -l4
[2.679s] Invoked command in '/home/locobot/Documents/kobuki/build/ecl_converters_lite' returned '0': AMENT_PREFIX_PATH=/home/locobot/Documents/kobuki/install CMAKE_PREFIX_PATH=/home/locobot/Documents/kobuki/install LD_LIBRARY_PATH=/home/locobot/Documents/kobuki/install/lib PATH=/home/locobot/Documents/kobuki/install/bin:${PATH} PYTHONPATH=/home/locobot/Documents/kobuki/install/lib/python3.8/site-packages /usr/bin/cmake --build /home/locobot/Documents/kobuki/build/ecl_converters_lite -- -j4 -l4
[2.684s] Invoking command in '/home/locobot/Documents/kobuki/build/ecl_converters_lite': AMENT_PREFIX_PATH=/home/locobot/Documents/kobuki/install CMAKE_PREFIX_PATH=/home/locobot/Documents/kobuki/install LD_LIBRARY_PATH=/home/locobot/Documents/kobuki/install/lib PATH=/home/locobot/Documents/kobuki/install/bin:${PATH} PYTHONPATH=/home/locobot/Documents/kobuki/install/lib/python3.8/site-packages /usr/bin/cmake --install /home/locobot/Documents/kobuki/build/ecl_converters_lite
[2.710s] -- Install configuration: ""
[2.711s] -- Installing: /home/locobot/Documents/kobuki/install/share/ament_index/resource_index/package_run_dependencies/ecl_converters_lite
[2.711s] -- Installing: /home/locobot/Documents/kobuki/install/share/ament_index/resource_index/parent_prefix_path/ecl_converters_lite
[2.711s] -- Installing: /home/locobot/Documents/kobuki/install/share/ecl_converters_lite/environment/ament_prefix_path.sh
[2.711s] -- Installing: /home/locobot/Documents/kobuki/install/share/ecl_converters_lite/environment/ament_prefix_path.dsv
[2.711s] -- Installing: /home/locobot/Documents/kobuki/install/share/ecl_converters_lite/environment/path.sh
[2.712s] -- Installing: /home/locobot/Documents/kobuki/install/share/ecl_converters_lite/environment/path.dsv
[2.712s] -- Installing: /home/locobot/Documents/kobuki/install/share/ecl_converters_lite/local_setup.bash
[2.712s] -- Installing: /home/locobot/Documents/kobuki/install/share/ecl_converters_lite/local_setup.sh
[2.712s] -- Installing: /home/locobot/Documents/kobuki/install/share/ecl_converters_lite/local_setup.zsh
[2.712s] -- Installing: /home/locobot/Documents/kobuki/install/share/ecl_converters_lite/local_setup.dsv
[2.712s] -- Installing: /home/locobot/Documents/kobuki/install/share/ecl_converters_lite/package.dsv
[2.712s] -- Installing: /home/locobot/Documents/kobuki/install/share/ament_index/resource_index/packages/ecl_converters_lite
[2.713s] -- Installing: /home/locobot/Documents/kobuki/install/share/ecl_converters_lite/cmake/ecl_converters_liteExport.cmake
[2.713s] -- Installing: /home/locobot/Documents/kobuki/install/share/ecl_converters_lite/cmake/ament_cmake_export_targets-extras.cmake
[2.713s] -- Installing: /home/locobot/Documents/kobuki/install/share/ecl_converters_lite/cmake/ament_cmake_export_include_directories-extras.cmake
[2.713s] -- Installing: /home/locobot/Documents/kobuki/install/share/ecl_converters_lite/cmake/ament_cmake_export_dependencies-extras.cmake
[2.713s] -- Installing: /home/locobot/Documents/kobuki/install/share/ecl_converters_lite/cmake/ecl_converters_liteConfig.cmake
[2.713s] -- Installing: /home/locobot/Documents/kobuki/install/share/ecl_converters_lite/cmake/ecl_converters_liteConfig-version.cmake
[2.713s] -- Installing: /home/locobot/Documents/kobuki/install/share/ecl_converters_lite/package.xml
[2.713s] -- Installing: /home/locobot/Documents/kobuki/install/include/ecl/converters_lite.hpp
[2.713s] -- Installing: /home/locobot/Documents/kobuki/install/include/ecl/converters_lite/byte_array.hpp
[2.718s] Invoked command in '/home/locobot/Documents/kobuki/build/ecl_converters_lite' returned '0': AMENT_PREFIX_PATH=/home/locobot/Documents/kobuki/install CMAKE_PREFIX_PATH=/home/locobot/Documents/kobuki/install LD_LIBRARY_PATH=/home/locobot/Documents/kobuki/install/lib PATH=/home/locobot/Documents/kobuki/install/bin:${PATH} PYTHONPATH=/home/locobot/Documents/kobuki/install/lib/python3.8/site-packages /usr/bin/cmake --install /home/locobot/Documents/kobuki/build/ecl_converters_lite
