[1.043s] Invoking command in '/home/locobot/Documents/kobuki/build/ecl_formatters': AMENT_PREFIX_PATH=/home/locobot/Documents/kobuki/install CMAKE_PREFIX_PATH=/home/locobot/Documents/kobuki/install LD_LIBRARY_PATH=/home/locobot/Documents/kobuki/install/lib PATH=/home/locobot/Documents/kobuki/install/bin:${PATH} PYTHONPATH=/home/locobot/Documents/kobuki/install/lib/python3.8/site-packages /usr/bin/cmake /home/locobot/Documents/kobuki/src/ecl_core/ecl_formatters -DBUILD_TESTING=OFF -DCMAKE_BUILD_TYPE=RelWithDebInfo -DCMAKE_INSTALL_PREFIX=/home/locobot/Documents/kobuki/install
[1.068s] -- Found ament_cmake_ros: 0.9.2 (/home/locobot/Documents/kobuki/install/share/ament_cmake_ros/cmake)
[1.095s] -- Using PYTHON_EXECUTABLE: /usr/bin/python3
[1.358s] -- Found ecl_build: 1.0.3 (/home/locobot/Documents/kobuki/install/share/ecl_build/cmake)
[1.372s] -- Found ecl_config: 1.1.0 (/home/locobot/Documents/kobuki/install/share/ecl_config/cmake)
[1.376s] -- Found ecl_converters: 1.2.1 (/home/locobot/Documents/kobuki/install/share/ecl_converters/cmake)
[1.688s] -- Configuring done
[1.723s] -- Generating done
[1.724s] -- Build files have been written to: /home/locobot/Documents/kobuki/build/ecl_formatters
[1.740s] Invoked command in '/home/locobot/Documents/kobuki/build/ecl_formatters' returned '0': AMENT_PREFIX_PATH=/home/locobot/Documents/kobuki/install CMAKE_PREFIX_PATH=/home/locobot/Documents/kobuki/install LD_LIBRARY_PATH=/home/locobot/Documents/kobuki/install/lib PATH=/home/locobot/Documents/kobuki/install/bin:${PATH} PYTHONPATH=/home/locobot/Documents/kobuki/install/lib/python3.8/site-packages /usr/bin/cmake /home/locobot/Documents/kobuki/src/ecl_core/ecl_formatters -DBUILD_TESTING=OFF -DCMAKE_BUILD_TYPE=RelWithDebInfo -DCMAKE_INSTALL_PREFIX=/home/locobot/Documents/kobuki/install
[1.741s] Invoking command in '/home/locobot/Documents/kobuki/build/ecl_formatters': AMENT_PREFIX_PATH=/home/locobot/Documents/kobuki/install CMAKE_PREFIX_PATH=/home/locobot/Documents/kobuki/install LD_LIBRARY_PATH=/home/locobot/Documents/kobuki/install/lib PATH=/home/locobot/Documents/kobuki/install/bin:${PATH} PYTHONPATH=/home/locobot/Documents/kobuki/install/lib/python3.8/site-packages /usr/bin/cmake --build /home/locobot/Documents/kobuki/build/ecl_formatters -- -j4 -l4
[1.833s] [ 25%] [32mBuilding CXX object src/lib/CMakeFiles/ecl_formatters.dir/strings.cpp.o[0m
[2.218s] [ 50%] [32m[1mLinking CXX shared library libecl_formatters.so[0m
[2.389s] [ 50%] Built target ecl_formatters
[2.492s] [ 75%] [32mBuilding CXX object src/examples/CMakeFiles/ecl_demo_formatters.dir/formatters.cpp.o[0m
[4.368s] [100%] [32m[1mLinking CXX executable demo_formatters[0m
[4.507s] [100%] Built target ecl_demo_formatters
[4.537s] Invoked command in '/home/locobot/Documents/kobuki/build/ecl_formatters' returned '0': AMENT_PREFIX_PATH=/home/locobot/Documents/kobuki/install CMAKE_PREFIX_PATH=/home/locobot/Documents/kobuki/install LD_LIBRARY_PATH=/home/locobot/Documents/kobuki/install/lib PATH=/home/locobot/Documents/kobuki/install/bin:${PATH} PYTHONPATH=/home/locobot/Documents/kobuki/install/lib/python3.8/site-packages /usr/bin/cmake --build /home/locobot/Documents/kobuki/build/ecl_formatters -- -j4 -l4
[4.538s] Invoking command in '/home/locobot/Documents/kobuki/build/ecl_formatters': AMENT_PREFIX_PATH=/home/locobot/Documents/kobuki/install CMAKE_PREFIX_PATH=/home/locobot/Documents/kobuki/install LD_LIBRARY_PATH=/home/locobot/Documents/kobuki/install/lib PATH=/home/locobot/Documents/kobuki/install/bin:${PATH} PYTHONPATH=/home/locobot/Documents/kobuki/install/lib/python3.8/site-packages /usr/bin/cmake --install /home/locobot/Documents/kobuki/build/ecl_formatters
[4.570s] -- Install configuration: "RelWithDebInfo"
[4.571s] -- Up-to-date: /home/locobot/Documents/kobuki/install/share/ecl_formatters/environment/library_path.sh
[4.572s] -- Installing: /home/locobot/Documents/kobuki/install/share/ecl_formatters/environment/library_path.dsv
[4.572s] -- Up-to-date: /home/locobot/Documents/kobuki/install/share/ament_index/resource_index/package_run_dependencies/ecl_formatters
[4.573s] -- Up-to-date: /home/locobot/Documents/kobuki/install/share/ament_index/resource_index/parent_prefix_path/ecl_formatters
[4.573s] -- Up-to-date: /home/locobot/Documents/kobuki/install/share/ecl_formatters/environment/ament_prefix_path.sh
[4.574s] -- Installing: /home/locobot/Documents/kobuki/install/share/ecl_formatters/environment/ament_prefix_path.dsv
[4.574s] -- Up-to-date: /home/locobot/Documents/kobuki/install/share/ecl_formatters/environment/path.sh
[4.575s] -- Installing: /home/locobot/Documents/kobuki/install/share/ecl_formatters/environment/path.dsv
[4.575s] -- Up-to-date: /home/locobot/Documents/kobuki/install/share/ecl_formatters/local_setup.bash
[4.576s] -- Up-to-date: /home/locobot/Documents/kobuki/install/share/ecl_formatters/local_setup.sh
[4.576s] -- Up-to-date: /home/locobot/Documents/kobuki/install/share/ecl_formatters/local_setup.zsh
[4.577s] -- Installing: /home/locobot/Documents/kobuki/install/share/ecl_formatters/local_setup.dsv
[4.577s] -- Installing: /home/locobot/Documents/kobuki/install/share/ecl_formatters/package.dsv
[4.578s] -- Up-to-date: /home/locobot/Documents/kobuki/install/share/ament_index/resource_index/packages/ecl_formatters
[4.579s] -- Up-to-date: /home/locobot/Documents/kobuki/install/share/ecl_formatters/cmake/ecl_formattersExport.cmake
[4.589s] -- Installing: /home/locobot/Documents/kobuki/install/share/ecl_formatters/cmake/ecl_formattersExport-relwithdebinfo.cmake
[4.589s] -- Up-to-date: /home/locobot/Documents/kobuki/install/share/ecl_formatters/cmake/ament_cmake_export_targets-extras.cmake
[4.589s] -- Up-to-date: /home/locobot/Documents/kobuki/install/share/ecl_formatters/cmake/ament_cmake_export_include_directories-extras.cmake
[4.589s] -- Up-to-date: /home/locobot/Documents/kobuki/install/share/ecl_formatters/cmake/ament_cmake_export_libraries-extras.cmake
[4.590s] -- Up-to-date: /home/locobot/Documents/kobuki/install/share/ecl_formatters/cmake/ament_cmake_export_dependencies-extras.cmake
[4.590s] -- Up-to-date: /home/locobot/Documents/kobuki/install/share/ecl_formatters/cmake/ecl_formattersConfig.cmake
[4.590s] -- Up-to-date: /home/locobot/Documents/kobuki/install/share/ecl_formatters/cmake/ecl_formattersConfig-version.cmake
[4.590s] -- Up-to-date: /home/locobot/Documents/kobuki/install/share/ecl_formatters/package.xml
[4.590s] -- Up-to-date: /home/locobot/Documents/kobuki/install/include/ecl/formatters.hpp
[4.590s] -- Up-to-date: /home/locobot/Documents/kobuki/install/include/ecl/formatters/common.hpp
[4.590s] -- Up-to-date: /home/locobot/Documents/kobuki/install/include/ecl/formatters/floats.hpp
[4.590s] -- Up-to-date: /home/locobot/Documents/kobuki/install/include/ecl/formatters/macros.hpp
[4.590s] -- Up-to-date: /home/locobot/Documents/kobuki/install/include/ecl/formatters/number.hpp
[4.590s] -- Up-to-date: /home/locobot/Documents/kobuki/install/include/ecl/formatters/strings.hpp
[4.590s] -- Installing: /home/locobot/Documents/kobuki/install/lib/libecl_formatters.so.1.2.1
[4.591s] -- Set runtime path of "/home/locobot/Documents/kobuki/install/lib/libecl_formatters.so.1.2.1" to ""
[4.591s] -- Up-to-date: /home/locobot/Documents/kobuki/install/lib/libecl_formatters.so
[4.591s] -- Installing: /home/locobot/Documents/kobuki/install/lib/ecl_formatters/demo_formatters
[4.591s] -- Set runtime path of "/home/locobot/Documents/kobuki/install/lib/ecl_formatters/demo_formatters" to ""
[4.597s] Invoked command in '/home/locobot/Documents/kobuki/build/ecl_formatters' returned '0': AMENT_PREFIX_PATH=/home/locobot/Documents/kobuki/install CMAKE_PREFIX_PATH=/home/locobot/Documents/kobuki/install LD_LIBRARY_PATH=/home/locobot/Documents/kobuki/install/lib PATH=/home/locobot/Documents/kobuki/install/bin:${PATH} PYTHONPATH=/home/locobot/Documents/kobuki/install/lib/python3.8/site-packages /usr/bin/cmake --install /home/locobot/Documents/kobuki/build/ecl_formatters
