-- Found ament_cmake: 0.9.12 (/home/locobot/Documents/kobuki/install/share/ament_cmake/cmake)
-- Using PYTHON_EXECUTABLE: /usr/bin/python3
-- Configuring done
-- Generating done
-- Build files have been written to: /home/locobot/Documents/kobuki/build/ecl_tools
-- Install configuration: "RelWithDebInfo"
-- Up-to-date: /home/locobot/Documents/kobuki/install/share/ament_index/resource_index/package_run_dependencies/ecl_tools
-- Up-to-date: /home/locobot/Documents/kobuki/install/share/ament_index/resource_index/parent_prefix_path/ecl_tools
-- Up-to-date: /home/locobot/Documents/kobuki/install/share/ecl_tools/environment/ament_prefix_path.sh
-- Installing: /home/locobot/Documents/kobuki/install/share/ecl_tools/environment/ament_prefix_path.dsv
-- Up-to-date: /home/locobot/Documents/kobuki/install/share/ecl_tools/environment/path.sh
-- Installing: /home/locobot/Documents/kobuki/install/share/ecl_tools/environment/path.dsv
-- Up-to-date: /home/locobot/Documents/kobuki/install/share/ecl_tools/local_setup.bash
-- Up-to-date: /home/locobot/Documents/kobuki/install/share/ecl_tools/local_setup.sh
-- Up-to-date: /home/locobot/Documents/kobuki/install/share/ecl_tools/local_setup.zsh
-- Installing: /home/locobot/Documents/kobuki/install/share/ecl_tools/local_setup.dsv
-- Installing: /home/locobot/Documents/kobuki/install/share/ecl_tools/package.dsv
-- Up-to-date: /home/locobot/Documents/kobuki/install/share/ament_index/resource_index/packages/ecl_tools
-- Up-to-date: /home/locobot/Documents/kobuki/install/share/ecl_tools/cmake/ecl_toolsConfig.cmake
-- Up-to-date: /home/locobot/Documents/kobuki/install/share/ecl_tools/cmake/ecl_toolsConfig-version.cmake
-- Up-to-date: /home/locobot/Documents/kobuki/install/share/ecl_tools/package.xml
