[0.127s] Invoking command in '/home/locobot/Documents/kobuki/build/ament_cmake_export_interfaces': AMENT_PREFIX_PATH=/home/locobot/Documents/kobuki/install CMAKE_PREFIX_PATH=/home/locobot/Documents/kobuki/install LD_LIBRARY_PATH=/home/locobot/Documents/kobuki/install/lib PATH=/home/locobot/Documents/kobuki/install/bin:${PATH} PYTHONPATH=/home/locobot/Documents/kobuki/install/lib/python3.8/site-packages /usr/bin/cmake /home/locobot/Documents/kobuki/src/ament_cmake/ament_cmake_export_interfaces -DBUILD_TESTING=OFF --no-warn-unused-cli -DCMAKE_INSTALL_PREFIX=/home/locobot/Documents/kobuki/install
[0.166s] Not searching for unused variables given on the command line.
[0.166s] -- Found ament_cmake_core: 0.9.12 (/home/locobot/Documents/kobuki/install/share/ament_cmake_core/cmake)
[0.233s] -- Using PYTHON_EXECUTABLE: /usr/bin/python3
[0.691s] -- Configuring done
[0.693s] -- Generating done
[0.695s] -- Build files have been written to: /home/locobot/Documents/kobuki/build/ament_cmake_export_interfaces
[0.769s] Invoked command in '/home/locobot/Documents/kobuki/build/ament_cmake_export_interfaces' returned '0': AMENT_PREFIX_PATH=/home/locobot/Documents/kobuki/install CMAKE_PREFIX_PATH=/home/locobot/Documents/kobuki/install LD_LIBRARY_PATH=/home/locobot/Documents/kobuki/install/lib PATH=/home/locobot/Documents/kobuki/install/bin:${PATH} PYTHONPATH=/home/locobot/Documents/kobuki/install/lib/python3.8/site-packages /usr/bin/cmake /home/locobot/Documents/kobuki/src/ament_cmake/ament_cmake_export_interfaces -DBUILD_TESTING=OFF --no-warn-unused-cli -DCMAKE_INSTALL_PREFIX=/home/locobot/Documents/kobuki/install
[0.770s] Invoking command in '/home/locobot/Documents/kobuki/build/ament_cmake_export_interfaces': AMENT_PREFIX_PATH=/home/locobot/Documents/kobuki/install CMAKE_PREFIX_PATH=/home/locobot/Documents/kobuki/install LD_LIBRARY_PATH=/home/locobot/Documents/kobuki/install/lib PATH=/home/locobot/Documents/kobuki/install/bin:${PATH} PYTHONPATH=/home/locobot/Documents/kobuki/install/lib/python3.8/site-packages /usr/bin/cmake --build /home/locobot/Documents/kobuki/build/ament_cmake_export_interfaces -- -j4 -l4
[1.036s] Invoked command in '/home/locobot/Documents/kobuki/build/ament_cmake_export_interfaces' returned '0': AMENT_PREFIX_PATH=/home/locobot/Documents/kobuki/install CMAKE_PREFIX_PATH=/home/locobot/Documents/kobuki/install LD_LIBRARY_PATH=/home/locobot/Documents/kobuki/install/lib PATH=/home/locobot/Documents/kobuki/install/bin:${PATH} PYTHONPATH=/home/locobot/Documents/kobuki/install/lib/python3.8/site-packages /usr/bin/cmake --build /home/locobot/Documents/kobuki/build/ament_cmake_export_interfaces -- -j4 -l4
[1.042s] Invoking command in '/home/locobot/Documents/kobuki/build/ament_cmake_export_interfaces': AMENT_PREFIX_PATH=/home/locobot/Documents/kobuki/install CMAKE_PREFIX_PATH=/home/locobot/Documents/kobuki/install LD_LIBRARY_PATH=/home/locobot/Documents/kobuki/install/lib PATH=/home/locobot/Documents/kobuki/install/bin:${PATH} PYTHONPATH=/home/locobot/Documents/kobuki/install/lib/python3.8/site-packages /usr/bin/cmake --install /home/locobot/Documents/kobuki/build/ament_cmake_export_interfaces
[1.367s] -- Install configuration: ""
[1.368s] -- Up-to-date: /home/locobot/Documents/kobuki/install/share/ament_index/resource_index/package_run_dependencies/ament_cmake_export_interfaces
[1.369s] -- Up-to-date: /home/locobot/Documents/kobuki/install/share/ament_index/resource_index/parent_prefix_path/ament_cmake_export_interfaces
[1.369s] -- Up-to-date: /home/locobot/Documents/kobuki/install/share/ament_cmake_export_interfaces/environment/ament_prefix_path.sh
[1.370s] -- Installing: /home/locobot/Documents/kobuki/install/share/ament_cmake_export_interfaces/environment/ament_prefix_path.dsv
[1.373s] -- Up-to-date: /home/locobot/Documents/kobuki/install/share/ament_cmake_export_interfaces/environment/path.sh
[1.375s] -- Installing: /home/locobot/Documents/kobuki/install/share/ament_cmake_export_interfaces/environment/path.dsv
[1.375s] -- Up-to-date: /home/locobot/Documents/kobuki/install/share/ament_cmake_export_interfaces/local_setup.bash
[1.375s] -- Up-to-date: /home/locobot/Documents/kobuki/install/share/ament_cmake_export_interfaces/local_setup.sh
[1.375s] -- Up-to-date: /home/locobot/Documents/kobuki/install/share/ament_cmake_export_interfaces/local_setup.zsh
[1.375s] -- Installing: /home/locobot/Documents/kobuki/install/share/ament_cmake_export_interfaces/local_setup.dsv
[1.375s] -- Installing: /home/locobot/Documents/kobuki/install/share/ament_cmake_export_interfaces/package.dsv
[1.375s] -- Up-to-date: /home/locobot/Documents/kobuki/install/share/ament_index/resource_index/packages/ament_cmake_export_interfaces
[1.376s] -- Up-to-date: /home/locobot/Documents/kobuki/install/share/ament_cmake_export_interfaces/cmake/ament_cmake_export_interfaces-extras.cmake
[1.376s] -- Up-to-date: /home/locobot/Documents/kobuki/install/share/ament_cmake_export_interfaces/cmake/ament_cmake_export_interfacesConfig.cmake
[1.376s] -- Up-to-date: /home/locobot/Documents/kobuki/install/share/ament_cmake_export_interfaces/cmake/ament_cmake_export_interfacesConfig-version.cmake
[1.376s] -- Up-to-date: /home/locobot/Documents/kobuki/install/share/ament_cmake_export_interfaces/package.xml
[1.376s] -- Up-to-date: /home/locobot/Documents/kobuki/install/share/ament_cmake_export_interfaces/cmake
[1.376s] -- Up-to-date: /home/locobot/Documents/kobuki/install/share/ament_cmake_export_interfaces/cmake/ament_export_interfaces.cmake
[1.376s] -- Up-to-date: /home/locobot/Documents/kobuki/install/share/ament_cmake_export_interfaces/cmake/ament_cmake_export_interfaces_package_hook.cmake
[1.376s] -- Up-to-date: /home/locobot/Documents/kobuki/install/share/ament_cmake_export_interfaces/cmake/ament_cmake_export_interfaces-extras.cmake.in
[1.383s] Invoked command in '/home/locobot/Documents/kobuki/build/ament_cmake_export_interfaces' returned '0': AMENT_PREFIX_PATH=/home/locobot/Documents/kobuki/install CMAKE_PREFIX_PATH=/home/locobot/Documents/kobuki/install LD_LIBRARY_PATH=/home/locobot/Documents/kobuki/install/lib PATH=/home/locobot/Documents/kobuki/install/bin:${PATH} PYTHONPATH=/home/locobot/Documents/kobuki/install/lib/python3.8/site-packages /usr/bin/cmake --install /home/locobot/Documents/kobuki/build/ament_cmake_export_interfaces
