[0.179s] Invoking command in '/home/locobot/Documents/kobuki/build/ament_cmake_pclint': AMENT_PREFIX_PATH=/home/locobot/Documents/kobuki/install CMAKE_PREFIX_PATH=/home/locobot/Documents/kobuki/install LD_LIBRARY_PATH=/home/locobot/Documents/kobuki/install/lib PATH=/home/locobot/Documents/kobuki/install/bin:${PATH} PYTHONPATH=/home/locobot/Documents/kobuki/install/lib/python3.8/site-packages /usr/bin/cmake /home/locobot/Documents/kobuki/src/ament_lint/ament_cmake_pclint -DBUILD_TESTING=OFF -DCMAKE_INSTALL_PREFIX=/home/locobot/Documents/kobuki/install
[0.207s] Re-run cmake no build system arguments
[0.213s] -- Found ament_cmake_core: 0.9.12 (/home/locobot/Documents/kobuki/install/share/ament_cmake_core/cmake)
[0.223s] -- Using PYTHON_EXECUTABLE: /usr/bin/python3
[0.450s] -- Found ament_cmake_test: 0.9.12 (/home/locobot/Documents/kobuki/install/share/ament_cmake_test/cmake)
[0.640s] -- Configuring done
[0.641s] -- Generating done
[0.641s] -- Build files have been written to: /home/locobot/Documents/kobuki/build/ament_cmake_pclint
[0.644s] Invoked command in '/home/locobot/Documents/kobuki/build/ament_cmake_pclint' returned '0': AMENT_PREFIX_PATH=/home/locobot/Documents/kobuki/install CMAKE_PREFIX_PATH=/home/locobot/Documents/kobuki/install LD_LIBRARY_PATH=/home/locobot/Documents/kobuki/install/lib PATH=/home/locobot/Documents/kobuki/install/bin:${PATH} PYTHONPATH=/home/locobot/Documents/kobuki/install/lib/python3.8/site-packages /usr/bin/cmake /home/locobot/Documents/kobuki/src/ament_lint/ament_cmake_pclint -DBUILD_TESTING=OFF -DCMAKE_INSTALL_PREFIX=/home/locobot/Documents/kobuki/install
[0.646s] Invoking command in '/home/locobot/Documents/kobuki/build/ament_cmake_pclint': AMENT_PREFIX_PATH=/home/locobot/Documents/kobuki/install CMAKE_PREFIX_PATH=/home/locobot/Documents/kobuki/install LD_LIBRARY_PATH=/home/locobot/Documents/kobuki/install/lib PATH=/home/locobot/Documents/kobuki/install/bin:${PATH} PYTHONPATH=/home/locobot/Documents/kobuki/install/lib/python3.8/site-packages /usr/bin/cmake --build /home/locobot/Documents/kobuki/build/ament_cmake_pclint -- -j4 -l4
[0.687s] /usr/bin/cmake -S/home/locobot/Documents/kobuki/src/ament_lint/ament_cmake_pclint -B/home/locobot/Documents/kobuki/build/ament_cmake_pclint --check-build-system CMakeFiles/Makefile.cmake 0
[0.700s] /usr/bin/cmake -E cmake_progress_start /home/locobot/Documents/kobuki/build/ament_cmake_pclint/CMakeFiles /home/locobot/Documents/kobuki/build/ament_cmake_pclint/CMakeFiles/progress.marks
[0.713s] /usr/bin/make -f CMakeFiles/Makefile2 all
[0.715s] make[1]: Entering directory '/home/locobot/Documents/kobuki/build/ament_cmake_pclint'
[0.716s] make[1]: Nothing to be done for 'all'.
[0.717s] make[1]: Leaving directory '/home/locobot/Documents/kobuki/build/ament_cmake_pclint'
[0.717s] /usr/bin/cmake -E cmake_progress_start /home/locobot/Documents/kobuki/build/ament_cmake_pclint/CMakeFiles 0
[0.772s] Invoked command in '/home/locobot/Documents/kobuki/build/ament_cmake_pclint' returned '0': AMENT_PREFIX_PATH=/home/locobot/Documents/kobuki/install CMAKE_PREFIX_PATH=/home/locobot/Documents/kobuki/install LD_LIBRARY_PATH=/home/locobot/Documents/kobuki/install/lib PATH=/home/locobot/Documents/kobuki/install/bin:${PATH} PYTHONPATH=/home/locobot/Documents/kobuki/install/lib/python3.8/site-packages /usr/bin/cmake --build /home/locobot/Documents/kobuki/build/ament_cmake_pclint -- -j4 -l4
[0.774s] Invoking command in '/home/locobot/Documents/kobuki/build/ament_cmake_pclint': AMENT_PREFIX_PATH=/home/locobot/Documents/kobuki/install CMAKE_PREFIX_PATH=/home/locobot/Documents/kobuki/install LD_LIBRARY_PATH=/home/locobot/Documents/kobuki/install/lib PATH=/home/locobot/Documents/kobuki/install/bin:${PATH} PYTHONPATH=/home/locobot/Documents/kobuki/install/lib/python3.8/site-packages /usr/bin/cmake --install /home/locobot/Documents/kobuki/build/ament_cmake_pclint
[0.787s] -- Install configuration: ""
[0.787s] -- Up-to-date: /home/locobot/Documents/kobuki/install/share/ament_index/resource_index/package_run_dependencies/ament_cmake_pclint
[0.788s] -- Up-to-date: /home/locobot/Documents/kobuki/install/share/ament_index/resource_index/parent_prefix_path/ament_cmake_pclint
[0.788s] -- Up-to-date: /home/locobot/Documents/kobuki/install/share/ament_cmake_pclint/environment/ament_prefix_path.sh
[0.788s] -- Installing: /home/locobot/Documents/kobuki/install/share/ament_cmake_pclint/environment/ament_prefix_path.dsv
[0.788s] -- Up-to-date: /home/locobot/Documents/kobuki/install/share/ament_cmake_pclint/environment/path.sh
[0.788s] -- Installing: /home/locobot/Documents/kobuki/install/share/ament_cmake_pclint/environment/path.dsv
[0.803s] -- Up-to-date: /home/locobot/Documents/kobuki/install/share/ament_cmake_pclint/local_setup.bash
[0.803s] -- Up-to-date: /home/locobot/Documents/kobuki/install/share/ament_cmake_pclint/local_setup.sh
[0.804s] -- Up-to-date: /home/locobot/Documents/kobuki/install/share/ament_cmake_pclint/local_setup.zsh
[0.804s] -- Installing: /home/locobot/Documents/kobuki/install/share/ament_cmake_pclint/local_setup.dsv
[0.804s] -- Installing: /home/locobot/Documents/kobuki/install/share/ament_cmake_pclint/package.dsv
[0.804s] -- Up-to-date: /home/locobot/Documents/kobuki/install/share/ament_index/resource_index/packages/ament_cmake_pclint
[0.804s] -- Up-to-date: /home/locobot/Documents/kobuki/install/share/ament_cmake_pclint/cmake/ament_cmake_pclint-extras.cmake
[0.804s] -- Up-to-date: /home/locobot/Documents/kobuki/install/share/ament_cmake_pclint/cmake/ament_cmake_pclintConfig.cmake
[0.804s] -- Up-to-date: /home/locobot/Documents/kobuki/install/share/ament_cmake_pclint/cmake/ament_cmake_pclintConfig-version.cmake
[0.805s] -- Up-to-date: /home/locobot/Documents/kobuki/install/share/ament_cmake_pclint/package.xml
[0.805s] -- Up-to-date: /home/locobot/Documents/kobuki/install/share/ament_cmake_pclint/cmake
[0.805s] -- Up-to-date: /home/locobot/Documents/kobuki/install/share/ament_cmake_pclint/cmake/ament_pclint.cmake
[0.805s] -- Up-to-date: /home/locobot/Documents/kobuki/install/share/ament_cmake_pclint/cmake/ament_cmake_pclint_lint_hook.cmake
[0.805s] Invoked command in '/home/locobot/Documents/kobuki/build/ament_cmake_pclint' returned '0': AMENT_PREFIX_PATH=/home/locobot/Documents/kobuki/install CMAKE_PREFIX_PATH=/home/locobot/Documents/kobuki/install LD_LIBRARY_PATH=/home/locobot/Documents/kobuki/install/lib PATH=/home/locobot/Documents/kobuki/install/bin:${PATH} PYTHONPATH=/home/locobot/Documents/kobuki/install/lib/python3.8/site-packages /usr/bin/cmake --install /home/locobot/Documents/kobuki/build/ament_cmake_pclint
