[0.643s] Invoking command in '/home/locobot/Documents/kobuki/build/ecl_containers': AMENT_PREFIX_PATH=/home/locobot/Documents/kobuki/install CMAKE_PREFIX_PATH=/home/locobot/Documents/kobuki/install LD_LIBRARY_PATH=/home/locobot/Documents/kobuki/install/lib PATH=/home/locobot/Documents/kobuki/install/bin:${PATH} PYTHONPATH=/home/locobot/Documents/kobuki/install/lib/python3.8/site-packages /usr/bin/cmake /home/locobot/Documents/kobuki/src/ecl_core/ecl_containers -DBUILD_TESTING=OFF --no-warn-unused-cli -DCMAKE_INSTALL_PREFIX=/home/locobot/Documents/kobuki/install
[0.674s] Not searching for unused variables given on the command line.
[0.674s] -- Found ament_cmake_ros: 0.9.2 (/home/locobot/Documents/kobuki/install/share/ament_cmake_ros/cmake)
[0.704s] -- Using PYTHON_EXECUTABLE: /usr/bin/python3
[0.968s] -- Found ecl_build: 1.0.3 (/home/locobot/Documents/kobuki/install/share/ecl_build/cmake)
[0.984s] -- Found ecl_config: 1.1.0 (/home/locobot/Documents/kobuki/install/share/ecl_config/cmake)
[0.984s] -- Found ecl_converters: 1.2.1 (/home/locobot/Documents/kobuki/install/share/ecl_converters/cmake)
[1.044s] -- Found ecl_formatters: 1.2.1 (/home/locobot/Documents/kobuki/install/share/ecl_formatters/cmake)
[1.050s] -- Found ecl_utilities: 1.2.1 (/home/locobot/Documents/kobuki/install/share/ecl_utilities/cmake)
[1.363s] -- Configuring done
[1.402s] -- Generating done
[1.415s] -- Build files have been written to: /home/locobot/Documents/kobuki/build/ecl_containers
[1.435s] Invoked command in '/home/locobot/Documents/kobuki/build/ecl_containers' returned '0': AMENT_PREFIX_PATH=/home/locobot/Documents/kobuki/install CMAKE_PREFIX_PATH=/home/locobot/Documents/kobuki/install LD_LIBRARY_PATH=/home/locobot/Documents/kobuki/install/lib PATH=/home/locobot/Documents/kobuki/install/bin:${PATH} PYTHONPATH=/home/locobot/Documents/kobuki/install/lib/python3.8/site-packages /usr/bin/cmake /home/locobot/Documents/kobuki/src/ecl_core/ecl_containers -DBUILD_TESTING=OFF --no-warn-unused-cli -DCMAKE_INSTALL_PREFIX=/home/locobot/Documents/kobuki/install
[1.436s] Invoking command in '/home/locobot/Documents/kobuki/build/ecl_containers': AMENT_PREFIX_PATH=/home/locobot/Documents/kobuki/install CMAKE_PREFIX_PATH=/home/locobot/Documents/kobuki/install LD_LIBRARY_PATH=/home/locobot/Documents/kobuki/install/lib PATH=/home/locobot/Documents/kobuki/install/bin:${PATH} PYTHONPATH=/home/locobot/Documents/kobuki/install/lib/python3.8/site-packages /usr/bin/cmake --build /home/locobot/Documents/kobuki/build/ecl_containers -- -j4 -l4
[1.714s] [100%] Built target ecl_demo_formatters
[1.816s] Invoked command in '/home/locobot/Documents/kobuki/build/ecl_containers' returned '0': AMENT_PREFIX_PATH=/home/locobot/Documents/kobuki/install CMAKE_PREFIX_PATH=/home/locobot/Documents/kobuki/install LD_LIBRARY_PATH=/home/locobot/Documents/kobuki/install/lib PATH=/home/locobot/Documents/kobuki/install/bin:${PATH} PYTHONPATH=/home/locobot/Documents/kobuki/install/lib/python3.8/site-packages /usr/bin/cmake --build /home/locobot/Documents/kobuki/build/ecl_containers -- -j4 -l4
[1.818s] Invoking command in '/home/locobot/Documents/kobuki/build/ecl_containers': AMENT_PREFIX_PATH=/home/locobot/Documents/kobuki/install CMAKE_PREFIX_PATH=/home/locobot/Documents/kobuki/install LD_LIBRARY_PATH=/home/locobot/Documents/kobuki/install/lib PATH=/home/locobot/Documents/kobuki/install/bin:${PATH} PYTHONPATH=/home/locobot/Documents/kobuki/install/lib/python3.8/site-packages /usr/bin/cmake --install /home/locobot/Documents/kobuki/build/ecl_containers
[1.856s] -- Install configuration: ""
[1.856s] -- Up-to-date: /home/locobot/Documents/kobuki/install/share/ament_index/resource_index/package_run_dependencies/ecl_containers
[1.856s] -- Up-to-date: /home/locobot/Documents/kobuki/install/share/ament_index/resource_index/parent_prefix_path/ecl_containers
[1.857s] -- Up-to-date: /home/locobot/Documents/kobuki/install/share/ecl_containers/environment/ament_prefix_path.sh
[1.857s] -- Installing: /home/locobot/Documents/kobuki/install/share/ecl_containers/environment/ament_prefix_path.dsv
[1.857s] -- Up-to-date: /home/locobot/Documents/kobuki/install/share/ecl_containers/environment/path.sh
[1.857s] -- Installing: /home/locobot/Documents/kobuki/install/share/ecl_containers/environment/path.dsv
[1.857s] -- Up-to-date: /home/locobot/Documents/kobuki/install/share/ecl_containers/local_setup.bash
[1.857s] -- Up-to-date: /home/locobot/Documents/kobuki/install/share/ecl_containers/local_setup.sh
[1.857s] -- Up-to-date: /home/locobot/Documents/kobuki/install/share/ecl_containers/local_setup.zsh
[1.857s] -- Installing: /home/locobot/Documents/kobuki/install/share/ecl_containers/local_setup.dsv
[1.857s] -- Installing: /home/locobot/Documents/kobuki/install/share/ecl_containers/package.dsv
[1.858s] -- Up-to-date: /home/locobot/Documents/kobuki/install/share/ament_index/resource_index/packages/ecl_containers
[1.858s] -- Up-to-date: /home/locobot/Documents/kobuki/install/share/ecl_containers/cmake/ecl_containersExport.cmake
[1.858s] -- Up-to-date: /home/locobot/Documents/kobuki/install/share/ecl_containers/cmake/ament_cmake_export_targets-extras.cmake
[1.858s] -- Up-to-date: /home/locobot/Documents/kobuki/install/share/ecl_containers/cmake/ament_cmake_export_include_directories-extras.cmake
[1.858s] -- Up-to-date: /home/locobot/Documents/kobuki/install/share/ecl_containers/cmake/ament_cmake_export_dependencies-extras.cmake
[1.858s] -- Up-to-date: /home/locobot/Documents/kobuki/install/share/ecl_containers/cmake/ecl_containersConfig.cmake
[1.858s] -- Up-to-date: /home/locobot/Documents/kobuki/install/share/ecl_containers/cmake/ecl_containersConfig-version.cmake
[1.858s] -- Up-to-date: /home/locobot/Documents/kobuki/install/share/ecl_containers/package.xml
[1.858s] -- Up-to-date: /home/locobot/Documents/kobuki/install/include/ecl/containers.hpp
[1.858s] -- Up-to-date: /home/locobot/Documents/kobuki/install/include/ecl/containers/array.hpp
[1.859s] -- Up-to-date: /home/locobot/Documents/kobuki/install/include/ecl/containers/converters.hpp
[1.859s] -- Up-to-date: /home/locobot/Documents/kobuki/install/include/ecl/containers/definitions.hpp
[1.859s] -- Up-to-date: /home/locobot/Documents/kobuki/install/include/ecl/containers/fifo.hpp
[1.859s] -- Up-to-date: /home/locobot/Documents/kobuki/install/include/ecl/containers/initialiser.hpp
[1.859s] -- Up-to-date: /home/locobot/Documents/kobuki/install/include/ecl/containers/push_and_pop.hpp
[1.859s] -- Up-to-date: /home/locobot/Documents/kobuki/install/include/ecl/containers/stencil.hpp
[1.859s] -- Up-to-date: /home/locobot/Documents/kobuki/install/include/ecl/containers/common/formatters.hpp
[1.859s] -- Up-to-date: /home/locobot/Documents/kobuki/install/include/ecl/containers/array/array_dynamic_mem_check.hpp
[1.859s] -- Up-to-date: /home/locobot/Documents/kobuki/install/include/ecl/containers/array/array_dynamic_no_mem_check.hpp
[1.860s] -- Up-to-date: /home/locobot/Documents/kobuki/install/include/ecl/containers/array/array_mem_check.hpp
[1.904s] -- Up-to-date: /home/locobot/Documents/kobuki/install/include/ecl/containers/array/array_no_mem_check.hpp
[1.904s] -- Up-to-date: /home/locobot/Documents/kobuki/install/include/ecl/containers/array/converters.hpp
[1.905s] -- Up-to-date: /home/locobot/Documents/kobuki/install/include/ecl/containers/array/formatters.hpp
[1.905s] -- Up-to-date: /home/locobot/Documents/kobuki/install/include/ecl/containers/push_and_pop/formatters.hpp
[1.905s] -- Up-to-date: /home/locobot/Documents/kobuki/install/include/ecl/containers/push_and_pop/push_and_pop_dynamic.hpp
[1.905s] -- Up-to-date: /home/locobot/Documents/kobuki/install/include/ecl/containers/push_and_pop/push_and_pop_fixed.hpp
[1.905s] -- Up-to-date: /home/locobot/Documents/kobuki/install/include/ecl/containers/stencil/converters.hpp
[1.905s] -- Up-to-date: /home/locobot/Documents/kobuki/install/include/ecl/containers/stencil/formatters.hpp
[1.905s] -- Up-to-date: /home/locobot/Documents/kobuki/install/include/ecl/containers/stencil/specialisations.hpp
[1.905s] -- Up-to-date: /home/locobot/Documents/kobuki/install/include/ecl/containers/stencil/stencil.hpp
[1.906s] -- Up-to-date: /home/locobot/Documents/kobuki/install/lib/ecl_containers/demo_formatters
[2.016s] Invoked command in '/home/locobot/Documents/kobuki/build/ecl_containers' returned '0': AMENT_PREFIX_PATH=/home/locobot/Documents/kobuki/install CMAKE_PREFIX_PATH=/home/locobot/Documents/kobuki/install LD_LIBRARY_PATH=/home/locobot/Documents/kobuki/install/lib PATH=/home/locobot/Documents/kobuki/install/bin:${PATH} PYTHONPATH=/home/locobot/Documents/kobuki/install/lib/python3.8/site-packages /usr/bin/cmake --install /home/locobot/Documents/kobuki/build/ecl_containers
