[1.929s] Invoking command in '/home/locobot/Documents/kobuki/src/ament_lint/ament_lint_cmake': AMENT_PREFIX_PATH=/home/locobot/Documents/kobuki/install CMAKE_PREFIX_PATH=/home/locobot/Documents/kobuki/install LD_LIBRARY_PATH=/home/locobot/Documents/kobuki/install/lib PATH=/home/locobot/Documents/kobuki/install/bin:${PATH} PYTHONPATH=/home/locobot/Documents/kobuki/build/ament_lint_cmake/prefix_override:/home/locobot/.local/lib/python3.8/site-packages/colcon_core/task/python/colcon_distutils_commands:/home/locobot/Documents/kobuki/install/lib/python3.8/site-packages:/home/locobot/Documents/kobuki/install/lib/python3.8/site-packages /usr/bin/python3 -W ignore:setup.py install is deprecated -W ignore:easy_install command is deprecated setup.py egg_info --egg-base ../../../build/ament_lint_cmake build --build-base /home/locobot/Documents/kobuki/build/ament_lint_cmake/build install --record /home/locobot/Documents/kobuki/build/ament_lint_cmake/install.log --single-version-externally-managed install_data
[2.462s] running egg_info
[2.463s] writing ../../../build/ament_lint_cmake/ament_lint_cmake.egg-info/PKG-INFO
[2.463s] writing dependency_links to ../../../build/ament_lint_cmake/ament_lint_cmake.egg-info/dependency_links.txt
[2.463s] writing entry points to ../../../build/ament_lint_cmake/ament_lint_cmake.egg-info/entry_points.txt
[2.464s] writing requirements to ../../../build/ament_lint_cmake/ament_lint_cmake.egg-info/requires.txt
[2.464s] writing top-level names to ../../../build/ament_lint_cmake/ament_lint_cmake.egg-info/top_level.txt
[2.543s] reading manifest file '../../../build/ament_lint_cmake/ament_lint_cmake.egg-info/SOURCES.txt'
[2.543s] writing manifest file '../../../build/ament_lint_cmake/ament_lint_cmake.egg-info/SOURCES.txt'
[2.544s] running build
[2.544s] running build_py
[2.544s] running install
[2.544s] running install_lib
[2.544s] running install_data
[2.544s] running install_egg_info
[2.544s] removing '/home/locobot/Documents/kobuki/install/lib/python3.8/site-packages/ament_lint_cmake-0.9.8-py3.8.egg-info' (and everything under it)
[2.544s] Copying ../../../build/ament_lint_cmake/ament_lint_cmake.egg-info to /home/locobot/Documents/kobuki/install/lib/python3.8/site-packages/ament_lint_cmake-0.9.8-py3.8.egg-info
[2.545s] running install_scripts
[2.572s] Installing ament_lint_cmake script to /home/locobot/Documents/kobuki/install/bin
[2.574s] writing list of installed files to '/home/locobot/Documents/kobuki/build/ament_lint_cmake/install.log'
[2.622s] Invoked command in '/home/locobot/Documents/kobuki/src/ament_lint/ament_lint_cmake' returned '0': AMENT_PREFIX_PATH=/home/locobot/Documents/kobuki/install CMAKE_PREFIX_PATH=/home/locobot/Documents/kobuki/install LD_LIBRARY_PATH=/home/locobot/Documents/kobuki/install/lib PATH=/home/locobot/Documents/kobuki/install/bin:${PATH} PYTHONPATH=/home/locobot/Documents/kobuki/build/ament_lint_cmake/prefix_override:/home/locobot/.local/lib/python3.8/site-packages/colcon_core/task/python/colcon_distutils_commands:/home/locobot/Documents/kobuki/install/lib/python3.8/site-packages:/home/locobot/Documents/kobuki/install/lib/python3.8/site-packages /usr/bin/python3 -W ignore:setup.py install is deprecated -W ignore:easy_install command is deprecated setup.py egg_info --egg-base ../../../build/ament_lint_cmake build --build-base /home/locobot/Documents/kobuki/build/ament_lint_cmake/build install --record /home/locobot/Documents/kobuki/build/ament_lint_cmake/install.log --single-version-externally-managed install_data
