-- Found ament_cmake_ros: 0.9.2 (/home/locobot/Documents/kobuki/install/share/ament_cmake_ros/cmake)
-- Using PYTHON_EXECUTABLE: /usr/bin/python3
-- Found ecl_build: 1.0.3 (/home/locobot/Documents/kobuki/install/share/ecl_build/cmake)
-- Found ecl_config: 1.1.0 (/home/locobot/Documents/kobuki/install/share/ecl_config/cmake)
-- Found ecl_errors: 1.1.0 (/home/locobot/Documents/kobuki/install/share/ecl_errors/cmake)
-- Configuring done
-- Generating done
-- Build files have been written to: /home/locobot/Documents/kobuki/build/ecl_exceptions
[ 16%] [32mBuilding CXX object src/lib/CMakeFiles/ecl_exceptions.dir/standard_exception.cpp.o[0m
[ 33%] [32m[1mLinking CXX shared library libecl_exceptions.so[0m
[ 33%] Built target ecl_exceptions
[ 50%] [32mBuilding CXX object src/examples/CMakeFiles/ecl_demo_exception_tracer.dir/exception_tracer.cpp.o[0m
[ 66%] [32m[1mLinking CXX executable demo_exception_tracer[0m
[ 66%] Built target ecl_demo_exception_tracer
[ 83%] [32mBuilding CXX object src/examples/CMakeFiles/ecl_demo_exceptions.dir/exceptions.cpp.o[0m
[100%] [32m[1mLinking CXX executable demo_exceptions[0m
[100%] Built target ecl_demo_exceptions
-- Install configuration: "RelWithDebInfo"
-- Up-to-date: /home/locobot/Documents/kobuki/install/share/ecl_exceptions/environment/library_path.sh
-- Installing: /home/locobot/Documents/kobuki/install/share/ecl_exceptions/environment/library_path.dsv
-- Up-to-date: /home/locobot/Documents/kobuki/install/share/ament_index/resource_index/package_run_dependencies/ecl_exceptions
-- Up-to-date: /home/locobot/Documents/kobuki/install/share/ament_index/resource_index/parent_prefix_path/ecl_exceptions
-- Up-to-date: /home/locobot/Documents/kobuki/install/share/ecl_exceptions/environment/ament_prefix_path.sh
-- Installing: /home/locobot/Documents/kobuki/install/share/ecl_exceptions/environment/ament_prefix_path.dsv
-- Up-to-date: /home/locobot/Documents/kobuki/install/share/ecl_exceptions/environment/path.sh
-- Installing: /home/locobot/Documents/kobuki/install/share/ecl_exceptions/environment/path.dsv
-- Up-to-date: /home/locobot/Documents/kobuki/install/share/ecl_exceptions/local_setup.bash
-- Up-to-date: /home/locobot/Documents/kobuki/install/share/ecl_exceptions/local_setup.sh
-- Up-to-date: /home/locobot/Documents/kobuki/install/share/ecl_exceptions/local_setup.zsh
-- Installing: /home/locobot/Documents/kobuki/install/share/ecl_exceptions/local_setup.dsv
-- Installing: /home/locobot/Documents/kobuki/install/share/ecl_exceptions/package.dsv
-- Up-to-date: /home/locobot/Documents/kobuki/install/share/ament_index/resource_index/packages/ecl_exceptions
-- Up-to-date: /home/locobot/Documents/kobuki/install/share/ecl_exceptions/cmake/ecl_exceptionsExport.cmake
-- Installing: /home/locobot/Documents/kobuki/install/share/ecl_exceptions/cmake/ecl_exceptionsExport-relwithdebinfo.cmake
-- Up-to-date: /home/locobot/Documents/kobuki/install/share/ecl_exceptions/cmake/ament_cmake_export_targets-extras.cmake
-- Up-to-date: /home/locobot/Documents/kobuki/install/share/ecl_exceptions/cmake/ament_cmake_export_include_directories-extras.cmake
-- Up-to-date: /home/locobot/Documents/kobuki/install/share/ecl_exceptions/cmake/ament_cmake_export_libraries-extras.cmake
-- Up-to-date: /home/locobot/Documents/kobuki/install/share/ecl_exceptions/cmake/ament_cmake_export_dependencies-extras.cmake
-- Up-to-date: /home/locobot/Documents/kobuki/install/share/ecl_exceptions/cmake/ecl_exceptionsConfig.cmake
-- Up-to-date: /home/locobot/Documents/kobuki/install/share/ecl_exceptions/cmake/ecl_exceptionsConfig-version.cmake
-- Up-to-date: /home/locobot/Documents/kobuki/install/share/ecl_exceptions/package.xml
-- Up-to-date: /home/locobot/Documents/kobuki/install/include/ecl/exceptions.hpp
-- Up-to-date: /home/locobot/Documents/kobuki/install/include/ecl/exceptions/data_exception.hpp
-- Up-to-date: /home/locobot/Documents/kobuki/install/include/ecl/exceptions/exception.hpp
-- Up-to-date: /home/locobot/Documents/kobuki/install/include/ecl/exceptions/macros.hpp
-- Up-to-date: /home/locobot/Documents/kobuki/install/include/ecl/exceptions/posix_error_handler.hpp
-- Up-to-date: /home/locobot/Documents/kobuki/install/include/ecl/exceptions/standard_exception.hpp
-- Installing: /home/locobot/Documents/kobuki/install/lib/libecl_exceptions.so.1.2.1
-- Set runtime path of "/home/locobot/Documents/kobuki/install/lib/libecl_exceptions.so.1.2.1" to ""
-- Up-to-date: /home/locobot/Documents/kobuki/install/lib/libecl_exceptions.so
-- Installing: /home/locobot/Documents/kobuki/install/lib/ecl_exceptions/demo_exceptions
-- Set runtime path of "/home/locobot/Documents/kobuki/install/lib/ecl_exceptions/demo_exceptions" to ""
-- Installing: /home/locobot/Documents/kobuki/install/lib/ecl_exceptions/demo_exception_tracer
-- Set runtime path of "/home/locobot/Documents/kobuki/install/lib/ecl_exceptions/demo_exception_tracer" to ""
