[0.241s] Invoking command in '/home/locobot/Documents/kobuki/build/ecl_exceptions': AMENT_PREFIX_PATH=/home/locobot/Documents/kobuki/install CMAKE_PREFIX_PATH=/home/locobot/Documents/kobuki/install LD_LIBRARY_PATH=/home/locobot/Documents/kobuki/install/lib PATH=/home/locobot/Documents/kobuki/install/bin:${PATH} PYTHONPATH=/home/locobot/Documents/kobuki/install/lib/python3.8/site-packages /usr/bin/cmake /home/locobot/Documents/kobuki/src/ecl_core/ecl_exceptions -DBUILD_TESTING=OFF -DCMAKE_BUILD_TYPE=RelWithDebInfo -DCMAKE_INSTALL_PREFIX=/home/locobot/Documents/kobuki/install
[0.290s] -- Found ament_cmake_ros: 0.9.2 (/home/locobot/Documents/kobuki/install/share/ament_cmake_ros/cmake)
[0.370s] -- Using PYTHON_EXECUTABLE: /usr/bin/python3
[0.719s] -- Found ecl_build: 1.0.3 (/home/locobot/Documents/kobuki/install/share/ecl_build/cmake)
[0.777s] -- Found ecl_config: 1.1.0 (/home/locobot/Documents/kobuki/install/share/ecl_config/cmake)
[0.800s] -- Found ecl_errors: 1.1.0 (/home/locobot/Documents/kobuki/install/share/ecl_errors/cmake)
[1.049s] -- Configuring done
[1.071s] -- Generating done
[1.075s] -- Build files have been written to: /home/locobot/Documents/kobuki/build/ecl_exceptions
[1.114s] Invoked command in '/home/locobot/Documents/kobuki/build/ecl_exceptions' returned '0': AMENT_PREFIX_PATH=/home/locobot/Documents/kobuki/install CMAKE_PREFIX_PATH=/home/locobot/Documents/kobuki/install LD_LIBRARY_PATH=/home/locobot/Documents/kobuki/install/lib PATH=/home/locobot/Documents/kobuki/install/bin:${PATH} PYTHONPATH=/home/locobot/Documents/kobuki/install/lib/python3.8/site-packages /usr/bin/cmake /home/locobot/Documents/kobuki/src/ecl_core/ecl_exceptions -DBUILD_TESTING=OFF -DCMAKE_BUILD_TYPE=RelWithDebInfo -DCMAKE_INSTALL_PREFIX=/home/locobot/Documents/kobuki/install
[1.123s] Invoking command in '/home/locobot/Documents/kobuki/build/ecl_exceptions': AMENT_PREFIX_PATH=/home/locobot/Documents/kobuki/install CMAKE_PREFIX_PATH=/home/locobot/Documents/kobuki/install LD_LIBRARY_PATH=/home/locobot/Documents/kobuki/install/lib PATH=/home/locobot/Documents/kobuki/install/bin:${PATH} PYTHONPATH=/home/locobot/Documents/kobuki/install/lib/python3.8/site-packages /usr/bin/cmake --build /home/locobot/Documents/kobuki/build/ecl_exceptions -- -j4 -l4
[1.200s] [ 16%] [32mBuilding CXX object src/lib/CMakeFiles/ecl_exceptions.dir/standard_exception.cpp.o[0m
[2.421s] [ 33%] [32m[1mLinking CXX shared library libecl_exceptions.so[0m
[2.687s] [ 33%] Built target ecl_exceptions
[2.822s] [ 50%] [32mBuilding CXX object src/examples/CMakeFiles/ecl_demo_exception_tracer.dir/exception_tracer.cpp.o[0m
[3.397s] [ 66%] [32m[1mLinking CXX executable demo_exception_tracer[0m
[3.541s] [ 66%] Built target ecl_demo_exception_tracer
[3.571s] [ 83%] [32mBuilding CXX object src/examples/CMakeFiles/ecl_demo_exceptions.dir/exceptions.cpp.o[0m
[4.927s] [100%] [32m[1mLinking CXX executable demo_exceptions[0m
[5.100s] [100%] Built target ecl_demo_exceptions
[5.196s] Invoked command in '/home/locobot/Documents/kobuki/build/ecl_exceptions' returned '0': AMENT_PREFIX_PATH=/home/locobot/Documents/kobuki/install CMAKE_PREFIX_PATH=/home/locobot/Documents/kobuki/install LD_LIBRARY_PATH=/home/locobot/Documents/kobuki/install/lib PATH=/home/locobot/Documents/kobuki/install/bin:${PATH} PYTHONPATH=/home/locobot/Documents/kobuki/install/lib/python3.8/site-packages /usr/bin/cmake --build /home/locobot/Documents/kobuki/build/ecl_exceptions -- -j4 -l4
[5.198s] Invoking command in '/home/locobot/Documents/kobuki/build/ecl_exceptions': AMENT_PREFIX_PATH=/home/locobot/Documents/kobuki/install CMAKE_PREFIX_PATH=/home/locobot/Documents/kobuki/install LD_LIBRARY_PATH=/home/locobot/Documents/kobuki/install/lib PATH=/home/locobot/Documents/kobuki/install/bin:${PATH} PYTHONPATH=/home/locobot/Documents/kobuki/install/lib/python3.8/site-packages /usr/bin/cmake --install /home/locobot/Documents/kobuki/build/ecl_exceptions
[5.209s] -- Install configuration: "RelWithDebInfo"
[5.210s] -- Up-to-date: /home/locobot/Documents/kobuki/install/share/ecl_exceptions/environment/library_path.sh
[5.210s] -- Installing: /home/locobot/Documents/kobuki/install/share/ecl_exceptions/environment/library_path.dsv
[5.213s] -- Up-to-date: /home/locobot/Documents/kobuki/install/share/ament_index/resource_index/package_run_dependencies/ecl_exceptions
[5.213s] -- Up-to-date: /home/locobot/Documents/kobuki/install/share/ament_index/resource_index/parent_prefix_path/ecl_exceptions
[5.213s] -- Up-to-date: /home/locobot/Documents/kobuki/install/share/ecl_exceptions/environment/ament_prefix_path.sh
[5.213s] -- Installing: /home/locobot/Documents/kobuki/install/share/ecl_exceptions/environment/ament_prefix_path.dsv
[5.213s] -- Up-to-date: /home/locobot/Documents/kobuki/install/share/ecl_exceptions/environment/path.sh
[5.214s] -- Installing: /home/locobot/Documents/kobuki/install/share/ecl_exceptions/environment/path.dsv
[5.214s] -- Up-to-date: /home/locobot/Documents/kobuki/install/share/ecl_exceptions/local_setup.bash
[5.214s] -- Up-to-date: /home/locobot/Documents/kobuki/install/share/ecl_exceptions/local_setup.sh
[5.214s] -- Up-to-date: /home/locobot/Documents/kobuki/install/share/ecl_exceptions/local_setup.zsh
[5.214s] -- Installing: /home/locobot/Documents/kobuki/install/share/ecl_exceptions/local_setup.dsv
[5.214s] -- Installing: /home/locobot/Documents/kobuki/install/share/ecl_exceptions/package.dsv
[5.214s] -- Up-to-date: /home/locobot/Documents/kobuki/install/share/ament_index/resource_index/packages/ecl_exceptions
[5.214s] -- Up-to-date: /home/locobot/Documents/kobuki/install/share/ecl_exceptions/cmake/ecl_exceptionsExport.cmake
[5.215s] -- Installing: /home/locobot/Documents/kobuki/install/share/ecl_exceptions/cmake/ecl_exceptionsExport-relwithdebinfo.cmake
[5.215s] -- Up-to-date: /home/locobot/Documents/kobuki/install/share/ecl_exceptions/cmake/ament_cmake_export_targets-extras.cmake
[5.215s] -- Up-to-date: /home/locobot/Documents/kobuki/install/share/ecl_exceptions/cmake/ament_cmake_export_include_directories-extras.cmake
[5.237s] -- Up-to-date: /home/locobot/Documents/kobuki/install/share/ecl_exceptions/cmake/ament_cmake_export_libraries-extras.cmake
[5.238s] -- Up-to-date: /home/locobot/Documents/kobuki/install/share/ecl_exceptions/cmake/ament_cmake_export_dependencies-extras.cmake
[5.239s] -- Up-to-date: /home/locobot/Documents/kobuki/install/share/ecl_exceptions/cmake/ecl_exceptionsConfig.cmake
[5.240s] -- Up-to-date: /home/locobot/Documents/kobuki/install/share/ecl_exceptions/cmake/ecl_exceptionsConfig-version.cmake
[5.241s] -- Up-to-date: /home/locobot/Documents/kobuki/install/share/ecl_exceptions/package.xml
[5.242s] -- Up-to-date: /home/locobot/Documents/kobuki/install/include/ecl/exceptions.hpp
[5.244s] -- Up-to-date: /home/locobot/Documents/kobuki/install/include/ecl/exceptions/data_exception.hpp
[5.251s] -- Up-to-date: /home/locobot/Documents/kobuki/install/include/ecl/exceptions/exception.hpp
[5.251s] -- Up-to-date: /home/locobot/Documents/kobuki/install/include/ecl/exceptions/macros.hpp
[5.251s] -- Up-to-date: /home/locobot/Documents/kobuki/install/include/ecl/exceptions/posix_error_handler.hpp
[5.251s] -- Up-to-date: /home/locobot/Documents/kobuki/install/include/ecl/exceptions/standard_exception.hpp
[5.251s] -- Installing: /home/locobot/Documents/kobuki/install/lib/libecl_exceptions.so.1.2.1
[5.252s] -- Set runtime path of "/home/locobot/Documents/kobuki/install/lib/libecl_exceptions.so.1.2.1" to ""
[5.252s] -- Up-to-date: /home/locobot/Documents/kobuki/install/lib/libecl_exceptions.so
[5.252s] -- Installing: /home/locobot/Documents/kobuki/install/lib/ecl_exceptions/demo_exceptions
[5.252s] -- Set runtime path of "/home/locobot/Documents/kobuki/install/lib/ecl_exceptions/demo_exceptions" to ""
[5.252s] -- Installing: /home/locobot/Documents/kobuki/install/lib/ecl_exceptions/demo_exception_tracer
[5.252s] -- Set runtime path of "/home/locobot/Documents/kobuki/install/lib/ecl_exceptions/demo_exception_tracer" to ""
[5.252s] Invoked command in '/home/locobot/Documents/kobuki/build/ecl_exceptions' returned '0': AMENT_PREFIX_PATH=/home/locobot/Documents/kobuki/install CMAKE_PREFIX_PATH=/home/locobot/Documents/kobuki/install LD_LIBRARY_PATH=/home/locobot/Documents/kobuki/install/lib PATH=/home/locobot/Documents/kobuki/install/bin:${PATH} PYTHONPATH=/home/locobot/Documents/kobuki/install/lib/python3.8/site-packages /usr/bin/cmake --install /home/locobot/Documents/kobuki/build/ecl_exceptions
