[0.134s] Invoking command in '/home/locobot/Documents/kobuki/build/ament_cmake_python': AMENT_PREFIX_PATH=/home/locobot/Documents/kobuki/install CMAKE_PREFIX_PATH=/home/locobot/Documents/kobuki/install LD_LIBRARY_PATH=/home/locobot/Documents/kobuki/install/lib PATH=/home/locobot/Documents/kobuki/install/bin:${PATH} PYTHONPATH=/home/locobot/Documents/kobuki/install/lib/python3.8/site-packages /usr/bin/cmake /home/locobot/Documents/kobuki/src/ament_cmake/ament_cmake_python -DBUILD_TESTING=OFF --no-warn-unused-cli -DCMAKE_INSTALL_PREFIX=/home/locobot/Documents/kobuki/install
[0.165s] Not searching for unused variables given on the command line.
[0.172s] -- Found ament_cmake_core: 0.9.12 (/home/locobot/Documents/kobuki/install/share/ament_cmake_core/cmake)
[0.225s] -- Using PYTHON_EXECUTABLE: /usr/bin/python3
[0.770s] -- Configuring done
[0.780s] -- Generating done
[0.786s] -- Build files have been written to: /home/locobot/Documents/kobuki/build/ament_cmake_python
[0.934s] Invoked command in '/home/locobot/Documents/kobuki/build/ament_cmake_python' returned '0': AMENT_PREFIX_PATH=/home/locobot/Documents/kobuki/install CMAKE_PREFIX_PATH=/home/locobot/Documents/kobuki/install LD_LIBRARY_PATH=/home/locobot/Documents/kobuki/install/lib PATH=/home/locobot/Documents/kobuki/install/bin:${PATH} PYTHONPATH=/home/locobot/Documents/kobuki/install/lib/python3.8/site-packages /usr/bin/cmake /home/locobot/Documents/kobuki/src/ament_cmake/ament_cmake_python -DBUILD_TESTING=OFF --no-warn-unused-cli -DCMAKE_INSTALL_PREFIX=/home/locobot/Documents/kobuki/install
[0.938s] Invoking command in '/home/locobot/Documents/kobuki/build/ament_cmake_python': AMENT_PREFIX_PATH=/home/locobot/Documents/kobuki/install CMAKE_PREFIX_PATH=/home/locobot/Documents/kobuki/install LD_LIBRARY_PATH=/home/locobot/Documents/kobuki/install/lib PATH=/home/locobot/Documents/kobuki/install/bin:${PATH} PYTHONPATH=/home/locobot/Documents/kobuki/install/lib/python3.8/site-packages /usr/bin/cmake --build /home/locobot/Documents/kobuki/build/ament_cmake_python -- -j4 -l4
[1.043s] Invoked command in '/home/locobot/Documents/kobuki/build/ament_cmake_python' returned '0': AMENT_PREFIX_PATH=/home/locobot/Documents/kobuki/install CMAKE_PREFIX_PATH=/home/locobot/Documents/kobuki/install LD_LIBRARY_PATH=/home/locobot/Documents/kobuki/install/lib PATH=/home/locobot/Documents/kobuki/install/bin:${PATH} PYTHONPATH=/home/locobot/Documents/kobuki/install/lib/python3.8/site-packages /usr/bin/cmake --build /home/locobot/Documents/kobuki/build/ament_cmake_python -- -j4 -l4
[1.048s] Invoking command in '/home/locobot/Documents/kobuki/build/ament_cmake_python': AMENT_PREFIX_PATH=/home/locobot/Documents/kobuki/install CMAKE_PREFIX_PATH=/home/locobot/Documents/kobuki/install LD_LIBRARY_PATH=/home/locobot/Documents/kobuki/install/lib PATH=/home/locobot/Documents/kobuki/install/bin:${PATH} PYTHONPATH=/home/locobot/Documents/kobuki/install/lib/python3.8/site-packages /usr/bin/cmake --install /home/locobot/Documents/kobuki/build/ament_cmake_python
[1.123s] -- Install configuration: ""
[1.123s] -- Up-to-date: /home/locobot/Documents/kobuki/install/share/ament_index/resource_index/package_run_dependencies/ament_cmake_python
[1.127s] -- Up-to-date: /home/locobot/Documents/kobuki/install/share/ament_index/resource_index/parent_prefix_path/ament_cmake_python
[1.128s] -- Up-to-date: /home/locobot/Documents/kobuki/install/share/ament_cmake_python/environment/ament_prefix_path.sh
[1.128s] -- Installing: /home/locobot/Documents/kobuki/install/share/ament_cmake_python/environment/ament_prefix_path.dsv
[1.128s] -- Up-to-date: /home/locobot/Documents/kobuki/install/share/ament_cmake_python/environment/path.sh
[1.128s] -- Installing: /home/locobot/Documents/kobuki/install/share/ament_cmake_python/environment/path.dsv
[1.128s] -- Up-to-date: /home/locobot/Documents/kobuki/install/share/ament_cmake_python/local_setup.bash
[1.128s] -- Up-to-date: /home/locobot/Documents/kobuki/install/share/ament_cmake_python/local_setup.sh
[1.128s] -- Up-to-date: /home/locobot/Documents/kobuki/install/share/ament_cmake_python/local_setup.zsh
[1.128s] -- Installing: /home/locobot/Documents/kobuki/install/share/ament_cmake_python/local_setup.dsv
[1.128s] -- Installing: /home/locobot/Documents/kobuki/install/share/ament_cmake_python/package.dsv
[1.128s] -- Up-to-date: /home/locobot/Documents/kobuki/install/share/ament_index/resource_index/packages/ament_cmake_python
[1.129s] -- Up-to-date: /home/locobot/Documents/kobuki/install/share/ament_cmake_python/cmake/ament_cmake_python-extras.cmake
[1.129s] -- Up-to-date: /home/locobot/Documents/kobuki/install/share/ament_cmake_python/cmake/ament_cmake_pythonConfig.cmake
[1.129s] -- Up-to-date: /home/locobot/Documents/kobuki/install/share/ament_cmake_python/cmake/ament_cmake_pythonConfig-version.cmake
[1.129s] -- Up-to-date: /home/locobot/Documents/kobuki/install/share/ament_cmake_python/package.xml
[1.129s] -- Up-to-date: /home/locobot/Documents/kobuki/install/share/ament_cmake_python/cmake
[1.129s] -- Up-to-date: /home/locobot/Documents/kobuki/install/share/ament_cmake_python/cmake/ament_python_install_package.cmake
[1.129s] -- Up-to-date: /home/locobot/Documents/kobuki/install/share/ament_cmake_python/cmake/ament_python_install_module.cmake
[1.129s] Invoked command in '/home/locobot/Documents/kobuki/build/ament_cmake_python' returned '0': AMENT_PREFIX_PATH=/home/locobot/Documents/kobuki/install CMAKE_PREFIX_PATH=/home/locobot/Documents/kobuki/install LD_LIBRARY_PATH=/home/locobot/Documents/kobuki/install/lib PATH=/home/locobot/Documents/kobuki/install/bin:${PATH} PYTHONPATH=/home/locobot/Documents/kobuki/install/lib/python3.8/site-packages /usr/bin/cmake --install /home/locobot/Documents/kobuki/build/ament_cmake_python
