[0.207s] Invoking command in '/home/locobot/Documents/kobuki/build/ecl_time': AMENT_PREFIX_PATH=/home/locobot/Documents/kobuki/install CMAKE_PREFIX_PATH=/home/locobot/Documents/kobuki/install LD_LIBRARY_PATH=/home/locobot/Documents/kobuki/install/lib PATH=/home/locobot/Documents/kobuki/install/bin:${PATH} PYTHONPATH=/home/locobot/Documents/kobuki/install/lib/python3.8/site-packages /usr/bin/cmake /home/locobot/Documents/kobuki/src/ecl_core/ecl_time -DBUILD_TESTING=OFF --no-warn-unused-cli -DCMAKE_INSTALL_PREFIX=/home/locobot/Documents/kobuki/install
[0.229s] Not searching for unused variables given on the command line.
[0.230s] -- Found ament_cmake_ros: 0.9.2 (/home/locobot/Documents/kobuki/install/share/ament_cmake_ros/cmake)
[0.310s] -- Using PYTHON_EXECUTABLE: /usr/bin/python3
[0.559s] -- Found ecl_build: 1.0.3 (/home/locobot/Documents/kobuki/install/share/ecl_build/cmake)
[0.559s] -- Found ecl_config: 1.1.0 (/home/locobot/Documents/kobuki/install/share/ecl_config/cmake)
[0.561s] -- Found ecl_errors: 1.1.0 (/home/locobot/Documents/kobuki/install/share/ecl_errors/cmake)
[0.566s] -- Found ecl_exceptions: 1.2.1 (/home/locobot/Documents/kobuki/install/share/ecl_exceptions/cmake)
[0.570s] -- Found ecl_time_lite: 1.1.0 (/home/locobot/Documents/kobuki/install/share/ecl_time_lite/cmake)
[0.758s] -- Configuring done
[0.779s] -- Generating done
[0.785s] -- Build files have been written to: /home/locobot/Documents/kobuki/build/ecl_time
[0.795s] Invoked command in '/home/locobot/Documents/kobuki/build/ecl_time' returned '0': AMENT_PREFIX_PATH=/home/locobot/Documents/kobuki/install CMAKE_PREFIX_PATH=/home/locobot/Documents/kobuki/install LD_LIBRARY_PATH=/home/locobot/Documents/kobuki/install/lib PATH=/home/locobot/Documents/kobuki/install/bin:${PATH} PYTHONPATH=/home/locobot/Documents/kobuki/install/lib/python3.8/site-packages /usr/bin/cmake /home/locobot/Documents/kobuki/src/ecl_core/ecl_time -DBUILD_TESTING=OFF --no-warn-unused-cli -DCMAKE_INSTALL_PREFIX=/home/locobot/Documents/kobuki/install
[0.797s] Invoking command in '/home/locobot/Documents/kobuki/build/ecl_time': AMENT_PREFIX_PATH=/home/locobot/Documents/kobuki/install CMAKE_PREFIX_PATH=/home/locobot/Documents/kobuki/install LD_LIBRARY_PATH=/home/locobot/Documents/kobuki/install/lib PATH=/home/locobot/Documents/kobuki/install/bin:${PATH} PYTHONPATH=/home/locobot/Documents/kobuki/install/lib/python3.8/site-packages /usr/bin/cmake --build /home/locobot/Documents/kobuki/build/ecl_time -- -j4 -l4
[0.885s] [ 75%] Built target ecl_time
[0.928s] [ 87%] Built target ecl_time_example_sleep
[0.946s] [100%] Built target ecl_time_example_random_number_generator
[0.987s] Invoked command in '/home/locobot/Documents/kobuki/build/ecl_time' returned '0': AMENT_PREFIX_PATH=/home/locobot/Documents/kobuki/install CMAKE_PREFIX_PATH=/home/locobot/Documents/kobuki/install LD_LIBRARY_PATH=/home/locobot/Documents/kobuki/install/lib PATH=/home/locobot/Documents/kobuki/install/bin:${PATH} PYTHONPATH=/home/locobot/Documents/kobuki/install/lib/python3.8/site-packages /usr/bin/cmake --build /home/locobot/Documents/kobuki/build/ecl_time -- -j4 -l4
[0.987s] Invoking command in '/home/locobot/Documents/kobuki/build/ecl_time': AMENT_PREFIX_PATH=/home/locobot/Documents/kobuki/install CMAKE_PREFIX_PATH=/home/locobot/Documents/kobuki/install LD_LIBRARY_PATH=/home/locobot/Documents/kobuki/install/lib PATH=/home/locobot/Documents/kobuki/install/bin:${PATH} PYTHONPATH=/home/locobot/Documents/kobuki/install/lib/python3.8/site-packages /usr/bin/cmake --install /home/locobot/Documents/kobuki/build/ecl_time
[1.006s] -- Install configuration: ""
[1.006s] -- Up-to-date: /home/locobot/Documents/kobuki/install/share/ecl_time/environment/library_path.sh
[1.006s] -- Installing: /home/locobot/Documents/kobuki/install/share/ecl_time/environment/library_path.dsv
[1.006s] -- Up-to-date: /home/locobot/Documents/kobuki/install/share/ament_index/resource_index/package_run_dependencies/ecl_time
[1.006s] -- Up-to-date: /home/locobot/Documents/kobuki/install/share/ament_index/resource_index/parent_prefix_path/ecl_time
[1.007s] -- Up-to-date: /home/locobot/Documents/kobuki/install/share/ecl_time/environment/ament_prefix_path.sh
[1.007s] -- Installing: /home/locobot/Documents/kobuki/install/share/ecl_time/environment/ament_prefix_path.dsv
[1.007s] -- Up-to-date: /home/locobot/Documents/kobuki/install/share/ecl_time/environment/path.sh
[1.007s] -- Installing: /home/locobot/Documents/kobuki/install/share/ecl_time/environment/path.dsv
[1.007s] -- Up-to-date: /home/locobot/Documents/kobuki/install/share/ecl_time/local_setup.bash
[1.007s] -- Up-to-date: /home/locobot/Documents/kobuki/install/share/ecl_time/local_setup.sh
[1.007s] -- Up-to-date: /home/locobot/Documents/kobuki/install/share/ecl_time/local_setup.zsh
[1.008s] -- Installing: /home/locobot/Documents/kobuki/install/share/ecl_time/local_setup.dsv
[1.008s] -- Installing: /home/locobot/Documents/kobuki/install/share/ecl_time/package.dsv
[1.008s] -- Up-to-date: /home/locobot/Documents/kobuki/install/share/ament_index/resource_index/packages/ecl_time
[1.008s] -- Up-to-date: /home/locobot/Documents/kobuki/install/share/ecl_time/cmake/ecl_timeExport.cmake
[1.008s] -- Installing: /home/locobot/Documents/kobuki/install/share/ecl_time/cmake/ecl_timeExport-noconfig.cmake
[1.008s] -- Up-to-date: /home/locobot/Documents/kobuki/install/share/ecl_time/cmake/ament_cmake_export_targets-extras.cmake
[1.008s] -- Up-to-date: /home/locobot/Documents/kobuki/install/share/ecl_time/cmake/ament_cmake_export_include_directories-extras.cmake
[1.008s] -- Up-to-date: /home/locobot/Documents/kobuki/install/share/ecl_time/cmake/ament_cmake_export_libraries-extras.cmake
[1.008s] -- Up-to-date: /home/locobot/Documents/kobuki/install/share/ecl_time/cmake/ament_cmake_export_dependencies-extras.cmake
[1.008s] -- Up-to-date: /home/locobot/Documents/kobuki/install/share/ecl_time/cmake/ecl_timeConfig.cmake
[1.009s] -- Up-to-date: /home/locobot/Documents/kobuki/install/share/ecl_time/cmake/ecl_timeConfig-version.cmake
[1.009s] -- Up-to-date: /home/locobot/Documents/kobuki/install/share/ecl_time/package.xml
[1.009s] -- Up-to-date: /home/locobot/Documents/kobuki/install/include/ecl/time.hpp
[1.009s] -- Up-to-date: /home/locobot/Documents/kobuki/install/include/ecl/time/cpuwatch.hpp
[1.009s] -- Up-to-date: /home/locobot/Documents/kobuki/install/include/ecl/time/cpuwatch_rt.hpp
[1.009s] -- Up-to-date: /home/locobot/Documents/kobuki/install/include/ecl/time/duration.hpp
[1.009s] -- Up-to-date: /home/locobot/Documents/kobuki/install/include/ecl/time/frequency.hpp
[1.009s] -- Up-to-date: /home/locobot/Documents/kobuki/install/include/ecl/time/macros.hpp
[1.009s] -- Up-to-date: /home/locobot/Documents/kobuki/install/include/ecl/time/random_number_generator.hpp
[1.010s] -- Up-to-date: /home/locobot/Documents/kobuki/install/include/ecl/time/sleep.hpp
[1.010s] -- Up-to-date: /home/locobot/Documents/kobuki/install/include/ecl/time/sleep_pos.hpp
[1.010s] -- Up-to-date: /home/locobot/Documents/kobuki/install/include/ecl/time/sleep_win.hpp
[1.010s] -- Up-to-date: /home/locobot/Documents/kobuki/install/include/ecl/time/snooze.hpp
[1.010s] -- Up-to-date: /home/locobot/Documents/kobuki/install/include/ecl/time/snooze_pos.hpp
[1.010s] -- Up-to-date: /home/locobot/Documents/kobuki/install/include/ecl/time/snooze_win.hpp
[1.010s] -- Up-to-date: /home/locobot/Documents/kobuki/install/include/ecl/time/stopwatch.hpp
[1.010s] -- Up-to-date: /home/locobot/Documents/kobuki/install/include/ecl/time/time_data.hpp
[1.010s] -- Up-to-date: /home/locobot/Documents/kobuki/install/include/ecl/time/timestamp.hpp
[1.010s] -- Up-to-date: /home/locobot/Documents/kobuki/install/include/ecl/time/timestamp_base.hpp
[1.011s] -- Up-to-date: /home/locobot/Documents/kobuki/install/include/ecl/time/timestamp_pos.hpp
[1.011s] -- Up-to-date: /home/locobot/Documents/kobuki/install/include/ecl/time/timestamp_win.hpp
[1.011s] -- Up-to-date: /home/locobot/Documents/kobuki/install/lib/libecl_time.so.1.2.1
[1.012s] -- Up-to-date: /home/locobot/Documents/kobuki/install/lib/libecl_time.so
[1.013s] -- Up-to-date: /home/locobot/Documents/kobuki/install/lib/ecl_time/demo_random_number_generator
[1.018s] -- Up-to-date: /home/locobot/Documents/kobuki/install/lib/ecl_time/demo_sleep
[1.034s] Invoked command in '/home/locobot/Documents/kobuki/build/ecl_time' returned '0': AMENT_PREFIX_PATH=/home/locobot/Documents/kobuki/install CMAKE_PREFIX_PATH=/home/locobot/Documents/kobuki/install LD_LIBRARY_PATH=/home/locobot/Documents/kobuki/install/lib PATH=/home/locobot/Documents/kobuki/install/bin:${PATH} PYTHONPATH=/home/locobot/Documents/kobuki/install/lib/python3.8/site-packages /usr/bin/cmake --install /home/locobot/Documents/kobuki/build/ecl_time
