[0.439s] Invoking command in '/home/locobot/Documents/kobuki/build/ament_cmake_gmock': AMENT_PREFIX_PATH=/home/locobot/Documents/kobuki/install CMAKE_PREFIX_PATH=/home/locobot/Documents/kobuki/install PATH=/home/locobot/Documents/kobuki/install/bin:${PATH} PYTHONPATH=/home/locobot/Documents/kobuki/install/lib/python3.8/site-packages /usr/bin/cmake /home/locobot/Documents/kobuki/src/ament_cmake/ament_cmake_gmock -DBUILD_TESTING=OFF -DCMAKE_INSTALL_PREFIX=/home/locobot/Documents/kobuki/install
[0.474s] -- Found ament_cmake_core: 0.9.12 (/home/locobot/Documents/kobuki/install/share/ament_cmake_core/cmake)
[0.536s] -- Found PythonInterp: /usr/bin/python3 (found suitable version "3.8.10", minimum required is "3") 
[0.544s] -- Using PYTHON_EXECUTABLE: /usr/bin/python3
[1.108s] -- Configuring done
[1.116s] -- Generating done
[1.116s] -- Build files have been written to: /home/locobot/Documents/kobuki/build/ament_cmake_gmock
[1.129s] Invoked command in '/home/locobot/Documents/kobuki/build/ament_cmake_gmock' returned '0': AMENT_PREFIX_PATH=/home/locobot/Documents/kobuki/install CMAKE_PREFIX_PATH=/home/locobot/Documents/kobuki/install PATH=/home/locobot/Documents/kobuki/install/bin:${PATH} PYTHONPATH=/home/locobot/Documents/kobuki/install/lib/python3.8/site-packages /usr/bin/cmake /home/locobot/Documents/kobuki/src/ament_cmake/ament_cmake_gmock -DBUILD_TESTING=OFF -DCMAKE_INSTALL_PREFIX=/home/locobot/Documents/kobuki/install
[1.131s] Invoking command in '/home/locobot/Documents/kobuki/build/ament_cmake_gmock': AMENT_PREFIX_PATH=/home/locobot/Documents/kobuki/install CMAKE_PREFIX_PATH=/home/locobot/Documents/kobuki/install PATH=/home/locobot/Documents/kobuki/install/bin:${PATH} PYTHONPATH=/home/locobot/Documents/kobuki/install/lib/python3.8/site-packages /usr/bin/cmake --build /home/locobot/Documents/kobuki/build/ament_cmake_gmock -- -j4 -l4
[1.261s] Invoked command in '/home/locobot/Documents/kobuki/build/ament_cmake_gmock' returned '0': AMENT_PREFIX_PATH=/home/locobot/Documents/kobuki/install CMAKE_PREFIX_PATH=/home/locobot/Documents/kobuki/install PATH=/home/locobot/Documents/kobuki/install/bin:${PATH} PYTHONPATH=/home/locobot/Documents/kobuki/install/lib/python3.8/site-packages /usr/bin/cmake --build /home/locobot/Documents/kobuki/build/ament_cmake_gmock -- -j4 -l4
[1.263s] Invoking command in '/home/locobot/Documents/kobuki/build/ament_cmake_gmock': AMENT_PREFIX_PATH=/home/locobot/Documents/kobuki/install CMAKE_PREFIX_PATH=/home/locobot/Documents/kobuki/install PATH=/home/locobot/Documents/kobuki/install/bin:${PATH} PYTHONPATH=/home/locobot/Documents/kobuki/install/lib/python3.8/site-packages /usr/bin/cmake --install /home/locobot/Documents/kobuki/build/ament_cmake_gmock
[1.303s] -- Install configuration: ""
[1.303s] -- Installing: /home/locobot/Documents/kobuki/install/share/ament_index/resource_index/package_run_dependencies/ament_cmake_gmock
[1.303s] -- Installing: /home/locobot/Documents/kobuki/install/share/ament_index/resource_index/parent_prefix_path/ament_cmake_gmock
[1.303s] -- Installing: /home/locobot/Documents/kobuki/install/share/ament_cmake_gmock/environment/ament_prefix_path.sh
[1.303s] -- Installing: /home/locobot/Documents/kobuki/install/share/ament_cmake_gmock/environment/ament_prefix_path.dsv
[1.303s] -- Installing: /home/locobot/Documents/kobuki/install/share/ament_cmake_gmock/environment/path.sh
[1.304s] -- Installing: /home/locobot/Documents/kobuki/install/share/ament_cmake_gmock/environment/path.dsv
[1.304s] -- Installing: /home/locobot/Documents/kobuki/install/share/ament_cmake_gmock/local_setup.bash
[1.304s] -- Installing: /home/locobot/Documents/kobuki/install/share/ament_cmake_gmock/local_setup.sh
[1.304s] -- Installing: /home/locobot/Documents/kobuki/install/share/ament_cmake_gmock/local_setup.zsh
[1.304s] -- Installing: /home/locobot/Documents/kobuki/install/share/ament_cmake_gmock/local_setup.dsv
[1.304s] -- Installing: /home/locobot/Documents/kobuki/install/share/ament_cmake_gmock/package.dsv
[1.304s] -- Installing: /home/locobot/Documents/kobuki/install/share/ament_index/resource_index/packages/ament_cmake_gmock
[1.304s] -- Installing: /home/locobot/Documents/kobuki/install/share/ament_cmake_gmock/cmake/ament_cmake_gmock-extras.cmake
[1.305s] -- Installing: /home/locobot/Documents/kobuki/install/share/ament_cmake_gmock/cmake/ament_cmake_gmockConfig.cmake
[1.305s] -- Installing: /home/locobot/Documents/kobuki/install/share/ament_cmake_gmock/cmake/ament_cmake_gmockConfig-version.cmake
[1.305s] -- Installing: /home/locobot/Documents/kobuki/install/share/ament_cmake_gmock/package.xml
[1.305s] -- Up-to-date: /home/locobot/Documents/kobuki/install/share/ament_cmake_gmock/cmake
[1.305s] -- Installing: /home/locobot/Documents/kobuki/install/share/ament_cmake_gmock/cmake/ament_add_gmock.cmake
[1.305s] -- Installing: /home/locobot/Documents/kobuki/install/share/ament_cmake_gmock/cmake/ament_find_gmock.cmake
[1.312s] Invoked command in '/home/locobot/Documents/kobuki/build/ament_cmake_gmock' returned '0': AMENT_PREFIX_PATH=/home/locobot/Documents/kobuki/install CMAKE_PREFIX_PATH=/home/locobot/Documents/kobuki/install PATH=/home/locobot/Documents/kobuki/install/bin:${PATH} PYTHONPATH=/home/locobot/Documents/kobuki/install/lib/python3.8/site-packages /usr/bin/cmake --install /home/locobot/Documents/kobuki/build/ament_cmake_gmock
