[0.280s] Invoking command in '/home/locobot/Documents/kobuki/build/ecl_time': AMENT_PREFIX_PATH=/home/locobot/Documents/kobuki/install CMAKE_PREFIX_PATH=/home/locobot/Documents/kobuki/install LD_LIBRARY_PATH=/home/locobot/Documents/kobuki/install/lib PATH=/home/locobot/Documents/kobuki/install/bin:${PATH} PYTHONPATH=/home/locobot/Documents/kobuki/install/lib/python3.8/site-packages /usr/bin/cmake /home/locobot/Documents/kobuki/src/ecl_core/ecl_time -DBUILD_TESTING=OFF -DCMAKE_BUILD_TYPE=RelWithDebInfo -DCMAKE_INSTALL_PREFIX=/home/locobot/Documents/kobuki/install
[0.357s] -- Found ament_cmake_ros: 0.9.2 (/home/locobot/Documents/kobuki/install/share/ament_cmake_ros/cmake)
[0.421s] -- Using PYTHON_EXECUTABLE: /usr/bin/python3
[0.733s] -- Found ecl_build: 1.0.3 (/home/locobot/Documents/kobuki/install/share/ecl_build/cmake)
[0.744s] -- Found ecl_config: 1.1.0 (/home/locobot/Documents/kobuki/install/share/ecl_config/cmake)
[0.747s] -- Found ecl_errors: 1.1.0 (/home/locobot/Documents/kobuki/install/share/ecl_errors/cmake)
[0.752s] -- Found ecl_exceptions: 1.2.1 (/home/locobot/Documents/kobuki/install/share/ecl_exceptions/cmake)
[0.758s] -- Found ecl_time_lite: 1.1.0 (/home/locobot/Documents/kobuki/install/share/ecl_time_lite/cmake)
[0.909s] -- Configuring done
[0.955s] -- Generating done
[0.966s] -- Build files have been written to: /home/locobot/Documents/kobuki/build/ecl_time
[0.967s] Invoked command in '/home/locobot/Documents/kobuki/build/ecl_time' returned '0': AMENT_PREFIX_PATH=/home/locobot/Documents/kobuki/install CMAKE_PREFIX_PATH=/home/locobot/Documents/kobuki/install LD_LIBRARY_PATH=/home/locobot/Documents/kobuki/install/lib PATH=/home/locobot/Documents/kobuki/install/bin:${PATH} PYTHONPATH=/home/locobot/Documents/kobuki/install/lib/python3.8/site-packages /usr/bin/cmake /home/locobot/Documents/kobuki/src/ecl_core/ecl_time -DBUILD_TESTING=OFF -DCMAKE_BUILD_TYPE=RelWithDebInfo -DCMAKE_INSTALL_PREFIX=/home/locobot/Documents/kobuki/install
[0.968s] Invoking command in '/home/locobot/Documents/kobuki/build/ecl_time': AMENT_PREFIX_PATH=/home/locobot/Documents/kobuki/install CMAKE_PREFIX_PATH=/home/locobot/Documents/kobuki/install LD_LIBRARY_PATH=/home/locobot/Documents/kobuki/install/lib PATH=/home/locobot/Documents/kobuki/install/bin:${PATH} PYTHONPATH=/home/locobot/Documents/kobuki/install/lib/python3.8/site-packages /usr/bin/cmake --build /home/locobot/Documents/kobuki/build/ecl_time -- -j4 -l4
[1.179s] [  6%] [32mBuilding CXX object src/lib/CMakeFiles/ecl_time.dir/cpuwatch_rt.cpp.o[0m
[1.771s] [ 12%] [32mBuilding CXX object src/lib/CMakeFiles/ecl_time.dir/sleep_pos.cpp.o[0m
[2.284s] [ 18%] [32mBuilding CXX object src/lib/CMakeFiles/ecl_time.dir/snooze_pos.cpp.o[0m
[2.699s] [ 25%] [32mBuilding CXX object src/lib/CMakeFiles/ecl_time.dir/snooze_win.cpp.o[0m
[2.796s] [ 31%] [32mBuilding CXX object src/lib/CMakeFiles/ecl_time.dir/stopwatch.cpp.o[0m
[3.282s] [ 37%] [32mBuilding CXX object src/lib/CMakeFiles/ecl_time.dir/timestamp_base.cpp.o[0m
[3.677s] [ 43%] [32mBuilding CXX object src/lib/CMakeFiles/ecl_time.dir/timestamp_pos.cpp.o[0m
[4.292s] [ 50%] [32mBuilding CXX object src/lib/CMakeFiles/ecl_time.dir/timestamp_win.cpp.o[0m
[4.355s] [ 56%] [32mBuilding CXX object src/lib/CMakeFiles/ecl_time.dir/time_data.cpp.o[0m
[4.845s] [ 62%] [32mBuilding CXX object src/lib/CMakeFiles/ecl_time.dir/sleep_win.cpp.o[0m
[4.969s] [ 68%] [32mBuilding CXX object src/lib/CMakeFiles/ecl_time.dir/frequency.cpp.o[0m
[5.435s] [ 75%] [32m[1mLinking CXX shared library libecl_time.so[0m
[5.703s] [ 75%] Built target ecl_time
[5.735s] [ 81%] [32mBuilding CXX object src/examples/CMakeFiles/ecl_time_example_sleep.dir/sleep.cpp.o[0m
[6.428s] [ 87%] [32m[1mLinking CXX executable demo_sleep[0m
[6.558s] [ 87%] Built target ecl_time_example_sleep
[6.625s] [ 93%] [32mBuilding CXX object src/examples/CMakeFiles/ecl_time_example_random_number_generator.dir/random_number_generator.cpp.o[0m
[7.226s] [100%] [32m[1mLinking CXX executable demo_random_number_generator[0m
[7.358s] [100%] Built target ecl_time_example_random_number_generator
[7.487s] Invoked command in '/home/locobot/Documents/kobuki/build/ecl_time' returned '0': AMENT_PREFIX_PATH=/home/locobot/Documents/kobuki/install CMAKE_PREFIX_PATH=/home/locobot/Documents/kobuki/install LD_LIBRARY_PATH=/home/locobot/Documents/kobuki/install/lib PATH=/home/locobot/Documents/kobuki/install/bin:${PATH} PYTHONPATH=/home/locobot/Documents/kobuki/install/lib/python3.8/site-packages /usr/bin/cmake --build /home/locobot/Documents/kobuki/build/ecl_time -- -j4 -l4
[7.491s] Invoking command in '/home/locobot/Documents/kobuki/build/ecl_time': AMENT_PREFIX_PATH=/home/locobot/Documents/kobuki/install CMAKE_PREFIX_PATH=/home/locobot/Documents/kobuki/install LD_LIBRARY_PATH=/home/locobot/Documents/kobuki/install/lib PATH=/home/locobot/Documents/kobuki/install/bin:${PATH} PYTHONPATH=/home/locobot/Documents/kobuki/install/lib/python3.8/site-packages /usr/bin/cmake --install /home/locobot/Documents/kobuki/build/ecl_time
[7.502s] -- Install configuration: "RelWithDebInfo"
[7.508s] -- Up-to-date: /home/locobot/Documents/kobuki/install/share/ecl_time/environment/library_path.sh
[7.509s] -- Installing: /home/locobot/Documents/kobuki/install/share/ecl_time/environment/library_path.dsv
[7.510s] -- Up-to-date: /home/locobot/Documents/kobuki/install/share/ament_index/resource_index/package_run_dependencies/ecl_time
[7.510s] -- Up-to-date: /home/locobot/Documents/kobuki/install/share/ament_index/resource_index/parent_prefix_path/ecl_time
[7.510s] -- Up-to-date: /home/locobot/Documents/kobuki/install/share/ecl_time/environment/ament_prefix_path.sh
[7.510s] -- Installing: /home/locobot/Documents/kobuki/install/share/ecl_time/environment/ament_prefix_path.dsv
[7.510s] -- Up-to-date: /home/locobot/Documents/kobuki/install/share/ecl_time/environment/path.sh
[7.510s] -- Installing: /home/locobot/Documents/kobuki/install/share/ecl_time/environment/path.dsv
[7.510s] -- Up-to-date: /home/locobot/Documents/kobuki/install/share/ecl_time/local_setup.bash
[7.511s] -- Up-to-date: /home/locobot/Documents/kobuki/install/share/ecl_time/local_setup.sh
[7.511s] -- Up-to-date: /home/locobot/Documents/kobuki/install/share/ecl_time/local_setup.zsh
[7.511s] -- Installing: /home/locobot/Documents/kobuki/install/share/ecl_time/local_setup.dsv
[7.511s] -- Installing: /home/locobot/Documents/kobuki/install/share/ecl_time/package.dsv
[7.511s] -- Up-to-date: /home/locobot/Documents/kobuki/install/share/ament_index/resource_index/packages/ecl_time
[7.511s] -- Up-to-date: /home/locobot/Documents/kobuki/install/share/ecl_time/cmake/ecl_timeExport.cmake
[7.511s] -- Installing: /home/locobot/Documents/kobuki/install/share/ecl_time/cmake/ecl_timeExport-relwithdebinfo.cmake
[7.512s] -- Up-to-date: /home/locobot/Documents/kobuki/install/share/ecl_time/cmake/ament_cmake_export_targets-extras.cmake
[7.512s] -- Up-to-date: /home/locobot/Documents/kobuki/install/share/ecl_time/cmake/ament_cmake_export_include_directories-extras.cmake
[7.512s] -- Up-to-date: /home/locobot/Documents/kobuki/install/share/ecl_time/cmake/ament_cmake_export_libraries-extras.cmake
[7.512s] -- Up-to-date: /home/locobot/Documents/kobuki/install/share/ecl_time/cmake/ament_cmake_export_dependencies-extras.cmake
[7.512s] -- Up-to-date: /home/locobot/Documents/kobuki/install/share/ecl_time/cmake/ecl_timeConfig.cmake
[7.512s] -- Up-to-date: /home/locobot/Documents/kobuki/install/share/ecl_time/cmake/ecl_timeConfig-version.cmake
[7.512s] -- Up-to-date: /home/locobot/Documents/kobuki/install/share/ecl_time/package.xml
[7.512s] -- Up-to-date: /home/locobot/Documents/kobuki/install/include/ecl/time.hpp
[7.513s] -- Up-to-date: /home/locobot/Documents/kobuki/install/include/ecl/time/cpuwatch.hpp
[7.513s] -- Up-to-date: /home/locobot/Documents/kobuki/install/include/ecl/time/cpuwatch_rt.hpp
[7.513s] -- Up-to-date: /home/locobot/Documents/kobuki/install/include/ecl/time/duration.hpp
[7.513s] -- Up-to-date: /home/locobot/Documents/kobuki/install/include/ecl/time/frequency.hpp
[7.513s] -- Up-to-date: /home/locobot/Documents/kobuki/install/include/ecl/time/macros.hpp
[7.513s] -- Up-to-date: /home/locobot/Documents/kobuki/install/include/ecl/time/random_number_generator.hpp
[7.513s] -- Up-to-date: /home/locobot/Documents/kobuki/install/include/ecl/time/sleep.hpp
[7.513s] -- Up-to-date: /home/locobot/Documents/kobuki/install/include/ecl/time/sleep_pos.hpp
[7.513s] -- Up-to-date: /home/locobot/Documents/kobuki/install/include/ecl/time/sleep_win.hpp
[7.513s] -- Up-to-date: /home/locobot/Documents/kobuki/install/include/ecl/time/snooze.hpp
[7.514s] -- Up-to-date: /home/locobot/Documents/kobuki/install/include/ecl/time/snooze_pos.hpp
[7.514s] -- Up-to-date: /home/locobot/Documents/kobuki/install/include/ecl/time/snooze_win.hpp
[7.514s] -- Up-to-date: /home/locobot/Documents/kobuki/install/include/ecl/time/stopwatch.hpp
[7.514s] -- Up-to-date: /home/locobot/Documents/kobuki/install/include/ecl/time/time_data.hpp
[7.514s] -- Up-to-date: /home/locobot/Documents/kobuki/install/include/ecl/time/timestamp.hpp
[7.514s] -- Up-to-date: /home/locobot/Documents/kobuki/install/include/ecl/time/timestamp_base.hpp
[7.514s] -- Up-to-date: /home/locobot/Documents/kobuki/install/include/ecl/time/timestamp_pos.hpp
[7.514s] -- Up-to-date: /home/locobot/Documents/kobuki/install/include/ecl/time/timestamp_win.hpp
[7.514s] -- Installing: /home/locobot/Documents/kobuki/install/lib/libecl_time.so.1.2.1
[7.515s] -- Set runtime path of "/home/locobot/Documents/kobuki/install/lib/libecl_time.so.1.2.1" to ""
[7.515s] -- Up-to-date: /home/locobot/Documents/kobuki/install/lib/libecl_time.so
[7.515s] -- Installing: /home/locobot/Documents/kobuki/install/lib/ecl_time/demo_random_number_generator
[7.515s] -- Set runtime path of "/home/locobot/Documents/kobuki/install/lib/ecl_time/demo_random_number_generator" to ""
[7.515s] -- Installing: /home/locobot/Documents/kobuki/install/lib/ecl_time/demo_sleep
[7.515s] -- Set runtime path of "/home/locobot/Documents/kobuki/install/lib/ecl_time/demo_sleep" to ""
[7.523s] Invoked command in '/home/locobot/Documents/kobuki/build/ecl_time' returned '0': AMENT_PREFIX_PATH=/home/locobot/Documents/kobuki/install CMAKE_PREFIX_PATH=/home/locobot/Documents/kobuki/install LD_LIBRARY_PATH=/home/locobot/Documents/kobuki/install/lib PATH=/home/locobot/Documents/kobuki/install/bin:${PATH} PYTHONPATH=/home/locobot/Documents/kobuki/install/lib/python3.8/site-packages /usr/bin/cmake --install /home/locobot/Documents/kobuki/build/ecl_time
