Re-run cmake no build system arguments
-- Found ament_cmake_ros: 0.9.2 (/home/locobot/Documents/kobuki/install/share/ament_cmake_ros/cmake)
-- Using PYTHON_EXECUTABLE: /usr/bin/python3
-- Found ecl_build: 1.0.3 (/home/locobot/Documents/kobuki/install/share/ecl_build/cmake)
-- Found ecl_config: 1.1.0 (/home/locobot/Documents/kobuki/install/share/ecl_config/cmake)
-- Found ecl_errors: 1.1.0 (/home/locobot/Documents/kobuki/install/share/ecl_errors/cmake)
-- Found ecl_concepts: 1.2.1 (/home/locobot/Documents/kobuki/install/share/ecl_concepts/cmake)
-- Found ecl_exceptions: 1.2.1 (/home/locobot/Documents/kobuki/install/share/ecl_exceptions/cmake)
-- Found ecl_time: 1.2.1 (/home/locobot/Documents/kobuki/install/share/ecl_time/cmake)
-- Found ecl_utilities: 1.2.1 (/home/locobot/Documents/kobuki/install/share/ecl_utilities/cmake)
-- Configuring done
-- Generating done
-- Build files have been written to: /home/locobot/Documents/kobuki/build/ecl_threads
/usr/bin/cmake -S/home/locobot/Documents/kobuki/src/ecl_core/ecl_threads -B/home/locobot/Documents/kobuki/build/ecl_threads --check-build-system CMakeFiles/Makefile.cmake 0
/usr/bin/cmake -E cmake_progress_start /home/locobot/Documents/kobuki/build/ecl_threads/CMakeFiles /home/locobot/Documents/kobuki/build/ecl_threads/CMakeFiles/progress.marks
/usr/bin/make -f CMakeFiles/Makefile2 all
make[1]: Entering directory '/home/locobot/Documents/kobuki/build/ecl_threads'
/usr/bin/make -f src/lib/CMakeFiles/ecl_threads.dir/build.make src/lib/CMakeFiles/ecl_threads.dir/depend
make[2]: Entering directory '/home/locobot/Documents/kobuki/build/ecl_threads'
cd /home/locobot/Documents/kobuki/build/ecl_threads && /usr/bin/cmake -E cmake_depends "Unix Makefiles" /home/locobot/Documents/kobuki/src/ecl_core/ecl_threads /home/locobot/Documents/kobuki/src/ecl_core/ecl_threads/src/lib /home/locobot/Documents/kobuki/build/ecl_threads /home/locobot/Documents/kobuki/build/ecl_threads/src/lib /home/locobot/Documents/kobuki/build/ecl_threads/src/lib/CMakeFiles/ecl_threads.dir/DependInfo.cmake --color=
make[2]: Leaving directory '/home/locobot/Documents/kobuki/build/ecl_threads'
/usr/bin/make -f src/lib/CMakeFiles/ecl_threads.dir/build.make src/lib/CMakeFiles/ecl_threads.dir/build
make[2]: Entering directory '/home/locobot/Documents/kobuki/build/ecl_threads'
make[2]: Nothing to be done for 'src/lib/CMakeFiles/ecl_threads.dir/build'.
make[2]: Leaving directory '/home/locobot/Documents/kobuki/build/ecl_threads'
[ 63%] Built target ecl_threads
/usr/bin/make -f src/examples/CMakeFiles/ecl_demo_mutex.dir/build.make src/examples/CMakeFiles/ecl_demo_mutex.dir/depend
make[2]: Entering directory '/home/locobot/Documents/kobuki/build/ecl_threads'
cd /home/locobot/Documents/kobuki/build/ecl_threads && /usr/bin/cmake -E cmake_depends "Unix Makefiles" /home/locobot/Documents/kobuki/src/ecl_core/ecl_threads /home/locobot/Documents/kobuki/src/ecl_core/ecl_threads/src/examples /home/locobot/Documents/kobuki/build/ecl_threads /home/locobot/Documents/kobuki/build/ecl_threads/src/examples /home/locobot/Documents/kobuki/build/ecl_threads/src/examples/CMakeFiles/ecl_demo_mutex.dir/DependInfo.cmake --color=
make[2]: Leaving directory '/home/locobot/Documents/kobuki/build/ecl_threads'
/usr/bin/make -f src/examples/CMakeFiles/ecl_demo_mutex.dir/build.make src/examples/CMakeFiles/ecl_demo_mutex.dir/build
make[2]: Entering directory '/home/locobot/Documents/kobuki/build/ecl_threads'
make[2]: Nothing to be done for 'src/examples/CMakeFiles/ecl_demo_mutex.dir/build'.
make[2]: Leaving directory '/home/locobot/Documents/kobuki/build/ecl_threads'
[ 81%] Built target ecl_demo_mutex
/usr/bin/make -f src/examples/CMakeFiles/ecl_demo_thread.dir/build.make src/examples/CMakeFiles/ecl_demo_thread.dir/depend
make[2]: Entering directory '/home/locobot/Documents/kobuki/build/ecl_threads'
cd /home/locobot/Documents/kobuki/build/ecl_threads && /usr/bin/cmake -E cmake_depends "Unix Makefiles" /home/locobot/Documents/kobuki/src/ecl_core/ecl_threads /home/locobot/Documents/kobuki/src/ecl_core/ecl_threads/src/examples /home/locobot/Documents/kobuki/build/ecl_threads /home/locobot/Documents/kobuki/build/ecl_threads/src/examples /home/locobot/Documents/kobuki/build/ecl_threads/src/examples/CMakeFiles/ecl_demo_thread.dir/DependInfo.cmake --color=
make[2]: Leaving directory '/home/locobot/Documents/kobuki/build/ecl_threads'
/usr/bin/make -f src/examples/CMakeFiles/ecl_demo_thread.dir/build.make src/examples/CMakeFiles/ecl_demo_thread.dir/build
make[2]: Entering directory '/home/locobot/Documents/kobuki/build/ecl_threads'
make[2]: Nothing to be done for 'src/examples/CMakeFiles/ecl_demo_thread.dir/build'.
make[2]: Leaving directory '/home/locobot/Documents/kobuki/build/ecl_threads'
[100%] Built target ecl_demo_thread
make[1]: Leaving directory '/home/locobot/Documents/kobuki/build/ecl_threads'
/usr/bin/cmake -E cmake_progress_start /home/locobot/Documents/kobuki/build/ecl_threads/CMakeFiles 0
-- Install configuration: ""
-- Up-to-date: /home/locobot/Documents/kobuki/install/share/ecl_threads/environment/library_path.sh
-- Installing: /home/locobot/Documents/kobuki/install/share/ecl_threads/environment/library_path.dsv
-- Up-to-date: /home/locobot/Documents/kobuki/install/share/ament_index/resource_index/package_run_dependencies/ecl_threads
-- Up-to-date: /home/locobot/Documents/kobuki/install/share/ament_index/resource_index/parent_prefix_path/ecl_threads
-- Up-to-date: /home/locobot/Documents/kobuki/install/share/ecl_threads/environment/ament_prefix_path.sh
-- Installing: /home/locobot/Documents/kobuki/install/share/ecl_threads/environment/ament_prefix_path.dsv
-- Up-to-date: /home/locobot/Documents/kobuki/install/share/ecl_threads/environment/path.sh
-- Installing: /home/locobot/Documents/kobuki/install/share/ecl_threads/environment/path.dsv
-- Up-to-date: /home/locobot/Documents/kobuki/install/share/ecl_threads/local_setup.bash
-- Up-to-date: /home/locobot/Documents/kobuki/install/share/ecl_threads/local_setup.sh
-- Up-to-date: /home/locobot/Documents/kobuki/install/share/ecl_threads/local_setup.zsh
-- Installing: /home/locobot/Documents/kobuki/install/share/ecl_threads/local_setup.dsv
-- Installing: /home/locobot/Documents/kobuki/install/share/ecl_threads/package.dsv
-- Up-to-date: /home/locobot/Documents/kobuki/install/share/ament_index/resource_index/packages/ecl_threads
-- Up-to-date: /home/locobot/Documents/kobuki/install/share/ecl_threads/cmake/ecl_threadsExport.cmake
-- Installing: /home/locobot/Documents/kobuki/install/share/ecl_threads/cmake/ecl_threadsExport-noconfig.cmake
-- Up-to-date: /home/locobot/Documents/kobuki/install/share/ecl_threads/cmake/ecl_threads-extras.cmake
-- Up-to-date: /home/locobot/Documents/kobuki/install/share/ecl_threads/cmake/ament_cmake_export_targets-extras.cmake
-- Up-to-date: /home/locobot/Documents/kobuki/install/share/ecl_threads/cmake/ament_cmake_export_include_directories-extras.cmake
-- Up-to-date: /home/locobot/Documents/kobuki/install/share/ecl_threads/cmake/ament_cmake_export_libraries-extras.cmake
-- Up-to-date: /home/locobot/Documents/kobuki/install/share/ecl_threads/cmake/ament_cmake_export_dependencies-extras.cmake
-- Up-to-date: /home/locobot/Documents/kobuki/install/share/ecl_threads/cmake/ecl_threadsConfig.cmake
-- Up-to-date: /home/locobot/Documents/kobuki/install/share/ecl_threads/cmake/ecl_threadsConfig-version.cmake
-- Up-to-date: /home/locobot/Documents/kobuki/install/share/ecl_threads/package.xml
-- Up-to-date: /home/locobot/Documents/kobuki/install/include/ecl/threads.hpp
-- Up-to-date: /home/locobot/Documents/kobuki/install/include/ecl/threads/macros.hpp
-- Up-to-date: /home/locobot/Documents/kobuki/install/include/ecl/threads/mutex.hpp
-- Up-to-date: /home/locobot/Documents/kobuki/install/include/ecl/threads/mutex_pos.hpp
-- Up-to-date: /home/locobot/Documents/kobuki/install/include/ecl/threads/mutex_w32.hpp
-- Up-to-date: /home/locobot/Documents/kobuki/install/include/ecl/threads/priority.hpp
-- Up-to-date: /home/locobot/Documents/kobuki/install/include/ecl/threads/priority_common.hpp
-- Up-to-date: /home/locobot/Documents/kobuki/install/include/ecl/threads/priority_pos.hpp
-- Up-to-date: /home/locobot/Documents/kobuki/install/include/ecl/threads/priority_win.hpp
-- Up-to-date: /home/locobot/Documents/kobuki/install/include/ecl/threads/thread.hpp
-- Up-to-date: /home/locobot/Documents/kobuki/install/include/ecl/threads/thread_exceptions_pos.hpp
-- Up-to-date: /home/locobot/Documents/kobuki/install/include/ecl/threads/thread_pos.hpp
-- Up-to-date: /home/locobot/Documents/kobuki/install/include/ecl/threads/thread_win.hpp
-- Up-to-date: /home/locobot/Documents/kobuki/install/include/ecl/threads/threadable.hpp
-- Up-to-date: /home/locobot/Documents/kobuki/install/lib/libecl_threads.so.1.2.1
-- Up-to-date: /home/locobot/Documents/kobuki/install/lib/libecl_threads.so
-- Up-to-date: /home/locobot/Documents/kobuki/install/lib/ecl_threads/demo_thread
-- Up-to-date: /home/locobot/Documents/kobuki/install/lib/ecl_threads/demo_mutex
