[0.329s] Invoking command in '/home/locobot/Documents/kobuki/build/ecl_threads': AMENT_PREFIX_PATH=/home/locobot/Documents/kobuki/install CMAKE_PREFIX_PATH=/home/locobot/Documents/kobuki/install LD_LIBRARY_PATH=/home/locobot/Documents/kobuki/install/lib PATH=/home/locobot/Documents/kobuki/install/bin:${PATH} PYTHONPATH=/home/locobot/Documents/kobuki/install/lib/python3.8/site-packages /usr/bin/cmake /home/locobot/Documents/kobuki/src/ecl_core/ecl_threads -DBUILD_TESTING=OFF -DCMAKE_INSTALL_PREFIX=/home/locobot/Documents/kobuki/install
[0.382s] Re-run cmake no build system arguments
[0.384s] -- Found ament_cmake_ros: 0.9.2 (/home/locobot/Documents/kobuki/install/share/ament_cmake_ros/cmake)
[0.385s] -- Using PYTHON_EXECUTABLE: /usr/bin/python3
[0.665s] -- Found ecl_build: 1.0.3 (/home/locobot/Documents/kobuki/install/share/ecl_build/cmake)
[0.676s] -- Found ecl_config: 1.1.0 (/home/locobot/Documents/kobuki/install/share/ecl_config/cmake)
[0.680s] -- Found ecl_errors: 1.1.0 (/home/locobot/Documents/kobuki/install/share/ecl_errors/cmake)
[0.686s] -- Found ecl_concepts: 1.2.1 (/home/locobot/Documents/kobuki/install/share/ecl_concepts/cmake)
[0.700s] -- Found ecl_exceptions: 1.2.1 (/home/locobot/Documents/kobuki/install/share/ecl_exceptions/cmake)
[0.707s] -- Found ecl_time: 1.2.1 (/home/locobot/Documents/kobuki/install/share/ecl_time/cmake)
[0.721s] -- Found ecl_utilities: 1.2.1 (/home/locobot/Documents/kobuki/install/share/ecl_utilities/cmake)
[0.927s] -- Configuring done
[0.995s] -- Generating done
[1.005s] -- Build files have been written to: /home/locobot/Documents/kobuki/build/ecl_threads
[1.052s] Invoked command in '/home/locobot/Documents/kobuki/build/ecl_threads' returned '0': AMENT_PREFIX_PATH=/home/locobot/Documents/kobuki/install CMAKE_PREFIX_PATH=/home/locobot/Documents/kobuki/install LD_LIBRARY_PATH=/home/locobot/Documents/kobuki/install/lib PATH=/home/locobot/Documents/kobuki/install/bin:${PATH} PYTHONPATH=/home/locobot/Documents/kobuki/install/lib/python3.8/site-packages /usr/bin/cmake /home/locobot/Documents/kobuki/src/ecl_core/ecl_threads -DBUILD_TESTING=OFF -DCMAKE_INSTALL_PREFIX=/home/locobot/Documents/kobuki/install
[1.053s] Invoking command in '/home/locobot/Documents/kobuki/build/ecl_threads': AMENT_PREFIX_PATH=/home/locobot/Documents/kobuki/install CMAKE_PREFIX_PATH=/home/locobot/Documents/kobuki/install LD_LIBRARY_PATH=/home/locobot/Documents/kobuki/install/lib PATH=/home/locobot/Documents/kobuki/install/bin:${PATH} PYTHONPATH=/home/locobot/Documents/kobuki/install/lib/python3.8/site-packages /usr/bin/cmake --build /home/locobot/Documents/kobuki/build/ecl_threads -- -j4 -l4
[1.092s] /usr/bin/cmake -S/home/locobot/Documents/kobuki/src/ecl_core/ecl_threads -B/home/locobot/Documents/kobuki/build/ecl_threads --check-build-system CMakeFiles/Makefile.cmake 0
[1.151s] /usr/bin/cmake -E cmake_progress_start /home/locobot/Documents/kobuki/build/ecl_threads/CMakeFiles /home/locobot/Documents/kobuki/build/ecl_threads/CMakeFiles/progress.marks
[1.151s] /usr/bin/make -f CMakeFiles/Makefile2 all
[1.151s] make[1]: Entering directory '/home/locobot/Documents/kobuki/build/ecl_threads'
[1.151s] /usr/bin/make -f src/lib/CMakeFiles/ecl_threads.dir/build.make src/lib/CMakeFiles/ecl_threads.dir/depend
[1.151s] make[2]: Entering directory '/home/locobot/Documents/kobuki/build/ecl_threads'
[1.152s] cd /home/locobot/Documents/kobuki/build/ecl_threads && /usr/bin/cmake -E cmake_depends "Unix Makefiles" /home/locobot/Documents/kobuki/src/ecl_core/ecl_threads /home/locobot/Documents/kobuki/src/ecl_core/ecl_threads/src/lib /home/locobot/Documents/kobuki/build/ecl_threads /home/locobot/Documents/kobuki/build/ecl_threads/src/lib /home/locobot/Documents/kobuki/build/ecl_threads/src/lib/CMakeFiles/ecl_threads.dir/DependInfo.cmake --color=
[1.174s] make[2]: Leaving directory '/home/locobot/Documents/kobuki/build/ecl_threads'
[1.174s] /usr/bin/make -f src/lib/CMakeFiles/ecl_threads.dir/build.make src/lib/CMakeFiles/ecl_threads.dir/build
[1.174s] make[2]: Entering directory '/home/locobot/Documents/kobuki/build/ecl_threads'
[1.175s] make[2]: Nothing to be done for 'src/lib/CMakeFiles/ecl_threads.dir/build'.
[1.175s] make[2]: Leaving directory '/home/locobot/Documents/kobuki/build/ecl_threads'
[1.199s] [ 63%] Built target ecl_threads
[1.199s] /usr/bin/make -f src/examples/CMakeFiles/ecl_demo_mutex.dir/build.make src/examples/CMakeFiles/ecl_demo_mutex.dir/depend
[1.200s] make[2]: Entering directory '/home/locobot/Documents/kobuki/build/ecl_threads'
[1.200s] cd /home/locobot/Documents/kobuki/build/ecl_threads && /usr/bin/cmake -E cmake_depends "Unix Makefiles" /home/locobot/Documents/kobuki/src/ecl_core/ecl_threads /home/locobot/Documents/kobuki/src/ecl_core/ecl_threads/src/examples /home/locobot/Documents/kobuki/build/ecl_threads /home/locobot/Documents/kobuki/build/ecl_threads/src/examples /home/locobot/Documents/kobuki/build/ecl_threads/src/examples/CMakeFiles/ecl_demo_mutex.dir/DependInfo.cmake --color=
[1.222s] make[2]: Leaving directory '/home/locobot/Documents/kobuki/build/ecl_threads'
[1.222s] /usr/bin/make -f src/examples/CMakeFiles/ecl_demo_mutex.dir/build.make src/examples/CMakeFiles/ecl_demo_mutex.dir/build
[1.222s] make[2]: Entering directory '/home/locobot/Documents/kobuki/build/ecl_threads'
[1.222s] make[2]: Nothing to be done for 'src/examples/CMakeFiles/ecl_demo_mutex.dir/build'.
[1.223s] make[2]: Leaving directory '/home/locobot/Documents/kobuki/build/ecl_threads'
[1.223s] [ 81%] Built target ecl_demo_mutex
[1.223s] /usr/bin/make -f src/examples/CMakeFiles/ecl_demo_thread.dir/build.make src/examples/CMakeFiles/ecl_demo_thread.dir/depend
[1.223s] make[2]: Entering directory '/home/locobot/Documents/kobuki/build/ecl_threads'
[1.223s] cd /home/locobot/Documents/kobuki/build/ecl_threads && /usr/bin/cmake -E cmake_depends "Unix Makefiles" /home/locobot/Documents/kobuki/src/ecl_core/ecl_threads /home/locobot/Documents/kobuki/src/ecl_core/ecl_threads/src/examples /home/locobot/Documents/kobuki/build/ecl_threads /home/locobot/Documents/kobuki/build/ecl_threads/src/examples /home/locobot/Documents/kobuki/build/ecl_threads/src/examples/CMakeFiles/ecl_demo_thread.dir/DependInfo.cmake --color=
[1.235s] make[2]: Leaving directory '/home/locobot/Documents/kobuki/build/ecl_threads'
[1.235s] /usr/bin/make -f src/examples/CMakeFiles/ecl_demo_thread.dir/build.make src/examples/CMakeFiles/ecl_demo_thread.dir/build
[1.236s] make[2]: Entering directory '/home/locobot/Documents/kobuki/build/ecl_threads'
[1.237s] make[2]: Nothing to be done for 'src/examples/CMakeFiles/ecl_demo_thread.dir/build'.
[1.237s] make[2]: Leaving directory '/home/locobot/Documents/kobuki/build/ecl_threads'
[1.254s] [100%] Built target ecl_demo_thread
[1.255s] make[1]: Leaving directory '/home/locobot/Documents/kobuki/build/ecl_threads'
[1.255s] /usr/bin/cmake -E cmake_progress_start /home/locobot/Documents/kobuki/build/ecl_threads/CMakeFiles 0
[1.396s] Invoked command in '/home/locobot/Documents/kobuki/build/ecl_threads' returned '0': AMENT_PREFIX_PATH=/home/locobot/Documents/kobuki/install CMAKE_PREFIX_PATH=/home/locobot/Documents/kobuki/install LD_LIBRARY_PATH=/home/locobot/Documents/kobuki/install/lib PATH=/home/locobot/Documents/kobuki/install/bin:${PATH} PYTHONPATH=/home/locobot/Documents/kobuki/install/lib/python3.8/site-packages /usr/bin/cmake --build /home/locobot/Documents/kobuki/build/ecl_threads -- -j4 -l4
[1.402s] Invoking command in '/home/locobot/Documents/kobuki/build/ecl_threads': AMENT_PREFIX_PATH=/home/locobot/Documents/kobuki/install CMAKE_PREFIX_PATH=/home/locobot/Documents/kobuki/install LD_LIBRARY_PATH=/home/locobot/Documents/kobuki/install/lib PATH=/home/locobot/Documents/kobuki/install/bin:${PATH} PYTHONPATH=/home/locobot/Documents/kobuki/install/lib/python3.8/site-packages /usr/bin/cmake --install /home/locobot/Documents/kobuki/build/ecl_threads
[1.420s] -- Install configuration: ""
[1.422s] -- Up-to-date: /home/locobot/Documents/kobuki/install/share/ecl_threads/environment/library_path.sh
[1.422s] -- Installing: /home/locobot/Documents/kobuki/install/share/ecl_threads/environment/library_path.dsv
[1.422s] -- Up-to-date: /home/locobot/Documents/kobuki/install/share/ament_index/resource_index/package_run_dependencies/ecl_threads
[1.422s] -- Up-to-date: /home/locobot/Documents/kobuki/install/share/ament_index/resource_index/parent_prefix_path/ecl_threads
[1.422s] -- Up-to-date: /home/locobot/Documents/kobuki/install/share/ecl_threads/environment/ament_prefix_path.sh
[1.423s] -- Installing: /home/locobot/Documents/kobuki/install/share/ecl_threads/environment/ament_prefix_path.dsv
[1.423s] -- Up-to-date: /home/locobot/Documents/kobuki/install/share/ecl_threads/environment/path.sh
[1.423s] -- Installing: /home/locobot/Documents/kobuki/install/share/ecl_threads/environment/path.dsv
[1.423s] -- Up-to-date: /home/locobot/Documents/kobuki/install/share/ecl_threads/local_setup.bash
[1.423s] -- Up-to-date: /home/locobot/Documents/kobuki/install/share/ecl_threads/local_setup.sh
[1.423s] -- Up-to-date: /home/locobot/Documents/kobuki/install/share/ecl_threads/local_setup.zsh
[1.424s] -- Installing: /home/locobot/Documents/kobuki/install/share/ecl_threads/local_setup.dsv
[1.424s] -- Installing: /home/locobot/Documents/kobuki/install/share/ecl_threads/package.dsv
[1.424s] -- Up-to-date: /home/locobot/Documents/kobuki/install/share/ament_index/resource_index/packages/ecl_threads
[1.424s] -- Up-to-date: /home/locobot/Documents/kobuki/install/share/ecl_threads/cmake/ecl_threadsExport.cmake
[1.424s] -- Installing: /home/locobot/Documents/kobuki/install/share/ecl_threads/cmake/ecl_threadsExport-noconfig.cmake
[1.424s] -- Up-to-date: /home/locobot/Documents/kobuki/install/share/ecl_threads/cmake/ecl_threads-extras.cmake
[1.424s] -- Up-to-date: /home/locobot/Documents/kobuki/install/share/ecl_threads/cmake/ament_cmake_export_targets-extras.cmake
[1.424s] -- Up-to-date: /home/locobot/Documents/kobuki/install/share/ecl_threads/cmake/ament_cmake_export_include_directories-extras.cmake
[1.424s] -- Up-to-date: /home/locobot/Documents/kobuki/install/share/ecl_threads/cmake/ament_cmake_export_libraries-extras.cmake
[1.425s] -- Up-to-date: /home/locobot/Documents/kobuki/install/share/ecl_threads/cmake/ament_cmake_export_dependencies-extras.cmake
[1.425s] -- Up-to-date: /home/locobot/Documents/kobuki/install/share/ecl_threads/cmake/ecl_threadsConfig.cmake
[1.425s] -- Up-to-date: /home/locobot/Documents/kobuki/install/share/ecl_threads/cmake/ecl_threadsConfig-version.cmake
[1.425s] -- Up-to-date: /home/locobot/Documents/kobuki/install/share/ecl_threads/package.xml
[1.425s] -- Up-to-date: /home/locobot/Documents/kobuki/install/include/ecl/threads.hpp
[1.425s] -- Up-to-date: /home/locobot/Documents/kobuki/install/include/ecl/threads/macros.hpp
[1.425s] -- Up-to-date: /home/locobot/Documents/kobuki/install/include/ecl/threads/mutex.hpp
[1.425s] -- Up-to-date: /home/locobot/Documents/kobuki/install/include/ecl/threads/mutex_pos.hpp
[1.425s] -- Up-to-date: /home/locobot/Documents/kobuki/install/include/ecl/threads/mutex_w32.hpp
[1.426s] -- Up-to-date: /home/locobot/Documents/kobuki/install/include/ecl/threads/priority.hpp
[1.426s] -- Up-to-date: /home/locobot/Documents/kobuki/install/include/ecl/threads/priority_common.hpp
[1.426s] -- Up-to-date: /home/locobot/Documents/kobuki/install/include/ecl/threads/priority_pos.hpp
[1.426s] -- Up-to-date: /home/locobot/Documents/kobuki/install/include/ecl/threads/priority_win.hpp
[1.426s] -- Up-to-date: /home/locobot/Documents/kobuki/install/include/ecl/threads/thread.hpp
[1.427s] -- Up-to-date: /home/locobot/Documents/kobuki/install/include/ecl/threads/thread_exceptions_pos.hpp
[1.427s] -- Up-to-date: /home/locobot/Documents/kobuki/install/include/ecl/threads/thread_pos.hpp
[1.427s] -- Up-to-date: /home/locobot/Documents/kobuki/install/include/ecl/threads/thread_win.hpp
[1.427s] -- Up-to-date: /home/locobot/Documents/kobuki/install/include/ecl/threads/threadable.hpp
[1.427s] -- Up-to-date: /home/locobot/Documents/kobuki/install/lib/libecl_threads.so.1.2.1
[1.427s] -- Up-to-date: /home/locobot/Documents/kobuki/install/lib/libecl_threads.so
[1.427s] -- Up-to-date: /home/locobot/Documents/kobuki/install/lib/ecl_threads/demo_thread
[1.427s] -- Up-to-date: /home/locobot/Documents/kobuki/install/lib/ecl_threads/demo_mutex
[1.441s] Invoked command in '/home/locobot/Documents/kobuki/build/ecl_threads' returned '0': AMENT_PREFIX_PATH=/home/locobot/Documents/kobuki/install CMAKE_PREFIX_PATH=/home/locobot/Documents/kobuki/install LD_LIBRARY_PATH=/home/locobot/Documents/kobuki/install/lib PATH=/home/locobot/Documents/kobuki/install/bin:${PATH} PYTHONPATH=/home/locobot/Documents/kobuki/install/lib/python3.8/site-packages /usr/bin/cmake --install /home/locobot/Documents/kobuki/build/ecl_threads
