[0.422s] Invoking command in '/home/locobot/Documents/kobuki/build/ecl_mpl': AMENT_PREFIX_PATH=/home/locobot/Documents/kobuki/install CMAKE_PREFIX_PATH=/home/locobot/Documents/kobuki/install LD_LIBRARY_PATH=/home/locobot/Documents/kobuki/install/lib PATH=/home/locobot/Documents/kobuki/install/bin:${PATH} PYTHONPATH=/home/locobot/Documents/kobuki/install/lib/python3.8/site-packages /usr/bin/cmake /home/locobot/Documents/kobuki/src/ecl_core/ecl_mpl -DBUILD_TESTING=OFF -DCMAKE_BUILD_TYPE=RelWithDebInfo -DCMAKE_INSTALL_PREFIX=/home/locobot/Documents/kobuki/install
[0.448s] -- Found ament_cmake_ros: 0.9.2 (/home/locobot/Documents/kobuki/install/share/ament_cmake_ros/cmake)
[0.481s] -- Using PYTHON_EXECUTABLE: /usr/bin/python3
[0.861s] -- Found ecl_build: 1.0.3 (/home/locobot/Documents/kobuki/install/share/ecl_build/cmake)
[1.008s] -- Configuring done
[1.016s] -- Generating done
[1.021s] -- Build files have been written to: /home/locobot/Documents/kobuki/build/ecl_mpl
[1.026s] Invoked command in '/home/locobot/Documents/kobuki/build/ecl_mpl' returned '0': AMENT_PREFIX_PATH=/home/locobot/Documents/kobuki/install CMAKE_PREFIX_PATH=/home/locobot/Documents/kobuki/install LD_LIBRARY_PATH=/home/locobot/Documents/kobuki/install/lib PATH=/home/locobot/Documents/kobuki/install/bin:${PATH} PYTHONPATH=/home/locobot/Documents/kobuki/install/lib/python3.8/site-packages /usr/bin/cmake /home/locobot/Documents/kobuki/src/ecl_core/ecl_mpl -DBUILD_TESTING=OFF -DCMAKE_BUILD_TYPE=RelWithDebInfo -DCMAKE_INSTALL_PREFIX=/home/locobot/Documents/kobuki/install
[1.028s] Invoking command in '/home/locobot/Documents/kobuki/build/ecl_mpl': AMENT_PREFIX_PATH=/home/locobot/Documents/kobuki/install CMAKE_PREFIX_PATH=/home/locobot/Documents/kobuki/install LD_LIBRARY_PATH=/home/locobot/Documents/kobuki/install/lib PATH=/home/locobot/Documents/kobuki/install/bin:${PATH} PYTHONPATH=/home/locobot/Documents/kobuki/install/lib/python3.8/site-packages /usr/bin/cmake --build /home/locobot/Documents/kobuki/build/ecl_mpl -- -j4 -l4
[1.124s] Invoked command in '/home/locobot/Documents/kobuki/build/ecl_mpl' returned '0': AMENT_PREFIX_PATH=/home/locobot/Documents/kobuki/install CMAKE_PREFIX_PATH=/home/locobot/Documents/kobuki/install LD_LIBRARY_PATH=/home/locobot/Documents/kobuki/install/lib PATH=/home/locobot/Documents/kobuki/install/bin:${PATH} PYTHONPATH=/home/locobot/Documents/kobuki/install/lib/python3.8/site-packages /usr/bin/cmake --build /home/locobot/Documents/kobuki/build/ecl_mpl -- -j4 -l4
[1.128s] Invoking command in '/home/locobot/Documents/kobuki/build/ecl_mpl': AMENT_PREFIX_PATH=/home/locobot/Documents/kobuki/install CMAKE_PREFIX_PATH=/home/locobot/Documents/kobuki/install LD_LIBRARY_PATH=/home/locobot/Documents/kobuki/install/lib PATH=/home/locobot/Documents/kobuki/install/bin:${PATH} PYTHONPATH=/home/locobot/Documents/kobuki/install/lib/python3.8/site-packages /usr/bin/cmake --install /home/locobot/Documents/kobuki/build/ecl_mpl
[1.172s] -- Install configuration: "RelWithDebInfo"
[1.173s] -- Up-to-date: /home/locobot/Documents/kobuki/install/share/ament_index/resource_index/package_run_dependencies/ecl_mpl
[1.173s] -- Up-to-date: /home/locobot/Documents/kobuki/install/share/ament_index/resource_index/parent_prefix_path/ecl_mpl
[1.173s] -- Up-to-date: /home/locobot/Documents/kobuki/install/share/ecl_mpl/environment/ament_prefix_path.sh
[1.173s] -- Installing: /home/locobot/Documents/kobuki/install/share/ecl_mpl/environment/ament_prefix_path.dsv
[1.173s] -- Up-to-date: /home/locobot/Documents/kobuki/install/share/ecl_mpl/environment/path.sh
[1.173s] -- Installing: /home/locobot/Documents/kobuki/install/share/ecl_mpl/environment/path.dsv
[1.173s] -- Up-to-date: /home/locobot/Documents/kobuki/install/share/ecl_mpl/local_setup.bash
[1.174s] -- Up-to-date: /home/locobot/Documents/kobuki/install/share/ecl_mpl/local_setup.sh
[1.174s] -- Up-to-date: /home/locobot/Documents/kobuki/install/share/ecl_mpl/local_setup.zsh
[1.174s] -- Installing: /home/locobot/Documents/kobuki/install/share/ecl_mpl/local_setup.dsv
[1.174s] -- Installing: /home/locobot/Documents/kobuki/install/share/ecl_mpl/package.dsv
[1.174s] -- Up-to-date: /home/locobot/Documents/kobuki/install/share/ament_index/resource_index/packages/ecl_mpl
[1.174s] -- Up-to-date: /home/locobot/Documents/kobuki/install/share/ecl_mpl/cmake/ecl_mplExport.cmake
[1.174s] -- Up-to-date: /home/locobot/Documents/kobuki/install/share/ecl_mpl/cmake/ament_cmake_export_targets-extras.cmake
[1.174s] -- Up-to-date: /home/locobot/Documents/kobuki/install/share/ecl_mpl/cmake/ament_cmake_export_include_directories-extras.cmake
[1.180s] -- Up-to-date: /home/locobot/Documents/kobuki/install/share/ecl_mpl/cmake/ecl_mplConfig.cmake
[1.180s] -- Up-to-date: /home/locobot/Documents/kobuki/install/share/ecl_mpl/cmake/ecl_mplConfig-version.cmake
[1.180s] -- Up-to-date: /home/locobot/Documents/kobuki/install/share/ecl_mpl/package.xml
[1.180s] -- Up-to-date: /home/locobot/Documents/kobuki/install/include/ecl/mpl.hpp
[1.180s] -- Up-to-date: /home/locobot/Documents/kobuki/install/include/ecl/mpl/bool.hpp
[1.180s] -- Up-to-date: /home/locobot/Documents/kobuki/install/include/ecl/mpl/converters.hpp
[1.180s] -- Up-to-date: /home/locobot/Documents/kobuki/install/include/ecl/mpl/enable_if.hpp
[1.181s] -- Up-to-date: /home/locobot/Documents/kobuki/install/include/ecl/mpl/failed_object.hpp
[1.181s] -- Up-to-date: /home/locobot/Documents/kobuki/install/include/ecl/mpl/if.hpp
[1.215s] Invoked command in '/home/locobot/Documents/kobuki/build/ecl_mpl' returned '0': AMENT_PREFIX_PATH=/home/locobot/Documents/kobuki/install CMAKE_PREFIX_PATH=/home/locobot/Documents/kobuki/install LD_LIBRARY_PATH=/home/locobot/Documents/kobuki/install/lib PATH=/home/locobot/Documents/kobuki/install/bin:${PATH} PYTHONPATH=/home/locobot/Documents/kobuki/install/lib/python3.8/site-packages /usr/bin/cmake --install /home/locobot/Documents/kobuki/build/ecl_mpl
