[0.223s] Invoking command in '/home/locobot/Documents/kobuki/build/ecl_filesystem': AMENT_PREFIX_PATH=/home/locobot/Documents/kobuki/install CMAKE_PREFIX_PATH=/home/locobot/Documents/kobuki/install LD_LIBRARY_PATH=/home/locobot/Documents/kobuki/install/lib PATH=/home/locobot/Documents/kobuki/install/bin:${PATH} PYTHONPATH=/home/locobot/Documents/kobuki/install/lib/python3.8/site-packages /usr/bin/cmake /home/locobot/Documents/kobuki/src/ecl_core/ecl_filesystem -DBUILD_TESTING=OFF -DCMAKE_BUILD_TYPE=RelWithDebInfo -DCMAKE_INSTALL_PREFIX=/home/locobot/Documents/kobuki/install
[0.262s] -- Found ament_cmake_ros: 0.9.2 (/home/locobot/Documents/kobuki/install/share/ament_cmake_ros/cmake)
[0.321s] -- Using PYTHON_EXECUTABLE: /usr/bin/python3
[0.671s] -- Found ecl_build: 1.0.3 (/home/locobot/Documents/kobuki/install/share/ecl_build/cmake)
[0.677s] -- Found ecl_config: 1.1.0 (/home/locobot/Documents/kobuki/install/share/ecl_config/cmake)
[0.678s] -- Found ecl_errors: 1.1.0 (/home/locobot/Documents/kobuki/install/share/ecl_errors/cmake)
[0.869s] -- Configuring done
[0.870s] -- Generating done
[0.890s] -- Build files have been written to: /home/locobot/Documents/kobuki/build/ecl_filesystem
[0.902s] Invoked command in '/home/locobot/Documents/kobuki/build/ecl_filesystem' returned '0': AMENT_PREFIX_PATH=/home/locobot/Documents/kobuki/install CMAKE_PREFIX_PATH=/home/locobot/Documents/kobuki/install LD_LIBRARY_PATH=/home/locobot/Documents/kobuki/install/lib PATH=/home/locobot/Documents/kobuki/install/bin:${PATH} PYTHONPATH=/home/locobot/Documents/kobuki/install/lib/python3.8/site-packages /usr/bin/cmake /home/locobot/Documents/kobuki/src/ecl_core/ecl_filesystem -DBUILD_TESTING=OFF -DCMAKE_BUILD_TYPE=RelWithDebInfo -DCMAKE_INSTALL_PREFIX=/home/locobot/Documents/kobuki/install
[0.903s] Invoking command in '/home/locobot/Documents/kobuki/build/ecl_filesystem': AMENT_PREFIX_PATH=/home/locobot/Documents/kobuki/install CMAKE_PREFIX_PATH=/home/locobot/Documents/kobuki/install LD_LIBRARY_PATH=/home/locobot/Documents/kobuki/install/lib PATH=/home/locobot/Documents/kobuki/install/bin:${PATH} PYTHONPATH=/home/locobot/Documents/kobuki/install/lib/python3.8/site-packages /usr/bin/cmake --build /home/locobot/Documents/kobuki/build/ecl_filesystem -- -j4 -l4
[0.974s] [ 50%] [32mBuilding CXX object src/lib/CMakeFiles/ecl_filesystem.dir/realpath.cpp.o[0m
[1.577s] [100%] [32m[1mLinking CXX shared library libecl_filesystem.so[0m
[1.726s] [100%] Built target ecl_filesystem
[1.751s] Invoked command in '/home/locobot/Documents/kobuki/build/ecl_filesystem' returned '0': AMENT_PREFIX_PATH=/home/locobot/Documents/kobuki/install CMAKE_PREFIX_PATH=/home/locobot/Documents/kobuki/install LD_LIBRARY_PATH=/home/locobot/Documents/kobuki/install/lib PATH=/home/locobot/Documents/kobuki/install/bin:${PATH} PYTHONPATH=/home/locobot/Documents/kobuki/install/lib/python3.8/site-packages /usr/bin/cmake --build /home/locobot/Documents/kobuki/build/ecl_filesystem -- -j4 -l4
[1.756s] Invoking command in '/home/locobot/Documents/kobuki/build/ecl_filesystem': AMENT_PREFIX_PATH=/home/locobot/Documents/kobuki/install CMAKE_PREFIX_PATH=/home/locobot/Documents/kobuki/install LD_LIBRARY_PATH=/home/locobot/Documents/kobuki/install/lib PATH=/home/locobot/Documents/kobuki/install/bin:${PATH} PYTHONPATH=/home/locobot/Documents/kobuki/install/lib/python3.8/site-packages /usr/bin/cmake --install /home/locobot/Documents/kobuki/build/ecl_filesystem
[1.787s] -- Install configuration: "RelWithDebInfo"
[1.788s] -- Up-to-date: /home/locobot/Documents/kobuki/install/share/ecl_filesystem/environment/library_path.sh
[1.789s] -- Installing: /home/locobot/Documents/kobuki/install/share/ecl_filesystem/environment/library_path.dsv
[1.789s] -- Up-to-date: /home/locobot/Documents/kobuki/install/share/ament_index/resource_index/package_run_dependencies/ecl_filesystem
[1.790s] -- Up-to-date: /home/locobot/Documents/kobuki/install/share/ament_index/resource_index/parent_prefix_path/ecl_filesystem
[1.791s] -- Up-to-date: /home/locobot/Documents/kobuki/install/share/ecl_filesystem/environment/ament_prefix_path.sh
[1.801s] -- Installing: /home/locobot/Documents/kobuki/install/share/ecl_filesystem/environment/ament_prefix_path.dsv
[1.802s] -- Up-to-date: /home/locobot/Documents/kobuki/install/share/ecl_filesystem/environment/path.sh
[1.802s] -- Installing: /home/locobot/Documents/kobuki/install/share/ecl_filesystem/environment/path.dsv
[1.805s] -- Up-to-date: /home/locobot/Documents/kobuki/install/share/ecl_filesystem/local_setup.bash
[1.805s] -- Up-to-date: /home/locobot/Documents/kobuki/install/share/ecl_filesystem/local_setup.sh
[1.806s] -- Up-to-date: /home/locobot/Documents/kobuki/install/share/ecl_filesystem/local_setup.zsh
[1.806s] -- Installing: /home/locobot/Documents/kobuki/install/share/ecl_filesystem/local_setup.dsv
[1.806s] -- Installing: /home/locobot/Documents/kobuki/install/share/ecl_filesystem/package.dsv
[1.806s] -- Up-to-date: /home/locobot/Documents/kobuki/install/share/ament_index/resource_index/packages/ecl_filesystem
[1.806s] -- Up-to-date: /home/locobot/Documents/kobuki/install/share/ecl_filesystem/cmake/ecl_filesystemExport.cmake
[1.806s] -- Installing: /home/locobot/Documents/kobuki/install/share/ecl_filesystem/cmake/ecl_filesystemExport-relwithdebinfo.cmake
[1.806s] -- Up-to-date: /home/locobot/Documents/kobuki/install/share/ecl_filesystem/cmake/ament_cmake_export_targets-extras.cmake
[1.806s] -- Up-to-date: /home/locobot/Documents/kobuki/install/share/ecl_filesystem/cmake/ament_cmake_export_include_directories-extras.cmake
[1.807s] -- Up-to-date: /home/locobot/Documents/kobuki/install/share/ecl_filesystem/cmake/ament_cmake_export_libraries-extras.cmake
[1.807s] -- Up-to-date: /home/locobot/Documents/kobuki/install/share/ecl_filesystem/cmake/ament_cmake_export_dependencies-extras.cmake
[1.807s] -- Up-to-date: /home/locobot/Documents/kobuki/install/share/ecl_filesystem/cmake/ecl_filesystemConfig.cmake
[1.807s] -- Up-to-date: /home/locobot/Documents/kobuki/install/share/ecl_filesystem/cmake/ecl_filesystemConfig-version.cmake
[1.807s] -- Up-to-date: /home/locobot/Documents/kobuki/install/share/ecl_filesystem/package.xml
[1.807s] -- Up-to-date: /home/locobot/Documents/kobuki/install/include/ecl/filesystem.hpp
[1.807s] -- Up-to-date: /home/locobot/Documents/kobuki/install/include/ecl/filesystem/errors.hpp
[1.807s] -- Up-to-date: /home/locobot/Documents/kobuki/install/include/ecl/filesystem/macros.hpp
[1.807s] -- Up-to-date: /home/locobot/Documents/kobuki/install/include/ecl/filesystem/realpath.hpp
[1.807s] -- Up-to-date: /home/locobot/Documents/kobuki/install/include/ecl/filesystem/config.hpp
[1.808s] -- Installing: /home/locobot/Documents/kobuki/install/lib/libecl_filesystem.so.1.2.1
[1.809s] -- Set runtime path of "/home/locobot/Documents/kobuki/install/lib/libecl_filesystem.so.1.2.1" to ""
[1.809s] -- Up-to-date: /home/locobot/Documents/kobuki/install/lib/libecl_filesystem.so
[1.821s] Invoked command in '/home/locobot/Documents/kobuki/build/ecl_filesystem' returned '0': AMENT_PREFIX_PATH=/home/locobot/Documents/kobuki/install CMAKE_PREFIX_PATH=/home/locobot/Documents/kobuki/install LD_LIBRARY_PATH=/home/locobot/Documents/kobuki/install/lib PATH=/home/locobot/Documents/kobuki/install/bin:${PATH} PYTHONPATH=/home/locobot/Documents/kobuki/install/lib/python3.8/site-packages /usr/bin/cmake --install /home/locobot/Documents/kobuki/build/ecl_filesystem
