/home/locobot/Documents/kobuki/install/lib/python3.8/site-packages/ament_pclint/__init__.py
/home/locobot/Documents/kobuki/install/lib/python3.8/site-packages/ament_pclint/main.py
/home/locobot/Documents/kobuki/install/lib/python3.8/site-packages/ament_pclint/config/gcc/co-g++.h
/home/locobot/Documents/kobuki/install/lib/python3.8/site-packages/ament_pclint/config/gcc/co-g++.lnt
/home/locobot/Documents/kobuki/install/lib/python3.8/site-packages/ament_pclint/config/gcc/co-gcc.h
/home/locobot/Documents/kobuki/install/lib/python3.8/site-packages/ament_pclint/config/gcc/co-gcc.lnt
/home/locobot/Documents/kobuki/install/lib/python3.8/site-packages/ament_pclint/config/gcc/co-osx-g++.h
/home/locobot/Documents/kobuki/install/lib/python3.8/site-packages/ament_pclint/config/gcc/co-osx-g++.lnt
/home/locobot/Documents/kobuki/install/lib/python3.8/site-packages/ament_pclint/config/gcc/co-osx-gcc.h
/home/locobot/Documents/kobuki/install/lib/python3.8/site-packages/ament_pclint/config/gcc/co-osx-gcc.lnt
/home/locobot/Documents/kobuki/install/lib/python3.8/site-packages/ament_pclint/config/msvc/co-cl.lnt
/home/locobot/Documents/kobuki/install/lib/python3.8/site-packages/ament_pclint/config/msvc/co-cl++.lnt
/home/locobot/Documents/kobuki/install/lib/python3.8/site-packages/ament_pclint/config/msvc/co-cl.h
/home/locobot/Documents/kobuki/install/lib/python3.8/site-packages/ament_pclint/config/au-misra3.lnt
/home/locobot/Documents/kobuki/install/lib/python3.8/site-packages/ament_pclint/config/au-misra3-amd1.lnt
/home/locobot/Documents/kobuki/install/lib/python3.8/site-packages/ament_pclint/config/au-misra-cpp.lnt
/home/locobot/Documents/kobuki/install/lib/python3.8/site-packages/ament_pclint/config/c99.lnt
/home/locobot/Documents/kobuki/install/lib/python3.8/site-packages/ament_pclint/config/c++.lnt
/home/locobot/Documents/kobuki/install/lib/python3.8/site-packages/ament_pclint/config/deprecate.lnt
/home/locobot/Documents/kobuki/install/lib/python3.8/site-packages/ament_pclint/config/env-xml.lnt
/home/locobot/Documents/kobuki/install/lib/python3.8/site-packages/ament_pclint/__pycache__/__init__.cpython-38.pyc
/home/locobot/Documents/kobuki/install/lib/python3.8/site-packages/ament_pclint/__pycache__/main.cpython-38.pyc
/home/locobot/Documents/kobuki/install/share/ament_pclint/package.xml
/home/locobot/Documents/kobuki/install/share/ament_index/resource_index/packages/ament_pclint
/home/locobot/Documents/kobuki/install/lib/python3.8/site-packages/ament_pclint-0.9.8-py3.8.egg-info/requires.txt
/home/locobot/Documents/kobuki/install/lib/python3.8/site-packages/ament_pclint-0.9.8-py3.8.egg-info/dependency_links.txt
/home/locobot/Documents/kobuki/install/lib/python3.8/site-packages/ament_pclint-0.9.8-py3.8.egg-info/PKG-INFO
/home/locobot/Documents/kobuki/install/lib/python3.8/site-packages/ament_pclint-0.9.8-py3.8.egg-info/SOURCES.txt
/home/locobot/Documents/kobuki/install/lib/python3.8/site-packages/ament_pclint-0.9.8-py3.8.egg-info/top_level.txt
/home/locobot/Documents/kobuki/install/lib/python3.8/site-packages/ament_pclint-0.9.8-py3.8.egg-info/not-zip-safe
/home/locobot/Documents/kobuki/install/lib/python3.8/site-packages/ament_pclint-0.9.8-py3.8.egg-info/entry_points.txt
/home/locobot/Documents/kobuki/install/bin/ament_pclint
