[0.222s] Invoking command in '/home/locobot/Documents/kobuki/build/ament_cmake_lint_cmake': AMENT_PREFIX_PATH=/home/locobot/Documents/kobuki/install CMAKE_PREFIX_PATH=/home/locobot/Documents/kobuki/install PATH=/home/locobot/Documents/kobuki/install/bin:${PATH} PYTHONPATH=/home/locobot/Documents/kobuki/install/lib/python3.8/site-packages /usr/bin/cmake /home/locobot/Documents/kobuki/src/ament_lint/ament_cmake_lint_cmake -DBUILD_TESTING=OFF -DCMAKE_INSTALL_PREFIX=/home/locobot/Documents/kobuki/install
[0.261s] -- Found ament_cmake_core: 0.9.12 (/home/locobot/Documents/kobuki/install/share/ament_cmake_core/cmake)
[0.320s] -- Found PythonInterp: /usr/bin/python3 (found suitable version "3.8.10", minimum required is "3") 
[0.320s] -- Using PYTHON_EXECUTABLE: /usr/bin/python3
[0.715s] -- Found ament_cmake_test: 0.9.12 (/home/locobot/Documents/kobuki/install/share/ament_cmake_test/cmake)
[0.908s] -- Configuring done
[0.908s] -- Generating done
[0.910s] -- Build files have been written to: /home/locobot/Documents/kobuki/build/ament_cmake_lint_cmake
[0.954s] Invoked command in '/home/locobot/Documents/kobuki/build/ament_cmake_lint_cmake' returned '0': AMENT_PREFIX_PATH=/home/locobot/Documents/kobuki/install CMAKE_PREFIX_PATH=/home/locobot/Documents/kobuki/install PATH=/home/locobot/Documents/kobuki/install/bin:${PATH} PYTHONPATH=/home/locobot/Documents/kobuki/install/lib/python3.8/site-packages /usr/bin/cmake /home/locobot/Documents/kobuki/src/ament_lint/ament_cmake_lint_cmake -DBUILD_TESTING=OFF -DCMAKE_INSTALL_PREFIX=/home/locobot/Documents/kobuki/install
[0.958s] Invoking command in '/home/locobot/Documents/kobuki/build/ament_cmake_lint_cmake': AMENT_PREFIX_PATH=/home/locobot/Documents/kobuki/install CMAKE_PREFIX_PATH=/home/locobot/Documents/kobuki/install PATH=/home/locobot/Documents/kobuki/install/bin:${PATH} PYTHONPATH=/home/locobot/Documents/kobuki/install/lib/python3.8/site-packages /usr/bin/cmake --build /home/locobot/Documents/kobuki/build/ament_cmake_lint_cmake -- -j4 -l4
[1.444s] Invoked command in '/home/locobot/Documents/kobuki/build/ament_cmake_lint_cmake' returned '0': AMENT_PREFIX_PATH=/home/locobot/Documents/kobuki/install CMAKE_PREFIX_PATH=/home/locobot/Documents/kobuki/install PATH=/home/locobot/Documents/kobuki/install/bin:${PATH} PYTHONPATH=/home/locobot/Documents/kobuki/install/lib/python3.8/site-packages /usr/bin/cmake --build /home/locobot/Documents/kobuki/build/ament_cmake_lint_cmake -- -j4 -l4
[1.446s] Invoking command in '/home/locobot/Documents/kobuki/build/ament_cmake_lint_cmake': AMENT_PREFIX_PATH=/home/locobot/Documents/kobuki/install CMAKE_PREFIX_PATH=/home/locobot/Documents/kobuki/install PATH=/home/locobot/Documents/kobuki/install/bin:${PATH} PYTHONPATH=/home/locobot/Documents/kobuki/install/lib/python3.8/site-packages /usr/bin/cmake --install /home/locobot/Documents/kobuki/build/ament_cmake_lint_cmake
[1.487s] -- Install configuration: ""
[1.489s] -- Installing: /home/locobot/Documents/kobuki/install/share/ament_index/resource_index/package_run_dependencies/ament_cmake_lint_cmake
[1.489s] -- Installing: /home/locobot/Documents/kobuki/install/share/ament_index/resource_index/parent_prefix_path/ament_cmake_lint_cmake
[1.489s] -- Installing: /home/locobot/Documents/kobuki/install/share/ament_cmake_lint_cmake/environment/ament_prefix_path.sh
[1.489s] -- Installing: /home/locobot/Documents/kobuki/install/share/ament_cmake_lint_cmake/environment/ament_prefix_path.dsv
[1.489s] -- Installing: /home/locobot/Documents/kobuki/install/share/ament_cmake_lint_cmake/environment/path.sh
[1.489s] -- Installing: /home/locobot/Documents/kobuki/install/share/ament_cmake_lint_cmake/environment/path.dsv
[1.489s] -- Installing: /home/locobot/Documents/kobuki/install/share/ament_cmake_lint_cmake/local_setup.bash
[1.489s] -- Installing: /home/locobot/Documents/kobuki/install/share/ament_cmake_lint_cmake/local_setup.sh
[1.490s] -- Installing: /home/locobot/Documents/kobuki/install/share/ament_cmake_lint_cmake/local_setup.zsh
[1.490s] -- Installing: /home/locobot/Documents/kobuki/install/share/ament_cmake_lint_cmake/local_setup.dsv
[1.490s] -- Installing: /home/locobot/Documents/kobuki/install/share/ament_cmake_lint_cmake/package.dsv
[1.490s] -- Installing: /home/locobot/Documents/kobuki/install/share/ament_index/resource_index/packages/ament_cmake_lint_cmake
[1.490s] -- Installing: /home/locobot/Documents/kobuki/install/share/ament_cmake_lint_cmake/cmake/ament_cmake_lint_cmake-extras.cmake
[1.490s] -- Installing: /home/locobot/Documents/kobuki/install/share/ament_cmake_lint_cmake/cmake/ament_cmake_lint_cmakeConfig.cmake
[1.490s] -- Installing: /home/locobot/Documents/kobuki/install/share/ament_cmake_lint_cmake/cmake/ament_cmake_lint_cmakeConfig-version.cmake
[1.490s] -- Installing: /home/locobot/Documents/kobuki/install/share/ament_cmake_lint_cmake/package.xml
[1.490s] -- Up-to-date: /home/locobot/Documents/kobuki/install/share/ament_cmake_lint_cmake/cmake
[1.491s] -- Installing: /home/locobot/Documents/kobuki/install/share/ament_cmake_lint_cmake/cmake/ament_lint_cmake.cmake
[1.491s] -- Installing: /home/locobot/Documents/kobuki/install/share/ament_cmake_lint_cmake/cmake/ament_cmake_lint_cmake_lint_hook.cmake
[1.500s] Invoked command in '/home/locobot/Documents/kobuki/build/ament_cmake_lint_cmake' returned '0': AMENT_PREFIX_PATH=/home/locobot/Documents/kobuki/install CMAKE_PREFIX_PATH=/home/locobot/Documents/kobuki/install PATH=/home/locobot/Documents/kobuki/install/bin:${PATH} PYTHONPATH=/home/locobot/Documents/kobuki/install/lib/python3.8/site-packages /usr/bin/cmake --install /home/locobot/Documents/kobuki/build/ament_cmake_lint_cmake
