[0.269s] Invoking command in '/home/locobot/Documents/kobuki/build/ament_cmake_clang_format': AMENT_PREFIX_PATH=/home/locobot/Documents/kobuki/install CMAKE_PREFIX_PATH=/home/locobot/Documents/kobuki/install LD_LIBRARY_PATH=/home/locobot/Documents/kobuki/install/lib PATH=/home/locobot/Documents/kobuki/install/bin:${PATH} PYTHONPATH=/home/locobot/Documents/kobuki/install/lib/python3.8/site-packages /usr/bin/cmake /home/locobot/Documents/kobuki/src/ament_lint/ament_cmake_clang_format -DBUILD_TESTING=OFF -DCMAKE_INSTALL_PREFIX=/home/locobot/Documents/kobuki/install
[0.318s] Re-run cmake no build system arguments
[0.325s] -- Found ament_cmake_core: 0.9.12 (/home/locobot/Documents/kobuki/install/share/ament_cmake_core/cmake)
[0.355s] -- Using PYTHON_EXECUTABLE: /usr/bin/python3
[0.604s] -- Found ament_cmake_test: 0.9.12 (/home/locobot/Documents/kobuki/install/share/ament_cmake_test/cmake)
[0.745s] -- Configuring done
[0.748s] -- Generating done
[0.751s] -- Build files have been written to: /home/locobot/Documents/kobuki/build/ament_cmake_clang_format
[0.772s] Invoked command in '/home/locobot/Documents/kobuki/build/ament_cmake_clang_format' returned '0': AMENT_PREFIX_PATH=/home/locobot/Documents/kobuki/install CMAKE_PREFIX_PATH=/home/locobot/Documents/kobuki/install LD_LIBRARY_PATH=/home/locobot/Documents/kobuki/install/lib PATH=/home/locobot/Documents/kobuki/install/bin:${PATH} PYTHONPATH=/home/locobot/Documents/kobuki/install/lib/python3.8/site-packages /usr/bin/cmake /home/locobot/Documents/kobuki/src/ament_lint/ament_cmake_clang_format -DBUILD_TESTING=OFF -DCMAKE_INSTALL_PREFIX=/home/locobot/Documents/kobuki/install
[0.773s] Invoking command in '/home/locobot/Documents/kobuki/build/ament_cmake_clang_format': AMENT_PREFIX_PATH=/home/locobot/Documents/kobuki/install CMAKE_PREFIX_PATH=/home/locobot/Documents/kobuki/install LD_LIBRARY_PATH=/home/locobot/Documents/kobuki/install/lib PATH=/home/locobot/Documents/kobuki/install/bin:${PATH} PYTHONPATH=/home/locobot/Documents/kobuki/install/lib/python3.8/site-packages /usr/bin/cmake --build /home/locobot/Documents/kobuki/build/ament_cmake_clang_format -- -j4 -l4
[0.800s] /usr/bin/cmake -S/home/locobot/Documents/kobuki/src/ament_lint/ament_cmake_clang_format -B/home/locobot/Documents/kobuki/build/ament_cmake_clang_format --check-build-system CMakeFiles/Makefile.cmake 0
[0.820s] /usr/bin/cmake -E cmake_progress_start /home/locobot/Documents/kobuki/build/ament_cmake_clang_format/CMakeFiles /home/locobot/Documents/kobuki/build/ament_cmake_clang_format/CMakeFiles/progress.marks
[0.845s] /usr/bin/make -f CMakeFiles/Makefile2 all
[0.846s] make[1]: Entering directory '/home/locobot/Documents/kobuki/build/ament_cmake_clang_format'
[0.846s] make[1]: Nothing to be done for 'all'.
[0.847s] make[1]: Leaving directory '/home/locobot/Documents/kobuki/build/ament_cmake_clang_format'
[0.847s] /usr/bin/cmake -E cmake_progress_start /home/locobot/Documents/kobuki/build/ament_cmake_clang_format/CMakeFiles 0
[0.867s] Invoked command in '/home/locobot/Documents/kobuki/build/ament_cmake_clang_format' returned '0': AMENT_PREFIX_PATH=/home/locobot/Documents/kobuki/install CMAKE_PREFIX_PATH=/home/locobot/Documents/kobuki/install LD_LIBRARY_PATH=/home/locobot/Documents/kobuki/install/lib PATH=/home/locobot/Documents/kobuki/install/bin:${PATH} PYTHONPATH=/home/locobot/Documents/kobuki/install/lib/python3.8/site-packages /usr/bin/cmake --build /home/locobot/Documents/kobuki/build/ament_cmake_clang_format -- -j4 -l4
[0.869s] Invoking command in '/home/locobot/Documents/kobuki/build/ament_cmake_clang_format': AMENT_PREFIX_PATH=/home/locobot/Documents/kobuki/install CMAKE_PREFIX_PATH=/home/locobot/Documents/kobuki/install LD_LIBRARY_PATH=/home/locobot/Documents/kobuki/install/lib PATH=/home/locobot/Documents/kobuki/install/bin:${PATH} PYTHONPATH=/home/locobot/Documents/kobuki/install/lib/python3.8/site-packages /usr/bin/cmake --install /home/locobot/Documents/kobuki/build/ament_cmake_clang_format
[0.894s] -- Install configuration: ""
[0.895s] -- Up-to-date: /home/locobot/Documents/kobuki/install/share/ament_index/resource_index/package_run_dependencies/ament_cmake_clang_format
[0.896s] -- Up-to-date: /home/locobot/Documents/kobuki/install/share/ament_index/resource_index/parent_prefix_path/ament_cmake_clang_format
[0.897s] -- Up-to-date: /home/locobot/Documents/kobuki/install/share/ament_cmake_clang_format/environment/ament_prefix_path.sh
[0.899s] -- Installing: /home/locobot/Documents/kobuki/install/share/ament_cmake_clang_format/environment/ament_prefix_path.dsv
[0.902s] -- Up-to-date: /home/locobot/Documents/kobuki/install/share/ament_cmake_clang_format/environment/path.sh
[0.903s] -- Installing: /home/locobot/Documents/kobuki/install/share/ament_cmake_clang_format/environment/path.dsv
[0.906s] -- Up-to-date: /home/locobot/Documents/kobuki/install/share/ament_cmake_clang_format/local_setup.bash
[0.907s] -- Up-to-date: /home/locobot/Documents/kobuki/install/share/ament_cmake_clang_format/local_setup.sh
[0.910s] -- Up-to-date: /home/locobot/Documents/kobuki/install/share/ament_cmake_clang_format/local_setup.zsh
[0.911s] -- Installing: /home/locobot/Documents/kobuki/install/share/ament_cmake_clang_format/local_setup.dsv
[0.913s] -- Installing: /home/locobot/Documents/kobuki/install/share/ament_cmake_clang_format/package.dsv
[0.914s] -- Up-to-date: /home/locobot/Documents/kobuki/install/share/ament_index/resource_index/packages/ament_cmake_clang_format
[0.915s] -- Up-to-date: /home/locobot/Documents/kobuki/install/share/ament_cmake_clang_format/cmake/ament_cmake_clang_format-extras.cmake
[0.916s] -- Up-to-date: /home/locobot/Documents/kobuki/install/share/ament_cmake_clang_format/cmake/ament_cmake_clang_formatConfig.cmake
[0.918s] -- Up-to-date: /home/locobot/Documents/kobuki/install/share/ament_cmake_clang_format/cmake/ament_cmake_clang_formatConfig-version.cmake
[0.921s] -- Up-to-date: /home/locobot/Documents/kobuki/install/share/ament_cmake_clang_format/package.xml
[0.922s] -- Up-to-date: /home/locobot/Documents/kobuki/install/share/ament_cmake_clang_format/cmake
[0.923s] -- Up-to-date: /home/locobot/Documents/kobuki/install/share/ament_cmake_clang_format/cmake/ament_clang_format.cmake
[0.923s] -- Up-to-date: /home/locobot/Documents/kobuki/install/share/ament_cmake_clang_format/cmake/ament_cmake_clang_format_lint_hook.cmake
[0.932s] Invoked command in '/home/locobot/Documents/kobuki/build/ament_cmake_clang_format' returned '0': AMENT_PREFIX_PATH=/home/locobot/Documents/kobuki/install CMAKE_PREFIX_PATH=/home/locobot/Documents/kobuki/install LD_LIBRARY_PATH=/home/locobot/Documents/kobuki/install/lib PATH=/home/locobot/Documents/kobuki/install/bin:${PATH} PYTHONPATH=/home/locobot/Documents/kobuki/install/lib/python3.8/site-packages /usr/bin/cmake --install /home/locobot/Documents/kobuki/build/ament_cmake_clang_format
