[0.497s] Invoking command in '/home/locobot/Documents/kobuki/build/ecl_mobile_robot': AMENT_PREFIX_PATH=/home/locobot/Documents/kobuki/install CMAKE_PREFIX_PATH=/home/locobot/Documents/kobuki/install LD_LIBRARY_PATH=/home/locobot/Documents/kobuki/install/lib PATH=/home/locobot/Documents/kobuki/install/bin:${PATH} PKG_CONFIG_PATH=/home/locobot/Documents/kobuki/install/lib/x86_64-linux-gnu/pkgconfig:/home/locobot/Documents/kobuki/install/lib/pkgconfig PYTHONPATH=/home/locobot/Documents/kobuki/install/lib/python3.8/site-packages /usr/bin/cmake /home/locobot/Documents/kobuki/src/ecl_core/ecl_mobile_robot -DBUILD_TESTING=OFF --no-warn-unused-cli -DCMAKE_INSTALL_PREFIX=/home/locobot/Documents/kobuki/install
[0.523s] Not searching for unused variables given on the command line.
[0.535s] -- Found ament_cmake_ros: 0.9.2 (/home/locobot/Documents/kobuki/install/share/ament_cmake_ros/cmake)
[0.564s] -- Using PYTHON_EXECUTABLE: /usr/bin/python3
[0.804s] -- Found ecl_build: 1.0.3 (/home/locobot/Documents/kobuki/install/share/ecl_build/cmake)
[0.821s] -- Found ecl_errors: 1.1.0 (/home/locobot/Documents/kobuki/install/share/ecl_errors/cmake)
[0.824s] -- Found ecl_formatters: 1.2.1 (/home/locobot/Documents/kobuki/install/share/ecl_formatters/cmake)
[0.847s] -- Found ecl_geometry: 1.2.1 (/home/locobot/Documents/kobuki/install/share/ecl_geometry/cmake)
[1.053s] -- Configuring done
[1.104s] -- Generating done
[1.118s] -- Build files have been written to: /home/locobot/Documents/kobuki/build/ecl_mobile_robot
[1.131s] Invoked command in '/home/locobot/Documents/kobuki/build/ecl_mobile_robot' returned '0': AMENT_PREFIX_PATH=/home/locobot/Documents/kobuki/install CMAKE_PREFIX_PATH=/home/locobot/Documents/kobuki/install LD_LIBRARY_PATH=/home/locobot/Documents/kobuki/install/lib PATH=/home/locobot/Documents/kobuki/install/bin:${PATH} PKG_CONFIG_PATH=/home/locobot/Documents/kobuki/install/lib/x86_64-linux-gnu/pkgconfig:/home/locobot/Documents/kobuki/install/lib/pkgconfig PYTHONPATH=/home/locobot/Documents/kobuki/install/lib/python3.8/site-packages /usr/bin/cmake /home/locobot/Documents/kobuki/src/ecl_core/ecl_mobile_robot -DBUILD_TESTING=OFF --no-warn-unused-cli -DCMAKE_INSTALL_PREFIX=/home/locobot/Documents/kobuki/install
[1.132s] Invoking command in '/home/locobot/Documents/kobuki/build/ecl_mobile_robot': AMENT_PREFIX_PATH=/home/locobot/Documents/kobuki/install CMAKE_PREFIX_PATH=/home/locobot/Documents/kobuki/install LD_LIBRARY_PATH=/home/locobot/Documents/kobuki/install/lib PATH=/home/locobot/Documents/kobuki/install/bin:${PATH} PKG_CONFIG_PATH=/home/locobot/Documents/kobuki/install/lib/x86_64-linux-gnu/pkgconfig:/home/locobot/Documents/kobuki/install/lib/pkgconfig PYTHONPATH=/home/locobot/Documents/kobuki/install/lib/python3.8/site-packages /usr/bin/cmake --build /home/locobot/Documents/kobuki/build/ecl_mobile_robot -- -j4 -l4
[1.213s] [100%] Built target ecl_mobile_robot
[1.238s] Invoked command in '/home/locobot/Documents/kobuki/build/ecl_mobile_robot' returned '0': AMENT_PREFIX_PATH=/home/locobot/Documents/kobuki/install CMAKE_PREFIX_PATH=/home/locobot/Documents/kobuki/install LD_LIBRARY_PATH=/home/locobot/Documents/kobuki/install/lib PATH=/home/locobot/Documents/kobuki/install/bin:${PATH} PKG_CONFIG_PATH=/home/locobot/Documents/kobuki/install/lib/x86_64-linux-gnu/pkgconfig:/home/locobot/Documents/kobuki/install/lib/pkgconfig PYTHONPATH=/home/locobot/Documents/kobuki/install/lib/python3.8/site-packages /usr/bin/cmake --build /home/locobot/Documents/kobuki/build/ecl_mobile_robot -- -j4 -l4
[1.239s] Invoking command in '/home/locobot/Documents/kobuki/build/ecl_mobile_robot': AMENT_PREFIX_PATH=/home/locobot/Documents/kobuki/install CMAKE_PREFIX_PATH=/home/locobot/Documents/kobuki/install LD_LIBRARY_PATH=/home/locobot/Documents/kobuki/install/lib PATH=/home/locobot/Documents/kobuki/install/bin:${PATH} PKG_CONFIG_PATH=/home/locobot/Documents/kobuki/install/lib/x86_64-linux-gnu/pkgconfig:/home/locobot/Documents/kobuki/install/lib/pkgconfig PYTHONPATH=/home/locobot/Documents/kobuki/install/lib/python3.8/site-packages /usr/bin/cmake --install /home/locobot/Documents/kobuki/build/ecl_mobile_robot
[1.251s] -- Install configuration: ""
[1.252s] -- Up-to-date: /home/locobot/Documents/kobuki/install/share/ecl_mobile_robot/environment/library_path.sh
[1.252s] -- Installing: /home/locobot/Documents/kobuki/install/share/ecl_mobile_robot/environment/library_path.dsv
[1.252s] -- Up-to-date: /home/locobot/Documents/kobuki/install/share/ament_index/resource_index/package_run_dependencies/ecl_mobile_robot
[1.252s] -- Up-to-date: /home/locobot/Documents/kobuki/install/share/ament_index/resource_index/parent_prefix_path/ecl_mobile_robot
[1.252s] -- Up-to-date: /home/locobot/Documents/kobuki/install/share/ecl_mobile_robot/environment/ament_prefix_path.sh
[1.252s] -- Installing: /home/locobot/Documents/kobuki/install/share/ecl_mobile_robot/environment/ament_prefix_path.dsv
[1.253s] -- Up-to-date: /home/locobot/Documents/kobuki/install/share/ecl_mobile_robot/environment/path.sh
[1.253s] -- Installing: /home/locobot/Documents/kobuki/install/share/ecl_mobile_robot/environment/path.dsv
[1.253s] -- Up-to-date: /home/locobot/Documents/kobuki/install/share/ecl_mobile_robot/local_setup.bash
[1.253s] -- Up-to-date: /home/locobot/Documents/kobuki/install/share/ecl_mobile_robot/local_setup.sh
[1.253s] -- Up-to-date: /home/locobot/Documents/kobuki/install/share/ecl_mobile_robot/local_setup.zsh
[1.254s] -- Installing: /home/locobot/Documents/kobuki/install/share/ecl_mobile_robot/local_setup.dsv
[1.254s] -- Installing: /home/locobot/Documents/kobuki/install/share/ecl_mobile_robot/package.dsv
[1.254s] -- Up-to-date: /home/locobot/Documents/kobuki/install/share/ament_index/resource_index/packages/ecl_mobile_robot
[1.254s] -- Up-to-date: /home/locobot/Documents/kobuki/install/share/ecl_mobile_robot/cmake/ecl_mobile_robotExport.cmake
[1.254s] -- Installing: /home/locobot/Documents/kobuki/install/share/ecl_mobile_robot/cmake/ecl_mobile_robotExport-noconfig.cmake
[1.255s] -- Up-to-date: /home/locobot/Documents/kobuki/install/share/ecl_mobile_robot/cmake/ament_cmake_export_targets-extras.cmake
[1.255s] -- Up-to-date: /home/locobot/Documents/kobuki/install/share/ecl_mobile_robot/cmake/ament_cmake_export_include_directories-extras.cmake
[1.255s] -- Up-to-date: /home/locobot/Documents/kobuki/install/share/ecl_mobile_robot/cmake/ament_cmake_export_libraries-extras.cmake
[1.255s] -- Up-to-date: /home/locobot/Documents/kobuki/install/share/ecl_mobile_robot/cmake/ament_cmake_export_dependencies-extras.cmake
[1.255s] -- Up-to-date: /home/locobot/Documents/kobuki/install/share/ecl_mobile_robot/cmake/ecl_mobile_robotConfig.cmake
[1.255s] -- Up-to-date: /home/locobot/Documents/kobuki/install/share/ecl_mobile_robot/cmake/ecl_mobile_robotConfig-version.cmake
[1.255s] -- Up-to-date: /home/locobot/Documents/kobuki/install/share/ecl_mobile_robot/package.xml
[1.256s] -- Up-to-date: /home/locobot/Documents/kobuki/install/include/ecl/mobile_robot.hpp
[1.256s] -- Up-to-date: /home/locobot/Documents/kobuki/install/include/ecl/mobile_robot/differential_drive.hpp
[1.256s] -- Up-to-date: /home/locobot/Documents/kobuki/install/include/ecl/mobile_robot/macros.hpp
[1.256s] -- Up-to-date: /home/locobot/Documents/kobuki/install/include/ecl/mobile_robot/kinematics/differential_drive.hpp
[1.257s] -- Up-to-date: /home/locobot/Documents/kobuki/install/lib/libecl_mobile_robot.so.1.2.1
[1.257s] -- Up-to-date: /home/locobot/Documents/kobuki/install/lib/libecl_mobile_robot.so
[1.263s] Invoked command in '/home/locobot/Documents/kobuki/build/ecl_mobile_robot' returned '0': AMENT_PREFIX_PATH=/home/locobot/Documents/kobuki/install CMAKE_PREFIX_PATH=/home/locobot/Documents/kobuki/install LD_LIBRARY_PATH=/home/locobot/Documents/kobuki/install/lib PATH=/home/locobot/Documents/kobuki/install/bin:${PATH} PKG_CONFIG_PATH=/home/locobot/Documents/kobuki/install/lib/x86_64-linux-gnu/pkgconfig:/home/locobot/Documents/kobuki/install/lib/pkgconfig PYTHONPATH=/home/locobot/Documents/kobuki/install/lib/python3.8/site-packages /usr/bin/cmake --install /home/locobot/Documents/kobuki/build/ecl_mobile_robot
