[0.147s] Invoking command in '/home/locobot/Documents/kobuki/build/ament_cmake_export_link_flags': AMENT_PREFIX_PATH=/home/locobot/Documents/kobuki/install CMAKE_PREFIX_PATH=/home/locobot/Documents/kobuki/install LD_LIBRARY_PATH=/home/locobot/Documents/kobuki/install/lib PATH=/home/locobot/Documents/kobuki/install/bin:${PATH} PYTHONPATH=/home/locobot/Documents/kobuki/install/lib/python3.8/site-packages /usr/bin/cmake /home/locobot/Documents/kobuki/src/ament_cmake/ament_cmake_export_link_flags -DBUILD_TESTING=OFF --no-warn-unused-cli -DCMAKE_INSTALL_PREFIX=/home/locobot/Documents/kobuki/install
[0.186s] Not searching for unused variables given on the command line.
[0.191s] -- Found ament_cmake_core: 0.9.12 (/home/locobot/Documents/kobuki/install/share/ament_cmake_core/cmake)
[0.240s] -- Using PYTHON_EXECUTABLE: /usr/bin/python3
[1.001s] -- Configuring done
[1.002s] -- Generating done
[1.004s] -- Build files have been written to: /home/locobot/Documents/kobuki/build/ament_cmake_export_link_flags
[1.044s] Invoked command in '/home/locobot/Documents/kobuki/build/ament_cmake_export_link_flags' returned '0': AMENT_PREFIX_PATH=/home/locobot/Documents/kobuki/install CMAKE_PREFIX_PATH=/home/locobot/Documents/kobuki/install LD_LIBRARY_PATH=/home/locobot/Documents/kobuki/install/lib PATH=/home/locobot/Documents/kobuki/install/bin:${PATH} PYTHONPATH=/home/locobot/Documents/kobuki/install/lib/python3.8/site-packages /usr/bin/cmake /home/locobot/Documents/kobuki/src/ament_cmake/ament_cmake_export_link_flags -DBUILD_TESTING=OFF --no-warn-unused-cli -DCMAKE_INSTALL_PREFIX=/home/locobot/Documents/kobuki/install
[1.053s] Invoking command in '/home/locobot/Documents/kobuki/build/ament_cmake_export_link_flags': AMENT_PREFIX_PATH=/home/locobot/Documents/kobuki/install CMAKE_PREFIX_PATH=/home/locobot/Documents/kobuki/install LD_LIBRARY_PATH=/home/locobot/Documents/kobuki/install/lib PATH=/home/locobot/Documents/kobuki/install/bin:${PATH} PYTHONPATH=/home/locobot/Documents/kobuki/install/lib/python3.8/site-packages /usr/bin/cmake --build /home/locobot/Documents/kobuki/build/ament_cmake_export_link_flags -- -j4 -l4
[1.265s] Invoked command in '/home/locobot/Documents/kobuki/build/ament_cmake_export_link_flags' returned '0': AMENT_PREFIX_PATH=/home/locobot/Documents/kobuki/install CMAKE_PREFIX_PATH=/home/locobot/Documents/kobuki/install LD_LIBRARY_PATH=/home/locobot/Documents/kobuki/install/lib PATH=/home/locobot/Documents/kobuki/install/bin:${PATH} PYTHONPATH=/home/locobot/Documents/kobuki/install/lib/python3.8/site-packages /usr/bin/cmake --build /home/locobot/Documents/kobuki/build/ament_cmake_export_link_flags -- -j4 -l4
[1.266s] Invoking command in '/home/locobot/Documents/kobuki/build/ament_cmake_export_link_flags': AMENT_PREFIX_PATH=/home/locobot/Documents/kobuki/install CMAKE_PREFIX_PATH=/home/locobot/Documents/kobuki/install LD_LIBRARY_PATH=/home/locobot/Documents/kobuki/install/lib PATH=/home/locobot/Documents/kobuki/install/bin:${PATH} PYTHONPATH=/home/locobot/Documents/kobuki/install/lib/python3.8/site-packages /usr/bin/cmake --install /home/locobot/Documents/kobuki/build/ament_cmake_export_link_flags
[1.315s] -- Install configuration: ""
[1.315s] -- Up-to-date: /home/locobot/Documents/kobuki/install/share/ament_index/resource_index/package_run_dependencies/ament_cmake_export_link_flags
[1.315s] -- Up-to-date: /home/locobot/Documents/kobuki/install/share/ament_index/resource_index/parent_prefix_path/ament_cmake_export_link_flags
[1.316s] -- Up-to-date: /home/locobot/Documents/kobuki/install/share/ament_cmake_export_link_flags/environment/ament_prefix_path.sh
[1.316s] -- Installing: /home/locobot/Documents/kobuki/install/share/ament_cmake_export_link_flags/environment/ament_prefix_path.dsv
[1.316s] -- Up-to-date: /home/locobot/Documents/kobuki/install/share/ament_cmake_export_link_flags/environment/path.sh
[1.316s] -- Installing: /home/locobot/Documents/kobuki/install/share/ament_cmake_export_link_flags/environment/path.dsv
[1.316s] -- Up-to-date: /home/locobot/Documents/kobuki/install/share/ament_cmake_export_link_flags/local_setup.bash
[1.317s] -- Up-to-date: /home/locobot/Documents/kobuki/install/share/ament_cmake_export_link_flags/local_setup.sh
[1.317s] -- Up-to-date: /home/locobot/Documents/kobuki/install/share/ament_cmake_export_link_flags/local_setup.zsh
[1.317s] -- Installing: /home/locobot/Documents/kobuki/install/share/ament_cmake_export_link_flags/local_setup.dsv
[1.318s] -- Installing: /home/locobot/Documents/kobuki/install/share/ament_cmake_export_link_flags/package.dsv
[1.318s] -- Up-to-date: /home/locobot/Documents/kobuki/install/share/ament_index/resource_index/packages/ament_cmake_export_link_flags
[1.318s] -- Up-to-date: /home/locobot/Documents/kobuki/install/share/ament_cmake_export_link_flags/cmake/ament_cmake_export_link_flags-extras.cmake
[1.318s] -- Up-to-date: /home/locobot/Documents/kobuki/install/share/ament_cmake_export_link_flags/cmake/ament_cmake_export_link_flagsConfig.cmake
[1.318s] -- Up-to-date: /home/locobot/Documents/kobuki/install/share/ament_cmake_export_link_flags/cmake/ament_cmake_export_link_flagsConfig-version.cmake
[1.319s] -- Up-to-date: /home/locobot/Documents/kobuki/install/share/ament_cmake_export_link_flags/package.xml
[1.319s] -- Up-to-date: /home/locobot/Documents/kobuki/install/share/ament_cmake_export_link_flags/cmake
[1.319s] -- Up-to-date: /home/locobot/Documents/kobuki/install/share/ament_cmake_export_link_flags/cmake/ament_cmake_export_link_flags-extras.cmake.in
[1.319s] -- Up-to-date: /home/locobot/Documents/kobuki/install/share/ament_cmake_export_link_flags/cmake/ament_export_link_flags.cmake
[1.319s] -- Up-to-date: /home/locobot/Documents/kobuki/install/share/ament_cmake_export_link_flags/cmake/ament_cmake_export_link_flags_package_hook.cmake
[1.334s] Invoked command in '/home/locobot/Documents/kobuki/build/ament_cmake_export_link_flags' returned '0': AMENT_PREFIX_PATH=/home/locobot/Documents/kobuki/install CMAKE_PREFIX_PATH=/home/locobot/Documents/kobuki/install LD_LIBRARY_PATH=/home/locobot/Documents/kobuki/install/lib PATH=/home/locobot/Documents/kobuki/install/bin:${PATH} PYTHONPATH=/home/locobot/Documents/kobuki/install/lib/python3.8/site-packages /usr/bin/cmake --install /home/locobot/Documents/kobuki/build/ament_cmake_export_link_flags
