[0.032s] Invoking command in '/home/locobot/Documents/kobuki/build/ament_lint_auto': AMENT_PREFIX_PATH=/home/locobot/Documents/kobuki/install CMAKE_PREFIX_PATH=/home/locobot/Documents/kobuki/install LD_LIBRARY_PATH=/home/locobot/Documents/kobuki/install/lib PATH=/home/locobot/Documents/kobuki/install/bin:${PATH} PYTHONPATH=/home/locobot/Documents/kobuki/install/lib/python3.8/site-packages /usr/bin/cmake /home/locobot/Documents/kobuki/src/ament_lint/ament_lint_auto -DBUILD_TESTING=OFF -DCMAKE_BUILD_TYPE=RelWithDebInfo -DCMAKE_INSTALL_PREFIX=/home/locobot/Documents/kobuki/install
[0.063s] -- Found ament_cmake_core: 0.9.12 (/home/locobot/Documents/kobuki/install/share/ament_cmake_core/cmake)
[0.104s] -- Using PYTHON_EXECUTABLE: /usr/bin/python3
[0.464s] -- Configuring done
[0.466s] -- Generating done
[0.470s] -- Build files have been written to: /home/locobot/Documents/kobuki/build/ament_lint_auto
[0.699s] Invoked command in '/home/locobot/Documents/kobuki/build/ament_lint_auto' returned '0': AMENT_PREFIX_PATH=/home/locobot/Documents/kobuki/install CMAKE_PREFIX_PATH=/home/locobot/Documents/kobuki/install LD_LIBRARY_PATH=/home/locobot/Documents/kobuki/install/lib PATH=/home/locobot/Documents/kobuki/install/bin:${PATH} PYTHONPATH=/home/locobot/Documents/kobuki/install/lib/python3.8/site-packages /usr/bin/cmake /home/locobot/Documents/kobuki/src/ament_lint/ament_lint_auto -DBUILD_TESTING=OFF -DCMAKE_BUILD_TYPE=RelWithDebInfo -DCMAKE_INSTALL_PREFIX=/home/locobot/Documents/kobuki/install
[0.702s] Invoking command in '/home/locobot/Documents/kobuki/build/ament_lint_auto': AMENT_PREFIX_PATH=/home/locobot/Documents/kobuki/install CMAKE_PREFIX_PATH=/home/locobot/Documents/kobuki/install LD_LIBRARY_PATH=/home/locobot/Documents/kobuki/install/lib PATH=/home/locobot/Documents/kobuki/install/bin:${PATH} PYTHONPATH=/home/locobot/Documents/kobuki/install/lib/python3.8/site-packages /usr/bin/cmake --build /home/locobot/Documents/kobuki/build/ament_lint_auto -- -j4 -l4
[0.828s] Invoked command in '/home/locobot/Documents/kobuki/build/ament_lint_auto' returned '0': AMENT_PREFIX_PATH=/home/locobot/Documents/kobuki/install CMAKE_PREFIX_PATH=/home/locobot/Documents/kobuki/install LD_LIBRARY_PATH=/home/locobot/Documents/kobuki/install/lib PATH=/home/locobot/Documents/kobuki/install/bin:${PATH} PYTHONPATH=/home/locobot/Documents/kobuki/install/lib/python3.8/site-packages /usr/bin/cmake --build /home/locobot/Documents/kobuki/build/ament_lint_auto -- -j4 -l4
[0.836s] Invoking command in '/home/locobot/Documents/kobuki/build/ament_lint_auto': AMENT_PREFIX_PATH=/home/locobot/Documents/kobuki/install CMAKE_PREFIX_PATH=/home/locobot/Documents/kobuki/install LD_LIBRARY_PATH=/home/locobot/Documents/kobuki/install/lib PATH=/home/locobot/Documents/kobuki/install/bin:${PATH} PYTHONPATH=/home/locobot/Documents/kobuki/install/lib/python3.8/site-packages /usr/bin/cmake --install /home/locobot/Documents/kobuki/build/ament_lint_auto
[0.852s] -- Install configuration: "RelWithDebInfo"
[0.853s] -- Up-to-date: /home/locobot/Documents/kobuki/install/share/ament_index/resource_index/package_run_dependencies/ament_lint_auto
[0.853s] -- Up-to-date: /home/locobot/Documents/kobuki/install/share/ament_index/resource_index/parent_prefix_path/ament_lint_auto
[0.854s] -- Up-to-date: /home/locobot/Documents/kobuki/install/share/ament_lint_auto/environment/ament_prefix_path.sh
[0.855s] -- Installing: /home/locobot/Documents/kobuki/install/share/ament_lint_auto/environment/ament_prefix_path.dsv
[0.855s] -- Up-to-date: /home/locobot/Documents/kobuki/install/share/ament_lint_auto/environment/path.sh
[0.856s] -- Installing: /home/locobot/Documents/kobuki/install/share/ament_lint_auto/environment/path.dsv
[0.857s] -- Up-to-date: /home/locobot/Documents/kobuki/install/share/ament_lint_auto/local_setup.bash
[0.858s] -- Up-to-date: /home/locobot/Documents/kobuki/install/share/ament_lint_auto/local_setup.sh
[0.858s] -- Up-to-date: /home/locobot/Documents/kobuki/install/share/ament_lint_auto/local_setup.zsh
[0.860s] -- Installing: /home/locobot/Documents/kobuki/install/share/ament_lint_auto/local_setup.dsv
[0.860s] -- Installing: /home/locobot/Documents/kobuki/install/share/ament_lint_auto/package.dsv
[0.861s] -- Up-to-date: /home/locobot/Documents/kobuki/install/share/ament_index/resource_index/packages/ament_lint_auto
[0.862s] -- Up-to-date: /home/locobot/Documents/kobuki/install/share/ament_lint_auto/cmake/ament_lint_auto-extras.cmake
[0.864s] -- Up-to-date: /home/locobot/Documents/kobuki/install/share/ament_lint_auto/cmake/ament_lint_autoConfig.cmake
[0.864s] -- Up-to-date: /home/locobot/Documents/kobuki/install/share/ament_lint_auto/cmake/ament_lint_autoConfig-version.cmake
[0.864s] -- Up-to-date: /home/locobot/Documents/kobuki/install/share/ament_lint_auto/package.xml
[0.865s] -- Up-to-date: /home/locobot/Documents/kobuki/install/share/ament_lint_auto/cmake
[0.865s] -- Up-to-date: /home/locobot/Documents/kobuki/install/share/ament_lint_auto/cmake/ament_lint_auto_find_test_dependencies.cmake
[0.865s] -- Up-to-date: /home/locobot/Documents/kobuki/install/share/ament_lint_auto/cmake/ament_lint_auto_package_hook.cmake
[0.865s] Invoked command in '/home/locobot/Documents/kobuki/build/ament_lint_auto' returned '0': AMENT_PREFIX_PATH=/home/locobot/Documents/kobuki/install CMAKE_PREFIX_PATH=/home/locobot/Documents/kobuki/install LD_LIBRARY_PATH=/home/locobot/Documents/kobuki/install/lib PATH=/home/locobot/Documents/kobuki/install/bin:${PATH} PYTHONPATH=/home/locobot/Documents/kobuki/install/lib/python3.8/site-packages /usr/bin/cmake --install /home/locobot/Documents/kobuki/build/ament_lint_auto
