[1.771s] Invoking command in '/home/locobot/Documents/kobuki/src/ament_lint/ament_cpplint': AMENT_PREFIX_PATH=/home/locobot/Documents/kobuki/install CMAKE_PREFIX_PATH=/home/locobot/Documents/kobuki/install LD_LIBRARY_PATH=/home/locobot/Documents/kobuki/install/lib PATH=/home/locobot/Documents/kobuki/install/bin:${PATH} PYTHONPATH=/home/locobot/Documents/kobuki/build/ament_cpplint/prefix_override:/home/locobot/.local/lib/python3.8/site-packages/colcon_core/task/python/colcon_distutils_commands:/home/locobot/Documents/kobuki/install/lib/python3.8/site-packages:/home/locobot/Documents/kobuki/install/lib/python3.8/site-packages /usr/bin/python3 -W ignore:setup.py install is deprecated -W ignore:easy_install command is deprecated setup.py egg_info --egg-base ../../../build/ament_cpplint build --build-base /home/locobot/Documents/kobuki/build/ament_cpplint/build install --record /home/locobot/Documents/kobuki/build/ament_cpplint/install.log --single-version-externally-managed install_data
[2.103s] running egg_info
[2.107s] writing ../../../build/ament_cpplint/ament_cpplint.egg-info/PKG-INFO
[2.107s] writing dependency_links to ../../../build/ament_cpplint/ament_cpplint.egg-info/dependency_links.txt
[2.107s] writing entry points to ../../../build/ament_cpplint/ament_cpplint.egg-info/entry_points.txt
[2.108s] writing requirements to ../../../build/ament_cpplint/ament_cpplint.egg-info/requires.txt
[2.108s] writing top-level names to ../../../build/ament_cpplint/ament_cpplint.egg-info/top_level.txt
[2.217s] reading manifest file '../../../build/ament_cpplint/ament_cpplint.egg-info/SOURCES.txt'
[2.217s] writing manifest file '../../../build/ament_cpplint/ament_cpplint.egg-info/SOURCES.txt'
[2.217s] running build
[2.217s] running build_py
[2.223s] running install
[2.224s] running install_lib
[2.224s] running install_data
[2.224s] running install_egg_info
[2.236s] removing '/home/locobot/Documents/kobuki/install/lib/python3.8/site-packages/ament_cpplint-0.9.8-py3.8.egg-info' (and everything under it)
[2.236s] Copying ../../../build/ament_cpplint/ament_cpplint.egg-info to /home/locobot/Documents/kobuki/install/lib/python3.8/site-packages/ament_cpplint-0.9.8-py3.8.egg-info
[2.237s] running install_scripts
[2.267s] Installing ament_cpplint script to /home/locobot/Documents/kobuki/install/bin
[2.276s] writing list of installed files to '/home/locobot/Documents/kobuki/build/ament_cpplint/install.log'
[2.321s] Invoked command in '/home/locobot/Documents/kobuki/src/ament_lint/ament_cpplint' returned '0': AMENT_PREFIX_PATH=/home/locobot/Documents/kobuki/install CMAKE_PREFIX_PATH=/home/locobot/Documents/kobuki/install LD_LIBRARY_PATH=/home/locobot/Documents/kobuki/install/lib PATH=/home/locobot/Documents/kobuki/install/bin:${PATH} PYTHONPATH=/home/locobot/Documents/kobuki/build/ament_cpplint/prefix_override:/home/locobot/.local/lib/python3.8/site-packages/colcon_core/task/python/colcon_distutils_commands:/home/locobot/Documents/kobuki/install/lib/python3.8/site-packages:/home/locobot/Documents/kobuki/install/lib/python3.8/site-packages /usr/bin/python3 -W ignore:setup.py install is deprecated -W ignore:easy_install command is deprecated setup.py egg_info --egg-base ../../../build/ament_cpplint build --build-base /home/locobot/Documents/kobuki/build/ament_cpplint/build install --record /home/locobot/Documents/kobuki/build/ament_cpplint/install.log --single-version-externally-managed install_data
