[0.113s] Invoking command in '/home/locobot/Documents/kobuki/build/ament_cmake_export_include_directories': AMENT_PREFIX_PATH=/home/locobot/Documents/kobuki/install CMAKE_PREFIX_PATH=/home/locobot/Documents/kobuki/install LD_LIBRARY_PATH=/home/locobot/Documents/kobuki/install/lib PATH=/home/locobot/Documents/kobuki/install/bin:${PATH} PYTHONPATH=/home/locobot/Documents/kobuki/install/lib/python3.8/site-packages /usr/bin/cmake /home/locobot/Documents/kobuki/src/ament_cmake/ament_cmake_export_include_directories -DBUILD_TESTING=OFF -DCMAKE_BUILD_TYPE=RelWithDebInfo -DCMAKE_INSTALL_PREFIX=/home/locobot/Documents/kobuki/install
[0.152s] -- Found ament_cmake_core: 0.9.12 (/home/locobot/Documents/kobuki/install/share/ament_cmake_core/cmake)
[0.249s] -- Using PYTHON_EXECUTABLE: /usr/bin/python3
[0.785s] -- Configuring done
[0.788s] -- Generating done
[0.790s] -- Build files have been written to: /home/locobot/Documents/kobuki/build/ament_cmake_export_include_directories
[0.849s] Invoked command in '/home/locobot/Documents/kobuki/build/ament_cmake_export_include_directories' returned '0': AMENT_PREFIX_PATH=/home/locobot/Documents/kobuki/install CMAKE_PREFIX_PATH=/home/locobot/Documents/kobuki/install LD_LIBRARY_PATH=/home/locobot/Documents/kobuki/install/lib PATH=/home/locobot/Documents/kobuki/install/bin:${PATH} PYTHONPATH=/home/locobot/Documents/kobuki/install/lib/python3.8/site-packages /usr/bin/cmake /home/locobot/Documents/kobuki/src/ament_cmake/ament_cmake_export_include_directories -DBUILD_TESTING=OFF -DCMAKE_BUILD_TYPE=RelWithDebInfo -DCMAKE_INSTALL_PREFIX=/home/locobot/Documents/kobuki/install
[0.850s] Invoking command in '/home/locobot/Documents/kobuki/build/ament_cmake_export_include_directories': AMENT_PREFIX_PATH=/home/locobot/Documents/kobuki/install CMAKE_PREFIX_PATH=/home/locobot/Documents/kobuki/install LD_LIBRARY_PATH=/home/locobot/Documents/kobuki/install/lib PATH=/home/locobot/Documents/kobuki/install/bin:${PATH} PYTHONPATH=/home/locobot/Documents/kobuki/install/lib/python3.8/site-packages /usr/bin/cmake --build /home/locobot/Documents/kobuki/build/ament_cmake_export_include_directories -- -j4 -l4
[1.087s] Invoked command in '/home/locobot/Documents/kobuki/build/ament_cmake_export_include_directories' returned '0': AMENT_PREFIX_PATH=/home/locobot/Documents/kobuki/install CMAKE_PREFIX_PATH=/home/locobot/Documents/kobuki/install LD_LIBRARY_PATH=/home/locobot/Documents/kobuki/install/lib PATH=/home/locobot/Documents/kobuki/install/bin:${PATH} PYTHONPATH=/home/locobot/Documents/kobuki/install/lib/python3.8/site-packages /usr/bin/cmake --build /home/locobot/Documents/kobuki/build/ament_cmake_export_include_directories -- -j4 -l4
[1.088s] Invoking command in '/home/locobot/Documents/kobuki/build/ament_cmake_export_include_directories': AMENT_PREFIX_PATH=/home/locobot/Documents/kobuki/install CMAKE_PREFIX_PATH=/home/locobot/Documents/kobuki/install LD_LIBRARY_PATH=/home/locobot/Documents/kobuki/install/lib PATH=/home/locobot/Documents/kobuki/install/bin:${PATH} PYTHONPATH=/home/locobot/Documents/kobuki/install/lib/python3.8/site-packages /usr/bin/cmake --install /home/locobot/Documents/kobuki/build/ament_cmake_export_include_directories
[1.124s] -- Install configuration: "RelWithDebInfo"
[1.124s] -- Up-to-date: /home/locobot/Documents/kobuki/install/share/ament_index/resource_index/package_run_dependencies/ament_cmake_export_include_directories
[1.125s] -- Up-to-date: /home/locobot/Documents/kobuki/install/share/ament_index/resource_index/parent_prefix_path/ament_cmake_export_include_directories
[1.125s] -- Up-to-date: /home/locobot/Documents/kobuki/install/share/ament_cmake_export_include_directories/environment/ament_prefix_path.sh
[1.125s] -- Installing: /home/locobot/Documents/kobuki/install/share/ament_cmake_export_include_directories/environment/ament_prefix_path.dsv
[1.125s] -- Up-to-date: /home/locobot/Documents/kobuki/install/share/ament_cmake_export_include_directories/environment/path.sh
[1.125s] -- Installing: /home/locobot/Documents/kobuki/install/share/ament_cmake_export_include_directories/environment/path.dsv
[1.125s] -- Up-to-date: /home/locobot/Documents/kobuki/install/share/ament_cmake_export_include_directories/local_setup.bash
[1.125s] -- Up-to-date: /home/locobot/Documents/kobuki/install/share/ament_cmake_export_include_directories/local_setup.sh
[1.126s] -- Up-to-date: /home/locobot/Documents/kobuki/install/share/ament_cmake_export_include_directories/local_setup.zsh
[1.126s] -- Installing: /home/locobot/Documents/kobuki/install/share/ament_cmake_export_include_directories/local_setup.dsv
[1.126s] -- Installing: /home/locobot/Documents/kobuki/install/share/ament_cmake_export_include_directories/package.dsv
[1.126s] -- Up-to-date: /home/locobot/Documents/kobuki/install/share/ament_index/resource_index/packages/ament_cmake_export_include_directories
[1.126s] -- Up-to-date: /home/locobot/Documents/kobuki/install/share/ament_cmake_export_include_directories/cmake/ament_cmake_export_include_directories-extras.cmake
[1.126s] -- Up-to-date: /home/locobot/Documents/kobuki/install/share/ament_cmake_export_include_directories/cmake/ament_cmake_export_include_directoriesConfig.cmake
[1.126s] -- Up-to-date: /home/locobot/Documents/kobuki/install/share/ament_cmake_export_include_directories/cmake/ament_cmake_export_include_directoriesConfig-version.cmake
[1.126s] -- Up-to-date: /home/locobot/Documents/kobuki/install/share/ament_cmake_export_include_directories/package.xml
[1.127s] -- Up-to-date: /home/locobot/Documents/kobuki/install/share/ament_cmake_export_include_directories/cmake
[1.127s] -- Up-to-date: /home/locobot/Documents/kobuki/install/share/ament_cmake_export_include_directories/cmake/ament_export_include_directories.cmake
[1.127s] -- Up-to-date: /home/locobot/Documents/kobuki/install/share/ament_cmake_export_include_directories/cmake/ament_cmake_export_include_directories_package_hook.cmake
[1.127s] -- Up-to-date: /home/locobot/Documents/kobuki/install/share/ament_cmake_export_include_directories/cmake/ament_cmake_export_include_directories-extras.cmake.in
[1.161s] Invoked command in '/home/locobot/Documents/kobuki/build/ament_cmake_export_include_directories' returned '0': AMENT_PREFIX_PATH=/home/locobot/Documents/kobuki/install CMAKE_PREFIX_PATH=/home/locobot/Documents/kobuki/install LD_LIBRARY_PATH=/home/locobot/Documents/kobuki/install/lib PATH=/home/locobot/Documents/kobuki/install/bin:${PATH} PYTHONPATH=/home/locobot/Documents/kobuki/install/lib/python3.8/site-packages /usr/bin/cmake --install /home/locobot/Documents/kobuki/build/ament_cmake_export_include_directories
