Not searching for unused variables given on the command line.
-- Found ament_cmake_ros: 0.9.2 (/home/locobot/Documents/kobuki/install/share/ament_cmake_ros/cmake)
-- Using PYTHON_EXECUTABLE: /usr/bin/python3
-- Found ecl_build: 1.0.3 (/home/locobot/Documents/kobuki/install/share/ecl_build/cmake)
-- Found ecl_config: 1.1.0 (/home/locobot/Documents/kobuki/install/share/ecl_config/cmake)
-- Found ecl_converters: 1.2.1 (/home/locobot/Documents/kobuki/install/share/ecl_converters/cmake)
-- Configuring done
-- Generating done
-- Build files have been written to: /home/locobot/Documents/kobuki/build/ecl_formatters
[ 50%] Built target ecl_formatters
[100%] Built target ecl_demo_formatters
-- Install configuration: ""
-- Up-to-date: /home/locobot/Documents/kobuki/install/share/ecl_formatters/environment/library_path.sh
-- Installing: /home/locobot/Documents/kobuki/install/share/ecl_formatters/environment/library_path.dsv
-- Up-to-date: /home/locobot/Documents/kobuki/install/share/ament_index/resource_index/package_run_dependencies/ecl_formatters
-- Up-to-date: /home/locobot/Documents/kobuki/install/share/ament_index/resource_index/parent_prefix_path/ecl_formatters
-- Up-to-date: /home/locobot/Documents/kobuki/install/share/ecl_formatters/environment/ament_prefix_path.sh
-- Installing: /home/locobot/Documents/kobuki/install/share/ecl_formatters/environment/ament_prefix_path.dsv
-- Up-to-date: /home/locobot/Documents/kobuki/install/share/ecl_formatters/environment/path.sh
-- Installing: /home/locobot/Documents/kobuki/install/share/ecl_formatters/environment/path.dsv
-- Up-to-date: /home/locobot/Documents/kobuki/install/share/ecl_formatters/local_setup.bash
-- Up-to-date: /home/locobot/Documents/kobuki/install/share/ecl_formatters/local_setup.sh
-- Up-to-date: /home/locobot/Documents/kobuki/install/share/ecl_formatters/local_setup.zsh
-- Installing: /home/locobot/Documents/kobuki/install/share/ecl_formatters/local_setup.dsv
-- Installing: /home/locobot/Documents/kobuki/install/share/ecl_formatters/package.dsv
-- Up-to-date: /home/locobot/Documents/kobuki/install/share/ament_index/resource_index/packages/ecl_formatters
-- Up-to-date: /home/locobot/Documents/kobuki/install/share/ecl_formatters/cmake/ecl_formattersExport.cmake
-- Installing: /home/locobot/Documents/kobuki/install/share/ecl_formatters/cmake/ecl_formattersExport-noconfig.cmake
-- Up-to-date: /home/locobot/Documents/kobuki/install/share/ecl_formatters/cmake/ament_cmake_export_targets-extras.cmake
-- Up-to-date: /home/locobot/Documents/kobuki/install/share/ecl_formatters/cmake/ament_cmake_export_include_directories-extras.cmake
-- Up-to-date: /home/locobot/Documents/kobuki/install/share/ecl_formatters/cmake/ament_cmake_export_libraries-extras.cmake
-- Up-to-date: /home/locobot/Documents/kobuki/install/share/ecl_formatters/cmake/ament_cmake_export_dependencies-extras.cmake
-- Up-to-date: /home/locobot/Documents/kobuki/install/share/ecl_formatters/cmake/ecl_formattersConfig.cmake
-- Up-to-date: /home/locobot/Documents/kobuki/install/share/ecl_formatters/cmake/ecl_formattersConfig-version.cmake
-- Up-to-date: /home/locobot/Documents/kobuki/install/share/ecl_formatters/package.xml
-- Up-to-date: /home/locobot/Documents/kobuki/install/include/ecl/formatters.hpp
-- Up-to-date: /home/locobot/Documents/kobuki/install/include/ecl/formatters/common.hpp
-- Up-to-date: /home/locobot/Documents/kobuki/install/include/ecl/formatters/floats.hpp
-- Up-to-date: /home/locobot/Documents/kobuki/install/include/ecl/formatters/macros.hpp
-- Up-to-date: /home/locobot/Documents/kobuki/install/include/ecl/formatters/number.hpp
-- Up-to-date: /home/locobot/Documents/kobuki/install/include/ecl/formatters/strings.hpp
-- Up-to-date: /home/locobot/Documents/kobuki/install/lib/libecl_formatters.so.1.2.1
-- Up-to-date: /home/locobot/Documents/kobuki/install/lib/libecl_formatters.so
-- Up-to-date: /home/locobot/Documents/kobuki/install/lib/ecl_formatters/demo_formatters
