[0.387s] Invoking command in '/home/locobot/Documents/kobuki/build/ecl_formatters': AMENT_PREFIX_PATH=/home/locobot/Documents/kobuki/install CMAKE_PREFIX_PATH=/home/locobot/Documents/kobuki/install LD_LIBRARY_PATH=/home/locobot/Documents/kobuki/install/lib PATH=/home/locobot/Documents/kobuki/install/bin:${PATH} PYTHONPATH=/home/locobot/Documents/kobuki/install/lib/python3.8/site-packages /usr/bin/cmake /home/locobot/Documents/kobuki/src/ecl_core/ecl_formatters -DBUILD_TESTING=OFF --no-warn-unused-cli -DCMAKE_INSTALL_PREFIX=/home/locobot/Documents/kobuki/install
[0.404s] Not searching for unused variables given on the command line.
[0.409s] -- Found ament_cmake_ros: 0.9.2 (/home/locobot/Documents/kobuki/install/share/ament_cmake_ros/cmake)
[0.436s] -- Using PYTHON_EXECUTABLE: /usr/bin/python3
[0.648s] -- Found ecl_build: 1.0.3 (/home/locobot/Documents/kobuki/install/share/ecl_build/cmake)
[0.659s] -- Found ecl_config: 1.1.0 (/home/locobot/Documents/kobuki/install/share/ecl_config/cmake)
[0.663s] -- Found ecl_converters: 1.2.1 (/home/locobot/Documents/kobuki/install/share/ecl_converters/cmake)
[0.888s] -- Configuring done
[0.899s] -- Generating done
[0.905s] -- Build files have been written to: /home/locobot/Documents/kobuki/build/ecl_formatters
[1.016s] Invoked command in '/home/locobot/Documents/kobuki/build/ecl_formatters' returned '0': AMENT_PREFIX_PATH=/home/locobot/Documents/kobuki/install CMAKE_PREFIX_PATH=/home/locobot/Documents/kobuki/install LD_LIBRARY_PATH=/home/locobot/Documents/kobuki/install/lib PATH=/home/locobot/Documents/kobuki/install/bin:${PATH} PYTHONPATH=/home/locobot/Documents/kobuki/install/lib/python3.8/site-packages /usr/bin/cmake /home/locobot/Documents/kobuki/src/ecl_core/ecl_formatters -DBUILD_TESTING=OFF --no-warn-unused-cli -DCMAKE_INSTALL_PREFIX=/home/locobot/Documents/kobuki/install
[1.020s] Invoking command in '/home/locobot/Documents/kobuki/build/ecl_formatters': AMENT_PREFIX_PATH=/home/locobot/Documents/kobuki/install CMAKE_PREFIX_PATH=/home/locobot/Documents/kobuki/install LD_LIBRARY_PATH=/home/locobot/Documents/kobuki/install/lib PATH=/home/locobot/Documents/kobuki/install/bin:${PATH} PYTHONPATH=/home/locobot/Documents/kobuki/install/lib/python3.8/site-packages /usr/bin/cmake --build /home/locobot/Documents/kobuki/build/ecl_formatters -- -j4 -l4
[1.095s] [ 50%] Built target ecl_formatters
[1.155s] [100%] Built target ecl_demo_formatters
[1.183s] Invoked command in '/home/locobot/Documents/kobuki/build/ecl_formatters' returned '0': AMENT_PREFIX_PATH=/home/locobot/Documents/kobuki/install CMAKE_PREFIX_PATH=/home/locobot/Documents/kobuki/install LD_LIBRARY_PATH=/home/locobot/Documents/kobuki/install/lib PATH=/home/locobot/Documents/kobuki/install/bin:${PATH} PYTHONPATH=/home/locobot/Documents/kobuki/install/lib/python3.8/site-packages /usr/bin/cmake --build /home/locobot/Documents/kobuki/build/ecl_formatters -- -j4 -l4
[1.185s] Invoking command in '/home/locobot/Documents/kobuki/build/ecl_formatters': AMENT_PREFIX_PATH=/home/locobot/Documents/kobuki/install CMAKE_PREFIX_PATH=/home/locobot/Documents/kobuki/install LD_LIBRARY_PATH=/home/locobot/Documents/kobuki/install/lib PATH=/home/locobot/Documents/kobuki/install/bin:${PATH} PYTHONPATH=/home/locobot/Documents/kobuki/install/lib/python3.8/site-packages /usr/bin/cmake --install /home/locobot/Documents/kobuki/build/ecl_formatters
[1.195s] -- Install configuration: ""
[1.207s] -- Up-to-date: /home/locobot/Documents/kobuki/install/share/ecl_formatters/environment/library_path.sh
[1.208s] -- Installing: /home/locobot/Documents/kobuki/install/share/ecl_formatters/environment/library_path.dsv
[1.208s] -- Up-to-date: /home/locobot/Documents/kobuki/install/share/ament_index/resource_index/package_run_dependencies/ecl_formatters
[1.209s] -- Up-to-date: /home/locobot/Documents/kobuki/install/share/ament_index/resource_index/parent_prefix_path/ecl_formatters
[1.210s] -- Up-to-date: /home/locobot/Documents/kobuki/install/share/ecl_formatters/environment/ament_prefix_path.sh
[1.210s] -- Installing: /home/locobot/Documents/kobuki/install/share/ecl_formatters/environment/ament_prefix_path.dsv
[1.211s] -- Up-to-date: /home/locobot/Documents/kobuki/install/share/ecl_formatters/environment/path.sh
[1.213s] -- Installing: /home/locobot/Documents/kobuki/install/share/ecl_formatters/environment/path.dsv
[1.213s] -- Up-to-date: /home/locobot/Documents/kobuki/install/share/ecl_formatters/local_setup.bash
[1.214s] -- Up-to-date: /home/locobot/Documents/kobuki/install/share/ecl_formatters/local_setup.sh
[1.220s] -- Up-to-date: /home/locobot/Documents/kobuki/install/share/ecl_formatters/local_setup.zsh
[1.221s] -- Installing: /home/locobot/Documents/kobuki/install/share/ecl_formatters/local_setup.dsv
[1.222s] -- Installing: /home/locobot/Documents/kobuki/install/share/ecl_formatters/package.dsv
[1.222s] -- Up-to-date: /home/locobot/Documents/kobuki/install/share/ament_index/resource_index/packages/ecl_formatters
[1.223s] -- Up-to-date: /home/locobot/Documents/kobuki/install/share/ecl_formatters/cmake/ecl_formattersExport.cmake
[1.223s] -- Installing: /home/locobot/Documents/kobuki/install/share/ecl_formatters/cmake/ecl_formattersExport-noconfig.cmake
[1.224s] -- Up-to-date: /home/locobot/Documents/kobuki/install/share/ecl_formatters/cmake/ament_cmake_export_targets-extras.cmake
[1.225s] -- Up-to-date: /home/locobot/Documents/kobuki/install/share/ecl_formatters/cmake/ament_cmake_export_include_directories-extras.cmake
[1.226s] -- Up-to-date: /home/locobot/Documents/kobuki/install/share/ecl_formatters/cmake/ament_cmake_export_libraries-extras.cmake
[1.227s] -- Up-to-date: /home/locobot/Documents/kobuki/install/share/ecl_formatters/cmake/ament_cmake_export_dependencies-extras.cmake
[1.227s] -- Up-to-date: /home/locobot/Documents/kobuki/install/share/ecl_formatters/cmake/ecl_formattersConfig.cmake
[1.227s] -- Up-to-date: /home/locobot/Documents/kobuki/install/share/ecl_formatters/cmake/ecl_formattersConfig-version.cmake
[1.227s] -- Up-to-date: /home/locobot/Documents/kobuki/install/share/ecl_formatters/package.xml
[1.227s] -- Up-to-date: /home/locobot/Documents/kobuki/install/include/ecl/formatters.hpp
[1.227s] -- Up-to-date: /home/locobot/Documents/kobuki/install/include/ecl/formatters/common.hpp
[1.227s] -- Up-to-date: /home/locobot/Documents/kobuki/install/include/ecl/formatters/floats.hpp
[1.227s] -- Up-to-date: /home/locobot/Documents/kobuki/install/include/ecl/formatters/macros.hpp
[1.227s] -- Up-to-date: /home/locobot/Documents/kobuki/install/include/ecl/formatters/number.hpp
[1.227s] -- Up-to-date: /home/locobot/Documents/kobuki/install/include/ecl/formatters/strings.hpp
[1.228s] -- Up-to-date: /home/locobot/Documents/kobuki/install/lib/libecl_formatters.so.1.2.1
[1.228s] -- Up-to-date: /home/locobot/Documents/kobuki/install/lib/libecl_formatters.so
[1.228s] -- Up-to-date: /home/locobot/Documents/kobuki/install/lib/ecl_formatters/demo_formatters
[1.228s] Invoked command in '/home/locobot/Documents/kobuki/build/ecl_formatters' returned '0': AMENT_PREFIX_PATH=/home/locobot/Documents/kobuki/install CMAKE_PREFIX_PATH=/home/locobot/Documents/kobuki/install LD_LIBRARY_PATH=/home/locobot/Documents/kobuki/install/lib PATH=/home/locobot/Documents/kobuki/install/bin:${PATH} PYTHONPATH=/home/locobot/Documents/kobuki/install/lib/python3.8/site-packages /usr/bin/cmake --install /home/locobot/Documents/kobuki/build/ecl_formatters
