[1.226s] Invoking command in '/home/locobot/Documents/kobuki/src/ament_lint/ament_cpplint': AMENT_PREFIX_PATH=/home/locobot/Documents/kobuki/install CMAKE_PREFIX_PATH=/home/locobot/Documents/kobuki/install LD_LIBRARY_PATH=/home/locobot/Documents/kobuki/install/lib PATH=/home/locobot/Documents/kobuki/install/bin:${PATH} PYTHONPATH=/home/locobot/Documents/kobuki/build/ament_cpplint/prefix_override:/home/locobot/.local/lib/python3.8/site-packages/colcon_core/task/python/colcon_distutils_commands:/home/locobot/Documents/kobuki/install/lib/python3.8/site-packages:/home/locobot/Documents/kobuki/install/lib/python3.8/site-packages /usr/bin/python3 -W ignore:setup.py install is deprecated -W ignore:easy_install command is deprecated setup.py egg_info --egg-base ../../../build/ament_cpplint build --build-base /home/locobot/Documents/kobuki/build/ament_cpplint/build install --record /home/locobot/Documents/kobuki/build/ament_cpplint/install.log --single-version-externally-managed install_data
[1.537s] running egg_info
[1.542s] writing ../../../build/ament_cpplint/ament_cpplint.egg-info/PKG-INFO
[1.542s] writing dependency_links to ../../../build/ament_cpplint/ament_cpplint.egg-info/dependency_links.txt
[1.542s] writing entry points to ../../../build/ament_cpplint/ament_cpplint.egg-info/entry_points.txt
[1.542s] writing requirements to ../../../build/ament_cpplint/ament_cpplint.egg-info/requires.txt
[1.542s] writing top-level names to ../../../build/ament_cpplint/ament_cpplint.egg-info/top_level.txt
[1.676s] reading manifest file '../../../build/ament_cpplint/ament_cpplint.egg-info/SOURCES.txt'
[1.682s] writing manifest file '../../../build/ament_cpplint/ament_cpplint.egg-info/SOURCES.txt'
[1.682s] running build
[1.682s] running build_py
[1.682s] running install
[1.682s] running install_lib
[1.682s] running install_data
[1.682s] running install_egg_info
[1.683s] removing '/home/locobot/Documents/kobuki/install/lib/python3.8/site-packages/ament_cpplint-0.9.8-py3.8.egg-info' (and everything under it)
[1.683s] Copying ../../../build/ament_cpplint/ament_cpplint.egg-info to /home/locobot/Documents/kobuki/install/lib/python3.8/site-packages/ament_cpplint-0.9.8-py3.8.egg-info
[1.683s] running install_scripts
[1.683s] Installing ament_cpplint script to /home/locobot/Documents/kobuki/install/bin
[1.683s] writing list of installed files to '/home/locobot/Documents/kobuki/build/ament_cpplint/install.log'
[1.730s] Invoked command in '/home/locobot/Documents/kobuki/src/ament_lint/ament_cpplint' returned '0': AMENT_PREFIX_PATH=/home/locobot/Documents/kobuki/install CMAKE_PREFIX_PATH=/home/locobot/Documents/kobuki/install LD_LIBRARY_PATH=/home/locobot/Documents/kobuki/install/lib PATH=/home/locobot/Documents/kobuki/install/bin:${PATH} PYTHONPATH=/home/locobot/Documents/kobuki/build/ament_cpplint/prefix_override:/home/locobot/.local/lib/python3.8/site-packages/colcon_core/task/python/colcon_distutils_commands:/home/locobot/Documents/kobuki/install/lib/python3.8/site-packages:/home/locobot/Documents/kobuki/install/lib/python3.8/site-packages /usr/bin/python3 -W ignore:setup.py install is deprecated -W ignore:easy_install command is deprecated setup.py egg_info --egg-base ../../../build/ament_cpplint build --build-base /home/locobot/Documents/kobuki/build/ament_cpplint/build install --record /home/locobot/Documents/kobuki/build/ament_cpplint/install.log --single-version-externally-managed install_data
