-- The C compiler identification is GNU 9.4.0
-- The CXX compiler identification is GNU 9.4.0
-- Check for working C compiler: /usr/bin/cc
-- Check for working C compiler: /usr/bin/cc -- works
-- Detecting C compiler ABI info
-- Detecting C compiler ABI info - done
-- Detecting C compile features
-- Detecting C compile features - done
-- Check for working CXX compiler: /usr/bin/c++
-- Check for working CXX compiler: /usr/bin/c++ -- works
-- Detecting CXX compiler ABI info
-- Detecting CXX compiler ABI info - done
-- Detecting CXX compile features
-- Detecting CXX compile features - done
-- Found ament_cmake_ros: 0.9.2 (/home/locobot/Documents/kobuki/install/share/ament_cmake_ros/cmake)
-- Found PythonInterp: /usr/bin/python3 (found suitable version "3.8.10", minimum required is "3") 
-- Using PYTHON_EXECUTABLE: /usr/bin/python3
-- Found ecl_build: 1.0.3 (/home/locobot/Documents/kobuki/install/share/ecl_build/cmake)
-- Found ecl_config: 1.1.0 (/home/locobot/Documents/kobuki/install/share/ecl_config/cmake)
-- Found ecl_errors: 1.1.0 (/home/locobot/Documents/kobuki/install/share/ecl_errors/cmake)
-- Looking for _POSIX_VERSION
-- Looking for _POSIX_VERSION - found
-- Looking for realpath in rt
-- Looking for realpath in rt - found
-- Looking for clock_nanosleep in rt
-- Looking for clock_nanosleep in rt - found
-- Looking for clock_gettime in rt
-- Looking for clock_gettime in rt - found
-- Looking for pthread_mutex_timedlock in pthread
-- Looking for pthread_mutex_timedlock in pthread - found
-- Looking for nanosleep in pthread
-- Looking for nanosleep in pthread - found
-- Looking for shm_open in rt
-- Looking for shm_open in rt - found
-- Looking for sched_setscheduler in pthread
-- Looking for sched_setscheduler in pthread - found
-- Looking for sem_timedwait in pthread
-- Looking for sem_timedwait in pthread - found
-- Looking for sem_init in pthread
-- Looking for sem_init in pthread - found
-- Looking for CLOCK_MONOTONIC
-- Looking for CLOCK_MONOTONIC - found
-- Looking for CLOCK_PROCESS_CPUTIME_ID
-- Looking for CLOCK_PROCESS_CPUTIME_ID - found
-- Configuring done
-- Generating done
-- Build files have been written to: /home/locobot/Documents/kobuki/build/ecl_filesystem
[35m[1mScanning dependencies of target ecl_filesystem[0m
[ 50%] [32mBuilding CXX object src/lib/CMakeFiles/ecl_filesystem.dir/realpath.cpp.o[0m
[100%] [32m[1mLinking CXX shared library libecl_filesystem.so[0m
[100%] Built target ecl_filesystem
-- Install configuration: ""
-- Installing: /home/locobot/Documents/kobuki/install/share/ecl_filesystem/environment/library_path.sh
-- Installing: /home/locobot/Documents/kobuki/install/share/ecl_filesystem/environment/library_path.dsv
-- Installing: /home/locobot/Documents/kobuki/install/share/ament_index/resource_index/package_run_dependencies/ecl_filesystem
-- Installing: /home/locobot/Documents/kobuki/install/share/ament_index/resource_index/parent_prefix_path/ecl_filesystem
-- Installing: /home/locobot/Documents/kobuki/install/share/ecl_filesystem/environment/ament_prefix_path.sh
-- Installing: /home/locobot/Documents/kobuki/install/share/ecl_filesystem/environment/ament_prefix_path.dsv
-- Installing: /home/locobot/Documents/kobuki/install/share/ecl_filesystem/environment/path.sh
-- Installing: /home/locobot/Documents/kobuki/install/share/ecl_filesystem/environment/path.dsv
-- Installing: /home/locobot/Documents/kobuki/install/share/ecl_filesystem/local_setup.bash
-- Installing: /home/locobot/Documents/kobuki/install/share/ecl_filesystem/local_setup.sh
-- Installing: /home/locobot/Documents/kobuki/install/share/ecl_filesystem/local_setup.zsh
-- Installing: /home/locobot/Documents/kobuki/install/share/ecl_filesystem/local_setup.dsv
-- Installing: /home/locobot/Documents/kobuki/install/share/ecl_filesystem/package.dsv
-- Installing: /home/locobot/Documents/kobuki/install/share/ament_index/resource_index/packages/ecl_filesystem
-- Installing: /home/locobot/Documents/kobuki/install/share/ecl_filesystem/cmake/ecl_filesystemExport.cmake
-- Installing: /home/locobot/Documents/kobuki/install/share/ecl_filesystem/cmake/ecl_filesystemExport-noconfig.cmake
-- Installing: /home/locobot/Documents/kobuki/install/share/ecl_filesystem/cmake/ament_cmake_export_targets-extras.cmake
-- Installing: /home/locobot/Documents/kobuki/install/share/ecl_filesystem/cmake/ament_cmake_export_include_directories-extras.cmake
-- Installing: /home/locobot/Documents/kobuki/install/share/ecl_filesystem/cmake/ament_cmake_export_libraries-extras.cmake
-- Installing: /home/locobot/Documents/kobuki/install/share/ecl_filesystem/cmake/ament_cmake_export_dependencies-extras.cmake
-- Installing: /home/locobot/Documents/kobuki/install/share/ecl_filesystem/cmake/ecl_filesystemConfig.cmake
-- Installing: /home/locobot/Documents/kobuki/install/share/ecl_filesystem/cmake/ecl_filesystemConfig-version.cmake
-- Installing: /home/locobot/Documents/kobuki/install/share/ecl_filesystem/package.xml
-- Installing: /home/locobot/Documents/kobuki/install/include/ecl/filesystem.hpp
-- Installing: /home/locobot/Documents/kobuki/install/include/ecl/filesystem/errors.hpp
-- Installing: /home/locobot/Documents/kobuki/install/include/ecl/filesystem/macros.hpp
-- Installing: /home/locobot/Documents/kobuki/install/include/ecl/filesystem/realpath.hpp
-- Installing: /home/locobot/Documents/kobuki/install/include/ecl/filesystem/config.hpp
-- Installing: /home/locobot/Documents/kobuki/install/lib/libecl_filesystem.so.1.2.1
-- Set runtime path of "/home/locobot/Documents/kobuki/install/lib/libecl_filesystem.so.1.2.1" to ""
-- Installing: /home/locobot/Documents/kobuki/install/lib/libecl_filesystem.so
