[0.585s] Invoking command in '/home/locobot/Documents/kobuki/build/ecl_filesystem': AMENT_PREFIX_PATH=/home/locobot/Documents/kobuki/install CMAKE_PREFIX_PATH=/home/locobot/Documents/kobuki/install LD_LIBRARY_PATH=/home/locobot/Documents/kobuki/install/lib PATH=/home/locobot/Documents/kobuki/install/bin:${PATH} PYTHONPATH=/home/locobot/Documents/kobuki/install/lib/python3.8/site-packages /usr/bin/cmake /home/locobot/Documents/kobuki/src/ecl_core/ecl_filesystem -DBUILD_TESTING=OFF -DCMAKE_INSTALL_PREFIX=/home/locobot/Documents/kobuki/install
[0.805s] -- The C compiler identification is GNU 9.4.0
[0.949s] -- The CXX compiler identification is GNU 9.4.0
[0.953s] -- Check for working C compiler: /usr/bin/cc
[1.199s] -- Check for working C compiler: /usr/bin/cc -- works
[1.203s] -- Detecting C compiler ABI info
[1.412s] -- Detecting C compiler ABI info - done
[1.467s] -- Detecting C compile features
[1.467s] -- Detecting C compile features - done
[1.483s] -- Check for working CXX compiler: /usr/bin/c++
[1.759s] -- Check for working CXX compiler: /usr/bin/c++ -- works
[1.759s] -- Detecting CXX compiler ABI info
[2.055s] -- Detecting CXX compiler ABI info - done
[2.107s] -- Detecting CXX compile features
[2.108s] -- Detecting CXX compile features - done
[2.108s] -- Found ament_cmake_ros: 0.9.2 (/home/locobot/Documents/kobuki/install/share/ament_cmake_ros/cmake)
[2.151s] -- Found PythonInterp: /usr/bin/python3 (found suitable version "3.8.10", minimum required is "3") 
[2.151s] -- Using PYTHON_EXECUTABLE: /usr/bin/python3
[2.535s] -- Found ecl_build: 1.0.3 (/home/locobot/Documents/kobuki/install/share/ecl_build/cmake)
[2.563s] -- Found ecl_config: 1.1.0 (/home/locobot/Documents/kobuki/install/share/ecl_config/cmake)
[2.567s] -- Found ecl_errors: 1.1.0 (/home/locobot/Documents/kobuki/install/share/ecl_errors/cmake)
[2.780s] -- Looking for _POSIX_VERSION
[3.123s] -- Looking for _POSIX_VERSION - found
[3.124s] -- Looking for realpath in rt
[3.287s] -- Looking for realpath in rt - found
[3.288s] -- Looking for clock_nanosleep in rt
[3.569s] -- Looking for clock_nanosleep in rt - found
[3.575s] -- Looking for clock_gettime in rt
[3.828s] -- Looking for clock_gettime in rt - found
[3.828s] -- Looking for pthread_mutex_timedlock in pthread
[4.133s] -- Looking for pthread_mutex_timedlock in pthread - found
[4.133s] -- Looking for nanosleep in pthread
[4.432s] -- Looking for nanosleep in pthread - found
[4.432s] -- Looking for shm_open in rt
[4.749s] -- Looking for shm_open in rt - found
[4.749s] -- Looking for sched_setscheduler in pthread
[4.915s] -- Looking for sched_setscheduler in pthread - found
[4.915s] -- Looking for sem_timedwait in pthread
[5.077s] -- Looking for sem_timedwait in pthread - found
[5.077s] -- Looking for sem_init in pthread
[5.216s] -- Looking for sem_init in pthread - found
[5.216s] -- Looking for CLOCK_MONOTONIC
[5.466s] -- Looking for CLOCK_MONOTONIC - found
[5.467s] -- Looking for CLOCK_PROCESS_CPUTIME_ID
[5.688s] -- Looking for CLOCK_PROCESS_CPUTIME_ID - found
[5.737s] -- Configuring done
[5.760s] -- Generating done
[5.769s] -- Build files have been written to: /home/locobot/Documents/kobuki/build/ecl_filesystem
[5.783s] Invoked command in '/home/locobot/Documents/kobuki/build/ecl_filesystem' returned '0': AMENT_PREFIX_PATH=/home/locobot/Documents/kobuki/install CMAKE_PREFIX_PATH=/home/locobot/Documents/kobuki/install LD_LIBRARY_PATH=/home/locobot/Documents/kobuki/install/lib PATH=/home/locobot/Documents/kobuki/install/bin:${PATH} PYTHONPATH=/home/locobot/Documents/kobuki/install/lib/python3.8/site-packages /usr/bin/cmake /home/locobot/Documents/kobuki/src/ecl_core/ecl_filesystem -DBUILD_TESTING=OFF -DCMAKE_INSTALL_PREFIX=/home/locobot/Documents/kobuki/install
[5.786s] Invoking command in '/home/locobot/Documents/kobuki/build/ecl_filesystem': AMENT_PREFIX_PATH=/home/locobot/Documents/kobuki/install CMAKE_PREFIX_PATH=/home/locobot/Documents/kobuki/install LD_LIBRARY_PATH=/home/locobot/Documents/kobuki/install/lib PATH=/home/locobot/Documents/kobuki/install/bin:${PATH} PYTHONPATH=/home/locobot/Documents/kobuki/install/lib/python3.8/site-packages /usr/bin/cmake --build /home/locobot/Documents/kobuki/build/ecl_filesystem -- -j4 -l4
[5.915s] [35m[1mScanning dependencies of target ecl_filesystem[0m
[5.961s] [ 50%] [32mBuilding CXX object src/lib/CMakeFiles/ecl_filesystem.dir/realpath.cpp.o[0m
[6.626s] [100%] [32m[1mLinking CXX shared library libecl_filesystem.so[0m
[6.932s] [100%] Built target ecl_filesystem
[6.968s] Invoked command in '/home/locobot/Documents/kobuki/build/ecl_filesystem' returned '0': AMENT_PREFIX_PATH=/home/locobot/Documents/kobuki/install CMAKE_PREFIX_PATH=/home/locobot/Documents/kobuki/install LD_LIBRARY_PATH=/home/locobot/Documents/kobuki/install/lib PATH=/home/locobot/Documents/kobuki/install/bin:${PATH} PYTHONPATH=/home/locobot/Documents/kobuki/install/lib/python3.8/site-packages /usr/bin/cmake --build /home/locobot/Documents/kobuki/build/ecl_filesystem -- -j4 -l4
[6.978s] Invoking command in '/home/locobot/Documents/kobuki/build/ecl_filesystem': AMENT_PREFIX_PATH=/home/locobot/Documents/kobuki/install CMAKE_PREFIX_PATH=/home/locobot/Documents/kobuki/install LD_LIBRARY_PATH=/home/locobot/Documents/kobuki/install/lib PATH=/home/locobot/Documents/kobuki/install/bin:${PATH} PYTHONPATH=/home/locobot/Documents/kobuki/install/lib/python3.8/site-packages /usr/bin/cmake --install /home/locobot/Documents/kobuki/build/ecl_filesystem
[6.996s] -- Install configuration: ""
[6.997s] -- Installing: /home/locobot/Documents/kobuki/install/share/ecl_filesystem/environment/library_path.sh
[7.000s] -- Installing: /home/locobot/Documents/kobuki/install/share/ecl_filesystem/environment/library_path.dsv
[7.002s] -- Installing: /home/locobot/Documents/kobuki/install/share/ament_index/resource_index/package_run_dependencies/ecl_filesystem
[7.005s] -- Installing: /home/locobot/Documents/kobuki/install/share/ament_index/resource_index/parent_prefix_path/ecl_filesystem
[7.006s] -- Installing: /home/locobot/Documents/kobuki/install/share/ecl_filesystem/environment/ament_prefix_path.sh
[7.008s] -- Installing: /home/locobot/Documents/kobuki/install/share/ecl_filesystem/environment/ament_prefix_path.dsv
[7.009s] -- Installing: /home/locobot/Documents/kobuki/install/share/ecl_filesystem/environment/path.sh
[7.011s] -- Installing: /home/locobot/Documents/kobuki/install/share/ecl_filesystem/environment/path.dsv
[7.012s] -- Installing: /home/locobot/Documents/kobuki/install/share/ecl_filesystem/local_setup.bash
[7.013s] -- Installing: /home/locobot/Documents/kobuki/install/share/ecl_filesystem/local_setup.sh
[7.015s] -- Installing: /home/locobot/Documents/kobuki/install/share/ecl_filesystem/local_setup.zsh
[7.016s] -- Installing: /home/locobot/Documents/kobuki/install/share/ecl_filesystem/local_setup.dsv
[7.017s] -- Installing: /home/locobot/Documents/kobuki/install/share/ecl_filesystem/package.dsv
[7.019s] -- Installing: /home/locobot/Documents/kobuki/install/share/ament_index/resource_index/packages/ecl_filesystem
[7.020s] -- Installing: /home/locobot/Documents/kobuki/install/share/ecl_filesystem/cmake/ecl_filesystemExport.cmake
[7.020s] -- Installing: /home/locobot/Documents/kobuki/install/share/ecl_filesystem/cmake/ecl_filesystemExport-noconfig.cmake
[7.021s] -- Installing: /home/locobot/Documents/kobuki/install/share/ecl_filesystem/cmake/ament_cmake_export_targets-extras.cmake
[7.021s] -- Installing: /home/locobot/Documents/kobuki/install/share/ecl_filesystem/cmake/ament_cmake_export_include_directories-extras.cmake
[7.022s] -- Installing: /home/locobot/Documents/kobuki/install/share/ecl_filesystem/cmake/ament_cmake_export_libraries-extras.cmake
[7.022s] -- Installing: /home/locobot/Documents/kobuki/install/share/ecl_filesystem/cmake/ament_cmake_export_dependencies-extras.cmake
[7.023s] -- Installing: /home/locobot/Documents/kobuki/install/share/ecl_filesystem/cmake/ecl_filesystemConfig.cmake
[7.023s] -- Installing: /home/locobot/Documents/kobuki/install/share/ecl_filesystem/cmake/ecl_filesystemConfig-version.cmake
[7.024s] -- Installing: /home/locobot/Documents/kobuki/install/share/ecl_filesystem/package.xml
[7.025s] -- Installing: /home/locobot/Documents/kobuki/install/include/ecl/filesystem.hpp
[7.025s] -- Installing: /home/locobot/Documents/kobuki/install/include/ecl/filesystem/errors.hpp
[7.026s] -- Installing: /home/locobot/Documents/kobuki/install/include/ecl/filesystem/macros.hpp
[7.026s] -- Installing: /home/locobot/Documents/kobuki/install/include/ecl/filesystem/realpath.hpp
[7.027s] -- Installing: /home/locobot/Documents/kobuki/install/include/ecl/filesystem/config.hpp
[7.028s] -- Installing: /home/locobot/Documents/kobuki/install/lib/libecl_filesystem.so.1.2.1
[7.029s] -- Set runtime path of "/home/locobot/Documents/kobuki/install/lib/libecl_filesystem.so.1.2.1" to ""
[7.029s] -- Installing: /home/locobot/Documents/kobuki/install/lib/libecl_filesystem.so
[7.036s] Invoked command in '/home/locobot/Documents/kobuki/build/ecl_filesystem' returned '0': AMENT_PREFIX_PATH=/home/locobot/Documents/kobuki/install CMAKE_PREFIX_PATH=/home/locobot/Documents/kobuki/install LD_LIBRARY_PATH=/home/locobot/Documents/kobuki/install/lib PATH=/home/locobot/Documents/kobuki/install/bin:${PATH} PYTHONPATH=/home/locobot/Documents/kobuki/install/lib/python3.8/site-packages /usr/bin/cmake --install /home/locobot/Documents/kobuki/build/ecl_filesystem
