running egg_info
creating ../../../build/ament_uncrustify/ament_uncrustify.egg-info
writing ../../../build/ament_uncrustify/ament_uncrustify.egg-info/PKG-INFO
writing dependency_links to ../../../build/ament_uncrustify/ament_uncrustify.egg-info/dependency_links.txt
writing entry points to ../../../build/ament_uncrustify/ament_uncrustify.egg-info/entry_points.txt
writing requirements to ../../../build/ament_uncrustify/ament_uncrustify.egg-info/requires.txt
writing top-level names to ../../../build/ament_uncrustify/ament_uncrustify.egg-info/top_level.txt
writing manifest file '../../../build/ament_uncrustify/ament_uncrustify.egg-info/SOURCES.txt'
reading manifest file '../../../build/ament_uncrustify/ament_uncrustify.egg-info/SOURCES.txt'
writing manifest file '../../../build/ament_uncrustify/ament_uncrustify.egg-info/SOURCES.txt'
running build
running build_py
creating /home/locobot/Documents/kobuki/build/ament_uncrustify/build
creating /home/locobot/Documents/kobuki/build/ament_uncrustify/build/lib
creating /home/locobot/Documents/kobuki/build/ament_uncrustify/build/lib/ament_uncrustify
copying ament_uncrustify/__init__.py -> /home/locobot/Documents/kobuki/build/ament_uncrustify/build/lib/ament_uncrustify
copying ament_uncrustify/main.py -> /home/locobot/Documents/kobuki/build/ament_uncrustify/build/lib/ament_uncrustify
creating /home/locobot/Documents/kobuki/build/ament_uncrustify/build/lib/ament_uncrustify/configuration
copying ament_uncrustify/configuration/ament_code_style.cfg -> /home/locobot/Documents/kobuki/build/ament_uncrustify/build/lib/ament_uncrustify/configuration
running install
running install_lib
creating /home/locobot/Documents/kobuki/install/lib/python3.8/site-packages/ament_uncrustify
copying /home/locobot/Documents/kobuki/build/ament_uncrustify/build/lib/ament_uncrustify/__init__.py -> /home/locobot/Documents/kobuki/install/lib/python3.8/site-packages/ament_uncrustify
creating /home/locobot/Documents/kobuki/install/lib/python3.8/site-packages/ament_uncrustify/configuration
copying /home/locobot/Documents/kobuki/build/ament_uncrustify/build/lib/ament_uncrustify/configuration/ament_code_style.cfg -> /home/locobot/Documents/kobuki/install/lib/python3.8/site-packages/ament_uncrustify/configuration
copying /home/locobot/Documents/kobuki/build/ament_uncrustify/build/lib/ament_uncrustify/main.py -> /home/locobot/Documents/kobuki/install/lib/python3.8/site-packages/ament_uncrustify
byte-compiling /home/locobot/Documents/kobuki/install/lib/python3.8/site-packages/ament_uncrustify/__init__.py to __init__.cpython-38.pyc
byte-compiling /home/locobot/Documents/kobuki/install/lib/python3.8/site-packages/ament_uncrustify/main.py to main.cpython-38.pyc
running install_data
copying package.xml -> /home/locobot/Documents/kobuki/install/share/ament_uncrustify
copying resource/ament_uncrustify -> /home/locobot/Documents/kobuki/install/share/ament_index/resource_index/packages
running install_egg_info
Copying ../../../build/ament_uncrustify/ament_uncrustify.egg-info to /home/locobot/Documents/kobuki/install/lib/python3.8/site-packages/ament_uncrustify-0.9.8-py3.8.egg-info
running install_scripts
Installing ament_uncrustify script to /home/locobot/Documents/kobuki/install/bin
writing list of installed files to '/home/locobot/Documents/kobuki/build/ament_uncrustify/install.log'
