[0.110s] Invoking command in '/home/locobot/Documents/kobuki/build/ament_cmake_export_dependencies': AMENT_PREFIX_PATH=/home/locobot/Documents/kobuki/install CMAKE_PREFIX_PATH=/home/locobot/Documents/kobuki/install LD_LIBRARY_PATH=/home/locobot/Documents/kobuki/install/lib PATH=/home/locobot/Documents/kobuki/install/bin:${PATH} PYTHONPATH=/home/locobot/Documents/kobuki/install/lib/python3.8/site-packages /usr/bin/cmake /home/locobot/Documents/kobuki/src/ament_cmake/ament_cmake_export_dependencies -DBUILD_TESTING=OFF -DCMAKE_INSTALL_PREFIX=/home/locobot/Documents/kobuki/install
[0.132s] Re-run cmake no build system arguments
[0.132s] -- Found ament_cmake_core: 0.9.12 (/home/locobot/Documents/kobuki/install/share/ament_cmake_core/cmake)
[0.143s] -- Using PYTHON_EXECUTABLE: /usr/bin/python3
[0.704s] -- Configuring done
[0.707s] -- Generating done
[0.736s] -- Build files have been written to: /home/locobot/Documents/kobuki/build/ament_cmake_export_dependencies
[0.764s] Invoked command in '/home/locobot/Documents/kobuki/build/ament_cmake_export_dependencies' returned '0': AMENT_PREFIX_PATH=/home/locobot/Documents/kobuki/install CMAKE_PREFIX_PATH=/home/locobot/Documents/kobuki/install LD_LIBRARY_PATH=/home/locobot/Documents/kobuki/install/lib PATH=/home/locobot/Documents/kobuki/install/bin:${PATH} PYTHONPATH=/home/locobot/Documents/kobuki/install/lib/python3.8/site-packages /usr/bin/cmake /home/locobot/Documents/kobuki/src/ament_cmake/ament_cmake_export_dependencies -DBUILD_TESTING=OFF -DCMAKE_INSTALL_PREFIX=/home/locobot/Documents/kobuki/install
[0.767s] Invoking command in '/home/locobot/Documents/kobuki/build/ament_cmake_export_dependencies': AMENT_PREFIX_PATH=/home/locobot/Documents/kobuki/install CMAKE_PREFIX_PATH=/home/locobot/Documents/kobuki/install LD_LIBRARY_PATH=/home/locobot/Documents/kobuki/install/lib PATH=/home/locobot/Documents/kobuki/install/bin:${PATH} PYTHONPATH=/home/locobot/Documents/kobuki/install/lib/python3.8/site-packages /usr/bin/cmake --build /home/locobot/Documents/kobuki/build/ament_cmake_export_dependencies -- -j4 -l4
[0.875s] /usr/bin/cmake -S/home/locobot/Documents/kobuki/src/ament_cmake/ament_cmake_export_dependencies -B/home/locobot/Documents/kobuki/build/ament_cmake_export_dependencies --check-build-system CMakeFiles/Makefile.cmake 0
[0.913s] /usr/bin/cmake -E cmake_progress_start /home/locobot/Documents/kobuki/build/ament_cmake_export_dependencies/CMakeFiles /home/locobot/Documents/kobuki/build/ament_cmake_export_dependencies/CMakeFiles/progress.marks
[0.960s] /usr/bin/make -f CMakeFiles/Makefile2 all
[0.960s] make[1]: Entering directory '/home/locobot/Documents/kobuki/build/ament_cmake_export_dependencies'
[0.960s] make[1]: Nothing to be done for 'all'.
[0.960s] make[1]: Leaving directory '/home/locobot/Documents/kobuki/build/ament_cmake_export_dependencies'
[0.961s] /usr/bin/cmake -E cmake_progress_start /home/locobot/Documents/kobuki/build/ament_cmake_export_dependencies/CMakeFiles 0
[1.113s] Invoked command in '/home/locobot/Documents/kobuki/build/ament_cmake_export_dependencies' returned '0': AMENT_PREFIX_PATH=/home/locobot/Documents/kobuki/install CMAKE_PREFIX_PATH=/home/locobot/Documents/kobuki/install LD_LIBRARY_PATH=/home/locobot/Documents/kobuki/install/lib PATH=/home/locobot/Documents/kobuki/install/bin:${PATH} PYTHONPATH=/home/locobot/Documents/kobuki/install/lib/python3.8/site-packages /usr/bin/cmake --build /home/locobot/Documents/kobuki/build/ament_cmake_export_dependencies -- -j4 -l4
[1.115s] Invoking command in '/home/locobot/Documents/kobuki/build/ament_cmake_export_dependencies': AMENT_PREFIX_PATH=/home/locobot/Documents/kobuki/install CMAKE_PREFIX_PATH=/home/locobot/Documents/kobuki/install LD_LIBRARY_PATH=/home/locobot/Documents/kobuki/install/lib PATH=/home/locobot/Documents/kobuki/install/bin:${PATH} PYTHONPATH=/home/locobot/Documents/kobuki/install/lib/python3.8/site-packages /usr/bin/cmake --install /home/locobot/Documents/kobuki/build/ament_cmake_export_dependencies
[1.196s] -- Install configuration: ""
[1.207s] -- Up-to-date: /home/locobot/Documents/kobuki/install/share/ament_index/resource_index/package_run_dependencies/ament_cmake_export_dependencies
[1.207s] -- Up-to-date: /home/locobot/Documents/kobuki/install/share/ament_index/resource_index/parent_prefix_path/ament_cmake_export_dependencies
[1.208s] -- Up-to-date: /home/locobot/Documents/kobuki/install/share/ament_cmake_export_dependencies/environment/ament_prefix_path.sh
[1.208s] -- Installing: /home/locobot/Documents/kobuki/install/share/ament_cmake_export_dependencies/environment/ament_prefix_path.dsv
[1.208s] -- Up-to-date: /home/locobot/Documents/kobuki/install/share/ament_cmake_export_dependencies/environment/path.sh
[1.208s] -- Installing: /home/locobot/Documents/kobuki/install/share/ament_cmake_export_dependencies/environment/path.dsv
[1.208s] -- Up-to-date: /home/locobot/Documents/kobuki/install/share/ament_cmake_export_dependencies/local_setup.bash
[1.208s] -- Up-to-date: /home/locobot/Documents/kobuki/install/share/ament_cmake_export_dependencies/local_setup.sh
[1.209s] -- Up-to-date: /home/locobot/Documents/kobuki/install/share/ament_cmake_export_dependencies/local_setup.zsh
[1.209s] -- Installing: /home/locobot/Documents/kobuki/install/share/ament_cmake_export_dependencies/local_setup.dsv
[1.209s] -- Installing: /home/locobot/Documents/kobuki/install/share/ament_cmake_export_dependencies/package.dsv
[1.209s] -- Up-to-date: /home/locobot/Documents/kobuki/install/share/ament_index/resource_index/packages/ament_cmake_export_dependencies
[1.209s] -- Up-to-date: /home/locobot/Documents/kobuki/install/share/ament_cmake_export_dependencies/cmake/ament_cmake_export_dependencies-extras.cmake
[1.209s] -- Up-to-date: /home/locobot/Documents/kobuki/install/share/ament_cmake_export_dependencies/cmake/ament_cmake_export_dependenciesConfig.cmake
[1.209s] -- Up-to-date: /home/locobot/Documents/kobuki/install/share/ament_cmake_export_dependencies/cmake/ament_cmake_export_dependenciesConfig-version.cmake
[1.210s] -- Up-to-date: /home/locobot/Documents/kobuki/install/share/ament_cmake_export_dependencies/package.xml
[1.210s] -- Up-to-date: /home/locobot/Documents/kobuki/install/share/ament_cmake_export_dependencies/cmake
[1.210s] -- Up-to-date: /home/locobot/Documents/kobuki/install/share/ament_cmake_export_dependencies/cmake/ament_export_dependencies.cmake
[1.210s] -- Up-to-date: /home/locobot/Documents/kobuki/install/share/ament_cmake_export_dependencies/cmake/ament_cmake_export_dependencies-extras.cmake.in
[1.210s] -- Up-to-date: /home/locobot/Documents/kobuki/install/share/ament_cmake_export_dependencies/cmake/ament_cmake_export_dependencies_package_hook.cmake
[1.211s] Invoked command in '/home/locobot/Documents/kobuki/build/ament_cmake_export_dependencies' returned '0': AMENT_PREFIX_PATH=/home/locobot/Documents/kobuki/install CMAKE_PREFIX_PATH=/home/locobot/Documents/kobuki/install LD_LIBRARY_PATH=/home/locobot/Documents/kobuki/install/lib PATH=/home/locobot/Documents/kobuki/install/bin:${PATH} PYTHONPATH=/home/locobot/Documents/kobuki/install/lib/python3.8/site-packages /usr/bin/cmake --install /home/locobot/Documents/kobuki/build/ament_cmake_export_dependencies
