[0.842s] Invoking command in '/home/locobot/Documents/kobuki/src/ament_lint/ament_pclint': AMENT_PREFIX_PATH=/home/locobot/Documents/kobuki/install CMAKE_PREFIX_PATH=/home/locobot/Documents/kobuki/install LD_LIBRARY_PATH=/home/locobot/Documents/kobuki/install/lib PATH=/home/locobot/Documents/kobuki/install/bin:${PATH} PYTHONPATH=/home/locobot/Documents/kobuki/build/ament_pclint/prefix_override:/home/locobot/.local/lib/python3.8/site-packages/colcon_core/task/python/colcon_distutils_commands:/home/locobot/Documents/kobuki/install/lib/python3.8/site-packages:/home/locobot/Documents/kobuki/install/lib/python3.8/site-packages /usr/bin/python3 -W ignore:setup.py install is deprecated -W ignore:easy_install command is deprecated setup.py egg_info --egg-base ../../../build/ament_pclint build --build-base /home/locobot/Documents/kobuki/build/ament_pclint/build install --record /home/locobot/Documents/kobuki/build/ament_pclint/install.log --single-version-externally-managed install_data
[1.137s] running egg_info
[1.139s] writing ../../../build/ament_pclint/ament_pclint.egg-info/PKG-INFO
[1.140s] writing dependency_links to ../../../build/ament_pclint/ament_pclint.egg-info/dependency_links.txt
[1.142s] writing entry points to ../../../build/ament_pclint/ament_pclint.egg-info/entry_points.txt
[1.143s] writing requirements to ../../../build/ament_pclint/ament_pclint.egg-info/requires.txt
[1.145s] writing top-level names to ../../../build/ament_pclint/ament_pclint.egg-info/top_level.txt
[1.274s] reading manifest file '../../../build/ament_pclint/ament_pclint.egg-info/SOURCES.txt'
[1.275s] writing manifest file '../../../build/ament_pclint/ament_pclint.egg-info/SOURCES.txt'
[1.276s] running build
[1.280s] running build_py
[1.281s] running install
[1.281s] running install_lib
[1.282s] running install_data
[1.282s] running install_egg_info
[1.283s] removing '/home/locobot/Documents/kobuki/install/lib/python3.8/site-packages/ament_pclint-0.9.8-py3.8.egg-info' (and everything under it)
[1.284s] Copying ../../../build/ament_pclint/ament_pclint.egg-info to /home/locobot/Documents/kobuki/install/lib/python3.8/site-packages/ament_pclint-0.9.8-py3.8.egg-info
[1.286s] running install_scripts
[1.313s] Installing ament_pclint script to /home/locobot/Documents/kobuki/install/bin
[1.315s] writing list of installed files to '/home/locobot/Documents/kobuki/build/ament_pclint/install.log'
[1.348s] Invoked command in '/home/locobot/Documents/kobuki/src/ament_lint/ament_pclint' returned '0': AMENT_PREFIX_PATH=/home/locobot/Documents/kobuki/install CMAKE_PREFIX_PATH=/home/locobot/Documents/kobuki/install LD_LIBRARY_PATH=/home/locobot/Documents/kobuki/install/lib PATH=/home/locobot/Documents/kobuki/install/bin:${PATH} PYTHONPATH=/home/locobot/Documents/kobuki/build/ament_pclint/prefix_override:/home/locobot/.local/lib/python3.8/site-packages/colcon_core/task/python/colcon_distutils_commands:/home/locobot/Documents/kobuki/install/lib/python3.8/site-packages:/home/locobot/Documents/kobuki/install/lib/python3.8/site-packages /usr/bin/python3 -W ignore:setup.py install is deprecated -W ignore:easy_install command is deprecated setup.py egg_info --egg-base ../../../build/ament_pclint build --build-base /home/locobot/Documents/kobuki/build/ament_pclint/build install --record /home/locobot/Documents/kobuki/build/ament_pclint/install.log --single-version-externally-managed install_data
