[0.182s] Invoking command in '/home/locobot/Documents/kobuki/build/ament_cmake_pclint': AMENT_PREFIX_PATH=/home/locobot/Documents/kobuki/install CMAKE_PREFIX_PATH=/home/locobot/Documents/kobuki/install PATH=/home/locobot/Documents/kobuki/install/bin:${PATH} PYTHONPATH=/home/locobot/Documents/kobuki/install/lib/python3.8/site-packages /usr/bin/cmake /home/locobot/Documents/kobuki/src/ament_lint/ament_cmake_pclint -DBUILD_TESTING=OFF -DCMAKE_INSTALL_PREFIX=/home/locobot/Documents/kobuki/install
[0.230s] -- Found ament_cmake_core: 0.9.12 (/home/locobot/Documents/kobuki/install/share/ament_cmake_core/cmake)
[0.271s] -- Found PythonInterp: /usr/bin/python3 (found suitable version "3.8.10", minimum required is "3") 
[0.271s] -- Using PYTHON_EXECUTABLE: /usr/bin/python3
[0.674s] -- Found ament_cmake_test: 0.9.12 (/home/locobot/Documents/kobuki/install/share/ament_cmake_test/cmake)
[0.938s] -- Configuring done
[0.938s] -- Generating done
[0.963s] -- Build files have been written to: /home/locobot/Documents/kobuki/build/ament_cmake_pclint
[0.967s] Invoked command in '/home/locobot/Documents/kobuki/build/ament_cmake_pclint' returned '0': AMENT_PREFIX_PATH=/home/locobot/Documents/kobuki/install CMAKE_PREFIX_PATH=/home/locobot/Documents/kobuki/install PATH=/home/locobot/Documents/kobuki/install/bin:${PATH} PYTHONPATH=/home/locobot/Documents/kobuki/install/lib/python3.8/site-packages /usr/bin/cmake /home/locobot/Documents/kobuki/src/ament_lint/ament_cmake_pclint -DBUILD_TESTING=OFF -DCMAKE_INSTALL_PREFIX=/home/locobot/Documents/kobuki/install
[0.968s] Invoking command in '/home/locobot/Documents/kobuki/build/ament_cmake_pclint': AMENT_PREFIX_PATH=/home/locobot/Documents/kobuki/install CMAKE_PREFIX_PATH=/home/locobot/Documents/kobuki/install PATH=/home/locobot/Documents/kobuki/install/bin:${PATH} PYTHONPATH=/home/locobot/Documents/kobuki/install/lib/python3.8/site-packages /usr/bin/cmake --build /home/locobot/Documents/kobuki/build/ament_cmake_pclint -- -j4 -l4
[1.099s] Invoked command in '/home/locobot/Documents/kobuki/build/ament_cmake_pclint' returned '0': AMENT_PREFIX_PATH=/home/locobot/Documents/kobuki/install CMAKE_PREFIX_PATH=/home/locobot/Documents/kobuki/install PATH=/home/locobot/Documents/kobuki/install/bin:${PATH} PYTHONPATH=/home/locobot/Documents/kobuki/install/lib/python3.8/site-packages /usr/bin/cmake --build /home/locobot/Documents/kobuki/build/ament_cmake_pclint -- -j4 -l4
[1.102s] Invoking command in '/home/locobot/Documents/kobuki/build/ament_cmake_pclint': AMENT_PREFIX_PATH=/home/locobot/Documents/kobuki/install CMAKE_PREFIX_PATH=/home/locobot/Documents/kobuki/install PATH=/home/locobot/Documents/kobuki/install/bin:${PATH} PYTHONPATH=/home/locobot/Documents/kobuki/install/lib/python3.8/site-packages /usr/bin/cmake --install /home/locobot/Documents/kobuki/build/ament_cmake_pclint
[1.143s] -- Install configuration: ""
[1.143s] -- Installing: /home/locobot/Documents/kobuki/install/share/ament_index/resource_index/package_run_dependencies/ament_cmake_pclint
[1.143s] -- Installing: /home/locobot/Documents/kobuki/install/share/ament_index/resource_index/parent_prefix_path/ament_cmake_pclint
[1.143s] -- Installing: /home/locobot/Documents/kobuki/install/share/ament_cmake_pclint/environment/ament_prefix_path.sh
[1.144s] -- Installing: /home/locobot/Documents/kobuki/install/share/ament_cmake_pclint/environment/ament_prefix_path.dsv
[1.144s] -- Installing: /home/locobot/Documents/kobuki/install/share/ament_cmake_pclint/environment/path.sh
[1.144s] -- Installing: /home/locobot/Documents/kobuki/install/share/ament_cmake_pclint/environment/path.dsv
[1.144s] -- Installing: /home/locobot/Documents/kobuki/install/share/ament_cmake_pclint/local_setup.bash
[1.144s] -- Installing: /home/locobot/Documents/kobuki/install/share/ament_cmake_pclint/local_setup.sh
[1.144s] -- Installing: /home/locobot/Documents/kobuki/install/share/ament_cmake_pclint/local_setup.zsh
[1.144s] -- Installing: /home/locobot/Documents/kobuki/install/share/ament_cmake_pclint/local_setup.dsv
[1.144s] -- Installing: /home/locobot/Documents/kobuki/install/share/ament_cmake_pclint/package.dsv
[1.145s] -- Installing: /home/locobot/Documents/kobuki/install/share/ament_index/resource_index/packages/ament_cmake_pclint
[1.145s] -- Installing: /home/locobot/Documents/kobuki/install/share/ament_cmake_pclint/cmake/ament_cmake_pclint-extras.cmake
[1.145s] -- Installing: /home/locobot/Documents/kobuki/install/share/ament_cmake_pclint/cmake/ament_cmake_pclintConfig.cmake
[1.145s] -- Installing: /home/locobot/Documents/kobuki/install/share/ament_cmake_pclint/cmake/ament_cmake_pclintConfig-version.cmake
[1.145s] -- Installing: /home/locobot/Documents/kobuki/install/share/ament_cmake_pclint/package.xml
[1.145s] -- Up-to-date: /home/locobot/Documents/kobuki/install/share/ament_cmake_pclint/cmake
[1.145s] -- Installing: /home/locobot/Documents/kobuki/install/share/ament_cmake_pclint/cmake/ament_pclint.cmake
[1.145s] -- Installing: /home/locobot/Documents/kobuki/install/share/ament_cmake_pclint/cmake/ament_cmake_pclint_lint_hook.cmake
[1.281s] Invoked command in '/home/locobot/Documents/kobuki/build/ament_cmake_pclint' returned '0': AMENT_PREFIX_PATH=/home/locobot/Documents/kobuki/install CMAKE_PREFIX_PATH=/home/locobot/Documents/kobuki/install PATH=/home/locobot/Documents/kobuki/install/bin:${PATH} PYTHONPATH=/home/locobot/Documents/kobuki/install/lib/python3.8/site-packages /usr/bin/cmake --install /home/locobot/Documents/kobuki/build/ament_cmake_pclint
