[0.090s] Invoking command in '/home/locobot/Documents/kobuki/build/ament_cmake_cppcheck': AMENT_PREFIX_PATH=/home/locobot/Documents/kobuki/install CMAKE_PREFIX_PATH=/home/locobot/Documents/kobuki/install LD_LIBRARY_PATH=/home/locobot/Documents/kobuki/install/lib PATH=/home/locobot/Documents/kobuki/install/bin:${PATH} PYTHONPATH=/home/locobot/Documents/kobuki/install/lib/python3.8/site-packages /usr/bin/cmake /home/locobot/Documents/kobuki/src/ament_lint/ament_cmake_cppcheck -DBUILD_TESTING=OFF -DCMAKE_BUILD_TYPE=RelWithDebInfo -DCMAKE_INSTALL_PREFIX=/home/locobot/Documents/kobuki/install
[0.093s] -- Found ament_cmake_core: 0.9.12 (/home/locobot/Documents/kobuki/install/share/ament_cmake_core/cmake)
[0.115s] -- Using PYTHON_EXECUTABLE: /usr/bin/python3
[0.311s] -- Found ament_cmake_test: 0.9.12 (/home/locobot/Documents/kobuki/install/share/ament_cmake_test/cmake)
[0.459s] -- Configuring done
[0.465s] -- Generating done
[0.478s] -- Build files have been written to: /home/locobot/Documents/kobuki/build/ament_cmake_cppcheck
[0.487s] Invoked command in '/home/locobot/Documents/kobuki/build/ament_cmake_cppcheck' returned '0': AMENT_PREFIX_PATH=/home/locobot/Documents/kobuki/install CMAKE_PREFIX_PATH=/home/locobot/Documents/kobuki/install LD_LIBRARY_PATH=/home/locobot/Documents/kobuki/install/lib PATH=/home/locobot/Documents/kobuki/install/bin:${PATH} PYTHONPATH=/home/locobot/Documents/kobuki/install/lib/python3.8/site-packages /usr/bin/cmake /home/locobot/Documents/kobuki/src/ament_lint/ament_cmake_cppcheck -DBUILD_TESTING=OFF -DCMAKE_BUILD_TYPE=RelWithDebInfo -DCMAKE_INSTALL_PREFIX=/home/locobot/Documents/kobuki/install
[0.491s] Invoking command in '/home/locobot/Documents/kobuki/build/ament_cmake_cppcheck': AMENT_PREFIX_PATH=/home/locobot/Documents/kobuki/install CMAKE_PREFIX_PATH=/home/locobot/Documents/kobuki/install LD_LIBRARY_PATH=/home/locobot/Documents/kobuki/install/lib PATH=/home/locobot/Documents/kobuki/install/bin:${PATH} PYTHONPATH=/home/locobot/Documents/kobuki/install/lib/python3.8/site-packages /usr/bin/cmake --build /home/locobot/Documents/kobuki/build/ament_cmake_cppcheck -- -j4 -l4
[0.592s] Invoked command in '/home/locobot/Documents/kobuki/build/ament_cmake_cppcheck' returned '0': AMENT_PREFIX_PATH=/home/locobot/Documents/kobuki/install CMAKE_PREFIX_PATH=/home/locobot/Documents/kobuki/install LD_LIBRARY_PATH=/home/locobot/Documents/kobuki/install/lib PATH=/home/locobot/Documents/kobuki/install/bin:${PATH} PYTHONPATH=/home/locobot/Documents/kobuki/install/lib/python3.8/site-packages /usr/bin/cmake --build /home/locobot/Documents/kobuki/build/ament_cmake_cppcheck -- -j4 -l4
[0.594s] Invoking command in '/home/locobot/Documents/kobuki/build/ament_cmake_cppcheck': AMENT_PREFIX_PATH=/home/locobot/Documents/kobuki/install CMAKE_PREFIX_PATH=/home/locobot/Documents/kobuki/install LD_LIBRARY_PATH=/home/locobot/Documents/kobuki/install/lib PATH=/home/locobot/Documents/kobuki/install/bin:${PATH} PYTHONPATH=/home/locobot/Documents/kobuki/install/lib/python3.8/site-packages /usr/bin/cmake --install /home/locobot/Documents/kobuki/build/ament_cmake_cppcheck
[0.611s] -- Install configuration: "RelWithDebInfo"
[0.612s] -- Up-to-date: /home/locobot/Documents/kobuki/install/share/ament_index/resource_index/package_run_dependencies/ament_cmake_cppcheck
[0.613s] -- Up-to-date: /home/locobot/Documents/kobuki/install/share/ament_index/resource_index/parent_prefix_path/ament_cmake_cppcheck
[0.613s] -- Up-to-date: /home/locobot/Documents/kobuki/install/share/ament_cmake_cppcheck/environment/ament_prefix_path.sh
[0.614s] -- Installing: /home/locobot/Documents/kobuki/install/share/ament_cmake_cppcheck/environment/ament_prefix_path.dsv
[0.614s] -- Up-to-date: /home/locobot/Documents/kobuki/install/share/ament_cmake_cppcheck/environment/path.sh
[0.615s] -- Installing: /home/locobot/Documents/kobuki/install/share/ament_cmake_cppcheck/environment/path.dsv
[0.616s] -- Up-to-date: /home/locobot/Documents/kobuki/install/share/ament_cmake_cppcheck/local_setup.bash
[0.616s] -- Up-to-date: /home/locobot/Documents/kobuki/install/share/ament_cmake_cppcheck/local_setup.sh
[0.617s] -- Up-to-date: /home/locobot/Documents/kobuki/install/share/ament_cmake_cppcheck/local_setup.zsh
[0.617s] -- Installing: /home/locobot/Documents/kobuki/install/share/ament_cmake_cppcheck/local_setup.dsv
[0.618s] -- Installing: /home/locobot/Documents/kobuki/install/share/ament_cmake_cppcheck/package.dsv
[0.618s] -- Up-to-date: /home/locobot/Documents/kobuki/install/share/ament_index/resource_index/packages/ament_cmake_cppcheck
[0.619s] -- Up-to-date: /home/locobot/Documents/kobuki/install/share/ament_cmake_cppcheck/cmake/ament_cmake_cppcheck-extras.cmake
[0.619s] -- Up-to-date: /home/locobot/Documents/kobuki/install/share/ament_cmake_cppcheck/cmake/ament_cmake_cppcheckConfig.cmake
[0.620s] -- Up-to-date: /home/locobot/Documents/kobuki/install/share/ament_cmake_cppcheck/cmake/ament_cmake_cppcheckConfig-version.cmake
[0.620s] -- Up-to-date: /home/locobot/Documents/kobuki/install/share/ament_cmake_cppcheck/package.xml
[0.621s] -- Up-to-date: /home/locobot/Documents/kobuki/install/share/ament_cmake_cppcheck/cmake
[0.621s] -- Up-to-date: /home/locobot/Documents/kobuki/install/share/ament_cmake_cppcheck/cmake/ament_cppcheck.cmake
[0.621s] -- Up-to-date: /home/locobot/Documents/kobuki/install/share/ament_cmake_cppcheck/cmake/ament_cmake_cppcheck_lint_hook.cmake
[0.625s] Invoked command in '/home/locobot/Documents/kobuki/build/ament_cmake_cppcheck' returned '0': AMENT_PREFIX_PATH=/home/locobot/Documents/kobuki/install CMAKE_PREFIX_PATH=/home/locobot/Documents/kobuki/install LD_LIBRARY_PATH=/home/locobot/Documents/kobuki/install/lib PATH=/home/locobot/Documents/kobuki/install/bin:${PATH} PYTHONPATH=/home/locobot/Documents/kobuki/install/lib/python3.8/site-packages /usr/bin/cmake --install /home/locobot/Documents/kobuki/build/ament_cmake_cppcheck
