[0.938s] Invoking command in '/home/locobot/Documents/kobuki/build/ecl_console': AMENT_PREFIX_PATH=/home/locobot/Documents/kobuki/install CMAKE_PREFIX_PATH=/home/locobot/Documents/kobuki/install LD_LIBRARY_PATH=/home/locobot/Documents/kobuki/install/lib PATH=/home/locobot/Documents/kobuki/install/bin:${PATH} PYTHONPATH=/home/locobot/Documents/kobuki/install/lib/python3.8/site-packages /usr/bin/cmake /home/locobot/Documents/kobuki/src/ecl_lite/ecl_console -DBUILD_TESTING=OFF -DCMAKE_INSTALL_PREFIX=/home/locobot/Documents/kobuki/install
[0.965s] Re-run cmake no build system arguments
[0.977s] -- Found ament_cmake_ros: 0.9.2 (/home/locobot/Documents/kobuki/install/share/ament_cmake_ros/cmake)
[1.005s] -- Using PYTHON_EXECUTABLE: /usr/bin/python3
[1.350s] -- Found ecl_build: 1.0.3 (/home/locobot/Documents/kobuki/install/share/ecl_build/cmake)
[1.362s] -- Found ecl_config: 1.1.0 (/home/locobot/Documents/kobuki/install/share/ecl_config/cmake)
[1.502s] -- Configuring done
[1.506s] -- Generating done
[1.509s] -- Build files have been written to: /home/locobot/Documents/kobuki/build/ecl_console
[1.526s] Invoked command in '/home/locobot/Documents/kobuki/build/ecl_console' returned '0': AMENT_PREFIX_PATH=/home/locobot/Documents/kobuki/install CMAKE_PREFIX_PATH=/home/locobot/Documents/kobuki/install LD_LIBRARY_PATH=/home/locobot/Documents/kobuki/install/lib PATH=/home/locobot/Documents/kobuki/install/bin:${PATH} PYTHONPATH=/home/locobot/Documents/kobuki/install/lib/python3.8/site-packages /usr/bin/cmake /home/locobot/Documents/kobuki/src/ecl_lite/ecl_console -DBUILD_TESTING=OFF -DCMAKE_INSTALL_PREFIX=/home/locobot/Documents/kobuki/install
[1.527s] Invoking command in '/home/locobot/Documents/kobuki/build/ecl_console': AMENT_PREFIX_PATH=/home/locobot/Documents/kobuki/install CMAKE_PREFIX_PATH=/home/locobot/Documents/kobuki/install LD_LIBRARY_PATH=/home/locobot/Documents/kobuki/install/lib PATH=/home/locobot/Documents/kobuki/install/bin:${PATH} PYTHONPATH=/home/locobot/Documents/kobuki/install/lib/python3.8/site-packages /usr/bin/cmake --build /home/locobot/Documents/kobuki/build/ecl_console -- -j4 -l4
[1.583s] /usr/bin/cmake -S/home/locobot/Documents/kobuki/src/ecl_lite/ecl_console -B/home/locobot/Documents/kobuki/build/ecl_console --check-build-system CMakeFiles/Makefile.cmake 0
[1.605s] /usr/bin/cmake -E cmake_progress_start /home/locobot/Documents/kobuki/build/ecl_console/CMakeFiles /home/locobot/Documents/kobuki/build/ecl_console/CMakeFiles/progress.marks
[1.630s] /usr/bin/make -f CMakeFiles/Makefile2 all
[1.639s] make[1]: Entering directory '/home/locobot/Documents/kobuki/build/ecl_console'
[1.639s] make[1]: Nothing to be done for 'all'.
[1.649s] make[1]: Leaving directory '/home/locobot/Documents/kobuki/build/ecl_console'
[1.649s] /usr/bin/cmake -E cmake_progress_start /home/locobot/Documents/kobuki/build/ecl_console/CMakeFiles 0
[1.685s] Invoked command in '/home/locobot/Documents/kobuki/build/ecl_console' returned '0': AMENT_PREFIX_PATH=/home/locobot/Documents/kobuki/install CMAKE_PREFIX_PATH=/home/locobot/Documents/kobuki/install LD_LIBRARY_PATH=/home/locobot/Documents/kobuki/install/lib PATH=/home/locobot/Documents/kobuki/install/bin:${PATH} PYTHONPATH=/home/locobot/Documents/kobuki/install/lib/python3.8/site-packages /usr/bin/cmake --build /home/locobot/Documents/kobuki/build/ecl_console -- -j4 -l4
[1.689s] Invoking command in '/home/locobot/Documents/kobuki/build/ecl_console': AMENT_PREFIX_PATH=/home/locobot/Documents/kobuki/install CMAKE_PREFIX_PATH=/home/locobot/Documents/kobuki/install LD_LIBRARY_PATH=/home/locobot/Documents/kobuki/install/lib PATH=/home/locobot/Documents/kobuki/install/bin:${PATH} PYTHONPATH=/home/locobot/Documents/kobuki/install/lib/python3.8/site-packages /usr/bin/cmake --install /home/locobot/Documents/kobuki/build/ecl_console
[1.718s] -- Install configuration: ""
[1.725s] -- Up-to-date: /home/locobot/Documents/kobuki/install/include/ecl
[1.726s] -- Up-to-date: /home/locobot/Documents/kobuki/install/include/ecl/console.hpp
[1.726s] -- Up-to-date: /home/locobot/Documents/kobuki/install/share/ament_index/resource_index/package_run_dependencies/ecl_console
[1.726s] -- Up-to-date: /home/locobot/Documents/kobuki/install/share/ament_index/resource_index/parent_prefix_path/ecl_console
[1.727s] -- Up-to-date: /home/locobot/Documents/kobuki/install/share/ecl_console/environment/ament_prefix_path.sh
[1.727s] -- Installing: /home/locobot/Documents/kobuki/install/share/ecl_console/environment/ament_prefix_path.dsv
[1.733s] -- Up-to-date: /home/locobot/Documents/kobuki/install/share/ecl_console/environment/path.sh
[1.734s] -- Installing: /home/locobot/Documents/kobuki/install/share/ecl_console/environment/path.dsv
[1.734s] -- Up-to-date: /home/locobot/Documents/kobuki/install/share/ecl_console/local_setup.bash
[1.734s] -- Up-to-date: /home/locobot/Documents/kobuki/install/share/ecl_console/local_setup.sh
[1.734s] -- Up-to-date: /home/locobot/Documents/kobuki/install/share/ecl_console/local_setup.zsh
[1.735s] -- Installing: /home/locobot/Documents/kobuki/install/share/ecl_console/local_setup.dsv
[1.735s] -- Installing: /home/locobot/Documents/kobuki/install/share/ecl_console/package.dsv
[1.735s] -- Up-to-date: /home/locobot/Documents/kobuki/install/share/ament_index/resource_index/packages/ecl_console
[1.735s] -- Up-to-date: /home/locobot/Documents/kobuki/install/share/ecl_console/cmake/ecl_consoleExport.cmake
[1.740s] -- Up-to-date: /home/locobot/Documents/kobuki/install/share/ecl_console/cmake/ament_cmake_export_targets-extras.cmake
[1.740s] -- Up-to-date: /home/locobot/Documents/kobuki/install/share/ecl_console/cmake/ament_cmake_export_include_directories-extras.cmake
[1.741s] -- Up-to-date: /home/locobot/Documents/kobuki/install/share/ecl_console/cmake/ament_cmake_export_dependencies-extras.cmake
[1.741s] -- Up-to-date: /home/locobot/Documents/kobuki/install/share/ecl_console/cmake/ecl_consoleConfig.cmake
[1.751s] -- Up-to-date: /home/locobot/Documents/kobuki/install/share/ecl_console/cmake/ecl_consoleConfig-version.cmake
[1.751s] -- Up-to-date: /home/locobot/Documents/kobuki/install/share/ecl_console/package.xml
[1.753s] Invoked command in '/home/locobot/Documents/kobuki/build/ecl_console' returned '0': AMENT_PREFIX_PATH=/home/locobot/Documents/kobuki/install CMAKE_PREFIX_PATH=/home/locobot/Documents/kobuki/install LD_LIBRARY_PATH=/home/locobot/Documents/kobuki/install/lib PATH=/home/locobot/Documents/kobuki/install/bin:${PATH} PYTHONPATH=/home/locobot/Documents/kobuki/install/lib/python3.8/site-packages /usr/bin/cmake --install /home/locobot/Documents/kobuki/build/ecl_console
