Re-run cmake no build system arguments
-- Found ament_cmake: 0.9.12 (/home/locobot/Documents/kobuki/install/share/ament_cmake/cmake)
-- Using PYTHON_EXECUTABLE: /usr/bin/python3
-- Configuring done
-- Generating done
-- Build files have been written to: /home/locobot/Documents/kobuki/build/ecl_license
/usr/bin/cmake -S/home/locobot/Documents/kobuki/src/ecl_tools/ecl_license -B/home/locobot/Documents/kobuki/build/ecl_license --check-build-system CMakeFiles/Makefile.cmake 0
/usr/bin/cmake -E cmake_progress_start /home/locobot/Documents/kobuki/build/ecl_license/CMakeFiles /home/locobot/Documents/kobuki/build/ecl_license/CMakeFiles/progress.marks
/usr/bin/make -f CMakeFiles/Makefile2 all
make[1]: Entering directory '/home/locobot/Documents/kobuki/build/ecl_license'
make[1]: Nothing to be done for 'all'.
make[1]: Leaving directory '/home/locobot/Documents/kobuki/build/ecl_license'
/usr/bin/cmake -E cmake_progress_start /home/locobot/Documents/kobuki/build/ecl_license/CMakeFiles 0
-- Install configuration: ""
-- Up-to-date: /home/locobot/Documents/kobuki/install/share/licenses
-- Up-to-date: /home/locobot/Documents/kobuki/install/share/licenses/AUTHORS
-- Up-to-date: /home/locobot/Documents/kobuki/install/share/licenses/COPYING-PLAIN
-- Up-to-date: /home/locobot/Documents/kobuki/install/share/licenses/COPYING
-- Up-to-date: /home/locobot/Documents/kobuki/install/share/ecl_license/environment/library_path.sh
-- Installing: /home/locobot/Documents/kobuki/install/share/ecl_license/environment/library_path.dsv
-- Up-to-date: /home/locobot/Documents/kobuki/install/share/ament_index/resource_index/package_run_dependencies/ecl_license
-- Up-to-date: /home/locobot/Documents/kobuki/install/share/ament_index/resource_index/parent_prefix_path/ecl_license
-- Up-to-date: /home/locobot/Documents/kobuki/install/share/ecl_license/environment/ament_prefix_path.sh
-- Installing: /home/locobot/Documents/kobuki/install/share/ecl_license/environment/ament_prefix_path.dsv
-- Up-to-date: /home/locobot/Documents/kobuki/install/share/ecl_license/environment/path.sh
-- Installing: /home/locobot/Documents/kobuki/install/share/ecl_license/environment/path.dsv
-- Up-to-date: /home/locobot/Documents/kobuki/install/share/ecl_license/local_setup.bash
-- Up-to-date: /home/locobot/Documents/kobuki/install/share/ecl_license/local_setup.sh
-- Up-to-date: /home/locobot/Documents/kobuki/install/share/ecl_license/local_setup.zsh
-- Installing: /home/locobot/Documents/kobuki/install/share/ecl_license/local_setup.dsv
-- Installing: /home/locobot/Documents/kobuki/install/share/ecl_license/package.dsv
-- Up-to-date: /home/locobot/Documents/kobuki/install/share/ament_index/resource_index/packages/ecl_license
-- Up-to-date: /home/locobot/Documents/kobuki/install/share/ecl_license/cmake/ament_cmake_export_libraries-extras.cmake
-- Up-to-date: /home/locobot/Documents/kobuki/install/share/ecl_license/cmake/ecl_licenseConfig.cmake
-- Up-to-date: /home/locobot/Documents/kobuki/install/share/ecl_license/cmake/ecl_licenseConfig-version.cmake
-- Up-to-date: /home/locobot/Documents/kobuki/install/share/ecl_license/package.xml
