[0.185s] Invoking command in '/home/locobot/Documents/kobuki/build/ecl_license': AMENT_PREFIX_PATH=/home/locobot/Documents/kobuki/install CMAKE_PREFIX_PATH=/home/locobot/Documents/kobuki/install LD_LIBRARY_PATH=/home/locobot/Documents/kobuki/install/lib PATH=/home/locobot/Documents/kobuki/install/bin:${PATH} PYTHONPATH=/home/locobot/Documents/kobuki/install/lib/python3.8/site-packages /usr/bin/cmake /home/locobot/Documents/kobuki/src/ecl_tools/ecl_license -DBUILD_TESTING=OFF -DCMAKE_INSTALL_PREFIX=/home/locobot/Documents/kobuki/install
[0.211s] Re-run cmake no build system arguments
[0.220s] -- Found ament_cmake: 0.9.12 (/home/locobot/Documents/kobuki/install/share/ament_cmake/cmake)
[0.247s] -- Using PYTHON_EXECUTABLE: /usr/bin/python3
[0.667s] -- Configuring done
[0.672s] -- Generating done
[0.682s] -- Build files have been written to: /home/locobot/Documents/kobuki/build/ecl_license
[0.711s] Invoked command in '/home/locobot/Documents/kobuki/build/ecl_license' returned '0': AMENT_PREFIX_PATH=/home/locobot/Documents/kobuki/install CMAKE_PREFIX_PATH=/home/locobot/Documents/kobuki/install LD_LIBRARY_PATH=/home/locobot/Documents/kobuki/install/lib PATH=/home/locobot/Documents/kobuki/install/bin:${PATH} PYTHONPATH=/home/locobot/Documents/kobuki/install/lib/python3.8/site-packages /usr/bin/cmake /home/locobot/Documents/kobuki/src/ecl_tools/ecl_license -DBUILD_TESTING=OFF -DCMAKE_INSTALL_PREFIX=/home/locobot/Documents/kobuki/install
[0.712s] Invoking command in '/home/locobot/Documents/kobuki/build/ecl_license': AMENT_PREFIX_PATH=/home/locobot/Documents/kobuki/install CMAKE_PREFIX_PATH=/home/locobot/Documents/kobuki/install LD_LIBRARY_PATH=/home/locobot/Documents/kobuki/install/lib PATH=/home/locobot/Documents/kobuki/install/bin:${PATH} PYTHONPATH=/home/locobot/Documents/kobuki/install/lib/python3.8/site-packages /usr/bin/cmake --build /home/locobot/Documents/kobuki/build/ecl_license -- -j4 -l4
[0.762s] /usr/bin/cmake -S/home/locobot/Documents/kobuki/src/ecl_tools/ecl_license -B/home/locobot/Documents/kobuki/build/ecl_license --check-build-system CMakeFiles/Makefile.cmake 0
[0.823s] /usr/bin/cmake -E cmake_progress_start /home/locobot/Documents/kobuki/build/ecl_license/CMakeFiles /home/locobot/Documents/kobuki/build/ecl_license/CMakeFiles/progress.marks
[0.825s] /usr/bin/make -f CMakeFiles/Makefile2 all
[0.826s] make[1]: Entering directory '/home/locobot/Documents/kobuki/build/ecl_license'
[0.831s] make[1]: Nothing to be done for 'all'.
[0.831s] make[1]: Leaving directory '/home/locobot/Documents/kobuki/build/ecl_license'
[0.833s] /usr/bin/cmake -E cmake_progress_start /home/locobot/Documents/kobuki/build/ecl_license/CMakeFiles 0
[0.911s] Invoked command in '/home/locobot/Documents/kobuki/build/ecl_license' returned '0': AMENT_PREFIX_PATH=/home/locobot/Documents/kobuki/install CMAKE_PREFIX_PATH=/home/locobot/Documents/kobuki/install LD_LIBRARY_PATH=/home/locobot/Documents/kobuki/install/lib PATH=/home/locobot/Documents/kobuki/install/bin:${PATH} PYTHONPATH=/home/locobot/Documents/kobuki/install/lib/python3.8/site-packages /usr/bin/cmake --build /home/locobot/Documents/kobuki/build/ecl_license -- -j4 -l4
[0.920s] Invoking command in '/home/locobot/Documents/kobuki/build/ecl_license': AMENT_PREFIX_PATH=/home/locobot/Documents/kobuki/install CMAKE_PREFIX_PATH=/home/locobot/Documents/kobuki/install LD_LIBRARY_PATH=/home/locobot/Documents/kobuki/install/lib PATH=/home/locobot/Documents/kobuki/install/bin:${PATH} PYTHONPATH=/home/locobot/Documents/kobuki/install/lib/python3.8/site-packages /usr/bin/cmake --install /home/locobot/Documents/kobuki/build/ecl_license
[0.932s] -- Install configuration: ""
[0.933s] -- Up-to-date: /home/locobot/Documents/kobuki/install/share/licenses
[0.934s] -- Up-to-date: /home/locobot/Documents/kobuki/install/share/licenses/AUTHORS
[0.934s] -- Up-to-date: /home/locobot/Documents/kobuki/install/share/licenses/COPYING-PLAIN
[0.934s] -- Up-to-date: /home/locobot/Documents/kobuki/install/share/licenses/COPYING
[0.935s] -- Up-to-date: /home/locobot/Documents/kobuki/install/share/ecl_license/environment/library_path.sh
[0.935s] -- Installing: /home/locobot/Documents/kobuki/install/share/ecl_license/environment/library_path.dsv
[0.935s] -- Up-to-date: /home/locobot/Documents/kobuki/install/share/ament_index/resource_index/package_run_dependencies/ecl_license
[0.935s] -- Up-to-date: /home/locobot/Documents/kobuki/install/share/ament_index/resource_index/parent_prefix_path/ecl_license
[0.935s] -- Up-to-date: /home/locobot/Documents/kobuki/install/share/ecl_license/environment/ament_prefix_path.sh
[0.935s] -- Installing: /home/locobot/Documents/kobuki/install/share/ecl_license/environment/ament_prefix_path.dsv
[0.935s] -- Up-to-date: /home/locobot/Documents/kobuki/install/share/ecl_license/environment/path.sh
[0.935s] -- Installing: /home/locobot/Documents/kobuki/install/share/ecl_license/environment/path.dsv
[0.935s] -- Up-to-date: /home/locobot/Documents/kobuki/install/share/ecl_license/local_setup.bash
[0.936s] -- Up-to-date: /home/locobot/Documents/kobuki/install/share/ecl_license/local_setup.sh
[0.936s] -- Up-to-date: /home/locobot/Documents/kobuki/install/share/ecl_license/local_setup.zsh
[0.936s] -- Installing: /home/locobot/Documents/kobuki/install/share/ecl_license/local_setup.dsv
[0.936s] -- Installing: /home/locobot/Documents/kobuki/install/share/ecl_license/package.dsv
[0.936s] -- Up-to-date: /home/locobot/Documents/kobuki/install/share/ament_index/resource_index/packages/ecl_license
[0.936s] -- Up-to-date: /home/locobot/Documents/kobuki/install/share/ecl_license/cmake/ament_cmake_export_libraries-extras.cmake
[0.936s] -- Up-to-date: /home/locobot/Documents/kobuki/install/share/ecl_license/cmake/ecl_licenseConfig.cmake
[0.936s] -- Up-to-date: /home/locobot/Documents/kobuki/install/share/ecl_license/cmake/ecl_licenseConfig-version.cmake
[0.937s] -- Up-to-date: /home/locobot/Documents/kobuki/install/share/ecl_license/package.xml
[1.176s] Invoked command in '/home/locobot/Documents/kobuki/build/ecl_license' returned '0': AMENT_PREFIX_PATH=/home/locobot/Documents/kobuki/install CMAKE_PREFIX_PATH=/home/locobot/Documents/kobuki/install LD_LIBRARY_PATH=/home/locobot/Documents/kobuki/install/lib PATH=/home/locobot/Documents/kobuki/install/bin:${PATH} PYTHONPATH=/home/locobot/Documents/kobuki/install/lib/python3.8/site-packages /usr/bin/cmake --install /home/locobot/Documents/kobuki/build/ecl_license
