Not searching for unused variables given on the command line.
-- Found ament_cmake_ros: 0.9.2 (/home/locobot/Documents/kobuki/install/share/ament_cmake_ros/cmake)
-- Using PYTHON_EXECUTABLE: /usr/bin/python3
-- Found ecl_build: 1.0.3 (/home/locobot/Documents/kobuki/install/share/ecl_build/cmake)
-- Found ecl_config: 1.1.0 (/home/locobot/Documents/kobuki/install/share/ecl_config/cmake)
-- Found ecl_concepts: 1.2.1 (/home/locobot/Documents/kobuki/install/share/ecl_concepts/cmake)
-- Found ecl_errors: 1.1.0 (/home/locobot/Documents/kobuki/install/share/ecl_errors/cmake)
-- Found ecl_exceptions: 1.2.1 (/home/locobot/Documents/kobuki/install/share/ecl_exceptions/cmake)
-- Configuring done
-- Generating done
-- Build files have been written to: /home/locobot/Documents/kobuki/build/ecl_converters
[100%] Built target demo_float_converters
-- Install configuration: ""
-- Up-to-date: /home/locobot/Documents/kobuki/install/share/ament_index/resource_index/package_run_dependencies/ecl_converters
-- Up-to-date: /home/locobot/Documents/kobuki/install/share/ament_index/resource_index/parent_prefix_path/ecl_converters
-- Up-to-date: /home/locobot/Documents/kobuki/install/share/ecl_converters/environment/ament_prefix_path.sh
-- Installing: /home/locobot/Documents/kobuki/install/share/ecl_converters/environment/ament_prefix_path.dsv
-- Up-to-date: /home/locobot/Documents/kobuki/install/share/ecl_converters/environment/path.sh
-- Installing: /home/locobot/Documents/kobuki/install/share/ecl_converters/environment/path.dsv
-- Up-to-date: /home/locobot/Documents/kobuki/install/share/ecl_converters/local_setup.bash
-- Up-to-date: /home/locobot/Documents/kobuki/install/share/ecl_converters/local_setup.sh
-- Up-to-date: /home/locobot/Documents/kobuki/install/share/ecl_converters/local_setup.zsh
-- Installing: /home/locobot/Documents/kobuki/install/share/ecl_converters/local_setup.dsv
-- Installing: /home/locobot/Documents/kobuki/install/share/ecl_converters/package.dsv
-- Up-to-date: /home/locobot/Documents/kobuki/install/share/ament_index/resource_index/packages/ecl_converters
-- Up-to-date: /home/locobot/Documents/kobuki/install/share/ecl_converters/cmake/ecl_convertersExport.cmake
-- Up-to-date: /home/locobot/Documents/kobuki/install/share/ecl_converters/cmake/ament_cmake_export_targets-extras.cmake
-- Up-to-date: /home/locobot/Documents/kobuki/install/share/ecl_converters/cmake/ament_cmake_export_include_directories-extras.cmake
-- Up-to-date: /home/locobot/Documents/kobuki/install/share/ecl_converters/cmake/ament_cmake_export_dependencies-extras.cmake
-- Up-to-date: /home/locobot/Documents/kobuki/install/share/ecl_converters/cmake/ecl_convertersConfig.cmake
-- Up-to-date: /home/locobot/Documents/kobuki/install/share/ecl_converters/cmake/ecl_convertersConfig-version.cmake
-- Up-to-date: /home/locobot/Documents/kobuki/install/share/ecl_converters/package.xml
-- Up-to-date: /home/locobot/Documents/kobuki/install/include/ecl/converters.hpp
-- Up-to-date: /home/locobot/Documents/kobuki/install/include/ecl/converters/char.hpp
-- Up-to-date: /home/locobot/Documents/kobuki/install/include/ecl/converters/char_strings.hpp
-- Up-to-date: /home/locobot/Documents/kobuki/install/include/ecl/converters/converter.hpp
-- Up-to-date: /home/locobot/Documents/kobuki/install/include/ecl/converters/from_byte_array.hpp
-- Up-to-date: /home/locobot/Documents/kobuki/install/include/ecl/converters/integers.hpp
-- Up-to-date: /home/locobot/Documents/kobuki/install/include/ecl/converters/string.hpp
-- Up-to-date: /home/locobot/Documents/kobuki/install/include/ecl/converters/to_byte_array.hpp
-- Up-to-date: /home/locobot/Documents/kobuki/install/lib/ecl_converters/demo_float_converters
