[0.618s] Invoking command in '/home/locobot/Documents/kobuki/build/ecl_converters': AMENT_PREFIX_PATH=/home/locobot/Documents/kobuki/install CMAKE_PREFIX_PATH=/home/locobot/Documents/kobuki/install LD_LIBRARY_PATH=/home/locobot/Documents/kobuki/install/lib PATH=/home/locobot/Documents/kobuki/install/bin:${PATH} PYTHONPATH=/home/locobot/Documents/kobuki/install/lib/python3.8/site-packages /usr/bin/cmake /home/locobot/Documents/kobuki/src/ecl_core/ecl_converters -DBUILD_TESTING=OFF --no-warn-unused-cli -DCMAKE_INSTALL_PREFIX=/home/locobot/Documents/kobuki/install
[0.642s] Not searching for unused variables given on the command line.
[0.652s] -- Found ament_cmake_ros: 0.9.2 (/home/locobot/Documents/kobuki/install/share/ament_cmake_ros/cmake)
[0.674s] -- Using PYTHON_EXECUTABLE: /usr/bin/python3
[0.970s] -- Found ecl_build: 1.0.3 (/home/locobot/Documents/kobuki/install/share/ecl_build/cmake)
[0.987s] -- Found ecl_config: 1.1.0 (/home/locobot/Documents/kobuki/install/share/ecl_config/cmake)
[0.987s] -- Found ecl_concepts: 1.2.1 (/home/locobot/Documents/kobuki/install/share/ecl_concepts/cmake)
[1.000s] -- Found ecl_errors: 1.1.0 (/home/locobot/Documents/kobuki/install/share/ecl_errors/cmake)
[1.032s] -- Found ecl_exceptions: 1.2.1 (/home/locobot/Documents/kobuki/install/share/ecl_exceptions/cmake)
[1.157s] -- Configuring done
[1.171s] -- Generating done
[1.176s] -- Build files have been written to: /home/locobot/Documents/kobuki/build/ecl_converters
[1.188s] Invoked command in '/home/locobot/Documents/kobuki/build/ecl_converters' returned '0': AMENT_PREFIX_PATH=/home/locobot/Documents/kobuki/install CMAKE_PREFIX_PATH=/home/locobot/Documents/kobuki/install LD_LIBRARY_PATH=/home/locobot/Documents/kobuki/install/lib PATH=/home/locobot/Documents/kobuki/install/bin:${PATH} PYTHONPATH=/home/locobot/Documents/kobuki/install/lib/python3.8/site-packages /usr/bin/cmake /home/locobot/Documents/kobuki/src/ecl_core/ecl_converters -DBUILD_TESTING=OFF --no-warn-unused-cli -DCMAKE_INSTALL_PREFIX=/home/locobot/Documents/kobuki/install
[1.190s] Invoking command in '/home/locobot/Documents/kobuki/build/ecl_converters': AMENT_PREFIX_PATH=/home/locobot/Documents/kobuki/install CMAKE_PREFIX_PATH=/home/locobot/Documents/kobuki/install LD_LIBRARY_PATH=/home/locobot/Documents/kobuki/install/lib PATH=/home/locobot/Documents/kobuki/install/bin:${PATH} PYTHONPATH=/home/locobot/Documents/kobuki/install/lib/python3.8/site-packages /usr/bin/cmake --build /home/locobot/Documents/kobuki/build/ecl_converters -- -j4 -l4
[1.288s] [100%] Built target demo_float_converters
[1.321s] Invoked command in '/home/locobot/Documents/kobuki/build/ecl_converters' returned '0': AMENT_PREFIX_PATH=/home/locobot/Documents/kobuki/install CMAKE_PREFIX_PATH=/home/locobot/Documents/kobuki/install LD_LIBRARY_PATH=/home/locobot/Documents/kobuki/install/lib PATH=/home/locobot/Documents/kobuki/install/bin:${PATH} PYTHONPATH=/home/locobot/Documents/kobuki/install/lib/python3.8/site-packages /usr/bin/cmake --build /home/locobot/Documents/kobuki/build/ecl_converters -- -j4 -l4
[1.323s] Invoking command in '/home/locobot/Documents/kobuki/build/ecl_converters': AMENT_PREFIX_PATH=/home/locobot/Documents/kobuki/install CMAKE_PREFIX_PATH=/home/locobot/Documents/kobuki/install LD_LIBRARY_PATH=/home/locobot/Documents/kobuki/install/lib PATH=/home/locobot/Documents/kobuki/install/bin:${PATH} PYTHONPATH=/home/locobot/Documents/kobuki/install/lib/python3.8/site-packages /usr/bin/cmake --install /home/locobot/Documents/kobuki/build/ecl_converters
[1.338s] -- Install configuration: ""
[1.339s] -- Up-to-date: /home/locobot/Documents/kobuki/install/share/ament_index/resource_index/package_run_dependencies/ecl_converters
[1.341s] -- Up-to-date: /home/locobot/Documents/kobuki/install/share/ament_index/resource_index/parent_prefix_path/ecl_converters
[1.342s] -- Up-to-date: /home/locobot/Documents/kobuki/install/share/ecl_converters/environment/ament_prefix_path.sh
[1.342s] -- Installing: /home/locobot/Documents/kobuki/install/share/ecl_converters/environment/ament_prefix_path.dsv
[1.343s] -- Up-to-date: /home/locobot/Documents/kobuki/install/share/ecl_converters/environment/path.sh
[1.344s] -- Installing: /home/locobot/Documents/kobuki/install/share/ecl_converters/environment/path.dsv
[1.345s] -- Up-to-date: /home/locobot/Documents/kobuki/install/share/ecl_converters/local_setup.bash
[1.346s] -- Up-to-date: /home/locobot/Documents/kobuki/install/share/ecl_converters/local_setup.sh
[1.347s] -- Up-to-date: /home/locobot/Documents/kobuki/install/share/ecl_converters/local_setup.zsh
[1.348s] -- Installing: /home/locobot/Documents/kobuki/install/share/ecl_converters/local_setup.dsv
[1.350s] -- Installing: /home/locobot/Documents/kobuki/install/share/ecl_converters/package.dsv
[1.352s] -- Up-to-date: /home/locobot/Documents/kobuki/install/share/ament_index/resource_index/packages/ecl_converters
[1.353s] -- Up-to-date: /home/locobot/Documents/kobuki/install/share/ecl_converters/cmake/ecl_convertersExport.cmake
[1.354s] -- Up-to-date: /home/locobot/Documents/kobuki/install/share/ecl_converters/cmake/ament_cmake_export_targets-extras.cmake
[1.355s] -- Up-to-date: /home/locobot/Documents/kobuki/install/share/ecl_converters/cmake/ament_cmake_export_include_directories-extras.cmake
[1.356s] -- Up-to-date: /home/locobot/Documents/kobuki/install/share/ecl_converters/cmake/ament_cmake_export_dependencies-extras.cmake
[1.357s] -- Up-to-date: /home/locobot/Documents/kobuki/install/share/ecl_converters/cmake/ecl_convertersConfig.cmake
[1.358s] -- Up-to-date: /home/locobot/Documents/kobuki/install/share/ecl_converters/cmake/ecl_convertersConfig-version.cmake
[1.358s] -- Up-to-date: /home/locobot/Documents/kobuki/install/share/ecl_converters/package.xml
[1.360s] -- Up-to-date: /home/locobot/Documents/kobuki/install/include/ecl/converters.hpp
[1.361s] -- Up-to-date: /home/locobot/Documents/kobuki/install/include/ecl/converters/char.hpp
[1.362s] -- Up-to-date: /home/locobot/Documents/kobuki/install/include/ecl/converters/char_strings.hpp
[1.363s] -- Up-to-date: /home/locobot/Documents/kobuki/install/include/ecl/converters/converter.hpp
[1.364s] -- Up-to-date: /home/locobot/Documents/kobuki/install/include/ecl/converters/from_byte_array.hpp
[1.365s] -- Up-to-date: /home/locobot/Documents/kobuki/install/include/ecl/converters/integers.hpp
[1.365s] -- Up-to-date: /home/locobot/Documents/kobuki/install/include/ecl/converters/string.hpp
[1.366s] -- Up-to-date: /home/locobot/Documents/kobuki/install/include/ecl/converters/to_byte_array.hpp
[1.368s] -- Up-to-date: /home/locobot/Documents/kobuki/install/lib/ecl_converters/demo_float_converters
[1.372s] Invoked command in '/home/locobot/Documents/kobuki/build/ecl_converters' returned '0': AMENT_PREFIX_PATH=/home/locobot/Documents/kobuki/install CMAKE_PREFIX_PATH=/home/locobot/Documents/kobuki/install LD_LIBRARY_PATH=/home/locobot/Documents/kobuki/install/lib PATH=/home/locobot/Documents/kobuki/install/bin:${PATH} PYTHONPATH=/home/locobot/Documents/kobuki/install/lib/python3.8/site-packages /usr/bin/cmake --install /home/locobot/Documents/kobuki/build/ecl_converters
