[1.271s] Invoking command in '/home/locobot/Documents/kobuki/src/ament_lint/ament_flake8': AMENT_PREFIX_PATH=/home/locobot/Documents/kobuki/install PATH=/home/locobot/Documents/kobuki/install/bin:${PATH} PYTHONPATH=/home/locobot/Documents/kobuki/build/ament_flake8/prefix_override:/home/locobot/.local/lib/python3.8/site-packages/colcon_core/task/python/colcon_distutils_commands:/home/locobot/Documents/kobuki/install/lib/python3.8/site-packages:/home/locobot/Documents/kobuki/install/lib/python3.8/site-packages /usr/bin/python3 -W ignore:setup.py install is deprecated -W ignore:easy_install command is deprecated setup.py egg_info --egg-base ../../../build/ament_flake8 build --build-base /home/locobot/Documents/kobuki/build/ament_flake8/build install --record /home/locobot/Documents/kobuki/build/ament_flake8/install.log --single-version-externally-managed install_data
[1.710s] running egg_info
[1.711s] creating ../../../build/ament_flake8/ament_flake8.egg-info
[1.712s] writing ../../../build/ament_flake8/ament_flake8.egg-info/PKG-INFO
[1.713s] writing dependency_links to ../../../build/ament_flake8/ament_flake8.egg-info/dependency_links.txt
[1.714s] writing entry points to ../../../build/ament_flake8/ament_flake8.egg-info/entry_points.txt
[1.714s] writing requirements to ../../../build/ament_flake8/ament_flake8.egg-info/requires.txt
[1.715s] writing top-level names to ../../../build/ament_flake8/ament_flake8.egg-info/top_level.txt
[1.716s] writing manifest file '../../../build/ament_flake8/ament_flake8.egg-info/SOURCES.txt'
[1.825s] reading manifest file '../../../build/ament_flake8/ament_flake8.egg-info/SOURCES.txt'
[1.826s] writing manifest file '../../../build/ament_flake8/ament_flake8.egg-info/SOURCES.txt'
[1.826s] running build
[1.826s] running build_py
[1.826s] creating /home/locobot/Documents/kobuki/build/ament_flake8/build
[1.826s] creating /home/locobot/Documents/kobuki/build/ament_flake8/build/lib
[1.826s] creating /home/locobot/Documents/kobuki/build/ament_flake8/build/lib/ament_flake8
[1.826s] copying ament_flake8/legacy.py -> /home/locobot/Documents/kobuki/build/ament_flake8/build/lib/ament_flake8
[1.827s] copying ament_flake8/__init__.py -> /home/locobot/Documents/kobuki/build/ament_flake8/build/lib/ament_flake8
[1.827s] copying ament_flake8/pytest_marker.py -> /home/locobot/Documents/kobuki/build/ament_flake8/build/lib/ament_flake8
[1.827s] copying ament_flake8/main.py -> /home/locobot/Documents/kobuki/build/ament_flake8/build/lib/ament_flake8
[1.827s] creating /home/locobot/Documents/kobuki/build/ament_flake8/build/lib/ament_flake8/configuration
[1.827s] copying ament_flake8/configuration/ament_flake8.ini -> /home/locobot/Documents/kobuki/build/ament_flake8/build/lib/ament_flake8/configuration
[1.828s] running install
[1.828s] running install_lib
[1.828s] creating /home/locobot/Documents/kobuki/install/lib/python3.8/site-packages/ament_flake8
[1.828s] copying /home/locobot/Documents/kobuki/build/ament_flake8/build/lib/ament_flake8/legacy.py -> /home/locobot/Documents/kobuki/install/lib/python3.8/site-packages/ament_flake8
[1.828s] copying /home/locobot/Documents/kobuki/build/ament_flake8/build/lib/ament_flake8/__init__.py -> /home/locobot/Documents/kobuki/install/lib/python3.8/site-packages/ament_flake8
[1.828s] copying /home/locobot/Documents/kobuki/build/ament_flake8/build/lib/ament_flake8/pytest_marker.py -> /home/locobot/Documents/kobuki/install/lib/python3.8/site-packages/ament_flake8
[1.828s] creating /home/locobot/Documents/kobuki/install/lib/python3.8/site-packages/ament_flake8/configuration
[1.829s] copying /home/locobot/Documents/kobuki/build/ament_flake8/build/lib/ament_flake8/configuration/ament_flake8.ini -> /home/locobot/Documents/kobuki/install/lib/python3.8/site-packages/ament_flake8/configuration
[1.829s] copying /home/locobot/Documents/kobuki/build/ament_flake8/build/lib/ament_flake8/main.py -> /home/locobot/Documents/kobuki/install/lib/python3.8/site-packages/ament_flake8
[1.829s] byte-compiling /home/locobot/Documents/kobuki/install/lib/python3.8/site-packages/ament_flake8/legacy.py to legacy.cpython-38.pyc
[1.831s] byte-compiling /home/locobot/Documents/kobuki/install/lib/python3.8/site-packages/ament_flake8/__init__.py to __init__.cpython-38.pyc
[1.831s] byte-compiling /home/locobot/Documents/kobuki/install/lib/python3.8/site-packages/ament_flake8/pytest_marker.py to pytest_marker.cpython-38.pyc
[1.831s] byte-compiling /home/locobot/Documents/kobuki/install/lib/python3.8/site-packages/ament_flake8/main.py to main.cpython-38.pyc
[1.854s] running install_data
[1.854s] copying package.xml -> /home/locobot/Documents/kobuki/install/share/ament_flake8
[1.854s] copying resource/ament_flake8 -> /home/locobot/Documents/kobuki/install/share/ament_index/resource_index/packages
[1.854s] running install_egg_info
[1.854s] Copying ../../../build/ament_flake8/ament_flake8.egg-info to /home/locobot/Documents/kobuki/install/lib/python3.8/site-packages/ament_flake8-0.9.8-py3.8.egg-info
[1.854s] running install_scripts
[1.863s] Installing ament_flake8 script to /home/locobot/Documents/kobuki/install/bin
[1.863s] writing list of installed files to '/home/locobot/Documents/kobuki/build/ament_flake8/install.log'
[1.965s] Invoked command in '/home/locobot/Documents/kobuki/src/ament_lint/ament_flake8' returned '0': AMENT_PREFIX_PATH=/home/locobot/Documents/kobuki/install PATH=/home/locobot/Documents/kobuki/install/bin:${PATH} PYTHONPATH=/home/locobot/Documents/kobuki/build/ament_flake8/prefix_override:/home/locobot/.local/lib/python3.8/site-packages/colcon_core/task/python/colcon_distutils_commands:/home/locobot/Documents/kobuki/install/lib/python3.8/site-packages:/home/locobot/Documents/kobuki/install/lib/python3.8/site-packages /usr/bin/python3 -W ignore:setup.py install is deprecated -W ignore:easy_install command is deprecated setup.py egg_info --egg-base ../../../build/ament_flake8 build --build-base /home/locobot/Documents/kobuki/build/ament_flake8/build install --record /home/locobot/Documents/kobuki/build/ament_flake8/install.log --single-version-externally-managed install_data
