-- The C compiler identification is GNU 9.4.0
-- The CXX compiler identification is GNU 9.4.0
-- Check for working C compiler: /usr/bin/cc
-- Check for working C compiler: /usr/bin/cc -- works
-- Detecting C compiler ABI info
-- Detecting C compiler ABI info - done
-- Detecting C compile features
-- Detecting C compile features - done
-- Check for working CXX compiler: /usr/bin/c++
-- Check for working CXX compiler: /usr/bin/c++ -- works
-- Detecting CXX compiler ABI info
-- Detecting CXX compiler ABI info - done
-- Detecting CXX compile features
-- Detecting CXX compile features - done
-- Found ament_cmake_ros: 0.9.2 (/home/locobot/Documents/kobuki/install/share/ament_cmake_ros/cmake)
-- Found PythonInterp: /usr/bin/python3 (found suitable version "3.8.10", minimum required is "3") 
-- Using PYTHON_EXECUTABLE: /usr/bin/python3
-- Found ecl_build: 1.0.3 (/home/locobot/Documents/kobuki/install/share/ecl_build/cmake)
-- Found ecl_config: 1.1.0 (/home/locobot/Documents/kobuki/install/share/ecl_config/cmake)
-- Found ecl_errors: 1.1.0 (/home/locobot/Documents/kobuki/install/share/ecl_errors/cmake)
-- Found ecl_time_lite: 1.1.0 (/home/locobot/Documents/kobuki/install/share/ecl_time_lite/cmake)
-- Found ecl_exceptions: 1.2.1 (/home/locobot/Documents/kobuki/install/share/ecl_exceptions/cmake)
-- Found ecl_threads: 1.2.1 (/home/locobot/Documents/kobuki/install/share/ecl_threads/cmake)
-- Looking for pthread.h
-- Looking for pthread.h - found
-- Performing Test CMAKE_HAVE_LIBC_PTHREAD
-- Performing Test CMAKE_HAVE_LIBC_PTHREAD - Failed
-- Looking for pthread_create in pthreads
-- Looking for pthread_create in pthreads - not found
-- Looking for pthread_create in pthread
-- Looking for pthread_create in pthread - found
-- Found Threads: TRUE  
-- Check if compiler accepts -pthread
-- Check if compiler accepts -pthread - yes
-- Configuring done
-- Generating done
-- Build files have been written to: /home/locobot/Documents/kobuki/build/ecl_ipc
[35m[1mScanning dependencies of target ecl_ipc[0m
[ 33%] [32mBuilding CXX object src/lib/CMakeFiles/ecl_ipc.dir/semaphore_pos.cpp.o[0m
[ 66%] [32mBuilding CXX object src/lib/CMakeFiles/ecl_ipc.dir/shared_memory_pos.cpp.o[0m
[100%] [32m[1mLinking CXX shared library libecl_ipc.so[0m
[100%] Built target ecl_ipc
-- Install configuration: ""
-- Installing: /home/locobot/Documents/kobuki/install/share/ecl_ipc/environment/library_path.sh
-- Installing: /home/locobot/Documents/kobuki/install/share/ecl_ipc/environment/library_path.dsv
-- Installing: /home/locobot/Documents/kobuki/install/share/ament_index/resource_index/package_run_dependencies/ecl_ipc
-- Installing: /home/locobot/Documents/kobuki/install/share/ament_index/resource_index/parent_prefix_path/ecl_ipc
-- Installing: /home/locobot/Documents/kobuki/install/share/ecl_ipc/environment/ament_prefix_path.sh
-- Installing: /home/locobot/Documents/kobuki/install/share/ecl_ipc/environment/ament_prefix_path.dsv
-- Installing: /home/locobot/Documents/kobuki/install/share/ecl_ipc/environment/path.sh
-- Installing: /home/locobot/Documents/kobuki/install/share/ecl_ipc/environment/path.dsv
-- Installing: /home/locobot/Documents/kobuki/install/share/ecl_ipc/local_setup.bash
-- Installing: /home/locobot/Documents/kobuki/install/share/ecl_ipc/local_setup.sh
-- Installing: /home/locobot/Documents/kobuki/install/share/ecl_ipc/local_setup.zsh
-- Installing: /home/locobot/Documents/kobuki/install/share/ecl_ipc/local_setup.dsv
-- Installing: /home/locobot/Documents/kobuki/install/share/ecl_ipc/package.dsv
-- Installing: /home/locobot/Documents/kobuki/install/share/ament_index/resource_index/packages/ecl_ipc
-- Installing: /home/locobot/Documents/kobuki/install/share/ecl_ipc/cmake/ecl_ipcExport.cmake
-- Installing: /home/locobot/Documents/kobuki/install/share/ecl_ipc/cmake/ecl_ipcExport-noconfig.cmake
-- Installing: /home/locobot/Documents/kobuki/install/share/ecl_ipc/cmake/ament_cmake_export_targets-extras.cmake
-- Installing: /home/locobot/Documents/kobuki/install/share/ecl_ipc/cmake/ament_cmake_export_include_directories-extras.cmake
-- Installing: /home/locobot/Documents/kobuki/install/share/ecl_ipc/cmake/ament_cmake_export_libraries-extras.cmake
-- Installing: /home/locobot/Documents/kobuki/install/share/ecl_ipc/cmake/ament_cmake_export_dependencies-extras.cmake
-- Installing: /home/locobot/Documents/kobuki/install/share/ecl_ipc/cmake/ecl_ipcConfig.cmake
-- Installing: /home/locobot/Documents/kobuki/install/share/ecl_ipc/cmake/ecl_ipcConfig-version.cmake
-- Installing: /home/locobot/Documents/kobuki/install/share/ecl_ipc/package.xml
-- Installing: /home/locobot/Documents/kobuki/install/include/ecl/ipc.hpp
-- Installing: /home/locobot/Documents/kobuki/install/include/ecl/ipc/semaphore.hpp
-- Installing: /home/locobot/Documents/kobuki/install/include/ecl/ipc/semaphore_pos.hpp
-- Installing: /home/locobot/Documents/kobuki/install/include/ecl/ipc/shared_memory.hpp
-- Installing: /home/locobot/Documents/kobuki/install/include/ecl/ipc/shared_memory_pos.hpp
-- Installing: /home/locobot/Documents/kobuki/install/lib/libecl_ipc.so.1.2.1
-- Set runtime path of "/home/locobot/Documents/kobuki/install/lib/libecl_ipc.so.1.2.1" to ""
-- Installing: /home/locobot/Documents/kobuki/install/lib/libecl_ipc.so
