[0.449s] Invoking command in '/home/locobot/Documents/kobuki/build/ecl_ipc': AMENT_PREFIX_PATH=/home/locobot/Documents/kobuki/install CMAKE_PREFIX_PATH=/home/locobot/Documents/kobuki/install LD_LIBRARY_PATH=/home/locobot/Documents/kobuki/install/lib PATH=/home/locobot/Documents/kobuki/install/bin:${PATH} PYTHONPATH=/home/locobot/Documents/kobuki/install/lib/python3.8/site-packages /usr/bin/cmake /home/locobot/Documents/kobuki/src/ecl_core/ecl_ipc -DBUILD_TESTING=OFF -DCMAKE_INSTALL_PREFIX=/home/locobot/Documents/kobuki/install
[0.671s] -- The C compiler identification is GNU 9.4.0
[0.827s] -- The CXX compiler identification is GNU 9.4.0
[0.858s] -- Check for working C compiler: /usr/bin/cc
[1.182s] -- Check for working C compiler: /usr/bin/cc -- works
[1.182s] -- Detecting C compiler ABI info
[1.381s] -- Detecting C compiler ABI info - done
[1.405s] -- Detecting C compile features
[1.406s] -- Detecting C compile features - done
[1.415s] -- Check for working CXX compiler: /usr/bin/c++
[1.698s] -- Check for working CXX compiler: /usr/bin/c++ -- works
[1.698s] -- Detecting CXX compiler ABI info
[1.950s] -- Detecting CXX compiler ABI info - done
[1.987s] -- Detecting CXX compile features
[1.988s] -- Detecting CXX compile features - done
[1.990s] -- Found ament_cmake_ros: 0.9.2 (/home/locobot/Documents/kobuki/install/share/ament_cmake_ros/cmake)
[2.136s] -- Found PythonInterp: /usr/bin/python3 (found suitable version "3.8.10", minimum required is "3") 
[2.137s] -- Using PYTHON_EXECUTABLE: /usr/bin/python3
[2.798s] -- Found ecl_build: 1.0.3 (/home/locobot/Documents/kobuki/install/share/ecl_build/cmake)
[2.811s] -- Found ecl_config: 1.1.0 (/home/locobot/Documents/kobuki/install/share/ecl_config/cmake)
[2.815s] -- Found ecl_errors: 1.1.0 (/home/locobot/Documents/kobuki/install/share/ecl_errors/cmake)
[2.821s] -- Found ecl_time_lite: 1.1.0 (/home/locobot/Documents/kobuki/install/share/ecl_time_lite/cmake)
[2.828s] -- Found ecl_exceptions: 1.2.1 (/home/locobot/Documents/kobuki/install/share/ecl_exceptions/cmake)
[2.835s] -- Found ecl_threads: 1.2.1 (/home/locobot/Documents/kobuki/install/share/ecl_threads/cmake)
[2.839s] -- Looking for pthread.h
[3.079s] -- Looking for pthread.h - found
[3.079s] -- Performing Test CMAKE_HAVE_LIBC_PTHREAD
[3.277s] -- Performing Test CMAKE_HAVE_LIBC_PTHREAD - Failed
[3.277s] -- Looking for pthread_create in pthreads
[3.428s] -- Looking for pthread_create in pthreads - not found
[3.429s] -- Looking for pthread_create in pthread
[3.750s] -- Looking for pthread_create in pthread - found
[3.751s] -- Found Threads: TRUE  
[3.751s] -- Check if compiler accepts -pthread
[4.038s] -- Check if compiler accepts -pthread - yes
[4.347s] -- Configuring done
[4.368s] -- Generating done
[4.372s] -- Build files have been written to: /home/locobot/Documents/kobuki/build/ecl_ipc
[4.406s] Invoked command in '/home/locobot/Documents/kobuki/build/ecl_ipc' returned '0': AMENT_PREFIX_PATH=/home/locobot/Documents/kobuki/install CMAKE_PREFIX_PATH=/home/locobot/Documents/kobuki/install LD_LIBRARY_PATH=/home/locobot/Documents/kobuki/install/lib PATH=/home/locobot/Documents/kobuki/install/bin:${PATH} PYTHONPATH=/home/locobot/Documents/kobuki/install/lib/python3.8/site-packages /usr/bin/cmake /home/locobot/Documents/kobuki/src/ecl_core/ecl_ipc -DBUILD_TESTING=OFF -DCMAKE_INSTALL_PREFIX=/home/locobot/Documents/kobuki/install
[4.411s] Invoking command in '/home/locobot/Documents/kobuki/build/ecl_ipc': AMENT_PREFIX_PATH=/home/locobot/Documents/kobuki/install CMAKE_PREFIX_PATH=/home/locobot/Documents/kobuki/install LD_LIBRARY_PATH=/home/locobot/Documents/kobuki/install/lib PATH=/home/locobot/Documents/kobuki/install/bin:${PATH} PYTHONPATH=/home/locobot/Documents/kobuki/install/lib/python3.8/site-packages /usr/bin/cmake --build /home/locobot/Documents/kobuki/build/ecl_ipc -- -j4 -l4
[4.536s] [35m[1mScanning dependencies of target ecl_ipc[0m
[4.601s] [ 33%] [32mBuilding CXX object src/lib/CMakeFiles/ecl_ipc.dir/semaphore_pos.cpp.o[0m
[5.514s] [ 66%] [32mBuilding CXX object src/lib/CMakeFiles/ecl_ipc.dir/shared_memory_pos.cpp.o[0m
[6.496s] [100%] [32m[1mLinking CXX shared library libecl_ipc.so[0m
[6.766s] [100%] Built target ecl_ipc
[6.815s] Invoked command in '/home/locobot/Documents/kobuki/build/ecl_ipc' returned '0': AMENT_PREFIX_PATH=/home/locobot/Documents/kobuki/install CMAKE_PREFIX_PATH=/home/locobot/Documents/kobuki/install LD_LIBRARY_PATH=/home/locobot/Documents/kobuki/install/lib PATH=/home/locobot/Documents/kobuki/install/bin:${PATH} PYTHONPATH=/home/locobot/Documents/kobuki/install/lib/python3.8/site-packages /usr/bin/cmake --build /home/locobot/Documents/kobuki/build/ecl_ipc -- -j4 -l4
[6.817s] Invoking command in '/home/locobot/Documents/kobuki/build/ecl_ipc': AMENT_PREFIX_PATH=/home/locobot/Documents/kobuki/install CMAKE_PREFIX_PATH=/home/locobot/Documents/kobuki/install LD_LIBRARY_PATH=/home/locobot/Documents/kobuki/install/lib PATH=/home/locobot/Documents/kobuki/install/bin:${PATH} PYTHONPATH=/home/locobot/Documents/kobuki/install/lib/python3.8/site-packages /usr/bin/cmake --install /home/locobot/Documents/kobuki/build/ecl_ipc
[6.843s] -- Install configuration: ""
[6.843s] -- Installing: /home/locobot/Documents/kobuki/install/share/ecl_ipc/environment/library_path.sh
[6.843s] -- Installing: /home/locobot/Documents/kobuki/install/share/ecl_ipc/environment/library_path.dsv
[6.843s] -- Installing: /home/locobot/Documents/kobuki/install/share/ament_index/resource_index/package_run_dependencies/ecl_ipc
[6.843s] -- Installing: /home/locobot/Documents/kobuki/install/share/ament_index/resource_index/parent_prefix_path/ecl_ipc
[6.844s] -- Installing: /home/locobot/Documents/kobuki/install/share/ecl_ipc/environment/ament_prefix_path.sh
[6.844s] -- Installing: /home/locobot/Documents/kobuki/install/share/ecl_ipc/environment/ament_prefix_path.dsv
[6.844s] -- Installing: /home/locobot/Documents/kobuki/install/share/ecl_ipc/environment/path.sh
[6.844s] -- Installing: /home/locobot/Documents/kobuki/install/share/ecl_ipc/environment/path.dsv
[6.844s] -- Installing: /home/locobot/Documents/kobuki/install/share/ecl_ipc/local_setup.bash
[6.844s] -- Installing: /home/locobot/Documents/kobuki/install/share/ecl_ipc/local_setup.sh
[6.844s] -- Installing: /home/locobot/Documents/kobuki/install/share/ecl_ipc/local_setup.zsh
[6.844s] -- Installing: /home/locobot/Documents/kobuki/install/share/ecl_ipc/local_setup.dsv
[6.845s] -- Installing: /home/locobot/Documents/kobuki/install/share/ecl_ipc/package.dsv
[6.845s] -- Installing: /home/locobot/Documents/kobuki/install/share/ament_index/resource_index/packages/ecl_ipc
[6.845s] -- Installing: /home/locobot/Documents/kobuki/install/share/ecl_ipc/cmake/ecl_ipcExport.cmake
[6.845s] -- Installing: /home/locobot/Documents/kobuki/install/share/ecl_ipc/cmake/ecl_ipcExport-noconfig.cmake
[6.845s] -- Installing: /home/locobot/Documents/kobuki/install/share/ecl_ipc/cmake/ament_cmake_export_targets-extras.cmake
[6.845s] -- Installing: /home/locobot/Documents/kobuki/install/share/ecl_ipc/cmake/ament_cmake_export_include_directories-extras.cmake
[6.845s] -- Installing: /home/locobot/Documents/kobuki/install/share/ecl_ipc/cmake/ament_cmake_export_libraries-extras.cmake
[6.845s] -- Installing: /home/locobot/Documents/kobuki/install/share/ecl_ipc/cmake/ament_cmake_export_dependencies-extras.cmake
[6.846s] -- Installing: /home/locobot/Documents/kobuki/install/share/ecl_ipc/cmake/ecl_ipcConfig.cmake
[6.846s] -- Installing: /home/locobot/Documents/kobuki/install/share/ecl_ipc/cmake/ecl_ipcConfig-version.cmake
[6.846s] -- Installing: /home/locobot/Documents/kobuki/install/share/ecl_ipc/package.xml
[6.846s] -- Installing: /home/locobot/Documents/kobuki/install/include/ecl/ipc.hpp
[6.846s] -- Installing: /home/locobot/Documents/kobuki/install/include/ecl/ipc/semaphore.hpp
[6.868s] -- Installing: /home/locobot/Documents/kobuki/install/include/ecl/ipc/semaphore_pos.hpp
[6.869s] -- Installing: /home/locobot/Documents/kobuki/install/include/ecl/ipc/shared_memory.hpp
[6.869s] -- Installing: /home/locobot/Documents/kobuki/install/include/ecl/ipc/shared_memory_pos.hpp
[6.869s] -- Installing: /home/locobot/Documents/kobuki/install/lib/libecl_ipc.so.1.2.1
[6.869s] -- Set runtime path of "/home/locobot/Documents/kobuki/install/lib/libecl_ipc.so.1.2.1" to ""
[6.869s] -- Installing: /home/locobot/Documents/kobuki/install/lib/libecl_ipc.so
[6.869s] Invoked command in '/home/locobot/Documents/kobuki/build/ecl_ipc' returned '0': AMENT_PREFIX_PATH=/home/locobot/Documents/kobuki/install CMAKE_PREFIX_PATH=/home/locobot/Documents/kobuki/install LD_LIBRARY_PATH=/home/locobot/Documents/kobuki/install/lib PATH=/home/locobot/Documents/kobuki/install/bin:${PATH} PYTHONPATH=/home/locobot/Documents/kobuki/install/lib/python3.8/site-packages /usr/bin/cmake --install /home/locobot/Documents/kobuki/build/ecl_ipc
