[0.982s] Invoking command in '/home/locobot/Documents/kobuki/src/ament_lint/ament_pyflakes': AMENT_PREFIX_PATH=/home/locobot/Documents/kobuki/install CMAKE_PREFIX_PATH=/home/locobot/Documents/kobuki/install LD_LIBRARY_PATH=/home/locobot/Documents/kobuki/install/lib PATH=/home/locobot/Documents/kobuki/install/bin:${PATH} PYTHONPATH=/home/locobot/Documents/kobuki/build/ament_pyflakes/prefix_override:/home/locobot/.local/lib/python3.8/site-packages/colcon_core/task/python/colcon_distutils_commands:/home/locobot/Documents/kobuki/install/lib/python3.8/site-packages:/home/locobot/Documents/kobuki/install/lib/python3.8/site-packages /usr/bin/python3 -W ignore:setup.py install is deprecated -W ignore:easy_install command is deprecated setup.py egg_info --egg-base ../../../build/ament_pyflakes build --build-base /home/locobot/Documents/kobuki/build/ament_pyflakes/build install --record /home/locobot/Documents/kobuki/build/ament_pyflakes/install.log --single-version-externally-managed install_data
[1.211s] running egg_info
[1.212s] writing ../../../build/ament_pyflakes/ament_pyflakes.egg-info/PKG-INFO
[1.213s] writing dependency_links to ../../../build/ament_pyflakes/ament_pyflakes.egg-info/dependency_links.txt
[1.213s] writing entry points to ../../../build/ament_pyflakes/ament_pyflakes.egg-info/entry_points.txt
[1.214s] writing requirements to ../../../build/ament_pyflakes/ament_pyflakes.egg-info/requires.txt
[1.214s] writing top-level names to ../../../build/ament_pyflakes/ament_pyflakes.egg-info/top_level.txt
[1.266s] reading manifest file '../../../build/ament_pyflakes/ament_pyflakes.egg-info/SOURCES.txt'
[1.267s] writing manifest file '../../../build/ament_pyflakes/ament_pyflakes.egg-info/SOURCES.txt'
[1.269s] running build
[1.270s] running build_py
[1.270s] running install
[1.271s] running install_lib
[1.273s] running install_data
[1.274s] running install_egg_info
[1.283s] removing '/home/locobot/Documents/kobuki/install/lib/python3.8/site-packages/ament_pyflakes-0.9.8-py3.8.egg-info' (and everything under it)
[1.283s] Copying ../../../build/ament_pyflakes/ament_pyflakes.egg-info to /home/locobot/Documents/kobuki/install/lib/python3.8/site-packages/ament_pyflakes-0.9.8-py3.8.egg-info
[1.283s] running install_scripts
[1.304s] Installing ament_pyflakes script to /home/locobot/Documents/kobuki/install/bin
[1.306s] writing list of installed files to '/home/locobot/Documents/kobuki/build/ament_pyflakes/install.log'
[1.345s] Invoked command in '/home/locobot/Documents/kobuki/src/ament_lint/ament_pyflakes' returned '0': AMENT_PREFIX_PATH=/home/locobot/Documents/kobuki/install CMAKE_PREFIX_PATH=/home/locobot/Documents/kobuki/install LD_LIBRARY_PATH=/home/locobot/Documents/kobuki/install/lib PATH=/home/locobot/Documents/kobuki/install/bin:${PATH} PYTHONPATH=/home/locobot/Documents/kobuki/build/ament_pyflakes/prefix_override:/home/locobot/.local/lib/python3.8/site-packages/colcon_core/task/python/colcon_distutils_commands:/home/locobot/Documents/kobuki/install/lib/python3.8/site-packages:/home/locobot/Documents/kobuki/install/lib/python3.8/site-packages /usr/bin/python3 -W ignore:setup.py install is deprecated -W ignore:easy_install command is deprecated setup.py egg_info --egg-base ../../../build/ament_pyflakes build --build-base /home/locobot/Documents/kobuki/build/ament_pyflakes/build install --record /home/locobot/Documents/kobuki/build/ament_pyflakes/install.log --single-version-externally-managed install_data
