[0.368s] Invoking command in '/home/locobot/Documents/kobuki/build/ecl_devices': AMENT_PREFIX_PATH=/home/locobot/Documents/kobuki/install CMAKE_PREFIX_PATH=/home/locobot/Documents/kobuki/install LD_LIBRARY_PATH=/home/locobot/Documents/kobuki/install/lib PATH=/home/locobot/Documents/kobuki/install/bin:${PATH} PYTHONPATH=/home/locobot/Documents/kobuki/install/lib/python3.8/site-packages /usr/bin/cmake /home/locobot/Documents/kobuki/src/ecl_core/ecl_devices -DBUILD_TESTING=OFF -DCMAKE_INSTALL_PREFIX=/home/locobot/Documents/kobuki/install
[0.579s] -- The C compiler identification is GNU 9.4.0
[0.739s] -- The CXX compiler identification is GNU 9.4.0
[0.774s] -- Check for working C compiler: /usr/bin/cc
[0.955s] -- Check for working C compiler: /usr/bin/cc -- works
[0.955s] -- Detecting C compiler ABI info
[1.188s] -- Detecting C compiler ABI info - done
[1.229s] -- Detecting C compile features
[1.230s] -- Detecting C compile features - done
[1.235s] -- Check for working CXX compiler: /usr/bin/c++
[1.621s] -- Check for working CXX compiler: /usr/bin/c++ -- works
[1.623s] -- Detecting CXX compiler ABI info
[1.919s] -- Detecting CXX compiler ABI info - done
[1.951s] -- Detecting CXX compile features
[1.952s] -- Detecting CXX compile features - done
[1.995s] -- Found ament_cmake_ros: 0.9.2 (/home/locobot/Documents/kobuki/install/share/ament_cmake_ros/cmake)
[2.028s] -- Found PythonInterp: /usr/bin/python3 (found suitable version "3.8.10", minimum required is "3") 
[2.028s] -- Using PYTHON_EXECUTABLE: /usr/bin/python3
[2.548s] -- Found ecl_build: 1.0.3 (/home/locobot/Documents/kobuki/install/share/ecl_build/cmake)
[2.603s] -- Found ecl_config: 1.1.0 (/home/locobot/Documents/kobuki/install/share/ecl_config/cmake)
[2.604s] -- Found ecl_containers: 1.2.1 (/home/locobot/Documents/kobuki/install/share/ecl_containers/cmake)
[2.775s] -- Found ecl_threads: 1.2.1 (/home/locobot/Documents/kobuki/install/share/ecl_threads/cmake)
[2.779s] -- Looking for pthread.h
[3.012s] -- Looking for pthread.h - found
[3.012s] -- Performing Test CMAKE_HAVE_LIBC_PTHREAD
[3.245s] -- Performing Test CMAKE_HAVE_LIBC_PTHREAD - Failed
[3.245s] -- Looking for pthread_create in pthreads
[3.501s] -- Looking for pthread_create in pthreads - not found
[3.501s] -- Looking for pthread_create in pthread
[3.787s] -- Looking for pthread_create in pthread - found
[3.788s] -- Found Threads: TRUE  
[3.788s] -- Check if compiler accepts -pthread
[4.083s] -- Check if compiler accepts -pthread - yes
[4.411s] -- Configuring done
[4.449s] -- Generating done
[4.473s] -- Build files have been written to: /home/locobot/Documents/kobuki/build/ecl_devices
[4.491s] Invoked command in '/home/locobot/Documents/kobuki/build/ecl_devices' returned '0': AMENT_PREFIX_PATH=/home/locobot/Documents/kobuki/install CMAKE_PREFIX_PATH=/home/locobot/Documents/kobuki/install LD_LIBRARY_PATH=/home/locobot/Documents/kobuki/install/lib PATH=/home/locobot/Documents/kobuki/install/bin:${PATH} PYTHONPATH=/home/locobot/Documents/kobuki/install/lib/python3.8/site-packages /usr/bin/cmake /home/locobot/Documents/kobuki/src/ecl_core/ecl_devices -DBUILD_TESTING=OFF -DCMAKE_INSTALL_PREFIX=/home/locobot/Documents/kobuki/install
[4.495s] Invoking command in '/home/locobot/Documents/kobuki/build/ecl_devices': AMENT_PREFIX_PATH=/home/locobot/Documents/kobuki/install CMAKE_PREFIX_PATH=/home/locobot/Documents/kobuki/install LD_LIBRARY_PATH=/home/locobot/Documents/kobuki/install/lib PATH=/home/locobot/Documents/kobuki/install/bin:${PATH} PYTHONPATH=/home/locobot/Documents/kobuki/install/lib/python3.8/site-packages /usr/bin/cmake --build /home/locobot/Documents/kobuki/build/ecl_devices -- -j4 -l4
[4.600s] [35m[1mScanning dependencies of target ecl_devices[0m
[4.692s] [  6%] [32mBuilding CXX object src/lib/CMakeFiles/ecl_devices.dir/detail/character_buffer.cpp.o[0m
[4.831s] [ 12%] [32mBuilding CXX object src/lib/CMakeFiles/ecl_devices.dir/detail/socket_exception_handler_pos.cpp.o[0m
[5.867s] [ 18%] [32mBuilding CXX object src/lib/CMakeFiles/ecl_devices.dir/console.cpp.o[0m
[6.448s] [ 25%] [32mBuilding CXX object src/lib/CMakeFiles/ecl_devices.dir/ofile_pos.cpp.o[0m
[7.303s] [ 31%] [32mBuilding CXX object src/lib/CMakeFiles/ecl_devices.dir/ofile_w32.cpp.o[0m
[7.384s] [ 37%] [32mBuilding CXX object src/lib/CMakeFiles/ecl_devices.dir/serial_pos.cpp.o[0m
[7.961s] [ 43%] [32mBuilding CXX object src/lib/CMakeFiles/ecl_devices.dir/serial_w32.cpp.o[0m
[8.059s] [ 50%] [32mBuilding CXX object src/lib/CMakeFiles/ecl_devices.dir/shared_file.cpp.o[0m
[9.059s] [ 56%] [32mBuilding CXX object src/lib/CMakeFiles/ecl_devices.dir/socket_client_pos.cpp.o[0m
[9.858s] [ 62%] [32mBuilding CXX object src/lib/CMakeFiles/ecl_devices.dir/socket_server_pos.cpp.o[0m
[10.221s] [ 68%] [32mBuilding CXX object src/lib/CMakeFiles/ecl_devices.dir/string.cpp.o[0m
[10.600s] [ 75%] [32mBuilding CXX object src/lib/CMakeFiles/ecl_devices.dir/detail/exception_handler_pos.cpp.o[0m
[11.036s] [ 81%] [32mBuilding CXX object src/lib/CMakeFiles/ecl_devices.dir/detail/error_handler.cpp.o[0m
[11.297s] [ 87%] [32m[1mLinking CXX shared library libecl_devices.so[0m
[11.451s] [ 87%] Built target ecl_devices
[11.464s] [35m[1mScanning dependencies of target ecl_demo_serial_timeouts[0m
[11.503s] [ 93%] [32mBuilding CXX object src/examples/CMakeFiles/ecl_demo_serial_timeouts.dir/serial_timeouts.cpp.o[0m
[12.018s] [100%] [32m[1mLinking CXX executable demo_serial_timeouts[0m
[12.156s] [100%] Built target ecl_demo_serial_timeouts
[12.188s] Invoked command in '/home/locobot/Documents/kobuki/build/ecl_devices' returned '0': AMENT_PREFIX_PATH=/home/locobot/Documents/kobuki/install CMAKE_PREFIX_PATH=/home/locobot/Documents/kobuki/install LD_LIBRARY_PATH=/home/locobot/Documents/kobuki/install/lib PATH=/home/locobot/Documents/kobuki/install/bin:${PATH} PYTHONPATH=/home/locobot/Documents/kobuki/install/lib/python3.8/site-packages /usr/bin/cmake --build /home/locobot/Documents/kobuki/build/ecl_devices -- -j4 -l4
[12.189s] Invoking command in '/home/locobot/Documents/kobuki/build/ecl_devices': AMENT_PREFIX_PATH=/home/locobot/Documents/kobuki/install CMAKE_PREFIX_PATH=/home/locobot/Documents/kobuki/install LD_LIBRARY_PATH=/home/locobot/Documents/kobuki/install/lib PATH=/home/locobot/Documents/kobuki/install/bin:${PATH} PYTHONPATH=/home/locobot/Documents/kobuki/install/lib/python3.8/site-packages /usr/bin/cmake --install /home/locobot/Documents/kobuki/build/ecl_devices
[12.205s] -- Install configuration: ""
[12.206s] -- Installing: /home/locobot/Documents/kobuki/install/share/ecl_devices/environment/library_path.sh
[12.208s] -- Installing: /home/locobot/Documents/kobuki/install/share/ecl_devices/environment/library_path.dsv
[12.210s] -- Installing: /home/locobot/Documents/kobuki/install/share/ament_index/resource_index/package_run_dependencies/ecl_devices
[12.212s] -- Installing: /home/locobot/Documents/kobuki/install/share/ament_index/resource_index/parent_prefix_path/ecl_devices
[12.214s] -- Installing: /home/locobot/Documents/kobuki/install/share/ecl_devices/environment/ament_prefix_path.sh
[12.216s] -- Installing: /home/locobot/Documents/kobuki/install/share/ecl_devices/environment/ament_prefix_path.dsv
[12.218s] -- Installing: /home/locobot/Documents/kobuki/install/share/ecl_devices/environment/path.sh
[12.221s] -- Installing: /home/locobot/Documents/kobuki/install/share/ecl_devices/environment/path.dsv
[12.222s] -- Installing: /home/locobot/Documents/kobuki/install/share/ecl_devices/local_setup.bash
[12.224s] -- Installing: /home/locobot/Documents/kobuki/install/share/ecl_devices/local_setup.sh
[12.226s] -- Installing: /home/locobot/Documents/kobuki/install/share/ecl_devices/local_setup.zsh
[12.227s] -- Installing: /home/locobot/Documents/kobuki/install/share/ecl_devices/local_setup.dsv
[12.229s] -- Installing: /home/locobot/Documents/kobuki/install/share/ecl_devices/package.dsv
[12.231s] -- Installing: /home/locobot/Documents/kobuki/install/share/ament_index/resource_index/packages/ecl_devices
[12.232s] -- Installing: /home/locobot/Documents/kobuki/install/share/ecl_devices/cmake/ecl_devicesExport.cmake
[12.234s] -- Installing: /home/locobot/Documents/kobuki/install/share/ecl_devices/cmake/ecl_devicesExport-noconfig.cmake
[12.236s] -- Installing: /home/locobot/Documents/kobuki/install/share/ecl_devices/cmake/ament_cmake_export_targets-extras.cmake
[12.238s] -- Installing: /home/locobot/Documents/kobuki/install/share/ecl_devices/cmake/ament_cmake_export_include_directories-extras.cmake
[12.240s] -- Installing: /home/locobot/Documents/kobuki/install/share/ecl_devices/cmake/ament_cmake_export_libraries-extras.cmake
[12.242s] -- Installing: /home/locobot/Documents/kobuki/install/share/ecl_devices/cmake/ament_cmake_export_dependencies-extras.cmake
[12.244s] -- Installing: /home/locobot/Documents/kobuki/install/share/ecl_devices/cmake/ecl_devicesConfig.cmake
[12.246s] -- Installing: /home/locobot/Documents/kobuki/install/share/ecl_devices/cmake/ecl_devicesConfig-version.cmake
[12.248s] -- Installing: /home/locobot/Documents/kobuki/install/share/ecl_devices/package.xml
[12.250s] -- Installing: /home/locobot/Documents/kobuki/install/include/ecl/devices.hpp
[12.252s] -- Installing: /home/locobot/Documents/kobuki/install/include/ecl/devices/console.hpp
[12.254s] -- Installing: /home/locobot/Documents/kobuki/install/include/ecl/devices/macros.hpp
[12.255s] -- Installing: /home/locobot/Documents/kobuki/install/include/ecl/devices/modes.hpp
[12.257s] -- Installing: /home/locobot/Documents/kobuki/install/include/ecl/devices/ofile.hpp
[12.259s] -- Installing: /home/locobot/Documents/kobuki/install/include/ecl/devices/ofile_pos.hpp
[12.260s] -- Installing: /home/locobot/Documents/kobuki/install/include/ecl/devices/ofile_w32.hpp
[12.262s] -- Installing: /home/locobot/Documents/kobuki/install/include/ecl/devices/serial.hpp
[12.264s] -- Installing: /home/locobot/Documents/kobuki/install/include/ecl/devices/serial_parameters.hpp
[12.265s] -- Installing: /home/locobot/Documents/kobuki/install/include/ecl/devices/serial_pos.hpp
[12.267s] -- Installing: /home/locobot/Documents/kobuki/install/include/ecl/devices/serial_w32.hpp
[12.269s] -- Installing: /home/locobot/Documents/kobuki/install/include/ecl/devices/shared_file.hpp
[12.271s] -- Installing: /home/locobot/Documents/kobuki/install/include/ecl/devices/socket.hpp
[12.272s] -- Installing: /home/locobot/Documents/kobuki/install/include/ecl/devices/socket_client_pos.hpp
[12.274s] -- Installing: /home/locobot/Documents/kobuki/install/include/ecl/devices/socket_connection_status.hpp
[12.276s] -- Installing: /home/locobot/Documents/kobuki/install/include/ecl/devices/socket_server_pos.hpp
[12.278s] -- Installing: /home/locobot/Documents/kobuki/install/include/ecl/devices/string.hpp
[12.280s] -- Installing: /home/locobot/Documents/kobuki/install/include/ecl/devices/traits.hpp
[12.282s] -- Installing: /home/locobot/Documents/kobuki/install/include/ecl/devices/detail/character_buffer.hpp
[12.283s] -- Installing: /home/locobot/Documents/kobuki/install/include/ecl/devices/detail/error_handler.hpp
[12.285s] -- Installing: /home/locobot/Documents/kobuki/install/include/ecl/devices/detail/exception_handler_pos.hpp
[12.287s] -- Installing: /home/locobot/Documents/kobuki/install/include/ecl/devices/detail/socket_error_handler_pos.hpp
[12.289s] -- Installing: /home/locobot/Documents/kobuki/install/include/ecl/devices/detail/socket_exception_handler_pos.hpp
[12.292s] -- Installing: /home/locobot/Documents/kobuki/install/lib/libecl_devices.so.1.2.1
[12.299s] -- Set runtime path of "/home/locobot/Documents/kobuki/install/lib/libecl_devices.so.1.2.1" to ""
[12.300s] -- Installing: /home/locobot/Documents/kobuki/install/lib/libecl_devices.so
[12.302s] -- Installing: /home/locobot/Documents/kobuki/install/lib/ecl_devices/demo_serial_timeouts
[12.306s] -- Set runtime path of "/home/locobot/Documents/kobuki/install/lib/ecl_devices/demo_serial_timeouts" to ""
[12.319s] Invoked command in '/home/locobot/Documents/kobuki/build/ecl_devices' returned '0': AMENT_PREFIX_PATH=/home/locobot/Documents/kobuki/install CMAKE_PREFIX_PATH=/home/locobot/Documents/kobuki/install LD_LIBRARY_PATH=/home/locobot/Documents/kobuki/install/lib PATH=/home/locobot/Documents/kobuki/install/bin:${PATH} PYTHONPATH=/home/locobot/Documents/kobuki/install/lib/python3.8/site-packages /usr/bin/cmake --install /home/locobot/Documents/kobuki/build/ecl_devices
