[0.546s] Invoking command in '/home/locobot/Documents/kobuki/build/ecl_command_line': AMENT_PREFIX_PATH=/home/locobot/Documents/kobuki/install CMAKE_PREFIX_PATH=/home/locobot/Documents/kobuki/install LD_LIBRARY_PATH=/home/locobot/Documents/kobuki/install/lib PATH=/home/locobot/Documents/kobuki/install/bin:${PATH} PYTHONPATH=/home/locobot/Documents/kobuki/install/lib/python3.8/site-packages /usr/bin/cmake /home/locobot/Documents/kobuki/src/ecl_core/ecl_command_line -DBUILD_TESTING=OFF -DCMAKE_INSTALL_PREFIX=/home/locobot/Documents/kobuki/install
[0.702s] -- The C compiler identification is GNU 9.4.0
[0.939s] -- The CXX compiler identification is GNU 9.4.0
[0.947s] -- Check for working C compiler: /usr/bin/cc
[1.243s] -- Check for working C compiler: /usr/bin/cc -- works
[1.244s] -- Detecting C compiler ABI info
[1.548s] -- Detecting C compiler ABI info - done
[1.574s] -- Detecting C compile features
[1.575s] -- Detecting C compile features - done
[1.581s] -- Check for working CXX compiler: /usr/bin/c++
[1.830s] -- Check for working CXX compiler: /usr/bin/c++ -- works
[1.837s] -- Detecting CXX compiler ABI info
[2.066s] -- Detecting CXX compiler ABI info - done
[2.126s] -- Detecting CXX compile features
[2.126s] -- Detecting CXX compile features - done
[2.133s] -- Found ament_cmake_ros: 0.9.2 (/home/locobot/Documents/kobuki/install/share/ament_cmake_ros/cmake)
[2.202s] -- Found PythonInterp: /usr/bin/python3 (found suitable version "3.8.10", minimum required is "3") 
[2.202s] -- Using PYTHON_EXECUTABLE: /usr/bin/python3
[2.775s] -- Found ecl_build: 1.0.3 (/home/locobot/Documents/kobuki/install/share/ecl_build/cmake)
[2.920s] -- Configuring done
[2.938s] -- Generating done
[2.942s] -- Build files have been written to: /home/locobot/Documents/kobuki/build/ecl_command_line
[2.960s] Invoked command in '/home/locobot/Documents/kobuki/build/ecl_command_line' returned '0': AMENT_PREFIX_PATH=/home/locobot/Documents/kobuki/install CMAKE_PREFIX_PATH=/home/locobot/Documents/kobuki/install LD_LIBRARY_PATH=/home/locobot/Documents/kobuki/install/lib PATH=/home/locobot/Documents/kobuki/install/bin:${PATH} PYTHONPATH=/home/locobot/Documents/kobuki/install/lib/python3.8/site-packages /usr/bin/cmake /home/locobot/Documents/kobuki/src/ecl_core/ecl_command_line -DBUILD_TESTING=OFF -DCMAKE_INSTALL_PREFIX=/home/locobot/Documents/kobuki/install
[2.961s] Invoking command in '/home/locobot/Documents/kobuki/build/ecl_command_line': AMENT_PREFIX_PATH=/home/locobot/Documents/kobuki/install CMAKE_PREFIX_PATH=/home/locobot/Documents/kobuki/install LD_LIBRARY_PATH=/home/locobot/Documents/kobuki/install/lib PATH=/home/locobot/Documents/kobuki/install/bin:${PATH} PYTHONPATH=/home/locobot/Documents/kobuki/install/lib/python3.8/site-packages /usr/bin/cmake --build /home/locobot/Documents/kobuki/build/ecl_command_line -- -j4 -l4
[3.073s] [35m[1mScanning dependencies of target ecl_demo_command_line[0m
[3.132s] [ 50%] [32mBuilding CXX object src/examples/CMakeFiles/ecl_demo_command_line.dir/command_line.cpp.o[0m
[5.545s] [100%] [32m[1mLinking CXX executable demo_command_line[0m
[5.858s] [100%] Built target ecl_demo_command_line
[5.910s] Invoked command in '/home/locobot/Documents/kobuki/build/ecl_command_line' returned '0': AMENT_PREFIX_PATH=/home/locobot/Documents/kobuki/install CMAKE_PREFIX_PATH=/home/locobot/Documents/kobuki/install LD_LIBRARY_PATH=/home/locobot/Documents/kobuki/install/lib PATH=/home/locobot/Documents/kobuki/install/bin:${PATH} PYTHONPATH=/home/locobot/Documents/kobuki/install/lib/python3.8/site-packages /usr/bin/cmake --build /home/locobot/Documents/kobuki/build/ecl_command_line -- -j4 -l4
[5.911s] Invoking command in '/home/locobot/Documents/kobuki/build/ecl_command_line': AMENT_PREFIX_PATH=/home/locobot/Documents/kobuki/install CMAKE_PREFIX_PATH=/home/locobot/Documents/kobuki/install LD_LIBRARY_PATH=/home/locobot/Documents/kobuki/install/lib PATH=/home/locobot/Documents/kobuki/install/bin:${PATH} PYTHONPATH=/home/locobot/Documents/kobuki/install/lib/python3.8/site-packages /usr/bin/cmake --install /home/locobot/Documents/kobuki/build/ecl_command_line
[5.929s] -- Install configuration: ""
[5.929s] -- Installing: /home/locobot/Documents/kobuki/install/share/ament_index/resource_index/package_run_dependencies/ecl_command_line
[5.929s] -- Installing: /home/locobot/Documents/kobuki/install/share/ament_index/resource_index/parent_prefix_path/ecl_command_line
[5.929s] -- Installing: /home/locobot/Documents/kobuki/install/share/ecl_command_line/environment/ament_prefix_path.sh
[5.929s] -- Installing: /home/locobot/Documents/kobuki/install/share/ecl_command_line/environment/ament_prefix_path.dsv
[5.937s] -- Installing: /home/locobot/Documents/kobuki/install/share/ecl_command_line/environment/path.sh
[5.938s] -- Installing: /home/locobot/Documents/kobuki/install/share/ecl_command_line/environment/path.dsv
[5.938s] -- Installing: /home/locobot/Documents/kobuki/install/share/ecl_command_line/local_setup.bash
[5.938s] -- Installing: /home/locobot/Documents/kobuki/install/share/ecl_command_line/local_setup.sh
[5.946s] -- Installing: /home/locobot/Documents/kobuki/install/share/ecl_command_line/local_setup.zsh
[5.946s] -- Installing: /home/locobot/Documents/kobuki/install/share/ecl_command_line/local_setup.dsv
[5.946s] -- Installing: /home/locobot/Documents/kobuki/install/share/ecl_command_line/package.dsv
[5.946s] -- Installing: /home/locobot/Documents/kobuki/install/share/ament_index/resource_index/packages/ecl_command_line
[5.946s] -- Installing: /home/locobot/Documents/kobuki/install/share/ecl_command_line/cmake/ecl_command_lineExport.cmake
[5.946s] -- Installing: /home/locobot/Documents/kobuki/install/share/ecl_command_line/cmake/ament_cmake_export_targets-extras.cmake
[5.947s] -- Installing: /home/locobot/Documents/kobuki/install/share/ecl_command_line/cmake/ament_cmake_export_include_directories-extras.cmake
[5.947s] -- Installing: /home/locobot/Documents/kobuki/install/share/ecl_command_line/cmake/ecl_command_lineConfig.cmake
[5.947s] -- Installing: /home/locobot/Documents/kobuki/install/share/ecl_command_line/cmake/ecl_command_lineConfig-version.cmake
[5.947s] -- Installing: /home/locobot/Documents/kobuki/install/share/ecl_command_line/package.xml
[5.947s] -- Installing: /home/locobot/Documents/kobuki/install/include/ecl/command_line.hpp
[5.947s] -- Installing: /home/locobot/Documents/kobuki/install/include/ecl/command_line/arg.hpp
[5.947s] -- Installing: /home/locobot/Documents/kobuki/install/include/ecl/command_line/arg_exception.hpp
[5.947s] -- Installing: /home/locobot/Documents/kobuki/install/include/ecl/command_line/cmd_line.hpp
[5.947s] -- Installing: /home/locobot/Documents/kobuki/install/include/ecl/command_line/cmd_line_interface.hpp
[5.948s] -- Installing: /home/locobot/Documents/kobuki/install/include/ecl/command_line/cmd_line_output.hpp
[5.948s] -- Installing: /home/locobot/Documents/kobuki/install/include/ecl/command_line/constraint.hpp
[5.948s] -- Installing: /home/locobot/Documents/kobuki/install/include/ecl/command_line/docbook_output.hpp
[5.948s] -- Installing: /home/locobot/Documents/kobuki/install/include/ecl/command_line/help_visitor.hpp
[5.948s] -- Installing: /home/locobot/Documents/kobuki/install/include/ecl/command_line/ignore_rest_visitor.hpp
[5.948s] -- Installing: /home/locobot/Documents/kobuki/install/include/ecl/command_line/multi_arg.hpp
[5.948s] -- Installing: /home/locobot/Documents/kobuki/install/include/ecl/command_line/multi_switch_arg.hpp
[5.948s] -- Installing: /home/locobot/Documents/kobuki/install/include/ecl/command_line/optional_unlabeled_tracker.hpp
[5.948s] -- Installing: /home/locobot/Documents/kobuki/install/include/ecl/command_line/std_output.hpp
[5.948s] -- Installing: /home/locobot/Documents/kobuki/install/include/ecl/command_line/switch_arg.hpp
[5.949s] -- Installing: /home/locobot/Documents/kobuki/install/include/ecl/command_line/unlabeled_multi_arg.hpp
[5.949s] -- Installing: /home/locobot/Documents/kobuki/install/include/ecl/command_line/unlabeled_value_arg.hpp
[5.949s] -- Installing: /home/locobot/Documents/kobuki/install/include/ecl/command_line/value_arg.hpp
[5.949s] -- Installing: /home/locobot/Documents/kobuki/install/include/ecl/command_line/values_constraint.hpp
[5.949s] -- Installing: /home/locobot/Documents/kobuki/install/include/ecl/command_line/version_visitor.hpp
[5.949s] -- Installing: /home/locobot/Documents/kobuki/install/include/ecl/command_line/visitor.hpp
[5.949s] -- Installing: /home/locobot/Documents/kobuki/install/include/ecl/command_line/xor_handler.hpp
[5.949s] -- Installing: /home/locobot/Documents/kobuki/install/lib/ecl_command_line/demo_command_line
[5.965s] Invoked command in '/home/locobot/Documents/kobuki/build/ecl_command_line' returned '0': AMENT_PREFIX_PATH=/home/locobot/Documents/kobuki/install CMAKE_PREFIX_PATH=/home/locobot/Documents/kobuki/install LD_LIBRARY_PATH=/home/locobot/Documents/kobuki/install/lib PATH=/home/locobot/Documents/kobuki/install/bin:${PATH} PYTHONPATH=/home/locobot/Documents/kobuki/install/lib/python3.8/site-packages /usr/bin/cmake --install /home/locobot/Documents/kobuki/build/ecl_command_line
