[0.611s] Invoking command in '/home/locobot/Documents/kobuki/build/ecl_time_lite': AMENT_PREFIX_PATH=/home/locobot/Documents/kobuki/install CMAKE_PREFIX_PATH=/home/locobot/Documents/kobuki/install LD_LIBRARY_PATH=/home/locobot/Documents/kobuki/install/lib PATH=/home/locobot/Documents/kobuki/install/bin:${PATH} PYTHONPATH=/home/locobot/Documents/kobuki/install/lib/python3.8/site-packages /usr/bin/cmake /home/locobot/Documents/kobuki/src/ecl_lite/ecl_time_lite -DBUILD_TESTING=OFF --no-warn-unused-cli -DCMAKE_INSTALL_PREFIX=/home/locobot/Documents/kobuki/install
[0.646s] Not searching for unused variables given on the command line.
[0.679s] -- Found ament_cmake_ros: 0.9.2 (/home/locobot/Documents/kobuki/install/share/ament_cmake_ros/cmake)
[0.709s] -- Using PYTHON_EXECUTABLE: /usr/bin/python3
[1.022s] -- Found ecl_build: 1.0.3 (/home/locobot/Documents/kobuki/install/share/ecl_build/cmake)
[1.037s] -- Found ecl_config: 1.1.0 (/home/locobot/Documents/kobuki/install/share/ecl_config/cmake)
[1.041s] -- Found ecl_errors: 1.1.0 (/home/locobot/Documents/kobuki/install/share/ecl_errors/cmake)
[1.235s] -- Configuring done
[1.244s] -- Generating done
[1.268s] -- Build files have been written to: /home/locobot/Documents/kobuki/build/ecl_time_lite
[1.269s] Invoked command in '/home/locobot/Documents/kobuki/build/ecl_time_lite' returned '0': AMENT_PREFIX_PATH=/home/locobot/Documents/kobuki/install CMAKE_PREFIX_PATH=/home/locobot/Documents/kobuki/install LD_LIBRARY_PATH=/home/locobot/Documents/kobuki/install/lib PATH=/home/locobot/Documents/kobuki/install/bin:${PATH} PYTHONPATH=/home/locobot/Documents/kobuki/install/lib/python3.8/site-packages /usr/bin/cmake /home/locobot/Documents/kobuki/src/ecl_lite/ecl_time_lite -DBUILD_TESTING=OFF --no-warn-unused-cli -DCMAKE_INSTALL_PREFIX=/home/locobot/Documents/kobuki/install
[1.270s] Invoking command in '/home/locobot/Documents/kobuki/build/ecl_time_lite': AMENT_PREFIX_PATH=/home/locobot/Documents/kobuki/install CMAKE_PREFIX_PATH=/home/locobot/Documents/kobuki/install LD_LIBRARY_PATH=/home/locobot/Documents/kobuki/install/lib PATH=/home/locobot/Documents/kobuki/install/bin:${PATH} PYTHONPATH=/home/locobot/Documents/kobuki/install/lib/python3.8/site-packages /usr/bin/cmake --build /home/locobot/Documents/kobuki/build/ecl_time_lite -- -j4 -l4
[1.382s] [ 77%] Built target ecl_time_lite
[1.443s] [100%] Built target demo_time_functions
[1.481s] Invoked command in '/home/locobot/Documents/kobuki/build/ecl_time_lite' returned '0': AMENT_PREFIX_PATH=/home/locobot/Documents/kobuki/install CMAKE_PREFIX_PATH=/home/locobot/Documents/kobuki/install LD_LIBRARY_PATH=/home/locobot/Documents/kobuki/install/lib PATH=/home/locobot/Documents/kobuki/install/bin:${PATH} PYTHONPATH=/home/locobot/Documents/kobuki/install/lib/python3.8/site-packages /usr/bin/cmake --build /home/locobot/Documents/kobuki/build/ecl_time_lite -- -j4 -l4
[1.482s] Invoking command in '/home/locobot/Documents/kobuki/build/ecl_time_lite': AMENT_PREFIX_PATH=/home/locobot/Documents/kobuki/install CMAKE_PREFIX_PATH=/home/locobot/Documents/kobuki/install LD_LIBRARY_PATH=/home/locobot/Documents/kobuki/install/lib PATH=/home/locobot/Documents/kobuki/install/bin:${PATH} PYTHONPATH=/home/locobot/Documents/kobuki/install/lib/python3.8/site-packages /usr/bin/cmake --install /home/locobot/Documents/kobuki/build/ecl_time_lite
[1.496s] -- Install configuration: ""
[1.496s] -- Up-to-date: /home/locobot/Documents/kobuki/install/share/ecl_time_lite/environment/library_path.sh
[1.496s] -- Installing: /home/locobot/Documents/kobuki/install/share/ecl_time_lite/environment/library_path.dsv
[1.496s] -- Up-to-date: /home/locobot/Documents/kobuki/install/share/ament_index/resource_index/package_run_dependencies/ecl_time_lite
[1.497s] -- Up-to-date: /home/locobot/Documents/kobuki/install/share/ament_index/resource_index/parent_prefix_path/ecl_time_lite
[1.497s] -- Up-to-date: /home/locobot/Documents/kobuki/install/share/ecl_time_lite/environment/ament_prefix_path.sh
[1.497s] -- Installing: /home/locobot/Documents/kobuki/install/share/ecl_time_lite/environment/ament_prefix_path.dsv
[1.498s] -- Up-to-date: /home/locobot/Documents/kobuki/install/share/ecl_time_lite/environment/path.sh
[1.498s] -- Installing: /home/locobot/Documents/kobuki/install/share/ecl_time_lite/environment/path.dsv
[1.498s] -- Up-to-date: /home/locobot/Documents/kobuki/install/share/ecl_time_lite/local_setup.bash
[1.499s] -- Up-to-date: /home/locobot/Documents/kobuki/install/share/ecl_time_lite/local_setup.sh
[1.499s] -- Up-to-date: /home/locobot/Documents/kobuki/install/share/ecl_time_lite/local_setup.zsh
[1.499s] -- Installing: /home/locobot/Documents/kobuki/install/share/ecl_time_lite/local_setup.dsv
[1.499s] -- Installing: /home/locobot/Documents/kobuki/install/share/ecl_time_lite/package.dsv
[1.500s] -- Up-to-date: /home/locobot/Documents/kobuki/install/share/ament_index/resource_index/packages/ecl_time_lite
[1.500s] -- Up-to-date: /home/locobot/Documents/kobuki/install/share/ecl_time_lite/cmake/ecl_time_liteExport.cmake
[1.501s] -- Installing: /home/locobot/Documents/kobuki/install/share/ecl_time_lite/cmake/ecl_time_liteExport-noconfig.cmake
[1.501s] -- Up-to-date: /home/locobot/Documents/kobuki/install/share/ecl_time_lite/cmake/ament_cmake_export_targets-extras.cmake
[1.501s] -- Up-to-date: /home/locobot/Documents/kobuki/install/share/ecl_time_lite/cmake/ament_cmake_export_include_directories-extras.cmake
[1.501s] -- Up-to-date: /home/locobot/Documents/kobuki/install/share/ecl_time_lite/cmake/ament_cmake_export_libraries-extras.cmake
[1.502s] -- Up-to-date: /home/locobot/Documents/kobuki/install/share/ecl_time_lite/cmake/ament_cmake_export_dependencies-extras.cmake
[1.502s] -- Up-to-date: /home/locobot/Documents/kobuki/install/share/ecl_time_lite/cmake/ecl_time_liteConfig.cmake
[1.502s] -- Up-to-date: /home/locobot/Documents/kobuki/install/share/ecl_time_lite/cmake/ecl_time_liteConfig-version.cmake
[1.502s] -- Up-to-date: /home/locobot/Documents/kobuki/install/share/ecl_time_lite/package.xml
[1.503s] -- Up-to-date: /home/locobot/Documents/kobuki/install/include/ecl/time_lite.hpp
[1.504s] -- Up-to-date: /home/locobot/Documents/kobuki/install/include/ecl/time_lite/cpu_time.hpp
[1.504s] -- Up-to-date: /home/locobot/Documents/kobuki/install/include/ecl/time_lite/date.hpp
[1.504s] -- Up-to-date: /home/locobot/Documents/kobuki/install/include/ecl/time_lite/errors.hpp
[1.504s] -- Up-to-date: /home/locobot/Documents/kobuki/install/include/ecl/time_lite/functions.hpp
[1.504s] -- Up-to-date: /home/locobot/Documents/kobuki/install/include/ecl/time_lite/functions_mac.hpp
[1.505s] -- Up-to-date: /home/locobot/Documents/kobuki/install/include/ecl/time_lite/functions_pos.hpp
[1.505s] -- Up-to-date: /home/locobot/Documents/kobuki/install/include/ecl/time_lite/functions_rt.hpp
[1.505s] -- Up-to-date: /home/locobot/Documents/kobuki/install/include/ecl/time_lite/functions_win.hpp
[1.505s] -- Up-to-date: /home/locobot/Documents/kobuki/install/include/ecl/time_lite/macros.hpp
[1.506s] -- Up-to-date: /home/locobot/Documents/kobuki/install/include/ecl/time_lite/types.hpp
[1.506s] -- Up-to-date: /home/locobot/Documents/kobuki/install/include/ecl/time_lite/types_pos.hpp
[1.506s] -- Up-to-date: /home/locobot/Documents/kobuki/install/include/ecl/time_lite/types_win.hpp
[1.506s] -- Up-to-date: /home/locobot/Documents/kobuki/install/include/ecl/time_lite/config.hpp
[1.507s] -- Up-to-date: /home/locobot/Documents/kobuki/install/lib/libecl_time_lite.so.1.1.0
[1.508s] -- Up-to-date: /home/locobot/Documents/kobuki/install/lib/libecl_time_lite.so
[1.509s] -- Up-to-date: /home/locobot/Documents/kobuki/install/lib/ecl_time_lite/demo_time_functions
[1.513s] Invoked command in '/home/locobot/Documents/kobuki/build/ecl_time_lite' returned '0': AMENT_PREFIX_PATH=/home/locobot/Documents/kobuki/install CMAKE_PREFIX_PATH=/home/locobot/Documents/kobuki/install LD_LIBRARY_PATH=/home/locobot/Documents/kobuki/install/lib PATH=/home/locobot/Documents/kobuki/install/bin:${PATH} PYTHONPATH=/home/locobot/Documents/kobuki/install/lib/python3.8/site-packages /usr/bin/cmake --install /home/locobot/Documents/kobuki/build/ecl_time_lite
