[0.663s] Invoking command in '/home/locobot/Documents/kobuki/build/ecl_mpl': AMENT_PREFIX_PATH=/home/locobot/Documents/kobuki/install CMAKE_PREFIX_PATH=/home/locobot/Documents/kobuki/install LD_LIBRARY_PATH=/home/locobot/Documents/kobuki/install/lib PATH=/home/locobot/Documents/kobuki/install/bin:${PATH} PYTHONPATH=/home/locobot/Documents/kobuki/install/lib/python3.8/site-packages /usr/bin/cmake /home/locobot/Documents/kobuki/src/ecl_core/ecl_mpl -DBUILD_TESTING=OFF -DCMAKE_INSTALL_PREFIX=/home/locobot/Documents/kobuki/install
[0.791s] -- The C compiler identification is GNU 9.4.0
[0.945s] -- The CXX compiler identification is GNU 9.4.0
[0.947s] -- Check for working C compiler: /usr/bin/cc
[1.194s] -- Check for working C compiler: /usr/bin/cc -- works
[1.197s] -- Detecting C compiler ABI info
[1.437s] -- Detecting C compiler ABI info - done
[1.474s] -- Detecting C compile features
[1.475s] -- Detecting C compile features - done
[1.479s] -- Check for working CXX compiler: /usr/bin/c++
[1.741s] -- Check for working CXX compiler: /usr/bin/c++ -- works
[1.742s] -- Detecting CXX compiler ABI info
[1.994s] -- Detecting CXX compiler ABI info - done
[2.015s] -- Detecting CXX compile features
[2.017s] -- Detecting CXX compile features - done
[2.019s] -- Found ament_cmake_ros: 0.9.2 (/home/locobot/Documents/kobuki/install/share/ament_cmake_ros/cmake)
[2.071s] -- Found PythonInterp: /usr/bin/python3 (found suitable version "3.8.10", minimum required is "3") 
[2.071s] -- Using PYTHON_EXECUTABLE: /usr/bin/python3
[2.639s] -- Found ecl_build: 1.0.3 (/home/locobot/Documents/kobuki/install/share/ecl_build/cmake)
[3.053s] -- Configuring done
[3.072s] -- Generating done
[3.075s] -- Build files have been written to: /home/locobot/Documents/kobuki/build/ecl_mpl
[3.106s] Invoked command in '/home/locobot/Documents/kobuki/build/ecl_mpl' returned '0': AMENT_PREFIX_PATH=/home/locobot/Documents/kobuki/install CMAKE_PREFIX_PATH=/home/locobot/Documents/kobuki/install LD_LIBRARY_PATH=/home/locobot/Documents/kobuki/install/lib PATH=/home/locobot/Documents/kobuki/install/bin:${PATH} PYTHONPATH=/home/locobot/Documents/kobuki/install/lib/python3.8/site-packages /usr/bin/cmake /home/locobot/Documents/kobuki/src/ecl_core/ecl_mpl -DBUILD_TESTING=OFF -DCMAKE_INSTALL_PREFIX=/home/locobot/Documents/kobuki/install
[3.107s] Invoking command in '/home/locobot/Documents/kobuki/build/ecl_mpl': AMENT_PREFIX_PATH=/home/locobot/Documents/kobuki/install CMAKE_PREFIX_PATH=/home/locobot/Documents/kobuki/install LD_LIBRARY_PATH=/home/locobot/Documents/kobuki/install/lib PATH=/home/locobot/Documents/kobuki/install/bin:${PATH} PYTHONPATH=/home/locobot/Documents/kobuki/install/lib/python3.8/site-packages /usr/bin/cmake --build /home/locobot/Documents/kobuki/build/ecl_mpl -- -j4 -l4
[3.208s] Invoked command in '/home/locobot/Documents/kobuki/build/ecl_mpl' returned '0': AMENT_PREFIX_PATH=/home/locobot/Documents/kobuki/install CMAKE_PREFIX_PATH=/home/locobot/Documents/kobuki/install LD_LIBRARY_PATH=/home/locobot/Documents/kobuki/install/lib PATH=/home/locobot/Documents/kobuki/install/bin:${PATH} PYTHONPATH=/home/locobot/Documents/kobuki/install/lib/python3.8/site-packages /usr/bin/cmake --build /home/locobot/Documents/kobuki/build/ecl_mpl -- -j4 -l4
[3.214s] Invoking command in '/home/locobot/Documents/kobuki/build/ecl_mpl': AMENT_PREFIX_PATH=/home/locobot/Documents/kobuki/install CMAKE_PREFIX_PATH=/home/locobot/Documents/kobuki/install LD_LIBRARY_PATH=/home/locobot/Documents/kobuki/install/lib PATH=/home/locobot/Documents/kobuki/install/bin:${PATH} PYTHONPATH=/home/locobot/Documents/kobuki/install/lib/python3.8/site-packages /usr/bin/cmake --install /home/locobot/Documents/kobuki/build/ecl_mpl
[3.250s] -- Install configuration: ""
[3.250s] -- Installing: /home/locobot/Documents/kobuki/install/share/ament_index/resource_index/package_run_dependencies/ecl_mpl
[3.250s] -- Installing: /home/locobot/Documents/kobuki/install/share/ament_index/resource_index/parent_prefix_path/ecl_mpl
[3.261s] -- Installing: /home/locobot/Documents/kobuki/install/share/ecl_mpl/environment/ament_prefix_path.sh
[3.269s] -- Installing: /home/locobot/Documents/kobuki/install/share/ecl_mpl/environment/ament_prefix_path.dsv
[3.270s] -- Installing: /home/locobot/Documents/kobuki/install/share/ecl_mpl/environment/path.sh
[3.270s] -- Installing: /home/locobot/Documents/kobuki/install/share/ecl_mpl/environment/path.dsv
[3.271s] -- Installing: /home/locobot/Documents/kobuki/install/share/ecl_mpl/local_setup.bash
[3.271s] -- Installing: /home/locobot/Documents/kobuki/install/share/ecl_mpl/local_setup.sh
[3.271s] -- Installing: /home/locobot/Documents/kobuki/install/share/ecl_mpl/local_setup.zsh
[3.271s] -- Installing: /home/locobot/Documents/kobuki/install/share/ecl_mpl/local_setup.dsv
[3.272s] -- Installing: /home/locobot/Documents/kobuki/install/share/ecl_mpl/package.dsv
[3.272s] -- Installing: /home/locobot/Documents/kobuki/install/share/ament_index/resource_index/packages/ecl_mpl
[3.272s] -- Installing: /home/locobot/Documents/kobuki/install/share/ecl_mpl/cmake/ecl_mplExport.cmake
[3.272s] -- Installing: /home/locobot/Documents/kobuki/install/share/ecl_mpl/cmake/ament_cmake_export_targets-extras.cmake
[3.273s] -- Installing: /home/locobot/Documents/kobuki/install/share/ecl_mpl/cmake/ament_cmake_export_include_directories-extras.cmake
[3.273s] -- Installing: /home/locobot/Documents/kobuki/install/share/ecl_mpl/cmake/ecl_mplConfig.cmake
[3.274s] -- Installing: /home/locobot/Documents/kobuki/install/share/ecl_mpl/cmake/ecl_mplConfig-version.cmake
[3.274s] -- Installing: /home/locobot/Documents/kobuki/install/share/ecl_mpl/package.xml
[3.274s] -- Installing: /home/locobot/Documents/kobuki/install/include/ecl/mpl.hpp
[3.274s] -- Installing: /home/locobot/Documents/kobuki/install/include/ecl/mpl/bool.hpp
[3.274s] -- Installing: /home/locobot/Documents/kobuki/install/include/ecl/mpl/converters.hpp
[3.274s] -- Installing: /home/locobot/Documents/kobuki/install/include/ecl/mpl/enable_if.hpp
[3.275s] -- Installing: /home/locobot/Documents/kobuki/install/include/ecl/mpl/failed_object.hpp
[3.275s] -- Installing: /home/locobot/Documents/kobuki/install/include/ecl/mpl/if.hpp
[3.809s] Invoked command in '/home/locobot/Documents/kobuki/build/ecl_mpl' returned '0': AMENT_PREFIX_PATH=/home/locobot/Documents/kobuki/install CMAKE_PREFIX_PATH=/home/locobot/Documents/kobuki/install LD_LIBRARY_PATH=/home/locobot/Documents/kobuki/install/lib PATH=/home/locobot/Documents/kobuki/install/bin:${PATH} PYTHONPATH=/home/locobot/Documents/kobuki/install/lib/python3.8/site-packages /usr/bin/cmake --install /home/locobot/Documents/kobuki/build/ecl_mpl
