[0.217s] Invoking command in '/home/locobot/Documents/kobuki/build/ecl_tools': AMENT_PREFIX_PATH=/home/locobot/Documents/kobuki/install CMAKE_PREFIX_PATH=/home/locobot/Documents/kobuki/install LD_LIBRARY_PATH=/home/locobot/Documents/kobuki/install/lib PATH=/home/locobot/Documents/kobuki/install/bin:${PATH} PYTHONPATH=/home/locobot/Documents/kobuki/install/lib/python3.8/site-packages /usr/bin/cmake /home/locobot/Documents/kobuki/src/ecl_tools/ecl_tools -DBUILD_TESTING=OFF -DCMAKE_INSTALL_PREFIX=/home/locobot/Documents/kobuki/install
[0.420s] -- The C compiler identification is GNU 9.4.0
[0.567s] -- The CXX compiler identification is GNU 9.4.0
[0.569s] -- Check for working C compiler: /usr/bin/cc
[0.691s] -- Check for working C compiler: /usr/bin/cc -- works
[0.691s] -- Detecting C compiler ABI info
[0.803s] -- Detecting C compiler ABI info - done
[0.829s] -- Detecting C compile features
[0.830s] -- Detecting C compile features - done
[0.836s] -- Check for working CXX compiler: /usr/bin/c++
[0.967s] -- Check for working CXX compiler: /usr/bin/c++ -- works
[0.969s] -- Detecting CXX compiler ABI info
[1.097s] -- Detecting CXX compiler ABI info - done
[1.120s] -- Detecting CXX compile features
[1.121s] -- Detecting CXX compile features - done
[1.124s] -- Found ament_cmake: 0.9.12 (/home/locobot/Documents/kobuki/install/share/ament_cmake/cmake)
[1.157s] -- Found PythonInterp: /usr/bin/python3 (found suitable version "3.8.10", minimum required is "3") 
[1.160s] -- Using PYTHON_EXECUTABLE: /usr/bin/python3
[1.514s] -- Configuring done
[1.520s] -- Generating done
[1.526s] -- Build files have been written to: /home/locobot/Documents/kobuki/build/ecl_tools
[1.535s] Invoked command in '/home/locobot/Documents/kobuki/build/ecl_tools' returned '0': AMENT_PREFIX_PATH=/home/locobot/Documents/kobuki/install CMAKE_PREFIX_PATH=/home/locobot/Documents/kobuki/install LD_LIBRARY_PATH=/home/locobot/Documents/kobuki/install/lib PATH=/home/locobot/Documents/kobuki/install/bin:${PATH} PYTHONPATH=/home/locobot/Documents/kobuki/install/lib/python3.8/site-packages /usr/bin/cmake /home/locobot/Documents/kobuki/src/ecl_tools/ecl_tools -DBUILD_TESTING=OFF -DCMAKE_INSTALL_PREFIX=/home/locobot/Documents/kobuki/install
[1.536s] Invoking command in '/home/locobot/Documents/kobuki/build/ecl_tools': AMENT_PREFIX_PATH=/home/locobot/Documents/kobuki/install CMAKE_PREFIX_PATH=/home/locobot/Documents/kobuki/install LD_LIBRARY_PATH=/home/locobot/Documents/kobuki/install/lib PATH=/home/locobot/Documents/kobuki/install/bin:${PATH} PYTHONPATH=/home/locobot/Documents/kobuki/install/lib/python3.8/site-packages /usr/bin/cmake --build /home/locobot/Documents/kobuki/build/ecl_tools -- -j4 -l4
[1.603s] Invoked command in '/home/locobot/Documents/kobuki/build/ecl_tools' returned '0': AMENT_PREFIX_PATH=/home/locobot/Documents/kobuki/install CMAKE_PREFIX_PATH=/home/locobot/Documents/kobuki/install LD_LIBRARY_PATH=/home/locobot/Documents/kobuki/install/lib PATH=/home/locobot/Documents/kobuki/install/bin:${PATH} PYTHONPATH=/home/locobot/Documents/kobuki/install/lib/python3.8/site-packages /usr/bin/cmake --build /home/locobot/Documents/kobuki/build/ecl_tools -- -j4 -l4
[1.604s] Invoking command in '/home/locobot/Documents/kobuki/build/ecl_tools': AMENT_PREFIX_PATH=/home/locobot/Documents/kobuki/install CMAKE_PREFIX_PATH=/home/locobot/Documents/kobuki/install LD_LIBRARY_PATH=/home/locobot/Documents/kobuki/install/lib PATH=/home/locobot/Documents/kobuki/install/bin:${PATH} PYTHONPATH=/home/locobot/Documents/kobuki/install/lib/python3.8/site-packages /usr/bin/cmake --install /home/locobot/Documents/kobuki/build/ecl_tools
[1.612s] -- Install configuration: ""
[1.616s] -- Installing: /home/locobot/Documents/kobuki/install/share/ament_index/resource_index/package_run_dependencies/ecl_tools
[1.617s] -- Installing: /home/locobot/Documents/kobuki/install/share/ament_index/resource_index/parent_prefix_path/ecl_tools
[1.617s] -- Installing: /home/locobot/Documents/kobuki/install/share/ecl_tools/environment/ament_prefix_path.sh
[1.617s] -- Installing: /home/locobot/Documents/kobuki/install/share/ecl_tools/environment/ament_prefix_path.dsv
[1.617s] -- Installing: /home/locobot/Documents/kobuki/install/share/ecl_tools/environment/path.sh
[1.617s] -- Installing: /home/locobot/Documents/kobuki/install/share/ecl_tools/environment/path.dsv
[1.617s] -- Installing: /home/locobot/Documents/kobuki/install/share/ecl_tools/local_setup.bash
[1.617s] -- Installing: /home/locobot/Documents/kobuki/install/share/ecl_tools/local_setup.sh
[1.618s] -- Installing: /home/locobot/Documents/kobuki/install/share/ecl_tools/local_setup.zsh
[1.618s] -- Installing: /home/locobot/Documents/kobuki/install/share/ecl_tools/local_setup.dsv
[1.618s] -- Installing: /home/locobot/Documents/kobuki/install/share/ecl_tools/package.dsv
[1.618s] -- Installing: /home/locobot/Documents/kobuki/install/share/ament_index/resource_index/packages/ecl_tools
[1.618s] -- Installing: /home/locobot/Documents/kobuki/install/share/ecl_tools/cmake/ecl_toolsConfig.cmake
[1.618s] -- Installing: /home/locobot/Documents/kobuki/install/share/ecl_tools/cmake/ecl_toolsConfig-version.cmake
[1.618s] -- Installing: /home/locobot/Documents/kobuki/install/share/ecl_tools/package.xml
[1.629s] Invoked command in '/home/locobot/Documents/kobuki/build/ecl_tools' returned '0': AMENT_PREFIX_PATH=/home/locobot/Documents/kobuki/install CMAKE_PREFIX_PATH=/home/locobot/Documents/kobuki/install LD_LIBRARY_PATH=/home/locobot/Documents/kobuki/install/lib PATH=/home/locobot/Documents/kobuki/install/bin:${PATH} PYTHONPATH=/home/locobot/Documents/kobuki/install/lib/python3.8/site-packages /usr/bin/cmake --install /home/locobot/Documents/kobuki/build/ecl_tools
