[0.319s] Invoking command in '/home/locobot/Documents/kobuki/build/ecl_devices': AMENT_PREFIX_PATH=/home/locobot/Documents/kobuki/install CMAKE_PREFIX_PATH=/home/locobot/Documents/kobuki/install LD_LIBRARY_PATH=/home/locobot/Documents/kobuki/install/lib PATH=/home/locobot/Documents/kobuki/install/bin:${PATH} PYTHONPATH=/home/locobot/Documents/kobuki/install/lib/python3.8/site-packages /usr/bin/cmake /home/locobot/Documents/kobuki/src/ecl_core/ecl_devices -DBUILD_TESTING=OFF -DCMAKE_BUILD_TYPE=RelWithDebInfo -DCMAKE_INSTALL_PREFIX=/home/locobot/Documents/kobuki/install
[0.356s] -- Found ament_cmake_ros: 0.9.2 (/home/locobot/Documents/kobuki/install/share/ament_cmake_ros/cmake)
[0.409s] -- Using PYTHON_EXECUTABLE: /usr/bin/python3
[0.658s] -- Found ecl_build: 1.0.3 (/home/locobot/Documents/kobuki/install/share/ecl_build/cmake)
[0.669s] -- Found ecl_config: 1.1.0 (/home/locobot/Documents/kobuki/install/share/ecl_config/cmake)
[0.673s] -- Found ecl_containers: 1.2.1 (/home/locobot/Documents/kobuki/install/share/ecl_containers/cmake)
[0.730s] -- Found ecl_threads: 1.2.1 (/home/locobot/Documents/kobuki/install/share/ecl_threads/cmake)
[0.930s] -- Configuring done
[0.985s] -- Generating done
[1.000s] -- Build files have been written to: /home/locobot/Documents/kobuki/build/ecl_devices
[1.010s] Invoked command in '/home/locobot/Documents/kobuki/build/ecl_devices' returned '0': AMENT_PREFIX_PATH=/home/locobot/Documents/kobuki/install CMAKE_PREFIX_PATH=/home/locobot/Documents/kobuki/install LD_LIBRARY_PATH=/home/locobot/Documents/kobuki/install/lib PATH=/home/locobot/Documents/kobuki/install/bin:${PATH} PYTHONPATH=/home/locobot/Documents/kobuki/install/lib/python3.8/site-packages /usr/bin/cmake /home/locobot/Documents/kobuki/src/ecl_core/ecl_devices -DBUILD_TESTING=OFF -DCMAKE_BUILD_TYPE=RelWithDebInfo -DCMAKE_INSTALL_PREFIX=/home/locobot/Documents/kobuki/install
[1.012s] Invoking command in '/home/locobot/Documents/kobuki/build/ecl_devices': AMENT_PREFIX_PATH=/home/locobot/Documents/kobuki/install CMAKE_PREFIX_PATH=/home/locobot/Documents/kobuki/install LD_LIBRARY_PATH=/home/locobot/Documents/kobuki/install/lib PATH=/home/locobot/Documents/kobuki/install/bin:${PATH} PYTHONPATH=/home/locobot/Documents/kobuki/install/lib/python3.8/site-packages /usr/bin/cmake --build /home/locobot/Documents/kobuki/build/ecl_devices -- -j4 -l4
[1.090s] [  6%] [32mBuilding CXX object src/lib/CMakeFiles/ecl_devices.dir/detail/character_buffer.cpp.o[0m
[1.207s] [ 12%] [32mBuilding CXX object src/lib/CMakeFiles/ecl_devices.dir/detail/socket_exception_handler_pos.cpp.o[0m
[3.839s] [ 18%] [32mBuilding CXX object src/lib/CMakeFiles/ecl_devices.dir/console.cpp.o[0m
[4.191s] [ 25%] [32mBuilding CXX object src/lib/CMakeFiles/ecl_devices.dir/ofile_pos.cpp.o[0m
[4.874s] [ 31%] [32mBuilding CXX object src/lib/CMakeFiles/ecl_devices.dir/ofile_w32.cpp.o[0m
[4.903s] [ 37%] [32mBuilding CXX object src/lib/CMakeFiles/ecl_devices.dir/serial_pos.cpp.o[0m
[5.663s] [ 43%] [32mBuilding CXX object src/lib/CMakeFiles/ecl_devices.dir/serial_w32.cpp.o[0m
[5.724s] [ 50%] [32mBuilding CXX object src/lib/CMakeFiles/ecl_devices.dir/shared_file.cpp.o[0m
[6.792s] [ 56%] [32mBuilding CXX object src/lib/CMakeFiles/ecl_devices.dir/socket_client_pos.cpp.o[0m
[7.433s] [ 62%] [32mBuilding CXX object src/lib/CMakeFiles/ecl_devices.dir/socket_server_pos.cpp.o[0m
[7.904s] [ 68%] [32mBuilding CXX object src/lib/CMakeFiles/ecl_devices.dir/string.cpp.o[0m
[8.290s] [ 75%] [32mBuilding CXX object src/lib/CMakeFiles/ecl_devices.dir/detail/exception_handler_pos.cpp.o[0m
[9.772s] [ 81%] [32mBuilding CXX object src/lib/CMakeFiles/ecl_devices.dir/detail/error_handler.cpp.o[0m
[10.155s] [ 87%] [32m[1mLinking CXX shared library libecl_devices.so[0m
[10.290s] [ 87%] Built target ecl_devices
[10.312s] [ 93%] [32mBuilding CXX object src/examples/CMakeFiles/ecl_demo_serial_timeouts.dir/serial_timeouts.cpp.o[0m
[11.039s] [100%] [32m[1mLinking CXX executable demo_serial_timeouts[0m
[11.133s] [100%] Built target ecl_demo_serial_timeouts
[11.148s] Invoked command in '/home/locobot/Documents/kobuki/build/ecl_devices' returned '0': AMENT_PREFIX_PATH=/home/locobot/Documents/kobuki/install CMAKE_PREFIX_PATH=/home/locobot/Documents/kobuki/install LD_LIBRARY_PATH=/home/locobot/Documents/kobuki/install/lib PATH=/home/locobot/Documents/kobuki/install/bin:${PATH} PYTHONPATH=/home/locobot/Documents/kobuki/install/lib/python3.8/site-packages /usr/bin/cmake --build /home/locobot/Documents/kobuki/build/ecl_devices -- -j4 -l4
[11.151s] Invoking command in '/home/locobot/Documents/kobuki/build/ecl_devices': AMENT_PREFIX_PATH=/home/locobot/Documents/kobuki/install CMAKE_PREFIX_PATH=/home/locobot/Documents/kobuki/install LD_LIBRARY_PATH=/home/locobot/Documents/kobuki/install/lib PATH=/home/locobot/Documents/kobuki/install/bin:${PATH} PYTHONPATH=/home/locobot/Documents/kobuki/install/lib/python3.8/site-packages /usr/bin/cmake --install /home/locobot/Documents/kobuki/build/ecl_devices
[11.161s] -- Install configuration: "RelWithDebInfo"
[11.162s] -- Up-to-date: /home/locobot/Documents/kobuki/install/share/ecl_devices/environment/library_path.sh
[11.165s] -- Installing: /home/locobot/Documents/kobuki/install/share/ecl_devices/environment/library_path.dsv
[11.165s] -- Up-to-date: /home/locobot/Documents/kobuki/install/share/ament_index/resource_index/package_run_dependencies/ecl_devices
[11.165s] -- Up-to-date: /home/locobot/Documents/kobuki/install/share/ament_index/resource_index/parent_prefix_path/ecl_devices
[11.166s] -- Up-to-date: /home/locobot/Documents/kobuki/install/share/ecl_devices/environment/ament_prefix_path.sh
[11.166s] -- Installing: /home/locobot/Documents/kobuki/install/share/ecl_devices/environment/ament_prefix_path.dsv
[11.166s] -- Up-to-date: /home/locobot/Documents/kobuki/install/share/ecl_devices/environment/path.sh
[11.166s] -- Installing: /home/locobot/Documents/kobuki/install/share/ecl_devices/environment/path.dsv
[11.166s] -- Up-to-date: /home/locobot/Documents/kobuki/install/share/ecl_devices/local_setup.bash
[11.166s] -- Up-to-date: /home/locobot/Documents/kobuki/install/share/ecl_devices/local_setup.sh
[11.166s] -- Up-to-date: /home/locobot/Documents/kobuki/install/share/ecl_devices/local_setup.zsh
[11.166s] -- Installing: /home/locobot/Documents/kobuki/install/share/ecl_devices/local_setup.dsv
[11.166s] -- Installing: /home/locobot/Documents/kobuki/install/share/ecl_devices/package.dsv
[11.166s] -- Up-to-date: /home/locobot/Documents/kobuki/install/share/ament_index/resource_index/packages/ecl_devices
[11.167s] -- Up-to-date: /home/locobot/Documents/kobuki/install/share/ecl_devices/cmake/ecl_devicesExport.cmake
[11.167s] -- Installing: /home/locobot/Documents/kobuki/install/share/ecl_devices/cmake/ecl_devicesExport-relwithdebinfo.cmake
[11.167s] -- Up-to-date: /home/locobot/Documents/kobuki/install/share/ecl_devices/cmake/ament_cmake_export_targets-extras.cmake
[11.167s] -- Up-to-date: /home/locobot/Documents/kobuki/install/share/ecl_devices/cmake/ament_cmake_export_include_directories-extras.cmake
[11.167s] -- Up-to-date: /home/locobot/Documents/kobuki/install/share/ecl_devices/cmake/ament_cmake_export_libraries-extras.cmake
[11.167s] -- Up-to-date: /home/locobot/Documents/kobuki/install/share/ecl_devices/cmake/ament_cmake_export_dependencies-extras.cmake
[11.167s] -- Up-to-date: /home/locobot/Documents/kobuki/install/share/ecl_devices/cmake/ecl_devicesConfig.cmake
[11.167s] -- Up-to-date: /home/locobot/Documents/kobuki/install/share/ecl_devices/cmake/ecl_devicesConfig-version.cmake
[11.167s] -- Up-to-date: /home/locobot/Documents/kobuki/install/share/ecl_devices/package.xml
[11.167s] -- Up-to-date: /home/locobot/Documents/kobuki/install/include/ecl/devices.hpp
[11.168s] -- Up-to-date: /home/locobot/Documents/kobuki/install/include/ecl/devices/console.hpp
[11.168s] -- Up-to-date: /home/locobot/Documents/kobuki/install/include/ecl/devices/macros.hpp
[11.168s] -- Up-to-date: /home/locobot/Documents/kobuki/install/include/ecl/devices/modes.hpp
[11.168s] -- Up-to-date: /home/locobot/Documents/kobuki/install/include/ecl/devices/ofile.hpp
[11.168s] -- Up-to-date: /home/locobot/Documents/kobuki/install/include/ecl/devices/ofile_pos.hpp
[11.172s] -- Up-to-date: /home/locobot/Documents/kobuki/install/include/ecl/devices/ofile_w32.hpp
[11.172s] -- Up-to-date: /home/locobot/Documents/kobuki/install/include/ecl/devices/serial.hpp
[11.172s] -- Up-to-date: /home/locobot/Documents/kobuki/install/include/ecl/devices/serial_parameters.hpp
[11.172s] -- Up-to-date: /home/locobot/Documents/kobuki/install/include/ecl/devices/serial_pos.hpp
[11.172s] -- Up-to-date: /home/locobot/Documents/kobuki/install/include/ecl/devices/serial_w32.hpp
[11.173s] -- Up-to-date: /home/locobot/Documents/kobuki/install/include/ecl/devices/shared_file.hpp
[11.173s] -- Up-to-date: /home/locobot/Documents/kobuki/install/include/ecl/devices/socket.hpp
[11.173s] -- Up-to-date: /home/locobot/Documents/kobuki/install/include/ecl/devices/socket_client_pos.hpp
[11.173s] -- Up-to-date: /home/locobot/Documents/kobuki/install/include/ecl/devices/socket_connection_status.hpp
[11.173s] -- Up-to-date: /home/locobot/Documents/kobuki/install/include/ecl/devices/socket_server_pos.hpp
[11.173s] -- Up-to-date: /home/locobot/Documents/kobuki/install/include/ecl/devices/string.hpp
[11.173s] -- Up-to-date: /home/locobot/Documents/kobuki/install/include/ecl/devices/traits.hpp
[11.173s] -- Up-to-date: /home/locobot/Documents/kobuki/install/include/ecl/devices/detail/character_buffer.hpp
[11.173s] -- Up-to-date: /home/locobot/Documents/kobuki/install/include/ecl/devices/detail/error_handler.hpp
[11.173s] -- Up-to-date: /home/locobot/Documents/kobuki/install/include/ecl/devices/detail/exception_handler_pos.hpp
[11.174s] -- Up-to-date: /home/locobot/Documents/kobuki/install/include/ecl/devices/detail/socket_error_handler_pos.hpp
[11.174s] -- Up-to-date: /home/locobot/Documents/kobuki/install/include/ecl/devices/detail/socket_exception_handler_pos.hpp
[11.174s] -- Installing: /home/locobot/Documents/kobuki/install/lib/libecl_devices.so.1.2.1
[11.174s] -- Set runtime path of "/home/locobot/Documents/kobuki/install/lib/libecl_devices.so.1.2.1" to ""
[11.190s] -- Up-to-date: /home/locobot/Documents/kobuki/install/lib/libecl_devices.so
[11.190s] -- Installing: /home/locobot/Documents/kobuki/install/lib/ecl_devices/demo_serial_timeouts
[11.190s] -- Set runtime path of "/home/locobot/Documents/kobuki/install/lib/ecl_devices/demo_serial_timeouts" to ""
[11.190s] Invoked command in '/home/locobot/Documents/kobuki/build/ecl_devices' returned '0': AMENT_PREFIX_PATH=/home/locobot/Documents/kobuki/install CMAKE_PREFIX_PATH=/home/locobot/Documents/kobuki/install LD_LIBRARY_PATH=/home/locobot/Documents/kobuki/install/lib PATH=/home/locobot/Documents/kobuki/install/bin:${PATH} PYTHONPATH=/home/locobot/Documents/kobuki/install/lib/python3.8/site-packages /usr/bin/cmake --install /home/locobot/Documents/kobuki/build/ecl_devices
