[0.127s] Invoking command in '/home/locobot/Documents/kobuki/build/ament_cmake_gmock': AMENT_PREFIX_PATH=/home/locobot/Documents/kobuki/install CMAKE_PREFIX_PATH=/home/locobot/Documents/kobuki/install LD_LIBRARY_PATH=/home/locobot/Documents/kobuki/install/lib PATH=/home/locobot/Documents/kobuki/install/bin:${PATH} PYTHONPATH=/home/locobot/Documents/kobuki/install/lib/python3.8/site-packages /usr/bin/cmake /home/locobot/Documents/kobuki/src/ament_cmake/ament_cmake_gmock -DBUILD_TESTING=OFF -DCMAKE_INSTALL_PREFIX=/home/locobot/Documents/kobuki/install
[0.164s] Re-run cmake no build system arguments
[0.164s] -- Found ament_cmake_core: 0.9.12 (/home/locobot/Documents/kobuki/install/share/ament_cmake_core/cmake)
[0.197s] -- Using PYTHON_EXECUTABLE: /usr/bin/python3
[0.527s] -- Configuring done
[0.532s] -- Generating done
[0.532s] -- Build files have been written to: /home/locobot/Documents/kobuki/build/ament_cmake_gmock
[0.537s] Invoked command in '/home/locobot/Documents/kobuki/build/ament_cmake_gmock' returned '0': AMENT_PREFIX_PATH=/home/locobot/Documents/kobuki/install CMAKE_PREFIX_PATH=/home/locobot/Documents/kobuki/install LD_LIBRARY_PATH=/home/locobot/Documents/kobuki/install/lib PATH=/home/locobot/Documents/kobuki/install/bin:${PATH} PYTHONPATH=/home/locobot/Documents/kobuki/install/lib/python3.8/site-packages /usr/bin/cmake /home/locobot/Documents/kobuki/src/ament_cmake/ament_cmake_gmock -DBUILD_TESTING=OFF -DCMAKE_INSTALL_PREFIX=/home/locobot/Documents/kobuki/install
[0.539s] Invoking command in '/home/locobot/Documents/kobuki/build/ament_cmake_gmock': AMENT_PREFIX_PATH=/home/locobot/Documents/kobuki/install CMAKE_PREFIX_PATH=/home/locobot/Documents/kobuki/install LD_LIBRARY_PATH=/home/locobot/Documents/kobuki/install/lib PATH=/home/locobot/Documents/kobuki/install/bin:${PATH} PYTHONPATH=/home/locobot/Documents/kobuki/install/lib/python3.8/site-packages /usr/bin/cmake --build /home/locobot/Documents/kobuki/build/ament_cmake_gmock -- -j4 -l4
[0.563s] /usr/bin/cmake -S/home/locobot/Documents/kobuki/src/ament_cmake/ament_cmake_gmock -B/home/locobot/Documents/kobuki/build/ament_cmake_gmock --check-build-system CMakeFiles/Makefile.cmake 0
[0.585s] /usr/bin/cmake -E cmake_progress_start /home/locobot/Documents/kobuki/build/ament_cmake_gmock/CMakeFiles /home/locobot/Documents/kobuki/build/ament_cmake_gmock/CMakeFiles/progress.marks
[0.587s] /usr/bin/make -f CMakeFiles/Makefile2 all
[0.591s] make[1]: Entering directory '/home/locobot/Documents/kobuki/build/ament_cmake_gmock'
[0.592s] make[1]: Nothing to be done for 'all'.
[0.592s] make[1]: Leaving directory '/home/locobot/Documents/kobuki/build/ament_cmake_gmock'
[0.598s] /usr/bin/cmake -E cmake_progress_start /home/locobot/Documents/kobuki/build/ament_cmake_gmock/CMakeFiles 0
[0.622s] Invoked command in '/home/locobot/Documents/kobuki/build/ament_cmake_gmock' returned '0': AMENT_PREFIX_PATH=/home/locobot/Documents/kobuki/install CMAKE_PREFIX_PATH=/home/locobot/Documents/kobuki/install LD_LIBRARY_PATH=/home/locobot/Documents/kobuki/install/lib PATH=/home/locobot/Documents/kobuki/install/bin:${PATH} PYTHONPATH=/home/locobot/Documents/kobuki/install/lib/python3.8/site-packages /usr/bin/cmake --build /home/locobot/Documents/kobuki/build/ament_cmake_gmock -- -j4 -l4
[0.623s] Invoking command in '/home/locobot/Documents/kobuki/build/ament_cmake_gmock': AMENT_PREFIX_PATH=/home/locobot/Documents/kobuki/install CMAKE_PREFIX_PATH=/home/locobot/Documents/kobuki/install LD_LIBRARY_PATH=/home/locobot/Documents/kobuki/install/lib PATH=/home/locobot/Documents/kobuki/install/bin:${PATH} PYTHONPATH=/home/locobot/Documents/kobuki/install/lib/python3.8/site-packages /usr/bin/cmake --install /home/locobot/Documents/kobuki/build/ament_cmake_gmock
[0.656s] -- Install configuration: ""
[0.657s] -- Up-to-date: /home/locobot/Documents/kobuki/install/share/ament_index/resource_index/package_run_dependencies/ament_cmake_gmock
[0.657s] -- Up-to-date: /home/locobot/Documents/kobuki/install/share/ament_index/resource_index/parent_prefix_path/ament_cmake_gmock
[0.657s] -- Up-to-date: /home/locobot/Documents/kobuki/install/share/ament_cmake_gmock/environment/ament_prefix_path.sh
[0.658s] -- Installing: /home/locobot/Documents/kobuki/install/share/ament_cmake_gmock/environment/ament_prefix_path.dsv
[0.658s] -- Up-to-date: /home/locobot/Documents/kobuki/install/share/ament_cmake_gmock/environment/path.sh
[0.658s] -- Installing: /home/locobot/Documents/kobuki/install/share/ament_cmake_gmock/environment/path.dsv
[0.658s] -- Up-to-date: /home/locobot/Documents/kobuki/install/share/ament_cmake_gmock/local_setup.bash
[0.661s] -- Up-to-date: /home/locobot/Documents/kobuki/install/share/ament_cmake_gmock/local_setup.sh
[0.662s] -- Up-to-date: /home/locobot/Documents/kobuki/install/share/ament_cmake_gmock/local_setup.zsh
[0.662s] -- Installing: /home/locobot/Documents/kobuki/install/share/ament_cmake_gmock/local_setup.dsv
[0.663s] -- Installing: /home/locobot/Documents/kobuki/install/share/ament_cmake_gmock/package.dsv
[0.668s] -- Up-to-date: /home/locobot/Documents/kobuki/install/share/ament_index/resource_index/packages/ament_cmake_gmock
[0.668s] -- Up-to-date: /home/locobot/Documents/kobuki/install/share/ament_cmake_gmock/cmake/ament_cmake_gmock-extras.cmake
[0.668s] -- Up-to-date: /home/locobot/Documents/kobuki/install/share/ament_cmake_gmock/cmake/ament_cmake_gmockConfig.cmake
[0.669s] -- Up-to-date: /home/locobot/Documents/kobuki/install/share/ament_cmake_gmock/cmake/ament_cmake_gmockConfig-version.cmake
[0.669s] -- Up-to-date: /home/locobot/Documents/kobuki/install/share/ament_cmake_gmock/package.xml
[0.669s] -- Up-to-date: /home/locobot/Documents/kobuki/install/share/ament_cmake_gmock/cmake
[0.669s] -- Up-to-date: /home/locobot/Documents/kobuki/install/share/ament_cmake_gmock/cmake/ament_add_gmock.cmake
[0.677s] -- Up-to-date: /home/locobot/Documents/kobuki/install/share/ament_cmake_gmock/cmake/ament_find_gmock.cmake
[0.677s] Invoked command in '/home/locobot/Documents/kobuki/build/ament_cmake_gmock' returned '0': AMENT_PREFIX_PATH=/home/locobot/Documents/kobuki/install CMAKE_PREFIX_PATH=/home/locobot/Documents/kobuki/install LD_LIBRARY_PATH=/home/locobot/Documents/kobuki/install/lib PATH=/home/locobot/Documents/kobuki/install/bin:${PATH} PYTHONPATH=/home/locobot/Documents/kobuki/install/lib/python3.8/site-packages /usr/bin/cmake --install /home/locobot/Documents/kobuki/build/ament_cmake_gmock
