Not searching for unused variables given on the command line.
-- Found ament_cmake_core: 0.9.12 (/home/locobot/Documents/kobuki/install/share/ament_cmake_core/cmake)
-- Using PYTHON_EXECUTABLE: /usr/bin/python3
-- Found ament_cmake_export_dependencies: 0.9.12 (/home/locobot/Documents/kobuki/install/share/ament_cmake_export_dependencies/cmake)
-- Configuring done
-- Generating done
-- Build files have been written to: /home/locobot/Documents/kobuki/build/ament_lint_common
-- Install configuration: ""
-- Up-to-date: /home/locobot/Documents/kobuki/install/share/ament_index/resource_index/package_run_dependencies/ament_lint_common
-- Up-to-date: /home/locobot/Documents/kobuki/install/share/ament_index/resource_index/parent_prefix_path/ament_lint_common
-- Up-to-date: /home/locobot/Documents/kobuki/install/share/ament_lint_common/environment/ament_prefix_path.sh
-- Installing: /home/locobot/Documents/kobuki/install/share/ament_lint_common/environment/ament_prefix_path.dsv
-- Up-to-date: /home/locobot/Documents/kobuki/install/share/ament_lint_common/environment/path.sh
-- Installing: /home/locobot/Documents/kobuki/install/share/ament_lint_common/environment/path.dsv
-- Up-to-date: /home/locobot/Documents/kobuki/install/share/ament_lint_common/local_setup.bash
-- Up-to-date: /home/locobot/Documents/kobuki/install/share/ament_lint_common/local_setup.sh
-- Up-to-date: /home/locobot/Documents/kobuki/install/share/ament_lint_common/local_setup.zsh
-- Installing: /home/locobot/Documents/kobuki/install/share/ament_lint_common/local_setup.dsv
-- Installing: /home/locobot/Documents/kobuki/install/share/ament_lint_common/package.dsv
-- Up-to-date: /home/locobot/Documents/kobuki/install/share/ament_index/resource_index/packages/ament_lint_common
-- Up-to-date: /home/locobot/Documents/kobuki/install/share/ament_lint_common/cmake/ament_cmake_export_dependencies-extras.cmake
-- Up-to-date: /home/locobot/Documents/kobuki/install/share/ament_lint_common/cmake/ament_lint_commonConfig.cmake
-- Up-to-date: /home/locobot/Documents/kobuki/install/share/ament_lint_common/cmake/ament_lint_commonConfig-version.cmake
-- Up-to-date: /home/locobot/Documents/kobuki/install/share/ament_lint_common/package.xml
