-- The C compiler identification is GNU 9.4.0
-- The CXX compiler identification is GNU 9.4.0
-- Check for working C compiler: /usr/bin/cc
-- Check for working C compiler: /usr/bin/cc -- works
-- Detecting C compiler ABI info
-- Detecting C compiler ABI info - done
-- Detecting C compile features
-- Detecting C compile features - done
-- Check for working CXX compiler: /usr/bin/c++
-- Check for working CXX compiler: /usr/bin/c++ -- works
-- Detecting CXX compiler ABI info
-- Detecting CXX compiler ABI info - done
-- Detecting CXX compile features
-- Detecting CXX compile features - done
-- Found ament_cmake_ros: 0.9.2 (/home/locobot/Documents/kobuki/install/share/ament_cmake_ros/cmake)
-- Found PythonInterp: /usr/bin/python3 (found suitable version "3.8.10", minimum required is "3") 
-- Using PYTHON_EXECUTABLE: /usr/bin/python3
-- Found ecl_build: 1.0.3 (/home/locobot/Documents/kobuki/install/share/ecl_build/cmake)
-- Found ecl_config: 1.1.0 (/home/locobot/Documents/kobuki/install/share/ecl_config/cmake)
-- Found ecl_converters: 1.2.1 (/home/locobot/Documents/kobuki/install/share/ecl_converters/cmake)
-- Found ecl_formatters: 1.2.1 (/home/locobot/Documents/kobuki/install/share/ecl_formatters/cmake)
-- Found ecl_utilities: 1.2.1 (/home/locobot/Documents/kobuki/install/share/ecl_utilities/cmake)
-- Configuring done
-- Generating done
-- Build files have been written to: /home/locobot/Documents/kobuki/build/ecl_containers
[35m[1mScanning dependencies of target ecl_demo_formatters[0m
[ 50%] [32mBuilding CXX object src/examples/CMakeFiles/ecl_demo_formatters.dir/formatters.cpp.o[0m
[100%] [32m[1mLinking CXX executable demo_formatters[0m
[100%] Built target ecl_demo_formatters
-- Install configuration: ""
-- Installing: /home/locobot/Documents/kobuki/install/share/ament_index/resource_index/package_run_dependencies/ecl_containers
-- Installing: /home/locobot/Documents/kobuki/install/share/ament_index/resource_index/parent_prefix_path/ecl_containers
-- Installing: /home/locobot/Documents/kobuki/install/share/ecl_containers/environment/ament_prefix_path.sh
-- Installing: /home/locobot/Documents/kobuki/install/share/ecl_containers/environment/ament_prefix_path.dsv
-- Installing: /home/locobot/Documents/kobuki/install/share/ecl_containers/environment/path.sh
-- Installing: /home/locobot/Documents/kobuki/install/share/ecl_containers/environment/path.dsv
-- Installing: /home/locobot/Documents/kobuki/install/share/ecl_containers/local_setup.bash
-- Installing: /home/locobot/Documents/kobuki/install/share/ecl_containers/local_setup.sh
-- Installing: /home/locobot/Documents/kobuki/install/share/ecl_containers/local_setup.zsh
-- Installing: /home/locobot/Documents/kobuki/install/share/ecl_containers/local_setup.dsv
-- Installing: /home/locobot/Documents/kobuki/install/share/ecl_containers/package.dsv
-- Installing: /home/locobot/Documents/kobuki/install/share/ament_index/resource_index/packages/ecl_containers
-- Installing: /home/locobot/Documents/kobuki/install/share/ecl_containers/cmake/ecl_containersExport.cmake
-- Installing: /home/locobot/Documents/kobuki/install/share/ecl_containers/cmake/ament_cmake_export_targets-extras.cmake
-- Installing: /home/locobot/Documents/kobuki/install/share/ecl_containers/cmake/ament_cmake_export_include_directories-extras.cmake
-- Installing: /home/locobot/Documents/kobuki/install/share/ecl_containers/cmake/ament_cmake_export_dependencies-extras.cmake
-- Installing: /home/locobot/Documents/kobuki/install/share/ecl_containers/cmake/ecl_containersConfig.cmake
-- Installing: /home/locobot/Documents/kobuki/install/share/ecl_containers/cmake/ecl_containersConfig-version.cmake
-- Installing: /home/locobot/Documents/kobuki/install/share/ecl_containers/package.xml
-- Installing: /home/locobot/Documents/kobuki/install/include/ecl/containers.hpp
-- Installing: /home/locobot/Documents/kobuki/install/include/ecl/containers/array.hpp
-- Installing: /home/locobot/Documents/kobuki/install/include/ecl/containers/converters.hpp
-- Installing: /home/locobot/Documents/kobuki/install/include/ecl/containers/definitions.hpp
-- Installing: /home/locobot/Documents/kobuki/install/include/ecl/containers/fifo.hpp
-- Installing: /home/locobot/Documents/kobuki/install/include/ecl/containers/initialiser.hpp
-- Installing: /home/locobot/Documents/kobuki/install/include/ecl/containers/push_and_pop.hpp
-- Installing: /home/locobot/Documents/kobuki/install/include/ecl/containers/stencil.hpp
-- Installing: /home/locobot/Documents/kobuki/install/include/ecl/containers/common/formatters.hpp
-- Installing: /home/locobot/Documents/kobuki/install/include/ecl/containers/array/array_dynamic_mem_check.hpp
-- Installing: /home/locobot/Documents/kobuki/install/include/ecl/containers/array/array_dynamic_no_mem_check.hpp
-- Installing: /home/locobot/Documents/kobuki/install/include/ecl/containers/array/array_mem_check.hpp
-- Installing: /home/locobot/Documents/kobuki/install/include/ecl/containers/array/array_no_mem_check.hpp
-- Installing: /home/locobot/Documents/kobuki/install/include/ecl/containers/array/converters.hpp
-- Installing: /home/locobot/Documents/kobuki/install/include/ecl/containers/array/formatters.hpp
-- Installing: /home/locobot/Documents/kobuki/install/include/ecl/containers/push_and_pop/formatters.hpp
-- Installing: /home/locobot/Documents/kobuki/install/include/ecl/containers/push_and_pop/push_and_pop_dynamic.hpp
-- Installing: /home/locobot/Documents/kobuki/install/include/ecl/containers/push_and_pop/push_and_pop_fixed.hpp
-- Installing: /home/locobot/Documents/kobuki/install/include/ecl/containers/stencil/converters.hpp
-- Installing: /home/locobot/Documents/kobuki/install/include/ecl/containers/stencil/formatters.hpp
-- Installing: /home/locobot/Documents/kobuki/install/include/ecl/containers/stencil/specialisations.hpp
-- Installing: /home/locobot/Documents/kobuki/install/include/ecl/containers/stencil/stencil.hpp
-- Installing: /home/locobot/Documents/kobuki/install/lib/ecl_containers/demo_formatters
-- Set runtime path of "/home/locobot/Documents/kobuki/install/lib/ecl_containers/demo_formatters" to ""
