[0.626s] Invoking command in '/home/locobot/Documents/kobuki/build/ecl_containers': AMENT_PREFIX_PATH=/home/locobot/Documents/kobuki/install CMAKE_PREFIX_PATH=/home/locobot/Documents/kobuki/install LD_LIBRARY_PATH=/home/locobot/Documents/kobuki/install/lib PATH=/home/locobot/Documents/kobuki/install/bin:${PATH} PYTHONPATH=/home/locobot/Documents/kobuki/install/lib/python3.8/site-packages /usr/bin/cmake /home/locobot/Documents/kobuki/src/ecl_core/ecl_containers -DBUILD_TESTING=OFF -DCMAKE_INSTALL_PREFIX=/home/locobot/Documents/kobuki/install
[0.738s] -- The C compiler identification is GNU 9.4.0
[0.884s] -- The CXX compiler identification is GNU 9.4.0
[0.910s] -- Check for working C compiler: /usr/bin/cc
[1.071s] -- Check for working C compiler: /usr/bin/cc -- works
[1.071s] -- Detecting C compiler ABI info
[1.260s] -- Detecting C compiler ABI info - done
[1.300s] -- Detecting C compile features
[1.300s] -- Detecting C compile features - done
[1.307s] -- Check for working CXX compiler: /usr/bin/c++
[1.602s] -- Check for working CXX compiler: /usr/bin/c++ -- works
[1.602s] -- Detecting CXX compiler ABI info
[1.896s] -- Detecting CXX compiler ABI info - done
[1.950s] -- Detecting CXX compile features
[1.950s] -- Detecting CXX compile features - done
[1.952s] -- Found ament_cmake_ros: 0.9.2 (/home/locobot/Documents/kobuki/install/share/ament_cmake_ros/cmake)
[2.003s] -- Found PythonInterp: /usr/bin/python3 (found suitable version "3.8.10", minimum required is "3") 
[2.004s] -- Using PYTHON_EXECUTABLE: /usr/bin/python3
[2.386s] -- Found ecl_build: 1.0.3 (/home/locobot/Documents/kobuki/install/share/ecl_build/cmake)
[2.397s] -- Found ecl_config: 1.1.0 (/home/locobot/Documents/kobuki/install/share/ecl_config/cmake)
[2.406s] -- Found ecl_converters: 1.2.1 (/home/locobot/Documents/kobuki/install/share/ecl_converters/cmake)
[2.432s] -- Found ecl_formatters: 1.2.1 (/home/locobot/Documents/kobuki/install/share/ecl_formatters/cmake)
[2.443s] -- Found ecl_utilities: 1.2.1 (/home/locobot/Documents/kobuki/install/share/ecl_utilities/cmake)
[2.656s] -- Configuring done
[2.705s] -- Generating done
[2.716s] -- Build files have been written to: /home/locobot/Documents/kobuki/build/ecl_containers
[2.728s] Invoked command in '/home/locobot/Documents/kobuki/build/ecl_containers' returned '0': AMENT_PREFIX_PATH=/home/locobot/Documents/kobuki/install CMAKE_PREFIX_PATH=/home/locobot/Documents/kobuki/install LD_LIBRARY_PATH=/home/locobot/Documents/kobuki/install/lib PATH=/home/locobot/Documents/kobuki/install/bin:${PATH} PYTHONPATH=/home/locobot/Documents/kobuki/install/lib/python3.8/site-packages /usr/bin/cmake /home/locobot/Documents/kobuki/src/ecl_core/ecl_containers -DBUILD_TESTING=OFF -DCMAKE_INSTALL_PREFIX=/home/locobot/Documents/kobuki/install
[2.729s] Invoking command in '/home/locobot/Documents/kobuki/build/ecl_containers': AMENT_PREFIX_PATH=/home/locobot/Documents/kobuki/install CMAKE_PREFIX_PATH=/home/locobot/Documents/kobuki/install LD_LIBRARY_PATH=/home/locobot/Documents/kobuki/install/lib PATH=/home/locobot/Documents/kobuki/install/bin:${PATH} PYTHONPATH=/home/locobot/Documents/kobuki/install/lib/python3.8/site-packages /usr/bin/cmake --build /home/locobot/Documents/kobuki/build/ecl_containers -- -j4 -l4
[2.867s] [35m[1mScanning dependencies of target ecl_demo_formatters[0m
[2.903s] [ 50%] [32mBuilding CXX object src/examples/CMakeFiles/ecl_demo_formatters.dir/formatters.cpp.o[0m
[4.380s] [100%] [32m[1mLinking CXX executable demo_formatters[0m
[4.561s] [100%] Built target ecl_demo_formatters
[4.613s] Invoked command in '/home/locobot/Documents/kobuki/build/ecl_containers' returned '0': AMENT_PREFIX_PATH=/home/locobot/Documents/kobuki/install CMAKE_PREFIX_PATH=/home/locobot/Documents/kobuki/install LD_LIBRARY_PATH=/home/locobot/Documents/kobuki/install/lib PATH=/home/locobot/Documents/kobuki/install/bin:${PATH} PYTHONPATH=/home/locobot/Documents/kobuki/install/lib/python3.8/site-packages /usr/bin/cmake --build /home/locobot/Documents/kobuki/build/ecl_containers -- -j4 -l4
[4.614s] Invoking command in '/home/locobot/Documents/kobuki/build/ecl_containers': AMENT_PREFIX_PATH=/home/locobot/Documents/kobuki/install CMAKE_PREFIX_PATH=/home/locobot/Documents/kobuki/install LD_LIBRARY_PATH=/home/locobot/Documents/kobuki/install/lib PATH=/home/locobot/Documents/kobuki/install/bin:${PATH} PYTHONPATH=/home/locobot/Documents/kobuki/install/lib/python3.8/site-packages /usr/bin/cmake --install /home/locobot/Documents/kobuki/build/ecl_containers
[4.636s] -- Install configuration: ""
[4.637s] -- Installing: /home/locobot/Documents/kobuki/install/share/ament_index/resource_index/package_run_dependencies/ecl_containers
[4.637s] -- Installing: /home/locobot/Documents/kobuki/install/share/ament_index/resource_index/parent_prefix_path/ecl_containers
[4.637s] -- Installing: /home/locobot/Documents/kobuki/install/share/ecl_containers/environment/ament_prefix_path.sh
[4.637s] -- Installing: /home/locobot/Documents/kobuki/install/share/ecl_containers/environment/ament_prefix_path.dsv
[4.637s] -- Installing: /home/locobot/Documents/kobuki/install/share/ecl_containers/environment/path.sh
[4.637s] -- Installing: /home/locobot/Documents/kobuki/install/share/ecl_containers/environment/path.dsv
[4.637s] -- Installing: /home/locobot/Documents/kobuki/install/share/ecl_containers/local_setup.bash
[4.637s] -- Installing: /home/locobot/Documents/kobuki/install/share/ecl_containers/local_setup.sh
[4.638s] -- Installing: /home/locobot/Documents/kobuki/install/share/ecl_containers/local_setup.zsh
[4.638s] -- Installing: /home/locobot/Documents/kobuki/install/share/ecl_containers/local_setup.dsv
[4.638s] -- Installing: /home/locobot/Documents/kobuki/install/share/ecl_containers/package.dsv
[4.638s] -- Installing: /home/locobot/Documents/kobuki/install/share/ament_index/resource_index/packages/ecl_containers
[4.638s] -- Installing: /home/locobot/Documents/kobuki/install/share/ecl_containers/cmake/ecl_containersExport.cmake
[4.638s] -- Installing: /home/locobot/Documents/kobuki/install/share/ecl_containers/cmake/ament_cmake_export_targets-extras.cmake
[4.638s] -- Installing: /home/locobot/Documents/kobuki/install/share/ecl_containers/cmake/ament_cmake_export_include_directories-extras.cmake
[4.638s] -- Installing: /home/locobot/Documents/kobuki/install/share/ecl_containers/cmake/ament_cmake_export_dependencies-extras.cmake
[4.643s] -- Installing: /home/locobot/Documents/kobuki/install/share/ecl_containers/cmake/ecl_containersConfig.cmake
[4.643s] -- Installing: /home/locobot/Documents/kobuki/install/share/ecl_containers/cmake/ecl_containersConfig-version.cmake
[4.644s] -- Installing: /home/locobot/Documents/kobuki/install/share/ecl_containers/package.xml
[4.644s] -- Installing: /home/locobot/Documents/kobuki/install/include/ecl/containers.hpp
[4.645s] -- Installing: /home/locobot/Documents/kobuki/install/include/ecl/containers/array.hpp
[4.645s] -- Installing: /home/locobot/Documents/kobuki/install/include/ecl/containers/converters.hpp
[4.645s] -- Installing: /home/locobot/Documents/kobuki/install/include/ecl/containers/definitions.hpp
[4.646s] -- Installing: /home/locobot/Documents/kobuki/install/include/ecl/containers/fifo.hpp
[4.646s] -- Installing: /home/locobot/Documents/kobuki/install/include/ecl/containers/initialiser.hpp
[4.646s] -- Installing: /home/locobot/Documents/kobuki/install/include/ecl/containers/push_and_pop.hpp
[4.646s] -- Installing: /home/locobot/Documents/kobuki/install/include/ecl/containers/stencil.hpp
[4.646s] -- Installing: /home/locobot/Documents/kobuki/install/include/ecl/containers/common/formatters.hpp
[4.647s] -- Installing: /home/locobot/Documents/kobuki/install/include/ecl/containers/array/array_dynamic_mem_check.hpp
[4.647s] -- Installing: /home/locobot/Documents/kobuki/install/include/ecl/containers/array/array_dynamic_no_mem_check.hpp
[4.647s] -- Installing: /home/locobot/Documents/kobuki/install/include/ecl/containers/array/array_mem_check.hpp
[4.648s] -- Installing: /home/locobot/Documents/kobuki/install/include/ecl/containers/array/array_no_mem_check.hpp
[4.648s] -- Installing: /home/locobot/Documents/kobuki/install/include/ecl/containers/array/converters.hpp
[4.648s] -- Installing: /home/locobot/Documents/kobuki/install/include/ecl/containers/array/formatters.hpp
[4.648s] -- Installing: /home/locobot/Documents/kobuki/install/include/ecl/containers/push_and_pop/formatters.hpp
[4.648s] -- Installing: /home/locobot/Documents/kobuki/install/include/ecl/containers/push_and_pop/push_and_pop_dynamic.hpp
[4.648s] -- Installing: /home/locobot/Documents/kobuki/install/include/ecl/containers/push_and_pop/push_and_pop_fixed.hpp
[4.649s] -- Installing: /home/locobot/Documents/kobuki/install/include/ecl/containers/stencil/converters.hpp
[4.649s] -- Installing: /home/locobot/Documents/kobuki/install/include/ecl/containers/stencil/formatters.hpp
[4.649s] -- Installing: /home/locobot/Documents/kobuki/install/include/ecl/containers/stencil/specialisations.hpp
[4.650s] -- Installing: /home/locobot/Documents/kobuki/install/include/ecl/containers/stencil/stencil.hpp
[4.650s] -- Installing: /home/locobot/Documents/kobuki/install/lib/ecl_containers/demo_formatters
[4.651s] -- Set runtime path of "/home/locobot/Documents/kobuki/install/lib/ecl_containers/demo_formatters" to ""
[4.730s] Invoked command in '/home/locobot/Documents/kobuki/build/ecl_containers' returned '0': AMENT_PREFIX_PATH=/home/locobot/Documents/kobuki/install CMAKE_PREFIX_PATH=/home/locobot/Documents/kobuki/install LD_LIBRARY_PATH=/home/locobot/Documents/kobuki/install/lib PATH=/home/locobot/Documents/kobuki/install/bin:${PATH} PYTHONPATH=/home/locobot/Documents/kobuki/install/lib/python3.8/site-packages /usr/bin/cmake --install /home/locobot/Documents/kobuki/build/ecl_containers
