[0.547s] Invoking command in '/home/locobot/Documents/kobuki/build/ecl_math': AMENT_PREFIX_PATH=/home/locobot/Documents/kobuki/install CMAKE_PREFIX_PATH=/home/locobot/Documents/kobuki/install LD_LIBRARY_PATH=/home/locobot/Documents/kobuki/install/lib PATH=/home/locobot/Documents/kobuki/install/bin:${PATH} PYTHONPATH=/home/locobot/Documents/kobuki/install/lib/python3.8/site-packages /usr/bin/cmake /home/locobot/Documents/kobuki/src/ecl_core/ecl_math -DBUILD_TESTING=OFF -DCMAKE_INSTALL_PREFIX=/home/locobot/Documents/kobuki/install
[0.553s] Re-run cmake no build system arguments
[0.569s] -- Found ament_cmake_ros: 0.9.2 (/home/locobot/Documents/kobuki/install/share/ament_cmake_ros/cmake)
[0.586s] -- Using PYTHON_EXECUTABLE: /usr/bin/python3
[0.808s] -- Found ecl_build: 1.0.3 (/home/locobot/Documents/kobuki/install/share/ecl_build/cmake)
[0.833s] -- Found ecl_type_traits: 1.2.1 (/home/locobot/Documents/kobuki/install/share/ecl_type_traits/cmake)
[0.974s] -- Configuring done
[0.983s] -- Generating done
[0.986s] -- Build files have been written to: /home/locobot/Documents/kobuki/build/ecl_math
[0.995s] Invoked command in '/home/locobot/Documents/kobuki/build/ecl_math' returned '0': AMENT_PREFIX_PATH=/home/locobot/Documents/kobuki/install CMAKE_PREFIX_PATH=/home/locobot/Documents/kobuki/install LD_LIBRARY_PATH=/home/locobot/Documents/kobuki/install/lib PATH=/home/locobot/Documents/kobuki/install/bin:${PATH} PYTHONPATH=/home/locobot/Documents/kobuki/install/lib/python3.8/site-packages /usr/bin/cmake /home/locobot/Documents/kobuki/src/ecl_core/ecl_math -DBUILD_TESTING=OFF -DCMAKE_INSTALL_PREFIX=/home/locobot/Documents/kobuki/install
[0.996s] Invoking command in '/home/locobot/Documents/kobuki/build/ecl_math': AMENT_PREFIX_PATH=/home/locobot/Documents/kobuki/install CMAKE_PREFIX_PATH=/home/locobot/Documents/kobuki/install LD_LIBRARY_PATH=/home/locobot/Documents/kobuki/install/lib PATH=/home/locobot/Documents/kobuki/install/bin:${PATH} PYTHONPATH=/home/locobot/Documents/kobuki/install/lib/python3.8/site-packages /usr/bin/cmake --build /home/locobot/Documents/kobuki/build/ecl_math -- -j4 -l4
[1.040s] /usr/bin/cmake -S/home/locobot/Documents/kobuki/src/ecl_core/ecl_math -B/home/locobot/Documents/kobuki/build/ecl_math --check-build-system CMakeFiles/Makefile.cmake 0
[1.054s] /usr/bin/cmake -E cmake_progress_start /home/locobot/Documents/kobuki/build/ecl_math/CMakeFiles /home/locobot/Documents/kobuki/build/ecl_math/CMakeFiles/progress.marks
[1.079s] /usr/bin/make -f CMakeFiles/Makefile2 all
[1.079s] make[1]: Entering directory '/home/locobot/Documents/kobuki/build/ecl_math'
[1.080s] make[1]: Nothing to be done for 'all'.
[1.080s] make[1]: Leaving directory '/home/locobot/Documents/kobuki/build/ecl_math'
[1.080s] /usr/bin/cmake -E cmake_progress_start /home/locobot/Documents/kobuki/build/ecl_math/CMakeFiles 0
[1.088s] Invoked command in '/home/locobot/Documents/kobuki/build/ecl_math' returned '0': AMENT_PREFIX_PATH=/home/locobot/Documents/kobuki/install CMAKE_PREFIX_PATH=/home/locobot/Documents/kobuki/install LD_LIBRARY_PATH=/home/locobot/Documents/kobuki/install/lib PATH=/home/locobot/Documents/kobuki/install/bin:${PATH} PYTHONPATH=/home/locobot/Documents/kobuki/install/lib/python3.8/site-packages /usr/bin/cmake --build /home/locobot/Documents/kobuki/build/ecl_math -- -j4 -l4
[1.090s] Invoking command in '/home/locobot/Documents/kobuki/build/ecl_math': AMENT_PREFIX_PATH=/home/locobot/Documents/kobuki/install CMAKE_PREFIX_PATH=/home/locobot/Documents/kobuki/install LD_LIBRARY_PATH=/home/locobot/Documents/kobuki/install/lib PATH=/home/locobot/Documents/kobuki/install/bin:${PATH} PYTHONPATH=/home/locobot/Documents/kobuki/install/lib/python3.8/site-packages /usr/bin/cmake --install /home/locobot/Documents/kobuki/build/ecl_math
[1.105s] -- Install configuration: ""
[1.105s] -- Up-to-date: /home/locobot/Documents/kobuki/install/share/ament_index/resource_index/package_run_dependencies/ecl_math
[1.106s] -- Up-to-date: /home/locobot/Documents/kobuki/install/share/ament_index/resource_index/parent_prefix_path/ecl_math
[1.106s] -- Up-to-date: /home/locobot/Documents/kobuki/install/share/ecl_math/environment/ament_prefix_path.sh
[1.106s] -- Installing: /home/locobot/Documents/kobuki/install/share/ecl_math/environment/ament_prefix_path.dsv
[1.107s] -- Up-to-date: /home/locobot/Documents/kobuki/install/share/ecl_math/environment/path.sh
[1.107s] -- Installing: /home/locobot/Documents/kobuki/install/share/ecl_math/environment/path.dsv
[1.108s] -- Up-to-date: /home/locobot/Documents/kobuki/install/share/ecl_math/local_setup.bash
[1.108s] -- Up-to-date: /home/locobot/Documents/kobuki/install/share/ecl_math/local_setup.sh
[1.108s] -- Up-to-date: /home/locobot/Documents/kobuki/install/share/ecl_math/local_setup.zsh
[1.108s] -- Installing: /home/locobot/Documents/kobuki/install/share/ecl_math/local_setup.dsv
[1.109s] -- Installing: /home/locobot/Documents/kobuki/install/share/ecl_math/package.dsv
[1.110s] -- Up-to-date: /home/locobot/Documents/kobuki/install/share/ament_index/resource_index/packages/ecl_math
[1.110s] -- Up-to-date: /home/locobot/Documents/kobuki/install/share/ecl_math/cmake/ecl_mathExport.cmake
[1.110s] -- Up-to-date: /home/locobot/Documents/kobuki/install/share/ecl_math/cmake/ament_cmake_export_targets-extras.cmake
[1.111s] -- Up-to-date: /home/locobot/Documents/kobuki/install/share/ecl_math/cmake/ament_cmake_export_include_directories-extras.cmake
[1.111s] -- Up-to-date: /home/locobot/Documents/kobuki/install/share/ecl_math/cmake/ament_cmake_export_dependencies-extras.cmake
[1.111s] -- Up-to-date: /home/locobot/Documents/kobuki/install/share/ecl_math/cmake/ecl_mathConfig.cmake
[1.111s] -- Up-to-date: /home/locobot/Documents/kobuki/install/share/ecl_math/cmake/ecl_mathConfig-version.cmake
[1.112s] -- Up-to-date: /home/locobot/Documents/kobuki/install/share/ecl_math/package.xml
[1.112s] -- Up-to-date: /home/locobot/Documents/kobuki/install/include/ecl/math.hpp
[1.113s] -- Up-to-date: /home/locobot/Documents/kobuki/install/include/ecl/math/constants.hpp
[1.113s] -- Up-to-date: /home/locobot/Documents/kobuki/install/include/ecl/math/fuzzy.hpp
[1.114s] -- Up-to-date: /home/locobot/Documents/kobuki/install/include/ecl/math/norms.hpp
[1.114s] -- Up-to-date: /home/locobot/Documents/kobuki/install/include/ecl/math/simple.hpp
[1.117s] Invoked command in '/home/locobot/Documents/kobuki/build/ecl_math' returned '0': AMENT_PREFIX_PATH=/home/locobot/Documents/kobuki/install CMAKE_PREFIX_PATH=/home/locobot/Documents/kobuki/install LD_LIBRARY_PATH=/home/locobot/Documents/kobuki/install/lib PATH=/home/locobot/Documents/kobuki/install/bin:${PATH} PYTHONPATH=/home/locobot/Documents/kobuki/install/lib/python3.8/site-packages /usr/bin/cmake --install /home/locobot/Documents/kobuki/build/ecl_math
