-- Found ament_cmake_ros: 0.9.2 (/home/locobot/Documents/kobuki/install/share/ament_cmake_ros/cmake)
-- Using PYTHON_EXECUTABLE: /usr/bin/python3
-- Found ecl_build: 1.0.3 (/home/locobot/Documents/kobuki/install/share/ecl_build/cmake)
-- Found ecl_concepts: 1.2.1 (/home/locobot/Documents/kobuki/install/share/ecl_concepts/cmake)
-- Configuring done
-- Generating done
-- Build files have been written to: /home/locobot/Documents/kobuki/build/ecl_utilities
[ 50%] [32mBuilding CXX object src/examples/CMakeFiles/ecl_demo_constructors.dir/constructors.cpp.o[0m
[100%] [32m[1mLinking CXX executable demo_constructors[0m
[100%] Built target ecl_demo_constructors
-- Install configuration: "RelWithDebInfo"
-- Up-to-date: /home/locobot/Documents/kobuki/install/share/ament_index/resource_index/package_run_dependencies/ecl_utilities
-- Up-to-date: /home/locobot/Documents/kobuki/install/share/ament_index/resource_index/parent_prefix_path/ecl_utilities
-- Up-to-date: /home/locobot/Documents/kobuki/install/share/ecl_utilities/environment/ament_prefix_path.sh
-- Installing: /home/locobot/Documents/kobuki/install/share/ecl_utilities/environment/ament_prefix_path.dsv
-- Up-to-date: /home/locobot/Documents/kobuki/install/share/ecl_utilities/environment/path.sh
-- Installing: /home/locobot/Documents/kobuki/install/share/ecl_utilities/environment/path.dsv
-- Up-to-date: /home/locobot/Documents/kobuki/install/share/ecl_utilities/local_setup.bash
-- Up-to-date: /home/locobot/Documents/kobuki/install/share/ecl_utilities/local_setup.sh
-- Up-to-date: /home/locobot/Documents/kobuki/install/share/ecl_utilities/local_setup.zsh
-- Installing: /home/locobot/Documents/kobuki/install/share/ecl_utilities/local_setup.dsv
-- Installing: /home/locobot/Documents/kobuki/install/share/ecl_utilities/package.dsv
-- Up-to-date: /home/locobot/Documents/kobuki/install/share/ament_index/resource_index/packages/ecl_utilities
-- Up-to-date: /home/locobot/Documents/kobuki/install/share/ecl_utilities/cmake/ecl_utilitiesExport.cmake
-- Up-to-date: /home/locobot/Documents/kobuki/install/share/ecl_utilities/cmake/ament_cmake_export_targets-extras.cmake
-- Up-to-date: /home/locobot/Documents/kobuki/install/share/ecl_utilities/cmake/ament_cmake_export_include_directories-extras.cmake
-- Up-to-date: /home/locobot/Documents/kobuki/install/share/ecl_utilities/cmake/ament_cmake_export_dependencies-extras.cmake
-- Up-to-date: /home/locobot/Documents/kobuki/install/share/ecl_utilities/cmake/ecl_utilitiesConfig.cmake
-- Up-to-date: /home/locobot/Documents/kobuki/install/share/ecl_utilities/cmake/ecl_utilitiesConfig-version.cmake
-- Up-to-date: /home/locobot/Documents/kobuki/install/share/ecl_utilities/package.xml
-- Up-to-date: /home/locobot/Documents/kobuki/install/include/ecl/utilities.hpp
-- Up-to-date: /home/locobot/Documents/kobuki/install/include/ecl/utilities/blueprints.hpp
-- Up-to-date: /home/locobot/Documents/kobuki/install/include/ecl/utilities/flags.hpp
-- Up-to-date: /home/locobot/Documents/kobuki/install/include/ecl/utilities/function_objects.hpp
-- Up-to-date: /home/locobot/Documents/kobuki/install/include/ecl/utilities/parameter.hpp
-- Up-to-date: /home/locobot/Documents/kobuki/install/include/ecl/utilities/references.hpp
-- Up-to-date: /home/locobot/Documents/kobuki/install/include/ecl/utilities/singleton.hpp
-- Up-to-date: /home/locobot/Documents/kobuki/install/include/ecl/utilities/void.hpp
-- Installing: /home/locobot/Documents/kobuki/install/lib/ecl_utilities/demo_constructors
-- Set runtime path of "/home/locobot/Documents/kobuki/install/lib/ecl_utilities/demo_constructors" to ""
