Re-run cmake no build system arguments
-- Found ament_cmake_core: 0.9.12 (/home/locobot/Documents/kobuki/install/share/ament_cmake_core/cmake)
-- Using PYTHON_EXECUTABLE: /usr/bin/python3
-- Configuring done
-- Generating done
-- Build files have been written to: /home/locobot/Documents/kobuki/build/ament_cmake_export_definitions
/usr/bin/cmake -S/home/locobot/Documents/kobuki/src/ament_cmake/ament_cmake_export_definitions -B/home/locobot/Documents/kobuki/build/ament_cmake_export_definitions --check-build-system CMakeFiles/Makefile.cmake 0
/usr/bin/cmake -E cmake_progress_start /home/locobot/Documents/kobuki/build/ament_cmake_export_definitions/CMakeFiles /home/locobot/Documents/kobuki/build/ament_cmake_export_definitions/CMakeFiles/progress.marks
/usr/bin/make -f CMakeFiles/Makefile2 all
make[1]: Entering directory '/home/locobot/Documents/kobuki/build/ament_cmake_export_definitions'
make[1]: Nothing to be done for 'all'.
make[1]: Leaving directory '/home/locobot/Documents/kobuki/build/ament_cmake_export_definitions'
/usr/bin/cmake -E cmake_progress_start /home/locobot/Documents/kobuki/build/ament_cmake_export_definitions/CMakeFiles 0
-- Install configuration: ""
-- Up-to-date: /home/locobot/Documents/kobuki/install/share/ament_index/resource_index/package_run_dependencies/ament_cmake_export_definitions
-- Up-to-date: /home/locobot/Documents/kobuki/install/share/ament_index/resource_index/parent_prefix_path/ament_cmake_export_definitions
-- Up-to-date: /home/locobot/Documents/kobuki/install/share/ament_cmake_export_definitions/environment/ament_prefix_path.sh
-- Installing: /home/locobot/Documents/kobuki/install/share/ament_cmake_export_definitions/environment/ament_prefix_path.dsv
-- Up-to-date: /home/locobot/Documents/kobuki/install/share/ament_cmake_export_definitions/environment/path.sh
-- Installing: /home/locobot/Documents/kobuki/install/share/ament_cmake_export_definitions/environment/path.dsv
-- Up-to-date: /home/locobot/Documents/kobuki/install/share/ament_cmake_export_definitions/local_setup.bash
-- Up-to-date: /home/locobot/Documents/kobuki/install/share/ament_cmake_export_definitions/local_setup.sh
-- Up-to-date: /home/locobot/Documents/kobuki/install/share/ament_cmake_export_definitions/local_setup.zsh
-- Installing: /home/locobot/Documents/kobuki/install/share/ament_cmake_export_definitions/local_setup.dsv
-- Installing: /home/locobot/Documents/kobuki/install/share/ament_cmake_export_definitions/package.dsv
-- Up-to-date: /home/locobot/Documents/kobuki/install/share/ament_index/resource_index/packages/ament_cmake_export_definitions
-- Up-to-date: /home/locobot/Documents/kobuki/install/share/ament_cmake_export_definitions/cmake/ament_cmake_export_definitions-extras.cmake
-- Up-to-date: /home/locobot/Documents/kobuki/install/share/ament_cmake_export_definitions/cmake/ament_cmake_export_definitionsConfig.cmake
-- Up-to-date: /home/locobot/Documents/kobuki/install/share/ament_cmake_export_definitions/cmake/ament_cmake_export_definitionsConfig-version.cmake
-- Up-to-date: /home/locobot/Documents/kobuki/install/share/ament_cmake_export_definitions/package.xml
-- Up-to-date: /home/locobot/Documents/kobuki/install/share/ament_cmake_export_definitions/cmake
-- Up-to-date: /home/locobot/Documents/kobuki/install/share/ament_cmake_export_definitions/cmake/ament_cmake_export_definitions-extras.cmake.in
-- Up-to-date: /home/locobot/Documents/kobuki/install/share/ament_cmake_export_definitions/cmake/ament_cmake_export_definitions_package_hook.cmake
-- Up-to-date: /home/locobot/Documents/kobuki/install/share/ament_cmake_export_definitions/cmake/ament_export_definitions.cmake
