[0.222s] Invoking command in '/home/locobot/Documents/kobuki/build/ament_cmake_version': AMENT_PREFIX_PATH=/home/locobot/Documents/kobuki/install CMAKE_PREFIX_PATH=/home/locobot/Documents/kobuki/install LD_LIBRARY_PATH=/home/locobot/Documents/kobuki/install/lib PATH=/home/locobot/Documents/kobuki/install/bin:${PATH} PYTHONPATH=/home/locobot/Documents/kobuki/install/lib/python3.8/site-packages /usr/bin/cmake /home/locobot/Documents/kobuki/src/ament_cmake/ament_cmake_version -DBUILD_TESTING=OFF -DCMAKE_INSTALL_PREFIX=/home/locobot/Documents/kobuki/install
[0.356s] Re-run cmake no build system arguments
[0.356s] -- Found ament_cmake_core: 0.9.12 (/home/locobot/Documents/kobuki/install/share/ament_cmake_core/cmake)
[0.356s] -- Using PYTHON_EXECUTABLE: /usr/bin/python3
[1.104s] -- Configuring done
[1.123s] -- Generating done
[1.128s] -- Build files have been written to: /home/locobot/Documents/kobuki/build/ament_cmake_version
[1.136s] Invoked command in '/home/locobot/Documents/kobuki/build/ament_cmake_version' returned '0': AMENT_PREFIX_PATH=/home/locobot/Documents/kobuki/install CMAKE_PREFIX_PATH=/home/locobot/Documents/kobuki/install LD_LIBRARY_PATH=/home/locobot/Documents/kobuki/install/lib PATH=/home/locobot/Documents/kobuki/install/bin:${PATH} PYTHONPATH=/home/locobot/Documents/kobuki/install/lib/python3.8/site-packages /usr/bin/cmake /home/locobot/Documents/kobuki/src/ament_cmake/ament_cmake_version -DBUILD_TESTING=OFF -DCMAKE_INSTALL_PREFIX=/home/locobot/Documents/kobuki/install
[1.137s] Invoking command in '/home/locobot/Documents/kobuki/build/ament_cmake_version': AMENT_PREFIX_PATH=/home/locobot/Documents/kobuki/install CMAKE_PREFIX_PATH=/home/locobot/Documents/kobuki/install LD_LIBRARY_PATH=/home/locobot/Documents/kobuki/install/lib PATH=/home/locobot/Documents/kobuki/install/bin:${PATH} PYTHONPATH=/home/locobot/Documents/kobuki/install/lib/python3.8/site-packages /usr/bin/cmake --build /home/locobot/Documents/kobuki/build/ament_cmake_version -- -j4 -l4
[1.246s] /usr/bin/cmake -S/home/locobot/Documents/kobuki/src/ament_cmake/ament_cmake_version -B/home/locobot/Documents/kobuki/build/ament_cmake_version --check-build-system CMakeFiles/Makefile.cmake 0
[1.292s] /usr/bin/cmake -E cmake_progress_start /home/locobot/Documents/kobuki/build/ament_cmake_version/CMakeFiles /home/locobot/Documents/kobuki/build/ament_cmake_version/CMakeFiles/progress.marks
[1.324s] /usr/bin/make -f CMakeFiles/Makefile2 all
[1.331s] make[1]: Entering directory '/home/locobot/Documents/kobuki/build/ament_cmake_version'
[1.332s] make[1]: Nothing to be done for 'all'.
[1.332s] make[1]: Leaving directory '/home/locobot/Documents/kobuki/build/ament_cmake_version'
[1.340s] /usr/bin/cmake -E cmake_progress_start /home/locobot/Documents/kobuki/build/ament_cmake_version/CMakeFiles 0
[1.368s] Invoked command in '/home/locobot/Documents/kobuki/build/ament_cmake_version' returned '0': AMENT_PREFIX_PATH=/home/locobot/Documents/kobuki/install CMAKE_PREFIX_PATH=/home/locobot/Documents/kobuki/install LD_LIBRARY_PATH=/home/locobot/Documents/kobuki/install/lib PATH=/home/locobot/Documents/kobuki/install/bin:${PATH} PYTHONPATH=/home/locobot/Documents/kobuki/install/lib/python3.8/site-packages /usr/bin/cmake --build /home/locobot/Documents/kobuki/build/ament_cmake_version -- -j4 -l4
[1.369s] Invoking command in '/home/locobot/Documents/kobuki/build/ament_cmake_version': AMENT_PREFIX_PATH=/home/locobot/Documents/kobuki/install CMAKE_PREFIX_PATH=/home/locobot/Documents/kobuki/install LD_LIBRARY_PATH=/home/locobot/Documents/kobuki/install/lib PATH=/home/locobot/Documents/kobuki/install/bin:${PATH} PYTHONPATH=/home/locobot/Documents/kobuki/install/lib/python3.8/site-packages /usr/bin/cmake --install /home/locobot/Documents/kobuki/build/ament_cmake_version
[1.410s] -- Install configuration: ""
[1.412s] -- Up-to-date: /home/locobot/Documents/kobuki/install/share/ament_index/resource_index/package_run_dependencies/ament_cmake_version
[1.412s] -- Up-to-date: /home/locobot/Documents/kobuki/install/share/ament_index/resource_index/parent_prefix_path/ament_cmake_version
[1.412s] -- Up-to-date: /home/locobot/Documents/kobuki/install/share/ament_cmake_version/environment/ament_prefix_path.sh
[1.412s] -- Installing: /home/locobot/Documents/kobuki/install/share/ament_cmake_version/environment/ament_prefix_path.dsv
[1.413s] -- Up-to-date: /home/locobot/Documents/kobuki/install/share/ament_cmake_version/environment/path.sh
[1.413s] -- Installing: /home/locobot/Documents/kobuki/install/share/ament_cmake_version/environment/path.dsv
[1.413s] -- Up-to-date: /home/locobot/Documents/kobuki/install/share/ament_cmake_version/local_setup.bash
[1.413s] -- Up-to-date: /home/locobot/Documents/kobuki/install/share/ament_cmake_version/local_setup.sh
[1.413s] -- Up-to-date: /home/locobot/Documents/kobuki/install/share/ament_cmake_version/local_setup.zsh
[1.413s] -- Installing: /home/locobot/Documents/kobuki/install/share/ament_cmake_version/local_setup.dsv
[1.413s] -- Installing: /home/locobot/Documents/kobuki/install/share/ament_cmake_version/package.dsv
[1.413s] -- Up-to-date: /home/locobot/Documents/kobuki/install/share/ament_index/resource_index/packages/ament_cmake_version
[1.414s] -- Up-to-date: /home/locobot/Documents/kobuki/install/share/ament_cmake_version/cmake/ament_cmake_version-extras.cmake
[1.414s] -- Up-to-date: /home/locobot/Documents/kobuki/install/share/ament_cmake_version/cmake/ament_cmake_versionConfig.cmake
[1.426s] -- Up-to-date: /home/locobot/Documents/kobuki/install/share/ament_cmake_version/cmake/ament_cmake_versionConfig-version.cmake
[1.426s] -- Up-to-date: /home/locobot/Documents/kobuki/install/share/ament_cmake_version/package.xml
[1.426s] -- Up-to-date: /home/locobot/Documents/kobuki/install/share/ament_cmake_version/cmake
[1.426s] -- Up-to-date: /home/locobot/Documents/kobuki/install/share/ament_cmake_version/cmake/ament_export_development_version_if_higher_than_manifest.cmake
[1.444s] Invoked command in '/home/locobot/Documents/kobuki/build/ament_cmake_version' returned '0': AMENT_PREFIX_PATH=/home/locobot/Documents/kobuki/install CMAKE_PREFIX_PATH=/home/locobot/Documents/kobuki/install LD_LIBRARY_PATH=/home/locobot/Documents/kobuki/install/lib PATH=/home/locobot/Documents/kobuki/install/bin:${PATH} PYTHONPATH=/home/locobot/Documents/kobuki/install/lib/python3.8/site-packages /usr/bin/cmake --install /home/locobot/Documents/kobuki/build/ament_cmake_version
