[0.552s] Invoking command in '/home/locobot/Documents/kobuki/build/ecl_eigen': AMENT_PREFIX_PATH=/home/locobot/Documents/kobuki/install CMAKE_PREFIX_PATH=/home/locobot/Documents/kobuki/install LD_LIBRARY_PATH=/home/locobot/Documents/kobuki/install/lib PATH=/home/locobot/Documents/kobuki/install/bin:${PATH} PYTHONPATH=/home/locobot/Documents/kobuki/install/lib/python3.8/site-packages /usr/bin/cmake /home/locobot/Documents/kobuki/src/ecl_core/ecl_eigen -DBUILD_TESTING=OFF -DCMAKE_BUILD_TYPE=RelWithDebInfo -DCMAKE_INSTALL_PREFIX=/home/locobot/Documents/kobuki/install
[0.625s] -- Found ament_cmake_ros: 0.9.2 (/home/locobot/Documents/kobuki/install/share/ament_cmake_ros/cmake)
[0.739s] -- Using PYTHON_EXECUTABLE: /usr/bin/python3
[1.459s] -- Configuring done
[1.483s] -- Generating done
[1.496s] -- Build files have been written to: /home/locobot/Documents/kobuki/build/ecl_eigen
[1.504s] Invoked command in '/home/locobot/Documents/kobuki/build/ecl_eigen' returned '0': AMENT_PREFIX_PATH=/home/locobot/Documents/kobuki/install CMAKE_PREFIX_PATH=/home/locobot/Documents/kobuki/install LD_LIBRARY_PATH=/home/locobot/Documents/kobuki/install/lib PATH=/home/locobot/Documents/kobuki/install/bin:${PATH} PYTHONPATH=/home/locobot/Documents/kobuki/install/lib/python3.8/site-packages /usr/bin/cmake /home/locobot/Documents/kobuki/src/ecl_core/ecl_eigen -DBUILD_TESTING=OFF -DCMAKE_BUILD_TYPE=RelWithDebInfo -DCMAKE_INSTALL_PREFIX=/home/locobot/Documents/kobuki/install
[1.505s] Invoking command in '/home/locobot/Documents/kobuki/build/ecl_eigen': AMENT_PREFIX_PATH=/home/locobot/Documents/kobuki/install CMAKE_PREFIX_PATH=/home/locobot/Documents/kobuki/install LD_LIBRARY_PATH=/home/locobot/Documents/kobuki/install/lib PATH=/home/locobot/Documents/kobuki/install/bin:${PATH} PYTHONPATH=/home/locobot/Documents/kobuki/install/lib/python3.8/site-packages /usr/bin/cmake --build /home/locobot/Documents/kobuki/build/ecl_eigen -- -j4 -l4
[1.656s] Invoked command in '/home/locobot/Documents/kobuki/build/ecl_eigen' returned '0': AMENT_PREFIX_PATH=/home/locobot/Documents/kobuki/install CMAKE_PREFIX_PATH=/home/locobot/Documents/kobuki/install LD_LIBRARY_PATH=/home/locobot/Documents/kobuki/install/lib PATH=/home/locobot/Documents/kobuki/install/bin:${PATH} PYTHONPATH=/home/locobot/Documents/kobuki/install/lib/python3.8/site-packages /usr/bin/cmake --build /home/locobot/Documents/kobuki/build/ecl_eigen -- -j4 -l4
[1.657s] Invoking command in '/home/locobot/Documents/kobuki/build/ecl_eigen': AMENT_PREFIX_PATH=/home/locobot/Documents/kobuki/install CMAKE_PREFIX_PATH=/home/locobot/Documents/kobuki/install LD_LIBRARY_PATH=/home/locobot/Documents/kobuki/install/lib PATH=/home/locobot/Documents/kobuki/install/bin:${PATH} PYTHONPATH=/home/locobot/Documents/kobuki/install/lib/python3.8/site-packages /usr/bin/cmake --install /home/locobot/Documents/kobuki/build/ecl_eigen
[1.685s] -- Install configuration: "RelWithDebInfo"
[1.685s] -- Up-to-date: /home/locobot/Documents/kobuki/install/include/ecl/eigen.hpp
[1.685s] -- Up-to-date: /home/locobot/Documents/kobuki/install/share/ament_index/resource_index/package_run_dependencies/ecl_eigen
[1.686s] -- Up-to-date: /home/locobot/Documents/kobuki/install/share/ament_index/resource_index/parent_prefix_path/ecl_eigen
[1.686s] -- Up-to-date: /home/locobot/Documents/kobuki/install/share/ecl_eigen/environment/ament_prefix_path.sh
[1.686s] -- Installing: /home/locobot/Documents/kobuki/install/share/ecl_eigen/environment/ament_prefix_path.dsv
[1.686s] -- Up-to-date: /home/locobot/Documents/kobuki/install/share/ecl_eigen/environment/path.sh
[1.686s] -- Installing: /home/locobot/Documents/kobuki/install/share/ecl_eigen/environment/path.dsv
[1.701s] -- Up-to-date: /home/locobot/Documents/kobuki/install/share/ecl_eigen/local_setup.bash
[1.701s] -- Up-to-date: /home/locobot/Documents/kobuki/install/share/ecl_eigen/local_setup.sh
[1.701s] -- Up-to-date: /home/locobot/Documents/kobuki/install/share/ecl_eigen/local_setup.zsh
[1.701s] -- Installing: /home/locobot/Documents/kobuki/install/share/ecl_eigen/local_setup.dsv
[1.701s] -- Installing: /home/locobot/Documents/kobuki/install/share/ecl_eigen/package.dsv
[1.701s] -- Up-to-date: /home/locobot/Documents/kobuki/install/share/ament_index/resource_index/packages/ecl_eigen
[1.701s] -- Up-to-date: /home/locobot/Documents/kobuki/install/share/ecl_eigen/cmake/ecl_eigenExport.cmake
[1.701s] -- Up-to-date: /home/locobot/Documents/kobuki/install/share/ecl_eigen/cmake/ament_cmake_export_targets-extras.cmake
[1.701s] -- Up-to-date: /home/locobot/Documents/kobuki/install/share/ecl_eigen/cmake/ament_cmake_export_include_directories-extras.cmake
[1.701s] -- Up-to-date: /home/locobot/Documents/kobuki/install/share/ecl_eigen/cmake/ament_cmake_export_dependencies-extras.cmake
[1.702s] -- Up-to-date: /home/locobot/Documents/kobuki/install/share/ecl_eigen/cmake/ecl_eigenConfig.cmake
[1.702s] -- Up-to-date: /home/locobot/Documents/kobuki/install/share/ecl_eigen/cmake/ecl_eigenConfig-version.cmake
[1.702s] -- Up-to-date: /home/locobot/Documents/kobuki/install/share/ecl_eigen/package.xml
[1.702s] -- Up-to-date: /home/locobot/Documents/kobuki/install/share/licenses/eigen/COPYING.LESSER
[1.726s] Invoked command in '/home/locobot/Documents/kobuki/build/ecl_eigen' returned '0': AMENT_PREFIX_PATH=/home/locobot/Documents/kobuki/install CMAKE_PREFIX_PATH=/home/locobot/Documents/kobuki/install LD_LIBRARY_PATH=/home/locobot/Documents/kobuki/install/lib PATH=/home/locobot/Documents/kobuki/install/bin:${PATH} PYTHONPATH=/home/locobot/Documents/kobuki/install/lib/python3.8/site-packages /usr/bin/cmake --install /home/locobot/Documents/kobuki/build/ecl_eigen
