[0.315s] Invoking command in '/home/locobot/Documents/kobuki/build/ament_cmake_uncrustify': AMENT_PREFIX_PATH=/home/locobot/Documents/kobuki/install CMAKE_PREFIX_PATH=/home/locobot/Documents/kobuki/install LD_LIBRARY_PATH=/home/locobot/Documents/kobuki/install/lib PATH=/home/locobot/Documents/kobuki/install/bin:${PATH} PYTHONPATH=/home/locobot/Documents/kobuki/install/lib/python3.8/site-packages /usr/bin/cmake /home/locobot/Documents/kobuki/src/ament_lint/ament_cmake_uncrustify -DBUILD_TESTING=OFF -DCMAKE_BUILD_TYPE=RelWithDebInfo -DCMAKE_INSTALL_PREFIX=/home/locobot/Documents/kobuki/install
[0.341s] -- Found ament_cmake_core: 0.9.12 (/home/locobot/Documents/kobuki/install/share/ament_cmake_core/cmake)
[0.364s] -- Using PYTHON_EXECUTABLE: /usr/bin/python3
[0.570s] -- Found ament_cmake_test: 0.9.12 (/home/locobot/Documents/kobuki/install/share/ament_cmake_test/cmake)
[0.691s] -- Configuring done
[0.697s] -- Generating done
[0.700s] -- Build files have been written to: /home/locobot/Documents/kobuki/build/ament_cmake_uncrustify
[1.032s] Invoked command in '/home/locobot/Documents/kobuki/build/ament_cmake_uncrustify' returned '0': AMENT_PREFIX_PATH=/home/locobot/Documents/kobuki/install CMAKE_PREFIX_PATH=/home/locobot/Documents/kobuki/install LD_LIBRARY_PATH=/home/locobot/Documents/kobuki/install/lib PATH=/home/locobot/Documents/kobuki/install/bin:${PATH} PYTHONPATH=/home/locobot/Documents/kobuki/install/lib/python3.8/site-packages /usr/bin/cmake /home/locobot/Documents/kobuki/src/ament_lint/ament_cmake_uncrustify -DBUILD_TESTING=OFF -DCMAKE_BUILD_TYPE=RelWithDebInfo -DCMAKE_INSTALL_PREFIX=/home/locobot/Documents/kobuki/install
[1.033s] Invoking command in '/home/locobot/Documents/kobuki/build/ament_cmake_uncrustify': AMENT_PREFIX_PATH=/home/locobot/Documents/kobuki/install CMAKE_PREFIX_PATH=/home/locobot/Documents/kobuki/install LD_LIBRARY_PATH=/home/locobot/Documents/kobuki/install/lib PATH=/home/locobot/Documents/kobuki/install/bin:${PATH} PYTHONPATH=/home/locobot/Documents/kobuki/install/lib/python3.8/site-packages /usr/bin/cmake --build /home/locobot/Documents/kobuki/build/ament_cmake_uncrustify -- -j4 -l4
[1.090s] Invoked command in '/home/locobot/Documents/kobuki/build/ament_cmake_uncrustify' returned '0': AMENT_PREFIX_PATH=/home/locobot/Documents/kobuki/install CMAKE_PREFIX_PATH=/home/locobot/Documents/kobuki/install LD_LIBRARY_PATH=/home/locobot/Documents/kobuki/install/lib PATH=/home/locobot/Documents/kobuki/install/bin:${PATH} PYTHONPATH=/home/locobot/Documents/kobuki/install/lib/python3.8/site-packages /usr/bin/cmake --build /home/locobot/Documents/kobuki/build/ament_cmake_uncrustify -- -j4 -l4
[1.094s] Invoking command in '/home/locobot/Documents/kobuki/build/ament_cmake_uncrustify': AMENT_PREFIX_PATH=/home/locobot/Documents/kobuki/install CMAKE_PREFIX_PATH=/home/locobot/Documents/kobuki/install LD_LIBRARY_PATH=/home/locobot/Documents/kobuki/install/lib PATH=/home/locobot/Documents/kobuki/install/bin:${PATH} PYTHONPATH=/home/locobot/Documents/kobuki/install/lib/python3.8/site-packages /usr/bin/cmake --install /home/locobot/Documents/kobuki/build/ament_cmake_uncrustify
[1.116s] -- Install configuration: "RelWithDebInfo"
[1.116s] -- Up-to-date: /home/locobot/Documents/kobuki/install/share/ament_index/resource_index/package_run_dependencies/ament_cmake_uncrustify
[1.116s] -- Up-to-date: /home/locobot/Documents/kobuki/install/share/ament_index/resource_index/parent_prefix_path/ament_cmake_uncrustify
[1.117s] -- Up-to-date: /home/locobot/Documents/kobuki/install/share/ament_cmake_uncrustify/environment/ament_prefix_path.sh
[1.117s] -- Installing: /home/locobot/Documents/kobuki/install/share/ament_cmake_uncrustify/environment/ament_prefix_path.dsv
[1.118s] -- Up-to-date: /home/locobot/Documents/kobuki/install/share/ament_cmake_uncrustify/environment/path.sh
[1.118s] -- Installing: /home/locobot/Documents/kobuki/install/share/ament_cmake_uncrustify/environment/path.dsv
[1.119s] -- Up-to-date: /home/locobot/Documents/kobuki/install/share/ament_cmake_uncrustify/local_setup.bash
[1.119s] -- Up-to-date: /home/locobot/Documents/kobuki/install/share/ament_cmake_uncrustify/local_setup.sh
[1.120s] -- Up-to-date: /home/locobot/Documents/kobuki/install/share/ament_cmake_uncrustify/local_setup.zsh
[1.120s] -- Installing: /home/locobot/Documents/kobuki/install/share/ament_cmake_uncrustify/local_setup.dsv
[1.121s] -- Installing: /home/locobot/Documents/kobuki/install/share/ament_cmake_uncrustify/package.dsv
[1.122s] -- Up-to-date: /home/locobot/Documents/kobuki/install/share/ament_index/resource_index/packages/ament_cmake_uncrustify
[1.122s] -- Up-to-date: /home/locobot/Documents/kobuki/install/share/ament_cmake_uncrustify/cmake/ament_cmake_uncrustify-extras.cmake
[1.123s] -- Up-to-date: /home/locobot/Documents/kobuki/install/share/ament_cmake_uncrustify/cmake/ament_cmake_uncrustifyConfig.cmake
[1.123s] -- Up-to-date: /home/locobot/Documents/kobuki/install/share/ament_cmake_uncrustify/cmake/ament_cmake_uncrustifyConfig-version.cmake
[1.123s] -- Up-to-date: /home/locobot/Documents/kobuki/install/share/ament_cmake_uncrustify/package.xml
[1.124s] -- Up-to-date: /home/locobot/Documents/kobuki/install/share/ament_cmake_uncrustify/cmake
[1.124s] -- Up-to-date: /home/locobot/Documents/kobuki/install/share/ament_cmake_uncrustify/cmake/ament_uncrustify.cmake
[1.125s] -- Up-to-date: /home/locobot/Documents/kobuki/install/share/ament_cmake_uncrustify/cmake/ament_cmake_uncrustify_lint_hook.cmake
[1.137s] Invoked command in '/home/locobot/Documents/kobuki/build/ament_cmake_uncrustify' returned '0': AMENT_PREFIX_PATH=/home/locobot/Documents/kobuki/install CMAKE_PREFIX_PATH=/home/locobot/Documents/kobuki/install LD_LIBRARY_PATH=/home/locobot/Documents/kobuki/install/lib PATH=/home/locobot/Documents/kobuki/install/bin:${PATH} PYTHONPATH=/home/locobot/Documents/kobuki/install/lib/python3.8/site-packages /usr/bin/cmake --install /home/locobot/Documents/kobuki/build/ament_cmake_uncrustify
