[0.123s] Invoking command in '/home/locobot/Documents/kobuki/build/ament_cmake_export_definitions': AMENT_PREFIX_PATH=/home/locobot/Documents/kobuki/install CMAKE_PREFIX_PATH=/home/locobot/Documents/kobuki/install PATH=/home/locobot/Documents/kobuki/install/bin:${PATH} PYTHONPATH=/home/locobot/Documents/kobuki/install/lib/python3.8/site-packages /usr/bin/cmake /home/locobot/Documents/kobuki/src/ament_cmake/ament_cmake_export_definitions -DBUILD_TESTING=OFF -DCMAKE_INSTALL_PREFIX=/home/locobot/Documents/kobuki/install
[0.233s] -- Found ament_cmake_core: 0.9.12 (/home/locobot/Documents/kobuki/install/share/ament_cmake_core/cmake)
[0.280s] -- Found PythonInterp: /usr/bin/python3 (found suitable version "3.8.10", minimum required is "3") 
[0.280s] -- Using PYTHON_EXECUTABLE: /usr/bin/python3
[1.165s] -- Configuring done
[1.172s] -- Generating done
[1.179s] -- Build files have been written to: /home/locobot/Documents/kobuki/build/ament_cmake_export_definitions
[1.202s] Invoked command in '/home/locobot/Documents/kobuki/build/ament_cmake_export_definitions' returned '0': AMENT_PREFIX_PATH=/home/locobot/Documents/kobuki/install CMAKE_PREFIX_PATH=/home/locobot/Documents/kobuki/install PATH=/home/locobot/Documents/kobuki/install/bin:${PATH} PYTHONPATH=/home/locobot/Documents/kobuki/install/lib/python3.8/site-packages /usr/bin/cmake /home/locobot/Documents/kobuki/src/ament_cmake/ament_cmake_export_definitions -DBUILD_TESTING=OFF -DCMAKE_INSTALL_PREFIX=/home/locobot/Documents/kobuki/install
[1.206s] Invoking command in '/home/locobot/Documents/kobuki/build/ament_cmake_export_definitions': AMENT_PREFIX_PATH=/home/locobot/Documents/kobuki/install CMAKE_PREFIX_PATH=/home/locobot/Documents/kobuki/install PATH=/home/locobot/Documents/kobuki/install/bin:${PATH} PYTHONPATH=/home/locobot/Documents/kobuki/install/lib/python3.8/site-packages /usr/bin/cmake --build /home/locobot/Documents/kobuki/build/ament_cmake_export_definitions -- -j4 -l4
[1.431s] Invoked command in '/home/locobot/Documents/kobuki/build/ament_cmake_export_definitions' returned '0': AMENT_PREFIX_PATH=/home/locobot/Documents/kobuki/install CMAKE_PREFIX_PATH=/home/locobot/Documents/kobuki/install PATH=/home/locobot/Documents/kobuki/install/bin:${PATH} PYTHONPATH=/home/locobot/Documents/kobuki/install/lib/python3.8/site-packages /usr/bin/cmake --build /home/locobot/Documents/kobuki/build/ament_cmake_export_definitions -- -j4 -l4
[1.435s] Invoking command in '/home/locobot/Documents/kobuki/build/ament_cmake_export_definitions': AMENT_PREFIX_PATH=/home/locobot/Documents/kobuki/install CMAKE_PREFIX_PATH=/home/locobot/Documents/kobuki/install PATH=/home/locobot/Documents/kobuki/install/bin:${PATH} PYTHONPATH=/home/locobot/Documents/kobuki/install/lib/python3.8/site-packages /usr/bin/cmake --install /home/locobot/Documents/kobuki/build/ament_cmake_export_definitions
[1.490s] -- Install configuration: ""
[1.491s] -- Installing: /home/locobot/Documents/kobuki/install/share/ament_index/resource_index/package_run_dependencies/ament_cmake_export_definitions
[1.491s] -- Installing: /home/locobot/Documents/kobuki/install/share/ament_index/resource_index/parent_prefix_path/ament_cmake_export_definitions
[1.491s] -- Installing: /home/locobot/Documents/kobuki/install/share/ament_cmake_export_definitions/environment/ament_prefix_path.sh
[1.491s] -- Installing: /home/locobot/Documents/kobuki/install/share/ament_cmake_export_definitions/environment/ament_prefix_path.dsv
[1.492s] -- Installing: /home/locobot/Documents/kobuki/install/share/ament_cmake_export_definitions/environment/path.sh
[1.492s] -- Installing: /home/locobot/Documents/kobuki/install/share/ament_cmake_export_definitions/environment/path.dsv
[1.492s] -- Installing: /home/locobot/Documents/kobuki/install/share/ament_cmake_export_definitions/local_setup.bash
[1.492s] -- Installing: /home/locobot/Documents/kobuki/install/share/ament_cmake_export_definitions/local_setup.sh
[1.492s] -- Installing: /home/locobot/Documents/kobuki/install/share/ament_cmake_export_definitions/local_setup.zsh
[1.493s] -- Installing: /home/locobot/Documents/kobuki/install/share/ament_cmake_export_definitions/local_setup.dsv
[1.493s] -- Installing: /home/locobot/Documents/kobuki/install/share/ament_cmake_export_definitions/package.dsv
[1.493s] -- Installing: /home/locobot/Documents/kobuki/install/share/ament_index/resource_index/packages/ament_cmake_export_definitions
[1.493s] -- Installing: /home/locobot/Documents/kobuki/install/share/ament_cmake_export_definitions/cmake/ament_cmake_export_definitions-extras.cmake
[1.494s] -- Installing: /home/locobot/Documents/kobuki/install/share/ament_cmake_export_definitions/cmake/ament_cmake_export_definitionsConfig.cmake
[1.498s] -- Installing: /home/locobot/Documents/kobuki/install/share/ament_cmake_export_definitions/cmake/ament_cmake_export_definitionsConfig-version.cmake
[1.498s] -- Installing: /home/locobot/Documents/kobuki/install/share/ament_cmake_export_definitions/package.xml
[1.514s] -- Up-to-date: /home/locobot/Documents/kobuki/install/share/ament_cmake_export_definitions/cmake
[1.516s] -- Installing: /home/locobot/Documents/kobuki/install/share/ament_cmake_export_definitions/cmake/ament_cmake_export_definitions-extras.cmake.in
[1.516s] -- Installing: /home/locobot/Documents/kobuki/install/share/ament_cmake_export_definitions/cmake/ament_cmake_export_definitions_package_hook.cmake
[1.516s] -- Installing: /home/locobot/Documents/kobuki/install/share/ament_cmake_export_definitions/cmake/ament_export_definitions.cmake
[1.528s] Invoked command in '/home/locobot/Documents/kobuki/build/ament_cmake_export_definitions' returned '0': AMENT_PREFIX_PATH=/home/locobot/Documents/kobuki/install CMAKE_PREFIX_PATH=/home/locobot/Documents/kobuki/install PATH=/home/locobot/Documents/kobuki/install/bin:${PATH} PYTHONPATH=/home/locobot/Documents/kobuki/install/lib/python3.8/site-packages /usr/bin/cmake --install /home/locobot/Documents/kobuki/build/ament_cmake_export_definitions
