[0.219s] Invoking command in '/home/locobot/Documents/kobuki/build/ecl_statistics': AMENT_PREFIX_PATH=/home/locobot/Documents/kobuki/install CMAKE_PREFIX_PATH=/home/locobot/Documents/kobuki/install LD_LIBRARY_PATH=/home/locobot/Documents/kobuki/install/lib PATH=/home/locobot/Documents/kobuki/install/bin:${PATH} PKG_CONFIG_PATH=/home/locobot/Documents/kobuki/install/lib/x86_64-linux-gnu/pkgconfig:/home/locobot/Documents/kobuki/install/lib/pkgconfig PYTHONPATH=/home/locobot/Documents/kobuki/install/lib/python3.8/site-packages /usr/bin/cmake /home/locobot/Documents/kobuki/src/ecl_core/ecl_statistics -DBUILD_TESTING=OFF -DCMAKE_BUILD_TYPE=RelWithDebInfo -DCMAKE_INSTALL_PREFIX=/home/locobot/Documents/kobuki/install
[0.249s] -- Found ament_cmake_ros: 0.9.2 (/home/locobot/Documents/kobuki/install/share/ament_cmake_ros/cmake)
[0.265s] -- Using PYTHON_EXECUTABLE: /usr/bin/python3
[0.450s] -- Found ecl_build: 1.0.3 (/home/locobot/Documents/kobuki/install/share/ecl_build/cmake)
[0.460s] -- Found ecl_config: 1.1.0 (/home/locobot/Documents/kobuki/install/share/ecl_config/cmake)
[0.463s] -- Found ecl_linear_algebra: 1.2.1 (/home/locobot/Documents/kobuki/install/share/ecl_linear_algebra/cmake)
[0.710s] -- Configuring done
[0.723s] -- Generating done
[0.729s] -- Build files have been written to: /home/locobot/Documents/kobuki/build/ecl_statistics
[0.757s] Invoked command in '/home/locobot/Documents/kobuki/build/ecl_statistics' returned '0': AMENT_PREFIX_PATH=/home/locobot/Documents/kobuki/install CMAKE_PREFIX_PATH=/home/locobot/Documents/kobuki/install LD_LIBRARY_PATH=/home/locobot/Documents/kobuki/install/lib PATH=/home/locobot/Documents/kobuki/install/bin:${PATH} PKG_CONFIG_PATH=/home/locobot/Documents/kobuki/install/lib/x86_64-linux-gnu/pkgconfig:/home/locobot/Documents/kobuki/install/lib/pkgconfig PYTHONPATH=/home/locobot/Documents/kobuki/install/lib/python3.8/site-packages /usr/bin/cmake /home/locobot/Documents/kobuki/src/ecl_core/ecl_statistics -DBUILD_TESTING=OFF -DCMAKE_BUILD_TYPE=RelWithDebInfo -DCMAKE_INSTALL_PREFIX=/home/locobot/Documents/kobuki/install
[0.758s] Invoking command in '/home/locobot/Documents/kobuki/build/ecl_statistics': AMENT_PREFIX_PATH=/home/locobot/Documents/kobuki/install CMAKE_PREFIX_PATH=/home/locobot/Documents/kobuki/install LD_LIBRARY_PATH=/home/locobot/Documents/kobuki/install/lib PATH=/home/locobot/Documents/kobuki/install/bin:${PATH} PKG_CONFIG_PATH=/home/locobot/Documents/kobuki/install/lib/x86_64-linux-gnu/pkgconfig:/home/locobot/Documents/kobuki/install/lib/pkgconfig PYTHONPATH=/home/locobot/Documents/kobuki/install/lib/python3.8/site-packages /usr/bin/cmake --build /home/locobot/Documents/kobuki/build/ecl_statistics -- -j4 -l4
[0.858s] [ 50%] [32mBuilding CXX object src/lib/CMakeFiles/ecl_statistics.dir/covariance_ellipsoid.cpp.o[0m
[33.652s] [100%] [32m[1mLinking CXX shared library libecl_statistics.so[0m
[34.475s] [100%] Built target ecl_statistics
[34.520s] Invoked command in '/home/locobot/Documents/kobuki/build/ecl_statistics' returned '0': AMENT_PREFIX_PATH=/home/locobot/Documents/kobuki/install CMAKE_PREFIX_PATH=/home/locobot/Documents/kobuki/install LD_LIBRARY_PATH=/home/locobot/Documents/kobuki/install/lib PATH=/home/locobot/Documents/kobuki/install/bin:${PATH} PKG_CONFIG_PATH=/home/locobot/Documents/kobuki/install/lib/x86_64-linux-gnu/pkgconfig:/home/locobot/Documents/kobuki/install/lib/pkgconfig PYTHONPATH=/home/locobot/Documents/kobuki/install/lib/python3.8/site-packages /usr/bin/cmake --build /home/locobot/Documents/kobuki/build/ecl_statistics -- -j4 -l4
[34.522s] Invoking command in '/home/locobot/Documents/kobuki/build/ecl_statistics': AMENT_PREFIX_PATH=/home/locobot/Documents/kobuki/install CMAKE_PREFIX_PATH=/home/locobot/Documents/kobuki/install LD_LIBRARY_PATH=/home/locobot/Documents/kobuki/install/lib PATH=/home/locobot/Documents/kobuki/install/bin:${PATH} PKG_CONFIG_PATH=/home/locobot/Documents/kobuki/install/lib/x86_64-linux-gnu/pkgconfig:/home/locobot/Documents/kobuki/install/lib/pkgconfig PYTHONPATH=/home/locobot/Documents/kobuki/install/lib/python3.8/site-packages /usr/bin/cmake --install /home/locobot/Documents/kobuki/build/ecl_statistics
[34.556s] -- Install configuration: "RelWithDebInfo"
[34.561s] -- Up-to-date: /home/locobot/Documents/kobuki/install/share/ecl_statistics/environment/library_path.sh
[34.562s] -- Installing: /home/locobot/Documents/kobuki/install/share/ecl_statistics/environment/library_path.dsv
[34.562s] -- Up-to-date: /home/locobot/Documents/kobuki/install/share/ament_index/resource_index/package_run_dependencies/ecl_statistics
[34.564s] -- Up-to-date: /home/locobot/Documents/kobuki/install/share/ament_index/resource_index/parent_prefix_path/ecl_statistics
[34.565s] -- Up-to-date: /home/locobot/Documents/kobuki/install/share/ecl_statistics/environment/ament_prefix_path.sh
[34.569s] -- Installing: /home/locobot/Documents/kobuki/install/share/ecl_statistics/environment/ament_prefix_path.dsv
[34.570s] -- Up-to-date: /home/locobot/Documents/kobuki/install/share/ecl_statistics/environment/path.sh
[34.570s] -- Installing: /home/locobot/Documents/kobuki/install/share/ecl_statistics/environment/path.dsv
[34.570s] -- Up-to-date: /home/locobot/Documents/kobuki/install/share/ecl_statistics/local_setup.bash
[34.570s] -- Up-to-date: /home/locobot/Documents/kobuki/install/share/ecl_statistics/local_setup.sh
[34.570s] -- Up-to-date: /home/locobot/Documents/kobuki/install/share/ecl_statistics/local_setup.zsh
[34.570s] -- Installing: /home/locobot/Documents/kobuki/install/share/ecl_statistics/local_setup.dsv
[34.571s] -- Installing: /home/locobot/Documents/kobuki/install/share/ecl_statistics/package.dsv
[34.571s] -- Up-to-date: /home/locobot/Documents/kobuki/install/share/ament_index/resource_index/packages/ecl_statistics
[34.571s] -- Up-to-date: /home/locobot/Documents/kobuki/install/share/ecl_statistics/cmake/ecl_statisticsExport.cmake
[34.571s] -- Installing: /home/locobot/Documents/kobuki/install/share/ecl_statistics/cmake/ecl_statisticsExport-relwithdebinfo.cmake
[34.571s] -- Up-to-date: /home/locobot/Documents/kobuki/install/share/ecl_statistics/cmake/ament_cmake_export_targets-extras.cmake
[34.571s] -- Up-to-date: /home/locobot/Documents/kobuki/install/share/ecl_statistics/cmake/ament_cmake_export_include_directories-extras.cmake
[34.571s] -- Up-to-date: /home/locobot/Documents/kobuki/install/share/ecl_statistics/cmake/ament_cmake_export_libraries-extras.cmake
[34.572s] -- Up-to-date: /home/locobot/Documents/kobuki/install/share/ecl_statistics/cmake/ament_cmake_export_dependencies-extras.cmake
[34.572s] -- Up-to-date: /home/locobot/Documents/kobuki/install/share/ecl_statistics/cmake/ecl_statisticsConfig.cmake
[34.572s] -- Up-to-date: /home/locobot/Documents/kobuki/install/share/ecl_statistics/cmake/ecl_statisticsConfig-version.cmake
[34.572s] -- Up-to-date: /home/locobot/Documents/kobuki/install/share/ecl_statistics/package.xml
[34.572s] -- Up-to-date: /home/locobot/Documents/kobuki/install/include/ecl/statistics.hpp
[34.572s] -- Up-to-date: /home/locobot/Documents/kobuki/install/include/ecl/statistics/covariance_ellipsoid.hpp
[34.573s] -- Up-to-date: /home/locobot/Documents/kobuki/install/include/ecl/statistics/cumulative_statistics.hpp
[34.573s] -- Installing: /home/locobot/Documents/kobuki/install/lib/libecl_statistics.so.1.2.1
[34.634s] -- Set runtime path of "/home/locobot/Documents/kobuki/install/lib/libecl_statistics.so.1.2.1" to ""
[34.635s] -- Up-to-date: /home/locobot/Documents/kobuki/install/lib/libecl_statistics.so
[34.650s] Invoked command in '/home/locobot/Documents/kobuki/build/ecl_statistics' returned '0': AMENT_PREFIX_PATH=/home/locobot/Documents/kobuki/install CMAKE_PREFIX_PATH=/home/locobot/Documents/kobuki/install LD_LIBRARY_PATH=/home/locobot/Documents/kobuki/install/lib PATH=/home/locobot/Documents/kobuki/install/bin:${PATH} PKG_CONFIG_PATH=/home/locobot/Documents/kobuki/install/lib/x86_64-linux-gnu/pkgconfig:/home/locobot/Documents/kobuki/install/lib/pkgconfig PYTHONPATH=/home/locobot/Documents/kobuki/install/lib/python3.8/site-packages /usr/bin/cmake --install /home/locobot/Documents/kobuki/build/ecl_statistics
