[0.328s] Invoking command in '/home/locobot/Documents/kobuki/build/ament_cmake_cpplint': AMENT_PREFIX_PATH=/home/locobot/Documents/kobuki/install CMAKE_PREFIX_PATH=/home/locobot/Documents/kobuki/install PATH=/home/locobot/Documents/kobuki/install/bin:${PATH} PYTHONPATH=/home/locobot/Documents/kobuki/install/lib/python3.8/site-packages /usr/bin/cmake /home/locobot/Documents/kobuki/src/ament_lint/ament_cmake_cpplint -DBUILD_TESTING=OFF -DCMAKE_INSTALL_PREFIX=/home/locobot/Documents/kobuki/install
[0.412s] -- Found ament_cmake_core: 0.9.12 (/home/locobot/Documents/kobuki/install/share/ament_cmake_core/cmake)
[0.471s] -- Found PythonInterp: /usr/bin/python3 (found suitable version "3.8.10", minimum required is "3") 
[0.471s] -- Using PYTHON_EXECUTABLE: /usr/bin/python3
[0.951s] -- Found ament_cmake_test: 0.9.12 (/home/locobot/Documents/kobuki/install/share/ament_cmake_test/cmake)
[1.236s] -- Configuring done
[1.236s] -- Generating done
[1.236s] -- Build files have been written to: /home/locobot/Documents/kobuki/build/ament_cmake_cpplint
[1.284s] Invoked command in '/home/locobot/Documents/kobuki/build/ament_cmake_cpplint' returned '0': AMENT_PREFIX_PATH=/home/locobot/Documents/kobuki/install CMAKE_PREFIX_PATH=/home/locobot/Documents/kobuki/install PATH=/home/locobot/Documents/kobuki/install/bin:${PATH} PYTHONPATH=/home/locobot/Documents/kobuki/install/lib/python3.8/site-packages /usr/bin/cmake /home/locobot/Documents/kobuki/src/ament_lint/ament_cmake_cpplint -DBUILD_TESTING=OFF -DCMAKE_INSTALL_PREFIX=/home/locobot/Documents/kobuki/install
[1.286s] Invoking command in '/home/locobot/Documents/kobuki/build/ament_cmake_cpplint': AMENT_PREFIX_PATH=/home/locobot/Documents/kobuki/install CMAKE_PREFIX_PATH=/home/locobot/Documents/kobuki/install PATH=/home/locobot/Documents/kobuki/install/bin:${PATH} PYTHONPATH=/home/locobot/Documents/kobuki/install/lib/python3.8/site-packages /usr/bin/cmake --build /home/locobot/Documents/kobuki/build/ament_cmake_cpplint -- -j4 -l4
[1.459s] Invoked command in '/home/locobot/Documents/kobuki/build/ament_cmake_cpplint' returned '0': AMENT_PREFIX_PATH=/home/locobot/Documents/kobuki/install CMAKE_PREFIX_PATH=/home/locobot/Documents/kobuki/install PATH=/home/locobot/Documents/kobuki/install/bin:${PATH} PYTHONPATH=/home/locobot/Documents/kobuki/install/lib/python3.8/site-packages /usr/bin/cmake --build /home/locobot/Documents/kobuki/build/ament_cmake_cpplint -- -j4 -l4
[1.460s] Invoking command in '/home/locobot/Documents/kobuki/build/ament_cmake_cpplint': AMENT_PREFIX_PATH=/home/locobot/Documents/kobuki/install CMAKE_PREFIX_PATH=/home/locobot/Documents/kobuki/install PATH=/home/locobot/Documents/kobuki/install/bin:${PATH} PYTHONPATH=/home/locobot/Documents/kobuki/install/lib/python3.8/site-packages /usr/bin/cmake --install /home/locobot/Documents/kobuki/build/ament_cmake_cpplint
[1.508s] -- Install configuration: ""
[1.509s] -- Installing: /home/locobot/Documents/kobuki/install/share/ament_index/resource_index/package_run_dependencies/ament_cmake_cpplint
[1.509s] -- Installing: /home/locobot/Documents/kobuki/install/share/ament_index/resource_index/parent_prefix_path/ament_cmake_cpplint
[1.509s] -- Installing: /home/locobot/Documents/kobuki/install/share/ament_cmake_cpplint/environment/ament_prefix_path.sh
[1.509s] -- Installing: /home/locobot/Documents/kobuki/install/share/ament_cmake_cpplint/environment/ament_prefix_path.dsv
[1.509s] -- Installing: /home/locobot/Documents/kobuki/install/share/ament_cmake_cpplint/environment/path.sh
[1.509s] -- Installing: /home/locobot/Documents/kobuki/install/share/ament_cmake_cpplint/environment/path.dsv
[1.509s] -- Installing: /home/locobot/Documents/kobuki/install/share/ament_cmake_cpplint/local_setup.bash
[1.509s] -- Installing: /home/locobot/Documents/kobuki/install/share/ament_cmake_cpplint/local_setup.sh
[1.510s] -- Installing: /home/locobot/Documents/kobuki/install/share/ament_cmake_cpplint/local_setup.zsh
[1.510s] -- Installing: /home/locobot/Documents/kobuki/install/share/ament_cmake_cpplint/local_setup.dsv
[1.510s] -- Installing: /home/locobot/Documents/kobuki/install/share/ament_cmake_cpplint/package.dsv
[1.510s] -- Installing: /home/locobot/Documents/kobuki/install/share/ament_index/resource_index/packages/ament_cmake_cpplint
[1.510s] -- Installing: /home/locobot/Documents/kobuki/install/share/ament_cmake_cpplint/cmake/ament_cmake_cpplint-extras.cmake
[1.510s] -- Installing: /home/locobot/Documents/kobuki/install/share/ament_cmake_cpplint/cmake/ament_cmake_cpplintConfig.cmake
[1.510s] -- Installing: /home/locobot/Documents/kobuki/install/share/ament_cmake_cpplint/cmake/ament_cmake_cpplintConfig-version.cmake
[1.510s] -- Installing: /home/locobot/Documents/kobuki/install/share/ament_cmake_cpplint/package.xml
[1.511s] -- Up-to-date: /home/locobot/Documents/kobuki/install/share/ament_cmake_cpplint/cmake
[1.526s] -- Installing: /home/locobot/Documents/kobuki/install/share/ament_cmake_cpplint/cmake/ament_cmake_cpplint_lint_hook.cmake
[1.526s] -- Installing: /home/locobot/Documents/kobuki/install/share/ament_cmake_cpplint/cmake/ament_cpplint.cmake
[1.526s] Invoked command in '/home/locobot/Documents/kobuki/build/ament_cmake_cpplint' returned '0': AMENT_PREFIX_PATH=/home/locobot/Documents/kobuki/install CMAKE_PREFIX_PATH=/home/locobot/Documents/kobuki/install PATH=/home/locobot/Documents/kobuki/install/bin:${PATH} PYTHONPATH=/home/locobot/Documents/kobuki/install/lib/python3.8/site-packages /usr/bin/cmake --install /home/locobot/Documents/kobuki/build/ament_cmake_cpplint
