[0.606s] Invoking command in '/home/locobot/Documents/kobuki/build/ecl_eigen': AMENT_PREFIX_PATH=/home/locobot/Documents/kobuki/install CMAKE_PREFIX_PATH=/home/locobot/Documents/kobuki/install PATH=/home/locobot/Documents/kobuki/install/bin:${PATH} PYTHONPATH=/home/locobot/Documents/kobuki/install/lib/python3.8/site-packages /usr/bin/cmake /home/locobot/Documents/kobuki/src/ecl_core/ecl_eigen -DBUILD_TESTING=OFF -DCMAKE_INSTALL_PREFIX=/home/locobot/Documents/kobuki/install
[0.876s] -- The C compiler identification is GNU 9.4.0
[1.099s] -- The CXX compiler identification is GNU 9.4.0
[1.101s] -- Check for working C compiler: /usr/bin/cc
[1.491s] -- Check for working C compiler: /usr/bin/cc -- works
[1.492s] -- Detecting C compiler ABI info
[1.755s] -- Detecting C compiler ABI info - done
[1.791s] -- Detecting C compile features
[1.791s] -- Detecting C compile features - done
[1.799s] -- Check for working CXX compiler: /usr/bin/c++
[2.068s] -- Check for working CXX compiler: /usr/bin/c++ -- works
[2.071s] -- Detecting CXX compiler ABI info
[2.320s] -- Detecting CXX compiler ABI info - done
[2.374s] -- Detecting CXX compile features
[2.378s] -- Detecting CXX compile features - done
[2.380s] -- Found ament_cmake_ros: 0.9.2 (/home/locobot/Documents/kobuki/install/share/ament_cmake_ros/cmake)
[2.429s] -- Found PythonInterp: /usr/bin/python3 (found suitable version "3.8.10", minimum required is "3") 
[2.430s] -- Using PYTHON_EXECUTABLE: /usr/bin/python3
[2.847s] -- Configuring done
[2.851s] -- Generating done
[2.856s] -- Build files have been written to: /home/locobot/Documents/kobuki/build/ecl_eigen
[2.861s] Invoked command in '/home/locobot/Documents/kobuki/build/ecl_eigen' returned '0': AMENT_PREFIX_PATH=/home/locobot/Documents/kobuki/install CMAKE_PREFIX_PATH=/home/locobot/Documents/kobuki/install PATH=/home/locobot/Documents/kobuki/install/bin:${PATH} PYTHONPATH=/home/locobot/Documents/kobuki/install/lib/python3.8/site-packages /usr/bin/cmake /home/locobot/Documents/kobuki/src/ecl_core/ecl_eigen -DBUILD_TESTING=OFF -DCMAKE_INSTALL_PREFIX=/home/locobot/Documents/kobuki/install
[2.878s] Invoking command in '/home/locobot/Documents/kobuki/build/ecl_eigen': AMENT_PREFIX_PATH=/home/locobot/Documents/kobuki/install CMAKE_PREFIX_PATH=/home/locobot/Documents/kobuki/install PATH=/home/locobot/Documents/kobuki/install/bin:${PATH} PYTHONPATH=/home/locobot/Documents/kobuki/install/lib/python3.8/site-packages /usr/bin/cmake --build /home/locobot/Documents/kobuki/build/ecl_eigen -- -j4 -l4
[2.963s] Invoked command in '/home/locobot/Documents/kobuki/build/ecl_eigen' returned '0': AMENT_PREFIX_PATH=/home/locobot/Documents/kobuki/install CMAKE_PREFIX_PATH=/home/locobot/Documents/kobuki/install PATH=/home/locobot/Documents/kobuki/install/bin:${PATH} PYTHONPATH=/home/locobot/Documents/kobuki/install/lib/python3.8/site-packages /usr/bin/cmake --build /home/locobot/Documents/kobuki/build/ecl_eigen -- -j4 -l4
[2.969s] Invoking command in '/home/locobot/Documents/kobuki/build/ecl_eigen': AMENT_PREFIX_PATH=/home/locobot/Documents/kobuki/install CMAKE_PREFIX_PATH=/home/locobot/Documents/kobuki/install PATH=/home/locobot/Documents/kobuki/install/bin:${PATH} PYTHONPATH=/home/locobot/Documents/kobuki/install/lib/python3.8/site-packages /usr/bin/cmake --install /home/locobot/Documents/kobuki/build/ecl_eigen
[2.976s] -- Install configuration: ""
[2.976s] -- Installing: /home/locobot/Documents/kobuki/install/include/ecl/eigen.hpp
[2.991s] -- Installing: /home/locobot/Documents/kobuki/install/share/ament_index/resource_index/package_run_dependencies/ecl_eigen
[2.993s] -- Installing: /home/locobot/Documents/kobuki/install/share/ament_index/resource_index/parent_prefix_path/ecl_eigen
[2.993s] -- Installing: /home/locobot/Documents/kobuki/install/share/ecl_eigen/environment/ament_prefix_path.sh
[2.994s] -- Installing: /home/locobot/Documents/kobuki/install/share/ecl_eigen/environment/ament_prefix_path.dsv
[2.994s] -- Installing: /home/locobot/Documents/kobuki/install/share/ecl_eigen/environment/path.sh
[2.994s] -- Installing: /home/locobot/Documents/kobuki/install/share/ecl_eigen/environment/path.dsv
[2.994s] -- Installing: /home/locobot/Documents/kobuki/install/share/ecl_eigen/local_setup.bash
[2.994s] -- Installing: /home/locobot/Documents/kobuki/install/share/ecl_eigen/local_setup.sh
[2.994s] -- Installing: /home/locobot/Documents/kobuki/install/share/ecl_eigen/local_setup.zsh
[2.994s] -- Installing: /home/locobot/Documents/kobuki/install/share/ecl_eigen/local_setup.dsv
[2.994s] -- Installing: /home/locobot/Documents/kobuki/install/share/ecl_eigen/package.dsv
[3.032s] -- Installing: /home/locobot/Documents/kobuki/install/share/ament_index/resource_index/packages/ecl_eigen
[3.033s] -- Installing: /home/locobot/Documents/kobuki/install/share/ecl_eigen/cmake/ecl_eigenExport.cmake
[3.034s] -- Installing: /home/locobot/Documents/kobuki/install/share/ecl_eigen/cmake/ament_cmake_export_targets-extras.cmake
[3.035s] -- Installing: /home/locobot/Documents/kobuki/install/share/ecl_eigen/cmake/ament_cmake_export_include_directories-extras.cmake
[3.035s] -- Installing: /home/locobot/Documents/kobuki/install/share/ecl_eigen/cmake/ament_cmake_export_dependencies-extras.cmake
[3.035s] -- Installing: /home/locobot/Documents/kobuki/install/share/ecl_eigen/cmake/ecl_eigenConfig.cmake
[3.035s] -- Installing: /home/locobot/Documents/kobuki/install/share/ecl_eigen/cmake/ecl_eigenConfig-version.cmake
[3.035s] -- Installing: /home/locobot/Documents/kobuki/install/share/ecl_eigen/package.xml
[3.035s] -- Installing: /home/locobot/Documents/kobuki/install/share/licenses/eigen/COPYING.LESSER
[3.035s] Invoked command in '/home/locobot/Documents/kobuki/build/ecl_eigen' returned '0': AMENT_PREFIX_PATH=/home/locobot/Documents/kobuki/install CMAKE_PREFIX_PATH=/home/locobot/Documents/kobuki/install PATH=/home/locobot/Documents/kobuki/install/bin:${PATH} PYTHONPATH=/home/locobot/Documents/kobuki/install/lib/python3.8/site-packages /usr/bin/cmake --install /home/locobot/Documents/kobuki/build/ecl_eigen
