[0.140s] Invoking command in '/home/locobot/Documents/kobuki/build/ament_cmake_export_targets': AMENT_PREFIX_PATH=/home/locobot/Documents/kobuki/install CMAKE_PREFIX_PATH=/home/locobot/Documents/kobuki/install LD_LIBRARY_PATH=/home/locobot/Documents/kobuki/install/lib PATH=/home/locobot/Documents/kobuki/install/bin:${PATH} PYTHONPATH=/home/locobot/Documents/kobuki/install/lib/python3.8/site-packages /usr/bin/cmake /home/locobot/Documents/kobuki/src/ament_cmake/ament_cmake_export_targets -DBUILD_TESTING=OFF --no-warn-unused-cli -DCMAKE_INSTALL_PREFIX=/home/locobot/Documents/kobuki/install
[0.176s] Not searching for unused variables given on the command line.
[0.179s] -- Found ament_cmake_core: 0.9.12 (/home/locobot/Documents/kobuki/install/share/ament_cmake_core/cmake)
[0.200s] -- Using PYTHON_EXECUTABLE: /usr/bin/python3
[0.575s] -- Configuring done
[0.582s] -- Generating done
[0.584s] -- Build files have been written to: /home/locobot/Documents/kobuki/build/ament_cmake_export_targets
[0.741s] Invoked command in '/home/locobot/Documents/kobuki/build/ament_cmake_export_targets' returned '0': AMENT_PREFIX_PATH=/home/locobot/Documents/kobuki/install CMAKE_PREFIX_PATH=/home/locobot/Documents/kobuki/install LD_LIBRARY_PATH=/home/locobot/Documents/kobuki/install/lib PATH=/home/locobot/Documents/kobuki/install/bin:${PATH} PYTHONPATH=/home/locobot/Documents/kobuki/install/lib/python3.8/site-packages /usr/bin/cmake /home/locobot/Documents/kobuki/src/ament_cmake/ament_cmake_export_targets -DBUILD_TESTING=OFF --no-warn-unused-cli -DCMAKE_INSTALL_PREFIX=/home/locobot/Documents/kobuki/install
[0.747s] Invoking command in '/home/locobot/Documents/kobuki/build/ament_cmake_export_targets': AMENT_PREFIX_PATH=/home/locobot/Documents/kobuki/install CMAKE_PREFIX_PATH=/home/locobot/Documents/kobuki/install LD_LIBRARY_PATH=/home/locobot/Documents/kobuki/install/lib PATH=/home/locobot/Documents/kobuki/install/bin:${PATH} PYTHONPATH=/home/locobot/Documents/kobuki/install/lib/python3.8/site-packages /usr/bin/cmake --build /home/locobot/Documents/kobuki/build/ament_cmake_export_targets -- -j4 -l4
[0.895s] Invoked command in '/home/locobot/Documents/kobuki/build/ament_cmake_export_targets' returned '0': AMENT_PREFIX_PATH=/home/locobot/Documents/kobuki/install CMAKE_PREFIX_PATH=/home/locobot/Documents/kobuki/install LD_LIBRARY_PATH=/home/locobot/Documents/kobuki/install/lib PATH=/home/locobot/Documents/kobuki/install/bin:${PATH} PYTHONPATH=/home/locobot/Documents/kobuki/install/lib/python3.8/site-packages /usr/bin/cmake --build /home/locobot/Documents/kobuki/build/ament_cmake_export_targets -- -j4 -l4
[0.896s] Invoking command in '/home/locobot/Documents/kobuki/build/ament_cmake_export_targets': AMENT_PREFIX_PATH=/home/locobot/Documents/kobuki/install CMAKE_PREFIX_PATH=/home/locobot/Documents/kobuki/install LD_LIBRARY_PATH=/home/locobot/Documents/kobuki/install/lib PATH=/home/locobot/Documents/kobuki/install/bin:${PATH} PYTHONPATH=/home/locobot/Documents/kobuki/install/lib/python3.8/site-packages /usr/bin/cmake --install /home/locobot/Documents/kobuki/build/ament_cmake_export_targets
[0.990s] -- Install configuration: ""
[0.990s] -- Up-to-date: /home/locobot/Documents/kobuki/install/share/ament_index/resource_index/package_run_dependencies/ament_cmake_export_targets
[0.990s] -- Up-to-date: /home/locobot/Documents/kobuki/install/share/ament_index/resource_index/parent_prefix_path/ament_cmake_export_targets
[0.990s] -- Up-to-date: /home/locobot/Documents/kobuki/install/share/ament_cmake_export_targets/environment/ament_prefix_path.sh
[0.990s] -- Installing: /home/locobot/Documents/kobuki/install/share/ament_cmake_export_targets/environment/ament_prefix_path.dsv
[0.990s] -- Up-to-date: /home/locobot/Documents/kobuki/install/share/ament_cmake_export_targets/environment/path.sh
[0.990s] -- Installing: /home/locobot/Documents/kobuki/install/share/ament_cmake_export_targets/environment/path.dsv
[0.991s] -- Up-to-date: /home/locobot/Documents/kobuki/install/share/ament_cmake_export_targets/local_setup.bash
[0.991s] -- Up-to-date: /home/locobot/Documents/kobuki/install/share/ament_cmake_export_targets/local_setup.sh
[0.991s] -- Up-to-date: /home/locobot/Documents/kobuki/install/share/ament_cmake_export_targets/local_setup.zsh
[0.991s] -- Installing: /home/locobot/Documents/kobuki/install/share/ament_cmake_export_targets/local_setup.dsv
[0.991s] -- Installing: /home/locobot/Documents/kobuki/install/share/ament_cmake_export_targets/package.dsv
[0.991s] -- Up-to-date: /home/locobot/Documents/kobuki/install/share/ament_index/resource_index/packages/ament_cmake_export_targets
[0.991s] -- Up-to-date: /home/locobot/Documents/kobuki/install/share/ament_cmake_export_targets/cmake/ament_cmake_export_targets-extras.cmake
[0.991s] -- Up-to-date: /home/locobot/Documents/kobuki/install/share/ament_cmake_export_targets/cmake/ament_cmake_export_targetsConfig.cmake
[0.992s] -- Up-to-date: /home/locobot/Documents/kobuki/install/share/ament_cmake_export_targets/cmake/ament_cmake_export_targetsConfig-version.cmake
[0.992s] -- Up-to-date: /home/locobot/Documents/kobuki/install/share/ament_cmake_export_targets/package.xml
[0.992s] -- Up-to-date: /home/locobot/Documents/kobuki/install/share/ament_cmake_export_targets/cmake
[0.992s] -- Up-to-date: /home/locobot/Documents/kobuki/install/share/ament_cmake_export_targets/cmake/ament_cmake_export_targets_package_hook.cmake
[0.992s] -- Up-to-date: /home/locobot/Documents/kobuki/install/share/ament_cmake_export_targets/cmake/ament_export_targets.cmake
[0.992s] -- Up-to-date: /home/locobot/Documents/kobuki/install/share/ament_cmake_export_targets/cmake/ament_cmake_export_targets-extras.cmake.in
[1.014s] Invoked command in '/home/locobot/Documents/kobuki/build/ament_cmake_export_targets' returned '0': AMENT_PREFIX_PATH=/home/locobot/Documents/kobuki/install CMAKE_PREFIX_PATH=/home/locobot/Documents/kobuki/install LD_LIBRARY_PATH=/home/locobot/Documents/kobuki/install/lib PATH=/home/locobot/Documents/kobuki/install/bin:${PATH} PYTHONPATH=/home/locobot/Documents/kobuki/install/lib/python3.8/site-packages /usr/bin/cmake --install /home/locobot/Documents/kobuki/build/ament_cmake_export_targets
