Re-run cmake no build system arguments
-- Found ament_cmake_ros: 0.9.2 (/home/locobot/Documents/kobuki/install/share/ament_cmake_ros/cmake)
-- Using PYTHON_EXECUTABLE: /usr/bin/python3
-- Found ecl_build: 1.0.3 (/home/locobot/Documents/kobuki/install/share/ecl_build/cmake)
-- Found ecl_config: 1.1.0 (/home/locobot/Documents/kobuki/install/share/ecl_config/cmake)
-- Found ecl_converters: 1.2.1 (/home/locobot/Documents/kobuki/install/share/ecl_converters/cmake)
-- Found ecl_formatters: 1.2.1 (/home/locobot/Documents/kobuki/install/share/ecl_formatters/cmake)
-- Found ecl_utilities: 1.2.1 (/home/locobot/Documents/kobuki/install/share/ecl_utilities/cmake)
-- Configuring done
-- Generating done
-- Build files have been written to: /home/locobot/Documents/kobuki/build/ecl_containers
/usr/bin/cmake -S/home/locobot/Documents/kobuki/src/ecl_core/ecl_containers -B/home/locobot/Documents/kobuki/build/ecl_containers --check-build-system CMakeFiles/Makefile.cmake 0
/usr/bin/cmake -E cmake_progress_start /home/locobot/Documents/kobuki/build/ecl_containers/CMakeFiles /home/locobot/Documents/kobuki/build/ecl_containers/CMakeFiles/progress.marks
/usr/bin/make -f CMakeFiles/Makefile2 all
make[1]: Entering directory '/home/locobot/Documents/kobuki/build/ecl_containers'
/usr/bin/make -f src/examples/CMakeFiles/ecl_demo_formatters.dir/build.make src/examples/CMakeFiles/ecl_demo_formatters.dir/depend
make[2]: Entering directory '/home/locobot/Documents/kobuki/build/ecl_containers'
cd /home/locobot/Documents/kobuki/build/ecl_containers && /usr/bin/cmake -E cmake_depends "Unix Makefiles" /home/locobot/Documents/kobuki/src/ecl_core/ecl_containers /home/locobot/Documents/kobuki/src/ecl_core/ecl_containers/src/examples /home/locobot/Documents/kobuki/build/ecl_containers /home/locobot/Documents/kobuki/build/ecl_containers/src/examples /home/locobot/Documents/kobuki/build/ecl_containers/src/examples/CMakeFiles/ecl_demo_formatters.dir/DependInfo.cmake --color=
make[2]: Leaving directory '/home/locobot/Documents/kobuki/build/ecl_containers'
/usr/bin/make -f src/examples/CMakeFiles/ecl_demo_formatters.dir/build.make src/examples/CMakeFiles/ecl_demo_formatters.dir/build
make[2]: Entering directory '/home/locobot/Documents/kobuki/build/ecl_containers'
make[2]: Nothing to be done for 'src/examples/CMakeFiles/ecl_demo_formatters.dir/build'.
make[2]: Leaving directory '/home/locobot/Documents/kobuki/build/ecl_containers'
[100%] Built target ecl_demo_formatters
make[1]: Leaving directory '/home/locobot/Documents/kobuki/build/ecl_containers'
/usr/bin/cmake -E cmake_progress_start /home/locobot/Documents/kobuki/build/ecl_containers/CMakeFiles 0
-- Install configuration: ""
-- Up-to-date: /home/locobot/Documents/kobuki/install/share/ament_index/resource_index/package_run_dependencies/ecl_containers
-- Up-to-date: /home/locobot/Documents/kobuki/install/share/ament_index/resource_index/parent_prefix_path/ecl_containers
-- Up-to-date: /home/locobot/Documents/kobuki/install/share/ecl_containers/environment/ament_prefix_path.sh
-- Installing: /home/locobot/Documents/kobuki/install/share/ecl_containers/environment/ament_prefix_path.dsv
-- Up-to-date: /home/locobot/Documents/kobuki/install/share/ecl_containers/environment/path.sh
-- Installing: /home/locobot/Documents/kobuki/install/share/ecl_containers/environment/path.dsv
-- Up-to-date: /home/locobot/Documents/kobuki/install/share/ecl_containers/local_setup.bash
-- Up-to-date: /home/locobot/Documents/kobuki/install/share/ecl_containers/local_setup.sh
-- Up-to-date: /home/locobot/Documents/kobuki/install/share/ecl_containers/local_setup.zsh
-- Installing: /home/locobot/Documents/kobuki/install/share/ecl_containers/local_setup.dsv
-- Installing: /home/locobot/Documents/kobuki/install/share/ecl_containers/package.dsv
-- Up-to-date: /home/locobot/Documents/kobuki/install/share/ament_index/resource_index/packages/ecl_containers
-- Up-to-date: /home/locobot/Documents/kobuki/install/share/ecl_containers/cmake/ecl_containersExport.cmake
-- Up-to-date: /home/locobot/Documents/kobuki/install/share/ecl_containers/cmake/ament_cmake_export_targets-extras.cmake
-- Up-to-date: /home/locobot/Documents/kobuki/install/share/ecl_containers/cmake/ament_cmake_export_include_directories-extras.cmake
-- Up-to-date: /home/locobot/Documents/kobuki/install/share/ecl_containers/cmake/ament_cmake_export_dependencies-extras.cmake
-- Up-to-date: /home/locobot/Documents/kobuki/install/share/ecl_containers/cmake/ecl_containersConfig.cmake
-- Up-to-date: /home/locobot/Documents/kobuki/install/share/ecl_containers/cmake/ecl_containersConfig-version.cmake
-- Up-to-date: /home/locobot/Documents/kobuki/install/share/ecl_containers/package.xml
-- Up-to-date: /home/locobot/Documents/kobuki/install/include/ecl/containers.hpp
-- Up-to-date: /home/locobot/Documents/kobuki/install/include/ecl/containers/array.hpp
-- Up-to-date: /home/locobot/Documents/kobuki/install/include/ecl/containers/converters.hpp
-- Up-to-date: /home/locobot/Documents/kobuki/install/include/ecl/containers/definitions.hpp
-- Up-to-date: /home/locobot/Documents/kobuki/install/include/ecl/containers/fifo.hpp
-- Up-to-date: /home/locobot/Documents/kobuki/install/include/ecl/containers/initialiser.hpp
-- Up-to-date: /home/locobot/Documents/kobuki/install/include/ecl/containers/push_and_pop.hpp
-- Up-to-date: /home/locobot/Documents/kobuki/install/include/ecl/containers/stencil.hpp
-- Up-to-date: /home/locobot/Documents/kobuki/install/include/ecl/containers/common/formatters.hpp
-- Up-to-date: /home/locobot/Documents/kobuki/install/include/ecl/containers/array/array_dynamic_mem_check.hpp
-- Up-to-date: /home/locobot/Documents/kobuki/install/include/ecl/containers/array/array_dynamic_no_mem_check.hpp
-- Up-to-date: /home/locobot/Documents/kobuki/install/include/ecl/containers/array/array_mem_check.hpp
-- Up-to-date: /home/locobot/Documents/kobuki/install/include/ecl/containers/array/array_no_mem_check.hpp
-- Up-to-date: /home/locobot/Documents/kobuki/install/include/ecl/containers/array/converters.hpp
-- Up-to-date: /home/locobot/Documents/kobuki/install/include/ecl/containers/array/formatters.hpp
-- Up-to-date: /home/locobot/Documents/kobuki/install/include/ecl/containers/push_and_pop/formatters.hpp
-- Up-to-date: /home/locobot/Documents/kobuki/install/include/ecl/containers/push_and_pop/push_and_pop_dynamic.hpp
-- Up-to-date: /home/locobot/Documents/kobuki/install/include/ecl/containers/push_and_pop/push_and_pop_fixed.hpp
-- Up-to-date: /home/locobot/Documents/kobuki/install/include/ecl/containers/stencil/converters.hpp
-- Up-to-date: /home/locobot/Documents/kobuki/install/include/ecl/containers/stencil/formatters.hpp
-- Up-to-date: /home/locobot/Documents/kobuki/install/include/ecl/containers/stencil/specialisations.hpp
-- Up-to-date: /home/locobot/Documents/kobuki/install/include/ecl/containers/stencil/stencil.hpp
-- Up-to-date: /home/locobot/Documents/kobuki/install/lib/ecl_containers/demo_formatters
