[0.395s] Invoking command in '/home/locobot/Documents/kobuki/build/ecl_containers': AMENT_PREFIX_PATH=/home/locobot/Documents/kobuki/install CMAKE_PREFIX_PATH=/home/locobot/Documents/kobuki/install LD_LIBRARY_PATH=/home/locobot/Documents/kobuki/install/lib PATH=/home/locobot/Documents/kobuki/install/bin:${PATH} PYTHONPATH=/home/locobot/Documents/kobuki/install/lib/python3.8/site-packages /usr/bin/cmake /home/locobot/Documents/kobuki/src/ecl_core/ecl_containers -DBUILD_TESTING=OFF -DCMAKE_INSTALL_PREFIX=/home/locobot/Documents/kobuki/install
[0.410s] Re-run cmake no build system arguments
[0.439s] -- Found ament_cmake_ros: 0.9.2 (/home/locobot/Documents/kobuki/install/share/ament_cmake_ros/cmake)
[0.498s] -- Using PYTHON_EXECUTABLE: /usr/bin/python3
[0.795s] -- Found ecl_build: 1.0.3 (/home/locobot/Documents/kobuki/install/share/ecl_build/cmake)
[0.825s] -- Found ecl_config: 1.1.0 (/home/locobot/Documents/kobuki/install/share/ecl_config/cmake)
[0.826s] -- Found ecl_converters: 1.2.1 (/home/locobot/Documents/kobuki/install/share/ecl_converters/cmake)
[0.858s] -- Found ecl_formatters: 1.2.1 (/home/locobot/Documents/kobuki/install/share/ecl_formatters/cmake)
[0.858s] -- Found ecl_utilities: 1.2.1 (/home/locobot/Documents/kobuki/install/share/ecl_utilities/cmake)
[1.043s] -- Configuring done
[1.083s] -- Generating done
[1.100s] -- Build files have been written to: /home/locobot/Documents/kobuki/build/ecl_containers
[1.114s] Invoked command in '/home/locobot/Documents/kobuki/build/ecl_containers' returned '0': AMENT_PREFIX_PATH=/home/locobot/Documents/kobuki/install CMAKE_PREFIX_PATH=/home/locobot/Documents/kobuki/install LD_LIBRARY_PATH=/home/locobot/Documents/kobuki/install/lib PATH=/home/locobot/Documents/kobuki/install/bin:${PATH} PYTHONPATH=/home/locobot/Documents/kobuki/install/lib/python3.8/site-packages /usr/bin/cmake /home/locobot/Documents/kobuki/src/ecl_core/ecl_containers -DBUILD_TESTING=OFF -DCMAKE_INSTALL_PREFIX=/home/locobot/Documents/kobuki/install
[1.116s] Invoking command in '/home/locobot/Documents/kobuki/build/ecl_containers': AMENT_PREFIX_PATH=/home/locobot/Documents/kobuki/install CMAKE_PREFIX_PATH=/home/locobot/Documents/kobuki/install LD_LIBRARY_PATH=/home/locobot/Documents/kobuki/install/lib PATH=/home/locobot/Documents/kobuki/install/bin:${PATH} PYTHONPATH=/home/locobot/Documents/kobuki/install/lib/python3.8/site-packages /usr/bin/cmake --build /home/locobot/Documents/kobuki/build/ecl_containers -- -j4 -l4
[1.143s] /usr/bin/cmake -S/home/locobot/Documents/kobuki/src/ecl_core/ecl_containers -B/home/locobot/Documents/kobuki/build/ecl_containers --check-build-system CMakeFiles/Makefile.cmake 0
[1.159s] /usr/bin/cmake -E cmake_progress_start /home/locobot/Documents/kobuki/build/ecl_containers/CMakeFiles /home/locobot/Documents/kobuki/build/ecl_containers/CMakeFiles/progress.marks
[1.209s] /usr/bin/make -f CMakeFiles/Makefile2 all
[1.217s] make[1]: Entering directory '/home/locobot/Documents/kobuki/build/ecl_containers'
[1.217s] /usr/bin/make -f src/examples/CMakeFiles/ecl_demo_formatters.dir/build.make src/examples/CMakeFiles/ecl_demo_formatters.dir/depend
[1.221s] make[2]: Entering directory '/home/locobot/Documents/kobuki/build/ecl_containers'
[1.222s] cd /home/locobot/Documents/kobuki/build/ecl_containers && /usr/bin/cmake -E cmake_depends "Unix Makefiles" /home/locobot/Documents/kobuki/src/ecl_core/ecl_containers /home/locobot/Documents/kobuki/src/ecl_core/ecl_containers/src/examples /home/locobot/Documents/kobuki/build/ecl_containers /home/locobot/Documents/kobuki/build/ecl_containers/src/examples /home/locobot/Documents/kobuki/build/ecl_containers/src/examples/CMakeFiles/ecl_demo_formatters.dir/DependInfo.cmake --color=
[1.276s] make[2]: Leaving directory '/home/locobot/Documents/kobuki/build/ecl_containers'
[1.276s] /usr/bin/make -f src/examples/CMakeFiles/ecl_demo_formatters.dir/build.make src/examples/CMakeFiles/ecl_demo_formatters.dir/build
[1.288s] make[2]: Entering directory '/home/locobot/Documents/kobuki/build/ecl_containers'
[1.288s] make[2]: Nothing to be done for 'src/examples/CMakeFiles/ecl_demo_formatters.dir/build'.
[1.289s] make[2]: Leaving directory '/home/locobot/Documents/kobuki/build/ecl_containers'
[1.313s] [100%] Built target ecl_demo_formatters
[1.313s] make[1]: Leaving directory '/home/locobot/Documents/kobuki/build/ecl_containers'
[1.316s] /usr/bin/cmake -E cmake_progress_start /home/locobot/Documents/kobuki/build/ecl_containers/CMakeFiles 0
[1.403s] Invoked command in '/home/locobot/Documents/kobuki/build/ecl_containers' returned '0': AMENT_PREFIX_PATH=/home/locobot/Documents/kobuki/install CMAKE_PREFIX_PATH=/home/locobot/Documents/kobuki/install LD_LIBRARY_PATH=/home/locobot/Documents/kobuki/install/lib PATH=/home/locobot/Documents/kobuki/install/bin:${PATH} PYTHONPATH=/home/locobot/Documents/kobuki/install/lib/python3.8/site-packages /usr/bin/cmake --build /home/locobot/Documents/kobuki/build/ecl_containers -- -j4 -l4
[1.404s] Invoking command in '/home/locobot/Documents/kobuki/build/ecl_containers': AMENT_PREFIX_PATH=/home/locobot/Documents/kobuki/install CMAKE_PREFIX_PATH=/home/locobot/Documents/kobuki/install LD_LIBRARY_PATH=/home/locobot/Documents/kobuki/install/lib PATH=/home/locobot/Documents/kobuki/install/bin:${PATH} PYTHONPATH=/home/locobot/Documents/kobuki/install/lib/python3.8/site-packages /usr/bin/cmake --install /home/locobot/Documents/kobuki/build/ecl_containers
[1.432s] -- Install configuration: ""
[1.432s] -- Up-to-date: /home/locobot/Documents/kobuki/install/share/ament_index/resource_index/package_run_dependencies/ecl_containers
[1.441s] -- Up-to-date: /home/locobot/Documents/kobuki/install/share/ament_index/resource_index/parent_prefix_path/ecl_containers
[1.441s] -- Up-to-date: /home/locobot/Documents/kobuki/install/share/ecl_containers/environment/ament_prefix_path.sh
[1.441s] -- Installing: /home/locobot/Documents/kobuki/install/share/ecl_containers/environment/ament_prefix_path.dsv
[1.441s] -- Up-to-date: /home/locobot/Documents/kobuki/install/share/ecl_containers/environment/path.sh
[1.442s] -- Installing: /home/locobot/Documents/kobuki/install/share/ecl_containers/environment/path.dsv
[1.442s] -- Up-to-date: /home/locobot/Documents/kobuki/install/share/ecl_containers/local_setup.bash
[1.442s] -- Up-to-date: /home/locobot/Documents/kobuki/install/share/ecl_containers/local_setup.sh
[1.442s] -- Up-to-date: /home/locobot/Documents/kobuki/install/share/ecl_containers/local_setup.zsh
[1.442s] -- Installing: /home/locobot/Documents/kobuki/install/share/ecl_containers/local_setup.dsv
[1.442s] -- Installing: /home/locobot/Documents/kobuki/install/share/ecl_containers/package.dsv
[1.442s] -- Up-to-date: /home/locobot/Documents/kobuki/install/share/ament_index/resource_index/packages/ecl_containers
[1.443s] -- Up-to-date: /home/locobot/Documents/kobuki/install/share/ecl_containers/cmake/ecl_containersExport.cmake
[1.443s] -- Up-to-date: /home/locobot/Documents/kobuki/install/share/ecl_containers/cmake/ament_cmake_export_targets-extras.cmake
[1.443s] -- Up-to-date: /home/locobot/Documents/kobuki/install/share/ecl_containers/cmake/ament_cmake_export_include_directories-extras.cmake
[1.443s] -- Up-to-date: /home/locobot/Documents/kobuki/install/share/ecl_containers/cmake/ament_cmake_export_dependencies-extras.cmake
[1.443s] -- Up-to-date: /home/locobot/Documents/kobuki/install/share/ecl_containers/cmake/ecl_containersConfig.cmake
[1.443s] -- Up-to-date: /home/locobot/Documents/kobuki/install/share/ecl_containers/cmake/ecl_containersConfig-version.cmake
[1.443s] -- Up-to-date: /home/locobot/Documents/kobuki/install/share/ecl_containers/package.xml
[1.443s] -- Up-to-date: /home/locobot/Documents/kobuki/install/include/ecl/containers.hpp
[1.444s] -- Up-to-date: /home/locobot/Documents/kobuki/install/include/ecl/containers/array.hpp
[1.444s] -- Up-to-date: /home/locobot/Documents/kobuki/install/include/ecl/containers/converters.hpp
[1.444s] -- Up-to-date: /home/locobot/Documents/kobuki/install/include/ecl/containers/definitions.hpp
[1.444s] -- Up-to-date: /home/locobot/Documents/kobuki/install/include/ecl/containers/fifo.hpp
[1.444s] -- Up-to-date: /home/locobot/Documents/kobuki/install/include/ecl/containers/initialiser.hpp
[1.444s] -- Up-to-date: /home/locobot/Documents/kobuki/install/include/ecl/containers/push_and_pop.hpp
[1.444s] -- Up-to-date: /home/locobot/Documents/kobuki/install/include/ecl/containers/stencil.hpp
[1.445s] -- Up-to-date: /home/locobot/Documents/kobuki/install/include/ecl/containers/common/formatters.hpp
[1.445s] -- Up-to-date: /home/locobot/Documents/kobuki/install/include/ecl/containers/array/array_dynamic_mem_check.hpp
[1.445s] -- Up-to-date: /home/locobot/Documents/kobuki/install/include/ecl/containers/array/array_dynamic_no_mem_check.hpp
[1.445s] -- Up-to-date: /home/locobot/Documents/kobuki/install/include/ecl/containers/array/array_mem_check.hpp
[1.445s] -- Up-to-date: /home/locobot/Documents/kobuki/install/include/ecl/containers/array/array_no_mem_check.hpp
[1.481s] -- Up-to-date: /home/locobot/Documents/kobuki/install/include/ecl/containers/array/converters.hpp
[1.505s] -- Up-to-date: /home/locobot/Documents/kobuki/install/include/ecl/containers/array/formatters.hpp
[1.521s] -- Up-to-date: /home/locobot/Documents/kobuki/install/include/ecl/containers/push_and_pop/formatters.hpp
[1.522s] -- Up-to-date: /home/locobot/Documents/kobuki/install/include/ecl/containers/push_and_pop/push_and_pop_dynamic.hpp
[1.523s] -- Up-to-date: /home/locobot/Documents/kobuki/install/include/ecl/containers/push_and_pop/push_and_pop_fixed.hpp
[1.523s] -- Up-to-date: /home/locobot/Documents/kobuki/install/include/ecl/containers/stencil/converters.hpp
[1.523s] -- Up-to-date: /home/locobot/Documents/kobuki/install/include/ecl/containers/stencil/formatters.hpp
[1.523s] -- Up-to-date: /home/locobot/Documents/kobuki/install/include/ecl/containers/stencil/specialisations.hpp
[1.523s] -- Up-to-date: /home/locobot/Documents/kobuki/install/include/ecl/containers/stencil/stencil.hpp
[1.523s] -- Up-to-date: /home/locobot/Documents/kobuki/install/lib/ecl_containers/demo_formatters
[1.523s] Invoked command in '/home/locobot/Documents/kobuki/build/ecl_containers' returned '0': AMENT_PREFIX_PATH=/home/locobot/Documents/kobuki/install CMAKE_PREFIX_PATH=/home/locobot/Documents/kobuki/install LD_LIBRARY_PATH=/home/locobot/Documents/kobuki/install/lib PATH=/home/locobot/Documents/kobuki/install/bin:${PATH} PYTHONPATH=/home/locobot/Documents/kobuki/install/lib/python3.8/site-packages /usr/bin/cmake --install /home/locobot/Documents/kobuki/build/ecl_containers
