[0.637s] Invoking command in '/home/locobot/Documents/kobuki/build/ecl_containers': AMENT_PREFIX_PATH=/home/locobot/Documents/kobuki/install CMAKE_PREFIX_PATH=/home/locobot/Documents/kobuki/install LD_LIBRARY_PATH=/home/locobot/Documents/kobuki/install/lib PATH=/home/locobot/Documents/kobuki/install/bin:${PATH} PYTHONPATH=/home/locobot/Documents/kobuki/install/lib/python3.8/site-packages /usr/bin/cmake /home/locobot/Documents/kobuki/src/ecl_core/ecl_containers -DBUILD_TESTING=OFF -DCMAKE_BUILD_TYPE=RelWithDebInfo -DCMAKE_INSTALL_PREFIX=/home/locobot/Documents/kobuki/install
[0.658s] -- Found ament_cmake_ros: 0.9.2 (/home/locobot/Documents/kobuki/install/share/ament_cmake_ros/cmake)
[0.685s] -- Using PYTHON_EXECUTABLE: /usr/bin/python3
[0.893s] -- Found ecl_build: 1.0.3 (/home/locobot/Documents/kobuki/install/share/ecl_build/cmake)
[0.906s] -- Found ecl_config: 1.1.0 (/home/locobot/Documents/kobuki/install/share/ecl_config/cmake)
[0.910s] -- Found ecl_converters: 1.2.1 (/home/locobot/Documents/kobuki/install/share/ecl_converters/cmake)
[0.942s] -- Found ecl_formatters: 1.2.1 (/home/locobot/Documents/kobuki/install/share/ecl_formatters/cmake)
[0.948s] -- Found ecl_utilities: 1.2.1 (/home/locobot/Documents/kobuki/install/share/ecl_utilities/cmake)
[1.107s] -- Configuring done
[1.121s] -- Generating done
[1.126s] -- Build files have been written to: /home/locobot/Documents/kobuki/build/ecl_containers
[1.135s] Invoked command in '/home/locobot/Documents/kobuki/build/ecl_containers' returned '0': AMENT_PREFIX_PATH=/home/locobot/Documents/kobuki/install CMAKE_PREFIX_PATH=/home/locobot/Documents/kobuki/install LD_LIBRARY_PATH=/home/locobot/Documents/kobuki/install/lib PATH=/home/locobot/Documents/kobuki/install/bin:${PATH} PYTHONPATH=/home/locobot/Documents/kobuki/install/lib/python3.8/site-packages /usr/bin/cmake /home/locobot/Documents/kobuki/src/ecl_core/ecl_containers -DBUILD_TESTING=OFF -DCMAKE_BUILD_TYPE=RelWithDebInfo -DCMAKE_INSTALL_PREFIX=/home/locobot/Documents/kobuki/install
[1.136s] Invoking command in '/home/locobot/Documents/kobuki/build/ecl_containers': AMENT_PREFIX_PATH=/home/locobot/Documents/kobuki/install CMAKE_PREFIX_PATH=/home/locobot/Documents/kobuki/install LD_LIBRARY_PATH=/home/locobot/Documents/kobuki/install/lib PATH=/home/locobot/Documents/kobuki/install/bin:${PATH} PYTHONPATH=/home/locobot/Documents/kobuki/install/lib/python3.8/site-packages /usr/bin/cmake --build /home/locobot/Documents/kobuki/build/ecl_containers -- -j4 -l4
[1.212s] [ 50%] [32mBuilding CXX object src/examples/CMakeFiles/ecl_demo_formatters.dir/formatters.cpp.o[0m
[3.501s] [100%] [32m[1mLinking CXX executable demo_formatters[0m
[3.637s] [100%] Built target ecl_demo_formatters
[3.655s] Invoked command in '/home/locobot/Documents/kobuki/build/ecl_containers' returned '0': AMENT_PREFIX_PATH=/home/locobot/Documents/kobuki/install CMAKE_PREFIX_PATH=/home/locobot/Documents/kobuki/install LD_LIBRARY_PATH=/home/locobot/Documents/kobuki/install/lib PATH=/home/locobot/Documents/kobuki/install/bin:${PATH} PYTHONPATH=/home/locobot/Documents/kobuki/install/lib/python3.8/site-packages /usr/bin/cmake --build /home/locobot/Documents/kobuki/build/ecl_containers -- -j4 -l4
[3.657s] Invoking command in '/home/locobot/Documents/kobuki/build/ecl_containers': AMENT_PREFIX_PATH=/home/locobot/Documents/kobuki/install CMAKE_PREFIX_PATH=/home/locobot/Documents/kobuki/install LD_LIBRARY_PATH=/home/locobot/Documents/kobuki/install/lib PATH=/home/locobot/Documents/kobuki/install/bin:${PATH} PYTHONPATH=/home/locobot/Documents/kobuki/install/lib/python3.8/site-packages /usr/bin/cmake --install /home/locobot/Documents/kobuki/build/ecl_containers
[3.671s] -- Install configuration: "RelWithDebInfo"
[3.672s] -- Up-to-date: /home/locobot/Documents/kobuki/install/share/ament_index/resource_index/package_run_dependencies/ecl_containers
[3.672s] -- Up-to-date: /home/locobot/Documents/kobuki/install/share/ament_index/resource_index/parent_prefix_path/ecl_containers
[3.673s] -- Up-to-date: /home/locobot/Documents/kobuki/install/share/ecl_containers/environment/ament_prefix_path.sh
[3.673s] -- Installing: /home/locobot/Documents/kobuki/install/share/ecl_containers/environment/ament_prefix_path.dsv
[3.673s] -- Up-to-date: /home/locobot/Documents/kobuki/install/share/ecl_containers/environment/path.sh
[3.674s] -- Installing: /home/locobot/Documents/kobuki/install/share/ecl_containers/environment/path.dsv
[3.674s] -- Up-to-date: /home/locobot/Documents/kobuki/install/share/ecl_containers/local_setup.bash
[3.675s] -- Up-to-date: /home/locobot/Documents/kobuki/install/share/ecl_containers/local_setup.sh
[3.675s] -- Up-to-date: /home/locobot/Documents/kobuki/install/share/ecl_containers/local_setup.zsh
[3.675s] -- Installing: /home/locobot/Documents/kobuki/install/share/ecl_containers/local_setup.dsv
[3.676s] -- Installing: /home/locobot/Documents/kobuki/install/share/ecl_containers/package.dsv
[3.676s] -- Up-to-date: /home/locobot/Documents/kobuki/install/share/ament_index/resource_index/packages/ecl_containers
[3.677s] -- Up-to-date: /home/locobot/Documents/kobuki/install/share/ecl_containers/cmake/ecl_containersExport.cmake
[3.677s] -- Up-to-date: /home/locobot/Documents/kobuki/install/share/ecl_containers/cmake/ament_cmake_export_targets-extras.cmake
[3.677s] -- Up-to-date: /home/locobot/Documents/kobuki/install/share/ecl_containers/cmake/ament_cmake_export_include_directories-extras.cmake
[3.678s] -- Up-to-date: /home/locobot/Documents/kobuki/install/share/ecl_containers/cmake/ament_cmake_export_dependencies-extras.cmake
[3.678s] -- Up-to-date: /home/locobot/Documents/kobuki/install/share/ecl_containers/cmake/ecl_containersConfig.cmake
[3.678s] -- Up-to-date: /home/locobot/Documents/kobuki/install/share/ecl_containers/cmake/ecl_containersConfig-version.cmake
[3.679s] -- Up-to-date: /home/locobot/Documents/kobuki/install/share/ecl_containers/package.xml
[3.679s] -- Up-to-date: /home/locobot/Documents/kobuki/install/include/ecl/containers.hpp
[3.680s] -- Up-to-date: /home/locobot/Documents/kobuki/install/include/ecl/containers/array.hpp
[3.681s] -- Up-to-date: /home/locobot/Documents/kobuki/install/include/ecl/containers/converters.hpp
[3.681s] -- Up-to-date: /home/locobot/Documents/kobuki/install/include/ecl/containers/definitions.hpp
[3.681s] -- Up-to-date: /home/locobot/Documents/kobuki/install/include/ecl/containers/fifo.hpp
[3.681s] -- Up-to-date: /home/locobot/Documents/kobuki/install/include/ecl/containers/initialiser.hpp
[3.682s] -- Up-to-date: /home/locobot/Documents/kobuki/install/include/ecl/containers/push_and_pop.hpp
[3.682s] -- Up-to-date: /home/locobot/Documents/kobuki/install/include/ecl/containers/stencil.hpp
[3.683s] -- Up-to-date: /home/locobot/Documents/kobuki/install/include/ecl/containers/common/formatters.hpp
[3.683s] -- Up-to-date: /home/locobot/Documents/kobuki/install/include/ecl/containers/array/array_dynamic_mem_check.hpp
[3.684s] -- Up-to-date: /home/locobot/Documents/kobuki/install/include/ecl/containers/array/array_dynamic_no_mem_check.hpp
[3.684s] -- Up-to-date: /home/locobot/Documents/kobuki/install/include/ecl/containers/array/array_mem_check.hpp
[3.684s] -- Up-to-date: /home/locobot/Documents/kobuki/install/include/ecl/containers/array/array_no_mem_check.hpp
[3.684s] -- Up-to-date: /home/locobot/Documents/kobuki/install/include/ecl/containers/array/converters.hpp
[3.685s] -- Up-to-date: /home/locobot/Documents/kobuki/install/include/ecl/containers/array/formatters.hpp
[3.685s] -- Up-to-date: /home/locobot/Documents/kobuki/install/include/ecl/containers/push_and_pop/formatters.hpp
[3.686s] -- Up-to-date: /home/locobot/Documents/kobuki/install/include/ecl/containers/push_and_pop/push_and_pop_dynamic.hpp
[3.686s] -- Up-to-date: /home/locobot/Documents/kobuki/install/include/ecl/containers/push_and_pop/push_and_pop_fixed.hpp
[3.687s] -- Up-to-date: /home/locobot/Documents/kobuki/install/include/ecl/containers/stencil/converters.hpp
[3.687s] -- Up-to-date: /home/locobot/Documents/kobuki/install/include/ecl/containers/stencil/formatters.hpp
[3.687s] -- Up-to-date: /home/locobot/Documents/kobuki/install/include/ecl/containers/stencil/specialisations.hpp
[3.687s] -- Up-to-date: /home/locobot/Documents/kobuki/install/include/ecl/containers/stencil/stencil.hpp
[3.689s] -- Installing: /home/locobot/Documents/kobuki/install/lib/ecl_containers/demo_formatters
[3.690s] -- Set runtime path of "/home/locobot/Documents/kobuki/install/lib/ecl_containers/demo_formatters" to ""
[3.701s] Invoked command in '/home/locobot/Documents/kobuki/build/ecl_containers' returned '0': AMENT_PREFIX_PATH=/home/locobot/Documents/kobuki/install CMAKE_PREFIX_PATH=/home/locobot/Documents/kobuki/install LD_LIBRARY_PATH=/home/locobot/Documents/kobuki/install/lib PATH=/home/locobot/Documents/kobuki/install/bin:${PATH} PYTHONPATH=/home/locobot/Documents/kobuki/install/lib/python3.8/site-packages /usr/bin/cmake --install /home/locobot/Documents/kobuki/build/ecl_containers
