[0.364s] Invoking command in '/home/locobot/Documents/kobuki/build/ament_cmake_lint_cmake': AMENT_PREFIX_PATH=/home/locobot/Documents/kobuki/install CMAKE_PREFIX_PATH=/home/locobot/Documents/kobuki/install LD_LIBRARY_PATH=/home/locobot/Documents/kobuki/install/lib PATH=/home/locobot/Documents/kobuki/install/bin:${PATH} PYTHONPATH=/home/locobot/Documents/kobuki/install/lib/python3.8/site-packages /usr/bin/cmake /home/locobot/Documents/kobuki/src/ament_lint/ament_cmake_lint_cmake -DBUILD_TESTING=OFF --no-warn-unused-cli -DCMAKE_INSTALL_PREFIX=/home/locobot/Documents/kobuki/install
[0.405s] Not searching for unused variables given on the command line.
[0.427s] -- Found ament_cmake_core: 0.9.12 (/home/locobot/Documents/kobuki/install/share/ament_cmake_core/cmake)
[0.448s] -- Using PYTHON_EXECUTABLE: /usr/bin/python3
[0.867s] -- Found ament_cmake_test: 0.9.12 (/home/locobot/Documents/kobuki/install/share/ament_cmake_test/cmake)
[1.087s] -- Configuring done
[1.087s] -- Generating done
[1.089s] -- Build files have been written to: /home/locobot/Documents/kobuki/build/ament_cmake_lint_cmake
[1.094s] Invoked command in '/home/locobot/Documents/kobuki/build/ament_cmake_lint_cmake' returned '0': AMENT_PREFIX_PATH=/home/locobot/Documents/kobuki/install CMAKE_PREFIX_PATH=/home/locobot/Documents/kobuki/install LD_LIBRARY_PATH=/home/locobot/Documents/kobuki/install/lib PATH=/home/locobot/Documents/kobuki/install/bin:${PATH} PYTHONPATH=/home/locobot/Documents/kobuki/install/lib/python3.8/site-packages /usr/bin/cmake /home/locobot/Documents/kobuki/src/ament_lint/ament_cmake_lint_cmake -DBUILD_TESTING=OFF --no-warn-unused-cli -DCMAKE_INSTALL_PREFIX=/home/locobot/Documents/kobuki/install
[1.096s] Invoking command in '/home/locobot/Documents/kobuki/build/ament_cmake_lint_cmake': AMENT_PREFIX_PATH=/home/locobot/Documents/kobuki/install CMAKE_PREFIX_PATH=/home/locobot/Documents/kobuki/install LD_LIBRARY_PATH=/home/locobot/Documents/kobuki/install/lib PATH=/home/locobot/Documents/kobuki/install/bin:${PATH} PYTHONPATH=/home/locobot/Documents/kobuki/install/lib/python3.8/site-packages /usr/bin/cmake --build /home/locobot/Documents/kobuki/build/ament_cmake_lint_cmake -- -j4 -l4
[1.294s] Invoked command in '/home/locobot/Documents/kobuki/build/ament_cmake_lint_cmake' returned '0': AMENT_PREFIX_PATH=/home/locobot/Documents/kobuki/install CMAKE_PREFIX_PATH=/home/locobot/Documents/kobuki/install LD_LIBRARY_PATH=/home/locobot/Documents/kobuki/install/lib PATH=/home/locobot/Documents/kobuki/install/bin:${PATH} PYTHONPATH=/home/locobot/Documents/kobuki/install/lib/python3.8/site-packages /usr/bin/cmake --build /home/locobot/Documents/kobuki/build/ament_cmake_lint_cmake -- -j4 -l4
[1.295s] Invoking command in '/home/locobot/Documents/kobuki/build/ament_cmake_lint_cmake': AMENT_PREFIX_PATH=/home/locobot/Documents/kobuki/install CMAKE_PREFIX_PATH=/home/locobot/Documents/kobuki/install LD_LIBRARY_PATH=/home/locobot/Documents/kobuki/install/lib PATH=/home/locobot/Documents/kobuki/install/bin:${PATH} PYTHONPATH=/home/locobot/Documents/kobuki/install/lib/python3.8/site-packages /usr/bin/cmake --install /home/locobot/Documents/kobuki/build/ament_cmake_lint_cmake
[1.344s] -- Install configuration: ""
[1.344s] -- Up-to-date: /home/locobot/Documents/kobuki/install/share/ament_index/resource_index/package_run_dependencies/ament_cmake_lint_cmake
[1.344s] -- Up-to-date: /home/locobot/Documents/kobuki/install/share/ament_index/resource_index/parent_prefix_path/ament_cmake_lint_cmake
[1.344s] -- Up-to-date: /home/locobot/Documents/kobuki/install/share/ament_cmake_lint_cmake/environment/ament_prefix_path.sh
[1.345s] -- Installing: /home/locobot/Documents/kobuki/install/share/ament_cmake_lint_cmake/environment/ament_prefix_path.dsv
[1.345s] -- Up-to-date: /home/locobot/Documents/kobuki/install/share/ament_cmake_lint_cmake/environment/path.sh
[1.345s] -- Installing: /home/locobot/Documents/kobuki/install/share/ament_cmake_lint_cmake/environment/path.dsv
[1.345s] -- Up-to-date: /home/locobot/Documents/kobuki/install/share/ament_cmake_lint_cmake/local_setup.bash
[1.355s] -- Up-to-date: /home/locobot/Documents/kobuki/install/share/ament_cmake_lint_cmake/local_setup.sh
[1.355s] -- Up-to-date: /home/locobot/Documents/kobuki/install/share/ament_cmake_lint_cmake/local_setup.zsh
[1.355s] -- Installing: /home/locobot/Documents/kobuki/install/share/ament_cmake_lint_cmake/local_setup.dsv
[1.355s] -- Installing: /home/locobot/Documents/kobuki/install/share/ament_cmake_lint_cmake/package.dsv
[1.355s] -- Up-to-date: /home/locobot/Documents/kobuki/install/share/ament_index/resource_index/packages/ament_cmake_lint_cmake
[1.355s] -- Up-to-date: /home/locobot/Documents/kobuki/install/share/ament_cmake_lint_cmake/cmake/ament_cmake_lint_cmake-extras.cmake
[1.356s] -- Up-to-date: /home/locobot/Documents/kobuki/install/share/ament_cmake_lint_cmake/cmake/ament_cmake_lint_cmakeConfig.cmake
[1.356s] -- Up-to-date: /home/locobot/Documents/kobuki/install/share/ament_cmake_lint_cmake/cmake/ament_cmake_lint_cmakeConfig-version.cmake
[1.356s] -- Up-to-date: /home/locobot/Documents/kobuki/install/share/ament_cmake_lint_cmake/package.xml
[1.356s] -- Up-to-date: /home/locobot/Documents/kobuki/install/share/ament_cmake_lint_cmake/cmake
[1.356s] -- Up-to-date: /home/locobot/Documents/kobuki/install/share/ament_cmake_lint_cmake/cmake/ament_lint_cmake.cmake
[1.356s] -- Up-to-date: /home/locobot/Documents/kobuki/install/share/ament_cmake_lint_cmake/cmake/ament_cmake_lint_cmake_lint_hook.cmake
[1.420s] Invoked command in '/home/locobot/Documents/kobuki/build/ament_cmake_lint_cmake' returned '0': AMENT_PREFIX_PATH=/home/locobot/Documents/kobuki/install CMAKE_PREFIX_PATH=/home/locobot/Documents/kobuki/install LD_LIBRARY_PATH=/home/locobot/Documents/kobuki/install/lib PATH=/home/locobot/Documents/kobuki/install/bin:${PATH} PYTHONPATH=/home/locobot/Documents/kobuki/install/lib/python3.8/site-packages /usr/bin/cmake --install /home/locobot/Documents/kobuki/build/ament_cmake_lint_cmake
