[0.291s] Invoking command in '/home/locobot/Documents/kobuki/build/ecl_utilities': AMENT_PREFIX_PATH=/home/locobot/Documents/kobuki/install CMAKE_PREFIX_PATH=/home/locobot/Documents/kobuki/install LD_LIBRARY_PATH=/home/locobot/Documents/kobuki/install/lib PATH=/home/locobot/Documents/kobuki/install/bin:${PATH} PYTHONPATH=/home/locobot/Documents/kobuki/install/lib/python3.8/site-packages /usr/bin/cmake /home/locobot/Documents/kobuki/src/ecl_core/ecl_utilities -DBUILD_TESTING=OFF --no-warn-unused-cli -DCMAKE_INSTALL_PREFIX=/home/locobot/Documents/kobuki/install
[0.304s] Not searching for unused variables given on the command line.
[0.310s] -- Found ament_cmake_ros: 0.9.2 (/home/locobot/Documents/kobuki/install/share/ament_cmake_ros/cmake)
[0.336s] -- Using PYTHON_EXECUTABLE: /usr/bin/python3
[0.689s] -- Found ecl_build: 1.0.3 (/home/locobot/Documents/kobuki/install/share/ecl_build/cmake)
[0.703s] -- Found ecl_concepts: 1.2.1 (/home/locobot/Documents/kobuki/install/share/ecl_concepts/cmake)
[0.841s] -- Configuring done
[0.864s] -- Generating done
[0.864s] -- Build files have been written to: /home/locobot/Documents/kobuki/build/ecl_utilities
[0.898s] Invoked command in '/home/locobot/Documents/kobuki/build/ecl_utilities' returned '0': AMENT_PREFIX_PATH=/home/locobot/Documents/kobuki/install CMAKE_PREFIX_PATH=/home/locobot/Documents/kobuki/install LD_LIBRARY_PATH=/home/locobot/Documents/kobuki/install/lib PATH=/home/locobot/Documents/kobuki/install/bin:${PATH} PYTHONPATH=/home/locobot/Documents/kobuki/install/lib/python3.8/site-packages /usr/bin/cmake /home/locobot/Documents/kobuki/src/ecl_core/ecl_utilities -DBUILD_TESTING=OFF --no-warn-unused-cli -DCMAKE_INSTALL_PREFIX=/home/locobot/Documents/kobuki/install
[0.899s] Invoking command in '/home/locobot/Documents/kobuki/build/ecl_utilities': AMENT_PREFIX_PATH=/home/locobot/Documents/kobuki/install CMAKE_PREFIX_PATH=/home/locobot/Documents/kobuki/install LD_LIBRARY_PATH=/home/locobot/Documents/kobuki/install/lib PATH=/home/locobot/Documents/kobuki/install/bin:${PATH} PYTHONPATH=/home/locobot/Documents/kobuki/install/lib/python3.8/site-packages /usr/bin/cmake --build /home/locobot/Documents/kobuki/build/ecl_utilities -- -j4 -l4
[0.978s] [100%] Built target ecl_demo_constructors
[1.002s] Invoked command in '/home/locobot/Documents/kobuki/build/ecl_utilities' returned '0': AMENT_PREFIX_PATH=/home/locobot/Documents/kobuki/install CMAKE_PREFIX_PATH=/home/locobot/Documents/kobuki/install LD_LIBRARY_PATH=/home/locobot/Documents/kobuki/install/lib PATH=/home/locobot/Documents/kobuki/install/bin:${PATH} PYTHONPATH=/home/locobot/Documents/kobuki/install/lib/python3.8/site-packages /usr/bin/cmake --build /home/locobot/Documents/kobuki/build/ecl_utilities -- -j4 -l4
[1.003s] Invoking command in '/home/locobot/Documents/kobuki/build/ecl_utilities': AMENT_PREFIX_PATH=/home/locobot/Documents/kobuki/install CMAKE_PREFIX_PATH=/home/locobot/Documents/kobuki/install LD_LIBRARY_PATH=/home/locobot/Documents/kobuki/install/lib PATH=/home/locobot/Documents/kobuki/install/bin:${PATH} PYTHONPATH=/home/locobot/Documents/kobuki/install/lib/python3.8/site-packages /usr/bin/cmake --install /home/locobot/Documents/kobuki/build/ecl_utilities
[1.017s] -- Install configuration: ""
[1.017s] -- Up-to-date: /home/locobot/Documents/kobuki/install/share/ament_index/resource_index/package_run_dependencies/ecl_utilities
[1.017s] -- Up-to-date: /home/locobot/Documents/kobuki/install/share/ament_index/resource_index/parent_prefix_path/ecl_utilities
[1.017s] -- Up-to-date: /home/locobot/Documents/kobuki/install/share/ecl_utilities/environment/ament_prefix_path.sh
[1.017s] -- Installing: /home/locobot/Documents/kobuki/install/share/ecl_utilities/environment/ament_prefix_path.dsv
[1.017s] -- Up-to-date: /home/locobot/Documents/kobuki/install/share/ecl_utilities/environment/path.sh
[1.017s] -- Installing: /home/locobot/Documents/kobuki/install/share/ecl_utilities/environment/path.dsv
[1.021s] -- Up-to-date: /home/locobot/Documents/kobuki/install/share/ecl_utilities/local_setup.bash
[1.021s] -- Up-to-date: /home/locobot/Documents/kobuki/install/share/ecl_utilities/local_setup.sh
[1.022s] -- Up-to-date: /home/locobot/Documents/kobuki/install/share/ecl_utilities/local_setup.zsh
[1.022s] -- Installing: /home/locobot/Documents/kobuki/install/share/ecl_utilities/local_setup.dsv
[1.022s] -- Installing: /home/locobot/Documents/kobuki/install/share/ecl_utilities/package.dsv
[1.022s] -- Up-to-date: /home/locobot/Documents/kobuki/install/share/ament_index/resource_index/packages/ecl_utilities
[1.022s] -- Up-to-date: /home/locobot/Documents/kobuki/install/share/ecl_utilities/cmake/ecl_utilitiesExport.cmake
[1.022s] -- Up-to-date: /home/locobot/Documents/kobuki/install/share/ecl_utilities/cmake/ament_cmake_export_targets-extras.cmake
[1.022s] -- Up-to-date: /home/locobot/Documents/kobuki/install/share/ecl_utilities/cmake/ament_cmake_export_include_directories-extras.cmake
[1.022s] -- Up-to-date: /home/locobot/Documents/kobuki/install/share/ecl_utilities/cmake/ament_cmake_export_dependencies-extras.cmake
[1.022s] -- Up-to-date: /home/locobot/Documents/kobuki/install/share/ecl_utilities/cmake/ecl_utilitiesConfig.cmake
[1.022s] -- Up-to-date: /home/locobot/Documents/kobuki/install/share/ecl_utilities/cmake/ecl_utilitiesConfig-version.cmake
[1.023s] -- Up-to-date: /home/locobot/Documents/kobuki/install/share/ecl_utilities/package.xml
[1.023s] -- Up-to-date: /home/locobot/Documents/kobuki/install/include/ecl/utilities.hpp
[1.023s] -- Up-to-date: /home/locobot/Documents/kobuki/install/include/ecl/utilities/blueprints.hpp
[1.023s] -- Up-to-date: /home/locobot/Documents/kobuki/install/include/ecl/utilities/flags.hpp
[1.023s] -- Up-to-date: /home/locobot/Documents/kobuki/install/include/ecl/utilities/function_objects.hpp
[1.023s] -- Up-to-date: /home/locobot/Documents/kobuki/install/include/ecl/utilities/parameter.hpp
[1.023s] -- Up-to-date: /home/locobot/Documents/kobuki/install/include/ecl/utilities/references.hpp
[1.023s] -- Up-to-date: /home/locobot/Documents/kobuki/install/include/ecl/utilities/singleton.hpp
[1.023s] -- Up-to-date: /home/locobot/Documents/kobuki/install/include/ecl/utilities/void.hpp
[1.023s] -- Up-to-date: /home/locobot/Documents/kobuki/install/lib/ecl_utilities/demo_constructors
[1.041s] Invoked command in '/home/locobot/Documents/kobuki/build/ecl_utilities' returned '0': AMENT_PREFIX_PATH=/home/locobot/Documents/kobuki/install CMAKE_PREFIX_PATH=/home/locobot/Documents/kobuki/install LD_LIBRARY_PATH=/home/locobot/Documents/kobuki/install/lib PATH=/home/locobot/Documents/kobuki/install/bin:${PATH} PYTHONPATH=/home/locobot/Documents/kobuki/install/lib/python3.8/site-packages /usr/bin/cmake --install /home/locobot/Documents/kobuki/build/ecl_utilities
