[1.644s] Invoking command in '/home/locobot/Documents/kobuki/src/ament_lint/ament_copyright': AMENT_PREFIX_PATH=/home/locobot/Documents/kobuki/install CMAKE_PREFIX_PATH=/home/locobot/Documents/kobuki/install LD_LIBRARY_PATH=/home/locobot/Documents/kobuki/install/lib PATH=/home/locobot/Documents/kobuki/install/bin:${PATH} PYTHONPATH=/home/locobot/Documents/kobuki/build/ament_copyright/prefix_override:/home/locobot/.local/lib/python3.8/site-packages/colcon_core/task/python/colcon_distutils_commands:/home/locobot/Documents/kobuki/install/lib/python3.8/site-packages:/home/locobot/Documents/kobuki/install/lib/python3.8/site-packages /usr/bin/python3 -W ignore:setup.py install is deprecated -W ignore:easy_install command is deprecated setup.py egg_info --egg-base ../../../build/ament_copyright build --build-base /home/locobot/Documents/kobuki/build/ament_copyright/build install --record /home/locobot/Documents/kobuki/build/ament_copyright/install.log --single-version-externally-managed install_data
[1.997s] running egg_info
[1.997s] writing ../../../build/ament_copyright/ament_copyright.egg-info/PKG-INFO
[1.997s] writing dependency_links to ../../../build/ament_copyright/ament_copyright.egg-info/dependency_links.txt
[1.997s] writing entry points to ../../../build/ament_copyright/ament_copyright.egg-info/entry_points.txt
[1.997s] writing requirements to ../../../build/ament_copyright/ament_copyright.egg-info/requires.txt
[1.997s] writing top-level names to ../../../build/ament_copyright/ament_copyright.egg-info/top_level.txt
[2.055s] reading manifest file '../../../build/ament_copyright/ament_copyright.egg-info/SOURCES.txt'
[2.056s] writing manifest file '../../../build/ament_copyright/ament_copyright.egg-info/SOURCES.txt'
[2.056s] running build
[2.056s] running build_py
[2.056s] running install
[2.056s] running install_lib
[2.067s] running install_data
[2.067s] running install_egg_info
[2.067s] removing '/home/locobot/Documents/kobuki/install/lib/python3.8/site-packages/ament_copyright-0.9.8-py3.8.egg-info' (and everything under it)
[2.067s] Copying ../../../build/ament_copyright/ament_copyright.egg-info to /home/locobot/Documents/kobuki/install/lib/python3.8/site-packages/ament_copyright-0.9.8-py3.8.egg-info
[2.070s] running install_scripts
[2.108s] Installing ament_copyright script to /home/locobot/Documents/kobuki/install/bin
[2.108s] writing list of installed files to '/home/locobot/Documents/kobuki/build/ament_copyright/install.log'
[2.243s] Invoked command in '/home/locobot/Documents/kobuki/src/ament_lint/ament_copyright' returned '0': AMENT_PREFIX_PATH=/home/locobot/Documents/kobuki/install CMAKE_PREFIX_PATH=/home/locobot/Documents/kobuki/install LD_LIBRARY_PATH=/home/locobot/Documents/kobuki/install/lib PATH=/home/locobot/Documents/kobuki/install/bin:${PATH} PYTHONPATH=/home/locobot/Documents/kobuki/build/ament_copyright/prefix_override:/home/locobot/.local/lib/python3.8/site-packages/colcon_core/task/python/colcon_distutils_commands:/home/locobot/Documents/kobuki/install/lib/python3.8/site-packages:/home/locobot/Documents/kobuki/install/lib/python3.8/site-packages /usr/bin/python3 -W ignore:setup.py install is deprecated -W ignore:easy_install command is deprecated setup.py egg_info --egg-base ../../../build/ament_copyright build --build-base /home/locobot/Documents/kobuki/build/ament_copyright/build install --record /home/locobot/Documents/kobuki/build/ament_copyright/install.log --single-version-externally-managed install_data
