[0.142s] Invoking command in '/home/locobot/Documents/kobuki/build/ament_cmake_clang_tidy': AMENT_PREFIX_PATH=/home/locobot/Documents/kobuki/install CMAKE_PREFIX_PATH=/home/locobot/Documents/kobuki/install PATH=/home/locobot/Documents/kobuki/install/bin:${PATH} PYTHONPATH=/home/locobot/Documents/kobuki/install/lib/python3.8/site-packages /usr/bin/cmake /home/locobot/Documents/kobuki/src/ament_lint/ament_cmake_clang_tidy -DBUILD_TESTING=OFF -DCMAKE_INSTALL_PREFIX=/home/locobot/Documents/kobuki/install
[0.226s] -- Found ament_cmake_core: 0.9.12 (/home/locobot/Documents/kobuki/install/share/ament_cmake_core/cmake)
[0.283s] -- Found PythonInterp: /usr/bin/python3 (found suitable version "3.8.10", minimum required is "3") 
[0.283s] -- Using PYTHON_EXECUTABLE: /usr/bin/python3
[0.717s] -- Found ament_cmake_test: 0.9.12 (/home/locobot/Documents/kobuki/install/share/ament_cmake_test/cmake)
[0.897s] -- Configuring done
[0.918s] -- Generating done
[0.937s] -- Build files have been written to: /home/locobot/Documents/kobuki/build/ament_cmake_clang_tidy
[0.958s] Invoked command in '/home/locobot/Documents/kobuki/build/ament_cmake_clang_tidy' returned '0': AMENT_PREFIX_PATH=/home/locobot/Documents/kobuki/install CMAKE_PREFIX_PATH=/home/locobot/Documents/kobuki/install PATH=/home/locobot/Documents/kobuki/install/bin:${PATH} PYTHONPATH=/home/locobot/Documents/kobuki/install/lib/python3.8/site-packages /usr/bin/cmake /home/locobot/Documents/kobuki/src/ament_lint/ament_cmake_clang_tidy -DBUILD_TESTING=OFF -DCMAKE_INSTALL_PREFIX=/home/locobot/Documents/kobuki/install
[0.960s] Invoking command in '/home/locobot/Documents/kobuki/build/ament_cmake_clang_tidy': AMENT_PREFIX_PATH=/home/locobot/Documents/kobuki/install CMAKE_PREFIX_PATH=/home/locobot/Documents/kobuki/install PATH=/home/locobot/Documents/kobuki/install/bin:${PATH} PYTHONPATH=/home/locobot/Documents/kobuki/install/lib/python3.8/site-packages /usr/bin/cmake --build /home/locobot/Documents/kobuki/build/ament_cmake_clang_tidy -- -j4 -l4
[1.095s] Invoked command in '/home/locobot/Documents/kobuki/build/ament_cmake_clang_tidy' returned '0': AMENT_PREFIX_PATH=/home/locobot/Documents/kobuki/install CMAKE_PREFIX_PATH=/home/locobot/Documents/kobuki/install PATH=/home/locobot/Documents/kobuki/install/bin:${PATH} PYTHONPATH=/home/locobot/Documents/kobuki/install/lib/python3.8/site-packages /usr/bin/cmake --build /home/locobot/Documents/kobuki/build/ament_cmake_clang_tidy -- -j4 -l4
[1.099s] Invoking command in '/home/locobot/Documents/kobuki/build/ament_cmake_clang_tidy': AMENT_PREFIX_PATH=/home/locobot/Documents/kobuki/install CMAKE_PREFIX_PATH=/home/locobot/Documents/kobuki/install PATH=/home/locobot/Documents/kobuki/install/bin:${PATH} PYTHONPATH=/home/locobot/Documents/kobuki/install/lib/python3.8/site-packages /usr/bin/cmake --install /home/locobot/Documents/kobuki/build/ament_cmake_clang_tidy
[1.125s] -- Install configuration: ""
[1.126s] -- Installing: /home/locobot/Documents/kobuki/install/share/ament_index/resource_index/package_run_dependencies/ament_cmake_clang_tidy
[1.126s] -- Installing: /home/locobot/Documents/kobuki/install/share/ament_index/resource_index/parent_prefix_path/ament_cmake_clang_tidy
[1.126s] -- Installing: /home/locobot/Documents/kobuki/install/share/ament_cmake_clang_tidy/environment/ament_prefix_path.sh
[1.126s] -- Installing: /home/locobot/Documents/kobuki/install/share/ament_cmake_clang_tidy/environment/ament_prefix_path.dsv
[1.126s] -- Installing: /home/locobot/Documents/kobuki/install/share/ament_cmake_clang_tidy/environment/path.sh
[1.126s] -- Installing: /home/locobot/Documents/kobuki/install/share/ament_cmake_clang_tidy/environment/path.dsv
[1.126s] -- Installing: /home/locobot/Documents/kobuki/install/share/ament_cmake_clang_tidy/local_setup.bash
[1.127s] -- Installing: /home/locobot/Documents/kobuki/install/share/ament_cmake_clang_tidy/local_setup.sh
[1.127s] -- Installing: /home/locobot/Documents/kobuki/install/share/ament_cmake_clang_tidy/local_setup.zsh
[1.127s] -- Installing: /home/locobot/Documents/kobuki/install/share/ament_cmake_clang_tidy/local_setup.dsv
[1.127s] -- Installing: /home/locobot/Documents/kobuki/install/share/ament_cmake_clang_tidy/package.dsv
[1.127s] -- Installing: /home/locobot/Documents/kobuki/install/share/ament_index/resource_index/packages/ament_cmake_clang_tidy
[1.127s] -- Installing: /home/locobot/Documents/kobuki/install/share/ament_cmake_clang_tidy/cmake/ament_cmake_clang_tidy-extras.cmake
[1.127s] -- Installing: /home/locobot/Documents/kobuki/install/share/ament_cmake_clang_tidy/cmake/ament_cmake_clang_tidyConfig.cmake
[1.127s] -- Installing: /home/locobot/Documents/kobuki/install/share/ament_cmake_clang_tidy/cmake/ament_cmake_clang_tidyConfig-version.cmake
[1.127s] -- Installing: /home/locobot/Documents/kobuki/install/share/ament_cmake_clang_tidy/package.xml
[1.127s] -- Up-to-date: /home/locobot/Documents/kobuki/install/share/ament_cmake_clang_tidy/cmake
[1.128s] -- Installing: /home/locobot/Documents/kobuki/install/share/ament_cmake_clang_tidy/cmake/ament_cmake_clang_tidy_lint_hook.cmake
[1.128s] -- Installing: /home/locobot/Documents/kobuki/install/share/ament_cmake_clang_tidy/cmake/ament_clang_tidy.cmake
[1.145s] Invoked command in '/home/locobot/Documents/kobuki/build/ament_cmake_clang_tidy' returned '0': AMENT_PREFIX_PATH=/home/locobot/Documents/kobuki/install CMAKE_PREFIX_PATH=/home/locobot/Documents/kobuki/install PATH=/home/locobot/Documents/kobuki/install/bin:${PATH} PYTHONPATH=/home/locobot/Documents/kobuki/install/lib/python3.8/site-packages /usr/bin/cmake --install /home/locobot/Documents/kobuki/build/ament_cmake_clang_tidy
