[0.493s] Invoking command in '/home/locobot/Documents/kobuki/build/ecl_time': AMENT_PREFIX_PATH=/home/locobot/Documents/kobuki/install CMAKE_PREFIX_PATH=/home/locobot/Documents/kobuki/install LD_LIBRARY_PATH=/home/locobot/Documents/kobuki/install/lib PATH=/home/locobot/Documents/kobuki/install/bin:${PATH} PYTHONPATH=/home/locobot/Documents/kobuki/install/lib/python3.8/site-packages /usr/bin/cmake /home/locobot/Documents/kobuki/src/ecl_core/ecl_time -DBUILD_TESTING=OFF -DCMAKE_INSTALL_PREFIX=/home/locobot/Documents/kobuki/install
[0.513s] Re-run cmake no build system arguments
[0.528s] -- Found ament_cmake_ros: 0.9.2 (/home/locobot/Documents/kobuki/install/share/ament_cmake_ros/cmake)
[0.554s] -- Using PYTHON_EXECUTABLE: /usr/bin/python3
[0.793s] -- Found ecl_build: 1.0.3 (/home/locobot/Documents/kobuki/install/share/ecl_build/cmake)
[0.808s] -- Found ecl_config: 1.1.0 (/home/locobot/Documents/kobuki/install/share/ecl_config/cmake)
[0.809s] -- Found ecl_errors: 1.1.0 (/home/locobot/Documents/kobuki/install/share/ecl_errors/cmake)
[0.813s] -- Found ecl_exceptions: 1.2.1 (/home/locobot/Documents/kobuki/install/share/ecl_exceptions/cmake)
[0.828s] -- Found ecl_time_lite: 1.1.0 (/home/locobot/Documents/kobuki/install/share/ecl_time_lite/cmake)
[0.995s] -- Configuring done
[1.040s] -- Generating done
[1.045s] -- Build files have been written to: /home/locobot/Documents/kobuki/build/ecl_time
[1.098s] Invoked command in '/home/locobot/Documents/kobuki/build/ecl_time' returned '0': AMENT_PREFIX_PATH=/home/locobot/Documents/kobuki/install CMAKE_PREFIX_PATH=/home/locobot/Documents/kobuki/install LD_LIBRARY_PATH=/home/locobot/Documents/kobuki/install/lib PATH=/home/locobot/Documents/kobuki/install/bin:${PATH} PYTHONPATH=/home/locobot/Documents/kobuki/install/lib/python3.8/site-packages /usr/bin/cmake /home/locobot/Documents/kobuki/src/ecl_core/ecl_time -DBUILD_TESTING=OFF -DCMAKE_INSTALL_PREFIX=/home/locobot/Documents/kobuki/install
[1.099s] Invoking command in '/home/locobot/Documents/kobuki/build/ecl_time': AMENT_PREFIX_PATH=/home/locobot/Documents/kobuki/install CMAKE_PREFIX_PATH=/home/locobot/Documents/kobuki/install LD_LIBRARY_PATH=/home/locobot/Documents/kobuki/install/lib PATH=/home/locobot/Documents/kobuki/install/bin:${PATH} PYTHONPATH=/home/locobot/Documents/kobuki/install/lib/python3.8/site-packages /usr/bin/cmake --build /home/locobot/Documents/kobuki/build/ecl_time -- -j4 -l4
[1.172s] /usr/bin/cmake -S/home/locobot/Documents/kobuki/src/ecl_core/ecl_time -B/home/locobot/Documents/kobuki/build/ecl_time --check-build-system CMakeFiles/Makefile.cmake 0
[1.193s] /usr/bin/cmake -E cmake_progress_start /home/locobot/Documents/kobuki/build/ecl_time/CMakeFiles /home/locobot/Documents/kobuki/build/ecl_time/CMakeFiles/progress.marks
[1.220s] /usr/bin/make -f CMakeFiles/Makefile2 all
[1.225s] make[1]: Entering directory '/home/locobot/Documents/kobuki/build/ecl_time'
[1.226s] /usr/bin/make -f src/lib/CMakeFiles/ecl_time.dir/build.make src/lib/CMakeFiles/ecl_time.dir/depend
[1.235s] make[2]: Entering directory '/home/locobot/Documents/kobuki/build/ecl_time'
[1.235s] cd /home/locobot/Documents/kobuki/build/ecl_time && /usr/bin/cmake -E cmake_depends "Unix Makefiles" /home/locobot/Documents/kobuki/src/ecl_core/ecl_time /home/locobot/Documents/kobuki/src/ecl_core/ecl_time/src/lib /home/locobot/Documents/kobuki/build/ecl_time /home/locobot/Documents/kobuki/build/ecl_time/src/lib /home/locobot/Documents/kobuki/build/ecl_time/src/lib/CMakeFiles/ecl_time.dir/DependInfo.cmake --color=
[1.285s] make[2]: Leaving directory '/home/locobot/Documents/kobuki/build/ecl_time'
[1.285s] /usr/bin/make -f src/lib/CMakeFiles/ecl_time.dir/build.make src/lib/CMakeFiles/ecl_time.dir/build
[1.310s] make[2]: Entering directory '/home/locobot/Documents/kobuki/build/ecl_time'
[1.310s] make[2]: Nothing to be done for 'src/lib/CMakeFiles/ecl_time.dir/build'.
[1.310s] make[2]: Leaving directory '/home/locobot/Documents/kobuki/build/ecl_time'
[1.349s] [ 75%] Built target ecl_time
[1.350s] /usr/bin/make -f src/examples/CMakeFiles/ecl_time_example_sleep.dir/build.make src/examples/CMakeFiles/ecl_time_example_sleep.dir/depend
[1.358s] make[2]: Entering directory '/home/locobot/Documents/kobuki/build/ecl_time'
[1.360s] cd /home/locobot/Documents/kobuki/build/ecl_time && /usr/bin/cmake -E cmake_depends "Unix Makefiles" /home/locobot/Documents/kobuki/src/ecl_core/ecl_time /home/locobot/Documents/kobuki/src/ecl_core/ecl_time/src/examples /home/locobot/Documents/kobuki/build/ecl_time /home/locobot/Documents/kobuki/build/ecl_time/src/examples /home/locobot/Documents/kobuki/build/ecl_time/src/examples/CMakeFiles/ecl_time_example_sleep.dir/DependInfo.cmake --color=
[1.394s] make[2]: Leaving directory '/home/locobot/Documents/kobuki/build/ecl_time'
[1.394s] /usr/bin/make -f src/examples/CMakeFiles/ecl_time_example_sleep.dir/build.make src/examples/CMakeFiles/ecl_time_example_sleep.dir/build
[1.411s] make[2]: Entering directory '/home/locobot/Documents/kobuki/build/ecl_time'
[1.411s] make[2]: Nothing to be done for 'src/examples/CMakeFiles/ecl_time_example_sleep.dir/build'.
[1.411s] make[2]: Leaving directory '/home/locobot/Documents/kobuki/build/ecl_time'
[1.425s] [ 87%] Built target ecl_time_example_sleep
[1.426s] /usr/bin/make -f src/examples/CMakeFiles/ecl_time_example_random_number_generator.dir/build.make src/examples/CMakeFiles/ecl_time_example_random_number_generator.dir/depend
[1.440s] make[2]: Entering directory '/home/locobot/Documents/kobuki/build/ecl_time'
[1.440s] cd /home/locobot/Documents/kobuki/build/ecl_time && /usr/bin/cmake -E cmake_depends "Unix Makefiles" /home/locobot/Documents/kobuki/src/ecl_core/ecl_time /home/locobot/Documents/kobuki/src/ecl_core/ecl_time/src/examples /home/locobot/Documents/kobuki/build/ecl_time /home/locobot/Documents/kobuki/build/ecl_time/src/examples /home/locobot/Documents/kobuki/build/ecl_time/src/examples/CMakeFiles/ecl_time_example_random_number_generator.dir/DependInfo.cmake --color=
[1.464s] make[2]: Leaving directory '/home/locobot/Documents/kobuki/build/ecl_time'
[1.465s] /usr/bin/make -f src/examples/CMakeFiles/ecl_time_example_random_number_generator.dir/build.make src/examples/CMakeFiles/ecl_time_example_random_number_generator.dir/build
[1.467s] make[2]: Entering directory '/home/locobot/Documents/kobuki/build/ecl_time'
[1.467s] make[2]: Nothing to be done for 'src/examples/CMakeFiles/ecl_time_example_random_number_generator.dir/build'.
[1.467s] make[2]: Leaving directory '/home/locobot/Documents/kobuki/build/ecl_time'
[1.480s] [100%] Built target ecl_time_example_random_number_generator
[1.480s] make[1]: Leaving directory '/home/locobot/Documents/kobuki/build/ecl_time'
[1.481s] /usr/bin/cmake -E cmake_progress_start /home/locobot/Documents/kobuki/build/ecl_time/CMakeFiles 0
[1.534s] Invoked command in '/home/locobot/Documents/kobuki/build/ecl_time' returned '0': AMENT_PREFIX_PATH=/home/locobot/Documents/kobuki/install CMAKE_PREFIX_PATH=/home/locobot/Documents/kobuki/install LD_LIBRARY_PATH=/home/locobot/Documents/kobuki/install/lib PATH=/home/locobot/Documents/kobuki/install/bin:${PATH} PYTHONPATH=/home/locobot/Documents/kobuki/install/lib/python3.8/site-packages /usr/bin/cmake --build /home/locobot/Documents/kobuki/build/ecl_time -- -j4 -l4
[1.540s] Invoking command in '/home/locobot/Documents/kobuki/build/ecl_time': AMENT_PREFIX_PATH=/home/locobot/Documents/kobuki/install CMAKE_PREFIX_PATH=/home/locobot/Documents/kobuki/install LD_LIBRARY_PATH=/home/locobot/Documents/kobuki/install/lib PATH=/home/locobot/Documents/kobuki/install/bin:${PATH} PYTHONPATH=/home/locobot/Documents/kobuki/install/lib/python3.8/site-packages /usr/bin/cmake --install /home/locobot/Documents/kobuki/build/ecl_time
[1.561s] -- Install configuration: ""
[1.561s] -- Up-to-date: /home/locobot/Documents/kobuki/install/share/ecl_time/environment/library_path.sh
[1.562s] -- Installing: /home/locobot/Documents/kobuki/install/share/ecl_time/environment/library_path.dsv
[1.562s] -- Up-to-date: /home/locobot/Documents/kobuki/install/share/ament_index/resource_index/package_run_dependencies/ecl_time
[1.562s] -- Up-to-date: /home/locobot/Documents/kobuki/install/share/ament_index/resource_index/parent_prefix_path/ecl_time
[1.562s] -- Up-to-date: /home/locobot/Documents/kobuki/install/share/ecl_time/environment/ament_prefix_path.sh
[1.562s] -- Installing: /home/locobot/Documents/kobuki/install/share/ecl_time/environment/ament_prefix_path.dsv
[1.562s] -- Up-to-date: /home/locobot/Documents/kobuki/install/share/ecl_time/environment/path.sh
[1.563s] -- Installing: /home/locobot/Documents/kobuki/install/share/ecl_time/environment/path.dsv
[1.563s] -- Up-to-date: /home/locobot/Documents/kobuki/install/share/ecl_time/local_setup.bash
[1.563s] -- Up-to-date: /home/locobot/Documents/kobuki/install/share/ecl_time/local_setup.sh
[1.563s] -- Up-to-date: /home/locobot/Documents/kobuki/install/share/ecl_time/local_setup.zsh
[1.563s] -- Installing: /home/locobot/Documents/kobuki/install/share/ecl_time/local_setup.dsv
[1.563s] -- Installing: /home/locobot/Documents/kobuki/install/share/ecl_time/package.dsv
[1.563s] -- Up-to-date: /home/locobot/Documents/kobuki/install/share/ament_index/resource_index/packages/ecl_time
[1.564s] -- Up-to-date: /home/locobot/Documents/kobuki/install/share/ecl_time/cmake/ecl_timeExport.cmake
[1.564s] -- Installing: /home/locobot/Documents/kobuki/install/share/ecl_time/cmake/ecl_timeExport-noconfig.cmake
[1.564s] -- Up-to-date: /home/locobot/Documents/kobuki/install/share/ecl_time/cmake/ament_cmake_export_targets-extras.cmake
[1.564s] -- Up-to-date: /home/locobot/Documents/kobuki/install/share/ecl_time/cmake/ament_cmake_export_include_directories-extras.cmake
[1.564s] -- Up-to-date: /home/locobot/Documents/kobuki/install/share/ecl_time/cmake/ament_cmake_export_libraries-extras.cmake
[1.565s] -- Up-to-date: /home/locobot/Documents/kobuki/install/share/ecl_time/cmake/ament_cmake_export_dependencies-extras.cmake
[1.565s] -- Up-to-date: /home/locobot/Documents/kobuki/install/share/ecl_time/cmake/ecl_timeConfig.cmake
[1.565s] -- Up-to-date: /home/locobot/Documents/kobuki/install/share/ecl_time/cmake/ecl_timeConfig-version.cmake
[1.571s] -- Up-to-date: /home/locobot/Documents/kobuki/install/share/ecl_time/package.xml
[1.571s] -- Up-to-date: /home/locobot/Documents/kobuki/install/include/ecl/time.hpp
[1.572s] -- Up-to-date: /home/locobot/Documents/kobuki/install/include/ecl/time/cpuwatch.hpp
[1.572s] -- Up-to-date: /home/locobot/Documents/kobuki/install/include/ecl/time/cpuwatch_rt.hpp
[1.572s] -- Up-to-date: /home/locobot/Documents/kobuki/install/include/ecl/time/duration.hpp
[1.572s] -- Up-to-date: /home/locobot/Documents/kobuki/install/include/ecl/time/frequency.hpp
[1.572s] -- Up-to-date: /home/locobot/Documents/kobuki/install/include/ecl/time/macros.hpp
[1.572s] -- Up-to-date: /home/locobot/Documents/kobuki/install/include/ecl/time/random_number_generator.hpp
[1.572s] -- Up-to-date: /home/locobot/Documents/kobuki/install/include/ecl/time/sleep.hpp
[1.572s] -- Up-to-date: /home/locobot/Documents/kobuki/install/include/ecl/time/sleep_pos.hpp
[1.572s] -- Up-to-date: /home/locobot/Documents/kobuki/install/include/ecl/time/sleep_win.hpp
[1.573s] -- Up-to-date: /home/locobot/Documents/kobuki/install/include/ecl/time/snooze.hpp
[1.573s] -- Up-to-date: /home/locobot/Documents/kobuki/install/include/ecl/time/snooze_pos.hpp
[1.573s] -- Up-to-date: /home/locobot/Documents/kobuki/install/include/ecl/time/snooze_win.hpp
[1.573s] -- Up-to-date: /home/locobot/Documents/kobuki/install/include/ecl/time/stopwatch.hpp
[1.573s] -- Up-to-date: /home/locobot/Documents/kobuki/install/include/ecl/time/time_data.hpp
[1.573s] -- Up-to-date: /home/locobot/Documents/kobuki/install/include/ecl/time/timestamp.hpp
[1.573s] -- Up-to-date: /home/locobot/Documents/kobuki/install/include/ecl/time/timestamp_base.hpp
[1.573s] -- Up-to-date: /home/locobot/Documents/kobuki/install/include/ecl/time/timestamp_pos.hpp
[1.573s] -- Up-to-date: /home/locobot/Documents/kobuki/install/include/ecl/time/timestamp_win.hpp
[1.574s] -- Up-to-date: /home/locobot/Documents/kobuki/install/lib/libecl_time.so.1.2.1
[1.574s] -- Up-to-date: /home/locobot/Documents/kobuki/install/lib/libecl_time.so
[1.574s] -- Up-to-date: /home/locobot/Documents/kobuki/install/lib/ecl_time/demo_random_number_generator
[1.574s] -- Up-to-date: /home/locobot/Documents/kobuki/install/lib/ecl_time/demo_sleep
[1.596s] Invoked command in '/home/locobot/Documents/kobuki/build/ecl_time' returned '0': AMENT_PREFIX_PATH=/home/locobot/Documents/kobuki/install CMAKE_PREFIX_PATH=/home/locobot/Documents/kobuki/install LD_LIBRARY_PATH=/home/locobot/Documents/kobuki/install/lib PATH=/home/locobot/Documents/kobuki/install/bin:${PATH} PYTHONPATH=/home/locobot/Documents/kobuki/install/lib/python3.8/site-packages /usr/bin/cmake --install /home/locobot/Documents/kobuki/build/ecl_time
