[0.201s] Invoking command in '/home/locobot/Documents/kobuki/build/ament_cmake_nose': AMENT_PREFIX_PATH=/home/locobot/Documents/kobuki/install CMAKE_PREFIX_PATH=/home/locobot/Documents/kobuki/install LD_LIBRARY_PATH=/home/locobot/Documents/kobuki/install/lib PATH=/home/locobot/Documents/kobuki/install/bin:${PATH} PYTHONPATH=/home/locobot/Documents/kobuki/install/lib/python3.8/site-packages /usr/bin/cmake /home/locobot/Documents/kobuki/src/ament_cmake/ament_cmake_nose -DBUILD_TESTING=OFF -DCMAKE_BUILD_TYPE=RelWithDebInfo -DCMAKE_INSTALL_PREFIX=/home/locobot/Documents/kobuki/install
[0.242s] -- Found ament_cmake_core: 0.9.12 (/home/locobot/Documents/kobuki/install/share/ament_cmake_core/cmake)
[0.293s] -- Using PYTHON_EXECUTABLE: /usr/bin/python3
[1.000s] -- Configuring done
[1.029s] -- Generating done
[1.029s] -- Build files have been written to: /home/locobot/Documents/kobuki/build/ament_cmake_nose
[1.054s] Invoked command in '/home/locobot/Documents/kobuki/build/ament_cmake_nose' returned '0': AMENT_PREFIX_PATH=/home/locobot/Documents/kobuki/install CMAKE_PREFIX_PATH=/home/locobot/Documents/kobuki/install LD_LIBRARY_PATH=/home/locobot/Documents/kobuki/install/lib PATH=/home/locobot/Documents/kobuki/install/bin:${PATH} PYTHONPATH=/home/locobot/Documents/kobuki/install/lib/python3.8/site-packages /usr/bin/cmake /home/locobot/Documents/kobuki/src/ament_cmake/ament_cmake_nose -DBUILD_TESTING=OFF -DCMAKE_BUILD_TYPE=RelWithDebInfo -DCMAKE_INSTALL_PREFIX=/home/locobot/Documents/kobuki/install
[1.055s] Invoking command in '/home/locobot/Documents/kobuki/build/ament_cmake_nose': AMENT_PREFIX_PATH=/home/locobot/Documents/kobuki/install CMAKE_PREFIX_PATH=/home/locobot/Documents/kobuki/install LD_LIBRARY_PATH=/home/locobot/Documents/kobuki/install/lib PATH=/home/locobot/Documents/kobuki/install/bin:${PATH} PYTHONPATH=/home/locobot/Documents/kobuki/install/lib/python3.8/site-packages /usr/bin/cmake --build /home/locobot/Documents/kobuki/build/ament_cmake_nose -- -j4 -l4
[1.150s] Invoked command in '/home/locobot/Documents/kobuki/build/ament_cmake_nose' returned '0': AMENT_PREFIX_PATH=/home/locobot/Documents/kobuki/install CMAKE_PREFIX_PATH=/home/locobot/Documents/kobuki/install LD_LIBRARY_PATH=/home/locobot/Documents/kobuki/install/lib PATH=/home/locobot/Documents/kobuki/install/bin:${PATH} PYTHONPATH=/home/locobot/Documents/kobuki/install/lib/python3.8/site-packages /usr/bin/cmake --build /home/locobot/Documents/kobuki/build/ament_cmake_nose -- -j4 -l4
[1.151s] Invoking command in '/home/locobot/Documents/kobuki/build/ament_cmake_nose': AMENT_PREFIX_PATH=/home/locobot/Documents/kobuki/install CMAKE_PREFIX_PATH=/home/locobot/Documents/kobuki/install LD_LIBRARY_PATH=/home/locobot/Documents/kobuki/install/lib PATH=/home/locobot/Documents/kobuki/install/bin:${PATH} PYTHONPATH=/home/locobot/Documents/kobuki/install/lib/python3.8/site-packages /usr/bin/cmake --install /home/locobot/Documents/kobuki/build/ament_cmake_nose
[1.193s] -- Install configuration: "RelWithDebInfo"
[1.194s] -- Up-to-date: /home/locobot/Documents/kobuki/install/share/ament_index/resource_index/package_run_dependencies/ament_cmake_nose
[1.194s] -- Up-to-date: /home/locobot/Documents/kobuki/install/share/ament_index/resource_index/parent_prefix_path/ament_cmake_nose
[1.205s] -- Up-to-date: /home/locobot/Documents/kobuki/install/share/ament_cmake_nose/environment/ament_prefix_path.sh
[1.206s] -- Installing: /home/locobot/Documents/kobuki/install/share/ament_cmake_nose/environment/ament_prefix_path.dsv
[1.206s] -- Up-to-date: /home/locobot/Documents/kobuki/install/share/ament_cmake_nose/environment/path.sh
[1.206s] -- Installing: /home/locobot/Documents/kobuki/install/share/ament_cmake_nose/environment/path.dsv
[1.206s] -- Up-to-date: /home/locobot/Documents/kobuki/install/share/ament_cmake_nose/local_setup.bash
[1.206s] -- Up-to-date: /home/locobot/Documents/kobuki/install/share/ament_cmake_nose/local_setup.sh
[1.206s] -- Up-to-date: /home/locobot/Documents/kobuki/install/share/ament_cmake_nose/local_setup.zsh
[1.206s] -- Installing: /home/locobot/Documents/kobuki/install/share/ament_cmake_nose/local_setup.dsv
[1.206s] -- Installing: /home/locobot/Documents/kobuki/install/share/ament_cmake_nose/package.dsv
[1.206s] -- Up-to-date: /home/locobot/Documents/kobuki/install/share/ament_index/resource_index/packages/ament_cmake_nose
[1.207s] -- Up-to-date: /home/locobot/Documents/kobuki/install/share/ament_cmake_nose/cmake/ament_cmake_nose-extras.cmake
[1.207s] -- Up-to-date: /home/locobot/Documents/kobuki/install/share/ament_cmake_nose/cmake/ament_cmake_noseConfig.cmake
[1.207s] -- Up-to-date: /home/locobot/Documents/kobuki/install/share/ament_cmake_nose/cmake/ament_cmake_noseConfig-version.cmake
[1.207s] -- Up-to-date: /home/locobot/Documents/kobuki/install/share/ament_cmake_nose/package.xml
[1.207s] -- Up-to-date: /home/locobot/Documents/kobuki/install/share/ament_cmake_nose/cmake
[1.207s] -- Up-to-date: /home/locobot/Documents/kobuki/install/share/ament_cmake_nose/cmake/ament_find_nosetests.cmake
[1.207s] -- Up-to-date: /home/locobot/Documents/kobuki/install/share/ament_cmake_nose/cmake/ament_add_nose_test.cmake
[1.229s] Invoked command in '/home/locobot/Documents/kobuki/build/ament_cmake_nose' returned '0': AMENT_PREFIX_PATH=/home/locobot/Documents/kobuki/install CMAKE_PREFIX_PATH=/home/locobot/Documents/kobuki/install LD_LIBRARY_PATH=/home/locobot/Documents/kobuki/install/lib PATH=/home/locobot/Documents/kobuki/install/bin:${PATH} PYTHONPATH=/home/locobot/Documents/kobuki/install/lib/python3.8/site-packages /usr/bin/cmake --install /home/locobot/Documents/kobuki/build/ament_cmake_nose
