[1.986s] Invoking command in '/home/locobot/Documents/kobuki/src/ament_lint/ament_copyright': AMENT_PREFIX_PATH=/home/locobot/Documents/kobuki/install CMAKE_PREFIX_PATH=/home/locobot/Documents/kobuki/install PATH=/home/locobot/Documents/kobuki/install/bin:${PATH} PYTHONPATH=/home/locobot/Documents/kobuki/build/ament_copyright/prefix_override:/home/locobot/.local/lib/python3.8/site-packages/colcon_core/task/python/colcon_distutils_commands:/home/locobot/Documents/kobuki/install/lib/python3.8/site-packages:/home/locobot/Documents/kobuki/install/lib/python3.8/site-packages /usr/bin/python3 -W ignore:setup.py install is deprecated -W ignore:easy_install command is deprecated setup.py egg_info --egg-base ../../../build/ament_copyright build --build-base /home/locobot/Documents/kobuki/build/ament_copyright/build install --record /home/locobot/Documents/kobuki/build/ament_copyright/install.log --single-version-externally-managed install_data
[2.505s] running egg_info
[2.505s] creating ../../../build/ament_copyright/ament_copyright.egg-info
[2.505s] writing ../../../build/ament_copyright/ament_copyright.egg-info/PKG-INFO
[2.505s] writing dependency_links to ../../../build/ament_copyright/ament_copyright.egg-info/dependency_links.txt
[2.505s] writing entry points to ../../../build/ament_copyright/ament_copyright.egg-info/entry_points.txt
[2.506s] writing requirements to ../../../build/ament_copyright/ament_copyright.egg-info/requires.txt
[2.506s] writing top-level names to ../../../build/ament_copyright/ament_copyright.egg-info/top_level.txt
[2.506s] writing manifest file '../../../build/ament_copyright/ament_copyright.egg-info/SOURCES.txt'
[2.569s] reading manifest file '../../../build/ament_copyright/ament_copyright.egg-info/SOURCES.txt'
[2.572s] writing manifest file '../../../build/ament_copyright/ament_copyright.egg-info/SOURCES.txt'
[2.573s] running build
[2.573s] running build_py
[2.573s] creating /home/locobot/Documents/kobuki/build/ament_copyright/build
[2.573s] creating /home/locobot/Documents/kobuki/build/ament_copyright/build/lib
[2.573s] creating /home/locobot/Documents/kobuki/build/ament_copyright/build/lib/ament_copyright
[2.574s] copying ament_copyright/licenses.py -> /home/locobot/Documents/kobuki/build/ament_copyright/build/lib/ament_copyright
[2.576s] copying ament_copyright/__init__.py -> /home/locobot/Documents/kobuki/build/ament_copyright/build/lib/ament_copyright
[2.576s] copying ament_copyright/crawler.py -> /home/locobot/Documents/kobuki/build/ament_copyright/build/lib/ament_copyright
[2.576s] copying ament_copyright/pytest_marker.py -> /home/locobot/Documents/kobuki/build/ament_copyright/build/lib/ament_copyright
[2.576s] copying ament_copyright/copyright_names.py -> /home/locobot/Documents/kobuki/build/ament_copyright/build/lib/ament_copyright
[2.576s] copying ament_copyright/parser.py -> /home/locobot/Documents/kobuki/build/ament_copyright/build/lib/ament_copyright
[2.577s] copying ament_copyright/main.py -> /home/locobot/Documents/kobuki/build/ament_copyright/build/lib/ament_copyright
[2.577s] creating /home/locobot/Documents/kobuki/build/ament_copyright/build/lib/ament_copyright/template
[2.577s] copying ament_copyright/template/gplv3_header.txt -> /home/locobot/Documents/kobuki/build/ament_copyright/build/lib/ament_copyright/template
[2.577s] copying ament_copyright/template/boost1_license.txt -> /home/locobot/Documents/kobuki/build/ament_copyright/build/lib/ament_copyright/template
[2.577s] copying ament_copyright/template/mit_header.txt -> /home/locobot/Documents/kobuki/build/ament_copyright/build/lib/ament_copyright/template
[2.581s] copying ament_copyright/template/bsd_3clause_contributing.txt -> /home/locobot/Documents/kobuki/build/ament_copyright/build/lib/ament_copyright/template
[2.581s] copying ament_copyright/template/lgplv3_contributing.txt -> /home/locobot/Documents/kobuki/build/ament_copyright/build/lib/ament_copyright/template
[2.581s] copying ament_copyright/template/bsd2_contributing.txt -> /home/locobot/Documents/kobuki/build/ament_copyright/build/lib/ament_copyright/template
[2.581s] copying ament_copyright/template/bsd2_license.txt -> /home/locobot/Documents/kobuki/build/ament_copyright/build/lib/ament_copyright/template
[2.581s] copying ament_copyright/template/bsd2_header.txt -> /home/locobot/Documents/kobuki/build/ament_copyright/build/lib/ament_copyright/template
[2.582s] copying ament_copyright/template/apache2_header.txt -> /home/locobot/Documents/kobuki/build/ament_copyright/build/lib/ament_copyright/template
[2.582s] copying ament_copyright/template/lgplv3_license.txt -> /home/locobot/Documents/kobuki/build/ament_copyright/build/lib/ament_copyright/template
[2.582s] copying ament_copyright/template/bsd_3clause_license.txt -> /home/locobot/Documents/kobuki/build/ament_copyright/build/lib/ament_copyright/template
[2.582s] copying ament_copyright/template/bsd_3clause_header.txt -> /home/locobot/Documents/kobuki/build/ament_copyright/build/lib/ament_copyright/template
[2.582s] copying ament_copyright/template/boost1_contributing.txt -> /home/locobot/Documents/kobuki/build/ament_copyright/build/lib/ament_copyright/template
[2.582s] copying ament_copyright/template/mit_contributing.txt -> /home/locobot/Documents/kobuki/build/ament_copyright/build/lib/ament_copyright/template
[2.582s] copying ament_copyright/template/gplv3_license.txt -> /home/locobot/Documents/kobuki/build/ament_copyright/build/lib/ament_copyright/template
[2.582s] copying ament_copyright/template/lgplv3_header.txt -> /home/locobot/Documents/kobuki/build/ament_copyright/build/lib/ament_copyright/template
[2.583s] copying ament_copyright/template/apache2_contributing.txt -> /home/locobot/Documents/kobuki/build/ament_copyright/build/lib/ament_copyright/template
[2.583s] copying ament_copyright/template/mit_license.txt -> /home/locobot/Documents/kobuki/build/ament_copyright/build/lib/ament_copyright/template
[2.583s] copying ament_copyright/template/gplv3_contributing.txt -> /home/locobot/Documents/kobuki/build/ament_copyright/build/lib/ament_copyright/template
[2.583s] copying ament_copyright/template/boost1_header.txt -> /home/locobot/Documents/kobuki/build/ament_copyright/build/lib/ament_copyright/template
[2.583s] copying ament_copyright/template/apache2_license.txt -> /home/locobot/Documents/kobuki/build/ament_copyright/build/lib/ament_copyright/template
[2.583s] running install
[2.583s] running install_lib
[2.583s] creating /home/locobot/Documents/kobuki/install/lib/python3.8/site-packages/ament_copyright
[2.584s] copying /home/locobot/Documents/kobuki/build/ament_copyright/build/lib/ament_copyright/licenses.py -> /home/locobot/Documents/kobuki/install/lib/python3.8/site-packages/ament_copyright
[2.584s] creating /home/locobot/Documents/kobuki/install/lib/python3.8/site-packages/ament_copyright/template
[2.584s] copying /home/locobot/Documents/kobuki/build/ament_copyright/build/lib/ament_copyright/template/gplv3_header.txt -> /home/locobot/Documents/kobuki/install/lib/python3.8/site-packages/ament_copyright/template
[2.584s] copying /home/locobot/Documents/kobuki/build/ament_copyright/build/lib/ament_copyright/template/boost1_license.txt -> /home/locobot/Documents/kobuki/install/lib/python3.8/site-packages/ament_copyright/template
[2.584s] copying /home/locobot/Documents/kobuki/build/ament_copyright/build/lib/ament_copyright/template/mit_header.txt -> /home/locobot/Documents/kobuki/install/lib/python3.8/site-packages/ament_copyright/template
[2.584s] copying /home/locobot/Documents/kobuki/build/ament_copyright/build/lib/ament_copyright/template/bsd_3clause_contributing.txt -> /home/locobot/Documents/kobuki/install/lib/python3.8/site-packages/ament_copyright/template
[2.593s] copying /home/locobot/Documents/kobuki/build/ament_copyright/build/lib/ament_copyright/template/lgplv3_contributing.txt -> /home/locobot/Documents/kobuki/install/lib/python3.8/site-packages/ament_copyright/template
[2.593s] copying /home/locobot/Documents/kobuki/build/ament_copyright/build/lib/ament_copyright/template/bsd2_contributing.txt -> /home/locobot/Documents/kobuki/install/lib/python3.8/site-packages/ament_copyright/template
[2.594s] copying /home/locobot/Documents/kobuki/build/ament_copyright/build/lib/ament_copyright/template/bsd2_license.txt -> /home/locobot/Documents/kobuki/install/lib/python3.8/site-packages/ament_copyright/template
[2.594s] copying /home/locobot/Documents/kobuki/build/ament_copyright/build/lib/ament_copyright/template/bsd2_header.txt -> /home/locobot/Documents/kobuki/install/lib/python3.8/site-packages/ament_copyright/template
[2.594s] copying /home/locobot/Documents/kobuki/build/ament_copyright/build/lib/ament_copyright/template/apache2_header.txt -> /home/locobot/Documents/kobuki/install/lib/python3.8/site-packages/ament_copyright/template
[2.594s] copying /home/locobot/Documents/kobuki/build/ament_copyright/build/lib/ament_copyright/template/lgplv3_license.txt -> /home/locobot/Documents/kobuki/install/lib/python3.8/site-packages/ament_copyright/template
[2.594s] copying /home/locobot/Documents/kobuki/build/ament_copyright/build/lib/ament_copyright/template/bsd_3clause_license.txt -> /home/locobot/Documents/kobuki/install/lib/python3.8/site-packages/ament_copyright/template
[2.595s] copying /home/locobot/Documents/kobuki/build/ament_copyright/build/lib/ament_copyright/template/bsd_3clause_header.txt -> /home/locobot/Documents/kobuki/install/lib/python3.8/site-packages/ament_copyright/template
[2.595s] copying /home/locobot/Documents/kobuki/build/ament_copyright/build/lib/ament_copyright/template/boost1_contributing.txt -> /home/locobot/Documents/kobuki/install/lib/python3.8/site-packages/ament_copyright/template
[2.608s] copying /home/locobot/Documents/kobuki/build/ament_copyright/build/lib/ament_copyright/template/mit_contributing.txt -> /home/locobot/Documents/kobuki/install/lib/python3.8/site-packages/ament_copyright/template
[2.608s] copying /home/locobot/Documents/kobuki/build/ament_copyright/build/lib/ament_copyright/template/gplv3_license.txt -> /home/locobot/Documents/kobuki/install/lib/python3.8/site-packages/ament_copyright/template
[2.608s] copying /home/locobot/Documents/kobuki/build/ament_copyright/build/lib/ament_copyright/template/lgplv3_header.txt -> /home/locobot/Documents/kobuki/install/lib/python3.8/site-packages/ament_copyright/template
[2.608s] copying /home/locobot/Documents/kobuki/build/ament_copyright/build/lib/ament_copyright/template/apache2_contributing.txt -> /home/locobot/Documents/kobuki/install/lib/python3.8/site-packages/ament_copyright/template
[2.608s] copying /home/locobot/Documents/kobuki/build/ament_copyright/build/lib/ament_copyright/template/mit_license.txt -> /home/locobot/Documents/kobuki/install/lib/python3.8/site-packages/ament_copyright/template
[2.608s] copying /home/locobot/Documents/kobuki/build/ament_copyright/build/lib/ament_copyright/template/gplv3_contributing.txt -> /home/locobot/Documents/kobuki/install/lib/python3.8/site-packages/ament_copyright/template
[2.608s] copying /home/locobot/Documents/kobuki/build/ament_copyright/build/lib/ament_copyright/template/boost1_header.txt -> /home/locobot/Documents/kobuki/install/lib/python3.8/site-packages/ament_copyright/template
[2.608s] copying /home/locobot/Documents/kobuki/build/ament_copyright/build/lib/ament_copyright/template/apache2_license.txt -> /home/locobot/Documents/kobuki/install/lib/python3.8/site-packages/ament_copyright/template
[2.609s] copying /home/locobot/Documents/kobuki/build/ament_copyright/build/lib/ament_copyright/__init__.py -> /home/locobot/Documents/kobuki/install/lib/python3.8/site-packages/ament_copyright
[2.609s] copying /home/locobot/Documents/kobuki/build/ament_copyright/build/lib/ament_copyright/crawler.py -> /home/locobot/Documents/kobuki/install/lib/python3.8/site-packages/ament_copyright
[2.609s] copying /home/locobot/Documents/kobuki/build/ament_copyright/build/lib/ament_copyright/pytest_marker.py -> /home/locobot/Documents/kobuki/install/lib/python3.8/site-packages/ament_copyright
[2.609s] copying /home/locobot/Documents/kobuki/build/ament_copyright/build/lib/ament_copyright/copyright_names.py -> /home/locobot/Documents/kobuki/install/lib/python3.8/site-packages/ament_copyright
[2.609s] copying /home/locobot/Documents/kobuki/build/ament_copyright/build/lib/ament_copyright/parser.py -> /home/locobot/Documents/kobuki/install/lib/python3.8/site-packages/ament_copyright
[2.609s] copying /home/locobot/Documents/kobuki/build/ament_copyright/build/lib/ament_copyright/main.py -> /home/locobot/Documents/kobuki/install/lib/python3.8/site-packages/ament_copyright
[2.609s] byte-compiling /home/locobot/Documents/kobuki/install/lib/python3.8/site-packages/ament_copyright/licenses.py to licenses.cpython-38.pyc
[2.609s] byte-compiling /home/locobot/Documents/kobuki/install/lib/python3.8/site-packages/ament_copyright/__init__.py to __init__.cpython-38.pyc
[2.610s] byte-compiling /home/locobot/Documents/kobuki/install/lib/python3.8/site-packages/ament_copyright/crawler.py to crawler.cpython-38.pyc
[2.610s] byte-compiling /home/locobot/Documents/kobuki/install/lib/python3.8/site-packages/ament_copyright/pytest_marker.py to pytest_marker.cpython-38.pyc
[2.610s] byte-compiling /home/locobot/Documents/kobuki/install/lib/python3.8/site-packages/ament_copyright/copyright_names.py to copyright_names.cpython-38.pyc
[2.610s] byte-compiling /home/locobot/Documents/kobuki/install/lib/python3.8/site-packages/ament_copyright/parser.py to parser.cpython-38.pyc
[2.610s] byte-compiling /home/locobot/Documents/kobuki/install/lib/python3.8/site-packages/ament_copyright/main.py to main.cpython-38.pyc
[2.628s] running install_data
[2.629s] copying package.xml -> /home/locobot/Documents/kobuki/install/share/ament_copyright
[2.629s] copying resource/ament_copyright -> /home/locobot/Documents/kobuki/install/share/ament_index/resource_index/packages
[2.629s] running install_egg_info
[2.629s] Copying ../../../build/ament_copyright/ament_copyright.egg-info to /home/locobot/Documents/kobuki/install/lib/python3.8/site-packages/ament_copyright-0.9.8-py3.8.egg-info
[2.634s] running install_scripts
[2.696s] Installing ament_copyright script to /home/locobot/Documents/kobuki/install/bin
[2.697s] writing list of installed files to '/home/locobot/Documents/kobuki/build/ament_copyright/install.log'
[2.738s] Invoked command in '/home/locobot/Documents/kobuki/src/ament_lint/ament_copyright' returned '0': AMENT_PREFIX_PATH=/home/locobot/Documents/kobuki/install CMAKE_PREFIX_PATH=/home/locobot/Documents/kobuki/install PATH=/home/locobot/Documents/kobuki/install/bin:${PATH} PYTHONPATH=/home/locobot/Documents/kobuki/build/ament_copyright/prefix_override:/home/locobot/.local/lib/python3.8/site-packages/colcon_core/task/python/colcon_distutils_commands:/home/locobot/Documents/kobuki/install/lib/python3.8/site-packages:/home/locobot/Documents/kobuki/install/lib/python3.8/site-packages /usr/bin/python3 -W ignore:setup.py install is deprecated -W ignore:easy_install command is deprecated setup.py egg_info --egg-base ../../../build/ament_copyright build --build-base /home/locobot/Documents/kobuki/build/ament_copyright/build install --record /home/locobot/Documents/kobuki/build/ament_copyright/install.log --single-version-externally-managed install_data
