[0.648s] Invoking command in '/home/locobot/Documents/kobuki/build/ecl_converters_lite': AMENT_PREFIX_PATH=/home/locobot/Documents/kobuki/install CMAKE_PREFIX_PATH=/home/locobot/Documents/kobuki/install LD_LIBRARY_PATH=/home/locobot/Documents/kobuki/install/lib PATH=/home/locobot/Documents/kobuki/install/bin:${PATH} PYTHONPATH=/home/locobot/Documents/kobuki/install/lib/python3.8/site-packages /usr/bin/cmake /home/locobot/Documents/kobuki/src/ecl_lite/ecl_converters_lite -DBUILD_TESTING=OFF --no-warn-unused-cli -DCMAKE_INSTALL_PREFIX=/home/locobot/Documents/kobuki/install
[0.660s] Not searching for unused variables given on the command line.
[0.676s] -- Found ament_cmake_ros: 0.9.2 (/home/locobot/Documents/kobuki/install/share/ament_cmake_ros/cmake)
[0.707s] -- Using PYTHON_EXECUTABLE: /usr/bin/python3
[1.000s] -- Found ecl_build: 1.0.3 (/home/locobot/Documents/kobuki/install/share/ecl_build/cmake)
[1.012s] -- Found ecl_config: 1.1.0 (/home/locobot/Documents/kobuki/install/share/ecl_config/cmake)
[1.196s] -- Configuring done
[1.204s] -- Generating done
[1.207s] -- Build files have been written to: /home/locobot/Documents/kobuki/build/ecl_converters_lite
[1.290s] Invoked command in '/home/locobot/Documents/kobuki/build/ecl_converters_lite' returned '0': AMENT_PREFIX_PATH=/home/locobot/Documents/kobuki/install CMAKE_PREFIX_PATH=/home/locobot/Documents/kobuki/install LD_LIBRARY_PATH=/home/locobot/Documents/kobuki/install/lib PATH=/home/locobot/Documents/kobuki/install/bin:${PATH} PYTHONPATH=/home/locobot/Documents/kobuki/install/lib/python3.8/site-packages /usr/bin/cmake /home/locobot/Documents/kobuki/src/ecl_lite/ecl_converters_lite -DBUILD_TESTING=OFF --no-warn-unused-cli -DCMAKE_INSTALL_PREFIX=/home/locobot/Documents/kobuki/install
[1.291s] Invoking command in '/home/locobot/Documents/kobuki/build/ecl_converters_lite': AMENT_PREFIX_PATH=/home/locobot/Documents/kobuki/install CMAKE_PREFIX_PATH=/home/locobot/Documents/kobuki/install LD_LIBRARY_PATH=/home/locobot/Documents/kobuki/install/lib PATH=/home/locobot/Documents/kobuki/install/bin:${PATH} PYTHONPATH=/home/locobot/Documents/kobuki/install/lib/python3.8/site-packages /usr/bin/cmake --build /home/locobot/Documents/kobuki/build/ecl_converters_lite -- -j4 -l4
[1.380s] Invoked command in '/home/locobot/Documents/kobuki/build/ecl_converters_lite' returned '0': AMENT_PREFIX_PATH=/home/locobot/Documents/kobuki/install CMAKE_PREFIX_PATH=/home/locobot/Documents/kobuki/install LD_LIBRARY_PATH=/home/locobot/Documents/kobuki/install/lib PATH=/home/locobot/Documents/kobuki/install/bin:${PATH} PYTHONPATH=/home/locobot/Documents/kobuki/install/lib/python3.8/site-packages /usr/bin/cmake --build /home/locobot/Documents/kobuki/build/ecl_converters_lite -- -j4 -l4
[1.382s] Invoking command in '/home/locobot/Documents/kobuki/build/ecl_converters_lite': AMENT_PREFIX_PATH=/home/locobot/Documents/kobuki/install CMAKE_PREFIX_PATH=/home/locobot/Documents/kobuki/install LD_LIBRARY_PATH=/home/locobot/Documents/kobuki/install/lib PATH=/home/locobot/Documents/kobuki/install/bin:${PATH} PYTHONPATH=/home/locobot/Documents/kobuki/install/lib/python3.8/site-packages /usr/bin/cmake --install /home/locobot/Documents/kobuki/build/ecl_converters_lite
[1.402s] -- Install configuration: ""
[1.405s] -- Up-to-date: /home/locobot/Documents/kobuki/install/share/ament_index/resource_index/package_run_dependencies/ecl_converters_lite
[1.409s] -- Up-to-date: /home/locobot/Documents/kobuki/install/share/ament_index/resource_index/parent_prefix_path/ecl_converters_lite
[1.410s] -- Up-to-date: /home/locobot/Documents/kobuki/install/share/ecl_converters_lite/environment/ament_prefix_path.sh
[1.411s] -- Installing: /home/locobot/Documents/kobuki/install/share/ecl_converters_lite/environment/ament_prefix_path.dsv
[1.412s] -- Up-to-date: /home/locobot/Documents/kobuki/install/share/ecl_converters_lite/environment/path.sh
[1.412s] -- Installing: /home/locobot/Documents/kobuki/install/share/ecl_converters_lite/environment/path.dsv
[1.414s] -- Up-to-date: /home/locobot/Documents/kobuki/install/share/ecl_converters_lite/local_setup.bash
[1.414s] -- Up-to-date: /home/locobot/Documents/kobuki/install/share/ecl_converters_lite/local_setup.sh
[1.414s] -- Up-to-date: /home/locobot/Documents/kobuki/install/share/ecl_converters_lite/local_setup.zsh
[1.416s] -- Installing: /home/locobot/Documents/kobuki/install/share/ecl_converters_lite/local_setup.dsv
[1.417s] -- Installing: /home/locobot/Documents/kobuki/install/share/ecl_converters_lite/package.dsv
[1.418s] -- Up-to-date: /home/locobot/Documents/kobuki/install/share/ament_index/resource_index/packages/ecl_converters_lite
[1.418s] -- Up-to-date: /home/locobot/Documents/kobuki/install/share/ecl_converters_lite/cmake/ecl_converters_liteExport.cmake
[1.422s] -- Up-to-date: /home/locobot/Documents/kobuki/install/share/ecl_converters_lite/cmake/ament_cmake_export_targets-extras.cmake
[1.422s] -- Up-to-date: /home/locobot/Documents/kobuki/install/share/ecl_converters_lite/cmake/ament_cmake_export_include_directories-extras.cmake
[1.422s] -- Up-to-date: /home/locobot/Documents/kobuki/install/share/ecl_converters_lite/cmake/ament_cmake_export_dependencies-extras.cmake
[1.423s] -- Up-to-date: /home/locobot/Documents/kobuki/install/share/ecl_converters_lite/cmake/ecl_converters_liteConfig.cmake
[1.423s] -- Up-to-date: /home/locobot/Documents/kobuki/install/share/ecl_converters_lite/cmake/ecl_converters_liteConfig-version.cmake
[1.423s] -- Up-to-date: /home/locobot/Documents/kobuki/install/share/ecl_converters_lite/package.xml
[1.424s] -- Up-to-date: /home/locobot/Documents/kobuki/install/include/ecl/converters_lite.hpp
[1.428s] -- Up-to-date: /home/locobot/Documents/kobuki/install/include/ecl/converters_lite/byte_array.hpp
[1.437s] Invoked command in '/home/locobot/Documents/kobuki/build/ecl_converters_lite' returned '0': AMENT_PREFIX_PATH=/home/locobot/Documents/kobuki/install CMAKE_PREFIX_PATH=/home/locobot/Documents/kobuki/install LD_LIBRARY_PATH=/home/locobot/Documents/kobuki/install/lib PATH=/home/locobot/Documents/kobuki/install/bin:${PATH} PYTHONPATH=/home/locobot/Documents/kobuki/install/lib/python3.8/site-packages /usr/bin/cmake --install /home/locobot/Documents/kobuki/build/ecl_converters_lite
