[0.678s] Invoking command in '/home/locobot/Documents/kobuki/build/ecl_geometry': AMENT_PREFIX_PATH=/home/locobot/Documents/kobuki/install CMAKE_PREFIX_PATH=/home/locobot/Documents/kobuki/install LD_LIBRARY_PATH=/home/locobot/Documents/kobuki/install/lib PATH=/home/locobot/Documents/kobuki/install/bin:${PATH} PKG_CONFIG_PATH=/home/locobot/Documents/kobuki/install/lib/x86_64-linux-gnu/pkgconfig:/home/locobot/Documents/kobuki/install/lib/pkgconfig PYTHONPATH=/home/locobot/Documents/kobuki/install/lib/python3.8/site-packages /usr/bin/cmake /home/locobot/Documents/kobuki/src/ecl_core/ecl_geometry -DBUILD_TESTING=OFF --no-warn-unused-cli -DCMAKE_INSTALL_PREFIX=/home/locobot/Documents/kobuki/install
[0.694s] Not searching for unused variables given on the command line.
[0.704s] -- Found ament_cmake_ros: 0.9.2 (/home/locobot/Documents/kobuki/install/share/ament_cmake_ros/cmake)
[0.738s] -- Using PYTHON_EXECUTABLE: /usr/bin/python3
[1.032s] -- Found ecl_build: 1.0.3 (/home/locobot/Documents/kobuki/install/share/ecl_build/cmake)
[1.044s] -- Found ecl_config: 1.1.0 (/home/locobot/Documents/kobuki/install/share/ecl_config/cmake)
[1.047s] -- Found ecl_containers: 1.2.1 (/home/locobot/Documents/kobuki/install/share/ecl_containers/cmake)
[1.109s] -- Found ecl_linear_algebra: 1.2.1 (/home/locobot/Documents/kobuki/install/share/ecl_linear_algebra/cmake)
[1.415s] -- Configuring done
[1.450s] -- Generating done
[1.467s] -- Build files have been written to: /home/locobot/Documents/kobuki/build/ecl_geometry
[1.489s] Invoked command in '/home/locobot/Documents/kobuki/build/ecl_geometry' returned '0': AMENT_PREFIX_PATH=/home/locobot/Documents/kobuki/install CMAKE_PREFIX_PATH=/home/locobot/Documents/kobuki/install LD_LIBRARY_PATH=/home/locobot/Documents/kobuki/install/lib PATH=/home/locobot/Documents/kobuki/install/bin:${PATH} PKG_CONFIG_PATH=/home/locobot/Documents/kobuki/install/lib/x86_64-linux-gnu/pkgconfig:/home/locobot/Documents/kobuki/install/lib/pkgconfig PYTHONPATH=/home/locobot/Documents/kobuki/install/lib/python3.8/site-packages /usr/bin/cmake /home/locobot/Documents/kobuki/src/ecl_core/ecl_geometry -DBUILD_TESTING=OFF --no-warn-unused-cli -DCMAKE_INSTALL_PREFIX=/home/locobot/Documents/kobuki/install
[1.491s] Invoking command in '/home/locobot/Documents/kobuki/build/ecl_geometry': AMENT_PREFIX_PATH=/home/locobot/Documents/kobuki/install CMAKE_PREFIX_PATH=/home/locobot/Documents/kobuki/install LD_LIBRARY_PATH=/home/locobot/Documents/kobuki/install/lib PATH=/home/locobot/Documents/kobuki/install/bin:${PATH} PKG_CONFIG_PATH=/home/locobot/Documents/kobuki/install/lib/x86_64-linux-gnu/pkgconfig:/home/locobot/Documents/kobuki/install/lib/pkgconfig PYTHONPATH=/home/locobot/Documents/kobuki/install/lib/python3.8/site-packages /usr/bin/cmake --build /home/locobot/Documents/kobuki/build/ecl_geometry -- -j4 -l4
[1.723s] [100%] Built target ecl_geometry
[1.815s] Invoked command in '/home/locobot/Documents/kobuki/build/ecl_geometry' returned '0': AMENT_PREFIX_PATH=/home/locobot/Documents/kobuki/install CMAKE_PREFIX_PATH=/home/locobot/Documents/kobuki/install LD_LIBRARY_PATH=/home/locobot/Documents/kobuki/install/lib PATH=/home/locobot/Documents/kobuki/install/bin:${PATH} PKG_CONFIG_PATH=/home/locobot/Documents/kobuki/install/lib/x86_64-linux-gnu/pkgconfig:/home/locobot/Documents/kobuki/install/lib/pkgconfig PYTHONPATH=/home/locobot/Documents/kobuki/install/lib/python3.8/site-packages /usr/bin/cmake --build /home/locobot/Documents/kobuki/build/ecl_geometry -- -j4 -l4
[1.817s] Invoking command in '/home/locobot/Documents/kobuki/build/ecl_geometry': AMENT_PREFIX_PATH=/home/locobot/Documents/kobuki/install CMAKE_PREFIX_PATH=/home/locobot/Documents/kobuki/install LD_LIBRARY_PATH=/home/locobot/Documents/kobuki/install/lib PATH=/home/locobot/Documents/kobuki/install/bin:${PATH} PKG_CONFIG_PATH=/home/locobot/Documents/kobuki/install/lib/x86_64-linux-gnu/pkgconfig:/home/locobot/Documents/kobuki/install/lib/pkgconfig PYTHONPATH=/home/locobot/Documents/kobuki/install/lib/python3.8/site-packages /usr/bin/cmake --install /home/locobot/Documents/kobuki/build/ecl_geometry
[1.835s] -- Install configuration: ""
[1.837s] -- Up-to-date: /home/locobot/Documents/kobuki/install/share/ecl_geometry/environment/library_path.sh
[1.838s] -- Installing: /home/locobot/Documents/kobuki/install/share/ecl_geometry/environment/library_path.dsv
[1.839s] -- Up-to-date: /home/locobot/Documents/kobuki/install/share/ament_index/resource_index/package_run_dependencies/ecl_geometry
[1.840s] -- Up-to-date: /home/locobot/Documents/kobuki/install/share/ament_index/resource_index/parent_prefix_path/ecl_geometry
[1.841s] -- Up-to-date: /home/locobot/Documents/kobuki/install/share/ecl_geometry/environment/ament_prefix_path.sh
[1.844s] -- Installing: /home/locobot/Documents/kobuki/install/share/ecl_geometry/environment/ament_prefix_path.dsv
[1.844s] -- Up-to-date: /home/locobot/Documents/kobuki/install/share/ecl_geometry/environment/path.sh
[1.845s] -- Installing: /home/locobot/Documents/kobuki/install/share/ecl_geometry/environment/path.dsv
[1.846s] -- Up-to-date: /home/locobot/Documents/kobuki/install/share/ecl_geometry/local_setup.bash
[1.846s] -- Up-to-date: /home/locobot/Documents/kobuki/install/share/ecl_geometry/local_setup.sh
[1.847s] -- Up-to-date: /home/locobot/Documents/kobuki/install/share/ecl_geometry/local_setup.zsh
[1.848s] -- Installing: /home/locobot/Documents/kobuki/install/share/ecl_geometry/local_setup.dsv
[1.850s] -- Installing: /home/locobot/Documents/kobuki/install/share/ecl_geometry/package.dsv
[1.852s] -- Up-to-date: /home/locobot/Documents/kobuki/install/share/ament_index/resource_index/packages/ecl_geometry
[1.853s] -- Up-to-date: /home/locobot/Documents/kobuki/install/share/ecl_geometry/cmake/ecl_geometryExport.cmake
[1.854s] -- Installing: /home/locobot/Documents/kobuki/install/share/ecl_geometry/cmake/ecl_geometryExport-noconfig.cmake
[1.855s] -- Up-to-date: /home/locobot/Documents/kobuki/install/share/ecl_geometry/cmake/ament_cmake_export_targets-extras.cmake
[1.856s] -- Up-to-date: /home/locobot/Documents/kobuki/install/share/ecl_geometry/cmake/ament_cmake_export_include_directories-extras.cmake
[1.857s] -- Up-to-date: /home/locobot/Documents/kobuki/install/share/ecl_geometry/cmake/ament_cmake_export_libraries-extras.cmake
[1.858s] -- Up-to-date: /home/locobot/Documents/kobuki/install/share/ecl_geometry/cmake/ament_cmake_export_dependencies-extras.cmake
[1.859s] -- Up-to-date: /home/locobot/Documents/kobuki/install/share/ecl_geometry/cmake/ecl_geometryConfig.cmake
[1.859s] -- Up-to-date: /home/locobot/Documents/kobuki/install/share/ecl_geometry/cmake/ecl_geometryConfig-version.cmake
[1.860s] -- Up-to-date: /home/locobot/Documents/kobuki/install/share/ecl_geometry/package.xml
[1.862s] -- Up-to-date: /home/locobot/Documents/kobuki/install/include/ecl/geometry.hpp
[1.863s] -- Up-to-date: /home/locobot/Documents/kobuki/install/include/ecl/geometry/angle.hpp
[1.864s] -- Up-to-date: /home/locobot/Documents/kobuki/install/include/ecl/geometry/cartesian_point.hpp
[1.865s] -- Up-to-date: /home/locobot/Documents/kobuki/install/include/ecl/geometry/cubic_spline.hpp
[1.866s] -- Up-to-date: /home/locobot/Documents/kobuki/install/include/ecl/geometry/function_math.hpp
[1.866s] -- Up-to-date: /home/locobot/Documents/kobuki/install/include/ecl/geometry/homogeneous_point.hpp
[1.867s] -- Up-to-date: /home/locobot/Documents/kobuki/install/include/ecl/geometry/legacy_pose2d.hpp
[1.868s] -- Up-to-date: /home/locobot/Documents/kobuki/install/include/ecl/geometry/legacy_pose3d.hpp
[1.869s] -- Up-to-date: /home/locobot/Documents/kobuki/install/include/ecl/geometry/linear_segment.hpp
[1.870s] -- Up-to-date: /home/locobot/Documents/kobuki/install/include/ecl/geometry/macros.hpp
[1.871s] -- Up-to-date: /home/locobot/Documents/kobuki/install/include/ecl/geometry/odometry.hpp
[1.872s] -- Up-to-date: /home/locobot/Documents/kobuki/install/include/ecl/geometry/odometry_helper.hpp
[1.873s] -- Up-to-date: /home/locobot/Documents/kobuki/install/include/ecl/geometry/odometry_typedefs.hpp
[1.874s] -- Up-to-date: /home/locobot/Documents/kobuki/install/include/ecl/geometry/pascals_triangle.hpp
[1.875s] -- Up-to-date: /home/locobot/Documents/kobuki/install/include/ecl/geometry/polynomial.hpp
[1.876s] -- Up-to-date: /home/locobot/Documents/kobuki/install/include/ecl/geometry/pose2d.hpp
[1.877s] -- Up-to-date: /home/locobot/Documents/kobuki/install/include/ecl/geometry/smooth_linear_spline.hpp
[1.877s] -- Up-to-date: /home/locobot/Documents/kobuki/install/include/ecl/geometry/spline_function.hpp
[1.878s] -- Up-to-date: /home/locobot/Documents/kobuki/install/include/ecl/geometry/tension_function.hpp
[1.892s] -- Up-to-date: /home/locobot/Documents/kobuki/install/include/ecl/geometry/tension_spline.hpp
[1.893s] -- Up-to-date: /home/locobot/Documents/kobuki/install/lib/libecl_geometry.so.1.2.1
[1.894s] -- Up-to-date: /home/locobot/Documents/kobuki/install/lib/libecl_geometry.so
[1.897s] Invoked command in '/home/locobot/Documents/kobuki/build/ecl_geometry' returned '0': AMENT_PREFIX_PATH=/home/locobot/Documents/kobuki/install CMAKE_PREFIX_PATH=/home/locobot/Documents/kobuki/install LD_LIBRARY_PATH=/home/locobot/Documents/kobuki/install/lib PATH=/home/locobot/Documents/kobuki/install/bin:${PATH} PKG_CONFIG_PATH=/home/locobot/Documents/kobuki/install/lib/x86_64-linux-gnu/pkgconfig:/home/locobot/Documents/kobuki/install/lib/pkgconfig PYTHONPATH=/home/locobot/Documents/kobuki/install/lib/python3.8/site-packages /usr/bin/cmake --install /home/locobot/Documents/kobuki/build/ecl_geometry
