Re-run cmake no build system arguments
-- Found ament_cmake_core: 0.9.12 (/home/locobot/Documents/kobuki/install/share/ament_cmake_core/cmake)
-- Using PYTHON_EXECUTABLE: /usr/bin/python3
-- Found ament_cmake_test: 0.9.12 (/home/locobot/Documents/kobuki/install/share/ament_cmake_test/cmake)
-- Configuring done
-- Generating done
-- Build files have been written to: /home/locobot/Documents/kobuki/build/ament_cmake_lint_cmake
/usr/bin/cmake -S/home/locobot/Documents/kobuki/src/ament_lint/ament_cmake_lint_cmake -B/home/locobot/Documents/kobuki/build/ament_cmake_lint_cmake --check-build-system CMakeFiles/Makefile.cmake 0
/usr/bin/cmake -E cmake_progress_start /home/locobot/Documents/kobuki/build/ament_cmake_lint_cmake/CMakeFiles /home/locobot/Documents/kobuki/build/ament_cmake_lint_cmake/CMakeFiles/progress.marks
/usr/bin/make -f CMakeFiles/Makefile2 all
make[1]: Entering directory '/home/locobot/Documents/kobuki/build/ament_cmake_lint_cmake'
make[1]: Nothing to be done for 'all'.
make[1]: Leaving directory '/home/locobot/Documents/kobuki/build/ament_cmake_lint_cmake'
/usr/bin/cmake -E cmake_progress_start /home/locobot/Documents/kobuki/build/ament_cmake_lint_cmake/CMakeFiles 0
-- Install configuration: ""
-- Up-to-date: /home/locobot/Documents/kobuki/install/share/ament_index/resource_index/package_run_dependencies/ament_cmake_lint_cmake
-- Up-to-date: /home/locobot/Documents/kobuki/install/share/ament_index/resource_index/parent_prefix_path/ament_cmake_lint_cmake
-- Up-to-date: /home/locobot/Documents/kobuki/install/share/ament_cmake_lint_cmake/environment/ament_prefix_path.sh
-- Installing: /home/locobot/Documents/kobuki/install/share/ament_cmake_lint_cmake/environment/ament_prefix_path.dsv
-- Up-to-date: /home/locobot/Documents/kobuki/install/share/ament_cmake_lint_cmake/environment/path.sh
-- Installing: /home/locobot/Documents/kobuki/install/share/ament_cmake_lint_cmake/environment/path.dsv
-- Up-to-date: /home/locobot/Documents/kobuki/install/share/ament_cmake_lint_cmake/local_setup.bash
-- Up-to-date: /home/locobot/Documents/kobuki/install/share/ament_cmake_lint_cmake/local_setup.sh
-- Up-to-date: /home/locobot/Documents/kobuki/install/share/ament_cmake_lint_cmake/local_setup.zsh
-- Installing: /home/locobot/Documents/kobuki/install/share/ament_cmake_lint_cmake/local_setup.dsv
-- Installing: /home/locobot/Documents/kobuki/install/share/ament_cmake_lint_cmake/package.dsv
-- Up-to-date: /home/locobot/Documents/kobuki/install/share/ament_index/resource_index/packages/ament_cmake_lint_cmake
-- Up-to-date: /home/locobot/Documents/kobuki/install/share/ament_cmake_lint_cmake/cmake/ament_cmake_lint_cmake-extras.cmake
-- Up-to-date: /home/locobot/Documents/kobuki/install/share/ament_cmake_lint_cmake/cmake/ament_cmake_lint_cmakeConfig.cmake
-- Up-to-date: /home/locobot/Documents/kobuki/install/share/ament_cmake_lint_cmake/cmake/ament_cmake_lint_cmakeConfig-version.cmake
-- Up-to-date: /home/locobot/Documents/kobuki/install/share/ament_cmake_lint_cmake/package.xml
-- Up-to-date: /home/locobot/Documents/kobuki/install/share/ament_cmake_lint_cmake/cmake
-- Up-to-date: /home/locobot/Documents/kobuki/install/share/ament_cmake_lint_cmake/cmake/ament_lint_cmake.cmake
-- Up-to-date: /home/locobot/Documents/kobuki/install/share/ament_cmake_lint_cmake/cmake/ament_cmake_lint_cmake_lint_hook.cmake
