[0.461s] Invoking command in '/home/locobot/Documents/kobuki/build/ament_cmake_lint_cmake': AMENT_PREFIX_PATH=/home/locobot/Documents/kobuki/install CMAKE_PREFIX_PATH=/home/locobot/Documents/kobuki/install LD_LIBRARY_PATH=/home/locobot/Documents/kobuki/install/lib PATH=/home/locobot/Documents/kobuki/install/bin:${PATH} PYTHONPATH=/home/locobot/Documents/kobuki/install/lib/python3.8/site-packages /usr/bin/cmake /home/locobot/Documents/kobuki/src/ament_lint/ament_cmake_lint_cmake -DBUILD_TESTING=OFF -DCMAKE_INSTALL_PREFIX=/home/locobot/Documents/kobuki/install
[0.483s] Re-run cmake no build system arguments
[0.483s] -- Found ament_cmake_core: 0.9.12 (/home/locobot/Documents/kobuki/install/share/ament_cmake_core/cmake)
[0.518s] -- Using PYTHON_EXECUTABLE: /usr/bin/python3
[0.893s] -- Found ament_cmake_test: 0.9.12 (/home/locobot/Documents/kobuki/install/share/ament_cmake_test/cmake)
[1.121s] -- Configuring done
[1.129s] -- Generating done
[1.129s] -- Build files have been written to: /home/locobot/Documents/kobuki/build/ament_cmake_lint_cmake
[1.159s] Invoked command in '/home/locobot/Documents/kobuki/build/ament_cmake_lint_cmake' returned '0': AMENT_PREFIX_PATH=/home/locobot/Documents/kobuki/install CMAKE_PREFIX_PATH=/home/locobot/Documents/kobuki/install LD_LIBRARY_PATH=/home/locobot/Documents/kobuki/install/lib PATH=/home/locobot/Documents/kobuki/install/bin:${PATH} PYTHONPATH=/home/locobot/Documents/kobuki/install/lib/python3.8/site-packages /usr/bin/cmake /home/locobot/Documents/kobuki/src/ament_lint/ament_cmake_lint_cmake -DBUILD_TESTING=OFF -DCMAKE_INSTALL_PREFIX=/home/locobot/Documents/kobuki/install
[1.160s] Invoking command in '/home/locobot/Documents/kobuki/build/ament_cmake_lint_cmake': AMENT_PREFIX_PATH=/home/locobot/Documents/kobuki/install CMAKE_PREFIX_PATH=/home/locobot/Documents/kobuki/install LD_LIBRARY_PATH=/home/locobot/Documents/kobuki/install/lib PATH=/home/locobot/Documents/kobuki/install/bin:${PATH} PYTHONPATH=/home/locobot/Documents/kobuki/install/lib/python3.8/site-packages /usr/bin/cmake --build /home/locobot/Documents/kobuki/build/ament_cmake_lint_cmake -- -j4 -l4
[1.213s] /usr/bin/cmake -S/home/locobot/Documents/kobuki/src/ament_lint/ament_cmake_lint_cmake -B/home/locobot/Documents/kobuki/build/ament_cmake_lint_cmake --check-build-system CMakeFiles/Makefile.cmake 0
[1.227s] /usr/bin/cmake -E cmake_progress_start /home/locobot/Documents/kobuki/build/ament_cmake_lint_cmake/CMakeFiles /home/locobot/Documents/kobuki/build/ament_cmake_lint_cmake/CMakeFiles/progress.marks
[1.272s] /usr/bin/make -f CMakeFiles/Makefile2 all
[1.272s] make[1]: Entering directory '/home/locobot/Documents/kobuki/build/ament_cmake_lint_cmake'
[1.272s] make[1]: Nothing to be done for 'all'.
[1.272s] make[1]: Leaving directory '/home/locobot/Documents/kobuki/build/ament_cmake_lint_cmake'
[1.272s] /usr/bin/cmake -E cmake_progress_start /home/locobot/Documents/kobuki/build/ament_cmake_lint_cmake/CMakeFiles 0
[1.380s] Invoked command in '/home/locobot/Documents/kobuki/build/ament_cmake_lint_cmake' returned '0': AMENT_PREFIX_PATH=/home/locobot/Documents/kobuki/install CMAKE_PREFIX_PATH=/home/locobot/Documents/kobuki/install LD_LIBRARY_PATH=/home/locobot/Documents/kobuki/install/lib PATH=/home/locobot/Documents/kobuki/install/bin:${PATH} PYTHONPATH=/home/locobot/Documents/kobuki/install/lib/python3.8/site-packages /usr/bin/cmake --build /home/locobot/Documents/kobuki/build/ament_cmake_lint_cmake -- -j4 -l4
[1.381s] Invoking command in '/home/locobot/Documents/kobuki/build/ament_cmake_lint_cmake': AMENT_PREFIX_PATH=/home/locobot/Documents/kobuki/install CMAKE_PREFIX_PATH=/home/locobot/Documents/kobuki/install LD_LIBRARY_PATH=/home/locobot/Documents/kobuki/install/lib PATH=/home/locobot/Documents/kobuki/install/bin:${PATH} PYTHONPATH=/home/locobot/Documents/kobuki/install/lib/python3.8/site-packages /usr/bin/cmake --install /home/locobot/Documents/kobuki/build/ament_cmake_lint_cmake
[1.416s] -- Install configuration: ""
[1.416s] -- Up-to-date: /home/locobot/Documents/kobuki/install/share/ament_index/resource_index/package_run_dependencies/ament_cmake_lint_cmake
[1.417s] -- Up-to-date: /home/locobot/Documents/kobuki/install/share/ament_index/resource_index/parent_prefix_path/ament_cmake_lint_cmake
[1.417s] -- Up-to-date: /home/locobot/Documents/kobuki/install/share/ament_cmake_lint_cmake/environment/ament_prefix_path.sh
[1.417s] -- Installing: /home/locobot/Documents/kobuki/install/share/ament_cmake_lint_cmake/environment/ament_prefix_path.dsv
[1.418s] -- Up-to-date: /home/locobot/Documents/kobuki/install/share/ament_cmake_lint_cmake/environment/path.sh
[1.418s] -- Installing: /home/locobot/Documents/kobuki/install/share/ament_cmake_lint_cmake/environment/path.dsv
[1.418s] -- Up-to-date: /home/locobot/Documents/kobuki/install/share/ament_cmake_lint_cmake/local_setup.bash
[1.418s] -- Up-to-date: /home/locobot/Documents/kobuki/install/share/ament_cmake_lint_cmake/local_setup.sh
[1.418s] -- Up-to-date: /home/locobot/Documents/kobuki/install/share/ament_cmake_lint_cmake/local_setup.zsh
[1.418s] -- Installing: /home/locobot/Documents/kobuki/install/share/ament_cmake_lint_cmake/local_setup.dsv
[1.418s] -- Installing: /home/locobot/Documents/kobuki/install/share/ament_cmake_lint_cmake/package.dsv
[1.418s] -- Up-to-date: /home/locobot/Documents/kobuki/install/share/ament_index/resource_index/packages/ament_cmake_lint_cmake
[1.418s] -- Up-to-date: /home/locobot/Documents/kobuki/install/share/ament_cmake_lint_cmake/cmake/ament_cmake_lint_cmake-extras.cmake
[1.419s] -- Up-to-date: /home/locobot/Documents/kobuki/install/share/ament_cmake_lint_cmake/cmake/ament_cmake_lint_cmakeConfig.cmake
[1.419s] -- Up-to-date: /home/locobot/Documents/kobuki/install/share/ament_cmake_lint_cmake/cmake/ament_cmake_lint_cmakeConfig-version.cmake
[1.419s] -- Up-to-date: /home/locobot/Documents/kobuki/install/share/ament_cmake_lint_cmake/package.xml
[1.419s] -- Up-to-date: /home/locobot/Documents/kobuki/install/share/ament_cmake_lint_cmake/cmake
[1.419s] -- Up-to-date: /home/locobot/Documents/kobuki/install/share/ament_cmake_lint_cmake/cmake/ament_lint_cmake.cmake
[1.419s] -- Up-to-date: /home/locobot/Documents/kobuki/install/share/ament_cmake_lint_cmake/cmake/ament_cmake_lint_cmake_lint_hook.cmake
[1.419s] Invoked command in '/home/locobot/Documents/kobuki/build/ament_cmake_lint_cmake' returned '0': AMENT_PREFIX_PATH=/home/locobot/Documents/kobuki/install CMAKE_PREFIX_PATH=/home/locobot/Documents/kobuki/install LD_LIBRARY_PATH=/home/locobot/Documents/kobuki/install/lib PATH=/home/locobot/Documents/kobuki/install/bin:${PATH} PYTHONPATH=/home/locobot/Documents/kobuki/install/lib/python3.8/site-packages /usr/bin/cmake --install /home/locobot/Documents/kobuki/build/ament_cmake_lint_cmake
