-- The C compiler identification is GNU 9.4.0
-- The CXX compiler identification is GNU 9.4.0
-- Check for working C compiler: /usr/bin/cc
-- Check for working C compiler: /usr/bin/cc -- works
-- Detecting C compiler ABI info
-- Detecting C compiler ABI info - done
-- Detecting C compile features
-- Detecting C compile features - done
-- Check for working CXX compiler: /usr/bin/c++
-- Check for working CXX compiler: /usr/bin/c++ -- works
-- Detecting CXX compiler ABI info
-- Detecting CXX compiler ABI info - done
-- Detecting CXX compile features
-- Detecting CXX compile features - done
-- Found ament_cmake_ros: 0.9.2 (/home/locobot/Documents/kobuki/install/share/ament_cmake_ros/cmake)
-- Found PythonInterp: /usr/bin/python3 (found suitable version "3.8.10", minimum required is "3") 
-- Using PYTHON_EXECUTABLE: /usr/bin/python3
-- Found ecl_build: 1.0.3 (/home/locobot/Documents/kobuki/install/share/ecl_build/cmake)
-- Found ecl_config: 1.1.0 (/home/locobot/Documents/kobuki/install/share/ecl_config/cmake)
-- Found ecl_linear_algebra: 1.2.1 (/home/locobot/Documents/kobuki/install/share/ecl_linear_algebra/cmake)
-- Found ecl_command_line: 1.2.1 (/home/locobot/Documents/kobuki/install/share/ecl_command_line/cmake)
-- Found ecl_containers: 1.2.1 (/home/locobot/Documents/kobuki/install/share/ecl_containers/cmake)
-- Found ecl_devices: 1.2.1 (/home/locobot/Documents/kobuki/install/share/ecl_devices/cmake)
-- Looking for pthread.h
-- Looking for pthread.h - found
-- Performing Test CMAKE_HAVE_LIBC_PTHREAD
-- Performing Test CMAKE_HAVE_LIBC_PTHREAD - Failed
-- Looking for pthread_create in pthreads
-- Looking for pthread_create in pthreads - not found
-- Looking for pthread_create in pthread
-- Looking for pthread_create in pthread - found
-- Found Threads: TRUE  
-- Check if compiler accepts -pthread
-- Check if compiler accepts -pthread - yes
-- Found ecl_geometry: 1.2.1 (/home/locobot/Documents/kobuki/install/share/ecl_geometry/cmake)
-- Found ecl_ipc: 1.2.1 (/home/locobot/Documents/kobuki/install/share/ecl_ipc/cmake)
-- Found ecl_sigslots: 1.2.1 (/home/locobot/Documents/kobuki/install/share/ecl_sigslots/cmake)
-- Found ecl_streams: 1.2.1 (/home/locobot/Documents/kobuki/install/share/ecl_streams/cmake)
-- Configuring done
-- Generating done
-- Build files have been written to: /home/locobot/Documents/kobuki/build/ecl_core_apps
[35m[1mScanning dependencies of target ecl_bench_snooze[0m
[  2%] [32mBuilding CXX object src/benchmarks/CMakeFiles/ecl_bench_snooze.dir/snooze.cpp.o[0m
[  5%] [32m[1mLinking CXX executable ecl_bench_snooze[0m
[  5%] Built target ecl_bench_snooze
[35m[1mScanning dependencies of target ecl_bench_exceptions[0m
[  8%] [32mBuilding CXX object src/benchmarks/CMakeFiles/ecl_bench_exceptions.dir/exceptions.cpp.o[0m
[ 11%] [32m[1mLinking CXX executable ecl_bench_exceptions[0m
[ 11%] Built target ecl_bench_exceptions
[35m[1mScanning dependencies of target ecl_bench_streams[0m
[ 14%] [32mBuilding CXX object src/benchmarks/CMakeFiles/ecl_bench_streams.dir/streams.cpp.o[0m
[ 17%] [32m[1mLinking CXX executable ecl_bench_streams[0m
[ 17%] Built target ecl_bench_streams
[35m[1mScanning dependencies of target ecl_bench_eigen3_transforms[0m
[ 20%] [32mBuilding CXX object src/benchmarks/CMakeFiles/ecl_bench_eigen3_transforms.dir/eigen3_transforms.cpp.o[0m
[ 23%] [32m[1mLinking CXX executable ecl_bench_eigen3_transforms[0m
[ 23%] Built target ecl_bench_eigen3_transforms
[35m[1mScanning dependencies of target ecl_bench_eigen3_inverse[0m
[ 26%] [32mBuilding CXX object src/benchmarks/CMakeFiles/ecl_bench_eigen3_inverse.dir/eigen3_inverse.cpp.o[0m
[ 29%] [32m[1mLinking CXX executable ecl_bench_eigen3_inverse[0m
[ 29%] Built target ecl_bench_eigen3_inverse
[35m[1mScanning dependencies of target ecl_bench_eigen3_decompositions[0m
[ 32%] [32mBuilding CXX object src/benchmarks/CMakeFiles/ecl_bench_eigen3_decompositions.dir/eigen3_decompositions.cpp.o[0m
[ 35%] [32m[1mLinking CXX executable ecl_bench_eigen3_decompositions[0m
[ 35%] Built target ecl_bench_eigen3_decompositions
[35m[1mScanning dependencies of target ecl_bench_containers[0m
[ 38%] [32mBuilding CXX object src/benchmarks/CMakeFiles/ecl_bench_containers.dir/containers.cpp.o[0m
[ 41%] [32m[1mLinking CXX executable ecl_bench_containers[0m
[ 41%] Built target ecl_bench_containers
[35m[1mScanning dependencies of target ecl_bench_flops[0m
[ 44%] [32mBuilding CXX object src/benchmarks/CMakeFiles/ecl_bench_flops.dir/flops.cpp.o[0m
[ 47%] [32m[1mLinking CXX executable ecl_bench_flops[0m
[ 47%] Built target ecl_bench_flops
[35m[1mScanning dependencies of target ecl_hex[0m
[ 50%] [32mBuilding CXX object src/utils/CMakeFiles/ecl_hex.dir/hex.cpp.o[0m
[ 52%] [32m[1mLinking CXX executable ecl_hex[0m
[ 52%] Built target ecl_hex
[35m[1mScanning dependencies of target ecl_socket_server[0m
[ 55%] [32mBuilding CXX object src/utils/CMakeFiles/ecl_socket_server.dir/socket_server.cpp.o[0m
[ 58%] [32m[1mLinking CXX executable ecl_socket_server[0m
[ 58%] Built target ecl_socket_server
[35m[1mScanning dependencies of target ecl_serial[0m
[ 61%] [32mBuilding CXX object src/utils/CMakeFiles/ecl_serial.dir/serial.cpp.o[0m
[ 64%] [32m[1mLinking CXX executable ecl_serial[0m
[ 64%] Built target ecl_serial
[35m[1mScanning dependencies of target ecl_process_statistics[0m
[ 67%] [32mBuilding CXX object src/utils/CMakeFiles/ecl_process_statistics.dir/process_statistics.cpp.o[0m
[ 70%] [32m[1mLinking CXX executable bin/ecl_process_statistics[0m
[ 70%] Built target ecl_process_statistics
[35m[1mScanning dependencies of target ecl_quaternion2yaw[0m
[ 73%] [32mBuilding CXX object src/utils/CMakeFiles/ecl_quaternion2yaw.dir/quaternion2yaw.cpp.o[0m
[ 76%] [32m[1mLinking CXX executable bin/ecl_quaternion2yaw[0m
[ 76%] Built target ecl_quaternion2yaw
[35m[1mScanning dependencies of target ecl_yaw2quaternion[0m
[ 79%] [32mBuilding CXX object src/utils/CMakeFiles/ecl_yaw2quaternion.dir/yaw2quaternion.cpp.o[0m
[ 82%] [32m[1mLinking CXX executable bin/ecl_yaw2quaternion[0m
[ 82%] Built target ecl_yaw2quaternion
[35m[1mScanning dependencies of target ecl_socket_client[0m
[ 85%] [32mBuilding CXX object src/utils/CMakeFiles/ecl_socket_client.dir/socket_client.cpp.o[0m
[ 88%] [32m[1mLinking CXX executable ecl_socket_client[0m
[ 88%] Built target ecl_socket_client
[35m[1mScanning dependencies of target ecl_bench_files[0m
[ 91%] [32mBuilding CXX object src/benchmarks/CMakeFiles/ecl_bench_files.dir/files.cpp.o[0m
[ 94%] [32m[1mLinking CXX executable ecl_bench_files[0m
[ 94%] Built target ecl_bench_files
[35m[1mScanning dependencies of target ecl_bench_string_conversions[0m
[ 97%] [32mBuilding CXX object src/benchmarks/CMakeFiles/ecl_bench_string_conversions.dir/string_conversions.cpp.o[0m
[100%] [32m[1mLinking CXX executable ecl_bench_string_conversions[0m
[100%] Built target ecl_bench_string_conversions
-- Install configuration: ""
-- Installing: /home/locobot/Documents/kobuki/install/share/ament_index/resource_index/package_run_dependencies/ecl_core_apps
-- Installing: /home/locobot/Documents/kobuki/install/share/ament_index/resource_index/parent_prefix_path/ecl_core_apps
-- Installing: /home/locobot/Documents/kobuki/install/share/ecl_core_apps/environment/ament_prefix_path.sh
-- Installing: /home/locobot/Documents/kobuki/install/share/ecl_core_apps/environment/ament_prefix_path.dsv
-- Installing: /home/locobot/Documents/kobuki/install/share/ecl_core_apps/environment/path.sh
-- Installing: /home/locobot/Documents/kobuki/install/share/ecl_core_apps/environment/path.dsv
-- Installing: /home/locobot/Documents/kobuki/install/share/ecl_core_apps/local_setup.bash
-- Installing: /home/locobot/Documents/kobuki/install/share/ecl_core_apps/local_setup.sh
-- Installing: /home/locobot/Documents/kobuki/install/share/ecl_core_apps/local_setup.zsh
-- Installing: /home/locobot/Documents/kobuki/install/share/ecl_core_apps/local_setup.dsv
-- Installing: /home/locobot/Documents/kobuki/install/share/ecl_core_apps/package.dsv
-- Installing: /home/locobot/Documents/kobuki/install/share/ament_index/resource_index/packages/ecl_core_apps
-- Installing: /home/locobot/Documents/kobuki/install/share/ecl_core_apps/cmake/ecl_core_appsConfig.cmake
-- Installing: /home/locobot/Documents/kobuki/install/share/ecl_core_apps/cmake/ecl_core_appsConfig-version.cmake
-- Installing: /home/locobot/Documents/kobuki/install/share/ecl_core_apps/package.xml
-- Installing: /home/locobot/Documents/kobuki/install/bin/ecl_bench_containers
-- Set runtime path of "/home/locobot/Documents/kobuki/install/bin/ecl_bench_containers" to ""
-- Installing: /home/locobot/Documents/kobuki/install/bin/ecl_bench_files
-- Set runtime path of "/home/locobot/Documents/kobuki/install/bin/ecl_bench_files" to ""
-- Installing: /home/locobot/Documents/kobuki/install/bin/ecl_bench_flops
-- Set runtime path of "/home/locobot/Documents/kobuki/install/bin/ecl_bench_flops" to ""
-- Installing: /home/locobot/Documents/kobuki/install/bin/ecl_bench_exceptions
-- Set runtime path of "/home/locobot/Documents/kobuki/install/bin/ecl_bench_exceptions" to ""
-- Installing: /home/locobot/Documents/kobuki/install/bin/ecl_bench_snooze
-- Set runtime path of "/home/locobot/Documents/kobuki/install/bin/ecl_bench_snooze" to ""
-- Installing: /home/locobot/Documents/kobuki/install/bin/ecl_bench_streams
-- Set runtime path of "/home/locobot/Documents/kobuki/install/bin/ecl_bench_streams" to ""
-- Installing: /home/locobot/Documents/kobuki/install/bin/ecl_bench_string_conversions
-- Set runtime path of "/home/locobot/Documents/kobuki/install/bin/ecl_bench_string_conversions" to ""
-- Installing: /home/locobot/Documents/kobuki/install/bin/ecl_bench_eigen3_inverse
-- Set runtime path of "/home/locobot/Documents/kobuki/install/bin/ecl_bench_eigen3_inverse" to ""
-- Installing: /home/locobot/Documents/kobuki/install/bin/ecl_bench_eigen3_decompositions
-- Set runtime path of "/home/locobot/Documents/kobuki/install/bin/ecl_bench_eigen3_decompositions" to ""
-- Installing: /home/locobot/Documents/kobuki/install/bin/ecl_bench_eigen3_transforms
-- Set runtime path of "/home/locobot/Documents/kobuki/install/bin/ecl_bench_eigen3_transforms" to ""
-- Installing: /home/locobot/Documents/kobuki/install/lib/ecl_core_apps/ecl_hex
-- Set runtime path of "/home/locobot/Documents/kobuki/install/lib/ecl_core_apps/ecl_hex" to ""
-- Installing: /home/locobot/Documents/kobuki/install/lib/ecl_core_apps/ecl_serial
-- Set runtime path of "/home/locobot/Documents/kobuki/install/lib/ecl_core_apps/ecl_serial" to ""
-- Installing: /home/locobot/Documents/kobuki/install/lib/ecl_core_apps/ecl_socket_client
-- Set runtime path of "/home/locobot/Documents/kobuki/install/lib/ecl_core_apps/ecl_socket_client" to ""
-- Installing: /home/locobot/Documents/kobuki/install/lib/ecl_core_apps/ecl_socket_server
-- Set runtime path of "/home/locobot/Documents/kobuki/install/lib/ecl_core_apps/ecl_socket_server" to ""
-- Installing: /home/locobot/Documents/kobuki/install/bin/ecl_process_statistics
-- Set runtime path of "/home/locobot/Documents/kobuki/install/bin/ecl_process_statistics" to ""
-- Installing: /home/locobot/Documents/kobuki/install/bin/ecl_quaternion2yaw
-- Set runtime path of "/home/locobot/Documents/kobuki/install/bin/ecl_quaternion2yaw" to ""
-- Installing: /home/locobot/Documents/kobuki/install/bin/ecl_yaw2quaternion
-- Set runtime path of "/home/locobot/Documents/kobuki/install/bin/ecl_yaw2quaternion" to ""
