[0.254s] Invoking command in '/home/locobot/Documents/kobuki/build/ecl_core_apps': AMENT_PREFIX_PATH=/home/locobot/Documents/kobuki/install CMAKE_PREFIX_PATH=/home/locobot/Documents/kobuki/install LD_LIBRARY_PATH=/home/locobot/Documents/kobuki/install/lib PATH=/home/locobot/Documents/kobuki/install/bin:${PATH} PKG_CONFIG_PATH=/home/locobot/Documents/kobuki/install/lib/x86_64-linux-gnu/pkgconfig:/home/locobot/Documents/kobuki/install/lib/pkgconfig PYTHONPATH=/home/locobot/Documents/kobuki/install/lib/python3.8/site-packages /usr/bin/cmake /home/locobot/Documents/kobuki/src/ecl_core/ecl_core_apps -DBUILD_TESTING=OFF -DCMAKE_INSTALL_PREFIX=/home/locobot/Documents/kobuki/install
[0.351s] -- The C compiler identification is GNU 9.4.0
[0.436s] -- The CXX compiler identification is GNU 9.4.0
[0.444s] -- Check for working C compiler: /usr/bin/cc
[0.554s] -- Check for working C compiler: /usr/bin/cc -- works
[0.554s] -- Detecting C compiler ABI info
[0.676s] -- Detecting C compiler ABI info - done
[0.695s] -- Detecting C compile features
[0.696s] -- Detecting C compile features - done
[0.699s] -- Check for working CXX compiler: /usr/bin/c++
[0.874s] -- Check for working CXX compiler: /usr/bin/c++ -- works
[0.876s] -- Detecting CXX compiler ABI info
[1.058s] -- Detecting CXX compiler ABI info - done
[1.092s] -- Detecting CXX compile features
[1.103s] -- Detecting CXX compile features - done
[1.105s] -- Found ament_cmake_ros: 0.9.2 (/home/locobot/Documents/kobuki/install/share/ament_cmake_ros/cmake)
[1.170s] -- Found PythonInterp: /usr/bin/python3 (found suitable version "3.8.10", minimum required is "3") 
[1.171s] -- Using PYTHON_EXECUTABLE: /usr/bin/python3
[1.422s] -- Found ecl_build: 1.0.3 (/home/locobot/Documents/kobuki/install/share/ecl_build/cmake)
[1.435s] -- Found ecl_config: 1.1.0 (/home/locobot/Documents/kobuki/install/share/ecl_config/cmake)
[1.439s] -- Found ecl_linear_algebra: 1.2.1 (/home/locobot/Documents/kobuki/install/share/ecl_linear_algebra/cmake)
[1.509s] -- Found ecl_command_line: 1.2.1 (/home/locobot/Documents/kobuki/install/share/ecl_command_line/cmake)
[1.518s] -- Found ecl_containers: 1.2.1 (/home/locobot/Documents/kobuki/install/share/ecl_containers/cmake)
[1.534s] -- Found ecl_devices: 1.2.1 (/home/locobot/Documents/kobuki/install/share/ecl_devices/cmake)
[1.543s] -- Looking for pthread.h
[1.642s] -- Looking for pthread.h - found
[1.642s] -- Performing Test CMAKE_HAVE_LIBC_PTHREAD
[1.922s] -- Performing Test CMAKE_HAVE_LIBC_PTHREAD - Failed
[1.922s] -- Looking for pthread_create in pthreads
[2.110s] -- Looking for pthread_create in pthreads - not found
[2.110s] -- Looking for pthread_create in pthread
[2.325s] -- Looking for pthread_create in pthread - found
[2.328s] -- Found Threads: TRUE  
[2.328s] -- Check if compiler accepts -pthread
[2.450s] -- Check if compiler accepts -pthread - yes
[2.478s] -- Found ecl_geometry: 1.2.1 (/home/locobot/Documents/kobuki/install/share/ecl_geometry/cmake)
[2.490s] -- Found ecl_ipc: 1.2.1 (/home/locobot/Documents/kobuki/install/share/ecl_ipc/cmake)
[2.499s] -- Found ecl_sigslots: 1.2.1 (/home/locobot/Documents/kobuki/install/share/ecl_sigslots/cmake)
[2.504s] -- Found ecl_streams: 1.2.1 (/home/locobot/Documents/kobuki/install/share/ecl_streams/cmake)
[2.636s] -- Configuring done
[2.695s] -- Generating done
[2.720s] -- Build files have been written to: /home/locobot/Documents/kobuki/build/ecl_core_apps
[2.730s] Invoked command in '/home/locobot/Documents/kobuki/build/ecl_core_apps' returned '0': AMENT_PREFIX_PATH=/home/locobot/Documents/kobuki/install CMAKE_PREFIX_PATH=/home/locobot/Documents/kobuki/install LD_LIBRARY_PATH=/home/locobot/Documents/kobuki/install/lib PATH=/home/locobot/Documents/kobuki/install/bin:${PATH} PKG_CONFIG_PATH=/home/locobot/Documents/kobuki/install/lib/x86_64-linux-gnu/pkgconfig:/home/locobot/Documents/kobuki/install/lib/pkgconfig PYTHONPATH=/home/locobot/Documents/kobuki/install/lib/python3.8/site-packages /usr/bin/cmake /home/locobot/Documents/kobuki/src/ecl_core/ecl_core_apps -DBUILD_TESTING=OFF -DCMAKE_INSTALL_PREFIX=/home/locobot/Documents/kobuki/install
[2.732s] Invoking command in '/home/locobot/Documents/kobuki/build/ecl_core_apps': AMENT_PREFIX_PATH=/home/locobot/Documents/kobuki/install CMAKE_PREFIX_PATH=/home/locobot/Documents/kobuki/install LD_LIBRARY_PATH=/home/locobot/Documents/kobuki/install/lib PATH=/home/locobot/Documents/kobuki/install/bin:${PATH} PKG_CONFIG_PATH=/home/locobot/Documents/kobuki/install/lib/x86_64-linux-gnu/pkgconfig:/home/locobot/Documents/kobuki/install/lib/pkgconfig PYTHONPATH=/home/locobot/Documents/kobuki/install/lib/python3.8/site-packages /usr/bin/cmake --build /home/locobot/Documents/kobuki/build/ecl_core_apps -- -j4 -l4
[2.791s] [35m[1mScanning dependencies of target ecl_bench_snooze[0m
[2.810s] [  2%] [32mBuilding CXX object src/benchmarks/CMakeFiles/ecl_bench_snooze.dir/snooze.cpp.o[0m
[3.458s] [  5%] [32m[1mLinking CXX executable ecl_bench_snooze[0m
[3.601s] [  5%] Built target ecl_bench_snooze
[3.617s] [35m[1mScanning dependencies of target ecl_bench_exceptions[0m
[3.648s] [  8%] [32mBuilding CXX object src/benchmarks/CMakeFiles/ecl_bench_exceptions.dir/exceptions.cpp.o[0m
[4.224s] [ 11%] [32m[1mLinking CXX executable ecl_bench_exceptions[0m
[4.344s] [ 11%] Built target ecl_bench_exceptions
[4.358s] [35m[1mScanning dependencies of target ecl_bench_streams[0m
[4.397s] [ 14%] [32mBuilding CXX object src/benchmarks/CMakeFiles/ecl_bench_streams.dir/streams.cpp.o[0m
[5.377s] [ 17%] [32m[1mLinking CXX executable ecl_bench_streams[0m
[5.516s] [ 17%] Built target ecl_bench_streams
[5.530s] [35m[1mScanning dependencies of target ecl_bench_eigen3_transforms[0m
[5.642s] [ 20%] [32mBuilding CXX object src/benchmarks/CMakeFiles/ecl_bench_eigen3_transforms.dir/eigen3_transforms.cpp.o[0m
[15.030s] [ 23%] [32m[1mLinking CXX executable ecl_bench_eigen3_transforms[0m
[15.320s] [ 23%] Built target ecl_bench_eigen3_transforms
[15.331s] [35m[1mScanning dependencies of target ecl_bench_eigen3_inverse[0m
[15.401s] [ 26%] [32mBuilding CXX object src/benchmarks/CMakeFiles/ecl_bench_eigen3_inverse.dir/eigen3_inverse.cpp.o[0m
[20.916s] [ 29%] [32m[1mLinking CXX executable ecl_bench_eigen3_inverse[0m
[21.104s] [ 29%] Built target ecl_bench_eigen3_inverse
[21.120s] [35m[1mScanning dependencies of target ecl_bench_eigen3_decompositions[0m
[21.198s] [ 32%] [32mBuilding CXX object src/benchmarks/CMakeFiles/ecl_bench_eigen3_decompositions.dir/eigen3_decompositions.cpp.o[0m
[33.424s] [ 35%] [32m[1mLinking CXX executable ecl_bench_eigen3_decompositions[0m
[33.773s] [ 35%] Built target ecl_bench_eigen3_decompositions
[33.787s] [35m[1mScanning dependencies of target ecl_bench_containers[0m
[33.818s] [ 38%] [32mBuilding CXX object src/benchmarks/CMakeFiles/ecl_bench_containers.dir/containers.cpp.o[0m
[34.599s] [ 41%] [32m[1mLinking CXX executable ecl_bench_containers[0m
[34.721s] [ 41%] Built target ecl_bench_containers
[34.732s] [35m[1mScanning dependencies of target ecl_bench_flops[0m
[34.752s] [ 44%] [32mBuilding CXX object src/benchmarks/CMakeFiles/ecl_bench_flops.dir/flops.cpp.o[0m
[35.873s] [ 47%] [32m[1mLinking CXX executable ecl_bench_flops[0m
[35.985s] [ 47%] Built target ecl_bench_flops
[35.999s] [35m[1mScanning dependencies of target ecl_hex[0m
[36.042s] [ 50%] [32mBuilding CXX object src/utils/CMakeFiles/ecl_hex.dir/hex.cpp.o[0m
[37.317s] [ 52%] [32m[1mLinking CXX executable ecl_hex[0m
[37.458s] [ 52%] Built target ecl_hex
[37.474s] [35m[1mScanning dependencies of target ecl_socket_server[0m
[37.505s] [ 55%] [32mBuilding CXX object src/utils/CMakeFiles/ecl_socket_server.dir/socket_server.cpp.o[0m
[38.590s] [ 58%] [32m[1mLinking CXX executable ecl_socket_server[0m
[38.761s] [ 58%] Built target ecl_socket_server
[38.774s] [35m[1mScanning dependencies of target ecl_serial[0m
[38.806s] [ 61%] [32mBuilding CXX object src/utils/CMakeFiles/ecl_serial.dir/serial.cpp.o[0m
[40.217s] [ 64%] [32m[1mLinking CXX executable ecl_serial[0m
[40.349s] [ 64%] Built target ecl_serial
[40.364s] [35m[1mScanning dependencies of target ecl_process_statistics[0m
[40.376s] [ 67%] [32mBuilding CXX object src/utils/CMakeFiles/ecl_process_statistics.dir/process_statistics.cpp.o[0m
[40.722s] [ 70%] [32m[1mLinking CXX executable bin/ecl_process_statistics[0m
[40.825s] [ 70%] Built target ecl_process_statistics
[40.843s] [35m[1mScanning dependencies of target ecl_quaternion2yaw[0m
[40.923s] [ 73%] [32mBuilding CXX object src/utils/CMakeFiles/ecl_quaternion2yaw.dir/quaternion2yaw.cpp.o[0m
[43.045s] [ 76%] [32m[1mLinking CXX executable bin/ecl_quaternion2yaw[0m
[43.162s] [ 76%] Built target ecl_quaternion2yaw
[43.178s] [35m[1mScanning dependencies of target ecl_yaw2quaternion[0m
[43.258s] [ 79%] [32mBuilding CXX object src/utils/CMakeFiles/ecl_yaw2quaternion.dir/yaw2quaternion.cpp.o[0m
[46.063s] [ 82%] [32m[1mLinking CXX executable bin/ecl_yaw2quaternion[0m
[46.185s] [ 82%] Built target ecl_yaw2quaternion
[46.199s] [35m[1mScanning dependencies of target ecl_socket_client[0m
[46.230s] [ 85%] [32mBuilding CXX object src/utils/CMakeFiles/ecl_socket_client.dir/socket_client.cpp.o[0m
[47.551s] [ 88%] [32m[1mLinking CXX executable ecl_socket_client[0m
[47.711s] [ 88%] Built target ecl_socket_client
[47.724s] [35m[1mScanning dependencies of target ecl_bench_files[0m
[47.751s] [ 91%] [32mBuilding CXX object src/benchmarks/CMakeFiles/ecl_bench_files.dir/files.cpp.o[0m
[48.535s] [ 94%] [32m[1mLinking CXX executable ecl_bench_files[0m
[48.668s] [ 94%] Built target ecl_bench_files
[48.680s] [35m[1mScanning dependencies of target ecl_bench_string_conversions[0m
[48.704s] [ 97%] [32mBuilding CXX object src/benchmarks/CMakeFiles/ecl_bench_string_conversions.dir/string_conversions.cpp.o[0m
[49.203s] [100%] [32m[1mLinking CXX executable ecl_bench_string_conversions[0m
[49.317s] [100%] Built target ecl_bench_string_conversions
[49.338s] Invoked command in '/home/locobot/Documents/kobuki/build/ecl_core_apps' returned '0': AMENT_PREFIX_PATH=/home/locobot/Documents/kobuki/install CMAKE_PREFIX_PATH=/home/locobot/Documents/kobuki/install LD_LIBRARY_PATH=/home/locobot/Documents/kobuki/install/lib PATH=/home/locobot/Documents/kobuki/install/bin:${PATH} PKG_CONFIG_PATH=/home/locobot/Documents/kobuki/install/lib/x86_64-linux-gnu/pkgconfig:/home/locobot/Documents/kobuki/install/lib/pkgconfig PYTHONPATH=/home/locobot/Documents/kobuki/install/lib/python3.8/site-packages /usr/bin/cmake --build /home/locobot/Documents/kobuki/build/ecl_core_apps -- -j4 -l4
[49.339s] Invoking command in '/home/locobot/Documents/kobuki/build/ecl_core_apps': AMENT_PREFIX_PATH=/home/locobot/Documents/kobuki/install CMAKE_PREFIX_PATH=/home/locobot/Documents/kobuki/install LD_LIBRARY_PATH=/home/locobot/Documents/kobuki/install/lib PATH=/home/locobot/Documents/kobuki/install/bin:${PATH} PKG_CONFIG_PATH=/home/locobot/Documents/kobuki/install/lib/x86_64-linux-gnu/pkgconfig:/home/locobot/Documents/kobuki/install/lib/pkgconfig PYTHONPATH=/home/locobot/Documents/kobuki/install/lib/python3.8/site-packages /usr/bin/cmake --install /home/locobot/Documents/kobuki/build/ecl_core_apps
[49.355s] -- Install configuration: ""
[49.357s] -- Installing: /home/locobot/Documents/kobuki/install/share/ament_index/resource_index/package_run_dependencies/ecl_core_apps
[49.360s] -- Installing: /home/locobot/Documents/kobuki/install/share/ament_index/resource_index/parent_prefix_path/ecl_core_apps
[49.362s] -- Installing: /home/locobot/Documents/kobuki/install/share/ecl_core_apps/environment/ament_prefix_path.sh
[49.362s] -- Installing: /home/locobot/Documents/kobuki/install/share/ecl_core_apps/environment/ament_prefix_path.dsv
[49.362s] -- Installing: /home/locobot/Documents/kobuki/install/share/ecl_core_apps/environment/path.sh
[49.362s] -- Installing: /home/locobot/Documents/kobuki/install/share/ecl_core_apps/environment/path.dsv
[49.362s] -- Installing: /home/locobot/Documents/kobuki/install/share/ecl_core_apps/local_setup.bash
[49.363s] -- Installing: /home/locobot/Documents/kobuki/install/share/ecl_core_apps/local_setup.sh
[49.363s] -- Installing: /home/locobot/Documents/kobuki/install/share/ecl_core_apps/local_setup.zsh
[49.363s] -- Installing: /home/locobot/Documents/kobuki/install/share/ecl_core_apps/local_setup.dsv
[49.363s] -- Installing: /home/locobot/Documents/kobuki/install/share/ecl_core_apps/package.dsv
[49.363s] -- Installing: /home/locobot/Documents/kobuki/install/share/ament_index/resource_index/packages/ecl_core_apps
[49.363s] -- Installing: /home/locobot/Documents/kobuki/install/share/ecl_core_apps/cmake/ecl_core_appsConfig.cmake
[49.364s] -- Installing: /home/locobot/Documents/kobuki/install/share/ecl_core_apps/cmake/ecl_core_appsConfig-version.cmake
[49.364s] -- Installing: /home/locobot/Documents/kobuki/install/share/ecl_core_apps/package.xml
[49.364s] -- Installing: /home/locobot/Documents/kobuki/install/bin/ecl_bench_containers
[49.375s] -- Set runtime path of "/home/locobot/Documents/kobuki/install/bin/ecl_bench_containers" to ""
[49.376s] -- Installing: /home/locobot/Documents/kobuki/install/bin/ecl_bench_files
[49.376s] -- Set runtime path of "/home/locobot/Documents/kobuki/install/bin/ecl_bench_files" to ""
[49.376s] -- Installing: /home/locobot/Documents/kobuki/install/bin/ecl_bench_flops
[49.379s] -- Set runtime path of "/home/locobot/Documents/kobuki/install/bin/ecl_bench_flops" to ""
[49.379s] -- Installing: /home/locobot/Documents/kobuki/install/bin/ecl_bench_exceptions
[49.379s] -- Set runtime path of "/home/locobot/Documents/kobuki/install/bin/ecl_bench_exceptions" to ""
[49.379s] -- Installing: /home/locobot/Documents/kobuki/install/bin/ecl_bench_snooze
[49.380s] -- Set runtime path of "/home/locobot/Documents/kobuki/install/bin/ecl_bench_snooze" to ""
[49.380s] -- Installing: /home/locobot/Documents/kobuki/install/bin/ecl_bench_streams
[49.380s] -- Set runtime path of "/home/locobot/Documents/kobuki/install/bin/ecl_bench_streams" to ""
[49.380s] -- Installing: /home/locobot/Documents/kobuki/install/bin/ecl_bench_string_conversions
[49.380s] -- Set runtime path of "/home/locobot/Documents/kobuki/install/bin/ecl_bench_string_conversions" to ""
[49.387s] -- Installing: /home/locobot/Documents/kobuki/install/bin/ecl_bench_eigen3_inverse
[49.388s] -- Set runtime path of "/home/locobot/Documents/kobuki/install/bin/ecl_bench_eigen3_inverse" to ""
[49.388s] -- Installing: /home/locobot/Documents/kobuki/install/bin/ecl_bench_eigen3_decompositions
[49.388s] -- Set runtime path of "/home/locobot/Documents/kobuki/install/bin/ecl_bench_eigen3_decompositions" to ""
[49.388s] -- Installing: /home/locobot/Documents/kobuki/install/bin/ecl_bench_eigen3_transforms
[49.388s] -- Set runtime path of "/home/locobot/Documents/kobuki/install/bin/ecl_bench_eigen3_transforms" to ""
[49.388s] -- Installing: /home/locobot/Documents/kobuki/install/lib/ecl_core_apps/ecl_hex
[49.388s] -- Set runtime path of "/home/locobot/Documents/kobuki/install/lib/ecl_core_apps/ecl_hex" to ""
[49.388s] -- Installing: /home/locobot/Documents/kobuki/install/lib/ecl_core_apps/ecl_serial
[49.388s] -- Set runtime path of "/home/locobot/Documents/kobuki/install/lib/ecl_core_apps/ecl_serial" to ""
[49.388s] -- Installing: /home/locobot/Documents/kobuki/install/lib/ecl_core_apps/ecl_socket_client
[49.389s] -- Set runtime path of "/home/locobot/Documents/kobuki/install/lib/ecl_core_apps/ecl_socket_client" to ""
[49.389s] -- Installing: /home/locobot/Documents/kobuki/install/lib/ecl_core_apps/ecl_socket_server
[49.389s] -- Set runtime path of "/home/locobot/Documents/kobuki/install/lib/ecl_core_apps/ecl_socket_server" to ""
[49.389s] -- Installing: /home/locobot/Documents/kobuki/install/bin/ecl_process_statistics
[49.389s] -- Set runtime path of "/home/locobot/Documents/kobuki/install/bin/ecl_process_statistics" to ""
[49.389s] -- Installing: /home/locobot/Documents/kobuki/install/bin/ecl_quaternion2yaw
[49.389s] -- Set runtime path of "/home/locobot/Documents/kobuki/install/bin/ecl_quaternion2yaw" to ""
[49.389s] -- Installing: /home/locobot/Documents/kobuki/install/bin/ecl_yaw2quaternion
[49.389s] -- Set runtime path of "/home/locobot/Documents/kobuki/install/bin/ecl_yaw2quaternion" to ""
[49.390s] Invoked command in '/home/locobot/Documents/kobuki/build/ecl_core_apps' returned '0': AMENT_PREFIX_PATH=/home/locobot/Documents/kobuki/install CMAKE_PREFIX_PATH=/home/locobot/Documents/kobuki/install LD_LIBRARY_PATH=/home/locobot/Documents/kobuki/install/lib PATH=/home/locobot/Documents/kobuki/install/bin:${PATH} PKG_CONFIG_PATH=/home/locobot/Documents/kobuki/install/lib/x86_64-linux-gnu/pkgconfig:/home/locobot/Documents/kobuki/install/lib/pkgconfig PYTHONPATH=/home/locobot/Documents/kobuki/install/lib/python3.8/site-packages /usr/bin/cmake --install /home/locobot/Documents/kobuki/build/ecl_core_apps
