-- The C compiler identification is GNU 9.4.0
-- The CXX compiler identification is GNU 9.4.0
-- Check for working C compiler: /usr/bin/cc
-- Check for working C compiler: /usr/bin/cc -- works
-- Detecting C compiler ABI info
-- Detecting C compiler ABI info - done
-- Detecting C compile features
-- Detecting C compile features - done
-- Check for working CXX compiler: /usr/bin/c++
-- Check for working CXX compiler: /usr/bin/c++ -- works
-- Detecting CXX compiler ABI info
-- Detecting CXX compiler ABI info - done
-- Detecting CXX compile features
-- Detecting CXX compile features - done
-- Found ament_cmake_ros: 0.9.2 (/home/locobot/Documents/kobuki/install/share/ament_cmake_ros/cmake)
-- Found PythonInterp: /usr/bin/python3 (found suitable version "3.8.10", minimum required is "3") 
-- Using PYTHON_EXECUTABLE: /usr/bin/python3
-- Found ecl_build: 1.0.3 (/home/locobot/Documents/kobuki/install/share/ecl_build/cmake)
-- Found ecl_config: 1.1.0 (/home/locobot/Documents/kobuki/install/share/ecl_config/cmake)
-- Found ecl_concepts: 1.2.1 (/home/locobot/Documents/kobuki/install/share/ecl_concepts/cmake)
-- Found ecl_errors: 1.1.0 (/home/locobot/Documents/kobuki/install/share/ecl_errors/cmake)
-- Found ecl_exceptions: 1.2.1 (/home/locobot/Documents/kobuki/install/share/ecl_exceptions/cmake)
-- Configuring done
-- Generating done
-- Build files have been written to: /home/locobot/Documents/kobuki/build/ecl_converters
[35m[1mScanning dependencies of target demo_float_converters[0m
[ 50%] [32mBuilding CXX object src/examples/CMakeFiles/demo_float_converters.dir/float_converters.cpp.o[0m
[100%] [32m[1mLinking CXX executable demo_float_converters[0m
[100%] Built target demo_float_converters
-- Install configuration: ""
-- Installing: /home/locobot/Documents/kobuki/install/share/ament_index/resource_index/package_run_dependencies/ecl_converters
-- Installing: /home/locobot/Documents/kobuki/install/share/ament_index/resource_index/parent_prefix_path/ecl_converters
-- Installing: /home/locobot/Documents/kobuki/install/share/ecl_converters/environment/ament_prefix_path.sh
-- Installing: /home/locobot/Documents/kobuki/install/share/ecl_converters/environment/ament_prefix_path.dsv
-- Installing: /home/locobot/Documents/kobuki/install/share/ecl_converters/environment/path.sh
-- Installing: /home/locobot/Documents/kobuki/install/share/ecl_converters/environment/path.dsv
-- Installing: /home/locobot/Documents/kobuki/install/share/ecl_converters/local_setup.bash
-- Installing: /home/locobot/Documents/kobuki/install/share/ecl_converters/local_setup.sh
-- Installing: /home/locobot/Documents/kobuki/install/share/ecl_converters/local_setup.zsh
-- Installing: /home/locobot/Documents/kobuki/install/share/ecl_converters/local_setup.dsv
-- Installing: /home/locobot/Documents/kobuki/install/share/ecl_converters/package.dsv
-- Installing: /home/locobot/Documents/kobuki/install/share/ament_index/resource_index/packages/ecl_converters
-- Installing: /home/locobot/Documents/kobuki/install/share/ecl_converters/cmake/ecl_convertersExport.cmake
-- Installing: /home/locobot/Documents/kobuki/install/share/ecl_converters/cmake/ament_cmake_export_targets-extras.cmake
-- Installing: /home/locobot/Documents/kobuki/install/share/ecl_converters/cmake/ament_cmake_export_include_directories-extras.cmake
-- Installing: /home/locobot/Documents/kobuki/install/share/ecl_converters/cmake/ament_cmake_export_dependencies-extras.cmake
-- Installing: /home/locobot/Documents/kobuki/install/share/ecl_converters/cmake/ecl_convertersConfig.cmake
-- Installing: /home/locobot/Documents/kobuki/install/share/ecl_converters/cmake/ecl_convertersConfig-version.cmake
-- Installing: /home/locobot/Documents/kobuki/install/share/ecl_converters/package.xml
-- Installing: /home/locobot/Documents/kobuki/install/include/ecl/converters.hpp
-- Installing: /home/locobot/Documents/kobuki/install/include/ecl/converters/char.hpp
-- Installing: /home/locobot/Documents/kobuki/install/include/ecl/converters/char_strings.hpp
-- Installing: /home/locobot/Documents/kobuki/install/include/ecl/converters/converter.hpp
-- Installing: /home/locobot/Documents/kobuki/install/include/ecl/converters/from_byte_array.hpp
-- Installing: /home/locobot/Documents/kobuki/install/include/ecl/converters/integers.hpp
-- Installing: /home/locobot/Documents/kobuki/install/include/ecl/converters/string.hpp
-- Installing: /home/locobot/Documents/kobuki/install/include/ecl/converters/to_byte_array.hpp
-- Installing: /home/locobot/Documents/kobuki/install/lib/ecl_converters/demo_float_converters
-- Set runtime path of "/home/locobot/Documents/kobuki/install/lib/ecl_converters/demo_float_converters" to ""
