[0.785s] Invoking command in '/home/locobot/Documents/kobuki/build/ecl_converters': AMENT_PREFIX_PATH=/home/locobot/Documents/kobuki/install CMAKE_PREFIX_PATH=/home/locobot/Documents/kobuki/install LD_LIBRARY_PATH=/home/locobot/Documents/kobuki/install/lib PATH=/home/locobot/Documents/kobuki/install/bin:${PATH} PYTHONPATH=/home/locobot/Documents/kobuki/install/lib/python3.8/site-packages /usr/bin/cmake /home/locobot/Documents/kobuki/src/ecl_core/ecl_converters -DBUILD_TESTING=OFF -DCMAKE_INSTALL_PREFIX=/home/locobot/Documents/kobuki/install
[1.023s] -- The C compiler identification is GNU 9.4.0
[1.237s] -- The CXX compiler identification is GNU 9.4.0
[1.261s] -- Check for working C compiler: /usr/bin/cc
[1.664s] -- Check for working C compiler: /usr/bin/cc -- works
[1.664s] -- Detecting C compiler ABI info
[1.842s] -- Detecting C compiler ABI info - done
[1.889s] -- Detecting C compile features
[1.889s] -- Detecting C compile features - done
[1.889s] -- Check for working CXX compiler: /usr/bin/c++
[2.035s] -- Check for working CXX compiler: /usr/bin/c++ -- works
[2.035s] -- Detecting CXX compiler ABI info
[2.167s] -- Detecting CXX compiler ABI info - done
[2.193s] -- Detecting CXX compile features
[2.194s] -- Detecting CXX compile features - done
[2.198s] -- Found ament_cmake_ros: 0.9.2 (/home/locobot/Documents/kobuki/install/share/ament_cmake_ros/cmake)
[2.230s] -- Found PythonInterp: /usr/bin/python3 (found suitable version "3.8.10", minimum required is "3") 
[2.231s] -- Using PYTHON_EXECUTABLE: /usr/bin/python3
[2.509s] -- Found ecl_build: 1.0.3 (/home/locobot/Documents/kobuki/install/share/ecl_build/cmake)
[2.522s] -- Found ecl_config: 1.1.0 (/home/locobot/Documents/kobuki/install/share/ecl_config/cmake)
[2.527s] -- Found ecl_concepts: 1.2.1 (/home/locobot/Documents/kobuki/install/share/ecl_concepts/cmake)
[2.543s] -- Found ecl_errors: 1.1.0 (/home/locobot/Documents/kobuki/install/share/ecl_errors/cmake)
[2.550s] -- Found ecl_exceptions: 1.2.1 (/home/locobot/Documents/kobuki/install/share/ecl_exceptions/cmake)
[2.751s] -- Configuring done
[2.762s] -- Generating done
[2.773s] -- Build files have been written to: /home/locobot/Documents/kobuki/build/ecl_converters
[2.781s] Invoked command in '/home/locobot/Documents/kobuki/build/ecl_converters' returned '0': AMENT_PREFIX_PATH=/home/locobot/Documents/kobuki/install CMAKE_PREFIX_PATH=/home/locobot/Documents/kobuki/install LD_LIBRARY_PATH=/home/locobot/Documents/kobuki/install/lib PATH=/home/locobot/Documents/kobuki/install/bin:${PATH} PYTHONPATH=/home/locobot/Documents/kobuki/install/lib/python3.8/site-packages /usr/bin/cmake /home/locobot/Documents/kobuki/src/ecl_core/ecl_converters -DBUILD_TESTING=OFF -DCMAKE_INSTALL_PREFIX=/home/locobot/Documents/kobuki/install
[2.783s] Invoking command in '/home/locobot/Documents/kobuki/build/ecl_converters': AMENT_PREFIX_PATH=/home/locobot/Documents/kobuki/install CMAKE_PREFIX_PATH=/home/locobot/Documents/kobuki/install LD_LIBRARY_PATH=/home/locobot/Documents/kobuki/install/lib PATH=/home/locobot/Documents/kobuki/install/bin:${PATH} PYTHONPATH=/home/locobot/Documents/kobuki/install/lib/python3.8/site-packages /usr/bin/cmake --build /home/locobot/Documents/kobuki/build/ecl_converters -- -j4 -l4
[2.975s] [35m[1mScanning dependencies of target demo_float_converters[0m
[3.031s] [ 50%] [32mBuilding CXX object src/examples/CMakeFiles/demo_float_converters.dir/float_converters.cpp.o[0m
[3.912s] [100%] [32m[1mLinking CXX executable demo_float_converters[0m
[4.133s] [100%] Built target demo_float_converters
[4.178s] Invoked command in '/home/locobot/Documents/kobuki/build/ecl_converters' returned '0': AMENT_PREFIX_PATH=/home/locobot/Documents/kobuki/install CMAKE_PREFIX_PATH=/home/locobot/Documents/kobuki/install LD_LIBRARY_PATH=/home/locobot/Documents/kobuki/install/lib PATH=/home/locobot/Documents/kobuki/install/bin:${PATH} PYTHONPATH=/home/locobot/Documents/kobuki/install/lib/python3.8/site-packages /usr/bin/cmake --build /home/locobot/Documents/kobuki/build/ecl_converters -- -j4 -l4
[4.179s] Invoking command in '/home/locobot/Documents/kobuki/build/ecl_converters': AMENT_PREFIX_PATH=/home/locobot/Documents/kobuki/install CMAKE_PREFIX_PATH=/home/locobot/Documents/kobuki/install LD_LIBRARY_PATH=/home/locobot/Documents/kobuki/install/lib PATH=/home/locobot/Documents/kobuki/install/bin:${PATH} PYTHONPATH=/home/locobot/Documents/kobuki/install/lib/python3.8/site-packages /usr/bin/cmake --install /home/locobot/Documents/kobuki/build/ecl_converters
[4.206s] -- Install configuration: ""
[4.208s] -- Installing: /home/locobot/Documents/kobuki/install/share/ament_index/resource_index/package_run_dependencies/ecl_converters
[4.208s] -- Installing: /home/locobot/Documents/kobuki/install/share/ament_index/resource_index/parent_prefix_path/ecl_converters
[4.209s] -- Installing: /home/locobot/Documents/kobuki/install/share/ecl_converters/environment/ament_prefix_path.sh
[4.209s] -- Installing: /home/locobot/Documents/kobuki/install/share/ecl_converters/environment/ament_prefix_path.dsv
[4.209s] -- Installing: /home/locobot/Documents/kobuki/install/share/ecl_converters/environment/path.sh
[4.209s] -- Installing: /home/locobot/Documents/kobuki/install/share/ecl_converters/environment/path.dsv
[4.209s] -- Installing: /home/locobot/Documents/kobuki/install/share/ecl_converters/local_setup.bash
[4.209s] -- Installing: /home/locobot/Documents/kobuki/install/share/ecl_converters/local_setup.sh
[4.209s] -- Installing: /home/locobot/Documents/kobuki/install/share/ecl_converters/local_setup.zsh
[4.210s] -- Installing: /home/locobot/Documents/kobuki/install/share/ecl_converters/local_setup.dsv
[4.210s] -- Installing: /home/locobot/Documents/kobuki/install/share/ecl_converters/package.dsv
[4.211s] -- Installing: /home/locobot/Documents/kobuki/install/share/ament_index/resource_index/packages/ecl_converters
[4.211s] -- Installing: /home/locobot/Documents/kobuki/install/share/ecl_converters/cmake/ecl_convertersExport.cmake
[4.212s] -- Installing: /home/locobot/Documents/kobuki/install/share/ecl_converters/cmake/ament_cmake_export_targets-extras.cmake
[4.212s] -- Installing: /home/locobot/Documents/kobuki/install/share/ecl_converters/cmake/ament_cmake_export_include_directories-extras.cmake
[4.213s] -- Installing: /home/locobot/Documents/kobuki/install/share/ecl_converters/cmake/ament_cmake_export_dependencies-extras.cmake
[4.213s] -- Installing: /home/locobot/Documents/kobuki/install/share/ecl_converters/cmake/ecl_convertersConfig.cmake
[4.215s] -- Installing: /home/locobot/Documents/kobuki/install/share/ecl_converters/cmake/ecl_convertersConfig-version.cmake
[4.215s] -- Installing: /home/locobot/Documents/kobuki/install/share/ecl_converters/package.xml
[4.215s] -- Installing: /home/locobot/Documents/kobuki/install/include/ecl/converters.hpp
[4.215s] -- Installing: /home/locobot/Documents/kobuki/install/include/ecl/converters/char.hpp
[4.224s] -- Installing: /home/locobot/Documents/kobuki/install/include/ecl/converters/char_strings.hpp
[4.225s] -- Installing: /home/locobot/Documents/kobuki/install/include/ecl/converters/converter.hpp
[4.225s] -- Installing: /home/locobot/Documents/kobuki/install/include/ecl/converters/from_byte_array.hpp
[4.225s] -- Installing: /home/locobot/Documents/kobuki/install/include/ecl/converters/integers.hpp
[4.225s] -- Installing: /home/locobot/Documents/kobuki/install/include/ecl/converters/string.hpp
[4.225s] -- Installing: /home/locobot/Documents/kobuki/install/include/ecl/converters/to_byte_array.hpp
[4.225s] -- Installing: /home/locobot/Documents/kobuki/install/lib/ecl_converters/demo_float_converters
[4.225s] -- Set runtime path of "/home/locobot/Documents/kobuki/install/lib/ecl_converters/demo_float_converters" to ""
[4.229s] Invoked command in '/home/locobot/Documents/kobuki/build/ecl_converters' returned '0': AMENT_PREFIX_PATH=/home/locobot/Documents/kobuki/install CMAKE_PREFIX_PATH=/home/locobot/Documents/kobuki/install LD_LIBRARY_PATH=/home/locobot/Documents/kobuki/install/lib PATH=/home/locobot/Documents/kobuki/install/bin:${PATH} PYTHONPATH=/home/locobot/Documents/kobuki/install/lib/python3.8/site-packages /usr/bin/cmake --install /home/locobot/Documents/kobuki/build/ecl_converters
