[1.530s] Invoking command in '/home/locobot/Documents/kobuki/src/ament_lint/ament_xmllint': AMENT_PREFIX_PATH=/home/locobot/Documents/kobuki/install CMAKE_PREFIX_PATH=/home/locobot/Documents/kobuki/install LD_LIBRARY_PATH=/home/locobot/Documents/kobuki/install/lib PATH=/home/locobot/Documents/kobuki/install/bin:${PATH} PYTHONPATH=/home/locobot/Documents/kobuki/build/ament_xmllint/prefix_override:/home/locobot/.local/lib/python3.8/site-packages/colcon_core/task/python/colcon_distutils_commands:/home/locobot/Documents/kobuki/install/lib/python3.8/site-packages:/home/locobot/Documents/kobuki/install/lib/python3.8/site-packages /usr/bin/python3 -W ignore:setup.py install is deprecated -W ignore:easy_install command is deprecated setup.py egg_info --egg-base ../../../build/ament_xmllint build --build-base /home/locobot/Documents/kobuki/build/ament_xmllint/build install --record /home/locobot/Documents/kobuki/build/ament_xmllint/install.log --single-version-externally-managed install_data
[1.882s] running egg_info
[1.883s] writing ../../../build/ament_xmllint/ament_xmllint.egg-info/PKG-INFO
[1.894s] writing dependency_links to ../../../build/ament_xmllint/ament_xmllint.egg-info/dependency_links.txt
[1.895s] writing entry points to ../../../build/ament_xmllint/ament_xmllint.egg-info/entry_points.txt
[1.895s] writing requirements to ../../../build/ament_xmllint/ament_xmllint.egg-info/requires.txt
[1.895s] writing top-level names to ../../../build/ament_xmllint/ament_xmllint.egg-info/top_level.txt
[1.951s] reading manifest file '../../../build/ament_xmllint/ament_xmllint.egg-info/SOURCES.txt'
[1.951s] writing manifest file '../../../build/ament_xmllint/ament_xmllint.egg-info/SOURCES.txt'
[1.951s] running build
[1.952s] running build_py
[1.952s] running install
[1.952s] running install_lib
[1.952s] running install_data
[1.952s] running install_egg_info
[1.952s] removing '/home/locobot/Documents/kobuki/install/lib/python3.8/site-packages/ament_xmllint-0.9.8-py3.8.egg-info' (and everything under it)
[1.952s] Copying ../../../build/ament_xmllint/ament_xmllint.egg-info to /home/locobot/Documents/kobuki/install/lib/python3.8/site-packages/ament_xmllint-0.9.8-py3.8.egg-info
[1.952s] running install_scripts
[1.975s] Installing ament_xmllint script to /home/locobot/Documents/kobuki/install/bin
[1.975s] writing list of installed files to '/home/locobot/Documents/kobuki/build/ament_xmllint/install.log'
[2.005s] Invoked command in '/home/locobot/Documents/kobuki/src/ament_lint/ament_xmllint' returned '0': AMENT_PREFIX_PATH=/home/locobot/Documents/kobuki/install CMAKE_PREFIX_PATH=/home/locobot/Documents/kobuki/install LD_LIBRARY_PATH=/home/locobot/Documents/kobuki/install/lib PATH=/home/locobot/Documents/kobuki/install/bin:${PATH} PYTHONPATH=/home/locobot/Documents/kobuki/build/ament_xmllint/prefix_override:/home/locobot/.local/lib/python3.8/site-packages/colcon_core/task/python/colcon_distutils_commands:/home/locobot/Documents/kobuki/install/lib/python3.8/site-packages:/home/locobot/Documents/kobuki/install/lib/python3.8/site-packages /usr/bin/python3 -W ignore:setup.py install is deprecated -W ignore:easy_install command is deprecated setup.py egg_info --egg-base ../../../build/ament_xmllint build --build-base /home/locobot/Documents/kobuki/build/ament_xmllint/build install --record /home/locobot/Documents/kobuki/build/ament_xmllint/install.log --single-version-externally-managed install_data
