[0.489s] Invoking command in '/home/locobot/Documents/kobuki/build/ecl_lite': AMENT_PREFIX_PATH=/home/locobot/Documents/kobuki/install CMAKE_PREFIX_PATH=/home/locobot/Documents/kobuki/install LD_LIBRARY_PATH=/home/locobot/Documents/kobuki/install/lib PATH=/home/locobot/Documents/kobuki/install/bin:${PATH} PYTHONPATH=/home/locobot/Documents/kobuki/install/lib/python3.8/site-packages /usr/bin/cmake /home/locobot/Documents/kobuki/src/ecl_lite/ecl_lite -DBUILD_TESTING=OFF --no-warn-unused-cli -DCMAKE_INSTALL_PREFIX=/home/locobot/Documents/kobuki/install
[0.511s] Not searching for unused variables given on the command line.
[0.520s] -- Found ament_cmake_ros: 0.9.2 (/home/locobot/Documents/kobuki/install/share/ament_cmake_ros/cmake)
[0.567s] -- Using PYTHON_EXECUTABLE: /usr/bin/python3
[0.983s] -- Configuring done
[0.989s] -- Generating done
[0.989s] -- Build files have been written to: /home/locobot/Documents/kobuki/build/ecl_lite
[0.995s] Invoked command in '/home/locobot/Documents/kobuki/build/ecl_lite' returned '0': AMENT_PREFIX_PATH=/home/locobot/Documents/kobuki/install CMAKE_PREFIX_PATH=/home/locobot/Documents/kobuki/install LD_LIBRARY_PATH=/home/locobot/Documents/kobuki/install/lib PATH=/home/locobot/Documents/kobuki/install/bin:${PATH} PYTHONPATH=/home/locobot/Documents/kobuki/install/lib/python3.8/site-packages /usr/bin/cmake /home/locobot/Documents/kobuki/src/ecl_lite/ecl_lite -DBUILD_TESTING=OFF --no-warn-unused-cli -DCMAKE_INSTALL_PREFIX=/home/locobot/Documents/kobuki/install
[0.999s] Invoking command in '/home/locobot/Documents/kobuki/build/ecl_lite': AMENT_PREFIX_PATH=/home/locobot/Documents/kobuki/install CMAKE_PREFIX_PATH=/home/locobot/Documents/kobuki/install LD_LIBRARY_PATH=/home/locobot/Documents/kobuki/install/lib PATH=/home/locobot/Documents/kobuki/install/bin:${PATH} PYTHONPATH=/home/locobot/Documents/kobuki/install/lib/python3.8/site-packages /usr/bin/cmake --build /home/locobot/Documents/kobuki/build/ecl_lite -- -j4 -l4
[1.098s] Invoked command in '/home/locobot/Documents/kobuki/build/ecl_lite' returned '0': AMENT_PREFIX_PATH=/home/locobot/Documents/kobuki/install CMAKE_PREFIX_PATH=/home/locobot/Documents/kobuki/install LD_LIBRARY_PATH=/home/locobot/Documents/kobuki/install/lib PATH=/home/locobot/Documents/kobuki/install/bin:${PATH} PYTHONPATH=/home/locobot/Documents/kobuki/install/lib/python3.8/site-packages /usr/bin/cmake --build /home/locobot/Documents/kobuki/build/ecl_lite -- -j4 -l4
[1.099s] Invoking command in '/home/locobot/Documents/kobuki/build/ecl_lite': AMENT_PREFIX_PATH=/home/locobot/Documents/kobuki/install CMAKE_PREFIX_PATH=/home/locobot/Documents/kobuki/install LD_LIBRARY_PATH=/home/locobot/Documents/kobuki/install/lib PATH=/home/locobot/Documents/kobuki/install/bin:${PATH} PYTHONPATH=/home/locobot/Documents/kobuki/install/lib/python3.8/site-packages /usr/bin/cmake --install /home/locobot/Documents/kobuki/build/ecl_lite
[1.122s] -- Install configuration: ""
[1.122s] -- Up-to-date: /home/locobot/Documents/kobuki/install/share/ament_index/resource_index/package_run_dependencies/ecl_lite
[1.123s] -- Up-to-date: /home/locobot/Documents/kobuki/install/share/ament_index/resource_index/parent_prefix_path/ecl_lite
[1.123s] -- Up-to-date: /home/locobot/Documents/kobuki/install/share/ecl_lite/environment/ament_prefix_path.sh
[1.123s] -- Installing: /home/locobot/Documents/kobuki/install/share/ecl_lite/environment/ament_prefix_path.dsv
[1.123s] -- Up-to-date: /home/locobot/Documents/kobuki/install/share/ecl_lite/environment/path.sh
[1.123s] -- Installing: /home/locobot/Documents/kobuki/install/share/ecl_lite/environment/path.dsv
[1.123s] -- Up-to-date: /home/locobot/Documents/kobuki/install/share/ecl_lite/local_setup.bash
[1.126s] -- Up-to-date: /home/locobot/Documents/kobuki/install/share/ecl_lite/local_setup.sh
[1.127s] -- Up-to-date: /home/locobot/Documents/kobuki/install/share/ecl_lite/local_setup.zsh
[1.127s] -- Installing: /home/locobot/Documents/kobuki/install/share/ecl_lite/local_setup.dsv
[1.127s] -- Installing: /home/locobot/Documents/kobuki/install/share/ecl_lite/package.dsv
[1.128s] -- Up-to-date: /home/locobot/Documents/kobuki/install/share/ament_index/resource_index/packages/ecl_lite
[1.128s] -- Up-to-date: /home/locobot/Documents/kobuki/install/share/ecl_lite/cmake/ecl_liteConfig.cmake
[1.128s] -- Up-to-date: /home/locobot/Documents/kobuki/install/share/ecl_lite/cmake/ecl_liteConfig-version.cmake
[1.129s] -- Up-to-date: /home/locobot/Documents/kobuki/install/share/ecl_lite/package.xml
[1.131s] Invoked command in '/home/locobot/Documents/kobuki/build/ecl_lite' returned '0': AMENT_PREFIX_PATH=/home/locobot/Documents/kobuki/install CMAKE_PREFIX_PATH=/home/locobot/Documents/kobuki/install LD_LIBRARY_PATH=/home/locobot/Documents/kobuki/install/lib PATH=/home/locobot/Documents/kobuki/install/bin:${PATH} PYTHONPATH=/home/locobot/Documents/kobuki/install/lib/python3.8/site-packages /usr/bin/cmake --install /home/locobot/Documents/kobuki/build/ecl_lite
