[0.790s] Invoking command in '/home/locobot/Documents/kobuki/build/ecl_console': AMENT_PREFIX_PATH=/home/locobot/Documents/kobuki/install CMAKE_PREFIX_PATH=/home/locobot/Documents/kobuki/install LD_LIBRARY_PATH=/home/locobot/Documents/kobuki/install/lib PATH=/home/locobot/Documents/kobuki/install/bin:${PATH} PYTHONPATH=/home/locobot/Documents/kobuki/install/lib/python3.8/site-packages /usr/bin/cmake /home/locobot/Documents/kobuki/src/ecl_lite/ecl_console -DBUILD_TESTING=OFF --no-warn-unused-cli -DCMAKE_INSTALL_PREFIX=/home/locobot/Documents/kobuki/install
[0.814s] Not searching for unused variables given on the command line.
[0.845s] -- Found ament_cmake_ros: 0.9.2 (/home/locobot/Documents/kobuki/install/share/ament_cmake_ros/cmake)
[0.923s] -- Using PYTHON_EXECUTABLE: /usr/bin/python3
[1.250s] -- Found ecl_build: 1.0.3 (/home/locobot/Documents/kobuki/install/share/ecl_build/cmake)
[1.265s] -- Found ecl_config: 1.1.0 (/home/locobot/Documents/kobuki/install/share/ecl_config/cmake)
[1.502s] -- Configuring done
[1.504s] -- Generating done
[1.508s] -- Build files have been written to: /home/locobot/Documents/kobuki/build/ecl_console
[1.524s] Invoked command in '/home/locobot/Documents/kobuki/build/ecl_console' returned '0': AMENT_PREFIX_PATH=/home/locobot/Documents/kobuki/install CMAKE_PREFIX_PATH=/home/locobot/Documents/kobuki/install LD_LIBRARY_PATH=/home/locobot/Documents/kobuki/install/lib PATH=/home/locobot/Documents/kobuki/install/bin:${PATH} PYTHONPATH=/home/locobot/Documents/kobuki/install/lib/python3.8/site-packages /usr/bin/cmake /home/locobot/Documents/kobuki/src/ecl_lite/ecl_console -DBUILD_TESTING=OFF --no-warn-unused-cli -DCMAKE_INSTALL_PREFIX=/home/locobot/Documents/kobuki/install
[1.526s] Invoking command in '/home/locobot/Documents/kobuki/build/ecl_console': AMENT_PREFIX_PATH=/home/locobot/Documents/kobuki/install CMAKE_PREFIX_PATH=/home/locobot/Documents/kobuki/install LD_LIBRARY_PATH=/home/locobot/Documents/kobuki/install/lib PATH=/home/locobot/Documents/kobuki/install/bin:${PATH} PYTHONPATH=/home/locobot/Documents/kobuki/install/lib/python3.8/site-packages /usr/bin/cmake --build /home/locobot/Documents/kobuki/build/ecl_console -- -j4 -l4
[1.753s] Invoked command in '/home/locobot/Documents/kobuki/build/ecl_console' returned '0': AMENT_PREFIX_PATH=/home/locobot/Documents/kobuki/install CMAKE_PREFIX_PATH=/home/locobot/Documents/kobuki/install LD_LIBRARY_PATH=/home/locobot/Documents/kobuki/install/lib PATH=/home/locobot/Documents/kobuki/install/bin:${PATH} PYTHONPATH=/home/locobot/Documents/kobuki/install/lib/python3.8/site-packages /usr/bin/cmake --build /home/locobot/Documents/kobuki/build/ecl_console -- -j4 -l4
[1.755s] Invoking command in '/home/locobot/Documents/kobuki/build/ecl_console': AMENT_PREFIX_PATH=/home/locobot/Documents/kobuki/install CMAKE_PREFIX_PATH=/home/locobot/Documents/kobuki/install LD_LIBRARY_PATH=/home/locobot/Documents/kobuki/install/lib PATH=/home/locobot/Documents/kobuki/install/bin:${PATH} PYTHONPATH=/home/locobot/Documents/kobuki/install/lib/python3.8/site-packages /usr/bin/cmake --install /home/locobot/Documents/kobuki/build/ecl_console
[1.789s] -- Install configuration: ""
[1.789s] -- Up-to-date: /home/locobot/Documents/kobuki/install/include/ecl
[1.789s] -- Up-to-date: /home/locobot/Documents/kobuki/install/include/ecl/console.hpp
[1.789s] -- Up-to-date: /home/locobot/Documents/kobuki/install/share/ament_index/resource_index/package_run_dependencies/ecl_console
[1.791s] -- Up-to-date: /home/locobot/Documents/kobuki/install/share/ament_index/resource_index/parent_prefix_path/ecl_console
[1.791s] -- Up-to-date: /home/locobot/Documents/kobuki/install/share/ecl_console/environment/ament_prefix_path.sh
[1.791s] -- Installing: /home/locobot/Documents/kobuki/install/share/ecl_console/environment/ament_prefix_path.dsv
[1.791s] -- Up-to-date: /home/locobot/Documents/kobuki/install/share/ecl_console/environment/path.sh
[1.792s] -- Installing: /home/locobot/Documents/kobuki/install/share/ecl_console/environment/path.dsv
[1.792s] -- Up-to-date: /home/locobot/Documents/kobuki/install/share/ecl_console/local_setup.bash
[1.792s] -- Up-to-date: /home/locobot/Documents/kobuki/install/share/ecl_console/local_setup.sh
[1.792s] -- Up-to-date: /home/locobot/Documents/kobuki/install/share/ecl_console/local_setup.zsh
[1.792s] -- Installing: /home/locobot/Documents/kobuki/install/share/ecl_console/local_setup.dsv
[1.792s] -- Installing: /home/locobot/Documents/kobuki/install/share/ecl_console/package.dsv
[1.793s] -- Up-to-date: /home/locobot/Documents/kobuki/install/share/ament_index/resource_index/packages/ecl_console
[1.801s] -- Up-to-date: /home/locobot/Documents/kobuki/install/share/ecl_console/cmake/ecl_consoleExport.cmake
[1.801s] -- Up-to-date: /home/locobot/Documents/kobuki/install/share/ecl_console/cmake/ament_cmake_export_targets-extras.cmake
[1.802s] -- Up-to-date: /home/locobot/Documents/kobuki/install/share/ecl_console/cmake/ament_cmake_export_include_directories-extras.cmake
[1.813s] -- Up-to-date: /home/locobot/Documents/kobuki/install/share/ecl_console/cmake/ament_cmake_export_dependencies-extras.cmake
[1.813s] -- Up-to-date: /home/locobot/Documents/kobuki/install/share/ecl_console/cmake/ecl_consoleConfig.cmake
[1.813s] -- Up-to-date: /home/locobot/Documents/kobuki/install/share/ecl_console/cmake/ecl_consoleConfig-version.cmake
[1.814s] -- Up-to-date: /home/locobot/Documents/kobuki/install/share/ecl_console/package.xml
[1.821s] Invoked command in '/home/locobot/Documents/kobuki/build/ecl_console' returned '0': AMENT_PREFIX_PATH=/home/locobot/Documents/kobuki/install CMAKE_PREFIX_PATH=/home/locobot/Documents/kobuki/install LD_LIBRARY_PATH=/home/locobot/Documents/kobuki/install/lib PATH=/home/locobot/Documents/kobuki/install/bin:${PATH} PYTHONPATH=/home/locobot/Documents/kobuki/install/lib/python3.8/site-packages /usr/bin/cmake --install /home/locobot/Documents/kobuki/build/ecl_console
