[0.103s] Invoking command in '/home/locobot/Documents/kobuki/build/ament_cmake_python': AMENT_PREFIX_PATH=/home/locobot/Documents/kobuki/install CMAKE_PREFIX_PATH=/home/locobot/Documents/kobuki/install PATH=/home/locobot/Documents/kobuki/install/bin:${PATH} PYTHONPATH=/home/locobot/Documents/kobuki/install/lib/python3.8/site-packages /usr/bin/cmake /home/locobot/Documents/kobuki/src/ament_cmake/ament_cmake_python -DBUILD_TESTING=OFF -DCMAKE_INSTALL_PREFIX=/home/locobot/Documents/kobuki/install
[0.153s] -- Found ament_cmake_core: 0.9.12 (/home/locobot/Documents/kobuki/install/share/ament_cmake_core/cmake)
[0.187s] -- Found PythonInterp: /usr/bin/python3 (found suitable version "3.8.10", minimum required is "3") 
[0.188s] -- Using PYTHON_EXECUTABLE: /usr/bin/python3
[0.657s] -- Configuring done
[0.660s] -- Generating done
[0.662s] -- Build files have been written to: /home/locobot/Documents/kobuki/build/ament_cmake_python
[0.668s] Invoked command in '/home/locobot/Documents/kobuki/build/ament_cmake_python' returned '0': AMENT_PREFIX_PATH=/home/locobot/Documents/kobuki/install CMAKE_PREFIX_PATH=/home/locobot/Documents/kobuki/install PATH=/home/locobot/Documents/kobuki/install/bin:${PATH} PYTHONPATH=/home/locobot/Documents/kobuki/install/lib/python3.8/site-packages /usr/bin/cmake /home/locobot/Documents/kobuki/src/ament_cmake/ament_cmake_python -DBUILD_TESTING=OFF -DCMAKE_INSTALL_PREFIX=/home/locobot/Documents/kobuki/install
[0.669s] Invoking command in '/home/locobot/Documents/kobuki/build/ament_cmake_python': AMENT_PREFIX_PATH=/home/locobot/Documents/kobuki/install CMAKE_PREFIX_PATH=/home/locobot/Documents/kobuki/install PATH=/home/locobot/Documents/kobuki/install/bin:${PATH} PYTHONPATH=/home/locobot/Documents/kobuki/install/lib/python3.8/site-packages /usr/bin/cmake --build /home/locobot/Documents/kobuki/build/ament_cmake_python -- -j4 -l4
[0.789s] Invoked command in '/home/locobot/Documents/kobuki/build/ament_cmake_python' returned '0': AMENT_PREFIX_PATH=/home/locobot/Documents/kobuki/install CMAKE_PREFIX_PATH=/home/locobot/Documents/kobuki/install PATH=/home/locobot/Documents/kobuki/install/bin:${PATH} PYTHONPATH=/home/locobot/Documents/kobuki/install/lib/python3.8/site-packages /usr/bin/cmake --build /home/locobot/Documents/kobuki/build/ament_cmake_python -- -j4 -l4
[0.790s] Invoking command in '/home/locobot/Documents/kobuki/build/ament_cmake_python': AMENT_PREFIX_PATH=/home/locobot/Documents/kobuki/install CMAKE_PREFIX_PATH=/home/locobot/Documents/kobuki/install PATH=/home/locobot/Documents/kobuki/install/bin:${PATH} PYTHONPATH=/home/locobot/Documents/kobuki/install/lib/python3.8/site-packages /usr/bin/cmake --install /home/locobot/Documents/kobuki/build/ament_cmake_python
[0.835s] -- Install configuration: ""
[0.837s] -- Installing: /home/locobot/Documents/kobuki/install/share/ament_index/resource_index/package_run_dependencies/ament_cmake_python
[0.838s] -- Installing: /home/locobot/Documents/kobuki/install/share/ament_index/resource_index/parent_prefix_path/ament_cmake_python
[0.838s] -- Installing: /home/locobot/Documents/kobuki/install/share/ament_cmake_python/environment/ament_prefix_path.sh
[0.838s] -- Installing: /home/locobot/Documents/kobuki/install/share/ament_cmake_python/environment/ament_prefix_path.dsv
[0.838s] -- Installing: /home/locobot/Documents/kobuki/install/share/ament_cmake_python/environment/path.sh
[0.838s] -- Installing: /home/locobot/Documents/kobuki/install/share/ament_cmake_python/environment/path.dsv
[0.839s] -- Installing: /home/locobot/Documents/kobuki/install/share/ament_cmake_python/local_setup.bash
[0.839s] -- Installing: /home/locobot/Documents/kobuki/install/share/ament_cmake_python/local_setup.sh
[0.839s] -- Installing: /home/locobot/Documents/kobuki/install/share/ament_cmake_python/local_setup.zsh
[0.845s] -- Installing: /home/locobot/Documents/kobuki/install/share/ament_cmake_python/local_setup.dsv
[0.846s] -- Installing: /home/locobot/Documents/kobuki/install/share/ament_cmake_python/package.dsv
[0.846s] -- Installing: /home/locobot/Documents/kobuki/install/share/ament_index/resource_index/packages/ament_cmake_python
[0.846s] -- Installing: /home/locobot/Documents/kobuki/install/share/ament_cmake_python/cmake/ament_cmake_python-extras.cmake
[0.846s] -- Installing: /home/locobot/Documents/kobuki/install/share/ament_cmake_python/cmake/ament_cmake_pythonConfig.cmake
[0.846s] -- Installing: /home/locobot/Documents/kobuki/install/share/ament_cmake_python/cmake/ament_cmake_pythonConfig-version.cmake
[0.846s] -- Installing: /home/locobot/Documents/kobuki/install/share/ament_cmake_python/package.xml
[0.849s] -- Up-to-date: /home/locobot/Documents/kobuki/install/share/ament_cmake_python/cmake
[0.849s] -- Installing: /home/locobot/Documents/kobuki/install/share/ament_cmake_python/cmake/ament_python_install_package.cmake
[0.850s] -- Installing: /home/locobot/Documents/kobuki/install/share/ament_cmake_python/cmake/ament_python_install_module.cmake
[0.855s] Invoked command in '/home/locobot/Documents/kobuki/build/ament_cmake_python' returned '0': AMENT_PREFIX_PATH=/home/locobot/Documents/kobuki/install CMAKE_PREFIX_PATH=/home/locobot/Documents/kobuki/install PATH=/home/locobot/Documents/kobuki/install/bin:${PATH} PYTHONPATH=/home/locobot/Documents/kobuki/install/lib/python3.8/site-packages /usr/bin/cmake --install /home/locobot/Documents/kobuki/build/ament_cmake_python
