[0.277s] Invoking command in '/home/locobot/Documents/kobuki/build/ecl_sigslots': AMENT_PREFIX_PATH=/home/locobot/Documents/kobuki/install CMAKE_PREFIX_PATH=/home/locobot/Documents/kobuki/install LD_LIBRARY_PATH=/home/locobot/Documents/kobuki/install/lib PATH=/home/locobot/Documents/kobuki/install/bin:${PATH} PYTHONPATH=/home/locobot/Documents/kobuki/install/lib/python3.8/site-packages /usr/bin/cmake /home/locobot/Documents/kobuki/src/ecl_core/ecl_sigslots -DBUILD_TESTING=OFF -DCMAKE_BUILD_TYPE=RelWithDebInfo -DCMAKE_INSTALL_PREFIX=/home/locobot/Documents/kobuki/install
[0.315s] -- Found ament_cmake_ros: 0.9.2 (/home/locobot/Documents/kobuki/install/share/ament_cmake_ros/cmake)
[0.365s] -- Using PYTHON_EXECUTABLE: /usr/bin/python3
[0.691s] -- Found ecl_build: 1.0.3 (/home/locobot/Documents/kobuki/install/share/ecl_build/cmake)
[0.702s] -- Found ecl_config: 1.1.0 (/home/locobot/Documents/kobuki/install/share/ecl_config/cmake)
[0.706s] -- Found ecl_threads: 1.2.1 (/home/locobot/Documents/kobuki/install/share/ecl_threads/cmake)
[1.144s] -- Configuring done
[1.173s] -- Generating done
[1.176s] -- Build files have been written to: /home/locobot/Documents/kobuki/build/ecl_sigslots
[1.186s] Invoked command in '/home/locobot/Documents/kobuki/build/ecl_sigslots' returned '0': AMENT_PREFIX_PATH=/home/locobot/Documents/kobuki/install CMAKE_PREFIX_PATH=/home/locobot/Documents/kobuki/install LD_LIBRARY_PATH=/home/locobot/Documents/kobuki/install/lib PATH=/home/locobot/Documents/kobuki/install/bin:${PATH} PYTHONPATH=/home/locobot/Documents/kobuki/install/lib/python3.8/site-packages /usr/bin/cmake /home/locobot/Documents/kobuki/src/ecl_core/ecl_sigslots -DBUILD_TESTING=OFF -DCMAKE_BUILD_TYPE=RelWithDebInfo -DCMAKE_INSTALL_PREFIX=/home/locobot/Documents/kobuki/install
[1.196s] Invoking command in '/home/locobot/Documents/kobuki/build/ecl_sigslots': AMENT_PREFIX_PATH=/home/locobot/Documents/kobuki/install CMAKE_PREFIX_PATH=/home/locobot/Documents/kobuki/install LD_LIBRARY_PATH=/home/locobot/Documents/kobuki/install/lib PATH=/home/locobot/Documents/kobuki/install/bin:${PATH} PYTHONPATH=/home/locobot/Documents/kobuki/install/lib/python3.8/site-packages /usr/bin/cmake --build /home/locobot/Documents/kobuki/build/ecl_sigslots -- -j4 -l4
[1.355s] [ 25%] [32mBuilding CXX object src/examples/CMakeFiles/ecl_demo_sigslots_manager.dir/sigslots_manager.cpp.o[0m
[4.049s] [ 50%] [32m[1mLinking CXX executable demo_sigslots_manager[0m
[4.190s] [ 50%] Built target ecl_demo_sigslots_manager
[4.217s] [ 75%] [32mBuilding CXX object src/examples/CMakeFiles/ecl_demo_sigslots.dir/sigslots.cpp.o[0m
[6.896s] [100%] [32m[1mLinking CXX executable demo_sigslots[0m
[7.032s] [100%] Built target ecl_demo_sigslots
[7.096s] Invoked command in '/home/locobot/Documents/kobuki/build/ecl_sigslots' returned '0': AMENT_PREFIX_PATH=/home/locobot/Documents/kobuki/install CMAKE_PREFIX_PATH=/home/locobot/Documents/kobuki/install LD_LIBRARY_PATH=/home/locobot/Documents/kobuki/install/lib PATH=/home/locobot/Documents/kobuki/install/bin:${PATH} PYTHONPATH=/home/locobot/Documents/kobuki/install/lib/python3.8/site-packages /usr/bin/cmake --build /home/locobot/Documents/kobuki/build/ecl_sigslots -- -j4 -l4
[7.101s] Invoking command in '/home/locobot/Documents/kobuki/build/ecl_sigslots': AMENT_PREFIX_PATH=/home/locobot/Documents/kobuki/install CMAKE_PREFIX_PATH=/home/locobot/Documents/kobuki/install LD_LIBRARY_PATH=/home/locobot/Documents/kobuki/install/lib PATH=/home/locobot/Documents/kobuki/install/bin:${PATH} PYTHONPATH=/home/locobot/Documents/kobuki/install/lib/python3.8/site-packages /usr/bin/cmake --install /home/locobot/Documents/kobuki/build/ecl_sigslots
[7.114s] -- Install configuration: "RelWithDebInfo"
[7.115s] -- Up-to-date: /home/locobot/Documents/kobuki/install/share/ament_index/resource_index/package_run_dependencies/ecl_sigslots
[7.115s] -- Up-to-date: /home/locobot/Documents/kobuki/install/share/ament_index/resource_index/parent_prefix_path/ecl_sigslots
[7.115s] -- Up-to-date: /home/locobot/Documents/kobuki/install/share/ecl_sigslots/environment/ament_prefix_path.sh
[7.115s] -- Installing: /home/locobot/Documents/kobuki/install/share/ecl_sigslots/environment/ament_prefix_path.dsv
[7.115s] -- Up-to-date: /home/locobot/Documents/kobuki/install/share/ecl_sigslots/environment/path.sh
[7.116s] -- Installing: /home/locobot/Documents/kobuki/install/share/ecl_sigslots/environment/path.dsv
[7.121s] -- Up-to-date: /home/locobot/Documents/kobuki/install/share/ecl_sigslots/local_setup.bash
[7.122s] -- Up-to-date: /home/locobot/Documents/kobuki/install/share/ecl_sigslots/local_setup.sh
[7.122s] -- Up-to-date: /home/locobot/Documents/kobuki/install/share/ecl_sigslots/local_setup.zsh
[7.122s] -- Installing: /home/locobot/Documents/kobuki/install/share/ecl_sigslots/local_setup.dsv
[7.126s] -- Installing: /home/locobot/Documents/kobuki/install/share/ecl_sigslots/package.dsv
[7.126s] -- Up-to-date: /home/locobot/Documents/kobuki/install/share/ament_index/resource_index/packages/ecl_sigslots
[7.126s] -- Up-to-date: /home/locobot/Documents/kobuki/install/share/ecl_sigslots/cmake/ecl_sigslotsExport.cmake
[7.126s] -- Up-to-date: /home/locobot/Documents/kobuki/install/share/ecl_sigslots/cmake/ament_cmake_export_targets-extras.cmake
[7.126s] -- Up-to-date: /home/locobot/Documents/kobuki/install/share/ecl_sigslots/cmake/ament_cmake_export_include_directories-extras.cmake
[7.126s] -- Up-to-date: /home/locobot/Documents/kobuki/install/share/ecl_sigslots/cmake/ament_cmake_export_dependencies-extras.cmake
[7.131s] -- Up-to-date: /home/locobot/Documents/kobuki/install/share/ecl_sigslots/cmake/ecl_sigslotsConfig.cmake
[7.131s] -- Up-to-date: /home/locobot/Documents/kobuki/install/share/ecl_sigslots/cmake/ecl_sigslotsConfig-version.cmake
[7.131s] -- Up-to-date: /home/locobot/Documents/kobuki/install/share/ecl_sigslots/package.xml
[7.132s] -- Up-to-date: /home/locobot/Documents/kobuki/install/include/ecl/sigslots.hpp
[7.132s] -- Up-to-date: /home/locobot/Documents/kobuki/install/include/ecl/sigslots/macros.hpp
[7.132s] -- Up-to-date: /home/locobot/Documents/kobuki/install/include/ecl/sigslots/manager.hpp
[7.132s] -- Up-to-date: /home/locobot/Documents/kobuki/install/include/ecl/sigslots/signal.hpp
[7.132s] -- Up-to-date: /home/locobot/Documents/kobuki/install/include/ecl/sigslots/sigslot.hpp
[7.132s] -- Up-to-date: /home/locobot/Documents/kobuki/install/include/ecl/sigslots/slot.hpp
[7.136s] -- Up-to-date: /home/locobot/Documents/kobuki/install/include/ecl/sigslots/topic.hpp
[7.136s] -- Installing: /home/locobot/Documents/kobuki/install/lib/ecl_sigslots/demo_sigslots
[7.136s] -- Set runtime path of "/home/locobot/Documents/kobuki/install/lib/ecl_sigslots/demo_sigslots" to ""
[7.136s] -- Installing: /home/locobot/Documents/kobuki/install/lib/ecl_sigslots/demo_sigslots_manager
[7.136s] -- Set runtime path of "/home/locobot/Documents/kobuki/install/lib/ecl_sigslots/demo_sigslots_manager" to ""
[7.152s] Invoked command in '/home/locobot/Documents/kobuki/build/ecl_sigslots' returned '0': AMENT_PREFIX_PATH=/home/locobot/Documents/kobuki/install CMAKE_PREFIX_PATH=/home/locobot/Documents/kobuki/install LD_LIBRARY_PATH=/home/locobot/Documents/kobuki/install/lib PATH=/home/locobot/Documents/kobuki/install/bin:${PATH} PYTHONPATH=/home/locobot/Documents/kobuki/install/lib/python3.8/site-packages /usr/bin/cmake --install /home/locobot/Documents/kobuki/build/ecl_sigslots
