Not searching for unused variables given on the command line.
-- Found ament_cmake_ros: 0.9.2 (/home/locobot/Documents/kobuki/install/share/ament_cmake_ros/cmake)
-- Using PYTHON_EXECUTABLE: /usr/bin/python3
-- Found ecl_build: 1.0.3 (/home/locobot/Documents/kobuki/install/share/ecl_build/cmake)
-- Found ecl_config: 1.1.0 (/home/locobot/Documents/kobuki/install/share/ecl_config/cmake)
-- Found ecl_containers: 1.2.1 (/home/locobot/Documents/kobuki/install/share/ecl_containers/cmake)
-- Found ecl_threads: 1.2.1 (/home/locobot/Documents/kobuki/install/share/ecl_threads/cmake)
-- Configuring done
-- Generating done
-- Build files have been written to: /home/locobot/Documents/kobuki/build/ecl_devices
[  6%] [32mBuilding CXX object src/lib/CMakeFiles/ecl_devices.dir/detail/character_buffer.cpp.o[0m
[ 12%] [32mBuilding CXX object src/lib/CMakeFiles/ecl_devices.dir/detail/socket_exception_handler_pos.cpp.o[0m
[ 18%] [32mBuilding CXX object src/lib/CMakeFiles/ecl_devices.dir/console.cpp.o[0m
[ 25%] [32mBuilding CXX object src/lib/CMakeFiles/ecl_devices.dir/ofile_pos.cpp.o[0m
[ 31%] [32mBuilding CXX object src/lib/CMakeFiles/ecl_devices.dir/ofile_w32.cpp.o[0m
[ 37%] [32mBuilding CXX object src/lib/CMakeFiles/ecl_devices.dir/serial_pos.cpp.o[0m
[ 43%] [32mBuilding CXX object src/lib/CMakeFiles/ecl_devices.dir/serial_w32.cpp.o[0m
[ 50%] [32mBuilding CXX object src/lib/CMakeFiles/ecl_devices.dir/shared_file.cpp.o[0m
[ 56%] [32mBuilding CXX object src/lib/CMakeFiles/ecl_devices.dir/socket_client_pos.cpp.o[0m
[ 62%] [32mBuilding CXX object src/lib/CMakeFiles/ecl_devices.dir/socket_server_pos.cpp.o[0m
[ 68%] [32mBuilding CXX object src/lib/CMakeFiles/ecl_devices.dir/string.cpp.o[0m
[ 75%] [32mBuilding CXX object src/lib/CMakeFiles/ecl_devices.dir/detail/exception_handler_pos.cpp.o[0m
[ 81%] [32mBuilding CXX object src/lib/CMakeFiles/ecl_devices.dir/detail/error_handler.cpp.o[0m
[ 87%] [32m[1mLinking CXX shared library libecl_devices.so[0m
[ 87%] Built target ecl_devices
[ 93%] [32mBuilding CXX object src/examples/CMakeFiles/ecl_demo_serial_timeouts.dir/serial_timeouts.cpp.o[0m
[100%] [32m[1mLinking CXX executable demo_serial_timeouts[0m
[100%] Built target ecl_demo_serial_timeouts
-- Install configuration: ""
-- Up-to-date: /home/locobot/Documents/kobuki/install/share/ecl_devices/environment/library_path.sh
-- Installing: /home/locobot/Documents/kobuki/install/share/ecl_devices/environment/library_path.dsv
-- Up-to-date: /home/locobot/Documents/kobuki/install/share/ament_index/resource_index/package_run_dependencies/ecl_devices
-- Up-to-date: /home/locobot/Documents/kobuki/install/share/ament_index/resource_index/parent_prefix_path/ecl_devices
-- Up-to-date: /home/locobot/Documents/kobuki/install/share/ecl_devices/environment/ament_prefix_path.sh
-- Installing: /home/locobot/Documents/kobuki/install/share/ecl_devices/environment/ament_prefix_path.dsv
-- Up-to-date: /home/locobot/Documents/kobuki/install/share/ecl_devices/environment/path.sh
-- Installing: /home/locobot/Documents/kobuki/install/share/ecl_devices/environment/path.dsv
-- Up-to-date: /home/locobot/Documents/kobuki/install/share/ecl_devices/local_setup.bash
-- Up-to-date: /home/locobot/Documents/kobuki/install/share/ecl_devices/local_setup.sh
-- Up-to-date: /home/locobot/Documents/kobuki/install/share/ecl_devices/local_setup.zsh
-- Installing: /home/locobot/Documents/kobuki/install/share/ecl_devices/local_setup.dsv
-- Installing: /home/locobot/Documents/kobuki/install/share/ecl_devices/package.dsv
-- Up-to-date: /home/locobot/Documents/kobuki/install/share/ament_index/resource_index/packages/ecl_devices
-- Up-to-date: /home/locobot/Documents/kobuki/install/share/ecl_devices/cmake/ecl_devicesExport.cmake
-- Installing: /home/locobot/Documents/kobuki/install/share/ecl_devices/cmake/ecl_devicesExport-noconfig.cmake
-- Up-to-date: /home/locobot/Documents/kobuki/install/share/ecl_devices/cmake/ament_cmake_export_targets-extras.cmake
-- Up-to-date: /home/locobot/Documents/kobuki/install/share/ecl_devices/cmake/ament_cmake_export_include_directories-extras.cmake
-- Up-to-date: /home/locobot/Documents/kobuki/install/share/ecl_devices/cmake/ament_cmake_export_libraries-extras.cmake
-- Up-to-date: /home/locobot/Documents/kobuki/install/share/ecl_devices/cmake/ament_cmake_export_dependencies-extras.cmake
-- Up-to-date: /home/locobot/Documents/kobuki/install/share/ecl_devices/cmake/ecl_devicesConfig.cmake
-- Up-to-date: /home/locobot/Documents/kobuki/install/share/ecl_devices/cmake/ecl_devicesConfig-version.cmake
-- Up-to-date: /home/locobot/Documents/kobuki/install/share/ecl_devices/package.xml
-- Up-to-date: /home/locobot/Documents/kobuki/install/include/ecl/devices.hpp
-- Up-to-date: /home/locobot/Documents/kobuki/install/include/ecl/devices/console.hpp
-- Up-to-date: /home/locobot/Documents/kobuki/install/include/ecl/devices/macros.hpp
-- Up-to-date: /home/locobot/Documents/kobuki/install/include/ecl/devices/modes.hpp
-- Up-to-date: /home/locobot/Documents/kobuki/install/include/ecl/devices/ofile.hpp
-- Up-to-date: /home/locobot/Documents/kobuki/install/include/ecl/devices/ofile_pos.hpp
-- Up-to-date: /home/locobot/Documents/kobuki/install/include/ecl/devices/ofile_w32.hpp
-- Up-to-date: /home/locobot/Documents/kobuki/install/include/ecl/devices/serial.hpp
-- Up-to-date: /home/locobot/Documents/kobuki/install/include/ecl/devices/serial_parameters.hpp
-- Up-to-date: /home/locobot/Documents/kobuki/install/include/ecl/devices/serial_pos.hpp
-- Up-to-date: /home/locobot/Documents/kobuki/install/include/ecl/devices/serial_w32.hpp
-- Up-to-date: /home/locobot/Documents/kobuki/install/include/ecl/devices/shared_file.hpp
-- Up-to-date: /home/locobot/Documents/kobuki/install/include/ecl/devices/socket.hpp
-- Up-to-date: /home/locobot/Documents/kobuki/install/include/ecl/devices/socket_client_pos.hpp
-- Up-to-date: /home/locobot/Documents/kobuki/install/include/ecl/devices/socket_connection_status.hpp
-- Up-to-date: /home/locobot/Documents/kobuki/install/include/ecl/devices/socket_server_pos.hpp
-- Up-to-date: /home/locobot/Documents/kobuki/install/include/ecl/devices/string.hpp
-- Up-to-date: /home/locobot/Documents/kobuki/install/include/ecl/devices/traits.hpp
-- Up-to-date: /home/locobot/Documents/kobuki/install/include/ecl/devices/detail/character_buffer.hpp
-- Up-to-date: /home/locobot/Documents/kobuki/install/include/ecl/devices/detail/error_handler.hpp
-- Up-to-date: /home/locobot/Documents/kobuki/install/include/ecl/devices/detail/exception_handler_pos.hpp
-- Up-to-date: /home/locobot/Documents/kobuki/install/include/ecl/devices/detail/socket_error_handler_pos.hpp
-- Up-to-date: /home/locobot/Documents/kobuki/install/include/ecl/devices/detail/socket_exception_handler_pos.hpp
-- Installing: /home/locobot/Documents/kobuki/install/lib/libecl_devices.so.1.2.1
-- Set runtime path of "/home/locobot/Documents/kobuki/install/lib/libecl_devices.so.1.2.1" to ""
-- Up-to-date: /home/locobot/Documents/kobuki/install/lib/libecl_devices.so
-- Installing: /home/locobot/Documents/kobuki/install/lib/ecl_devices/demo_serial_timeouts
-- Set runtime path of "/home/locobot/Documents/kobuki/install/lib/ecl_devices/demo_serial_timeouts" to ""
