[0.172s] Invoking command in '/home/locobot/Documents/kobuki/build/ecl_mobile_robot': AMENT_PREFIX_PATH=/home/locobot/Documents/kobuki/install CMAKE_PREFIX_PATH=/home/locobot/Documents/kobuki/install LD_LIBRARY_PATH=/home/locobot/Documents/kobuki/install/lib PATH=/home/locobot/Documents/kobuki/install/bin:${PATH} PKG_CONFIG_PATH=/home/locobot/Documents/kobuki/install/lib/x86_64-linux-gnu/pkgconfig:/home/locobot/Documents/kobuki/install/lib/pkgconfig PYTHONPATH=/home/locobot/Documents/kobuki/install/lib/python3.8/site-packages /usr/bin/cmake /home/locobot/Documents/kobuki/src/ecl_core/ecl_mobile_robot -DBUILD_TESTING=OFF -DCMAKE_INSTALL_PREFIX=/home/locobot/Documents/kobuki/install
[0.281s] -- The C compiler identification is GNU 9.4.0
[0.369s] -- The CXX compiler identification is GNU 9.4.0
[0.369s] -- Check for working C compiler: /usr/bin/cc
[0.486s] -- Check for working C compiler: /usr/bin/cc -- works
[0.486s] -- Detecting C compiler ABI info
[0.587s] -- Detecting C compiler ABI info - done
[0.612s] -- Detecting C compile features
[0.614s] -- Detecting C compile features - done
[0.625s] -- Check for working CXX compiler: /usr/bin/c++
[0.751s] -- Check for working CXX compiler: /usr/bin/c++ -- works
[0.754s] -- Detecting CXX compiler ABI info
[0.918s] -- Detecting CXX compiler ABI info - done
[0.944s] -- Detecting CXX compile features
[0.946s] -- Detecting CXX compile features - done
[0.951s] -- Found ament_cmake_ros: 0.9.2 (/home/locobot/Documents/kobuki/install/share/ament_cmake_ros/cmake)
[0.991s] -- Found PythonInterp: /usr/bin/python3 (found suitable version "3.8.10", minimum required is "3") 
[0.999s] -- Using PYTHON_EXECUTABLE: /usr/bin/python3
[1.271s] -- Found ecl_build: 1.0.3 (/home/locobot/Documents/kobuki/install/share/ecl_build/cmake)
[1.282s] -- Found ecl_errors: 1.1.0 (/home/locobot/Documents/kobuki/install/share/ecl_errors/cmake)
[1.292s] -- Found ecl_formatters: 1.2.1 (/home/locobot/Documents/kobuki/install/share/ecl_formatters/cmake)
[1.327s] -- Found ecl_geometry: 1.2.1 (/home/locobot/Documents/kobuki/install/share/ecl_geometry/cmake)
[1.608s] -- Configuring done
[1.632s] -- Generating done
[1.637s] -- Build files have been written to: /home/locobot/Documents/kobuki/build/ecl_mobile_robot
[1.691s] Invoked command in '/home/locobot/Documents/kobuki/build/ecl_mobile_robot' returned '0': AMENT_PREFIX_PATH=/home/locobot/Documents/kobuki/install CMAKE_PREFIX_PATH=/home/locobot/Documents/kobuki/install LD_LIBRARY_PATH=/home/locobot/Documents/kobuki/install/lib PATH=/home/locobot/Documents/kobuki/install/bin:${PATH} PKG_CONFIG_PATH=/home/locobot/Documents/kobuki/install/lib/x86_64-linux-gnu/pkgconfig:/home/locobot/Documents/kobuki/install/lib/pkgconfig PYTHONPATH=/home/locobot/Documents/kobuki/install/lib/python3.8/site-packages /usr/bin/cmake /home/locobot/Documents/kobuki/src/ecl_core/ecl_mobile_robot -DBUILD_TESTING=OFF -DCMAKE_INSTALL_PREFIX=/home/locobot/Documents/kobuki/install
[1.714s] Invoking command in '/home/locobot/Documents/kobuki/build/ecl_mobile_robot': AMENT_PREFIX_PATH=/home/locobot/Documents/kobuki/install CMAKE_PREFIX_PATH=/home/locobot/Documents/kobuki/install LD_LIBRARY_PATH=/home/locobot/Documents/kobuki/install/lib PATH=/home/locobot/Documents/kobuki/install/bin:${PATH} PKG_CONFIG_PATH=/home/locobot/Documents/kobuki/install/lib/x86_64-linux-gnu/pkgconfig:/home/locobot/Documents/kobuki/install/lib/pkgconfig PYTHONPATH=/home/locobot/Documents/kobuki/install/lib/python3.8/site-packages /usr/bin/cmake --build /home/locobot/Documents/kobuki/build/ecl_mobile_robot -- -j4 -l4
[1.777s] [35m[1mScanning dependencies of target ecl_mobile_robot[0m
[1.877s] [ 50%] [32mBuilding CXX object src/lib/CMakeFiles/ecl_mobile_robot.dir/differential_drive.cpp.o[0m
[4.901s] [100%] [32m[1mLinking CXX shared library libecl_mobile_robot.so[0m
[5.086s] [100%] Built target ecl_mobile_robot
[5.117s] Invoked command in '/home/locobot/Documents/kobuki/build/ecl_mobile_robot' returned '0': AMENT_PREFIX_PATH=/home/locobot/Documents/kobuki/install CMAKE_PREFIX_PATH=/home/locobot/Documents/kobuki/install LD_LIBRARY_PATH=/home/locobot/Documents/kobuki/install/lib PATH=/home/locobot/Documents/kobuki/install/bin:${PATH} PKG_CONFIG_PATH=/home/locobot/Documents/kobuki/install/lib/x86_64-linux-gnu/pkgconfig:/home/locobot/Documents/kobuki/install/lib/pkgconfig PYTHONPATH=/home/locobot/Documents/kobuki/install/lib/python3.8/site-packages /usr/bin/cmake --build /home/locobot/Documents/kobuki/build/ecl_mobile_robot -- -j4 -l4
[5.118s] Invoking command in '/home/locobot/Documents/kobuki/build/ecl_mobile_robot': AMENT_PREFIX_PATH=/home/locobot/Documents/kobuki/install CMAKE_PREFIX_PATH=/home/locobot/Documents/kobuki/install LD_LIBRARY_PATH=/home/locobot/Documents/kobuki/install/lib PATH=/home/locobot/Documents/kobuki/install/bin:${PATH} PKG_CONFIG_PATH=/home/locobot/Documents/kobuki/install/lib/x86_64-linux-gnu/pkgconfig:/home/locobot/Documents/kobuki/install/lib/pkgconfig PYTHONPATH=/home/locobot/Documents/kobuki/install/lib/python3.8/site-packages /usr/bin/cmake --install /home/locobot/Documents/kobuki/build/ecl_mobile_robot
[5.131s] -- Install configuration: ""
[5.131s] -- Installing: /home/locobot/Documents/kobuki/install/share/ecl_mobile_robot/environment/library_path.sh
[5.131s] -- Installing: /home/locobot/Documents/kobuki/install/share/ecl_mobile_robot/environment/library_path.dsv
[5.132s] -- Installing: /home/locobot/Documents/kobuki/install/share/ament_index/resource_index/package_run_dependencies/ecl_mobile_robot
[5.132s] -- Installing: /home/locobot/Documents/kobuki/install/share/ament_index/resource_index/parent_prefix_path/ecl_mobile_robot
[5.132s] -- Installing: /home/locobot/Documents/kobuki/install/share/ecl_mobile_robot/environment/ament_prefix_path.sh
[5.132s] -- Installing: /home/locobot/Documents/kobuki/install/share/ecl_mobile_robot/environment/ament_prefix_path.dsv
[5.132s] -- Installing: /home/locobot/Documents/kobuki/install/share/ecl_mobile_robot/environment/path.sh
[5.132s] -- Installing: /home/locobot/Documents/kobuki/install/share/ecl_mobile_robot/environment/path.dsv
[5.132s] -- Installing: /home/locobot/Documents/kobuki/install/share/ecl_mobile_robot/local_setup.bash
[5.133s] -- Installing: /home/locobot/Documents/kobuki/install/share/ecl_mobile_robot/local_setup.sh
[5.133s] -- Installing: /home/locobot/Documents/kobuki/install/share/ecl_mobile_robot/local_setup.zsh
[5.137s] -- Installing: /home/locobot/Documents/kobuki/install/share/ecl_mobile_robot/local_setup.dsv
[5.137s] -- Installing: /home/locobot/Documents/kobuki/install/share/ecl_mobile_robot/package.dsv
[5.137s] -- Installing: /home/locobot/Documents/kobuki/install/share/ament_index/resource_index/packages/ecl_mobile_robot
[5.137s] -- Installing: /home/locobot/Documents/kobuki/install/share/ecl_mobile_robot/cmake/ecl_mobile_robotExport.cmake
[5.138s] -- Installing: /home/locobot/Documents/kobuki/install/share/ecl_mobile_robot/cmake/ecl_mobile_robotExport-noconfig.cmake
[5.138s] -- Installing: /home/locobot/Documents/kobuki/install/share/ecl_mobile_robot/cmake/ament_cmake_export_targets-extras.cmake
[5.138s] -- Installing: /home/locobot/Documents/kobuki/install/share/ecl_mobile_robot/cmake/ament_cmake_export_include_directories-extras.cmake
[5.138s] -- Installing: /home/locobot/Documents/kobuki/install/share/ecl_mobile_robot/cmake/ament_cmake_export_libraries-extras.cmake
[5.138s] -- Installing: /home/locobot/Documents/kobuki/install/share/ecl_mobile_robot/cmake/ament_cmake_export_dependencies-extras.cmake
[5.138s] -- Installing: /home/locobot/Documents/kobuki/install/share/ecl_mobile_robot/cmake/ecl_mobile_robotConfig.cmake
[5.138s] -- Installing: /home/locobot/Documents/kobuki/install/share/ecl_mobile_robot/cmake/ecl_mobile_robotConfig-version.cmake
[5.138s] -- Installing: /home/locobot/Documents/kobuki/install/share/ecl_mobile_robot/package.xml
[5.139s] -- Installing: /home/locobot/Documents/kobuki/install/include/ecl/mobile_robot.hpp
[5.139s] -- Installing: /home/locobot/Documents/kobuki/install/include/ecl/mobile_robot/differential_drive.hpp
[5.139s] -- Installing: /home/locobot/Documents/kobuki/install/include/ecl/mobile_robot/macros.hpp
[5.139s] -- Installing: /home/locobot/Documents/kobuki/install/include/ecl/mobile_robot/kinematics/differential_drive.hpp
[5.139s] -- Installing: /home/locobot/Documents/kobuki/install/lib/libecl_mobile_robot.so.1.2.1
[5.139s] -- Set runtime path of "/home/locobot/Documents/kobuki/install/lib/libecl_mobile_robot.so.1.2.1" to ""
[5.139s] -- Installing: /home/locobot/Documents/kobuki/install/lib/libecl_mobile_robot.so
[5.140s] Invoked command in '/home/locobot/Documents/kobuki/build/ecl_mobile_robot' returned '0': AMENT_PREFIX_PATH=/home/locobot/Documents/kobuki/install CMAKE_PREFIX_PATH=/home/locobot/Documents/kobuki/install LD_LIBRARY_PATH=/home/locobot/Documents/kobuki/install/lib PATH=/home/locobot/Documents/kobuki/install/bin:${PATH} PKG_CONFIG_PATH=/home/locobot/Documents/kobuki/install/lib/x86_64-linux-gnu/pkgconfig:/home/locobot/Documents/kobuki/install/lib/pkgconfig PYTHONPATH=/home/locobot/Documents/kobuki/install/lib/python3.8/site-packages /usr/bin/cmake --install /home/locobot/Documents/kobuki/build/ecl_mobile_robot
