[0.971s] Invoking command in '/home/locobot/Documents/kobuki/src/ament_lint/ament_mypy': AMENT_PREFIX_PATH=/home/locobot/Documents/kobuki/install CMAKE_PREFIX_PATH=/home/locobot/Documents/kobuki/install LD_LIBRARY_PATH=/home/locobot/Documents/kobuki/install/lib PATH=/home/locobot/Documents/kobuki/install/bin:${PATH} PYTHONPATH=/home/locobot/Documents/kobuki/build/ament_mypy/prefix_override:/home/locobot/.local/lib/python3.8/site-packages/colcon_core/task/python/colcon_distutils_commands:/home/locobot/Documents/kobuki/install/lib/python3.8/site-packages:/home/locobot/Documents/kobuki/install/lib/python3.8/site-packages /usr/bin/python3 -W ignore:setup.py install is deprecated -W ignore:easy_install command is deprecated setup.py egg_info --egg-base ../../../build/ament_mypy build --build-base /home/locobot/Documents/kobuki/build/ament_mypy/build install --record /home/locobot/Documents/kobuki/build/ament_mypy/install.log --single-version-externally-managed install_data
[1.361s] running egg_info
[1.372s] writing ../../../build/ament_mypy/ament_mypy.egg-info/PKG-INFO
[1.372s] writing dependency_links to ../../../build/ament_mypy/ament_mypy.egg-info/dependency_links.txt
[1.373s] writing entry points to ../../../build/ament_mypy/ament_mypy.egg-info/entry_points.txt
[1.374s] writing requirements to ../../../build/ament_mypy/ament_mypy.egg-info/requires.txt
[1.374s] writing top-level names to ../../../build/ament_mypy/ament_mypy.egg-info/top_level.txt
[1.375s] reading manifest file '../../../build/ament_mypy/ament_mypy.egg-info/SOURCES.txt'
[1.375s] writing manifest file '../../../build/ament_mypy/ament_mypy.egg-info/SOURCES.txt'
[1.376s] running build
[1.377s] running build_py
[1.377s] running install
[1.378s] running install_lib
[1.378s] running install_data
[1.379s] running install_egg_info
[1.380s] removing '/home/locobot/Documents/kobuki/install/lib/python3.8/site-packages/ament_mypy-0.9.8-py3.8.egg-info' (and everything under it)
[1.380s] Copying ../../../build/ament_mypy/ament_mypy.egg-info to /home/locobot/Documents/kobuki/install/lib/python3.8/site-packages/ament_mypy-0.9.8-py3.8.egg-info
[1.381s] running install_scripts
[1.402s] Installing ament_mypy script to /home/locobot/Documents/kobuki/install/bin
[1.403s] writing list of installed files to '/home/locobot/Documents/kobuki/build/ament_mypy/install.log'
[1.435s] Invoked command in '/home/locobot/Documents/kobuki/src/ament_lint/ament_mypy' returned '0': AMENT_PREFIX_PATH=/home/locobot/Documents/kobuki/install CMAKE_PREFIX_PATH=/home/locobot/Documents/kobuki/install LD_LIBRARY_PATH=/home/locobot/Documents/kobuki/install/lib PATH=/home/locobot/Documents/kobuki/install/bin:${PATH} PYTHONPATH=/home/locobot/Documents/kobuki/build/ament_mypy/prefix_override:/home/locobot/.local/lib/python3.8/site-packages/colcon_core/task/python/colcon_distutils_commands:/home/locobot/Documents/kobuki/install/lib/python3.8/site-packages:/home/locobot/Documents/kobuki/install/lib/python3.8/site-packages /usr/bin/python3 -W ignore:setup.py install is deprecated -W ignore:easy_install command is deprecated setup.py egg_info --egg-base ../../../build/ament_mypy build --build-base /home/locobot/Documents/kobuki/build/ament_mypy/build install --record /home/locobot/Documents/kobuki/build/ament_mypy/install.log --single-version-externally-managed install_data
