[0.788s] Invoking command in '/home/locobot/Documents/kobuki/build/ecl_converters_lite': AMENT_PREFIX_PATH=/home/locobot/Documents/kobuki/install CMAKE_PREFIX_PATH=/home/locobot/Documents/kobuki/install LD_LIBRARY_PATH=/home/locobot/Documents/kobuki/install/lib PATH=/home/locobot/Documents/kobuki/install/bin:${PATH} PYTHONPATH=/home/locobot/Documents/kobuki/install/lib/python3.8/site-packages /usr/bin/cmake /home/locobot/Documents/kobuki/src/ecl_lite/ecl_converters_lite -DBUILD_TESTING=OFF -DCMAKE_BUILD_TYPE=RelWithDebInfo -DCMAKE_INSTALL_PREFIX=/home/locobot/Documents/kobuki/install
[0.821s] -- Found ament_cmake_ros: 0.9.2 (/home/locobot/Documents/kobuki/install/share/ament_cmake_ros/cmake)
[0.873s] -- Using PYTHON_EXECUTABLE: /usr/bin/python3
[1.278s] -- Found ecl_build: 1.0.3 (/home/locobot/Documents/kobuki/install/share/ecl_build/cmake)
[1.318s] -- Found ecl_config: 1.1.0 (/home/locobot/Documents/kobuki/install/share/ecl_config/cmake)
[1.580s] -- Configuring done
[1.588s] -- Generating done
[1.592s] -- Build files have been written to: /home/locobot/Documents/kobuki/build/ecl_converters_lite
[1.613s] Invoked command in '/home/locobot/Documents/kobuki/build/ecl_converters_lite' returned '0': AMENT_PREFIX_PATH=/home/locobot/Documents/kobuki/install CMAKE_PREFIX_PATH=/home/locobot/Documents/kobuki/install LD_LIBRARY_PATH=/home/locobot/Documents/kobuki/install/lib PATH=/home/locobot/Documents/kobuki/install/bin:${PATH} PYTHONPATH=/home/locobot/Documents/kobuki/install/lib/python3.8/site-packages /usr/bin/cmake /home/locobot/Documents/kobuki/src/ecl_lite/ecl_converters_lite -DBUILD_TESTING=OFF -DCMAKE_BUILD_TYPE=RelWithDebInfo -DCMAKE_INSTALL_PREFIX=/home/locobot/Documents/kobuki/install
[1.615s] Invoking command in '/home/locobot/Documents/kobuki/build/ecl_converters_lite': AMENT_PREFIX_PATH=/home/locobot/Documents/kobuki/install CMAKE_PREFIX_PATH=/home/locobot/Documents/kobuki/install LD_LIBRARY_PATH=/home/locobot/Documents/kobuki/install/lib PATH=/home/locobot/Documents/kobuki/install/bin:${PATH} PYTHONPATH=/home/locobot/Documents/kobuki/install/lib/python3.8/site-packages /usr/bin/cmake --build /home/locobot/Documents/kobuki/build/ecl_converters_lite -- -j4 -l4
[1.695s] Invoked command in '/home/locobot/Documents/kobuki/build/ecl_converters_lite' returned '0': AMENT_PREFIX_PATH=/home/locobot/Documents/kobuki/install CMAKE_PREFIX_PATH=/home/locobot/Documents/kobuki/install LD_LIBRARY_PATH=/home/locobot/Documents/kobuki/install/lib PATH=/home/locobot/Documents/kobuki/install/bin:${PATH} PYTHONPATH=/home/locobot/Documents/kobuki/install/lib/python3.8/site-packages /usr/bin/cmake --build /home/locobot/Documents/kobuki/build/ecl_converters_lite -- -j4 -l4
[1.696s] Invoking command in '/home/locobot/Documents/kobuki/build/ecl_converters_lite': AMENT_PREFIX_PATH=/home/locobot/Documents/kobuki/install CMAKE_PREFIX_PATH=/home/locobot/Documents/kobuki/install LD_LIBRARY_PATH=/home/locobot/Documents/kobuki/install/lib PATH=/home/locobot/Documents/kobuki/install/bin:${PATH} PYTHONPATH=/home/locobot/Documents/kobuki/install/lib/python3.8/site-packages /usr/bin/cmake --install /home/locobot/Documents/kobuki/build/ecl_converters_lite
[1.712s] -- Install configuration: "RelWithDebInfo"
[1.713s] -- Up-to-date: /home/locobot/Documents/kobuki/install/share/ament_index/resource_index/package_run_dependencies/ecl_converters_lite
[1.714s] -- Up-to-date: /home/locobot/Documents/kobuki/install/share/ament_index/resource_index/parent_prefix_path/ecl_converters_lite
[1.715s] -- Up-to-date: /home/locobot/Documents/kobuki/install/share/ecl_converters_lite/environment/ament_prefix_path.sh
[1.718s] -- Installing: /home/locobot/Documents/kobuki/install/share/ecl_converters_lite/environment/ament_prefix_path.dsv
[1.719s] -- Up-to-date: /home/locobot/Documents/kobuki/install/share/ecl_converters_lite/environment/path.sh
[1.719s] -- Installing: /home/locobot/Documents/kobuki/install/share/ecl_converters_lite/environment/path.dsv
[1.720s] -- Up-to-date: /home/locobot/Documents/kobuki/install/share/ecl_converters_lite/local_setup.bash
[1.720s] -- Up-to-date: /home/locobot/Documents/kobuki/install/share/ecl_converters_lite/local_setup.sh
[1.720s] -- Up-to-date: /home/locobot/Documents/kobuki/install/share/ecl_converters_lite/local_setup.zsh
[1.720s] -- Installing: /home/locobot/Documents/kobuki/install/share/ecl_converters_lite/local_setup.dsv
[1.720s] -- Installing: /home/locobot/Documents/kobuki/install/share/ecl_converters_lite/package.dsv
[1.720s] -- Up-to-date: /home/locobot/Documents/kobuki/install/share/ament_index/resource_index/packages/ecl_converters_lite
[1.720s] -- Up-to-date: /home/locobot/Documents/kobuki/install/share/ecl_converters_lite/cmake/ecl_converters_liteExport.cmake
[1.720s] -- Up-to-date: /home/locobot/Documents/kobuki/install/share/ecl_converters_lite/cmake/ament_cmake_export_targets-extras.cmake
[1.720s] -- Up-to-date: /home/locobot/Documents/kobuki/install/share/ecl_converters_lite/cmake/ament_cmake_export_include_directories-extras.cmake
[1.720s] -- Up-to-date: /home/locobot/Documents/kobuki/install/share/ecl_converters_lite/cmake/ament_cmake_export_dependencies-extras.cmake
[1.721s] -- Up-to-date: /home/locobot/Documents/kobuki/install/share/ecl_converters_lite/cmake/ecl_converters_liteConfig.cmake
[1.721s] -- Up-to-date: /home/locobot/Documents/kobuki/install/share/ecl_converters_lite/cmake/ecl_converters_liteConfig-version.cmake
[1.721s] -- Up-to-date: /home/locobot/Documents/kobuki/install/share/ecl_converters_lite/package.xml
[1.721s] -- Up-to-date: /home/locobot/Documents/kobuki/install/include/ecl/converters_lite.hpp
[1.721s] -- Up-to-date: /home/locobot/Documents/kobuki/install/include/ecl/converters_lite/byte_array.hpp
[1.727s] Invoked command in '/home/locobot/Documents/kobuki/build/ecl_converters_lite' returned '0': AMENT_PREFIX_PATH=/home/locobot/Documents/kobuki/install CMAKE_PREFIX_PATH=/home/locobot/Documents/kobuki/install LD_LIBRARY_PATH=/home/locobot/Documents/kobuki/install/lib PATH=/home/locobot/Documents/kobuki/install/bin:${PATH} PYTHONPATH=/home/locobot/Documents/kobuki/install/lib/python3.8/site-packages /usr/bin/cmake --install /home/locobot/Documents/kobuki/build/ecl_converters_lite
