[0.539s] Invoking command in '/home/locobot/Documents/kobuki/build/ecl_linear_algebra': AMENT_PREFIX_PATH=/home/locobot/Documents/kobuki/install CMAKE_PREFIX_PATH=/home/locobot/Documents/kobuki/install LD_LIBRARY_PATH=/home/locobot/Documents/kobuki/install/lib PATH=/home/locobot/Documents/kobuki/install/bin:${PATH} PKG_CONFIG_PATH=/home/locobot/Documents/kobuki/install/lib/x86_64-linux-gnu/pkgconfig:/home/locobot/Documents/kobuki/install/lib/pkgconfig PYTHONPATH=/home/locobot/Documents/kobuki/install/lib/python3.8/site-packages /usr/bin/cmake /home/locobot/Documents/kobuki/src/ecl_core/ecl_linear_algebra -DBUILD_TESTING=OFF --no-warn-unused-cli -DCMAKE_INSTALL_PREFIX=/home/locobot/Documents/kobuki/install
[0.559s] Not searching for unused variables given on the command line.
[0.566s] -- Found ament_cmake_ros: 0.9.2 (/home/locobot/Documents/kobuki/install/share/ament_cmake_ros/cmake)
[0.595s] -- Using PYTHON_EXECUTABLE: /usr/bin/python3
[0.916s] -- Found ecl_build: 1.0.3 (/home/locobot/Documents/kobuki/install/share/ecl_build/cmake)
[0.928s] -- Found ecl_eigen: 1.2.1 (/home/locobot/Documents/kobuki/install/share/ecl_eigen/cmake)
[0.934s] -- Found ecl_exceptions: 1.2.1 (/home/locobot/Documents/kobuki/install/share/ecl_exceptions/cmake)
[0.949s] -- Found ecl_formatters: 1.2.1 (/home/locobot/Documents/kobuki/install/share/ecl_formatters/cmake)
[0.990s] -- Found ecl_math: 1.2.1 (/home/locobot/Documents/kobuki/install/share/ecl_math/cmake)
[1.319s] -- Configuring done
[1.359s] -- Generating done
[1.359s] -- Build files have been written to: /home/locobot/Documents/kobuki/build/ecl_linear_algebra
[1.492s] Invoked command in '/home/locobot/Documents/kobuki/build/ecl_linear_algebra' returned '0': AMENT_PREFIX_PATH=/home/locobot/Documents/kobuki/install CMAKE_PREFIX_PATH=/home/locobot/Documents/kobuki/install LD_LIBRARY_PATH=/home/locobot/Documents/kobuki/install/lib PATH=/home/locobot/Documents/kobuki/install/bin:${PATH} PKG_CONFIG_PATH=/home/locobot/Documents/kobuki/install/lib/x86_64-linux-gnu/pkgconfig:/home/locobot/Documents/kobuki/install/lib/pkgconfig PYTHONPATH=/home/locobot/Documents/kobuki/install/lib/python3.8/site-packages /usr/bin/cmake /home/locobot/Documents/kobuki/src/ecl_core/ecl_linear_algebra -DBUILD_TESTING=OFF --no-warn-unused-cli -DCMAKE_INSTALL_PREFIX=/home/locobot/Documents/kobuki/install
[1.493s] Invoking command in '/home/locobot/Documents/kobuki/build/ecl_linear_algebra': AMENT_PREFIX_PATH=/home/locobot/Documents/kobuki/install CMAKE_PREFIX_PATH=/home/locobot/Documents/kobuki/install LD_LIBRARY_PATH=/home/locobot/Documents/kobuki/install/lib PATH=/home/locobot/Documents/kobuki/install/bin:${PATH} PKG_CONFIG_PATH=/home/locobot/Documents/kobuki/install/lib/x86_64-linux-gnu/pkgconfig:/home/locobot/Documents/kobuki/install/lib/pkgconfig PYTHONPATH=/home/locobot/Documents/kobuki/install/lib/python3.8/site-packages /usr/bin/cmake --build /home/locobot/Documents/kobuki/build/ecl_linear_algebra -- -j4 -l4
[1.700s] [100%] Built target ecl_linear_algebra
[1.721s] Invoked command in '/home/locobot/Documents/kobuki/build/ecl_linear_algebra' returned '0': AMENT_PREFIX_PATH=/home/locobot/Documents/kobuki/install CMAKE_PREFIX_PATH=/home/locobot/Documents/kobuki/install LD_LIBRARY_PATH=/home/locobot/Documents/kobuki/install/lib PATH=/home/locobot/Documents/kobuki/install/bin:${PATH} PKG_CONFIG_PATH=/home/locobot/Documents/kobuki/install/lib/x86_64-linux-gnu/pkgconfig:/home/locobot/Documents/kobuki/install/lib/pkgconfig PYTHONPATH=/home/locobot/Documents/kobuki/install/lib/python3.8/site-packages /usr/bin/cmake --build /home/locobot/Documents/kobuki/build/ecl_linear_algebra -- -j4 -l4
[1.724s] Invoking command in '/home/locobot/Documents/kobuki/build/ecl_linear_algebra': AMENT_PREFIX_PATH=/home/locobot/Documents/kobuki/install CMAKE_PREFIX_PATH=/home/locobot/Documents/kobuki/install LD_LIBRARY_PATH=/home/locobot/Documents/kobuki/install/lib PATH=/home/locobot/Documents/kobuki/install/bin:${PATH} PKG_CONFIG_PATH=/home/locobot/Documents/kobuki/install/lib/x86_64-linux-gnu/pkgconfig:/home/locobot/Documents/kobuki/install/lib/pkgconfig PYTHONPATH=/home/locobot/Documents/kobuki/install/lib/python3.8/site-packages /usr/bin/cmake --install /home/locobot/Documents/kobuki/build/ecl_linear_algebra
[1.768s] -- Install configuration: ""
[1.768s] -- Up-to-date: /home/locobot/Documents/kobuki/install/share/ecl_linear_algebra/environment/library_path.sh
[1.768s] -- Installing: /home/locobot/Documents/kobuki/install/share/ecl_linear_algebra/environment/library_path.dsv
[1.768s] -- Up-to-date: /home/locobot/Documents/kobuki/install/share/ament_index/resource_index/package_run_dependencies/ecl_linear_algebra
[1.769s] -- Up-to-date: /home/locobot/Documents/kobuki/install/share/ament_index/resource_index/parent_prefix_path/ecl_linear_algebra
[1.769s] -- Up-to-date: /home/locobot/Documents/kobuki/install/share/ecl_linear_algebra/environment/ament_prefix_path.sh
[1.769s] -- Installing: /home/locobot/Documents/kobuki/install/share/ecl_linear_algebra/environment/ament_prefix_path.dsv
[1.787s] -- Up-to-date: /home/locobot/Documents/kobuki/install/share/ecl_linear_algebra/environment/path.sh
[1.787s] -- Installing: /home/locobot/Documents/kobuki/install/share/ecl_linear_algebra/environment/path.dsv
[1.787s] -- Up-to-date: /home/locobot/Documents/kobuki/install/share/ecl_linear_algebra/local_setup.bash
[1.788s] -- Up-to-date: /home/locobot/Documents/kobuki/install/share/ecl_linear_algebra/local_setup.sh
[1.788s] -- Up-to-date: /home/locobot/Documents/kobuki/install/share/ecl_linear_algebra/local_setup.zsh
[1.788s] -- Installing: /home/locobot/Documents/kobuki/install/share/ecl_linear_algebra/local_setup.dsv
[1.788s] -- Installing: /home/locobot/Documents/kobuki/install/share/ecl_linear_algebra/package.dsv
[1.788s] -- Up-to-date: /home/locobot/Documents/kobuki/install/share/ament_index/resource_index/packages/ecl_linear_algebra
[1.788s] -- Up-to-date: /home/locobot/Documents/kobuki/install/share/ecl_linear_algebra/cmake/ecl_linear_algebraExport.cmake
[1.788s] -- Installing: /home/locobot/Documents/kobuki/install/share/ecl_linear_algebra/cmake/ecl_linear_algebraExport-noconfig.cmake
[1.788s] -- Up-to-date: /home/locobot/Documents/kobuki/install/share/ecl_linear_algebra/cmake/ament_cmake_export_targets-extras.cmake
[1.788s] -- Up-to-date: /home/locobot/Documents/kobuki/install/share/ecl_linear_algebra/cmake/ament_cmake_export_include_directories-extras.cmake
[1.789s] -- Up-to-date: /home/locobot/Documents/kobuki/install/share/ecl_linear_algebra/cmake/ament_cmake_export_libraries-extras.cmake
[1.789s] -- Up-to-date: /home/locobot/Documents/kobuki/install/share/ecl_linear_algebra/cmake/ament_cmake_export_dependencies-extras.cmake
[1.789s] -- Up-to-date: /home/locobot/Documents/kobuki/install/share/ecl_linear_algebra/cmake/ecl_linear_algebraConfig.cmake
[1.789s] -- Up-to-date: /home/locobot/Documents/kobuki/install/share/ecl_linear_algebra/cmake/ecl_linear_algebraConfig-version.cmake
[1.789s] -- Up-to-date: /home/locobot/Documents/kobuki/install/share/ecl_linear_algebra/package.xml
[1.789s] -- Up-to-date: /home/locobot/Documents/kobuki/install/include/ecl/linear_algebra.hpp
[1.789s] -- Up-to-date: /home/locobot/Documents/kobuki/install/include/ecl/linear_algebra/eigen.hpp
[1.789s] -- Up-to-date: /home/locobot/Documents/kobuki/install/include/ecl/linear_algebra/sophus.hpp
[1.790s] -- Up-to-date: /home/locobot/Documents/kobuki/install/include/ecl/linear_algebra/eigen/formatters.hpp
[1.790s] -- Up-to-date: /home/locobot/Documents/kobuki/install/include/ecl/linear_algebra/eigen/plugin.hpp
[1.790s] -- Up-to-date: /home/locobot/Documents/kobuki/install/include/ecl/linear_algebra/eigen/unsupported/nonlinear_optimization.hpp
[1.790s] -- Up-to-date: /home/locobot/Documents/kobuki/install/include/ecl/linear_algebra/eigen/unsupported/numerical_diff.hpp
[1.790s] -- Up-to-date: /home/locobot/Documents/kobuki/install/include/ecl/linear_algebra/sophus/formatters.hpp
[1.790s] -- Up-to-date: /home/locobot/Documents/kobuki/install/include/ecl/linear_algebra/sophus/helpers.hpp
[1.790s] -- Up-to-date: /home/locobot/Documents/kobuki/install/include/ecl/linear_algebra/sophus/interpolators.hpp
[1.804s] -- Up-to-date: /home/locobot/Documents/kobuki/install/lib/libecl_linear_algebra.so.1.2.1
[1.804s] -- Up-to-date: /home/locobot/Documents/kobuki/install/lib/libecl_linear_algebra.so
[1.814s] Invoked command in '/home/locobot/Documents/kobuki/build/ecl_linear_algebra' returned '0': AMENT_PREFIX_PATH=/home/locobot/Documents/kobuki/install CMAKE_PREFIX_PATH=/home/locobot/Documents/kobuki/install LD_LIBRARY_PATH=/home/locobot/Documents/kobuki/install/lib PATH=/home/locobot/Documents/kobuki/install/bin:${PATH} PKG_CONFIG_PATH=/home/locobot/Documents/kobuki/install/lib/x86_64-linux-gnu/pkgconfig:/home/locobot/Documents/kobuki/install/lib/pkgconfig PYTHONPATH=/home/locobot/Documents/kobuki/install/lib/python3.8/site-packages /usr/bin/cmake --install /home/locobot/Documents/kobuki/build/ecl_linear_algebra
