-- Found ament_cmake_core: 0.9.12 (/home/locobot/Documents/kobuki/install/share/ament_cmake_core/cmake)
-- Using PYTHON_EXECUTABLE: /usr/bin/python3
-- Configuring done
-- Generating done
-- Build files have been written to: /home/locobot/Documents/kobuki/build/ament_cmake_export_link_flags
-- Install configuration: "RelWithDebInfo"
-- Up-to-date: /home/locobot/Documents/kobuki/install/share/ament_index/resource_index/package_run_dependencies/ament_cmake_export_link_flags
-- Up-to-date: /home/locobot/Documents/kobuki/install/share/ament_index/resource_index/parent_prefix_path/ament_cmake_export_link_flags
-- Up-to-date: /home/locobot/Documents/kobuki/install/share/ament_cmake_export_link_flags/environment/ament_prefix_path.sh
-- Installing: /home/locobot/Documents/kobuki/install/share/ament_cmake_export_link_flags/environment/ament_prefix_path.dsv
-- Up-to-date: /home/locobot/Documents/kobuki/install/share/ament_cmake_export_link_flags/environment/path.sh
-- Installing: /home/locobot/Documents/kobuki/install/share/ament_cmake_export_link_flags/environment/path.dsv
-- Up-to-date: /home/locobot/Documents/kobuki/install/share/ament_cmake_export_link_flags/local_setup.bash
-- Up-to-date: /home/locobot/Documents/kobuki/install/share/ament_cmake_export_link_flags/local_setup.sh
-- Up-to-date: /home/locobot/Documents/kobuki/install/share/ament_cmake_export_link_flags/local_setup.zsh
-- Installing: /home/locobot/Documents/kobuki/install/share/ament_cmake_export_link_flags/local_setup.dsv
-- Installing: /home/locobot/Documents/kobuki/install/share/ament_cmake_export_link_flags/package.dsv
-- Up-to-date: /home/locobot/Documents/kobuki/install/share/ament_index/resource_index/packages/ament_cmake_export_link_flags
-- Up-to-date: /home/locobot/Documents/kobuki/install/share/ament_cmake_export_link_flags/cmake/ament_cmake_export_link_flags-extras.cmake
-- Up-to-date: /home/locobot/Documents/kobuki/install/share/ament_cmake_export_link_flags/cmake/ament_cmake_export_link_flagsConfig.cmake
-- Up-to-date: /home/locobot/Documents/kobuki/install/share/ament_cmake_export_link_flags/cmake/ament_cmake_export_link_flagsConfig-version.cmake
-- Up-to-date: /home/locobot/Documents/kobuki/install/share/ament_cmake_export_link_flags/package.xml
-- Up-to-date: /home/locobot/Documents/kobuki/install/share/ament_cmake_export_link_flags/cmake
-- Up-to-date: /home/locobot/Documents/kobuki/install/share/ament_cmake_export_link_flags/cmake/ament_cmake_export_link_flags-extras.cmake.in
-- Up-to-date: /home/locobot/Documents/kobuki/install/share/ament_cmake_export_link_flags/cmake/ament_export_link_flags.cmake
-- Up-to-date: /home/locobot/Documents/kobuki/install/share/ament_cmake_export_link_flags/cmake/ament_cmake_export_link_flags_package_hook.cmake
