[0.138s] Invoking command in '/home/locobot/Documents/kobuki/build/ament_cmake_pclint': AMENT_PREFIX_PATH=/home/locobot/Documents/kobuki/install CMAKE_PREFIX_PATH=/home/locobot/Documents/kobuki/install LD_LIBRARY_PATH=/home/locobot/Documents/kobuki/install/lib PATH=/home/locobot/Documents/kobuki/install/bin:${PATH} PYTHONPATH=/home/locobot/Documents/kobuki/install/lib/python3.8/site-packages /usr/bin/cmake /home/locobot/Documents/kobuki/src/ament_lint/ament_cmake_pclint -DBUILD_TESTING=OFF --no-warn-unused-cli -DCMAKE_INSTALL_PREFIX=/home/locobot/Documents/kobuki/install
[0.213s] Not searching for unused variables given on the command line.
[0.226s] -- Found ament_cmake_core: 0.9.12 (/home/locobot/Documents/kobuki/install/share/ament_cmake_core/cmake)
[0.297s] -- Using PYTHON_EXECUTABLE: /usr/bin/python3
[0.703s] -- Found ament_cmake_test: 0.9.12 (/home/locobot/Documents/kobuki/install/share/ament_cmake_test/cmake)
[0.918s] -- Configuring done
[0.940s] -- Generating done
[0.942s] -- Build files have been written to: /home/locobot/Documents/kobuki/build/ament_cmake_pclint
[0.946s] Invoked command in '/home/locobot/Documents/kobuki/build/ament_cmake_pclint' returned '0': AMENT_PREFIX_PATH=/home/locobot/Documents/kobuki/install CMAKE_PREFIX_PATH=/home/locobot/Documents/kobuki/install LD_LIBRARY_PATH=/home/locobot/Documents/kobuki/install/lib PATH=/home/locobot/Documents/kobuki/install/bin:${PATH} PYTHONPATH=/home/locobot/Documents/kobuki/install/lib/python3.8/site-packages /usr/bin/cmake /home/locobot/Documents/kobuki/src/ament_lint/ament_cmake_pclint -DBUILD_TESTING=OFF --no-warn-unused-cli -DCMAKE_INSTALL_PREFIX=/home/locobot/Documents/kobuki/install
[0.967s] Invoking command in '/home/locobot/Documents/kobuki/build/ament_cmake_pclint': AMENT_PREFIX_PATH=/home/locobot/Documents/kobuki/install CMAKE_PREFIX_PATH=/home/locobot/Documents/kobuki/install LD_LIBRARY_PATH=/home/locobot/Documents/kobuki/install/lib PATH=/home/locobot/Documents/kobuki/install/bin:${PATH} PYTHONPATH=/home/locobot/Documents/kobuki/install/lib/python3.8/site-packages /usr/bin/cmake --build /home/locobot/Documents/kobuki/build/ament_cmake_pclint -- -j4 -l4
[1.013s] Invoked command in '/home/locobot/Documents/kobuki/build/ament_cmake_pclint' returned '0': AMENT_PREFIX_PATH=/home/locobot/Documents/kobuki/install CMAKE_PREFIX_PATH=/home/locobot/Documents/kobuki/install LD_LIBRARY_PATH=/home/locobot/Documents/kobuki/install/lib PATH=/home/locobot/Documents/kobuki/install/bin:${PATH} PYTHONPATH=/home/locobot/Documents/kobuki/install/lib/python3.8/site-packages /usr/bin/cmake --build /home/locobot/Documents/kobuki/build/ament_cmake_pclint -- -j4 -l4
[1.015s] Invoking command in '/home/locobot/Documents/kobuki/build/ament_cmake_pclint': AMENT_PREFIX_PATH=/home/locobot/Documents/kobuki/install CMAKE_PREFIX_PATH=/home/locobot/Documents/kobuki/install LD_LIBRARY_PATH=/home/locobot/Documents/kobuki/install/lib PATH=/home/locobot/Documents/kobuki/install/bin:${PATH} PYTHONPATH=/home/locobot/Documents/kobuki/install/lib/python3.8/site-packages /usr/bin/cmake --install /home/locobot/Documents/kobuki/build/ament_cmake_pclint
[1.029s] -- Install configuration: ""
[1.029s] -- Up-to-date: /home/locobot/Documents/kobuki/install/share/ament_index/resource_index/package_run_dependencies/ament_cmake_pclint
[1.031s] -- Up-to-date: /home/locobot/Documents/kobuki/install/share/ament_index/resource_index/parent_prefix_path/ament_cmake_pclint
[1.033s] -- Up-to-date: /home/locobot/Documents/kobuki/install/share/ament_cmake_pclint/environment/ament_prefix_path.sh
[1.033s] -- Installing: /home/locobot/Documents/kobuki/install/share/ament_cmake_pclint/environment/ament_prefix_path.dsv
[1.033s] -- Up-to-date: /home/locobot/Documents/kobuki/install/share/ament_cmake_pclint/environment/path.sh
[1.033s] -- Installing: /home/locobot/Documents/kobuki/install/share/ament_cmake_pclint/environment/path.dsv
[1.053s] -- Up-to-date: /home/locobot/Documents/kobuki/install/share/ament_cmake_pclint/local_setup.bash
[1.054s] -- Up-to-date: /home/locobot/Documents/kobuki/install/share/ament_cmake_pclint/local_setup.sh
[1.054s] -- Up-to-date: /home/locobot/Documents/kobuki/install/share/ament_cmake_pclint/local_setup.zsh
[1.054s] -- Installing: /home/locobot/Documents/kobuki/install/share/ament_cmake_pclint/local_setup.dsv
[1.054s] -- Installing: /home/locobot/Documents/kobuki/install/share/ament_cmake_pclint/package.dsv
[1.054s] -- Up-to-date: /home/locobot/Documents/kobuki/install/share/ament_index/resource_index/packages/ament_cmake_pclint
[1.054s] -- Up-to-date: /home/locobot/Documents/kobuki/install/share/ament_cmake_pclint/cmake/ament_cmake_pclint-extras.cmake
[1.054s] -- Up-to-date: /home/locobot/Documents/kobuki/install/share/ament_cmake_pclint/cmake/ament_cmake_pclintConfig.cmake
[1.054s] -- Up-to-date: /home/locobot/Documents/kobuki/install/share/ament_cmake_pclint/cmake/ament_cmake_pclintConfig-version.cmake
[1.054s] -- Up-to-date: /home/locobot/Documents/kobuki/install/share/ament_cmake_pclint/package.xml
[1.054s] -- Up-to-date: /home/locobot/Documents/kobuki/install/share/ament_cmake_pclint/cmake
[1.054s] -- Up-to-date: /home/locobot/Documents/kobuki/install/share/ament_cmake_pclint/cmake/ament_pclint.cmake
[1.055s] -- Up-to-date: /home/locobot/Documents/kobuki/install/share/ament_cmake_pclint/cmake/ament_cmake_pclint_lint_hook.cmake
[1.055s] Invoked command in '/home/locobot/Documents/kobuki/build/ament_cmake_pclint' returned '0': AMENT_PREFIX_PATH=/home/locobot/Documents/kobuki/install CMAKE_PREFIX_PATH=/home/locobot/Documents/kobuki/install LD_LIBRARY_PATH=/home/locobot/Documents/kobuki/install/lib PATH=/home/locobot/Documents/kobuki/install/bin:${PATH} PYTHONPATH=/home/locobot/Documents/kobuki/install/lib/python3.8/site-packages /usr/bin/cmake --install /home/locobot/Documents/kobuki/build/ament_cmake_pclint
