[0.236s] Invoking command in '/home/locobot/Documents/kobuki/build/ecl_exceptions': AMENT_PREFIX_PATH=/home/locobot/Documents/kobuki/install CMAKE_PREFIX_PATH=/home/locobot/Documents/kobuki/install LD_LIBRARY_PATH=/home/locobot/Documents/kobuki/install/lib PATH=/home/locobot/Documents/kobuki/install/bin:${PATH} PYTHONPATH=/home/locobot/Documents/kobuki/install/lib/python3.8/site-packages /usr/bin/cmake /home/locobot/Documents/kobuki/src/ecl_core/ecl_exceptions -DBUILD_TESTING=OFF --no-warn-unused-cli -DCMAKE_INSTALL_PREFIX=/home/locobot/Documents/kobuki/install
[0.252s] Not searching for unused variables given on the command line.
[0.264s] -- Found ament_cmake_ros: 0.9.2 (/home/locobot/Documents/kobuki/install/share/ament_cmake_ros/cmake)
[0.303s] -- Using PYTHON_EXECUTABLE: /usr/bin/python3
[0.531s] -- Found ecl_build: 1.0.3 (/home/locobot/Documents/kobuki/install/share/ecl_build/cmake)
[0.541s] -- Found ecl_config: 1.1.0 (/home/locobot/Documents/kobuki/install/share/ecl_config/cmake)
[0.556s] -- Found ecl_errors: 1.1.0 (/home/locobot/Documents/kobuki/install/share/ecl_errors/cmake)
[0.710s] -- Configuring done
[0.754s] -- Generating done
[0.765s] -- Build files have been written to: /home/locobot/Documents/kobuki/build/ecl_exceptions
[0.835s] Invoked command in '/home/locobot/Documents/kobuki/build/ecl_exceptions' returned '0': AMENT_PREFIX_PATH=/home/locobot/Documents/kobuki/install CMAKE_PREFIX_PATH=/home/locobot/Documents/kobuki/install LD_LIBRARY_PATH=/home/locobot/Documents/kobuki/install/lib PATH=/home/locobot/Documents/kobuki/install/bin:${PATH} PYTHONPATH=/home/locobot/Documents/kobuki/install/lib/python3.8/site-packages /usr/bin/cmake /home/locobot/Documents/kobuki/src/ecl_core/ecl_exceptions -DBUILD_TESTING=OFF --no-warn-unused-cli -DCMAKE_INSTALL_PREFIX=/home/locobot/Documents/kobuki/install
[0.837s] Invoking command in '/home/locobot/Documents/kobuki/build/ecl_exceptions': AMENT_PREFIX_PATH=/home/locobot/Documents/kobuki/install CMAKE_PREFIX_PATH=/home/locobot/Documents/kobuki/install LD_LIBRARY_PATH=/home/locobot/Documents/kobuki/install/lib PATH=/home/locobot/Documents/kobuki/install/bin:${PATH} PYTHONPATH=/home/locobot/Documents/kobuki/install/lib/python3.8/site-packages /usr/bin/cmake --build /home/locobot/Documents/kobuki/build/ecl_exceptions -- -j4 -l4
[0.950s] [ 33%] Built target ecl_exceptions
[1.027s] [ 66%] Built target ecl_demo_exception_tracer
[1.153s] [100%] Built target ecl_demo_exceptions
[1.191s] Invoked command in '/home/locobot/Documents/kobuki/build/ecl_exceptions' returned '0': AMENT_PREFIX_PATH=/home/locobot/Documents/kobuki/install CMAKE_PREFIX_PATH=/home/locobot/Documents/kobuki/install LD_LIBRARY_PATH=/home/locobot/Documents/kobuki/install/lib PATH=/home/locobot/Documents/kobuki/install/bin:${PATH} PYTHONPATH=/home/locobot/Documents/kobuki/install/lib/python3.8/site-packages /usr/bin/cmake --build /home/locobot/Documents/kobuki/build/ecl_exceptions -- -j4 -l4
[1.192s] Invoking command in '/home/locobot/Documents/kobuki/build/ecl_exceptions': AMENT_PREFIX_PATH=/home/locobot/Documents/kobuki/install CMAKE_PREFIX_PATH=/home/locobot/Documents/kobuki/install LD_LIBRARY_PATH=/home/locobot/Documents/kobuki/install/lib PATH=/home/locobot/Documents/kobuki/install/bin:${PATH} PYTHONPATH=/home/locobot/Documents/kobuki/install/lib/python3.8/site-packages /usr/bin/cmake --install /home/locobot/Documents/kobuki/build/ecl_exceptions
[1.212s] -- Install configuration: ""
[1.214s] -- Up-to-date: /home/locobot/Documents/kobuki/install/share/ecl_exceptions/environment/library_path.sh
[1.215s] -- Installing: /home/locobot/Documents/kobuki/install/share/ecl_exceptions/environment/library_path.dsv
[1.215s] -- Up-to-date: /home/locobot/Documents/kobuki/install/share/ament_index/resource_index/package_run_dependencies/ecl_exceptions
[1.215s] -- Up-to-date: /home/locobot/Documents/kobuki/install/share/ament_index/resource_index/parent_prefix_path/ecl_exceptions
[1.215s] -- Up-to-date: /home/locobot/Documents/kobuki/install/share/ecl_exceptions/environment/ament_prefix_path.sh
[1.215s] -- Installing: /home/locobot/Documents/kobuki/install/share/ecl_exceptions/environment/ament_prefix_path.dsv
[1.215s] -- Up-to-date: /home/locobot/Documents/kobuki/install/share/ecl_exceptions/environment/path.sh
[1.216s] -- Installing: /home/locobot/Documents/kobuki/install/share/ecl_exceptions/environment/path.dsv
[1.216s] -- Up-to-date: /home/locobot/Documents/kobuki/install/share/ecl_exceptions/local_setup.bash
[1.216s] -- Up-to-date: /home/locobot/Documents/kobuki/install/share/ecl_exceptions/local_setup.sh
[1.216s] -- Up-to-date: /home/locobot/Documents/kobuki/install/share/ecl_exceptions/local_setup.zsh
[1.216s] -- Installing: /home/locobot/Documents/kobuki/install/share/ecl_exceptions/local_setup.dsv
[1.217s] -- Installing: /home/locobot/Documents/kobuki/install/share/ecl_exceptions/package.dsv
[1.217s] -- Up-to-date: /home/locobot/Documents/kobuki/install/share/ament_index/resource_index/packages/ecl_exceptions
[1.217s] -- Up-to-date: /home/locobot/Documents/kobuki/install/share/ecl_exceptions/cmake/ecl_exceptionsExport.cmake
[1.217s] -- Installing: /home/locobot/Documents/kobuki/install/share/ecl_exceptions/cmake/ecl_exceptionsExport-noconfig.cmake
[1.217s] -- Up-to-date: /home/locobot/Documents/kobuki/install/share/ecl_exceptions/cmake/ament_cmake_export_targets-extras.cmake
[1.217s] -- Up-to-date: /home/locobot/Documents/kobuki/install/share/ecl_exceptions/cmake/ament_cmake_export_include_directories-extras.cmake
[1.217s] -- Up-to-date: /home/locobot/Documents/kobuki/install/share/ecl_exceptions/cmake/ament_cmake_export_libraries-extras.cmake
[1.217s] -- Up-to-date: /home/locobot/Documents/kobuki/install/share/ecl_exceptions/cmake/ament_cmake_export_dependencies-extras.cmake
[1.218s] -- Up-to-date: /home/locobot/Documents/kobuki/install/share/ecl_exceptions/cmake/ecl_exceptionsConfig.cmake
[1.218s] -- Up-to-date: /home/locobot/Documents/kobuki/install/share/ecl_exceptions/cmake/ecl_exceptionsConfig-version.cmake
[1.218s] -- Up-to-date: /home/locobot/Documents/kobuki/install/share/ecl_exceptions/package.xml
[1.218s] -- Up-to-date: /home/locobot/Documents/kobuki/install/include/ecl/exceptions.hpp
[1.218s] -- Up-to-date: /home/locobot/Documents/kobuki/install/include/ecl/exceptions/data_exception.hpp
[1.218s] -- Up-to-date: /home/locobot/Documents/kobuki/install/include/ecl/exceptions/exception.hpp
[1.219s] -- Up-to-date: /home/locobot/Documents/kobuki/install/include/ecl/exceptions/macros.hpp
[1.219s] -- Up-to-date: /home/locobot/Documents/kobuki/install/include/ecl/exceptions/posix_error_handler.hpp
[1.219s] -- Up-to-date: /home/locobot/Documents/kobuki/install/include/ecl/exceptions/standard_exception.hpp
[1.226s] -- Up-to-date: /home/locobot/Documents/kobuki/install/lib/libecl_exceptions.so.1.2.1
[1.227s] -- Up-to-date: /home/locobot/Documents/kobuki/install/lib/libecl_exceptions.so
[1.228s] -- Up-to-date: /home/locobot/Documents/kobuki/install/lib/ecl_exceptions/demo_exceptions
[1.235s] -- Up-to-date: /home/locobot/Documents/kobuki/install/lib/ecl_exceptions/demo_exception_tracer
[1.242s] Invoked command in '/home/locobot/Documents/kobuki/build/ecl_exceptions' returned '0': AMENT_PREFIX_PATH=/home/locobot/Documents/kobuki/install CMAKE_PREFIX_PATH=/home/locobot/Documents/kobuki/install LD_LIBRARY_PATH=/home/locobot/Documents/kobuki/install/lib PATH=/home/locobot/Documents/kobuki/install/bin:${PATH} PYTHONPATH=/home/locobot/Documents/kobuki/install/lib/python3.8/site-packages /usr/bin/cmake --install /home/locobot/Documents/kobuki/build/ecl_exceptions
