-- The C compiler identification is GNU 9.4.0
-- The CXX compiler identification is GNU 9.4.0
-- Check for working C compiler: /usr/bin/cc
-- Check for working C compiler: /usr/bin/cc -- works
-- Detecting C compiler ABI info
-- Detecting C compiler ABI info - done
-- Detecting C compile features
-- Detecting C compile features - done
-- Check for working CXX compiler: /usr/bin/c++
-- Check for working CXX compiler: /usr/bin/c++ -- works
-- Detecting CXX compiler ABI info
-- Detecting CXX compiler ABI info - done
-- Detecting CXX compile features
-- Detecting CXX compile features - done
-- Found ament_cmake_ros: 0.9.2 (/home/locobot/Documents/kobuki/install/share/ament_cmake_ros/cmake)
-- Found PythonInterp: /usr/bin/python3 (found suitable version "3.8.10", minimum required is "3") 
-- Using PYTHON_EXECUTABLE: /usr/bin/python3
-- Found ecl_build: 1.0.3 (/home/locobot/Documents/kobuki/install/share/ecl_build/cmake)
-- Found ecl_config: 1.1.0 (/home/locobot/Documents/kobuki/install/share/ecl_config/cmake)
-- Found ecl_linear_algebra: 1.2.1 (/home/locobot/Documents/kobuki/install/share/ecl_linear_algebra/cmake)
-- Configuring done
-- Generating done
-- Build files have been written to: /home/locobot/Documents/kobuki/build/ecl_statistics
[35m[1mScanning dependencies of target ecl_statistics[0m
[ 50%] [32mBuilding CXX object src/lib/CMakeFiles/ecl_statistics.dir/covariance_ellipsoid.cpp.o[0m
[100%] [32m[1mLinking CXX shared library libecl_statistics.so[0m
[100%] Built target ecl_statistics
-- Install configuration: ""
-- Installing: /home/locobot/Documents/kobuki/install/share/ecl_statistics/environment/library_path.sh
-- Installing: /home/locobot/Documents/kobuki/install/share/ecl_statistics/environment/library_path.dsv
-- Installing: /home/locobot/Documents/kobuki/install/share/ament_index/resource_index/package_run_dependencies/ecl_statistics
-- Installing: /home/locobot/Documents/kobuki/install/share/ament_index/resource_index/parent_prefix_path/ecl_statistics
-- Installing: /home/locobot/Documents/kobuki/install/share/ecl_statistics/environment/ament_prefix_path.sh
-- Installing: /home/locobot/Documents/kobuki/install/share/ecl_statistics/environment/ament_prefix_path.dsv
-- Installing: /home/locobot/Documents/kobuki/install/share/ecl_statistics/environment/path.sh
-- Installing: /home/locobot/Documents/kobuki/install/share/ecl_statistics/environment/path.dsv
-- Installing: /home/locobot/Documents/kobuki/install/share/ecl_statistics/local_setup.bash
-- Installing: /home/locobot/Documents/kobuki/install/share/ecl_statistics/local_setup.sh
-- Installing: /home/locobot/Documents/kobuki/install/share/ecl_statistics/local_setup.zsh
-- Installing: /home/locobot/Documents/kobuki/install/share/ecl_statistics/local_setup.dsv
-- Installing: /home/locobot/Documents/kobuki/install/share/ecl_statistics/package.dsv
-- Installing: /home/locobot/Documents/kobuki/install/share/ament_index/resource_index/packages/ecl_statistics
-- Installing: /home/locobot/Documents/kobuki/install/share/ecl_statistics/cmake/ecl_statisticsExport.cmake
-- Installing: /home/locobot/Documents/kobuki/install/share/ecl_statistics/cmake/ecl_statisticsExport-noconfig.cmake
-- Installing: /home/locobot/Documents/kobuki/install/share/ecl_statistics/cmake/ament_cmake_export_targets-extras.cmake
-- Installing: /home/locobot/Documents/kobuki/install/share/ecl_statistics/cmake/ament_cmake_export_include_directories-extras.cmake
-- Installing: /home/locobot/Documents/kobuki/install/share/ecl_statistics/cmake/ament_cmake_export_libraries-extras.cmake
-- Installing: /home/locobot/Documents/kobuki/install/share/ecl_statistics/cmake/ament_cmake_export_dependencies-extras.cmake
-- Installing: /home/locobot/Documents/kobuki/install/share/ecl_statistics/cmake/ecl_statisticsConfig.cmake
-- Installing: /home/locobot/Documents/kobuki/install/share/ecl_statistics/cmake/ecl_statisticsConfig-version.cmake
-- Installing: /home/locobot/Documents/kobuki/install/share/ecl_statistics/package.xml
-- Installing: /home/locobot/Documents/kobuki/install/include/ecl/statistics.hpp
-- Installing: /home/locobot/Documents/kobuki/install/include/ecl/statistics/covariance_ellipsoid.hpp
-- Installing: /home/locobot/Documents/kobuki/install/include/ecl/statistics/cumulative_statistics.hpp
-- Installing: /home/locobot/Documents/kobuki/install/lib/libecl_statistics.so.1.2.1
-- Set runtime path of "/home/locobot/Documents/kobuki/install/lib/libecl_statistics.so.1.2.1" to ""
-- Installing: /home/locobot/Documents/kobuki/install/lib/libecl_statistics.so
