[0.710s] Invoking command in '/home/locobot/Documents/kobuki/build/ecl_statistics': AMENT_PREFIX_PATH=/home/locobot/Documents/kobuki/install CMAKE_PREFIX_PATH=/home/locobot/Documents/kobuki/install LD_LIBRARY_PATH=/home/locobot/Documents/kobuki/install/lib PATH=/home/locobot/Documents/kobuki/install/bin:${PATH} PKG_CONFIG_PATH=/home/locobot/Documents/kobuki/install/lib/x86_64-linux-gnu/pkgconfig:/home/locobot/Documents/kobuki/install/lib/pkgconfig PYTHONPATH=/home/locobot/Documents/kobuki/install/lib/python3.8/site-packages /usr/bin/cmake /home/locobot/Documents/kobuki/src/ecl_core/ecl_statistics -DBUILD_TESTING=OFF -DCMAKE_INSTALL_PREFIX=/home/locobot/Documents/kobuki/install
[0.937s] -- The C compiler identification is GNU 9.4.0
[1.125s] -- The CXX compiler identification is GNU 9.4.0
[1.134s] -- Check for working C compiler: /usr/bin/cc
[1.340s] -- Check for working C compiler: /usr/bin/cc -- works
[1.340s] -- Detecting C compiler ABI info
[1.596s] -- Detecting C compiler ABI info - done
[1.653s] -- Detecting C compile features
[1.654s] -- Detecting C compile features - done
[1.658s] -- Check for working CXX compiler: /usr/bin/c++
[1.992s] -- Check for working CXX compiler: /usr/bin/c++ -- works
[2.008s] -- Detecting CXX compiler ABI info
[2.292s] -- Detecting CXX compiler ABI info - done
[2.339s] -- Detecting CXX compile features
[2.346s] -- Detecting CXX compile features - done
[2.348s] -- Found ament_cmake_ros: 0.9.2 (/home/locobot/Documents/kobuki/install/share/ament_cmake_ros/cmake)
[2.400s] -- Found PythonInterp: /usr/bin/python3 (found suitable version "3.8.10", minimum required is "3") 
[2.401s] -- Using PYTHON_EXECUTABLE: /usr/bin/python3
[2.716s] -- Found ecl_build: 1.0.3 (/home/locobot/Documents/kobuki/install/share/ecl_build/cmake)
[2.728s] -- Found ecl_config: 1.1.0 (/home/locobot/Documents/kobuki/install/share/ecl_config/cmake)
[2.732s] -- Found ecl_linear_algebra: 1.2.1 (/home/locobot/Documents/kobuki/install/share/ecl_linear_algebra/cmake)
[2.948s] -- Configuring done
[2.960s] -- Generating done
[2.964s] -- Build files have been written to: /home/locobot/Documents/kobuki/build/ecl_statistics
[2.975s] Invoked command in '/home/locobot/Documents/kobuki/build/ecl_statistics' returned '0': AMENT_PREFIX_PATH=/home/locobot/Documents/kobuki/install CMAKE_PREFIX_PATH=/home/locobot/Documents/kobuki/install LD_LIBRARY_PATH=/home/locobot/Documents/kobuki/install/lib PATH=/home/locobot/Documents/kobuki/install/bin:${PATH} PKG_CONFIG_PATH=/home/locobot/Documents/kobuki/install/lib/x86_64-linux-gnu/pkgconfig:/home/locobot/Documents/kobuki/install/lib/pkgconfig PYTHONPATH=/home/locobot/Documents/kobuki/install/lib/python3.8/site-packages /usr/bin/cmake /home/locobot/Documents/kobuki/src/ecl_core/ecl_statistics -DBUILD_TESTING=OFF -DCMAKE_INSTALL_PREFIX=/home/locobot/Documents/kobuki/install
[2.977s] Invoking command in '/home/locobot/Documents/kobuki/build/ecl_statistics': AMENT_PREFIX_PATH=/home/locobot/Documents/kobuki/install CMAKE_PREFIX_PATH=/home/locobot/Documents/kobuki/install LD_LIBRARY_PATH=/home/locobot/Documents/kobuki/install/lib PATH=/home/locobot/Documents/kobuki/install/bin:${PATH} PKG_CONFIG_PATH=/home/locobot/Documents/kobuki/install/lib/x86_64-linux-gnu/pkgconfig:/home/locobot/Documents/kobuki/install/lib/pkgconfig PYTHONPATH=/home/locobot/Documents/kobuki/install/lib/python3.8/site-packages /usr/bin/cmake --build /home/locobot/Documents/kobuki/build/ecl_statistics -- -j4 -l4
[3.039s] [35m[1mScanning dependencies of target ecl_statistics[0m
[3.118s] [ 50%] [32mBuilding CXX object src/lib/CMakeFiles/ecl_statistics.dir/covariance_ellipsoid.cpp.o[0m
[24.529s] [100%] [32m[1mLinking CXX shared library libecl_statistics.so[0m
[25.104s] [100%] Built target ecl_statistics
[25.118s] Invoked command in '/home/locobot/Documents/kobuki/build/ecl_statistics' returned '0': AMENT_PREFIX_PATH=/home/locobot/Documents/kobuki/install CMAKE_PREFIX_PATH=/home/locobot/Documents/kobuki/install LD_LIBRARY_PATH=/home/locobot/Documents/kobuki/install/lib PATH=/home/locobot/Documents/kobuki/install/bin:${PATH} PKG_CONFIG_PATH=/home/locobot/Documents/kobuki/install/lib/x86_64-linux-gnu/pkgconfig:/home/locobot/Documents/kobuki/install/lib/pkgconfig PYTHONPATH=/home/locobot/Documents/kobuki/install/lib/python3.8/site-packages /usr/bin/cmake --build /home/locobot/Documents/kobuki/build/ecl_statistics -- -j4 -l4
[25.119s] Invoking command in '/home/locobot/Documents/kobuki/build/ecl_statistics': AMENT_PREFIX_PATH=/home/locobot/Documents/kobuki/install CMAKE_PREFIX_PATH=/home/locobot/Documents/kobuki/install LD_LIBRARY_PATH=/home/locobot/Documents/kobuki/install/lib PATH=/home/locobot/Documents/kobuki/install/bin:${PATH} PKG_CONFIG_PATH=/home/locobot/Documents/kobuki/install/lib/x86_64-linux-gnu/pkgconfig:/home/locobot/Documents/kobuki/install/lib/pkgconfig PYTHONPATH=/home/locobot/Documents/kobuki/install/lib/python3.8/site-packages /usr/bin/cmake --install /home/locobot/Documents/kobuki/build/ecl_statistics
[25.129s] -- Install configuration: ""
[25.129s] -- Installing: /home/locobot/Documents/kobuki/install/share/ecl_statistics/environment/library_path.sh
[25.129s] -- Installing: /home/locobot/Documents/kobuki/install/share/ecl_statistics/environment/library_path.dsv
[25.129s] -- Installing: /home/locobot/Documents/kobuki/install/share/ament_index/resource_index/package_run_dependencies/ecl_statistics
[25.130s] -- Installing: /home/locobot/Documents/kobuki/install/share/ament_index/resource_index/parent_prefix_path/ecl_statistics
[25.130s] -- Installing: /home/locobot/Documents/kobuki/install/share/ecl_statistics/environment/ament_prefix_path.sh
[25.130s] -- Installing: /home/locobot/Documents/kobuki/install/share/ecl_statistics/environment/ament_prefix_path.dsv
[25.130s] -- Installing: /home/locobot/Documents/kobuki/install/share/ecl_statistics/environment/path.sh
[25.131s] -- Installing: /home/locobot/Documents/kobuki/install/share/ecl_statistics/environment/path.dsv
[25.131s] -- Installing: /home/locobot/Documents/kobuki/install/share/ecl_statistics/local_setup.bash
[25.131s] -- Installing: /home/locobot/Documents/kobuki/install/share/ecl_statistics/local_setup.sh
[25.131s] -- Installing: /home/locobot/Documents/kobuki/install/share/ecl_statistics/local_setup.zsh
[25.132s] -- Installing: /home/locobot/Documents/kobuki/install/share/ecl_statistics/local_setup.dsv
[25.138s] -- Installing: /home/locobot/Documents/kobuki/install/share/ecl_statistics/package.dsv
[25.138s] -- Installing: /home/locobot/Documents/kobuki/install/share/ament_index/resource_index/packages/ecl_statistics
[25.138s] -- Installing: /home/locobot/Documents/kobuki/install/share/ecl_statistics/cmake/ecl_statisticsExport.cmake
[25.138s] -- Installing: /home/locobot/Documents/kobuki/install/share/ecl_statistics/cmake/ecl_statisticsExport-noconfig.cmake
[25.138s] -- Installing: /home/locobot/Documents/kobuki/install/share/ecl_statistics/cmake/ament_cmake_export_targets-extras.cmake
[25.138s] -- Installing: /home/locobot/Documents/kobuki/install/share/ecl_statistics/cmake/ament_cmake_export_include_directories-extras.cmake
[25.139s] -- Installing: /home/locobot/Documents/kobuki/install/share/ecl_statistics/cmake/ament_cmake_export_libraries-extras.cmake
[25.139s] -- Installing: /home/locobot/Documents/kobuki/install/share/ecl_statistics/cmake/ament_cmake_export_dependencies-extras.cmake
[25.139s] -- Installing: /home/locobot/Documents/kobuki/install/share/ecl_statistics/cmake/ecl_statisticsConfig.cmake
[25.139s] -- Installing: /home/locobot/Documents/kobuki/install/share/ecl_statistics/cmake/ecl_statisticsConfig-version.cmake
[25.139s] -- Installing: /home/locobot/Documents/kobuki/install/share/ecl_statistics/package.xml
[25.139s] -- Installing: /home/locobot/Documents/kobuki/install/include/ecl/statistics.hpp
[25.139s] -- Installing: /home/locobot/Documents/kobuki/install/include/ecl/statistics/covariance_ellipsoid.hpp
[25.140s] -- Installing: /home/locobot/Documents/kobuki/install/include/ecl/statistics/cumulative_statistics.hpp
[25.140s] -- Installing: /home/locobot/Documents/kobuki/install/lib/libecl_statistics.so.1.2.1
[25.154s] -- Set runtime path of "/home/locobot/Documents/kobuki/install/lib/libecl_statistics.so.1.2.1" to ""
[25.154s] -- Installing: /home/locobot/Documents/kobuki/install/lib/libecl_statistics.so
[25.157s] Invoked command in '/home/locobot/Documents/kobuki/build/ecl_statistics' returned '0': AMENT_PREFIX_PATH=/home/locobot/Documents/kobuki/install CMAKE_PREFIX_PATH=/home/locobot/Documents/kobuki/install LD_LIBRARY_PATH=/home/locobot/Documents/kobuki/install/lib PATH=/home/locobot/Documents/kobuki/install/bin:${PATH} PKG_CONFIG_PATH=/home/locobot/Documents/kobuki/install/lib/x86_64-linux-gnu/pkgconfig:/home/locobot/Documents/kobuki/install/lib/pkgconfig PYTHONPATH=/home/locobot/Documents/kobuki/install/lib/python3.8/site-packages /usr/bin/cmake --install /home/locobot/Documents/kobuki/build/ecl_statistics
