[0.363s] Invoking command in '/home/locobot/Documents/kobuki/build/ament_cmake': AMENT_PREFIX_PATH=/home/locobot/Documents/kobuki/install CMAKE_PREFIX_PATH=/home/locobot/Documents/kobuki/install PATH=/home/locobot/Documents/kobuki/install/bin:${PATH} PYTHONPATH=/home/locobot/Documents/kobuki/install/lib/python3.8/site-packages /usr/bin/cmake /home/locobot/Documents/kobuki/src/ament_cmake/ament_cmake -DBUILD_TESTING=OFF -DCMAKE_INSTALL_PREFIX=/home/locobot/Documents/kobuki/install
[0.429s] -- Found ament_cmake_core: 0.9.12 (/home/locobot/Documents/kobuki/install/share/ament_cmake_core/cmake)
[0.467s] -- Found PythonInterp: /usr/bin/python3 (found suitable version "3.8.10", minimum required is "3") 
[0.467s] -- Using PYTHON_EXECUTABLE: /usr/bin/python3
[0.938s] -- Found ament_cmake_export_dependencies: 0.9.12 (/home/locobot/Documents/kobuki/install/share/ament_cmake_export_dependencies/cmake)
[1.147s] -- Configuring done
[1.153s] -- Generating done
[1.155s] -- Build files have been written to: /home/locobot/Documents/kobuki/build/ament_cmake
[1.352s] Invoked command in '/home/locobot/Documents/kobuki/build/ament_cmake' returned '0': AMENT_PREFIX_PATH=/home/locobot/Documents/kobuki/install CMAKE_PREFIX_PATH=/home/locobot/Documents/kobuki/install PATH=/home/locobot/Documents/kobuki/install/bin:${PATH} PYTHONPATH=/home/locobot/Documents/kobuki/install/lib/python3.8/site-packages /usr/bin/cmake /home/locobot/Documents/kobuki/src/ament_cmake/ament_cmake -DBUILD_TESTING=OFF -DCMAKE_INSTALL_PREFIX=/home/locobot/Documents/kobuki/install
[1.359s] Invoking command in '/home/locobot/Documents/kobuki/build/ament_cmake': AMENT_PREFIX_PATH=/home/locobot/Documents/kobuki/install CMAKE_PREFIX_PATH=/home/locobot/Documents/kobuki/install PATH=/home/locobot/Documents/kobuki/install/bin:${PATH} PYTHONPATH=/home/locobot/Documents/kobuki/install/lib/python3.8/site-packages /usr/bin/cmake --build /home/locobot/Documents/kobuki/build/ament_cmake -- -j4 -l4
[1.478s] Invoked command in '/home/locobot/Documents/kobuki/build/ament_cmake' returned '0': AMENT_PREFIX_PATH=/home/locobot/Documents/kobuki/install CMAKE_PREFIX_PATH=/home/locobot/Documents/kobuki/install PATH=/home/locobot/Documents/kobuki/install/bin:${PATH} PYTHONPATH=/home/locobot/Documents/kobuki/install/lib/python3.8/site-packages /usr/bin/cmake --build /home/locobot/Documents/kobuki/build/ament_cmake -- -j4 -l4
[1.480s] Invoking command in '/home/locobot/Documents/kobuki/build/ament_cmake': AMENT_PREFIX_PATH=/home/locobot/Documents/kobuki/install CMAKE_PREFIX_PATH=/home/locobot/Documents/kobuki/install PATH=/home/locobot/Documents/kobuki/install/bin:${PATH} PYTHONPATH=/home/locobot/Documents/kobuki/install/lib/python3.8/site-packages /usr/bin/cmake --install /home/locobot/Documents/kobuki/build/ament_cmake
[1.537s] -- Install configuration: ""
[1.538s] -- Installing: /home/locobot/Documents/kobuki/install/share/ament_index/resource_index/package_run_dependencies/ament_cmake
[1.538s] -- Installing: /home/locobot/Documents/kobuki/install/share/ament_index/resource_index/parent_prefix_path/ament_cmake
[1.538s] -- Installing: /home/locobot/Documents/kobuki/install/share/ament_cmake/environment/ament_prefix_path.sh
[1.538s] -- Installing: /home/locobot/Documents/kobuki/install/share/ament_cmake/environment/ament_prefix_path.dsv
[1.543s] -- Installing: /home/locobot/Documents/kobuki/install/share/ament_cmake/environment/path.sh
[1.546s] -- Installing: /home/locobot/Documents/kobuki/install/share/ament_cmake/environment/path.dsv
[1.546s] -- Installing: /home/locobot/Documents/kobuki/install/share/ament_cmake/local_setup.bash
[1.546s] -- Installing: /home/locobot/Documents/kobuki/install/share/ament_cmake/local_setup.sh
[1.547s] -- Installing: /home/locobot/Documents/kobuki/install/share/ament_cmake/local_setup.zsh
[1.547s] -- Installing: /home/locobot/Documents/kobuki/install/share/ament_cmake/local_setup.dsv
[1.547s] -- Installing: /home/locobot/Documents/kobuki/install/share/ament_cmake/package.dsv
[1.547s] -- Installing: /home/locobot/Documents/kobuki/install/share/ament_index/resource_index/packages/ament_cmake
[1.547s] -- Installing: /home/locobot/Documents/kobuki/install/share/ament_cmake/cmake/ament_cmake_export_dependencies-extras.cmake
[1.547s] -- Installing: /home/locobot/Documents/kobuki/install/share/ament_cmake/cmake/ament_cmakeConfig.cmake
[1.547s] -- Installing: /home/locobot/Documents/kobuki/install/share/ament_cmake/cmake/ament_cmakeConfig-version.cmake
[1.548s] -- Installing: /home/locobot/Documents/kobuki/install/share/ament_cmake/package.xml
[1.565s] Invoked command in '/home/locobot/Documents/kobuki/build/ament_cmake' returned '0': AMENT_PREFIX_PATH=/home/locobot/Documents/kobuki/install CMAKE_PREFIX_PATH=/home/locobot/Documents/kobuki/install PATH=/home/locobot/Documents/kobuki/install/bin:${PATH} PYTHONPATH=/home/locobot/Documents/kobuki/install/lib/python3.8/site-packages /usr/bin/cmake --install /home/locobot/Documents/kobuki/build/ament_cmake
