[0.271s] Invoking command in '/home/locobot/Documents/kobuki/build/ament_cmake_copyright': AMENT_PREFIX_PATH=/home/locobot/Documents/kobuki/install CMAKE_PREFIX_PATH=/home/locobot/Documents/kobuki/install PATH=/home/locobot/Documents/kobuki/install/bin:${PATH} PYTHONPATH=/home/locobot/Documents/kobuki/install/lib/python3.8/site-packages /usr/bin/cmake /home/locobot/Documents/kobuki/src/ament_lint/ament_cmake_copyright -DBUILD_TESTING=OFF -DCMAKE_INSTALL_PREFIX=/home/locobot/Documents/kobuki/install
[0.365s] -- Found ament_cmake_core: 0.9.12 (/home/locobot/Documents/kobuki/install/share/ament_cmake_core/cmake)
[0.430s] -- Found PythonInterp: /usr/bin/python3 (found suitable version "3.8.10", minimum required is "3") 
[0.445s] -- Using PYTHON_EXECUTABLE: /usr/bin/python3
[0.750s] -- Found ament_cmake_test: 0.9.12 (/home/locobot/Documents/kobuki/install/share/ament_cmake_test/cmake)
[1.082s] -- Configuring done
[1.082s] -- Generating done
[1.083s] -- Build files have been written to: /home/locobot/Documents/kobuki/build/ament_cmake_copyright
[1.140s] Invoked command in '/home/locobot/Documents/kobuki/build/ament_cmake_copyright' returned '0': AMENT_PREFIX_PATH=/home/locobot/Documents/kobuki/install CMAKE_PREFIX_PATH=/home/locobot/Documents/kobuki/install PATH=/home/locobot/Documents/kobuki/install/bin:${PATH} PYTHONPATH=/home/locobot/Documents/kobuki/install/lib/python3.8/site-packages /usr/bin/cmake /home/locobot/Documents/kobuki/src/ament_lint/ament_cmake_copyright -DBUILD_TESTING=OFF -DCMAKE_INSTALL_PREFIX=/home/locobot/Documents/kobuki/install
[1.140s] Invoking command in '/home/locobot/Documents/kobuki/build/ament_cmake_copyright': AMENT_PREFIX_PATH=/home/locobot/Documents/kobuki/install CMAKE_PREFIX_PATH=/home/locobot/Documents/kobuki/install PATH=/home/locobot/Documents/kobuki/install/bin:${PATH} PYTHONPATH=/home/locobot/Documents/kobuki/install/lib/python3.8/site-packages /usr/bin/cmake --build /home/locobot/Documents/kobuki/build/ament_cmake_copyright -- -j4 -l4
[1.508s] Invoked command in '/home/locobot/Documents/kobuki/build/ament_cmake_copyright' returned '0': AMENT_PREFIX_PATH=/home/locobot/Documents/kobuki/install CMAKE_PREFIX_PATH=/home/locobot/Documents/kobuki/install PATH=/home/locobot/Documents/kobuki/install/bin:${PATH} PYTHONPATH=/home/locobot/Documents/kobuki/install/lib/python3.8/site-packages /usr/bin/cmake --build /home/locobot/Documents/kobuki/build/ament_cmake_copyright -- -j4 -l4
[1.510s] Invoking command in '/home/locobot/Documents/kobuki/build/ament_cmake_copyright': AMENT_PREFIX_PATH=/home/locobot/Documents/kobuki/install CMAKE_PREFIX_PATH=/home/locobot/Documents/kobuki/install PATH=/home/locobot/Documents/kobuki/install/bin:${PATH} PYTHONPATH=/home/locobot/Documents/kobuki/install/lib/python3.8/site-packages /usr/bin/cmake --install /home/locobot/Documents/kobuki/build/ament_cmake_copyright
[1.526s] -- Install configuration: ""
[1.526s] -- Installing: /home/locobot/Documents/kobuki/install/share/ament_index/resource_index/package_run_dependencies/ament_cmake_copyright
[1.526s] -- Installing: /home/locobot/Documents/kobuki/install/share/ament_index/resource_index/parent_prefix_path/ament_cmake_copyright
[1.526s] -- Installing: /home/locobot/Documents/kobuki/install/share/ament_cmake_copyright/environment/ament_prefix_path.sh
[1.527s] -- Installing: /home/locobot/Documents/kobuki/install/share/ament_cmake_copyright/environment/ament_prefix_path.dsv
[1.527s] -- Installing: /home/locobot/Documents/kobuki/install/share/ament_cmake_copyright/environment/path.sh
[1.527s] -- Installing: /home/locobot/Documents/kobuki/install/share/ament_cmake_copyright/environment/path.dsv
[1.527s] -- Installing: /home/locobot/Documents/kobuki/install/share/ament_cmake_copyright/local_setup.bash
[1.528s] -- Installing: /home/locobot/Documents/kobuki/install/share/ament_cmake_copyright/local_setup.sh
[1.528s] -- Installing: /home/locobot/Documents/kobuki/install/share/ament_cmake_copyright/local_setup.zsh
[1.528s] -- Installing: /home/locobot/Documents/kobuki/install/share/ament_cmake_copyright/local_setup.dsv
[1.528s] -- Installing: /home/locobot/Documents/kobuki/install/share/ament_cmake_copyright/package.dsv
[1.528s] -- Installing: /home/locobot/Documents/kobuki/install/share/ament_index/resource_index/packages/ament_cmake_copyright
[1.529s] -- Installing: /home/locobot/Documents/kobuki/install/share/ament_cmake_copyright/cmake/ament_cmake_copyright-extras.cmake
[1.529s] -- Installing: /home/locobot/Documents/kobuki/install/share/ament_cmake_copyright/cmake/ament_cmake_copyrightConfig.cmake
[1.529s] -- Installing: /home/locobot/Documents/kobuki/install/share/ament_cmake_copyright/cmake/ament_cmake_copyrightConfig-version.cmake
[1.529s] -- Installing: /home/locobot/Documents/kobuki/install/share/ament_cmake_copyright/package.xml
[1.530s] -- Up-to-date: /home/locobot/Documents/kobuki/install/share/ament_cmake_copyright/cmake
[1.530s] -- Installing: /home/locobot/Documents/kobuki/install/share/ament_cmake_copyright/cmake/ament_copyright.cmake
[1.530s] -- Installing: /home/locobot/Documents/kobuki/install/share/ament_cmake_copyright/cmake/ament_cmake_copyright_lint_hook.cmake
[1.587s] Invoked command in '/home/locobot/Documents/kobuki/build/ament_cmake_copyright' returned '0': AMENT_PREFIX_PATH=/home/locobot/Documents/kobuki/install CMAKE_PREFIX_PATH=/home/locobot/Documents/kobuki/install PATH=/home/locobot/Documents/kobuki/install/bin:${PATH} PYTHONPATH=/home/locobot/Documents/kobuki/install/lib/python3.8/site-packages /usr/bin/cmake --install /home/locobot/Documents/kobuki/build/ament_cmake_copyright
