[0.641s] Invoking command in '/home/locobot/Documents/kobuki/build/ament_lint_common': AMENT_PREFIX_PATH=/home/locobot/Documents/kobuki/install CMAKE_PREFIX_PATH=/home/locobot/Documents/kobuki/install PATH=/home/locobot/Documents/kobuki/install/bin:${PATH} PYTHONPATH=/home/locobot/Documents/kobuki/install/lib/python3.8/site-packages /usr/bin/cmake /home/locobot/Documents/kobuki/src/ament_lint/ament_lint_common -DBUILD_TESTING=OFF -DCMAKE_INSTALL_PREFIX=/home/locobot/Documents/kobuki/install
[0.776s] -- Found ament_cmake_core: 0.9.12 (/home/locobot/Documents/kobuki/install/share/ament_cmake_core/cmake)
[0.827s] -- Found PythonInterp: /usr/bin/python3 (found suitable version "3.8.10", minimum required is "3") 
[0.827s] -- Using PYTHON_EXECUTABLE: /usr/bin/python3
[1.314s] -- Found ament_cmake_export_dependencies: 0.9.12 (/home/locobot/Documents/kobuki/install/share/ament_cmake_export_dependencies/cmake)
[1.713s] -- Configuring done
[1.719s] -- Generating done
[1.722s] -- Build files have been written to: /home/locobot/Documents/kobuki/build/ament_lint_common
[1.906s] Invoked command in '/home/locobot/Documents/kobuki/build/ament_lint_common' returned '0': AMENT_PREFIX_PATH=/home/locobot/Documents/kobuki/install CMAKE_PREFIX_PATH=/home/locobot/Documents/kobuki/install PATH=/home/locobot/Documents/kobuki/install/bin:${PATH} PYTHONPATH=/home/locobot/Documents/kobuki/install/lib/python3.8/site-packages /usr/bin/cmake /home/locobot/Documents/kobuki/src/ament_lint/ament_lint_common -DBUILD_TESTING=OFF -DCMAKE_INSTALL_PREFIX=/home/locobot/Documents/kobuki/install
[1.907s] Invoking command in '/home/locobot/Documents/kobuki/build/ament_lint_common': AMENT_PREFIX_PATH=/home/locobot/Documents/kobuki/install CMAKE_PREFIX_PATH=/home/locobot/Documents/kobuki/install PATH=/home/locobot/Documents/kobuki/install/bin:${PATH} PYTHONPATH=/home/locobot/Documents/kobuki/install/lib/python3.8/site-packages /usr/bin/cmake --build /home/locobot/Documents/kobuki/build/ament_lint_common -- -j4 -l4
[2.074s] Invoked command in '/home/locobot/Documents/kobuki/build/ament_lint_common' returned '0': AMENT_PREFIX_PATH=/home/locobot/Documents/kobuki/install CMAKE_PREFIX_PATH=/home/locobot/Documents/kobuki/install PATH=/home/locobot/Documents/kobuki/install/bin:${PATH} PYTHONPATH=/home/locobot/Documents/kobuki/install/lib/python3.8/site-packages /usr/bin/cmake --build /home/locobot/Documents/kobuki/build/ament_lint_common -- -j4 -l4
[2.075s] Invoking command in '/home/locobot/Documents/kobuki/build/ament_lint_common': AMENT_PREFIX_PATH=/home/locobot/Documents/kobuki/install CMAKE_PREFIX_PATH=/home/locobot/Documents/kobuki/install PATH=/home/locobot/Documents/kobuki/install/bin:${PATH} PYTHONPATH=/home/locobot/Documents/kobuki/install/lib/python3.8/site-packages /usr/bin/cmake --install /home/locobot/Documents/kobuki/build/ament_lint_common
[2.118s] -- Install configuration: ""
[2.131s] -- Installing: /home/locobot/Documents/kobuki/install/share/ament_index/resource_index/package_run_dependencies/ament_lint_common
[2.131s] -- Installing: /home/locobot/Documents/kobuki/install/share/ament_index/resource_index/parent_prefix_path/ament_lint_common
[2.131s] -- Installing: /home/locobot/Documents/kobuki/install/share/ament_lint_common/environment/ament_prefix_path.sh
[2.131s] -- Installing: /home/locobot/Documents/kobuki/install/share/ament_lint_common/environment/ament_prefix_path.dsv
[2.131s] -- Installing: /home/locobot/Documents/kobuki/install/share/ament_lint_common/environment/path.sh
[2.132s] -- Installing: /home/locobot/Documents/kobuki/install/share/ament_lint_common/environment/path.dsv
[2.132s] -- Installing: /home/locobot/Documents/kobuki/install/share/ament_lint_common/local_setup.bash
[2.132s] -- Installing: /home/locobot/Documents/kobuki/install/share/ament_lint_common/local_setup.sh
[2.132s] -- Installing: /home/locobot/Documents/kobuki/install/share/ament_lint_common/local_setup.zsh
[2.132s] -- Installing: /home/locobot/Documents/kobuki/install/share/ament_lint_common/local_setup.dsv
[2.132s] -- Installing: /home/locobot/Documents/kobuki/install/share/ament_lint_common/package.dsv
[2.133s] -- Installing: /home/locobot/Documents/kobuki/install/share/ament_index/resource_index/packages/ament_lint_common
[2.133s] -- Installing: /home/locobot/Documents/kobuki/install/share/ament_lint_common/cmake/ament_cmake_export_dependencies-extras.cmake
[2.133s] -- Installing: /home/locobot/Documents/kobuki/install/share/ament_lint_common/cmake/ament_lint_commonConfig.cmake
[2.133s] -- Installing: /home/locobot/Documents/kobuki/install/share/ament_lint_common/cmake/ament_lint_commonConfig-version.cmake
[2.134s] -- Installing: /home/locobot/Documents/kobuki/install/share/ament_lint_common/package.xml
[2.147s] Invoked command in '/home/locobot/Documents/kobuki/build/ament_lint_common' returned '0': AMENT_PREFIX_PATH=/home/locobot/Documents/kobuki/install CMAKE_PREFIX_PATH=/home/locobot/Documents/kobuki/install PATH=/home/locobot/Documents/kobuki/install/bin:${PATH} PYTHONPATH=/home/locobot/Documents/kobuki/install/lib/python3.8/site-packages /usr/bin/cmake --install /home/locobot/Documents/kobuki/build/ament_lint_common
