[0.366s] Invoking command in '/home/locobot/Documents/kobuki/build/ecl_time_lite': AMENT_PREFIX_PATH=/home/locobot/Documents/kobuki/install CMAKE_PREFIX_PATH=/home/locobot/Documents/kobuki/install LD_LIBRARY_PATH=/home/locobot/Documents/kobuki/install/lib PATH=/home/locobot/Documents/kobuki/install/bin:${PATH} PYTHONPATH=/home/locobot/Documents/kobuki/install/lib/python3.8/site-packages /usr/bin/cmake /home/locobot/Documents/kobuki/src/ecl_lite/ecl_time_lite -DBUILD_TESTING=OFF -DCMAKE_BUILD_TYPE=RelWithDebInfo -DCMAKE_INSTALL_PREFIX=/home/locobot/Documents/kobuki/install
[0.419s] -- Found ament_cmake_ros: 0.9.2 (/home/locobot/Documents/kobuki/install/share/ament_cmake_ros/cmake)
[0.471s] -- Using PYTHON_EXECUTABLE: /usr/bin/python3
[0.673s] -- Found ecl_build: 1.0.3 (/home/locobot/Documents/kobuki/install/share/ecl_build/cmake)
[0.682s] -- Found ecl_config: 1.1.0 (/home/locobot/Documents/kobuki/install/share/ecl_config/cmake)
[0.685s] -- Found ecl_errors: 1.1.0 (/home/locobot/Documents/kobuki/install/share/ecl_errors/cmake)
[0.813s] -- Configuring done
[0.831s] -- Generating done
[0.834s] -- Build files have been written to: /home/locobot/Documents/kobuki/build/ecl_time_lite
[0.847s] Invoked command in '/home/locobot/Documents/kobuki/build/ecl_time_lite' returned '0': AMENT_PREFIX_PATH=/home/locobot/Documents/kobuki/install CMAKE_PREFIX_PATH=/home/locobot/Documents/kobuki/install LD_LIBRARY_PATH=/home/locobot/Documents/kobuki/install/lib PATH=/home/locobot/Documents/kobuki/install/bin:${PATH} PYTHONPATH=/home/locobot/Documents/kobuki/install/lib/python3.8/site-packages /usr/bin/cmake /home/locobot/Documents/kobuki/src/ecl_lite/ecl_time_lite -DBUILD_TESTING=OFF -DCMAKE_BUILD_TYPE=RelWithDebInfo -DCMAKE_INSTALL_PREFIX=/home/locobot/Documents/kobuki/install
[0.848s] Invoking command in '/home/locobot/Documents/kobuki/build/ecl_time_lite': AMENT_PREFIX_PATH=/home/locobot/Documents/kobuki/install CMAKE_PREFIX_PATH=/home/locobot/Documents/kobuki/install LD_LIBRARY_PATH=/home/locobot/Documents/kobuki/install/lib PATH=/home/locobot/Documents/kobuki/install/bin:${PATH} PYTHONPATH=/home/locobot/Documents/kobuki/install/lib/python3.8/site-packages /usr/bin/cmake --build /home/locobot/Documents/kobuki/build/ecl_time_lite -- -j4 -l4
[0.911s] [ 11%] [32mBuilding CXX object src/lib/CMakeFiles/ecl_time_lite.dir/cpu_time.cpp.o[0m
[0.931s] [ 22%] [32mBuilding CXX object src/lib/CMakeFiles/ecl_time_lite.dir/date.cpp.o[0m
[1.551s] [ 33%] [32mBuilding CXX object src/lib/CMakeFiles/ecl_time_lite.dir/functions_rt.cpp.o[0m
[1.826s] [ 44%] [32mBuilding CXX object src/lib/CMakeFiles/ecl_time_lite.dir/functions_win.cpp.o[0m
[1.888s] [ 55%] [32mBuilding CXX object src/lib/CMakeFiles/ecl_time_lite.dir/functions_pos.cpp.o[0m
[1.998s] [ 66%] [32mBuilding CXX object src/lib/CMakeFiles/ecl_time_lite.dir/functions_mac.cpp.o[0m
[2.075s] [ 77%] [32m[1mLinking CXX shared library libecl_time_lite.so[0m
[2.300s] [ 77%] Built target ecl_time_lite
[2.343s] [ 88%] [32mBuilding CXX object src/examples/CMakeFiles/demo_time_functions.dir/time_functions.cpp.o[0m
[2.999s] [100%] [32m[1mLinking CXX executable demo_time_functions[0m
[3.137s] [100%] Built target demo_time_functions
[3.176s] Invoked command in '/home/locobot/Documents/kobuki/build/ecl_time_lite' returned '0': AMENT_PREFIX_PATH=/home/locobot/Documents/kobuki/install CMAKE_PREFIX_PATH=/home/locobot/Documents/kobuki/install LD_LIBRARY_PATH=/home/locobot/Documents/kobuki/install/lib PATH=/home/locobot/Documents/kobuki/install/bin:${PATH} PYTHONPATH=/home/locobot/Documents/kobuki/install/lib/python3.8/site-packages /usr/bin/cmake --build /home/locobot/Documents/kobuki/build/ecl_time_lite -- -j4 -l4
[3.177s] Invoking command in '/home/locobot/Documents/kobuki/build/ecl_time_lite': AMENT_PREFIX_PATH=/home/locobot/Documents/kobuki/install CMAKE_PREFIX_PATH=/home/locobot/Documents/kobuki/install LD_LIBRARY_PATH=/home/locobot/Documents/kobuki/install/lib PATH=/home/locobot/Documents/kobuki/install/bin:${PATH} PYTHONPATH=/home/locobot/Documents/kobuki/install/lib/python3.8/site-packages /usr/bin/cmake --install /home/locobot/Documents/kobuki/build/ecl_time_lite
[3.204s] -- Install configuration: "RelWithDebInfo"
[3.208s] -- Up-to-date: /home/locobot/Documents/kobuki/install/share/ecl_time_lite/environment/library_path.sh
[3.209s] -- Installing: /home/locobot/Documents/kobuki/install/share/ecl_time_lite/environment/library_path.dsv
[3.210s] -- Up-to-date: /home/locobot/Documents/kobuki/install/share/ament_index/resource_index/package_run_dependencies/ecl_time_lite
[3.210s] -- Up-to-date: /home/locobot/Documents/kobuki/install/share/ament_index/resource_index/parent_prefix_path/ecl_time_lite
[3.210s] -- Up-to-date: /home/locobot/Documents/kobuki/install/share/ecl_time_lite/environment/ament_prefix_path.sh
[3.210s] -- Installing: /home/locobot/Documents/kobuki/install/share/ecl_time_lite/environment/ament_prefix_path.dsv
[3.217s] -- Up-to-date: /home/locobot/Documents/kobuki/install/share/ecl_time_lite/environment/path.sh
[3.217s] -- Installing: /home/locobot/Documents/kobuki/install/share/ecl_time_lite/environment/path.dsv
[3.218s] -- Up-to-date: /home/locobot/Documents/kobuki/install/share/ecl_time_lite/local_setup.bash
[3.218s] -- Up-to-date: /home/locobot/Documents/kobuki/install/share/ecl_time_lite/local_setup.sh
[3.218s] -- Up-to-date: /home/locobot/Documents/kobuki/install/share/ecl_time_lite/local_setup.zsh
[3.218s] -- Installing: /home/locobot/Documents/kobuki/install/share/ecl_time_lite/local_setup.dsv
[3.218s] -- Installing: /home/locobot/Documents/kobuki/install/share/ecl_time_lite/package.dsv
[3.218s] -- Up-to-date: /home/locobot/Documents/kobuki/install/share/ament_index/resource_index/packages/ecl_time_lite
[3.218s] -- Up-to-date: /home/locobot/Documents/kobuki/install/share/ecl_time_lite/cmake/ecl_time_liteExport.cmake
[3.218s] -- Installing: /home/locobot/Documents/kobuki/install/share/ecl_time_lite/cmake/ecl_time_liteExport-relwithdebinfo.cmake
[3.218s] -- Up-to-date: /home/locobot/Documents/kobuki/install/share/ecl_time_lite/cmake/ament_cmake_export_targets-extras.cmake
[3.219s] -- Up-to-date: /home/locobot/Documents/kobuki/install/share/ecl_time_lite/cmake/ament_cmake_export_include_directories-extras.cmake
[3.219s] -- Up-to-date: /home/locobot/Documents/kobuki/install/share/ecl_time_lite/cmake/ament_cmake_export_libraries-extras.cmake
[3.219s] -- Up-to-date: /home/locobot/Documents/kobuki/install/share/ecl_time_lite/cmake/ament_cmake_export_dependencies-extras.cmake
[3.219s] -- Up-to-date: /home/locobot/Documents/kobuki/install/share/ecl_time_lite/cmake/ecl_time_liteConfig.cmake
[3.219s] -- Up-to-date: /home/locobot/Documents/kobuki/install/share/ecl_time_lite/cmake/ecl_time_liteConfig-version.cmake
[3.219s] -- Up-to-date: /home/locobot/Documents/kobuki/install/share/ecl_time_lite/package.xml
[3.219s] -- Up-to-date: /home/locobot/Documents/kobuki/install/include/ecl/time_lite.hpp
[3.219s] -- Up-to-date: /home/locobot/Documents/kobuki/install/include/ecl/time_lite/cpu_time.hpp
[3.219s] -- Up-to-date: /home/locobot/Documents/kobuki/install/include/ecl/time_lite/date.hpp
[3.220s] -- Up-to-date: /home/locobot/Documents/kobuki/install/include/ecl/time_lite/errors.hpp
[3.220s] -- Up-to-date: /home/locobot/Documents/kobuki/install/include/ecl/time_lite/functions.hpp
[3.220s] -- Up-to-date: /home/locobot/Documents/kobuki/install/include/ecl/time_lite/functions_mac.hpp
[3.220s] -- Up-to-date: /home/locobot/Documents/kobuki/install/include/ecl/time_lite/functions_pos.hpp
[3.220s] -- Up-to-date: /home/locobot/Documents/kobuki/install/include/ecl/time_lite/functions_rt.hpp
[3.220s] -- Up-to-date: /home/locobot/Documents/kobuki/install/include/ecl/time_lite/functions_win.hpp
[3.220s] -- Up-to-date: /home/locobot/Documents/kobuki/install/include/ecl/time_lite/macros.hpp
[3.220s] -- Up-to-date: /home/locobot/Documents/kobuki/install/include/ecl/time_lite/types.hpp
[3.220s] -- Up-to-date: /home/locobot/Documents/kobuki/install/include/ecl/time_lite/types_pos.hpp
[3.220s] -- Up-to-date: /home/locobot/Documents/kobuki/install/include/ecl/time_lite/types_win.hpp
[3.221s] -- Up-to-date: /home/locobot/Documents/kobuki/install/include/ecl/time_lite/config.hpp
[3.221s] -- Installing: /home/locobot/Documents/kobuki/install/lib/libecl_time_lite.so.1.1.0
[3.221s] -- Set runtime path of "/home/locobot/Documents/kobuki/install/lib/libecl_time_lite.so.1.1.0" to ""
[3.221s] -- Up-to-date: /home/locobot/Documents/kobuki/install/lib/libecl_time_lite.so
[3.221s] -- Installing: /home/locobot/Documents/kobuki/install/lib/ecl_time_lite/demo_time_functions
[3.221s] -- Set runtime path of "/home/locobot/Documents/kobuki/install/lib/ecl_time_lite/demo_time_functions" to ""
[3.231s] Invoked command in '/home/locobot/Documents/kobuki/build/ecl_time_lite' returned '0': AMENT_PREFIX_PATH=/home/locobot/Documents/kobuki/install CMAKE_PREFIX_PATH=/home/locobot/Documents/kobuki/install LD_LIBRARY_PATH=/home/locobot/Documents/kobuki/install/lib PATH=/home/locobot/Documents/kobuki/install/bin:${PATH} PYTHONPATH=/home/locobot/Documents/kobuki/install/lib/python3.8/site-packages /usr/bin/cmake --install /home/locobot/Documents/kobuki/build/ecl_time_lite
