[0.565s] Invoking command in '/home/locobot/Documents/kobuki/build/ecl_sigslots_lite': AMENT_PREFIX_PATH=/home/locobot/Documents/kobuki/install CMAKE_PREFIX_PATH=/home/locobot/Documents/kobuki/install LD_LIBRARY_PATH=/home/locobot/Documents/kobuki/install/lib PATH=/home/locobot/Documents/kobuki/install/bin:${PATH} PYTHONPATH=/home/locobot/Documents/kobuki/install/lib/python3.8/site-packages /usr/bin/cmake /home/locobot/Documents/kobuki/src/ecl_lite/ecl_sigslots_lite -DBUILD_TESTING=OFF --no-warn-unused-cli -DCMAKE_INSTALL_PREFIX=/home/locobot/Documents/kobuki/install
[0.597s] Not searching for unused variables given on the command line.
[0.607s] -- Found ament_cmake_ros: 0.9.2 (/home/locobot/Documents/kobuki/install/share/ament_cmake_ros/cmake)
[0.634s] -- Using PYTHON_EXECUTABLE: /usr/bin/python3
[0.862s] -- Found ecl_build: 1.0.3 (/home/locobot/Documents/kobuki/install/share/ecl_build/cmake)
[0.871s] -- Found ecl_config: 1.1.0 (/home/locobot/Documents/kobuki/install/share/ecl_config/cmake)
[0.880s] -- Found ecl_errors: 1.1.0 (/home/locobot/Documents/kobuki/install/share/ecl_errors/cmake)
[1.006s] -- Configuring done
[1.019s] -- Generating done
[1.021s] -- Build files have been written to: /home/locobot/Documents/kobuki/build/ecl_sigslots_lite
[1.042s] Invoked command in '/home/locobot/Documents/kobuki/build/ecl_sigslots_lite' returned '0': AMENT_PREFIX_PATH=/home/locobot/Documents/kobuki/install CMAKE_PREFIX_PATH=/home/locobot/Documents/kobuki/install LD_LIBRARY_PATH=/home/locobot/Documents/kobuki/install/lib PATH=/home/locobot/Documents/kobuki/install/bin:${PATH} PYTHONPATH=/home/locobot/Documents/kobuki/install/lib/python3.8/site-packages /usr/bin/cmake /home/locobot/Documents/kobuki/src/ecl_lite/ecl_sigslots_lite -DBUILD_TESTING=OFF --no-warn-unused-cli -DCMAKE_INSTALL_PREFIX=/home/locobot/Documents/kobuki/install
[1.043s] Invoking command in '/home/locobot/Documents/kobuki/build/ecl_sigslots_lite': AMENT_PREFIX_PATH=/home/locobot/Documents/kobuki/install CMAKE_PREFIX_PATH=/home/locobot/Documents/kobuki/install LD_LIBRARY_PATH=/home/locobot/Documents/kobuki/install/lib PATH=/home/locobot/Documents/kobuki/install/bin:${PATH} PYTHONPATH=/home/locobot/Documents/kobuki/install/lib/python3.8/site-packages /usr/bin/cmake --build /home/locobot/Documents/kobuki/build/ecl_sigslots_lite -- -j4 -l4
[1.138s] [100%] Built target demo_sigslots_lite
[1.158s] Invoked command in '/home/locobot/Documents/kobuki/build/ecl_sigslots_lite' returned '0': AMENT_PREFIX_PATH=/home/locobot/Documents/kobuki/install CMAKE_PREFIX_PATH=/home/locobot/Documents/kobuki/install LD_LIBRARY_PATH=/home/locobot/Documents/kobuki/install/lib PATH=/home/locobot/Documents/kobuki/install/bin:${PATH} PYTHONPATH=/home/locobot/Documents/kobuki/install/lib/python3.8/site-packages /usr/bin/cmake --build /home/locobot/Documents/kobuki/build/ecl_sigslots_lite -- -j4 -l4
[1.159s] Invoking command in '/home/locobot/Documents/kobuki/build/ecl_sigslots_lite': AMENT_PREFIX_PATH=/home/locobot/Documents/kobuki/install CMAKE_PREFIX_PATH=/home/locobot/Documents/kobuki/install LD_LIBRARY_PATH=/home/locobot/Documents/kobuki/install/lib PATH=/home/locobot/Documents/kobuki/install/bin:${PATH} PYTHONPATH=/home/locobot/Documents/kobuki/install/lib/python3.8/site-packages /usr/bin/cmake --install /home/locobot/Documents/kobuki/build/ecl_sigslots_lite
[1.175s] -- Install configuration: ""
[1.175s] -- Up-to-date: /home/locobot/Documents/kobuki/install/share/ament_index/resource_index/package_run_dependencies/ecl_sigslots_lite
[1.175s] -- Up-to-date: /home/locobot/Documents/kobuki/install/share/ament_index/resource_index/parent_prefix_path/ecl_sigslots_lite
[1.175s] -- Up-to-date: /home/locobot/Documents/kobuki/install/share/ecl_sigslots_lite/environment/ament_prefix_path.sh
[1.175s] -- Installing: /home/locobot/Documents/kobuki/install/share/ecl_sigslots_lite/environment/ament_prefix_path.dsv
[1.175s] -- Up-to-date: /home/locobot/Documents/kobuki/install/share/ecl_sigslots_lite/environment/path.sh
[1.175s] -- Installing: /home/locobot/Documents/kobuki/install/share/ecl_sigslots_lite/environment/path.dsv
[1.176s] -- Up-to-date: /home/locobot/Documents/kobuki/install/share/ecl_sigslots_lite/local_setup.bash
[1.178s] -- Up-to-date: /home/locobot/Documents/kobuki/install/share/ecl_sigslots_lite/local_setup.sh
[1.178s] -- Up-to-date: /home/locobot/Documents/kobuki/install/share/ecl_sigslots_lite/local_setup.zsh
[1.179s] -- Installing: /home/locobot/Documents/kobuki/install/share/ecl_sigslots_lite/local_setup.dsv
[1.179s] -- Installing: /home/locobot/Documents/kobuki/install/share/ecl_sigslots_lite/package.dsv
[1.179s] -- Up-to-date: /home/locobot/Documents/kobuki/install/share/ament_index/resource_index/packages/ecl_sigslots_lite
[1.179s] -- Up-to-date: /home/locobot/Documents/kobuki/install/share/ecl_sigslots_lite/cmake/ecl_sigslots_liteExport.cmake
[1.179s] -- Up-to-date: /home/locobot/Documents/kobuki/install/share/ecl_sigslots_lite/cmake/ament_cmake_export_targets-extras.cmake
[1.179s] -- Up-to-date: /home/locobot/Documents/kobuki/install/share/ecl_sigslots_lite/cmake/ament_cmake_export_include_directories-extras.cmake
[1.180s] -- Up-to-date: /home/locobot/Documents/kobuki/install/share/ecl_sigslots_lite/cmake/ament_cmake_export_dependencies-extras.cmake
[1.180s] -- Up-to-date: /home/locobot/Documents/kobuki/install/share/ecl_sigslots_lite/cmake/ecl_sigslots_liteConfig.cmake
[1.180s] -- Up-to-date: /home/locobot/Documents/kobuki/install/share/ecl_sigslots_lite/cmake/ecl_sigslots_liteConfig-version.cmake
[1.180s] -- Up-to-date: /home/locobot/Documents/kobuki/install/share/ecl_sigslots_lite/package.xml
[1.180s] -- Up-to-date: /home/locobot/Documents/kobuki/install/include/ecl/sigslots_lite.hpp
[1.180s] -- Up-to-date: /home/locobot/Documents/kobuki/install/include/ecl/sigslots_lite/connect.hpp
[1.181s] -- Up-to-date: /home/locobot/Documents/kobuki/install/include/ecl/sigslots_lite/errors.hpp
[1.181s] -- Up-to-date: /home/locobot/Documents/kobuki/install/include/ecl/sigslots_lite/managers.hpp
[1.181s] -- Up-to-date: /home/locobot/Documents/kobuki/install/include/ecl/sigslots_lite/signal.hpp
[1.181s] -- Up-to-date: /home/locobot/Documents/kobuki/install/include/ecl/sigslots_lite/slot.hpp
[1.181s] -- Up-to-date: /home/locobot/Documents/kobuki/install/include/ecl/sigslots_lite/utilities.hpp
[1.181s] -- Up-to-date: /home/locobot/Documents/kobuki/install/lib/ecl_sigslots_lite/demo_sigslots_lite
[1.184s] Invoked command in '/home/locobot/Documents/kobuki/build/ecl_sigslots_lite' returned '0': AMENT_PREFIX_PATH=/home/locobot/Documents/kobuki/install CMAKE_PREFIX_PATH=/home/locobot/Documents/kobuki/install LD_LIBRARY_PATH=/home/locobot/Documents/kobuki/install/lib PATH=/home/locobot/Documents/kobuki/install/bin:${PATH} PYTHONPATH=/home/locobot/Documents/kobuki/install/lib/python3.8/site-packages /usr/bin/cmake --install /home/locobot/Documents/kobuki/build/ecl_sigslots_lite
