[0.058s] Invoking command in '/home/locobot/Documents/kobuki/build/ament_cmake_export_libraries': AMENT_PREFIX_PATH=/home/locobot/Documents/kobuki/install CMAKE_PREFIX_PATH=/home/locobot/Documents/kobuki/install PATH=/home/locobot/Documents/kobuki/install/bin:${PATH} PYTHONPATH=/home/locobot/Documents/kobuki/install/lib/python3.8/site-packages /usr/bin/cmake /home/locobot/Documents/kobuki/src/ament_cmake/ament_cmake_export_libraries -DBUILD_TESTING=OFF -DCMAKE_INSTALL_PREFIX=/home/locobot/Documents/kobuki/install
[0.081s] -- Found ament_cmake_core: 0.9.12 (/home/locobot/Documents/kobuki/install/share/ament_cmake_core/cmake)
[0.111s] -- Found PythonInterp: /usr/bin/python3 (found suitable version "3.8.10", minimum required is "3") 
[0.111s] -- Using PYTHON_EXECUTABLE: /usr/bin/python3
[0.576s] -- Configuring done
[0.583s] -- Generating done
[0.584s] -- Build files have been written to: /home/locobot/Documents/kobuki/build/ament_cmake_export_libraries
[0.584s] Invoked command in '/home/locobot/Documents/kobuki/build/ament_cmake_export_libraries' returned '0': AMENT_PREFIX_PATH=/home/locobot/Documents/kobuki/install CMAKE_PREFIX_PATH=/home/locobot/Documents/kobuki/install PATH=/home/locobot/Documents/kobuki/install/bin:${PATH} PYTHONPATH=/home/locobot/Documents/kobuki/install/lib/python3.8/site-packages /usr/bin/cmake /home/locobot/Documents/kobuki/src/ament_cmake/ament_cmake_export_libraries -DBUILD_TESTING=OFF -DCMAKE_INSTALL_PREFIX=/home/locobot/Documents/kobuki/install
[0.590s] Invoking command in '/home/locobot/Documents/kobuki/build/ament_cmake_export_libraries': AMENT_PREFIX_PATH=/home/locobot/Documents/kobuki/install CMAKE_PREFIX_PATH=/home/locobot/Documents/kobuki/install PATH=/home/locobot/Documents/kobuki/install/bin:${PATH} PYTHONPATH=/home/locobot/Documents/kobuki/install/lib/python3.8/site-packages /usr/bin/cmake --build /home/locobot/Documents/kobuki/build/ament_cmake_export_libraries -- -j4 -l4
[0.866s] Invoked command in '/home/locobot/Documents/kobuki/build/ament_cmake_export_libraries' returned '0': AMENT_PREFIX_PATH=/home/locobot/Documents/kobuki/install CMAKE_PREFIX_PATH=/home/locobot/Documents/kobuki/install PATH=/home/locobot/Documents/kobuki/install/bin:${PATH} PYTHONPATH=/home/locobot/Documents/kobuki/install/lib/python3.8/site-packages /usr/bin/cmake --build /home/locobot/Documents/kobuki/build/ament_cmake_export_libraries -- -j4 -l4
[0.867s] Invoking command in '/home/locobot/Documents/kobuki/build/ament_cmake_export_libraries': AMENT_PREFIX_PATH=/home/locobot/Documents/kobuki/install CMAKE_PREFIX_PATH=/home/locobot/Documents/kobuki/install PATH=/home/locobot/Documents/kobuki/install/bin:${PATH} PYTHONPATH=/home/locobot/Documents/kobuki/install/lib/python3.8/site-packages /usr/bin/cmake --install /home/locobot/Documents/kobuki/build/ament_cmake_export_libraries
[0.890s] -- Install configuration: ""
[0.891s] -- Installing: /home/locobot/Documents/kobuki/install/share/ament_index/resource_index/package_run_dependencies/ament_cmake_export_libraries
[0.893s] -- Installing: /home/locobot/Documents/kobuki/install/share/ament_index/resource_index/parent_prefix_path/ament_cmake_export_libraries
[0.894s] -- Installing: /home/locobot/Documents/kobuki/install/share/ament_cmake_export_libraries/environment/ament_prefix_path.sh
[0.894s] -- Installing: /home/locobot/Documents/kobuki/install/share/ament_cmake_export_libraries/environment/ament_prefix_path.dsv
[0.895s] -- Installing: /home/locobot/Documents/kobuki/install/share/ament_cmake_export_libraries/environment/path.sh
[0.895s] -- Installing: /home/locobot/Documents/kobuki/install/share/ament_cmake_export_libraries/environment/path.dsv
[0.901s] -- Installing: /home/locobot/Documents/kobuki/install/share/ament_cmake_export_libraries/local_setup.bash
[0.902s] -- Installing: /home/locobot/Documents/kobuki/install/share/ament_cmake_export_libraries/local_setup.sh
[0.902s] -- Installing: /home/locobot/Documents/kobuki/install/share/ament_cmake_export_libraries/local_setup.zsh
[0.903s] -- Installing: /home/locobot/Documents/kobuki/install/share/ament_cmake_export_libraries/local_setup.dsv
[0.903s] -- Installing: /home/locobot/Documents/kobuki/install/share/ament_cmake_export_libraries/package.dsv
[0.904s] -- Installing: /home/locobot/Documents/kobuki/install/share/ament_index/resource_index/packages/ament_cmake_export_libraries
[0.904s] -- Installing: /home/locobot/Documents/kobuki/install/share/ament_cmake_export_libraries/cmake/ament_cmake_export_libraries-extras.cmake
[0.905s] -- Installing: /home/locobot/Documents/kobuki/install/share/ament_cmake_export_libraries/cmake/ament_cmake_export_librariesConfig.cmake
[0.905s] -- Installing: /home/locobot/Documents/kobuki/install/share/ament_cmake_export_libraries/cmake/ament_cmake_export_librariesConfig-version.cmake
[0.906s] -- Installing: /home/locobot/Documents/kobuki/install/share/ament_cmake_export_libraries/package.xml
[0.907s] -- Up-to-date: /home/locobot/Documents/kobuki/install/share/ament_cmake_export_libraries/cmake
[0.907s] -- Installing: /home/locobot/Documents/kobuki/install/share/ament_cmake_export_libraries/cmake/ament_cmake_export_libraries-extras.cmake.in
[0.907s] -- Installing: /home/locobot/Documents/kobuki/install/share/ament_cmake_export_libraries/cmake/ament_export_library_names.cmake
[0.908s] -- Installing: /home/locobot/Documents/kobuki/install/share/ament_cmake_export_libraries/cmake/ament_cmake_export_libraries_package_hook.cmake
[0.908s] -- Installing: /home/locobot/Documents/kobuki/install/share/ament_cmake_export_libraries/cmake/ament_export_libraries.cmake
[0.925s] Invoked command in '/home/locobot/Documents/kobuki/build/ament_cmake_export_libraries' returned '0': AMENT_PREFIX_PATH=/home/locobot/Documents/kobuki/install CMAKE_PREFIX_PATH=/home/locobot/Documents/kobuki/install PATH=/home/locobot/Documents/kobuki/install/bin:${PATH} PYTHONPATH=/home/locobot/Documents/kobuki/install/lib/python3.8/site-packages /usr/bin/cmake --install /home/locobot/Documents/kobuki/build/ament_cmake_export_libraries
