Re-run cmake no build system arguments
-- Found ament_cmake_core: 0.9.12 (/home/locobot/Documents/kobuki/install/share/ament_cmake_core/cmake)
-- Using PYTHON_EXECUTABLE: /usr/bin/python3
-- Found ament_cmake_test: 0.9.12 (/home/locobot/Documents/kobuki/install/share/ament_cmake_test/cmake)
-- Configuring done
-- Generating done
-- Build files have been written to: /home/locobot/Documents/kobuki/build/ament_cmake_mypy
/usr/bin/cmake -S/home/locobot/Documents/kobuki/src/ament_lint/ament_cmake_mypy -B/home/locobot/Documents/kobuki/build/ament_cmake_mypy --check-build-system CMakeFiles/Makefile.cmake 0
/usr/bin/cmake -E cmake_progress_start /home/locobot/Documents/kobuki/build/ament_cmake_mypy/CMakeFiles /home/locobot/Documents/kobuki/build/ament_cmake_mypy/CMakeFiles/progress.marks
/usr/bin/make -f CMakeFiles/Makefile2 all
make[1]: Entering directory '/home/locobot/Documents/kobuki/build/ament_cmake_mypy'
make[1]: Nothing to be done for 'all'.
make[1]: Leaving directory '/home/locobot/Documents/kobuki/build/ament_cmake_mypy'
/usr/bin/cmake -E cmake_progress_start /home/locobot/Documents/kobuki/build/ament_cmake_mypy/CMakeFiles 0
-- Install configuration: ""
-- Up-to-date: /home/locobot/Documents/kobuki/install/share/ament_index/resource_index/package_run_dependencies/ament_cmake_mypy
-- Up-to-date: /home/locobot/Documents/kobuki/install/share/ament_index/resource_index/parent_prefix_path/ament_cmake_mypy
-- Up-to-date: /home/locobot/Documents/kobuki/install/share/ament_cmake_mypy/environment/ament_prefix_path.sh
-- Installing: /home/locobot/Documents/kobuki/install/share/ament_cmake_mypy/environment/ament_prefix_path.dsv
-- Up-to-date: /home/locobot/Documents/kobuki/install/share/ament_cmake_mypy/environment/path.sh
-- Installing: /home/locobot/Documents/kobuki/install/share/ament_cmake_mypy/environment/path.dsv
-- Up-to-date: /home/locobot/Documents/kobuki/install/share/ament_cmake_mypy/local_setup.bash
-- Up-to-date: /home/locobot/Documents/kobuki/install/share/ament_cmake_mypy/local_setup.sh
-- Up-to-date: /home/locobot/Documents/kobuki/install/share/ament_cmake_mypy/local_setup.zsh
-- Installing: /home/locobot/Documents/kobuki/install/share/ament_cmake_mypy/local_setup.dsv
-- Installing: /home/locobot/Documents/kobuki/install/share/ament_cmake_mypy/package.dsv
-- Up-to-date: /home/locobot/Documents/kobuki/install/share/ament_index/resource_index/packages/ament_cmake_mypy
-- Up-to-date: /home/locobot/Documents/kobuki/install/share/ament_cmake_mypy/cmake/ament_cmake_mypy-extras.cmake
-- Up-to-date: /home/locobot/Documents/kobuki/install/share/ament_cmake_mypy/cmake/ament_cmake_mypyConfig.cmake
-- Up-to-date: /home/locobot/Documents/kobuki/install/share/ament_cmake_mypy/cmake/ament_cmake_mypyConfig-version.cmake
-- Up-to-date: /home/locobot/Documents/kobuki/install/share/ament_cmake_mypy/package.xml
-- Up-to-date: /home/locobot/Documents/kobuki/install/share/ament_cmake_mypy/cmake
-- Up-to-date: /home/locobot/Documents/kobuki/install/share/ament_cmake_mypy/cmake/ament_cmake_mypy_lint_hook.cmake
-- Up-to-date: /home/locobot/Documents/kobuki/install/share/ament_cmake_mypy/cmake/ament_mypy.cmake
