[0.181s] Invoking command in '/home/locobot/Documents/kobuki/build/ament_cmake_uncrustify': AMENT_PREFIX_PATH=/home/locobot/Documents/kobuki/install CMAKE_PREFIX_PATH=/home/locobot/Documents/kobuki/install LD_LIBRARY_PATH=/home/locobot/Documents/kobuki/install/lib PATH=/home/locobot/Documents/kobuki/install/bin:${PATH} PYTHONPATH=/home/locobot/Documents/kobuki/install/lib/python3.8/site-packages /usr/bin/cmake /home/locobot/Documents/kobuki/src/ament_lint/ament_cmake_uncrustify -DBUILD_TESTING=OFF --no-warn-unused-cli -DCMAKE_INSTALL_PREFIX=/home/locobot/Documents/kobuki/install
[0.206s] Not searching for unused variables given on the command line.
[0.209s] -- Found ament_cmake_core: 0.9.12 (/home/locobot/Documents/kobuki/install/share/ament_cmake_core/cmake)
[0.254s] -- Using PYTHON_EXECUTABLE: /usr/bin/python3
[0.483s] -- Found ament_cmake_test: 0.9.12 (/home/locobot/Documents/kobuki/install/share/ament_cmake_test/cmake)
[0.652s] -- Configuring done
[0.655s] -- Generating done
[0.656s] -- Build files have been written to: /home/locobot/Documents/kobuki/build/ament_cmake_uncrustify
[0.665s] Invoked command in '/home/locobot/Documents/kobuki/build/ament_cmake_uncrustify' returned '0': AMENT_PREFIX_PATH=/home/locobot/Documents/kobuki/install CMAKE_PREFIX_PATH=/home/locobot/Documents/kobuki/install LD_LIBRARY_PATH=/home/locobot/Documents/kobuki/install/lib PATH=/home/locobot/Documents/kobuki/install/bin:${PATH} PYTHONPATH=/home/locobot/Documents/kobuki/install/lib/python3.8/site-packages /usr/bin/cmake /home/locobot/Documents/kobuki/src/ament_lint/ament_cmake_uncrustify -DBUILD_TESTING=OFF --no-warn-unused-cli -DCMAKE_INSTALL_PREFIX=/home/locobot/Documents/kobuki/install
[0.669s] Invoking command in '/home/locobot/Documents/kobuki/build/ament_cmake_uncrustify': AMENT_PREFIX_PATH=/home/locobot/Documents/kobuki/install CMAKE_PREFIX_PATH=/home/locobot/Documents/kobuki/install LD_LIBRARY_PATH=/home/locobot/Documents/kobuki/install/lib PATH=/home/locobot/Documents/kobuki/install/bin:${PATH} PYTHONPATH=/home/locobot/Documents/kobuki/install/lib/python3.8/site-packages /usr/bin/cmake --build /home/locobot/Documents/kobuki/build/ament_cmake_uncrustify -- -j4 -l4
[0.735s] Invoked command in '/home/locobot/Documents/kobuki/build/ament_cmake_uncrustify' returned '0': AMENT_PREFIX_PATH=/home/locobot/Documents/kobuki/install CMAKE_PREFIX_PATH=/home/locobot/Documents/kobuki/install LD_LIBRARY_PATH=/home/locobot/Documents/kobuki/install/lib PATH=/home/locobot/Documents/kobuki/install/bin:${PATH} PYTHONPATH=/home/locobot/Documents/kobuki/install/lib/python3.8/site-packages /usr/bin/cmake --build /home/locobot/Documents/kobuki/build/ament_cmake_uncrustify -- -j4 -l4
[0.736s] Invoking command in '/home/locobot/Documents/kobuki/build/ament_cmake_uncrustify': AMENT_PREFIX_PATH=/home/locobot/Documents/kobuki/install CMAKE_PREFIX_PATH=/home/locobot/Documents/kobuki/install LD_LIBRARY_PATH=/home/locobot/Documents/kobuki/install/lib PATH=/home/locobot/Documents/kobuki/install/bin:${PATH} PYTHONPATH=/home/locobot/Documents/kobuki/install/lib/python3.8/site-packages /usr/bin/cmake --install /home/locobot/Documents/kobuki/build/ament_cmake_uncrustify
[0.744s] -- Install configuration: ""
[0.745s] -- Up-to-date: /home/locobot/Documents/kobuki/install/share/ament_index/resource_index/package_run_dependencies/ament_cmake_uncrustify
[0.745s] -- Up-to-date: /home/locobot/Documents/kobuki/install/share/ament_index/resource_index/parent_prefix_path/ament_cmake_uncrustify
[0.745s] -- Up-to-date: /home/locobot/Documents/kobuki/install/share/ament_cmake_uncrustify/environment/ament_prefix_path.sh
[0.745s] -- Installing: /home/locobot/Documents/kobuki/install/share/ament_cmake_uncrustify/environment/ament_prefix_path.dsv
[0.745s] -- Up-to-date: /home/locobot/Documents/kobuki/install/share/ament_cmake_uncrustify/environment/path.sh
[0.745s] -- Installing: /home/locobot/Documents/kobuki/install/share/ament_cmake_uncrustify/environment/path.dsv
[0.746s] -- Up-to-date: /home/locobot/Documents/kobuki/install/share/ament_cmake_uncrustify/local_setup.bash
[0.746s] -- Up-to-date: /home/locobot/Documents/kobuki/install/share/ament_cmake_uncrustify/local_setup.sh
[0.746s] -- Up-to-date: /home/locobot/Documents/kobuki/install/share/ament_cmake_uncrustify/local_setup.zsh
[0.746s] -- Installing: /home/locobot/Documents/kobuki/install/share/ament_cmake_uncrustify/local_setup.dsv
[0.746s] -- Installing: /home/locobot/Documents/kobuki/install/share/ament_cmake_uncrustify/package.dsv
[0.746s] -- Up-to-date: /home/locobot/Documents/kobuki/install/share/ament_index/resource_index/packages/ament_cmake_uncrustify
[0.746s] -- Up-to-date: /home/locobot/Documents/kobuki/install/share/ament_cmake_uncrustify/cmake/ament_cmake_uncrustify-extras.cmake
[0.747s] -- Up-to-date: /home/locobot/Documents/kobuki/install/share/ament_cmake_uncrustify/cmake/ament_cmake_uncrustifyConfig.cmake
[0.747s] -- Up-to-date: /home/locobot/Documents/kobuki/install/share/ament_cmake_uncrustify/cmake/ament_cmake_uncrustifyConfig-version.cmake
[0.747s] -- Up-to-date: /home/locobot/Documents/kobuki/install/share/ament_cmake_uncrustify/package.xml
[0.747s] -- Up-to-date: /home/locobot/Documents/kobuki/install/share/ament_cmake_uncrustify/cmake
[0.747s] -- Up-to-date: /home/locobot/Documents/kobuki/install/share/ament_cmake_uncrustify/cmake/ament_uncrustify.cmake
[0.747s] -- Up-to-date: /home/locobot/Documents/kobuki/install/share/ament_cmake_uncrustify/cmake/ament_cmake_uncrustify_lint_hook.cmake
[0.763s] Invoked command in '/home/locobot/Documents/kobuki/build/ament_cmake_uncrustify' returned '0': AMENT_PREFIX_PATH=/home/locobot/Documents/kobuki/install CMAKE_PREFIX_PATH=/home/locobot/Documents/kobuki/install LD_LIBRARY_PATH=/home/locobot/Documents/kobuki/install/lib PATH=/home/locobot/Documents/kobuki/install/bin:${PATH} PYTHONPATH=/home/locobot/Documents/kobuki/install/lib/python3.8/site-packages /usr/bin/cmake --install /home/locobot/Documents/kobuki/build/ament_cmake_uncrustify
