Re-run cmake no build system arguments
-- Found ament_cmake_ros: 0.9.2 (/home/locobot/Documents/kobuki/install/share/ament_cmake_ros/cmake)
-- Using PYTHON_EXECUTABLE: /usr/bin/python3
-- Found ecl_build: 1.0.3 (/home/locobot/Documents/kobuki/install/share/ecl_build/cmake)
-- Found ecl_exceptions: 1.2.1 (/home/locobot/Documents/kobuki/install/share/ecl_exceptions/cmake)
-- Found ecl_formatters: 1.2.1 (/home/locobot/Documents/kobuki/install/share/ecl_formatters/cmake)
-- Found ecl_geometry: 1.2.1 (/home/locobot/Documents/kobuki/install/share/ecl_geometry/cmake)
-- Configuring done
-- Generating done
-- Build files have been written to: /home/locobot/Documents/kobuki/build/ecl_manipulators
/usr/bin/cmake -S/home/locobot/Documents/kobuki/src/ecl_core/ecl_manipulators -B/home/locobot/Documents/kobuki/build/ecl_manipulators --check-build-system CMakeFiles/Makefile.cmake 0
/usr/bin/cmake -E cmake_progress_start /home/locobot/Documents/kobuki/build/ecl_manipulators/CMakeFiles /home/locobot/Documents/kobuki/build/ecl_manipulators/CMakeFiles/progress.marks
/usr/bin/make -f CMakeFiles/Makefile2 all
make[1]: Entering directory '/home/locobot/Documents/kobuki/build/ecl_manipulators'
/usr/bin/make -f src/lib/CMakeFiles/ecl_manipulators.dir/build.make src/lib/CMakeFiles/ecl_manipulators.dir/depend
make[2]: Entering directory '/home/locobot/Documents/kobuki/build/ecl_manipulators'
cd /home/locobot/Documents/kobuki/build/ecl_manipulators && /usr/bin/cmake -E cmake_depends "Unix Makefiles" /home/locobot/Documents/kobuki/src/ecl_core/ecl_manipulators /home/locobot/Documents/kobuki/src/ecl_core/ecl_manipulators/src/lib /home/locobot/Documents/kobuki/build/ecl_manipulators /home/locobot/Documents/kobuki/build/ecl_manipulators/src/lib /home/locobot/Documents/kobuki/build/ecl_manipulators/src/lib/CMakeFiles/ecl_manipulators.dir/DependInfo.cmake --color=
make[2]: Leaving directory '/home/locobot/Documents/kobuki/build/ecl_manipulators'
/usr/bin/make -f src/lib/CMakeFiles/ecl_manipulators.dir/build.make src/lib/CMakeFiles/ecl_manipulators.dir/build
make[2]: Entering directory '/home/locobot/Documents/kobuki/build/ecl_manipulators'
make[2]: Nothing to be done for 'src/lib/CMakeFiles/ecl_manipulators.dir/build'.
make[2]: Leaving directory '/home/locobot/Documents/kobuki/build/ecl_manipulators'
[100%] Built target ecl_manipulators
make[1]: Leaving directory '/home/locobot/Documents/kobuki/build/ecl_manipulators'
/usr/bin/cmake -E cmake_progress_start /home/locobot/Documents/kobuki/build/ecl_manipulators/CMakeFiles 0
-- Install configuration: ""
-- Up-to-date: /home/locobot/Documents/kobuki/install/share/ecl_manipulators/scripts
-- Up-to-date: /home/locobot/Documents/kobuki/install/share/ecl_manipulators/scripts/Makefile
-- Up-to-date: /home/locobot/Documents/kobuki/install/share/ecl_manipulators/scripts/linear.x11
-- Up-to-date: /home/locobot/Documents/kobuki/install/share/ecl_manipulators/scripts/tension.x11
-- Up-to-date: /home/locobot/Documents/kobuki/install/share/ecl_manipulators/environment/library_path.sh
-- Installing: /home/locobot/Documents/kobuki/install/share/ecl_manipulators/environment/library_path.dsv
-- Up-to-date: /home/locobot/Documents/kobuki/install/share/ament_index/resource_index/package_run_dependencies/ecl_manipulators
-- Up-to-date: /home/locobot/Documents/kobuki/install/share/ament_index/resource_index/parent_prefix_path/ecl_manipulators
-- Up-to-date: /home/locobot/Documents/kobuki/install/share/ecl_manipulators/environment/ament_prefix_path.sh
-- Installing: /home/locobot/Documents/kobuki/install/share/ecl_manipulators/environment/ament_prefix_path.dsv
-- Up-to-date: /home/locobot/Documents/kobuki/install/share/ecl_manipulators/environment/path.sh
-- Installing: /home/locobot/Documents/kobuki/install/share/ecl_manipulators/environment/path.dsv
-- Up-to-date: /home/locobot/Documents/kobuki/install/share/ecl_manipulators/local_setup.bash
-- Up-to-date: /home/locobot/Documents/kobuki/install/share/ecl_manipulators/local_setup.sh
-- Up-to-date: /home/locobot/Documents/kobuki/install/share/ecl_manipulators/local_setup.zsh
-- Installing: /home/locobot/Documents/kobuki/install/share/ecl_manipulators/local_setup.dsv
-- Installing: /home/locobot/Documents/kobuki/install/share/ecl_manipulators/package.dsv
-- Up-to-date: /home/locobot/Documents/kobuki/install/share/ament_index/resource_index/packages/ecl_manipulators
-- Up-to-date: /home/locobot/Documents/kobuki/install/share/ecl_manipulators/cmake/ecl_manipulatorsExport.cmake
-- Installing: /home/locobot/Documents/kobuki/install/share/ecl_manipulators/cmake/ecl_manipulatorsExport-noconfig.cmake
-- Up-to-date: /home/locobot/Documents/kobuki/install/share/ecl_manipulators/cmake/ament_cmake_export_targets-extras.cmake
-- Up-to-date: /home/locobot/Documents/kobuki/install/share/ecl_manipulators/cmake/ament_cmake_export_include_directories-extras.cmake
-- Up-to-date: /home/locobot/Documents/kobuki/install/share/ecl_manipulators/cmake/ament_cmake_export_libraries-extras.cmake
-- Up-to-date: /home/locobot/Documents/kobuki/install/share/ecl_manipulators/cmake/ament_cmake_export_dependencies-extras.cmake
-- Up-to-date: /home/locobot/Documents/kobuki/install/share/ecl_manipulators/cmake/ecl_manipulatorsConfig.cmake
-- Up-to-date: /home/locobot/Documents/kobuki/install/share/ecl_manipulators/cmake/ecl_manipulatorsConfig-version.cmake
-- Up-to-date: /home/locobot/Documents/kobuki/install/share/ecl_manipulators/package.xml
-- Up-to-date: /home/locobot/Documents/kobuki/install/include/ecl/manipulators.hpp
-- Up-to-date: /home/locobot/Documents/kobuki/install/include/ecl/manipulators/trajectory.hpp
-- Up-to-date: /home/locobot/Documents/kobuki/install/include/ecl/manipulators/types.hpp
-- Up-to-date: /home/locobot/Documents/kobuki/install/include/ecl/manipulators/waypoint.hpp
-- Up-to-date: /home/locobot/Documents/kobuki/install/lib/libecl_manipulators.so.1.2.1
-- Up-to-date: /home/locobot/Documents/kobuki/install/lib/libecl_manipulators.so
