[0.625s] Invoking command in '/home/locobot/Documents/kobuki/build/ecl_manipulators': AMENT_PREFIX_PATH=/home/locobot/Documents/kobuki/install CMAKE_PREFIX_PATH=/home/locobot/Documents/kobuki/install LD_LIBRARY_PATH=/home/locobot/Documents/kobuki/install/lib PATH=/home/locobot/Documents/kobuki/install/bin:${PATH} PKG_CONFIG_PATH=/home/locobot/Documents/kobuki/install/lib/x86_64-linux-gnu/pkgconfig:/home/locobot/Documents/kobuki/install/lib/pkgconfig PYTHONPATH=/home/locobot/Documents/kobuki/install/lib/python3.8/site-packages /usr/bin/cmake /home/locobot/Documents/kobuki/src/ecl_core/ecl_manipulators -DBUILD_TESTING=OFF -DCMAKE_INSTALL_PREFIX=/home/locobot/Documents/kobuki/install
[0.648s] Re-run cmake no build system arguments
[0.654s] -- Found ament_cmake_ros: 0.9.2 (/home/locobot/Documents/kobuki/install/share/ament_cmake_ros/cmake)
[0.701s] -- Using PYTHON_EXECUTABLE: /usr/bin/python3
[0.943s] -- Found ecl_build: 1.0.3 (/home/locobot/Documents/kobuki/install/share/ecl_build/cmake)
[0.953s] -- Found ecl_exceptions: 1.2.1 (/home/locobot/Documents/kobuki/install/share/ecl_exceptions/cmake)
[0.972s] -- Found ecl_formatters: 1.2.1 (/home/locobot/Documents/kobuki/install/share/ecl_formatters/cmake)
[1.022s] -- Found ecl_geometry: 1.2.1 (/home/locobot/Documents/kobuki/install/share/ecl_geometry/cmake)
[1.195s] -- Configuring done
[1.208s] -- Generating done
[1.215s] -- Build files have been written to: /home/locobot/Documents/kobuki/build/ecl_manipulators
[1.225s] Invoked command in '/home/locobot/Documents/kobuki/build/ecl_manipulators' returned '0': AMENT_PREFIX_PATH=/home/locobot/Documents/kobuki/install CMAKE_PREFIX_PATH=/home/locobot/Documents/kobuki/install LD_LIBRARY_PATH=/home/locobot/Documents/kobuki/install/lib PATH=/home/locobot/Documents/kobuki/install/bin:${PATH} PKG_CONFIG_PATH=/home/locobot/Documents/kobuki/install/lib/x86_64-linux-gnu/pkgconfig:/home/locobot/Documents/kobuki/install/lib/pkgconfig PYTHONPATH=/home/locobot/Documents/kobuki/install/lib/python3.8/site-packages /usr/bin/cmake /home/locobot/Documents/kobuki/src/ecl_core/ecl_manipulators -DBUILD_TESTING=OFF -DCMAKE_INSTALL_PREFIX=/home/locobot/Documents/kobuki/install
[1.226s] Invoking command in '/home/locobot/Documents/kobuki/build/ecl_manipulators': AMENT_PREFIX_PATH=/home/locobot/Documents/kobuki/install CMAKE_PREFIX_PATH=/home/locobot/Documents/kobuki/install LD_LIBRARY_PATH=/home/locobot/Documents/kobuki/install/lib PATH=/home/locobot/Documents/kobuki/install/bin:${PATH} PKG_CONFIG_PATH=/home/locobot/Documents/kobuki/install/lib/x86_64-linux-gnu/pkgconfig:/home/locobot/Documents/kobuki/install/lib/pkgconfig PYTHONPATH=/home/locobot/Documents/kobuki/install/lib/python3.8/site-packages /usr/bin/cmake --build /home/locobot/Documents/kobuki/build/ecl_manipulators -- -j4 -l4
[1.254s] /usr/bin/cmake -S/home/locobot/Documents/kobuki/src/ecl_core/ecl_manipulators -B/home/locobot/Documents/kobuki/build/ecl_manipulators --check-build-system CMakeFiles/Makefile.cmake 0
[1.268s] /usr/bin/cmake -E cmake_progress_start /home/locobot/Documents/kobuki/build/ecl_manipulators/CMakeFiles /home/locobot/Documents/kobuki/build/ecl_manipulators/CMakeFiles/progress.marks
[1.279s] /usr/bin/make -f CMakeFiles/Makefile2 all
[1.281s] make[1]: Entering directory '/home/locobot/Documents/kobuki/build/ecl_manipulators'
[1.281s] /usr/bin/make -f src/lib/CMakeFiles/ecl_manipulators.dir/build.make src/lib/CMakeFiles/ecl_manipulators.dir/depend
[1.285s] make[2]: Entering directory '/home/locobot/Documents/kobuki/build/ecl_manipulators'
[1.285s] cd /home/locobot/Documents/kobuki/build/ecl_manipulators && /usr/bin/cmake -E cmake_depends "Unix Makefiles" /home/locobot/Documents/kobuki/src/ecl_core/ecl_manipulators /home/locobot/Documents/kobuki/src/ecl_core/ecl_manipulators/src/lib /home/locobot/Documents/kobuki/build/ecl_manipulators /home/locobot/Documents/kobuki/build/ecl_manipulators/src/lib /home/locobot/Documents/kobuki/build/ecl_manipulators/src/lib/CMakeFiles/ecl_manipulators.dir/DependInfo.cmake --color=
[1.301s] make[2]: Leaving directory '/home/locobot/Documents/kobuki/build/ecl_manipulators'
[1.301s] /usr/bin/make -f src/lib/CMakeFiles/ecl_manipulators.dir/build.make src/lib/CMakeFiles/ecl_manipulators.dir/build
[1.313s] make[2]: Entering directory '/home/locobot/Documents/kobuki/build/ecl_manipulators'
[1.313s] make[2]: Nothing to be done for 'src/lib/CMakeFiles/ecl_manipulators.dir/build'.
[1.313s] make[2]: Leaving directory '/home/locobot/Documents/kobuki/build/ecl_manipulators'
[1.326s] [100%] Built target ecl_manipulators
[1.327s] make[1]: Leaving directory '/home/locobot/Documents/kobuki/build/ecl_manipulators'
[1.327s] /usr/bin/cmake -E cmake_progress_start /home/locobot/Documents/kobuki/build/ecl_manipulators/CMakeFiles 0
[1.344s] Invoked command in '/home/locobot/Documents/kobuki/build/ecl_manipulators' returned '0': AMENT_PREFIX_PATH=/home/locobot/Documents/kobuki/install CMAKE_PREFIX_PATH=/home/locobot/Documents/kobuki/install LD_LIBRARY_PATH=/home/locobot/Documents/kobuki/install/lib PATH=/home/locobot/Documents/kobuki/install/bin:${PATH} PKG_CONFIG_PATH=/home/locobot/Documents/kobuki/install/lib/x86_64-linux-gnu/pkgconfig:/home/locobot/Documents/kobuki/install/lib/pkgconfig PYTHONPATH=/home/locobot/Documents/kobuki/install/lib/python3.8/site-packages /usr/bin/cmake --build /home/locobot/Documents/kobuki/build/ecl_manipulators -- -j4 -l4
[1.348s] Invoking command in '/home/locobot/Documents/kobuki/build/ecl_manipulators': AMENT_PREFIX_PATH=/home/locobot/Documents/kobuki/install CMAKE_PREFIX_PATH=/home/locobot/Documents/kobuki/install LD_LIBRARY_PATH=/home/locobot/Documents/kobuki/install/lib PATH=/home/locobot/Documents/kobuki/install/bin:${PATH} PKG_CONFIG_PATH=/home/locobot/Documents/kobuki/install/lib/x86_64-linux-gnu/pkgconfig:/home/locobot/Documents/kobuki/install/lib/pkgconfig PYTHONPATH=/home/locobot/Documents/kobuki/install/lib/python3.8/site-packages /usr/bin/cmake --install /home/locobot/Documents/kobuki/build/ecl_manipulators
[1.360s] -- Install configuration: ""
[1.360s] -- Up-to-date: /home/locobot/Documents/kobuki/install/share/ecl_manipulators/scripts
[1.367s] -- Up-to-date: /home/locobot/Documents/kobuki/install/share/ecl_manipulators/scripts/Makefile
[1.367s] -- Up-to-date: /home/locobot/Documents/kobuki/install/share/ecl_manipulators/scripts/linear.x11
[1.368s] -- Up-to-date: /home/locobot/Documents/kobuki/install/share/ecl_manipulators/scripts/tension.x11
[1.368s] -- Up-to-date: /home/locobot/Documents/kobuki/install/share/ecl_manipulators/environment/library_path.sh
[1.368s] -- Installing: /home/locobot/Documents/kobuki/install/share/ecl_manipulators/environment/library_path.dsv
[1.369s] -- Up-to-date: /home/locobot/Documents/kobuki/install/share/ament_index/resource_index/package_run_dependencies/ecl_manipulators
[1.369s] -- Up-to-date: /home/locobot/Documents/kobuki/install/share/ament_index/resource_index/parent_prefix_path/ecl_manipulators
[1.375s] -- Up-to-date: /home/locobot/Documents/kobuki/install/share/ecl_manipulators/environment/ament_prefix_path.sh
[1.375s] -- Installing: /home/locobot/Documents/kobuki/install/share/ecl_manipulators/environment/ament_prefix_path.dsv
[1.377s] -- Up-to-date: /home/locobot/Documents/kobuki/install/share/ecl_manipulators/environment/path.sh
[1.378s] -- Installing: /home/locobot/Documents/kobuki/install/share/ecl_manipulators/environment/path.dsv
[1.378s] -- Up-to-date: /home/locobot/Documents/kobuki/install/share/ecl_manipulators/local_setup.bash
[1.378s] -- Up-to-date: /home/locobot/Documents/kobuki/install/share/ecl_manipulators/local_setup.sh
[1.379s] -- Up-to-date: /home/locobot/Documents/kobuki/install/share/ecl_manipulators/local_setup.zsh
[1.379s] -- Installing: /home/locobot/Documents/kobuki/install/share/ecl_manipulators/local_setup.dsv
[1.379s] -- Installing: /home/locobot/Documents/kobuki/install/share/ecl_manipulators/package.dsv
[1.379s] -- Up-to-date: /home/locobot/Documents/kobuki/install/share/ament_index/resource_index/packages/ecl_manipulators
[1.379s] -- Up-to-date: /home/locobot/Documents/kobuki/install/share/ecl_manipulators/cmake/ecl_manipulatorsExport.cmake
[1.380s] -- Installing: /home/locobot/Documents/kobuki/install/share/ecl_manipulators/cmake/ecl_manipulatorsExport-noconfig.cmake
[1.380s] -- Up-to-date: /home/locobot/Documents/kobuki/install/share/ecl_manipulators/cmake/ament_cmake_export_targets-extras.cmake
[1.380s] -- Up-to-date: /home/locobot/Documents/kobuki/install/share/ecl_manipulators/cmake/ament_cmake_export_include_directories-extras.cmake
[1.380s] -- Up-to-date: /home/locobot/Documents/kobuki/install/share/ecl_manipulators/cmake/ament_cmake_export_libraries-extras.cmake
[1.380s] -- Up-to-date: /home/locobot/Documents/kobuki/install/share/ecl_manipulators/cmake/ament_cmake_export_dependencies-extras.cmake
[1.381s] -- Up-to-date: /home/locobot/Documents/kobuki/install/share/ecl_manipulators/cmake/ecl_manipulatorsConfig.cmake
[1.381s] -- Up-to-date: /home/locobot/Documents/kobuki/install/share/ecl_manipulators/cmake/ecl_manipulatorsConfig-version.cmake
[1.381s] -- Up-to-date: /home/locobot/Documents/kobuki/install/share/ecl_manipulators/package.xml
[1.381s] -- Up-to-date: /home/locobot/Documents/kobuki/install/include/ecl/manipulators.hpp
[1.381s] -- Up-to-date: /home/locobot/Documents/kobuki/install/include/ecl/manipulators/trajectory.hpp
[1.381s] -- Up-to-date: /home/locobot/Documents/kobuki/install/include/ecl/manipulators/types.hpp
[1.382s] -- Up-to-date: /home/locobot/Documents/kobuki/install/include/ecl/manipulators/waypoint.hpp
[1.382s] -- Up-to-date: /home/locobot/Documents/kobuki/install/lib/libecl_manipulators.so.1.2.1
[1.382s] -- Up-to-date: /home/locobot/Documents/kobuki/install/lib/libecl_manipulators.so
[1.396s] Invoked command in '/home/locobot/Documents/kobuki/build/ecl_manipulators' returned '0': AMENT_PREFIX_PATH=/home/locobot/Documents/kobuki/install CMAKE_PREFIX_PATH=/home/locobot/Documents/kobuki/install LD_LIBRARY_PATH=/home/locobot/Documents/kobuki/install/lib PATH=/home/locobot/Documents/kobuki/install/bin:${PATH} PKG_CONFIG_PATH=/home/locobot/Documents/kobuki/install/lib/x86_64-linux-gnu/pkgconfig:/home/locobot/Documents/kobuki/install/lib/pkgconfig PYTHONPATH=/home/locobot/Documents/kobuki/install/lib/python3.8/site-packages /usr/bin/cmake --install /home/locobot/Documents/kobuki/build/ecl_manipulators
