[0.105s] Invoking command in '/home/locobot/Documents/kobuki/build/ament_cmake_auto': AMENT_PREFIX_PATH=/home/locobot/Documents/kobuki/install CMAKE_PREFIX_PATH=/home/locobot/Documents/kobuki/install LD_LIBRARY_PATH=/home/locobot/Documents/kobuki/install/lib PATH=/home/locobot/Documents/kobuki/install/bin:${PATH} PYTHONPATH=/home/locobot/Documents/kobuki/install/lib/python3.8/site-packages /usr/bin/cmake /home/locobot/Documents/kobuki/src/ament_cmake/ament_cmake_auto -DBUILD_TESTING=OFF --no-warn-unused-cli -DCMAKE_INSTALL_PREFIX=/home/locobot/Documents/kobuki/install
[0.118s] Not searching for unused variables given on the command line.
[0.121s] -- Found ament_cmake: 0.9.12 (/home/locobot/Documents/kobuki/install/share/ament_cmake/cmake)
[0.157s] -- Using PYTHON_EXECUTABLE: /usr/bin/python3
[0.648s] -- Configuring done
[0.651s] -- Generating done
[0.653s] -- Build files have been written to: /home/locobot/Documents/kobuki/build/ament_cmake_auto
[0.675s] Invoked command in '/home/locobot/Documents/kobuki/build/ament_cmake_auto' returned '0': AMENT_PREFIX_PATH=/home/locobot/Documents/kobuki/install CMAKE_PREFIX_PATH=/home/locobot/Documents/kobuki/install LD_LIBRARY_PATH=/home/locobot/Documents/kobuki/install/lib PATH=/home/locobot/Documents/kobuki/install/bin:${PATH} PYTHONPATH=/home/locobot/Documents/kobuki/install/lib/python3.8/site-packages /usr/bin/cmake /home/locobot/Documents/kobuki/src/ament_cmake/ament_cmake_auto -DBUILD_TESTING=OFF --no-warn-unused-cli -DCMAKE_INSTALL_PREFIX=/home/locobot/Documents/kobuki/install
[0.677s] Invoking command in '/home/locobot/Documents/kobuki/build/ament_cmake_auto': AMENT_PREFIX_PATH=/home/locobot/Documents/kobuki/install CMAKE_PREFIX_PATH=/home/locobot/Documents/kobuki/install LD_LIBRARY_PATH=/home/locobot/Documents/kobuki/install/lib PATH=/home/locobot/Documents/kobuki/install/bin:${PATH} PYTHONPATH=/home/locobot/Documents/kobuki/install/lib/python3.8/site-packages /usr/bin/cmake --build /home/locobot/Documents/kobuki/build/ament_cmake_auto -- -j4 -l4
[0.728s] Invoked command in '/home/locobot/Documents/kobuki/build/ament_cmake_auto' returned '0': AMENT_PREFIX_PATH=/home/locobot/Documents/kobuki/install CMAKE_PREFIX_PATH=/home/locobot/Documents/kobuki/install LD_LIBRARY_PATH=/home/locobot/Documents/kobuki/install/lib PATH=/home/locobot/Documents/kobuki/install/bin:${PATH} PYTHONPATH=/home/locobot/Documents/kobuki/install/lib/python3.8/site-packages /usr/bin/cmake --build /home/locobot/Documents/kobuki/build/ament_cmake_auto -- -j4 -l4
[0.732s] Invoking command in '/home/locobot/Documents/kobuki/build/ament_cmake_auto': AMENT_PREFIX_PATH=/home/locobot/Documents/kobuki/install CMAKE_PREFIX_PATH=/home/locobot/Documents/kobuki/install LD_LIBRARY_PATH=/home/locobot/Documents/kobuki/install/lib PATH=/home/locobot/Documents/kobuki/install/bin:${PATH} PYTHONPATH=/home/locobot/Documents/kobuki/install/lib/python3.8/site-packages /usr/bin/cmake --install /home/locobot/Documents/kobuki/build/ament_cmake_auto
[0.778s] -- Install configuration: ""
[0.779s] -- Up-to-date: /home/locobot/Documents/kobuki/install/share/ament_index/resource_index/package_run_dependencies/ament_cmake_auto
[0.779s] -- Up-to-date: /home/locobot/Documents/kobuki/install/share/ament_index/resource_index/parent_prefix_path/ament_cmake_auto
[0.779s] -- Up-to-date: /home/locobot/Documents/kobuki/install/share/ament_cmake_auto/environment/ament_prefix_path.sh
[0.779s] -- Installing: /home/locobot/Documents/kobuki/install/share/ament_cmake_auto/environment/ament_prefix_path.dsv
[0.779s] -- Up-to-date: /home/locobot/Documents/kobuki/install/share/ament_cmake_auto/environment/path.sh
[0.779s] -- Installing: /home/locobot/Documents/kobuki/install/share/ament_cmake_auto/environment/path.dsv
[0.779s] -- Up-to-date: /home/locobot/Documents/kobuki/install/share/ament_cmake_auto/local_setup.bash
[0.780s] -- Up-to-date: /home/locobot/Documents/kobuki/install/share/ament_cmake_auto/local_setup.sh
[0.780s] -- Up-to-date: /home/locobot/Documents/kobuki/install/share/ament_cmake_auto/local_setup.zsh
[0.780s] -- Installing: /home/locobot/Documents/kobuki/install/share/ament_cmake_auto/local_setup.dsv
[0.780s] -- Installing: /home/locobot/Documents/kobuki/install/share/ament_cmake_auto/package.dsv
[0.780s] -- Up-to-date: /home/locobot/Documents/kobuki/install/share/ament_index/resource_index/packages/ament_cmake_auto
[0.780s] -- Up-to-date: /home/locobot/Documents/kobuki/install/share/ament_cmake_auto/cmake/ament_cmake_auto-extras.cmake
[0.780s] -- Up-to-date: /home/locobot/Documents/kobuki/install/share/ament_cmake_auto/cmake/ament_cmake_autoConfig.cmake
[0.780s] -- Up-to-date: /home/locobot/Documents/kobuki/install/share/ament_cmake_auto/cmake/ament_cmake_autoConfig-version.cmake
[0.780s] -- Up-to-date: /home/locobot/Documents/kobuki/install/share/ament_cmake_auto/package.xml
[0.780s] -- Up-to-date: /home/locobot/Documents/kobuki/install/share/ament_cmake_auto/cmake
[0.781s] -- Up-to-date: /home/locobot/Documents/kobuki/install/share/ament_cmake_auto/cmake/ament_auto_add_executable.cmake
[0.790s] -- Up-to-date: /home/locobot/Documents/kobuki/install/share/ament_cmake_auto/cmake/ament_auto_add_library.cmake
[0.790s] -- Up-to-date: /home/locobot/Documents/kobuki/install/share/ament_cmake_auto/cmake/ament_auto_generate_code.cmake
[0.790s] -- Up-to-date: /home/locobot/Documents/kobuki/install/share/ament_cmake_auto/cmake/ament_auto_package.cmake
[0.790s] -- Up-to-date: /home/locobot/Documents/kobuki/install/share/ament_cmake_auto/cmake/ament_auto_find_build_dependencies.cmake
[0.793s] Invoked command in '/home/locobot/Documents/kobuki/build/ament_cmake_auto' returned '0': AMENT_PREFIX_PATH=/home/locobot/Documents/kobuki/install CMAKE_PREFIX_PATH=/home/locobot/Documents/kobuki/install LD_LIBRARY_PATH=/home/locobot/Documents/kobuki/install/lib PATH=/home/locobot/Documents/kobuki/install/bin:${PATH} PYTHONPATH=/home/locobot/Documents/kobuki/install/lib/python3.8/site-packages /usr/bin/cmake --install /home/locobot/Documents/kobuki/build/ament_cmake_auto
