[0.304s] Invoking command in '/home/locobot/Documents/kobuki/build/ament_cmake_clang_format': AMENT_PREFIX_PATH=/home/locobot/Documents/kobuki/install CMAKE_PREFIX_PATH=/home/locobot/Documents/kobuki/install PATH=/home/locobot/Documents/kobuki/install/bin:${PATH} PYTHONPATH=/home/locobot/Documents/kobuki/install/lib/python3.8/site-packages /usr/bin/cmake /home/locobot/Documents/kobuki/src/ament_lint/ament_cmake_clang_format -DBUILD_TESTING=OFF -DCMAKE_INSTALL_PREFIX=/home/locobot/Documents/kobuki/install
[0.422s] -- Found ament_cmake_core: 0.9.12 (/home/locobot/Documents/kobuki/install/share/ament_cmake_core/cmake)
[0.461s] -- Found PythonInterp: /usr/bin/python3 (found suitable version "3.8.10", minimum required is "3") 
[0.462s] -- Using PYTHON_EXECUTABLE: /usr/bin/python3
[0.799s] -- Found ament_cmake_test: 0.9.12 (/home/locobot/Documents/kobuki/install/share/ament_cmake_test/cmake)
[1.001s] -- Configuring done
[1.004s] -- Generating done
[1.006s] -- Build files have been written to: /home/locobot/Documents/kobuki/build/ament_cmake_clang_format
[1.098s] Invoked command in '/home/locobot/Documents/kobuki/build/ament_cmake_clang_format' returned '0': AMENT_PREFIX_PATH=/home/locobot/Documents/kobuki/install CMAKE_PREFIX_PATH=/home/locobot/Documents/kobuki/install PATH=/home/locobot/Documents/kobuki/install/bin:${PATH} PYTHONPATH=/home/locobot/Documents/kobuki/install/lib/python3.8/site-packages /usr/bin/cmake /home/locobot/Documents/kobuki/src/ament_lint/ament_cmake_clang_format -DBUILD_TESTING=OFF -DCMAKE_INSTALL_PREFIX=/home/locobot/Documents/kobuki/install
[1.115s] Invoking command in '/home/locobot/Documents/kobuki/build/ament_cmake_clang_format': AMENT_PREFIX_PATH=/home/locobot/Documents/kobuki/install CMAKE_PREFIX_PATH=/home/locobot/Documents/kobuki/install PATH=/home/locobot/Documents/kobuki/install/bin:${PATH} PYTHONPATH=/home/locobot/Documents/kobuki/install/lib/python3.8/site-packages /usr/bin/cmake --build /home/locobot/Documents/kobuki/build/ament_cmake_clang_format -- -j4 -l4
[1.196s] Invoked command in '/home/locobot/Documents/kobuki/build/ament_cmake_clang_format' returned '0': AMENT_PREFIX_PATH=/home/locobot/Documents/kobuki/install CMAKE_PREFIX_PATH=/home/locobot/Documents/kobuki/install PATH=/home/locobot/Documents/kobuki/install/bin:${PATH} PYTHONPATH=/home/locobot/Documents/kobuki/install/lib/python3.8/site-packages /usr/bin/cmake --build /home/locobot/Documents/kobuki/build/ament_cmake_clang_format -- -j4 -l4
[1.215s] Invoking command in '/home/locobot/Documents/kobuki/build/ament_cmake_clang_format': AMENT_PREFIX_PATH=/home/locobot/Documents/kobuki/install CMAKE_PREFIX_PATH=/home/locobot/Documents/kobuki/install PATH=/home/locobot/Documents/kobuki/install/bin:${PATH} PYTHONPATH=/home/locobot/Documents/kobuki/install/lib/python3.8/site-packages /usr/bin/cmake --install /home/locobot/Documents/kobuki/build/ament_cmake_clang_format
[1.215s] -- Install configuration: ""
[1.216s] -- Installing: /home/locobot/Documents/kobuki/install/share/ament_index/resource_index/package_run_dependencies/ament_cmake_clang_format
[1.216s] -- Installing: /home/locobot/Documents/kobuki/install/share/ament_index/resource_index/parent_prefix_path/ament_cmake_clang_format
[1.235s] -- Installing: /home/locobot/Documents/kobuki/install/share/ament_cmake_clang_format/environment/ament_prefix_path.sh
[1.238s] -- Installing: /home/locobot/Documents/kobuki/install/share/ament_cmake_clang_format/environment/ament_prefix_path.dsv
[1.238s] -- Installing: /home/locobot/Documents/kobuki/install/share/ament_cmake_clang_format/environment/path.sh
[1.238s] -- Installing: /home/locobot/Documents/kobuki/install/share/ament_cmake_clang_format/environment/path.dsv
[1.238s] -- Installing: /home/locobot/Documents/kobuki/install/share/ament_cmake_clang_format/local_setup.bash
[1.238s] -- Installing: /home/locobot/Documents/kobuki/install/share/ament_cmake_clang_format/local_setup.sh
[1.239s] -- Installing: /home/locobot/Documents/kobuki/install/share/ament_cmake_clang_format/local_setup.zsh
[1.239s] -- Installing: /home/locobot/Documents/kobuki/install/share/ament_cmake_clang_format/local_setup.dsv
[1.239s] -- Installing: /home/locobot/Documents/kobuki/install/share/ament_cmake_clang_format/package.dsv
[1.239s] -- Installing: /home/locobot/Documents/kobuki/install/share/ament_index/resource_index/packages/ament_cmake_clang_format
[1.239s] -- Installing: /home/locobot/Documents/kobuki/install/share/ament_cmake_clang_format/cmake/ament_cmake_clang_format-extras.cmake
[1.239s] -- Installing: /home/locobot/Documents/kobuki/install/share/ament_cmake_clang_format/cmake/ament_cmake_clang_formatConfig.cmake
[1.239s] -- Installing: /home/locobot/Documents/kobuki/install/share/ament_cmake_clang_format/cmake/ament_cmake_clang_formatConfig-version.cmake
[1.240s] -- Installing: /home/locobot/Documents/kobuki/install/share/ament_cmake_clang_format/package.xml
[1.240s] -- Up-to-date: /home/locobot/Documents/kobuki/install/share/ament_cmake_clang_format/cmake
[1.240s] -- Installing: /home/locobot/Documents/kobuki/install/share/ament_cmake_clang_format/cmake/ament_clang_format.cmake
[1.240s] -- Installing: /home/locobot/Documents/kobuki/install/share/ament_cmake_clang_format/cmake/ament_cmake_clang_format_lint_hook.cmake
[1.276s] Invoked command in '/home/locobot/Documents/kobuki/build/ament_cmake_clang_format' returned '0': AMENT_PREFIX_PATH=/home/locobot/Documents/kobuki/install CMAKE_PREFIX_PATH=/home/locobot/Documents/kobuki/install PATH=/home/locobot/Documents/kobuki/install/bin:${PATH} PYTHONPATH=/home/locobot/Documents/kobuki/install/lib/python3.8/site-packages /usr/bin/cmake --install /home/locobot/Documents/kobuki/build/ament_cmake_clang_format
