[0.769s] Invoking command in '/home/locobot/Documents/kobuki/build/ecl_time_lite': AMENT_PREFIX_PATH=/home/locobot/Documents/kobuki/install CMAKE_PREFIX_PATH=/home/locobot/Documents/kobuki/install LD_LIBRARY_PATH=/home/locobot/Documents/kobuki/install/lib PATH=/home/locobot/Documents/kobuki/install/bin:${PATH} PYTHONPATH=/home/locobot/Documents/kobuki/install/lib/python3.8/site-packages /usr/bin/cmake /home/locobot/Documents/kobuki/src/ecl_lite/ecl_time_lite -DBUILD_TESTING=OFF -DCMAKE_INSTALL_PREFIX=/home/locobot/Documents/kobuki/install
[0.788s] Re-run cmake no build system arguments
[0.797s] -- Found ament_cmake_ros: 0.9.2 (/home/locobot/Documents/kobuki/install/share/ament_cmake_ros/cmake)
[0.824s] -- Using PYTHON_EXECUTABLE: /usr/bin/python3
[1.066s] -- Found ecl_build: 1.0.3 (/home/locobot/Documents/kobuki/install/share/ecl_build/cmake)
[1.099s] -- Found ecl_config: 1.1.0 (/home/locobot/Documents/kobuki/install/share/ecl_config/cmake)
[1.100s] -- Found ecl_errors: 1.1.0 (/home/locobot/Documents/kobuki/install/share/ecl_errors/cmake)
[1.275s] -- Configuring done
[1.305s] -- Generating done
[1.308s] -- Build files have been written to: /home/locobot/Documents/kobuki/build/ecl_time_lite
[1.316s] Invoked command in '/home/locobot/Documents/kobuki/build/ecl_time_lite' returned '0': AMENT_PREFIX_PATH=/home/locobot/Documents/kobuki/install CMAKE_PREFIX_PATH=/home/locobot/Documents/kobuki/install LD_LIBRARY_PATH=/home/locobot/Documents/kobuki/install/lib PATH=/home/locobot/Documents/kobuki/install/bin:${PATH} PYTHONPATH=/home/locobot/Documents/kobuki/install/lib/python3.8/site-packages /usr/bin/cmake /home/locobot/Documents/kobuki/src/ecl_lite/ecl_time_lite -DBUILD_TESTING=OFF -DCMAKE_INSTALL_PREFIX=/home/locobot/Documents/kobuki/install
[1.317s] Invoking command in '/home/locobot/Documents/kobuki/build/ecl_time_lite': AMENT_PREFIX_PATH=/home/locobot/Documents/kobuki/install CMAKE_PREFIX_PATH=/home/locobot/Documents/kobuki/install LD_LIBRARY_PATH=/home/locobot/Documents/kobuki/install/lib PATH=/home/locobot/Documents/kobuki/install/bin:${PATH} PYTHONPATH=/home/locobot/Documents/kobuki/install/lib/python3.8/site-packages /usr/bin/cmake --build /home/locobot/Documents/kobuki/build/ecl_time_lite -- -j4 -l4
[1.346s] /usr/bin/cmake -S/home/locobot/Documents/kobuki/src/ecl_lite/ecl_time_lite -B/home/locobot/Documents/kobuki/build/ecl_time_lite --check-build-system CMakeFiles/Makefile.cmake 0
[1.360s] /usr/bin/cmake -E cmake_progress_start /home/locobot/Documents/kobuki/build/ecl_time_lite/CMakeFiles /home/locobot/Documents/kobuki/build/ecl_time_lite/CMakeFiles/progress.marks
[1.385s] /usr/bin/make -f CMakeFiles/Makefile2 all
[1.393s] make[1]: Entering directory '/home/locobot/Documents/kobuki/build/ecl_time_lite'
[1.393s] /usr/bin/make -f src/lib/CMakeFiles/ecl_time_lite.dir/build.make src/lib/CMakeFiles/ecl_time_lite.dir/depend
[1.396s] make[2]: Entering directory '/home/locobot/Documents/kobuki/build/ecl_time_lite'
[1.396s] cd /home/locobot/Documents/kobuki/build/ecl_time_lite && /usr/bin/cmake -E cmake_depends "Unix Makefiles" /home/locobot/Documents/kobuki/src/ecl_lite/ecl_time_lite /home/locobot/Documents/kobuki/src/ecl_lite/ecl_time_lite/src/lib /home/locobot/Documents/kobuki/build/ecl_time_lite /home/locobot/Documents/kobuki/build/ecl_time_lite/src/lib /home/locobot/Documents/kobuki/build/ecl_time_lite/src/lib/CMakeFiles/ecl_time_lite.dir/DependInfo.cmake --color=
[1.410s] make[2]: Leaving directory '/home/locobot/Documents/kobuki/build/ecl_time_lite'
[1.411s] /usr/bin/make -f src/lib/CMakeFiles/ecl_time_lite.dir/build.make src/lib/CMakeFiles/ecl_time_lite.dir/build
[1.412s] make[2]: Entering directory '/home/locobot/Documents/kobuki/build/ecl_time_lite'
[1.413s] make[2]: Nothing to be done for 'src/lib/CMakeFiles/ecl_time_lite.dir/build'.
[1.414s] make[2]: Leaving directory '/home/locobot/Documents/kobuki/build/ecl_time_lite'
[1.425s] [ 77%] Built target ecl_time_lite
[1.426s] /usr/bin/make -f src/examples/CMakeFiles/demo_time_functions.dir/build.make src/examples/CMakeFiles/demo_time_functions.dir/depend
[1.428s] make[2]: Entering directory '/home/locobot/Documents/kobuki/build/ecl_time_lite'
[1.429s] cd /home/locobot/Documents/kobuki/build/ecl_time_lite && /usr/bin/cmake -E cmake_depends "Unix Makefiles" /home/locobot/Documents/kobuki/src/ecl_lite/ecl_time_lite /home/locobot/Documents/kobuki/src/ecl_lite/ecl_time_lite/src/examples /home/locobot/Documents/kobuki/build/ecl_time_lite /home/locobot/Documents/kobuki/build/ecl_time_lite/src/examples /home/locobot/Documents/kobuki/build/ecl_time_lite/src/examples/CMakeFiles/demo_time_functions.dir/DependInfo.cmake --color=
[1.441s] make[2]: Leaving directory '/home/locobot/Documents/kobuki/build/ecl_time_lite'
[1.441s] /usr/bin/make -f src/examples/CMakeFiles/demo_time_functions.dir/build.make src/examples/CMakeFiles/demo_time_functions.dir/build
[1.443s] make[2]: Entering directory '/home/locobot/Documents/kobuki/build/ecl_time_lite'
[1.443s] make[2]: Nothing to be done for 'src/examples/CMakeFiles/demo_time_functions.dir/build'.
[1.444s] make[2]: Leaving directory '/home/locobot/Documents/kobuki/build/ecl_time_lite'
[1.455s] [100%] Built target demo_time_functions
[1.456s] make[1]: Leaving directory '/home/locobot/Documents/kobuki/build/ecl_time_lite'
[1.458s] /usr/bin/cmake -E cmake_progress_start /home/locobot/Documents/kobuki/build/ecl_time_lite/CMakeFiles 0
[1.507s] Invoked command in '/home/locobot/Documents/kobuki/build/ecl_time_lite' returned '0': AMENT_PREFIX_PATH=/home/locobot/Documents/kobuki/install CMAKE_PREFIX_PATH=/home/locobot/Documents/kobuki/install LD_LIBRARY_PATH=/home/locobot/Documents/kobuki/install/lib PATH=/home/locobot/Documents/kobuki/install/bin:${PATH} PYTHONPATH=/home/locobot/Documents/kobuki/install/lib/python3.8/site-packages /usr/bin/cmake --build /home/locobot/Documents/kobuki/build/ecl_time_lite -- -j4 -l4
[1.508s] Invoking command in '/home/locobot/Documents/kobuki/build/ecl_time_lite': AMENT_PREFIX_PATH=/home/locobot/Documents/kobuki/install CMAKE_PREFIX_PATH=/home/locobot/Documents/kobuki/install LD_LIBRARY_PATH=/home/locobot/Documents/kobuki/install/lib PATH=/home/locobot/Documents/kobuki/install/bin:${PATH} PYTHONPATH=/home/locobot/Documents/kobuki/install/lib/python3.8/site-packages /usr/bin/cmake --install /home/locobot/Documents/kobuki/build/ecl_time_lite
[1.526s] -- Install configuration: ""
[1.526s] -- Up-to-date: /home/locobot/Documents/kobuki/install/share/ecl_time_lite/environment/library_path.sh
[1.526s] -- Installing: /home/locobot/Documents/kobuki/install/share/ecl_time_lite/environment/library_path.dsv
[1.527s] -- Up-to-date: /home/locobot/Documents/kobuki/install/share/ament_index/resource_index/package_run_dependencies/ecl_time_lite
[1.527s] -- Up-to-date: /home/locobot/Documents/kobuki/install/share/ament_index/resource_index/parent_prefix_path/ecl_time_lite
[1.527s] -- Up-to-date: /home/locobot/Documents/kobuki/install/share/ecl_time_lite/environment/ament_prefix_path.sh
[1.527s] -- Installing: /home/locobot/Documents/kobuki/install/share/ecl_time_lite/environment/ament_prefix_path.dsv
[1.528s] -- Up-to-date: /home/locobot/Documents/kobuki/install/share/ecl_time_lite/environment/path.sh
[1.528s] -- Installing: /home/locobot/Documents/kobuki/install/share/ecl_time_lite/environment/path.dsv
[1.533s] -- Up-to-date: /home/locobot/Documents/kobuki/install/share/ecl_time_lite/local_setup.bash
[1.533s] -- Up-to-date: /home/locobot/Documents/kobuki/install/share/ecl_time_lite/local_setup.sh
[1.533s] -- Up-to-date: /home/locobot/Documents/kobuki/install/share/ecl_time_lite/local_setup.zsh
[1.533s] -- Installing: /home/locobot/Documents/kobuki/install/share/ecl_time_lite/local_setup.dsv
[1.534s] -- Installing: /home/locobot/Documents/kobuki/install/share/ecl_time_lite/package.dsv
[1.534s] -- Up-to-date: /home/locobot/Documents/kobuki/install/share/ament_index/resource_index/packages/ecl_time_lite
[1.534s] -- Up-to-date: /home/locobot/Documents/kobuki/install/share/ecl_time_lite/cmake/ecl_time_liteExport.cmake
[1.534s] -- Installing: /home/locobot/Documents/kobuki/install/share/ecl_time_lite/cmake/ecl_time_liteExport-noconfig.cmake
[1.534s] -- Up-to-date: /home/locobot/Documents/kobuki/install/share/ecl_time_lite/cmake/ament_cmake_export_targets-extras.cmake
[1.534s] -- Up-to-date: /home/locobot/Documents/kobuki/install/share/ecl_time_lite/cmake/ament_cmake_export_include_directories-extras.cmake
[1.534s] -- Up-to-date: /home/locobot/Documents/kobuki/install/share/ecl_time_lite/cmake/ament_cmake_export_libraries-extras.cmake
[1.534s] -- Up-to-date: /home/locobot/Documents/kobuki/install/share/ecl_time_lite/cmake/ament_cmake_export_dependencies-extras.cmake
[1.535s] -- Up-to-date: /home/locobot/Documents/kobuki/install/share/ecl_time_lite/cmake/ecl_time_liteConfig.cmake
[1.535s] -- Up-to-date: /home/locobot/Documents/kobuki/install/share/ecl_time_lite/cmake/ecl_time_liteConfig-version.cmake
[1.535s] -- Up-to-date: /home/locobot/Documents/kobuki/install/share/ecl_time_lite/package.xml
[1.540s] -- Up-to-date: /home/locobot/Documents/kobuki/install/include/ecl/time_lite.hpp
[1.540s] -- Up-to-date: /home/locobot/Documents/kobuki/install/include/ecl/time_lite/cpu_time.hpp
[1.540s] -- Up-to-date: /home/locobot/Documents/kobuki/install/include/ecl/time_lite/date.hpp
[1.540s] -- Up-to-date: /home/locobot/Documents/kobuki/install/include/ecl/time_lite/errors.hpp
[1.540s] -- Up-to-date: /home/locobot/Documents/kobuki/install/include/ecl/time_lite/functions.hpp
[1.540s] -- Up-to-date: /home/locobot/Documents/kobuki/install/include/ecl/time_lite/functions_mac.hpp
[1.540s] -- Up-to-date: /home/locobot/Documents/kobuki/install/include/ecl/time_lite/functions_pos.hpp
[1.541s] -- Up-to-date: /home/locobot/Documents/kobuki/install/include/ecl/time_lite/functions_rt.hpp
[1.541s] -- Up-to-date: /home/locobot/Documents/kobuki/install/include/ecl/time_lite/functions_win.hpp
[1.541s] -- Up-to-date: /home/locobot/Documents/kobuki/install/include/ecl/time_lite/macros.hpp
[1.541s] -- Up-to-date: /home/locobot/Documents/kobuki/install/include/ecl/time_lite/types.hpp
[1.541s] -- Up-to-date: /home/locobot/Documents/kobuki/install/include/ecl/time_lite/types_pos.hpp
[1.541s] -- Up-to-date: /home/locobot/Documents/kobuki/install/include/ecl/time_lite/types_win.hpp
[1.541s] -- Up-to-date: /home/locobot/Documents/kobuki/install/include/ecl/time_lite/config.hpp
[1.541s] -- Up-to-date: /home/locobot/Documents/kobuki/install/lib/libecl_time_lite.so.1.1.0
[1.541s] -- Up-to-date: /home/locobot/Documents/kobuki/install/lib/libecl_time_lite.so
[1.547s] -- Up-to-date: /home/locobot/Documents/kobuki/install/lib/ecl_time_lite/demo_time_functions
[1.553s] Invoked command in '/home/locobot/Documents/kobuki/build/ecl_time_lite' returned '0': AMENT_PREFIX_PATH=/home/locobot/Documents/kobuki/install CMAKE_PREFIX_PATH=/home/locobot/Documents/kobuki/install LD_LIBRARY_PATH=/home/locobot/Documents/kobuki/install/lib PATH=/home/locobot/Documents/kobuki/install/bin:${PATH} PYTHONPATH=/home/locobot/Documents/kobuki/install/lib/python3.8/site-packages /usr/bin/cmake --install /home/locobot/Documents/kobuki/build/ecl_time_lite
