[0.272s] Invoking command in '/home/locobot/Documents/kobuki/build/ecl_formatters': AMENT_PREFIX_PATH=/home/locobot/Documents/kobuki/install CMAKE_PREFIX_PATH=/home/locobot/Documents/kobuki/install LD_LIBRARY_PATH=/home/locobot/Documents/kobuki/install/lib PATH=/home/locobot/Documents/kobuki/install/bin:${PATH} PYTHONPATH=/home/locobot/Documents/kobuki/install/lib/python3.8/site-packages /usr/bin/cmake /home/locobot/Documents/kobuki/src/ecl_core/ecl_formatters -DBUILD_TESTING=OFF -DCMAKE_INSTALL_PREFIX=/home/locobot/Documents/kobuki/install
[0.388s] -- The C compiler identification is GNU 9.4.0
[0.496s] -- The CXX compiler identification is GNU 9.4.0
[0.503s] -- Check for working C compiler: /usr/bin/cc
[0.660s] -- Check for working C compiler: /usr/bin/cc -- works
[0.660s] -- Detecting C compiler ABI info
[0.817s] -- Detecting C compiler ABI info - done
[0.873s] -- Detecting C compile features
[0.876s] -- Detecting C compile features - done
[0.892s] -- Check for working CXX compiler: /usr/bin/c++
[1.224s] -- Check for working CXX compiler: /usr/bin/c++ -- works
[1.225s] -- Detecting CXX compiler ABI info
[1.439s] -- Detecting CXX compiler ABI info - done
[1.483s] -- Detecting CXX compile features
[1.484s] -- Detecting CXX compile features - done
[1.496s] -- Found ament_cmake_ros: 0.9.2 (/home/locobot/Documents/kobuki/install/share/ament_cmake_ros/cmake)
[1.529s] -- Found PythonInterp: /usr/bin/python3 (found suitable version "3.8.10", minimum required is "3") 
[1.532s] -- Using PYTHON_EXECUTABLE: /usr/bin/python3
[1.993s] -- Found ecl_build: 1.0.3 (/home/locobot/Documents/kobuki/install/share/ecl_build/cmake)
[2.009s] -- Found ecl_config: 1.1.0 (/home/locobot/Documents/kobuki/install/share/ecl_config/cmake)
[2.012s] -- Found ecl_converters: 1.2.1 (/home/locobot/Documents/kobuki/install/share/ecl_converters/cmake)
[2.236s] -- Configuring done
[2.252s] -- Generating done
[2.256s] -- Build files have been written to: /home/locobot/Documents/kobuki/build/ecl_formatters
[2.281s] Invoked command in '/home/locobot/Documents/kobuki/build/ecl_formatters' returned '0': AMENT_PREFIX_PATH=/home/locobot/Documents/kobuki/install CMAKE_PREFIX_PATH=/home/locobot/Documents/kobuki/install LD_LIBRARY_PATH=/home/locobot/Documents/kobuki/install/lib PATH=/home/locobot/Documents/kobuki/install/bin:${PATH} PYTHONPATH=/home/locobot/Documents/kobuki/install/lib/python3.8/site-packages /usr/bin/cmake /home/locobot/Documents/kobuki/src/ecl_core/ecl_formatters -DBUILD_TESTING=OFF -DCMAKE_INSTALL_PREFIX=/home/locobot/Documents/kobuki/install
[2.282s] Invoking command in '/home/locobot/Documents/kobuki/build/ecl_formatters': AMENT_PREFIX_PATH=/home/locobot/Documents/kobuki/install CMAKE_PREFIX_PATH=/home/locobot/Documents/kobuki/install LD_LIBRARY_PATH=/home/locobot/Documents/kobuki/install/lib PATH=/home/locobot/Documents/kobuki/install/bin:${PATH} PYTHONPATH=/home/locobot/Documents/kobuki/install/lib/python3.8/site-packages /usr/bin/cmake --build /home/locobot/Documents/kobuki/build/ecl_formatters -- -j4 -l4
[2.344s] [35m[1mScanning dependencies of target ecl_formatters[0m
[2.361s] [ 25%] [32mBuilding CXX object src/lib/CMakeFiles/ecl_formatters.dir/strings.cpp.o[0m
[2.718s] [ 50%] [32m[1mLinking CXX shared library libecl_formatters.so[0m
[3.038s] [ 50%] Built target ecl_formatters
[3.080s] [35m[1mScanning dependencies of target ecl_demo_formatters[0m
[3.114s] [ 75%] [32mBuilding CXX object src/examples/CMakeFiles/ecl_demo_formatters.dir/formatters.cpp.o[0m
[4.311s] [100%] [32m[1mLinking CXX executable demo_formatters[0m
[4.602s] [100%] Built target ecl_demo_formatters
[4.637s] Invoked command in '/home/locobot/Documents/kobuki/build/ecl_formatters' returned '0': AMENT_PREFIX_PATH=/home/locobot/Documents/kobuki/install CMAKE_PREFIX_PATH=/home/locobot/Documents/kobuki/install LD_LIBRARY_PATH=/home/locobot/Documents/kobuki/install/lib PATH=/home/locobot/Documents/kobuki/install/bin:${PATH} PYTHONPATH=/home/locobot/Documents/kobuki/install/lib/python3.8/site-packages /usr/bin/cmake --build /home/locobot/Documents/kobuki/build/ecl_formatters -- -j4 -l4
[4.638s] Invoking command in '/home/locobot/Documents/kobuki/build/ecl_formatters': AMENT_PREFIX_PATH=/home/locobot/Documents/kobuki/install CMAKE_PREFIX_PATH=/home/locobot/Documents/kobuki/install LD_LIBRARY_PATH=/home/locobot/Documents/kobuki/install/lib PATH=/home/locobot/Documents/kobuki/install/bin:${PATH} PYTHONPATH=/home/locobot/Documents/kobuki/install/lib/python3.8/site-packages /usr/bin/cmake --install /home/locobot/Documents/kobuki/build/ecl_formatters
[4.688s] -- Install configuration: ""
[4.689s] -- Installing: /home/locobot/Documents/kobuki/install/share/ecl_formatters/environment/library_path.sh
[4.689s] -- Installing: /home/locobot/Documents/kobuki/install/share/ecl_formatters/environment/library_path.dsv
[4.689s] -- Installing: /home/locobot/Documents/kobuki/install/share/ament_index/resource_index/package_run_dependencies/ecl_formatters
[4.689s] -- Installing: /home/locobot/Documents/kobuki/install/share/ament_index/resource_index/parent_prefix_path/ecl_formatters
[4.689s] -- Installing: /home/locobot/Documents/kobuki/install/share/ecl_formatters/environment/ament_prefix_path.sh
[4.689s] -- Installing: /home/locobot/Documents/kobuki/install/share/ecl_formatters/environment/ament_prefix_path.dsv
[4.689s] -- Installing: /home/locobot/Documents/kobuki/install/share/ecl_formatters/environment/path.sh
[4.690s] -- Installing: /home/locobot/Documents/kobuki/install/share/ecl_formatters/environment/path.dsv
[4.690s] -- Installing: /home/locobot/Documents/kobuki/install/share/ecl_formatters/local_setup.bash
[4.690s] -- Installing: /home/locobot/Documents/kobuki/install/share/ecl_formatters/local_setup.sh
[4.690s] -- Installing: /home/locobot/Documents/kobuki/install/share/ecl_formatters/local_setup.zsh
[4.690s] -- Installing: /home/locobot/Documents/kobuki/install/share/ecl_formatters/local_setup.dsv
[4.690s] -- Installing: /home/locobot/Documents/kobuki/install/share/ecl_formatters/package.dsv
[4.690s] -- Installing: /home/locobot/Documents/kobuki/install/share/ament_index/resource_index/packages/ecl_formatters
[4.691s] -- Installing: /home/locobot/Documents/kobuki/install/share/ecl_formatters/cmake/ecl_formattersExport.cmake
[4.691s] -- Installing: /home/locobot/Documents/kobuki/install/share/ecl_formatters/cmake/ecl_formattersExport-noconfig.cmake
[4.691s] -- Installing: /home/locobot/Documents/kobuki/install/share/ecl_formatters/cmake/ament_cmake_export_targets-extras.cmake
[4.691s] -- Installing: /home/locobot/Documents/kobuki/install/share/ecl_formatters/cmake/ament_cmake_export_include_directories-extras.cmake
[4.691s] -- Installing: /home/locobot/Documents/kobuki/install/share/ecl_formatters/cmake/ament_cmake_export_libraries-extras.cmake
[4.692s] -- Installing: /home/locobot/Documents/kobuki/install/share/ecl_formatters/cmake/ament_cmake_export_dependencies-extras.cmake
[4.692s] -- Installing: /home/locobot/Documents/kobuki/install/share/ecl_formatters/cmake/ecl_formattersConfig.cmake
[4.692s] -- Installing: /home/locobot/Documents/kobuki/install/share/ecl_formatters/cmake/ecl_formattersConfig-version.cmake
[4.692s] -- Installing: /home/locobot/Documents/kobuki/install/share/ecl_formatters/package.xml
[4.692s] -- Installing: /home/locobot/Documents/kobuki/install/include/ecl/formatters.hpp
[4.692s] -- Installing: /home/locobot/Documents/kobuki/install/include/ecl/formatters/common.hpp
[4.692s] -- Installing: /home/locobot/Documents/kobuki/install/include/ecl/formatters/floats.hpp
[4.696s] -- Installing: /home/locobot/Documents/kobuki/install/include/ecl/formatters/macros.hpp
[4.696s] -- Installing: /home/locobot/Documents/kobuki/install/include/ecl/formatters/number.hpp
[4.707s] -- Installing: /home/locobot/Documents/kobuki/install/include/ecl/formatters/strings.hpp
[4.707s] -- Installing: /home/locobot/Documents/kobuki/install/lib/libecl_formatters.so.1.2.1
[4.708s] -- Set runtime path of "/home/locobot/Documents/kobuki/install/lib/libecl_formatters.so.1.2.1" to ""
[4.708s] -- Installing: /home/locobot/Documents/kobuki/install/lib/libecl_formatters.so
[4.711s] -- Installing: /home/locobot/Documents/kobuki/install/lib/ecl_formatters/demo_formatters
[4.712s] -- Set runtime path of "/home/locobot/Documents/kobuki/install/lib/ecl_formatters/demo_formatters" to ""
[4.719s] Invoked command in '/home/locobot/Documents/kobuki/build/ecl_formatters' returned '0': AMENT_PREFIX_PATH=/home/locobot/Documents/kobuki/install CMAKE_PREFIX_PATH=/home/locobot/Documents/kobuki/install LD_LIBRARY_PATH=/home/locobot/Documents/kobuki/install/lib PATH=/home/locobot/Documents/kobuki/install/bin:${PATH} PYTHONPATH=/home/locobot/Documents/kobuki/install/lib/python3.8/site-packages /usr/bin/cmake --install /home/locobot/Documents/kobuki/build/ecl_formatters
