[0.184s] Invoking command in '/home/locobot/Documents/kobuki/build/ament_cmake_libraries': AMENT_PREFIX_PATH=/home/locobot/Documents/kobuki/install CMAKE_PREFIX_PATH=/home/locobot/Documents/kobuki/install LD_LIBRARY_PATH=/home/locobot/Documents/kobuki/install/lib PATH=/home/locobot/Documents/kobuki/install/bin:${PATH} PYTHONPATH=/home/locobot/Documents/kobuki/install/lib/python3.8/site-packages /usr/bin/cmake /home/locobot/Documents/kobuki/src/ament_cmake/ament_cmake_libraries -DBUILD_TESTING=OFF -DCMAKE_BUILD_TYPE=RelWithDebInfo -DCMAKE_INSTALL_PREFIX=/home/locobot/Documents/kobuki/install
[0.218s] -- Found ament_cmake_core: 0.9.12 (/home/locobot/Documents/kobuki/install/share/ament_cmake_core/cmake)
[0.265s] -- Using PYTHON_EXECUTABLE: /usr/bin/python3
[0.616s] -- Configuring done
[0.620s] -- Generating done
[0.622s] -- Build files have been written to: /home/locobot/Documents/kobuki/build/ament_cmake_libraries
[0.698s] Invoked command in '/home/locobot/Documents/kobuki/build/ament_cmake_libraries' returned '0': AMENT_PREFIX_PATH=/home/locobot/Documents/kobuki/install CMAKE_PREFIX_PATH=/home/locobot/Documents/kobuki/install LD_LIBRARY_PATH=/home/locobot/Documents/kobuki/install/lib PATH=/home/locobot/Documents/kobuki/install/bin:${PATH} PYTHONPATH=/home/locobot/Documents/kobuki/install/lib/python3.8/site-packages /usr/bin/cmake /home/locobot/Documents/kobuki/src/ament_cmake/ament_cmake_libraries -DBUILD_TESTING=OFF -DCMAKE_BUILD_TYPE=RelWithDebInfo -DCMAKE_INSTALL_PREFIX=/home/locobot/Documents/kobuki/install
[0.700s] Invoking command in '/home/locobot/Documents/kobuki/build/ament_cmake_libraries': AMENT_PREFIX_PATH=/home/locobot/Documents/kobuki/install CMAKE_PREFIX_PATH=/home/locobot/Documents/kobuki/install LD_LIBRARY_PATH=/home/locobot/Documents/kobuki/install/lib PATH=/home/locobot/Documents/kobuki/install/bin:${PATH} PYTHONPATH=/home/locobot/Documents/kobuki/install/lib/python3.8/site-packages /usr/bin/cmake --build /home/locobot/Documents/kobuki/build/ament_cmake_libraries -- -j4 -l4
[0.780s] Invoked command in '/home/locobot/Documents/kobuki/build/ament_cmake_libraries' returned '0': AMENT_PREFIX_PATH=/home/locobot/Documents/kobuki/install CMAKE_PREFIX_PATH=/home/locobot/Documents/kobuki/install LD_LIBRARY_PATH=/home/locobot/Documents/kobuki/install/lib PATH=/home/locobot/Documents/kobuki/install/bin:${PATH} PYTHONPATH=/home/locobot/Documents/kobuki/install/lib/python3.8/site-packages /usr/bin/cmake --build /home/locobot/Documents/kobuki/build/ament_cmake_libraries -- -j4 -l4
[0.781s] Invoking command in '/home/locobot/Documents/kobuki/build/ament_cmake_libraries': AMENT_PREFIX_PATH=/home/locobot/Documents/kobuki/install CMAKE_PREFIX_PATH=/home/locobot/Documents/kobuki/install LD_LIBRARY_PATH=/home/locobot/Documents/kobuki/install/lib PATH=/home/locobot/Documents/kobuki/install/bin:${PATH} PYTHONPATH=/home/locobot/Documents/kobuki/install/lib/python3.8/site-packages /usr/bin/cmake --install /home/locobot/Documents/kobuki/build/ament_cmake_libraries
[0.819s] -- Install configuration: "RelWithDebInfo"
[0.830s] -- Up-to-date: /home/locobot/Documents/kobuki/install/share/ament_index/resource_index/package_run_dependencies/ament_cmake_libraries
[0.831s] -- Up-to-date: /home/locobot/Documents/kobuki/install/share/ament_index/resource_index/parent_prefix_path/ament_cmake_libraries
[0.831s] -- Up-to-date: /home/locobot/Documents/kobuki/install/share/ament_cmake_libraries/environment/ament_prefix_path.sh
[0.831s] -- Installing: /home/locobot/Documents/kobuki/install/share/ament_cmake_libraries/environment/ament_prefix_path.dsv
[0.832s] -- Up-to-date: /home/locobot/Documents/kobuki/install/share/ament_cmake_libraries/environment/path.sh
[0.832s] -- Installing: /home/locobot/Documents/kobuki/install/share/ament_cmake_libraries/environment/path.dsv
[0.832s] -- Up-to-date: /home/locobot/Documents/kobuki/install/share/ament_cmake_libraries/local_setup.bash
[0.832s] -- Up-to-date: /home/locobot/Documents/kobuki/install/share/ament_cmake_libraries/local_setup.sh
[0.835s] -- Up-to-date: /home/locobot/Documents/kobuki/install/share/ament_cmake_libraries/local_setup.zsh
[0.835s] -- Installing: /home/locobot/Documents/kobuki/install/share/ament_cmake_libraries/local_setup.dsv
[0.836s] -- Installing: /home/locobot/Documents/kobuki/install/share/ament_cmake_libraries/package.dsv
[0.836s] -- Up-to-date: /home/locobot/Documents/kobuki/install/share/ament_index/resource_index/packages/ament_cmake_libraries
[0.840s] -- Up-to-date: /home/locobot/Documents/kobuki/install/share/ament_cmake_libraries/cmake/ament_cmake_libraries-extras.cmake
[0.840s] -- Up-to-date: /home/locobot/Documents/kobuki/install/share/ament_cmake_libraries/cmake/ament_cmake_librariesConfig.cmake
[0.840s] -- Up-to-date: /home/locobot/Documents/kobuki/install/share/ament_cmake_libraries/cmake/ament_cmake_librariesConfig-version.cmake
[0.840s] -- Up-to-date: /home/locobot/Documents/kobuki/install/share/ament_cmake_libraries/package.xml
[0.841s] -- Up-to-date: /home/locobot/Documents/kobuki/install/share/ament_cmake_libraries/cmake
[0.841s] -- Up-to-date: /home/locobot/Documents/kobuki/install/share/ament_cmake_libraries/cmake/ament_libraries_pack_build_configuration.cmake
[0.841s] -- Up-to-date: /home/locobot/Documents/kobuki/install/share/ament_cmake_libraries/cmake/ament_libraries_unpack_build_configuration.cmake
[0.841s] -- Up-to-date: /home/locobot/Documents/kobuki/install/share/ament_cmake_libraries/cmake/ament_libraries_deduplicate.cmake
[0.848s] Invoked command in '/home/locobot/Documents/kobuki/build/ament_cmake_libraries' returned '0': AMENT_PREFIX_PATH=/home/locobot/Documents/kobuki/install CMAKE_PREFIX_PATH=/home/locobot/Documents/kobuki/install LD_LIBRARY_PATH=/home/locobot/Documents/kobuki/install/lib PATH=/home/locobot/Documents/kobuki/install/bin:${PATH} PYTHONPATH=/home/locobot/Documents/kobuki/install/lib/python3.8/site-packages /usr/bin/cmake --install /home/locobot/Documents/kobuki/build/ament_cmake_libraries
