[1.437s] Invoking command in '/home/locobot/Documents/kobuki/src/ament_lint/ament_lint': PYTHONPATH=/home/locobot/Documents/kobuki/build/ament_lint/prefix_override:/home/locobot/.local/lib/python3.8/site-packages/colcon_core/task/python/colcon_distutils_commands:/home/locobot/Documents/kobuki/install/lib/python3.8/site-packages: /usr/bin/python3 -W ignore:setup.py install is deprecated -W ignore:easy_install command is deprecated setup.py egg_info --egg-base ../../../build/ament_lint build --build-base /home/locobot/Documents/kobuki/build/ament_lint/build install --record /home/locobot/Documents/kobuki/build/ament_lint/install.log --single-version-externally-managed install_data
[1.749s] running egg_info
[1.764s] writing ../../../build/ament_lint/ament_lint.egg-info/PKG-INFO
[1.764s] writing dependency_links to ../../../build/ament_lint/ament_lint.egg-info/dependency_links.txt
[1.765s] writing entry points to ../../../build/ament_lint/ament_lint.egg-info/entry_points.txt
[1.766s] writing requirements to ../../../build/ament_lint/ament_lint.egg-info/requires.txt
[1.766s] writing top-level names to ../../../build/ament_lint/ament_lint.egg-info/top_level.txt
[1.859s] reading manifest file '../../../build/ament_lint/ament_lint.egg-info/SOURCES.txt'
[1.861s] writing manifest file '../../../build/ament_lint/ament_lint.egg-info/SOURCES.txt'
[1.864s] running build
[1.864s] running build_py
[1.865s] running install
[1.866s] running install_lib
[1.867s] running install_data
[1.868s] running install_egg_info
[1.869s] removing '/home/locobot/Documents/kobuki/install/lib/python3.8/site-packages/ament_lint-0.9.8-py3.8.egg-info' (and everything under it)
[1.870s] Copying ../../../build/ament_lint/ament_lint.egg-info to /home/locobot/Documents/kobuki/install/lib/python3.8/site-packages/ament_lint-0.9.8-py3.8.egg-info
[1.870s] running install_scripts
[1.894s] writing list of installed files to '/home/locobot/Documents/kobuki/build/ament_lint/install.log'
[1.987s] Invoked command in '/home/locobot/Documents/kobuki/src/ament_lint/ament_lint' returned '0': PYTHONPATH=/home/locobot/Documents/kobuki/build/ament_lint/prefix_override:/home/locobot/.local/lib/python3.8/site-packages/colcon_core/task/python/colcon_distutils_commands:/home/locobot/Documents/kobuki/install/lib/python3.8/site-packages: /usr/bin/python3 -W ignore:setup.py install is deprecated -W ignore:easy_install command is deprecated setup.py egg_info --egg-base ../../../build/ament_lint build --build-base /home/locobot/Documents/kobuki/build/ament_lint/build install --record /home/locobot/Documents/kobuki/build/ament_lint/install.log --single-version-externally-managed install_data
