[1.426s] Invoking command in '/home/locobot/Documents/kobuki/src/ament_lint/ament_flake8': AMENT_PREFIX_PATH=/home/locobot/Documents/kobuki/install CMAKE_PREFIX_PATH=/home/locobot/Documents/kobuki/install LD_LIBRARY_PATH=/home/locobot/Documents/kobuki/install/lib PATH=/home/locobot/Documents/kobuki/install/bin:${PATH} PYTHONPATH=/home/locobot/Documents/kobuki/build/ament_flake8/prefix_override:/home/locobot/.local/lib/python3.8/site-packages/colcon_core/task/python/colcon_distutils_commands:/home/locobot/Documents/kobuki/install/lib/python3.8/site-packages:/home/locobot/Documents/kobuki/install/lib/python3.8/site-packages /usr/bin/python3 -W ignore:setup.py install is deprecated -W ignore:easy_install command is deprecated setup.py egg_info --egg-base ../../../build/ament_flake8 build --build-base /home/locobot/Documents/kobuki/build/ament_flake8/build install --record /home/locobot/Documents/kobuki/build/ament_flake8/install.log --single-version-externally-managed install_data
[1.772s] running egg_info
[1.772s] writing ../../../build/ament_flake8/ament_flake8.egg-info/PKG-INFO
[1.772s] writing dependency_links to ../../../build/ament_flake8/ament_flake8.egg-info/dependency_links.txt
[1.773s] writing entry points to ../../../build/ament_flake8/ament_flake8.egg-info/entry_points.txt
[1.773s] writing requirements to ../../../build/ament_flake8/ament_flake8.egg-info/requires.txt
[1.773s] writing top-level names to ../../../build/ament_flake8/ament_flake8.egg-info/top_level.txt
[1.928s] reading manifest file '../../../build/ament_flake8/ament_flake8.egg-info/SOURCES.txt'
[1.929s] writing manifest file '../../../build/ament_flake8/ament_flake8.egg-info/SOURCES.txt'
[1.929s] running build
[1.929s] running build_py
[1.929s] running install
[1.932s] running install_lib
[1.933s] running install_data
[1.933s] running install_egg_info
[1.942s] removing '/home/locobot/Documents/kobuki/install/lib/python3.8/site-packages/ament_flake8-0.9.8-py3.8.egg-info' (and everything under it)
[1.942s] Copying ../../../build/ament_flake8/ament_flake8.egg-info to /home/locobot/Documents/kobuki/install/lib/python3.8/site-packages/ament_flake8-0.9.8-py3.8.egg-info
[1.945s] running install_scripts
[1.982s] Installing ament_flake8 script to /home/locobot/Documents/kobuki/install/bin
[1.982s] writing list of installed files to '/home/locobot/Documents/kobuki/build/ament_flake8/install.log'
[2.121s] Invoked command in '/home/locobot/Documents/kobuki/src/ament_lint/ament_flake8' returned '0': AMENT_PREFIX_PATH=/home/locobot/Documents/kobuki/install CMAKE_PREFIX_PATH=/home/locobot/Documents/kobuki/install LD_LIBRARY_PATH=/home/locobot/Documents/kobuki/install/lib PATH=/home/locobot/Documents/kobuki/install/bin:${PATH} PYTHONPATH=/home/locobot/Documents/kobuki/build/ament_flake8/prefix_override:/home/locobot/.local/lib/python3.8/site-packages/colcon_core/task/python/colcon_distutils_commands:/home/locobot/Documents/kobuki/install/lib/python3.8/site-packages:/home/locobot/Documents/kobuki/install/lib/python3.8/site-packages /usr/bin/python3 -W ignore:setup.py install is deprecated -W ignore:easy_install command is deprecated setup.py egg_info --egg-base ../../../build/ament_flake8 build --build-base /home/locobot/Documents/kobuki/build/ament_flake8/build install --record /home/locobot/Documents/kobuki/build/ament_flake8/install.log --single-version-externally-managed install_data
