[0.344s] Invoking command in '/home/locobot/Documents/kobuki/build/ament_cmake_cpplint': AMENT_PREFIX_PATH=/home/locobot/Documents/kobuki/install CMAKE_PREFIX_PATH=/home/locobot/Documents/kobuki/install LD_LIBRARY_PATH=/home/locobot/Documents/kobuki/install/lib PATH=/home/locobot/Documents/kobuki/install/bin:${PATH} PYTHONPATH=/home/locobot/Documents/kobuki/install/lib/python3.8/site-packages /usr/bin/cmake /home/locobot/Documents/kobuki/src/ament_lint/ament_cmake_cpplint -DBUILD_TESTING=OFF --no-warn-unused-cli -DCMAKE_INSTALL_PREFIX=/home/locobot/Documents/kobuki/install
[0.379s] Not searching for unused variables given on the command line.
[0.382s] -- Found ament_cmake_core: 0.9.12 (/home/locobot/Documents/kobuki/install/share/ament_cmake_core/cmake)
[0.419s] -- Using PYTHON_EXECUTABLE: /usr/bin/python3
[0.643s] -- Found ament_cmake_test: 0.9.12 (/home/locobot/Documents/kobuki/install/share/ament_cmake_test/cmake)
[0.775s] -- Configuring done
[0.779s] -- Generating done
[0.783s] -- Build files have been written to: /home/locobot/Documents/kobuki/build/ament_cmake_cpplint
[0.791s] Invoked command in '/home/locobot/Documents/kobuki/build/ament_cmake_cpplint' returned '0': AMENT_PREFIX_PATH=/home/locobot/Documents/kobuki/install CMAKE_PREFIX_PATH=/home/locobot/Documents/kobuki/install LD_LIBRARY_PATH=/home/locobot/Documents/kobuki/install/lib PATH=/home/locobot/Documents/kobuki/install/bin:${PATH} PYTHONPATH=/home/locobot/Documents/kobuki/install/lib/python3.8/site-packages /usr/bin/cmake /home/locobot/Documents/kobuki/src/ament_lint/ament_cmake_cpplint -DBUILD_TESTING=OFF --no-warn-unused-cli -DCMAKE_INSTALL_PREFIX=/home/locobot/Documents/kobuki/install
[0.792s] Invoking command in '/home/locobot/Documents/kobuki/build/ament_cmake_cpplint': AMENT_PREFIX_PATH=/home/locobot/Documents/kobuki/install CMAKE_PREFIX_PATH=/home/locobot/Documents/kobuki/install LD_LIBRARY_PATH=/home/locobot/Documents/kobuki/install/lib PATH=/home/locobot/Documents/kobuki/install/bin:${PATH} PYTHONPATH=/home/locobot/Documents/kobuki/install/lib/python3.8/site-packages /usr/bin/cmake --build /home/locobot/Documents/kobuki/build/ament_cmake_cpplint -- -j4 -l4
[0.931s] Invoked command in '/home/locobot/Documents/kobuki/build/ament_cmake_cpplint' returned '0': AMENT_PREFIX_PATH=/home/locobot/Documents/kobuki/install CMAKE_PREFIX_PATH=/home/locobot/Documents/kobuki/install LD_LIBRARY_PATH=/home/locobot/Documents/kobuki/install/lib PATH=/home/locobot/Documents/kobuki/install/bin:${PATH} PYTHONPATH=/home/locobot/Documents/kobuki/install/lib/python3.8/site-packages /usr/bin/cmake --build /home/locobot/Documents/kobuki/build/ament_cmake_cpplint -- -j4 -l4
[0.932s] Invoking command in '/home/locobot/Documents/kobuki/build/ament_cmake_cpplint': AMENT_PREFIX_PATH=/home/locobot/Documents/kobuki/install CMAKE_PREFIX_PATH=/home/locobot/Documents/kobuki/install LD_LIBRARY_PATH=/home/locobot/Documents/kobuki/install/lib PATH=/home/locobot/Documents/kobuki/install/bin:${PATH} PYTHONPATH=/home/locobot/Documents/kobuki/install/lib/python3.8/site-packages /usr/bin/cmake --install /home/locobot/Documents/kobuki/build/ament_cmake_cpplint
[0.956s] -- Install configuration: ""
[0.957s] -- Up-to-date: /home/locobot/Documents/kobuki/install/share/ament_index/resource_index/package_run_dependencies/ament_cmake_cpplint
[0.957s] -- Up-to-date: /home/locobot/Documents/kobuki/install/share/ament_index/resource_index/parent_prefix_path/ament_cmake_cpplint
[0.957s] -- Up-to-date: /home/locobot/Documents/kobuki/install/share/ament_cmake_cpplint/environment/ament_prefix_path.sh
[0.958s] -- Installing: /home/locobot/Documents/kobuki/install/share/ament_cmake_cpplint/environment/ament_prefix_path.dsv
[0.958s] -- Up-to-date: /home/locobot/Documents/kobuki/install/share/ament_cmake_cpplint/environment/path.sh
[0.958s] -- Installing: /home/locobot/Documents/kobuki/install/share/ament_cmake_cpplint/environment/path.dsv
[0.958s] -- Up-to-date: /home/locobot/Documents/kobuki/install/share/ament_cmake_cpplint/local_setup.bash
[0.958s] -- Up-to-date: /home/locobot/Documents/kobuki/install/share/ament_cmake_cpplint/local_setup.sh
[0.959s] -- Up-to-date: /home/locobot/Documents/kobuki/install/share/ament_cmake_cpplint/local_setup.zsh
[0.959s] -- Installing: /home/locobot/Documents/kobuki/install/share/ament_cmake_cpplint/local_setup.dsv
[0.959s] -- Installing: /home/locobot/Documents/kobuki/install/share/ament_cmake_cpplint/package.dsv
[0.959s] -- Up-to-date: /home/locobot/Documents/kobuki/install/share/ament_index/resource_index/packages/ament_cmake_cpplint
[0.959s] -- Up-to-date: /home/locobot/Documents/kobuki/install/share/ament_cmake_cpplint/cmake/ament_cmake_cpplint-extras.cmake
[0.959s] -- Up-to-date: /home/locobot/Documents/kobuki/install/share/ament_cmake_cpplint/cmake/ament_cmake_cpplintConfig.cmake
[0.959s] -- Up-to-date: /home/locobot/Documents/kobuki/install/share/ament_cmake_cpplint/cmake/ament_cmake_cpplintConfig-version.cmake
[0.960s] -- Up-to-date: /home/locobot/Documents/kobuki/install/share/ament_cmake_cpplint/package.xml
[0.960s] -- Up-to-date: /home/locobot/Documents/kobuki/install/share/ament_cmake_cpplint/cmake
[0.960s] -- Up-to-date: /home/locobot/Documents/kobuki/install/share/ament_cmake_cpplint/cmake/ament_cmake_cpplint_lint_hook.cmake
[0.960s] -- Up-to-date: /home/locobot/Documents/kobuki/install/share/ament_cmake_cpplint/cmake/ament_cpplint.cmake
[0.966s] Invoked command in '/home/locobot/Documents/kobuki/build/ament_cmake_cpplint' returned '0': AMENT_PREFIX_PATH=/home/locobot/Documents/kobuki/install CMAKE_PREFIX_PATH=/home/locobot/Documents/kobuki/install LD_LIBRARY_PATH=/home/locobot/Documents/kobuki/install/lib PATH=/home/locobot/Documents/kobuki/install/bin:${PATH} PYTHONPATH=/home/locobot/Documents/kobuki/install/lib/python3.8/site-packages /usr/bin/cmake --install /home/locobot/Documents/kobuki/build/ament_cmake_cpplint
