[0.320s] Invoking command in '/home/locobot/Documents/kobuki/build/ecl_tools': AMENT_PREFIX_PATH=/home/locobot/Documents/kobuki/install CMAKE_PREFIX_PATH=/home/locobot/Documents/kobuki/install LD_LIBRARY_PATH=/home/locobot/Documents/kobuki/install/lib PATH=/home/locobot/Documents/kobuki/install/bin:${PATH} PYTHONPATH=/home/locobot/Documents/kobuki/install/lib/python3.8/site-packages /usr/bin/cmake /home/locobot/Documents/kobuki/src/ecl_tools/ecl_tools -DBUILD_TESTING=OFF -DCMAKE_BUILD_TYPE=RelWithDebInfo -DCMAKE_INSTALL_PREFIX=/home/locobot/Documents/kobuki/install
[0.365s] -- Found ament_cmake: 0.9.12 (/home/locobot/Documents/kobuki/install/share/ament_cmake/cmake)
[0.397s] -- Using PYTHON_EXECUTABLE: /usr/bin/python3
[0.866s] -- Configuring done
[0.879s] -- Generating done
[0.885s] -- Build files have been written to: /home/locobot/Documents/kobuki/build/ecl_tools
[0.889s] Invoked command in '/home/locobot/Documents/kobuki/build/ecl_tools' returned '0': AMENT_PREFIX_PATH=/home/locobot/Documents/kobuki/install CMAKE_PREFIX_PATH=/home/locobot/Documents/kobuki/install LD_LIBRARY_PATH=/home/locobot/Documents/kobuki/install/lib PATH=/home/locobot/Documents/kobuki/install/bin:${PATH} PYTHONPATH=/home/locobot/Documents/kobuki/install/lib/python3.8/site-packages /usr/bin/cmake /home/locobot/Documents/kobuki/src/ecl_tools/ecl_tools -DBUILD_TESTING=OFF -DCMAKE_BUILD_TYPE=RelWithDebInfo -DCMAKE_INSTALL_PREFIX=/home/locobot/Documents/kobuki/install
[0.892s] Invoking command in '/home/locobot/Documents/kobuki/build/ecl_tools': AMENT_PREFIX_PATH=/home/locobot/Documents/kobuki/install CMAKE_PREFIX_PATH=/home/locobot/Documents/kobuki/install LD_LIBRARY_PATH=/home/locobot/Documents/kobuki/install/lib PATH=/home/locobot/Documents/kobuki/install/bin:${PATH} PYTHONPATH=/home/locobot/Documents/kobuki/install/lib/python3.8/site-packages /usr/bin/cmake --build /home/locobot/Documents/kobuki/build/ecl_tools -- -j4 -l4
[1.064s] Invoked command in '/home/locobot/Documents/kobuki/build/ecl_tools' returned '0': AMENT_PREFIX_PATH=/home/locobot/Documents/kobuki/install CMAKE_PREFIX_PATH=/home/locobot/Documents/kobuki/install LD_LIBRARY_PATH=/home/locobot/Documents/kobuki/install/lib PATH=/home/locobot/Documents/kobuki/install/bin:${PATH} PYTHONPATH=/home/locobot/Documents/kobuki/install/lib/python3.8/site-packages /usr/bin/cmake --build /home/locobot/Documents/kobuki/build/ecl_tools -- -j4 -l4
[1.079s] Invoking command in '/home/locobot/Documents/kobuki/build/ecl_tools': AMENT_PREFIX_PATH=/home/locobot/Documents/kobuki/install CMAKE_PREFIX_PATH=/home/locobot/Documents/kobuki/install LD_LIBRARY_PATH=/home/locobot/Documents/kobuki/install/lib PATH=/home/locobot/Documents/kobuki/install/bin:${PATH} PYTHONPATH=/home/locobot/Documents/kobuki/install/lib/python3.8/site-packages /usr/bin/cmake --install /home/locobot/Documents/kobuki/build/ecl_tools
[1.118s] -- Install configuration: "RelWithDebInfo"
[1.119s] -- Up-to-date: /home/locobot/Documents/kobuki/install/share/ament_index/resource_index/package_run_dependencies/ecl_tools
[1.119s] -- Up-to-date: /home/locobot/Documents/kobuki/install/share/ament_index/resource_index/parent_prefix_path/ecl_tools
[1.119s] -- Up-to-date: /home/locobot/Documents/kobuki/install/share/ecl_tools/environment/ament_prefix_path.sh
[1.119s] -- Installing: /home/locobot/Documents/kobuki/install/share/ecl_tools/environment/ament_prefix_path.dsv
[1.123s] -- Up-to-date: /home/locobot/Documents/kobuki/install/share/ecl_tools/environment/path.sh
[1.124s] -- Installing: /home/locobot/Documents/kobuki/install/share/ecl_tools/environment/path.dsv
[1.124s] -- Up-to-date: /home/locobot/Documents/kobuki/install/share/ecl_tools/local_setup.bash
[1.124s] -- Up-to-date: /home/locobot/Documents/kobuki/install/share/ecl_tools/local_setup.sh
[1.124s] -- Up-to-date: /home/locobot/Documents/kobuki/install/share/ecl_tools/local_setup.zsh
[1.125s] -- Installing: /home/locobot/Documents/kobuki/install/share/ecl_tools/local_setup.dsv
[1.125s] -- Installing: /home/locobot/Documents/kobuki/install/share/ecl_tools/package.dsv
[1.125s] -- Up-to-date: /home/locobot/Documents/kobuki/install/share/ament_index/resource_index/packages/ecl_tools
[1.125s] -- Up-to-date: /home/locobot/Documents/kobuki/install/share/ecl_tools/cmake/ecl_toolsConfig.cmake
[1.125s] -- Up-to-date: /home/locobot/Documents/kobuki/install/share/ecl_tools/cmake/ecl_toolsConfig-version.cmake
[1.125s] -- Up-to-date: /home/locobot/Documents/kobuki/install/share/ecl_tools/package.xml
[1.130s] Invoked command in '/home/locobot/Documents/kobuki/build/ecl_tools' returned '0': AMENT_PREFIX_PATH=/home/locobot/Documents/kobuki/install CMAKE_PREFIX_PATH=/home/locobot/Documents/kobuki/install LD_LIBRARY_PATH=/home/locobot/Documents/kobuki/install/lib PATH=/home/locobot/Documents/kobuki/install/bin:${PATH} PYTHONPATH=/home/locobot/Documents/kobuki/install/lib/python3.8/site-packages /usr/bin/cmake --install /home/locobot/Documents/kobuki/build/ecl_tools
