[0.054s] Invoking command in '/home/locobot/Documents/kobuki/build/ament_cmake_copyright': AMENT_PREFIX_PATH=/home/locobot/Documents/kobuki/install CMAKE_PREFIX_PATH=/home/locobot/Documents/kobuki/install LD_LIBRARY_PATH=/home/locobot/Documents/kobuki/install/lib PATH=/home/locobot/Documents/kobuki/install/bin:${PATH} PYTHONPATH=/home/locobot/Documents/kobuki/install/lib/python3.8/site-packages /usr/bin/cmake /home/locobot/Documents/kobuki/src/ament_lint/ament_cmake_copyright -DBUILD_TESTING=OFF --no-warn-unused-cli -DCMAKE_INSTALL_PREFIX=/home/locobot/Documents/kobuki/install
[0.080s] Not searching for unused variables given on the command line.
[0.088s] -- Found ament_cmake_core: 0.9.12 (/home/locobot/Documents/kobuki/install/share/ament_cmake_core/cmake)
[0.117s] -- Using PYTHON_EXECUTABLE: /usr/bin/python3
[0.362s] -- Found ament_cmake_test: 0.9.12 (/home/locobot/Documents/kobuki/install/share/ament_cmake_test/cmake)
[0.471s] -- Configuring done
[0.474s] -- Generating done
[0.474s] -- Build files have been written to: /home/locobot/Documents/kobuki/build/ament_cmake_copyright
[0.681s] Invoked command in '/home/locobot/Documents/kobuki/build/ament_cmake_copyright' returned '0': AMENT_PREFIX_PATH=/home/locobot/Documents/kobuki/install CMAKE_PREFIX_PATH=/home/locobot/Documents/kobuki/install LD_LIBRARY_PATH=/home/locobot/Documents/kobuki/install/lib PATH=/home/locobot/Documents/kobuki/install/bin:${PATH} PYTHONPATH=/home/locobot/Documents/kobuki/install/lib/python3.8/site-packages /usr/bin/cmake /home/locobot/Documents/kobuki/src/ament_lint/ament_cmake_copyright -DBUILD_TESTING=OFF --no-warn-unused-cli -DCMAKE_INSTALL_PREFIX=/home/locobot/Documents/kobuki/install
[0.683s] Invoking command in '/home/locobot/Documents/kobuki/build/ament_cmake_copyright': AMENT_PREFIX_PATH=/home/locobot/Documents/kobuki/install CMAKE_PREFIX_PATH=/home/locobot/Documents/kobuki/install LD_LIBRARY_PATH=/home/locobot/Documents/kobuki/install/lib PATH=/home/locobot/Documents/kobuki/install/bin:${PATH} PYTHONPATH=/home/locobot/Documents/kobuki/install/lib/python3.8/site-packages /usr/bin/cmake --build /home/locobot/Documents/kobuki/build/ament_cmake_copyright -- -j4 -l4
[0.749s] Invoked command in '/home/locobot/Documents/kobuki/build/ament_cmake_copyright' returned '0': AMENT_PREFIX_PATH=/home/locobot/Documents/kobuki/install CMAKE_PREFIX_PATH=/home/locobot/Documents/kobuki/install LD_LIBRARY_PATH=/home/locobot/Documents/kobuki/install/lib PATH=/home/locobot/Documents/kobuki/install/bin:${PATH} PYTHONPATH=/home/locobot/Documents/kobuki/install/lib/python3.8/site-packages /usr/bin/cmake --build /home/locobot/Documents/kobuki/build/ament_cmake_copyright -- -j4 -l4
[0.751s] Invoking command in '/home/locobot/Documents/kobuki/build/ament_cmake_copyright': AMENT_PREFIX_PATH=/home/locobot/Documents/kobuki/install CMAKE_PREFIX_PATH=/home/locobot/Documents/kobuki/install LD_LIBRARY_PATH=/home/locobot/Documents/kobuki/install/lib PATH=/home/locobot/Documents/kobuki/install/bin:${PATH} PYTHONPATH=/home/locobot/Documents/kobuki/install/lib/python3.8/site-packages /usr/bin/cmake --install /home/locobot/Documents/kobuki/build/ament_cmake_copyright
[0.773s] -- Install configuration: ""
[0.774s] -- Up-to-date: /home/locobot/Documents/kobuki/install/share/ament_index/resource_index/package_run_dependencies/ament_cmake_copyright
[0.775s] -- Up-to-date: /home/locobot/Documents/kobuki/install/share/ament_index/resource_index/parent_prefix_path/ament_cmake_copyright
[0.775s] -- Up-to-date: /home/locobot/Documents/kobuki/install/share/ament_cmake_copyright/environment/ament_prefix_path.sh
[0.776s] -- Installing: /home/locobot/Documents/kobuki/install/share/ament_cmake_copyright/environment/ament_prefix_path.dsv
[0.777s] -- Up-to-date: /home/locobot/Documents/kobuki/install/share/ament_cmake_copyright/environment/path.sh
[0.777s] -- Installing: /home/locobot/Documents/kobuki/install/share/ament_cmake_copyright/environment/path.dsv
[0.778s] -- Up-to-date: /home/locobot/Documents/kobuki/install/share/ament_cmake_copyright/local_setup.bash
[0.779s] -- Up-to-date: /home/locobot/Documents/kobuki/install/share/ament_cmake_copyright/local_setup.sh
[0.780s] -- Up-to-date: /home/locobot/Documents/kobuki/install/share/ament_cmake_copyright/local_setup.zsh
[0.780s] -- Installing: /home/locobot/Documents/kobuki/install/share/ament_cmake_copyright/local_setup.dsv
[0.782s] -- Installing: /home/locobot/Documents/kobuki/install/share/ament_cmake_copyright/package.dsv
[0.783s] -- Up-to-date: /home/locobot/Documents/kobuki/install/share/ament_index/resource_index/packages/ament_cmake_copyright
[0.784s] -- Up-to-date: /home/locobot/Documents/kobuki/install/share/ament_cmake_copyright/cmake/ament_cmake_copyright-extras.cmake
[0.785s] -- Up-to-date: /home/locobot/Documents/kobuki/install/share/ament_cmake_copyright/cmake/ament_cmake_copyrightConfig.cmake
[0.785s] -- Up-to-date: /home/locobot/Documents/kobuki/install/share/ament_cmake_copyright/cmake/ament_cmake_copyrightConfig-version.cmake
[0.787s] -- Up-to-date: /home/locobot/Documents/kobuki/install/share/ament_cmake_copyright/package.xml
[0.788s] -- Up-to-date: /home/locobot/Documents/kobuki/install/share/ament_cmake_copyright/cmake
[0.788s] -- Up-to-date: /home/locobot/Documents/kobuki/install/share/ament_cmake_copyright/cmake/ament_copyright.cmake
[0.789s] -- Up-to-date: /home/locobot/Documents/kobuki/install/share/ament_cmake_copyright/cmake/ament_cmake_copyright_lint_hook.cmake
[0.910s] Invoked command in '/home/locobot/Documents/kobuki/build/ament_cmake_copyright' returned '0': AMENT_PREFIX_PATH=/home/locobot/Documents/kobuki/install CMAKE_PREFIX_PATH=/home/locobot/Documents/kobuki/install LD_LIBRARY_PATH=/home/locobot/Documents/kobuki/install/lib PATH=/home/locobot/Documents/kobuki/install/bin:${PATH} PYTHONPATH=/home/locobot/Documents/kobuki/install/lib/python3.8/site-packages /usr/bin/cmake --install /home/locobot/Documents/kobuki/build/ament_cmake_copyright
