Not searching for unused variables given on the command line.
-- Found ament_cmake_ros: 0.9.2 (/home/locobot/Documents/kobuki/install/share/ament_cmake_ros/cmake)
-- Using PYTHON_EXECUTABLE: /usr/bin/python3
-- Found ecl_build: 1.0.3 (/home/locobot/Documents/kobuki/install/share/ecl_build/cmake)
-- Found ecl_config: 1.1.0 (/home/locobot/Documents/kobuki/install/share/ecl_config/cmake)
-- Found ecl_type_traits: 1.2.1 (/home/locobot/Documents/kobuki/install/share/ecl_type_traits/cmake)
-- Configuring done
-- Generating done
-- Build files have been written to: /home/locobot/Documents/kobuki/build/ecl_concepts
-- Install configuration: ""
-- Up-to-date: /home/locobot/Documents/kobuki/install/share/ament_index/resource_index/package_run_dependencies/ecl_concepts
-- Up-to-date: /home/locobot/Documents/kobuki/install/share/ament_index/resource_index/parent_prefix_path/ecl_concepts
-- Up-to-date: /home/locobot/Documents/kobuki/install/share/ecl_concepts/environment/ament_prefix_path.sh
-- Installing: /home/locobot/Documents/kobuki/install/share/ecl_concepts/environment/ament_prefix_path.dsv
-- Up-to-date: /home/locobot/Documents/kobuki/install/share/ecl_concepts/environment/path.sh
-- Installing: /home/locobot/Documents/kobuki/install/share/ecl_concepts/environment/path.dsv
-- Up-to-date: /home/locobot/Documents/kobuki/install/share/ecl_concepts/local_setup.bash
-- Up-to-date: /home/locobot/Documents/kobuki/install/share/ecl_concepts/local_setup.sh
-- Up-to-date: /home/locobot/Documents/kobuki/install/share/ecl_concepts/local_setup.zsh
-- Installing: /home/locobot/Documents/kobuki/install/share/ecl_concepts/local_setup.dsv
-- Installing: /home/locobot/Documents/kobuki/install/share/ecl_concepts/package.dsv
-- Up-to-date: /home/locobot/Documents/kobuki/install/share/ament_index/resource_index/packages/ecl_concepts
-- Up-to-date: /home/locobot/Documents/kobuki/install/share/ecl_concepts/cmake/ecl_conceptsExport.cmake
-- Up-to-date: /home/locobot/Documents/kobuki/install/share/ecl_concepts/cmake/ament_cmake_export_targets-extras.cmake
-- Up-to-date: /home/locobot/Documents/kobuki/install/share/ecl_concepts/cmake/ament_cmake_export_include_directories-extras.cmake
-- Up-to-date: /home/locobot/Documents/kobuki/install/share/ecl_concepts/cmake/ament_cmake_export_dependencies-extras.cmake
-- Up-to-date: /home/locobot/Documents/kobuki/install/share/ecl_concepts/cmake/ecl_conceptsConfig.cmake
-- Up-to-date: /home/locobot/Documents/kobuki/install/share/ecl_concepts/cmake/ecl_conceptsConfig-version.cmake
-- Up-to-date: /home/locobot/Documents/kobuki/install/share/ecl_concepts/package.xml
-- Up-to-date: /home/locobot/Documents/kobuki/install/include/ecl/concepts.hpp
-- Up-to-date: /home/locobot/Documents/kobuki/install/include/ecl/concepts/blueprints.hpp
-- Up-to-date: /home/locobot/Documents/kobuki/install/include/ecl/concepts/containers.hpp
-- Up-to-date: /home/locobot/Documents/kobuki/install/include/ecl/concepts/devices.hpp
-- Up-to-date: /home/locobot/Documents/kobuki/install/include/ecl/concepts/macros.hpp
-- Up-to-date: /home/locobot/Documents/kobuki/install/include/ecl/concepts/nullary_function.hpp
-- Up-to-date: /home/locobot/Documents/kobuki/install/include/ecl/concepts/streams.hpp
