[0.711s] Invoking command in '/home/locobot/Documents/kobuki/build/ecl_concepts': AMENT_PREFIX_PATH=/home/locobot/Documents/kobuki/install CMAKE_PREFIX_PATH=/home/locobot/Documents/kobuki/install LD_LIBRARY_PATH=/home/locobot/Documents/kobuki/install/lib PATH=/home/locobot/Documents/kobuki/install/bin:${PATH} PYTHONPATH=/home/locobot/Documents/kobuki/install/lib/python3.8/site-packages /usr/bin/cmake /home/locobot/Documents/kobuki/src/ecl_core/ecl_concepts -DBUILD_TESTING=OFF --no-warn-unused-cli -DCMAKE_INSTALL_PREFIX=/home/locobot/Documents/kobuki/install
[0.730s] Not searching for unused variables given on the command line.
[0.743s] -- Found ament_cmake_ros: 0.9.2 (/home/locobot/Documents/kobuki/install/share/ament_cmake_ros/cmake)
[0.811s] -- Using PYTHON_EXECUTABLE: /usr/bin/python3
[1.076s] -- Found ecl_build: 1.0.3 (/home/locobot/Documents/kobuki/install/share/ecl_build/cmake)
[1.085s] -- Found ecl_config: 1.1.0 (/home/locobot/Documents/kobuki/install/share/ecl_config/cmake)
[1.089s] -- Found ecl_type_traits: 1.2.1 (/home/locobot/Documents/kobuki/install/share/ecl_type_traits/cmake)
[1.277s] -- Configuring done
[1.285s] -- Generating done
[1.288s] -- Build files have been written to: /home/locobot/Documents/kobuki/build/ecl_concepts
[1.298s] Invoked command in '/home/locobot/Documents/kobuki/build/ecl_concepts' returned '0': AMENT_PREFIX_PATH=/home/locobot/Documents/kobuki/install CMAKE_PREFIX_PATH=/home/locobot/Documents/kobuki/install LD_LIBRARY_PATH=/home/locobot/Documents/kobuki/install/lib PATH=/home/locobot/Documents/kobuki/install/bin:${PATH} PYTHONPATH=/home/locobot/Documents/kobuki/install/lib/python3.8/site-packages /usr/bin/cmake /home/locobot/Documents/kobuki/src/ecl_core/ecl_concepts -DBUILD_TESTING=OFF --no-warn-unused-cli -DCMAKE_INSTALL_PREFIX=/home/locobot/Documents/kobuki/install
[1.300s] Invoking command in '/home/locobot/Documents/kobuki/build/ecl_concepts': AMENT_PREFIX_PATH=/home/locobot/Documents/kobuki/install CMAKE_PREFIX_PATH=/home/locobot/Documents/kobuki/install LD_LIBRARY_PATH=/home/locobot/Documents/kobuki/install/lib PATH=/home/locobot/Documents/kobuki/install/bin:${PATH} PYTHONPATH=/home/locobot/Documents/kobuki/install/lib/python3.8/site-packages /usr/bin/cmake --build /home/locobot/Documents/kobuki/build/ecl_concepts -- -j4 -l4
[1.424s] Invoked command in '/home/locobot/Documents/kobuki/build/ecl_concepts' returned '0': AMENT_PREFIX_PATH=/home/locobot/Documents/kobuki/install CMAKE_PREFIX_PATH=/home/locobot/Documents/kobuki/install LD_LIBRARY_PATH=/home/locobot/Documents/kobuki/install/lib PATH=/home/locobot/Documents/kobuki/install/bin:${PATH} PYTHONPATH=/home/locobot/Documents/kobuki/install/lib/python3.8/site-packages /usr/bin/cmake --build /home/locobot/Documents/kobuki/build/ecl_concepts -- -j4 -l4
[1.426s] Invoking command in '/home/locobot/Documents/kobuki/build/ecl_concepts': AMENT_PREFIX_PATH=/home/locobot/Documents/kobuki/install CMAKE_PREFIX_PATH=/home/locobot/Documents/kobuki/install LD_LIBRARY_PATH=/home/locobot/Documents/kobuki/install/lib PATH=/home/locobot/Documents/kobuki/install/bin:${PATH} PYTHONPATH=/home/locobot/Documents/kobuki/install/lib/python3.8/site-packages /usr/bin/cmake --install /home/locobot/Documents/kobuki/build/ecl_concepts
[1.463s] -- Install configuration: ""
[1.463s] -- Up-to-date: /home/locobot/Documents/kobuki/install/share/ament_index/resource_index/package_run_dependencies/ecl_concepts
[1.464s] -- Up-to-date: /home/locobot/Documents/kobuki/install/share/ament_index/resource_index/parent_prefix_path/ecl_concepts
[1.464s] -- Up-to-date: /home/locobot/Documents/kobuki/install/share/ecl_concepts/environment/ament_prefix_path.sh
[1.465s] -- Installing: /home/locobot/Documents/kobuki/install/share/ecl_concepts/environment/ament_prefix_path.dsv
[1.466s] -- Up-to-date: /home/locobot/Documents/kobuki/install/share/ecl_concepts/environment/path.sh
[1.467s] -- Installing: /home/locobot/Documents/kobuki/install/share/ecl_concepts/environment/path.dsv
[1.468s] -- Up-to-date: /home/locobot/Documents/kobuki/install/share/ecl_concepts/local_setup.bash
[1.469s] -- Up-to-date: /home/locobot/Documents/kobuki/install/share/ecl_concepts/local_setup.sh
[1.470s] -- Up-to-date: /home/locobot/Documents/kobuki/install/share/ecl_concepts/local_setup.zsh
[1.470s] -- Installing: /home/locobot/Documents/kobuki/install/share/ecl_concepts/local_setup.dsv
[1.472s] -- Installing: /home/locobot/Documents/kobuki/install/share/ecl_concepts/package.dsv
[1.473s] -- Up-to-date: /home/locobot/Documents/kobuki/install/share/ament_index/resource_index/packages/ecl_concepts
[1.473s] -- Up-to-date: /home/locobot/Documents/kobuki/install/share/ecl_concepts/cmake/ecl_conceptsExport.cmake
[1.473s] -- Up-to-date: /home/locobot/Documents/kobuki/install/share/ecl_concepts/cmake/ament_cmake_export_targets-extras.cmake
[1.474s] -- Up-to-date: /home/locobot/Documents/kobuki/install/share/ecl_concepts/cmake/ament_cmake_export_include_directories-extras.cmake
[1.475s] -- Up-to-date: /home/locobot/Documents/kobuki/install/share/ecl_concepts/cmake/ament_cmake_export_dependencies-extras.cmake
[1.476s] -- Up-to-date: /home/locobot/Documents/kobuki/install/share/ecl_concepts/cmake/ecl_conceptsConfig.cmake
[1.476s] -- Up-to-date: /home/locobot/Documents/kobuki/install/share/ecl_concepts/cmake/ecl_conceptsConfig-version.cmake
[1.476s] -- Up-to-date: /home/locobot/Documents/kobuki/install/share/ecl_concepts/package.xml
[1.476s] -- Up-to-date: /home/locobot/Documents/kobuki/install/include/ecl/concepts.hpp
[1.477s] -- Up-to-date: /home/locobot/Documents/kobuki/install/include/ecl/concepts/blueprints.hpp
[1.477s] -- Up-to-date: /home/locobot/Documents/kobuki/install/include/ecl/concepts/containers.hpp
[1.477s] -- Up-to-date: /home/locobot/Documents/kobuki/install/include/ecl/concepts/devices.hpp
[1.478s] -- Up-to-date: /home/locobot/Documents/kobuki/install/include/ecl/concepts/macros.hpp
[1.478s] -- Up-to-date: /home/locobot/Documents/kobuki/install/include/ecl/concepts/nullary_function.hpp
[1.478s] -- Up-to-date: /home/locobot/Documents/kobuki/install/include/ecl/concepts/streams.hpp
[1.490s] Invoked command in '/home/locobot/Documents/kobuki/build/ecl_concepts' returned '0': AMENT_PREFIX_PATH=/home/locobot/Documents/kobuki/install CMAKE_PREFIX_PATH=/home/locobot/Documents/kobuki/install LD_LIBRARY_PATH=/home/locobot/Documents/kobuki/install/lib PATH=/home/locobot/Documents/kobuki/install/bin:${PATH} PYTHONPATH=/home/locobot/Documents/kobuki/install/lib/python3.8/site-packages /usr/bin/cmake --install /home/locobot/Documents/kobuki/build/ecl_concepts
