Not searching for unused variables given on the command line.
-- Found ament_cmake_ros: 0.9.2 (/home/locobot/Documents/kobuki/install/share/ament_cmake_ros/cmake)
-- Using PYTHON_EXECUTABLE: /usr/bin/python3
-- Found ecl_build: 1.0.3 (/home/locobot/Documents/kobuki/install/share/ecl_build/cmake)
-- Found ecl_config: 1.1.0 (/home/locobot/Documents/kobuki/install/share/ecl_config/cmake)
-- Found ecl_errors: 1.1.0 (/home/locobot/Documents/kobuki/install/share/ecl_errors/cmake)
-- Found ecl_concepts: 1.2.1 (/home/locobot/Documents/kobuki/install/share/ecl_concepts/cmake)
-- Found ecl_exceptions: 1.2.1 (/home/locobot/Documents/kobuki/install/share/ecl_exceptions/cmake)
-- Found ecl_time: 1.2.1 (/home/locobot/Documents/kobuki/install/share/ecl_time/cmake)
-- Found ecl_utilities: 1.2.1 (/home/locobot/Documents/kobuki/install/share/ecl_utilities/cmake)
-- Configuring done
-- Generating done
-- Build files have been written to: /home/locobot/Documents/kobuki/build/ecl_threads
[  9%] [32mBuilding CXX object src/lib/CMakeFiles/ecl_threads.dir/mutex_pos.cpp.o[0m
[ 18%] [32mBuilding CXX object src/lib/CMakeFiles/ecl_threads.dir/priority_win.cpp.o[0m
[ 27%] [32mBuilding CXX object src/lib/CMakeFiles/ecl_threads.dir/thread_pos.cpp.o[0m
[ 36%] [32mBuilding CXX object src/lib/CMakeFiles/ecl_threads.dir/thread_win.cpp.o[0m
[ 45%] [32mBuilding CXX object src/lib/CMakeFiles/ecl_threads.dir/priority_pos.cpp.o[0m
[ 54%] [32mBuilding CXX object src/lib/CMakeFiles/ecl_threads.dir/mutex_w32.cpp.o[0m
[ 63%] [32m[1mLinking CXX shared library libecl_threads.so[0m
[ 63%] Built target ecl_threads
[ 72%] [32mBuilding CXX object src/examples/CMakeFiles/ecl_demo_mutex.dir/mutex.cpp.o[0m
[ 81%] [32m[1mLinking CXX executable demo_mutex[0m
[ 81%] Built target ecl_demo_mutex
[ 90%] [32mBuilding CXX object src/examples/CMakeFiles/ecl_demo_thread.dir/thread.cpp.o[0m
[100%] [32m[1mLinking CXX executable demo_thread[0m
[100%] Built target ecl_demo_thread
-- Install configuration: ""
-- Up-to-date: /home/locobot/Documents/kobuki/install/share/ecl_threads/environment/library_path.sh
-- Installing: /home/locobot/Documents/kobuki/install/share/ecl_threads/environment/library_path.dsv
-- Up-to-date: /home/locobot/Documents/kobuki/install/share/ament_index/resource_index/package_run_dependencies/ecl_threads
-- Up-to-date: /home/locobot/Documents/kobuki/install/share/ament_index/resource_index/parent_prefix_path/ecl_threads
-- Up-to-date: /home/locobot/Documents/kobuki/install/share/ecl_threads/environment/ament_prefix_path.sh
-- Installing: /home/locobot/Documents/kobuki/install/share/ecl_threads/environment/ament_prefix_path.dsv
-- Up-to-date: /home/locobot/Documents/kobuki/install/share/ecl_threads/environment/path.sh
-- Installing: /home/locobot/Documents/kobuki/install/share/ecl_threads/environment/path.dsv
-- Up-to-date: /home/locobot/Documents/kobuki/install/share/ecl_threads/local_setup.bash
-- Up-to-date: /home/locobot/Documents/kobuki/install/share/ecl_threads/local_setup.sh
-- Up-to-date: /home/locobot/Documents/kobuki/install/share/ecl_threads/local_setup.zsh
-- Installing: /home/locobot/Documents/kobuki/install/share/ecl_threads/local_setup.dsv
-- Installing: /home/locobot/Documents/kobuki/install/share/ecl_threads/package.dsv
-- Up-to-date: /home/locobot/Documents/kobuki/install/share/ament_index/resource_index/packages/ecl_threads
-- Up-to-date: /home/locobot/Documents/kobuki/install/share/ecl_threads/cmake/ecl_threadsExport.cmake
-- Installing: /home/locobot/Documents/kobuki/install/share/ecl_threads/cmake/ecl_threadsExport-noconfig.cmake
-- Up-to-date: /home/locobot/Documents/kobuki/install/share/ecl_threads/cmake/ecl_threads-extras.cmake
-- Up-to-date: /home/locobot/Documents/kobuki/install/share/ecl_threads/cmake/ament_cmake_export_targets-extras.cmake
-- Up-to-date: /home/locobot/Documents/kobuki/install/share/ecl_threads/cmake/ament_cmake_export_include_directories-extras.cmake
-- Up-to-date: /home/locobot/Documents/kobuki/install/share/ecl_threads/cmake/ament_cmake_export_libraries-extras.cmake
-- Up-to-date: /home/locobot/Documents/kobuki/install/share/ecl_threads/cmake/ament_cmake_export_dependencies-extras.cmake
-- Up-to-date: /home/locobot/Documents/kobuki/install/share/ecl_threads/cmake/ecl_threadsConfig.cmake
-- Up-to-date: /home/locobot/Documents/kobuki/install/share/ecl_threads/cmake/ecl_threadsConfig-version.cmake
-- Up-to-date: /home/locobot/Documents/kobuki/install/share/ecl_threads/package.xml
-- Up-to-date: /home/locobot/Documents/kobuki/install/include/ecl/threads.hpp
-- Up-to-date: /home/locobot/Documents/kobuki/install/include/ecl/threads/macros.hpp
-- Up-to-date: /home/locobot/Documents/kobuki/install/include/ecl/threads/mutex.hpp
-- Up-to-date: /home/locobot/Documents/kobuki/install/include/ecl/threads/mutex_pos.hpp
-- Up-to-date: /home/locobot/Documents/kobuki/install/include/ecl/threads/mutex_w32.hpp
-- Up-to-date: /home/locobot/Documents/kobuki/install/include/ecl/threads/priority.hpp
-- Up-to-date: /home/locobot/Documents/kobuki/install/include/ecl/threads/priority_common.hpp
-- Up-to-date: /home/locobot/Documents/kobuki/install/include/ecl/threads/priority_pos.hpp
-- Up-to-date: /home/locobot/Documents/kobuki/install/include/ecl/threads/priority_win.hpp
-- Up-to-date: /home/locobot/Documents/kobuki/install/include/ecl/threads/thread.hpp
-- Up-to-date: /home/locobot/Documents/kobuki/install/include/ecl/threads/thread_exceptions_pos.hpp
-- Up-to-date: /home/locobot/Documents/kobuki/install/include/ecl/threads/thread_pos.hpp
-- Up-to-date: /home/locobot/Documents/kobuki/install/include/ecl/threads/thread_win.hpp
-- Up-to-date: /home/locobot/Documents/kobuki/install/include/ecl/threads/threadable.hpp
-- Installing: /home/locobot/Documents/kobuki/install/lib/libecl_threads.so.1.2.1
-- Set runtime path of "/home/locobot/Documents/kobuki/install/lib/libecl_threads.so.1.2.1" to ""
-- Up-to-date: /home/locobot/Documents/kobuki/install/lib/libecl_threads.so
-- Installing: /home/locobot/Documents/kobuki/install/lib/ecl_threads/demo_thread
-- Set runtime path of "/home/locobot/Documents/kobuki/install/lib/ecl_threads/demo_thread" to ""
-- Installing: /home/locobot/Documents/kobuki/install/lib/ecl_threads/demo_mutex
-- Set runtime path of "/home/locobot/Documents/kobuki/install/lib/ecl_threads/demo_mutex" to ""
