[0.735s] Invoking command in '/home/locobot/Documents/kobuki/build/ecl_threads': AMENT_PREFIX_PATH=/home/locobot/Documents/kobuki/install CMAKE_PREFIX_PATH=/home/locobot/Documents/kobuki/install LD_LIBRARY_PATH=/home/locobot/Documents/kobuki/install/lib PATH=/home/locobot/Documents/kobuki/install/bin:${PATH} PYTHONPATH=/home/locobot/Documents/kobuki/install/lib/python3.8/site-packages /usr/bin/cmake /home/locobot/Documents/kobuki/src/ecl_core/ecl_threads -DBUILD_TESTING=OFF --no-warn-unused-cli -DCMAKE_INSTALL_PREFIX=/home/locobot/Documents/kobuki/install
[0.772s] Not searching for unused variables given on the command line.
[0.774s] -- Found ament_cmake_ros: 0.9.2 (/home/locobot/Documents/kobuki/install/share/ament_cmake_ros/cmake)
[0.819s] -- Using PYTHON_EXECUTABLE: /usr/bin/python3
[1.094s] -- Found ecl_build: 1.0.3 (/home/locobot/Documents/kobuki/install/share/ecl_build/cmake)
[1.106s] -- Found ecl_config: 1.1.0 (/home/locobot/Documents/kobuki/install/share/ecl_config/cmake)
[1.109s] -- Found ecl_errors: 1.1.0 (/home/locobot/Documents/kobuki/install/share/ecl_errors/cmake)
[1.116s] -- Found ecl_concepts: 1.2.1 (/home/locobot/Documents/kobuki/install/share/ecl_concepts/cmake)
[1.136s] -- Found ecl_exceptions: 1.2.1 (/home/locobot/Documents/kobuki/install/share/ecl_exceptions/cmake)
[1.137s] -- Found ecl_time: 1.2.1 (/home/locobot/Documents/kobuki/install/share/ecl_time/cmake)
[1.157s] -- Found ecl_utilities: 1.2.1 (/home/locobot/Documents/kobuki/install/share/ecl_utilities/cmake)
[1.382s] -- Configuring done
[1.452s] -- Generating done
[1.453s] -- Build files have been written to: /home/locobot/Documents/kobuki/build/ecl_threads
[1.618s] Invoked command in '/home/locobot/Documents/kobuki/build/ecl_threads' returned '0': AMENT_PREFIX_PATH=/home/locobot/Documents/kobuki/install CMAKE_PREFIX_PATH=/home/locobot/Documents/kobuki/install LD_LIBRARY_PATH=/home/locobot/Documents/kobuki/install/lib PATH=/home/locobot/Documents/kobuki/install/bin:${PATH} PYTHONPATH=/home/locobot/Documents/kobuki/install/lib/python3.8/site-packages /usr/bin/cmake /home/locobot/Documents/kobuki/src/ecl_core/ecl_threads -DBUILD_TESTING=OFF --no-warn-unused-cli -DCMAKE_INSTALL_PREFIX=/home/locobot/Documents/kobuki/install
[1.619s] Invoking command in '/home/locobot/Documents/kobuki/build/ecl_threads': AMENT_PREFIX_PATH=/home/locobot/Documents/kobuki/install CMAKE_PREFIX_PATH=/home/locobot/Documents/kobuki/install LD_LIBRARY_PATH=/home/locobot/Documents/kobuki/install/lib PATH=/home/locobot/Documents/kobuki/install/bin:${PATH} PYTHONPATH=/home/locobot/Documents/kobuki/install/lib/python3.8/site-packages /usr/bin/cmake --build /home/locobot/Documents/kobuki/build/ecl_threads -- -j4 -l4
[1.705s] [  9%] [32mBuilding CXX object src/lib/CMakeFiles/ecl_threads.dir/mutex_pos.cpp.o[0m
[2.488s] [ 18%] [32mBuilding CXX object src/lib/CMakeFiles/ecl_threads.dir/priority_win.cpp.o[0m
[2.549s] [ 27%] [32mBuilding CXX object src/lib/CMakeFiles/ecl_threads.dir/thread_pos.cpp.o[0m
[3.424s] [ 36%] [32mBuilding CXX object src/lib/CMakeFiles/ecl_threads.dir/thread_win.cpp.o[0m
[3.498s] [ 45%] [32mBuilding CXX object src/lib/CMakeFiles/ecl_threads.dir/priority_pos.cpp.o[0m
[4.112s] [ 54%] [32mBuilding CXX object src/lib/CMakeFiles/ecl_threads.dir/mutex_w32.cpp.o[0m
[4.168s] [ 63%] [32m[1mLinking CXX shared library libecl_threads.so[0m
[4.343s] [ 63%] Built target ecl_threads
[4.389s] [ 72%] [32mBuilding CXX object src/examples/CMakeFiles/ecl_demo_mutex.dir/mutex.cpp.o[0m
[5.189s] [ 81%] [32m[1mLinking CXX executable demo_mutex[0m
[5.335s] [ 81%] Built target ecl_demo_mutex
[5.380s] [ 90%] [32mBuilding CXX object src/examples/CMakeFiles/ecl_demo_thread.dir/thread.cpp.o[0m
[6.124s] [100%] [32m[1mLinking CXX executable demo_thread[0m
[6.327s] [100%] Built target ecl_demo_thread
[6.393s] Invoked command in '/home/locobot/Documents/kobuki/build/ecl_threads' returned '0': AMENT_PREFIX_PATH=/home/locobot/Documents/kobuki/install CMAKE_PREFIX_PATH=/home/locobot/Documents/kobuki/install LD_LIBRARY_PATH=/home/locobot/Documents/kobuki/install/lib PATH=/home/locobot/Documents/kobuki/install/bin:${PATH} PYTHONPATH=/home/locobot/Documents/kobuki/install/lib/python3.8/site-packages /usr/bin/cmake --build /home/locobot/Documents/kobuki/build/ecl_threads -- -j4 -l4
[6.408s] Invoking command in '/home/locobot/Documents/kobuki/build/ecl_threads': AMENT_PREFIX_PATH=/home/locobot/Documents/kobuki/install CMAKE_PREFIX_PATH=/home/locobot/Documents/kobuki/install LD_LIBRARY_PATH=/home/locobot/Documents/kobuki/install/lib PATH=/home/locobot/Documents/kobuki/install/bin:${PATH} PYTHONPATH=/home/locobot/Documents/kobuki/install/lib/python3.8/site-packages /usr/bin/cmake --install /home/locobot/Documents/kobuki/build/ecl_threads
[6.419s] -- Install configuration: ""
[6.420s] -- Up-to-date: /home/locobot/Documents/kobuki/install/share/ecl_threads/environment/library_path.sh
[6.421s] -- Installing: /home/locobot/Documents/kobuki/install/share/ecl_threads/environment/library_path.dsv
[6.423s] -- Up-to-date: /home/locobot/Documents/kobuki/install/share/ament_index/resource_index/package_run_dependencies/ecl_threads
[6.424s] -- Up-to-date: /home/locobot/Documents/kobuki/install/share/ament_index/resource_index/parent_prefix_path/ecl_threads
[6.425s] -- Up-to-date: /home/locobot/Documents/kobuki/install/share/ecl_threads/environment/ament_prefix_path.sh
[6.427s] -- Installing: /home/locobot/Documents/kobuki/install/share/ecl_threads/environment/ament_prefix_path.dsv
[6.428s] -- Up-to-date: /home/locobot/Documents/kobuki/install/share/ecl_threads/environment/path.sh
[6.428s] -- Installing: /home/locobot/Documents/kobuki/install/share/ecl_threads/environment/path.dsv
[6.428s] -- Up-to-date: /home/locobot/Documents/kobuki/install/share/ecl_threads/local_setup.bash
[6.428s] -- Up-to-date: /home/locobot/Documents/kobuki/install/share/ecl_threads/local_setup.sh
[6.428s] -- Up-to-date: /home/locobot/Documents/kobuki/install/share/ecl_threads/local_setup.zsh
[6.428s] -- Installing: /home/locobot/Documents/kobuki/install/share/ecl_threads/local_setup.dsv
[6.428s] -- Installing: /home/locobot/Documents/kobuki/install/share/ecl_threads/package.dsv
[6.429s] -- Up-to-date: /home/locobot/Documents/kobuki/install/share/ament_index/resource_index/packages/ecl_threads
[6.429s] -- Up-to-date: /home/locobot/Documents/kobuki/install/share/ecl_threads/cmake/ecl_threadsExport.cmake
[6.429s] -- Installing: /home/locobot/Documents/kobuki/install/share/ecl_threads/cmake/ecl_threadsExport-noconfig.cmake
[6.429s] -- Up-to-date: /home/locobot/Documents/kobuki/install/share/ecl_threads/cmake/ecl_threads-extras.cmake
[6.429s] -- Up-to-date: /home/locobot/Documents/kobuki/install/share/ecl_threads/cmake/ament_cmake_export_targets-extras.cmake
[6.429s] -- Up-to-date: /home/locobot/Documents/kobuki/install/share/ecl_threads/cmake/ament_cmake_export_include_directories-extras.cmake
[6.429s] -- Up-to-date: /home/locobot/Documents/kobuki/install/share/ecl_threads/cmake/ament_cmake_export_libraries-extras.cmake
[6.429s] -- Up-to-date: /home/locobot/Documents/kobuki/install/share/ecl_threads/cmake/ament_cmake_export_dependencies-extras.cmake
[6.429s] -- Up-to-date: /home/locobot/Documents/kobuki/install/share/ecl_threads/cmake/ecl_threadsConfig.cmake
[6.430s] -- Up-to-date: /home/locobot/Documents/kobuki/install/share/ecl_threads/cmake/ecl_threadsConfig-version.cmake
[6.430s] -- Up-to-date: /home/locobot/Documents/kobuki/install/share/ecl_threads/package.xml
[6.430s] -- Up-to-date: /home/locobot/Documents/kobuki/install/include/ecl/threads.hpp
[6.430s] -- Up-to-date: /home/locobot/Documents/kobuki/install/include/ecl/threads/macros.hpp
[6.430s] -- Up-to-date: /home/locobot/Documents/kobuki/install/include/ecl/threads/mutex.hpp
[6.430s] -- Up-to-date: /home/locobot/Documents/kobuki/install/include/ecl/threads/mutex_pos.hpp
[6.430s] -- Up-to-date: /home/locobot/Documents/kobuki/install/include/ecl/threads/mutex_w32.hpp
[6.430s] -- Up-to-date: /home/locobot/Documents/kobuki/install/include/ecl/threads/priority.hpp
[6.430s] -- Up-to-date: /home/locobot/Documents/kobuki/install/include/ecl/threads/priority_common.hpp
[6.430s] -- Up-to-date: /home/locobot/Documents/kobuki/install/include/ecl/threads/priority_pos.hpp
[6.431s] -- Up-to-date: /home/locobot/Documents/kobuki/install/include/ecl/threads/priority_win.hpp
[6.431s] -- Up-to-date: /home/locobot/Documents/kobuki/install/include/ecl/threads/thread.hpp
[6.431s] -- Up-to-date: /home/locobot/Documents/kobuki/install/include/ecl/threads/thread_exceptions_pos.hpp
[6.431s] -- Up-to-date: /home/locobot/Documents/kobuki/install/include/ecl/threads/thread_pos.hpp
[6.431s] -- Up-to-date: /home/locobot/Documents/kobuki/install/include/ecl/threads/thread_win.hpp
[6.431s] -- Up-to-date: /home/locobot/Documents/kobuki/install/include/ecl/threads/threadable.hpp
[6.431s] -- Installing: /home/locobot/Documents/kobuki/install/lib/libecl_threads.so.1.2.1
[6.431s] -- Set runtime path of "/home/locobot/Documents/kobuki/install/lib/libecl_threads.so.1.2.1" to ""
[6.431s] -- Up-to-date: /home/locobot/Documents/kobuki/install/lib/libecl_threads.so
[6.432s] -- Installing: /home/locobot/Documents/kobuki/install/lib/ecl_threads/demo_thread
[6.432s] -- Set runtime path of "/home/locobot/Documents/kobuki/install/lib/ecl_threads/demo_thread" to ""
[6.432s] -- Installing: /home/locobot/Documents/kobuki/install/lib/ecl_threads/demo_mutex
[6.432s] -- Set runtime path of "/home/locobot/Documents/kobuki/install/lib/ecl_threads/demo_mutex" to ""
[6.443s] Invoked command in '/home/locobot/Documents/kobuki/build/ecl_threads' returned '0': AMENT_PREFIX_PATH=/home/locobot/Documents/kobuki/install CMAKE_PREFIX_PATH=/home/locobot/Documents/kobuki/install LD_LIBRARY_PATH=/home/locobot/Documents/kobuki/install/lib PATH=/home/locobot/Documents/kobuki/install/bin:${PATH} PYTHONPATH=/home/locobot/Documents/kobuki/install/lib/python3.8/site-packages /usr/bin/cmake --install /home/locobot/Documents/kobuki/build/ecl_threads
