-- The C compiler identification is GNU 9.4.0
-- The CXX compiler identification is GNU 9.4.0
-- Check for working C compiler: /usr/bin/cc
-- Check for working C compiler: /usr/bin/cc -- works
-- Detecting C compiler ABI info
-- Detecting C compiler ABI info - done
-- Detecting C compile features
-- Detecting C compile features - done
-- Check for working CXX compiler: /usr/bin/c++
-- Check for working CXX compiler: /usr/bin/c++ -- works
-- Detecting CXX compiler ABI info
-- Detecting CXX compiler ABI info - done
-- Detecting CXX compile features
-- Detecting CXX compile features - done
-- Found ament_cmake_ros: 0.9.2 (/home/locobot/Documents/kobuki/install/share/ament_cmake_ros/cmake)
-- Found PythonInterp: /usr/bin/python3 (found suitable version "3.8.10", minimum required is "3") 
-- Using PYTHON_EXECUTABLE: /usr/bin/python3
-- Found ecl_build: 1.0.3 (/home/locobot/Documents/kobuki/install/share/ecl_build/cmake)
-- Found ecl_config: 1.1.0 (/home/locobot/Documents/kobuki/install/share/ecl_config/cmake)
-- Found ecl_errors: 1.1.0 (/home/locobot/Documents/kobuki/install/share/ecl_errors/cmake)
-- Configuring done
-- Generating done
-- Build files have been written to: /home/locobot/Documents/kobuki/build/ecl_io
[35m[1mScanning dependencies of target ecl_io[0m
[ 10%] [32mBuilding CXX object src/lib/CMakeFiles/ecl_io.dir/poll.cpp.o[0m
[ 20%] [32mBuilding CXX object src/lib/CMakeFiles/ecl_io.dir/sockets.cpp.o[0m
[ 30%] [32mBuilding CXX object src/lib/CMakeFiles/ecl_io.dir/socketpair.cpp.o[0m
[ 40%] [32m[1mLinking CXX shared library libecl_io.so[0m
[ 40%] Built target ecl_io
[35m[1mScanning dependencies of target ecl_io_example_poll[0m
[ 50%] [32mBuilding CXX object src/examples/CMakeFiles/ecl_io_example_poll.dir/poll.cpp.o[0m
[ 60%] [32m[1mLinking CXX executable demo_poll[0m
[ 60%] Built target ecl_io_example_poll
[35m[1mScanning dependencies of target ecl_io_example_sockets[0m
[ 70%] [32mBuilding CXX object src/examples/CMakeFiles/ecl_io_example_sockets.dir/sockets.cpp.o[0m
[ 80%] [32m[1mLinking CXX executable demo_sockets[0m
[ 80%] Built target ecl_io_example_sockets
[35m[1mScanning dependencies of target ecl_io_example_socketpair[0m
[ 90%] [32mBuilding CXX object src/examples/CMakeFiles/ecl_io_example_socketpair.dir/socketpair.cpp.o[0m
[100%] [32m[1mLinking CXX executable demo_socketpair[0m
[100%] Built target ecl_io_example_socketpair
-- Install configuration: ""
-- Installing: /home/locobot/Documents/kobuki/install/share/ecl_io/environment/library_path.sh
-- Installing: /home/locobot/Documents/kobuki/install/share/ecl_io/environment/library_path.dsv
-- Installing: /home/locobot/Documents/kobuki/install/share/ament_index/resource_index/package_run_dependencies/ecl_io
-- Installing: /home/locobot/Documents/kobuki/install/share/ament_index/resource_index/parent_prefix_path/ecl_io
-- Installing: /home/locobot/Documents/kobuki/install/share/ecl_io/environment/ament_prefix_path.sh
-- Installing: /home/locobot/Documents/kobuki/install/share/ecl_io/environment/ament_prefix_path.dsv
-- Installing: /home/locobot/Documents/kobuki/install/share/ecl_io/environment/path.sh
-- Installing: /home/locobot/Documents/kobuki/install/share/ecl_io/environment/path.dsv
-- Installing: /home/locobot/Documents/kobuki/install/share/ecl_io/local_setup.bash
-- Installing: /home/locobot/Documents/kobuki/install/share/ecl_io/local_setup.sh
-- Installing: /home/locobot/Documents/kobuki/install/share/ecl_io/local_setup.zsh
-- Installing: /home/locobot/Documents/kobuki/install/share/ecl_io/local_setup.dsv
-- Installing: /home/locobot/Documents/kobuki/install/share/ecl_io/package.dsv
-- Installing: /home/locobot/Documents/kobuki/install/share/ament_index/resource_index/packages/ecl_io
-- Installing: /home/locobot/Documents/kobuki/install/share/ecl_io/cmake/ecl_ioExport.cmake
-- Installing: /home/locobot/Documents/kobuki/install/share/ecl_io/cmake/ecl_ioExport-noconfig.cmake
-- Installing: /home/locobot/Documents/kobuki/install/share/ecl_io/cmake/ament_cmake_export_targets-extras.cmake
-- Installing: /home/locobot/Documents/kobuki/install/share/ecl_io/cmake/ament_cmake_export_include_directories-extras.cmake
-- Installing: /home/locobot/Documents/kobuki/install/share/ecl_io/cmake/ament_cmake_export_libraries-extras.cmake
-- Installing: /home/locobot/Documents/kobuki/install/share/ecl_io/cmake/ament_cmake_export_dependencies-extras.cmake
-- Installing: /home/locobot/Documents/kobuki/install/share/ecl_io/cmake/ecl_ioConfig.cmake
-- Installing: /home/locobot/Documents/kobuki/install/share/ecl_io/cmake/ecl_ioConfig-version.cmake
-- Installing: /home/locobot/Documents/kobuki/install/share/ecl_io/package.xml
-- Installing: /home/locobot/Documents/kobuki/install/include/ecl/io.hpp
-- Installing: /home/locobot/Documents/kobuki/install/include/ecl/sockets/macros.hpp
-- Installing: /home/locobot/Documents/kobuki/install/include/ecl/sockets/poll.hpp
-- Installing: /home/locobot/Documents/kobuki/install/include/ecl/sockets/socketpair.hpp
-- Installing: /home/locobot/Documents/kobuki/install/include/ecl/sockets/sockets.hpp
-- Installing: /home/locobot/Documents/kobuki/install/lib/libecl_io.so.1.1.0
-- Set runtime path of "/home/locobot/Documents/kobuki/install/lib/libecl_io.so.1.1.0" to ""
-- Installing: /home/locobot/Documents/kobuki/install/lib/libecl_io.so
-- Installing: /home/locobot/Documents/kobuki/install/lib/ecl_io/demo_sockets
-- Set runtime path of "/home/locobot/Documents/kobuki/install/lib/ecl_io/demo_sockets" to ""
-- Installing: /home/locobot/Documents/kobuki/install/lib/ecl_io/demo_socketpair
-- Set runtime path of "/home/locobot/Documents/kobuki/install/lib/ecl_io/demo_socketpair" to ""
-- Installing: /home/locobot/Documents/kobuki/install/lib/ecl_io/demo_poll
-- Set runtime path of "/home/locobot/Documents/kobuki/install/lib/ecl_io/demo_poll" to ""
