[0.318s] Invoking command in '/home/locobot/Documents/kobuki/build/ecl_io': AMENT_PREFIX_PATH=/home/locobot/Documents/kobuki/install CMAKE_PREFIX_PATH=/home/locobot/Documents/kobuki/install LD_LIBRARY_PATH=/home/locobot/Documents/kobuki/install/lib PATH=/home/locobot/Documents/kobuki/install/bin:${PATH} PYTHONPATH=/home/locobot/Documents/kobuki/install/lib/python3.8/site-packages /usr/bin/cmake /home/locobot/Documents/kobuki/src/ecl_lite/ecl_io -DBUILD_TESTING=OFF -DCMAKE_INSTALL_PREFIX=/home/locobot/Documents/kobuki/install
[0.473s] -- The C compiler identification is GNU 9.4.0
[0.751s] -- The CXX compiler identification is GNU 9.4.0
[0.758s] -- Check for working C compiler: /usr/bin/cc
[0.979s] -- Check for working C compiler: /usr/bin/cc -- works
[0.979s] -- Detecting C compiler ABI info
[1.182s] -- Detecting C compiler ABI info - done
[1.199s] -- Detecting C compile features
[1.201s] -- Detecting C compile features - done
[1.207s] -- Check for working CXX compiler: /usr/bin/c++
[1.401s] -- Check for working CXX compiler: /usr/bin/c++ -- works
[1.401s] -- Detecting CXX compiler ABI info
[1.573s] -- Detecting CXX compiler ABI info - done
[1.597s] -- Detecting CXX compile features
[1.597s] -- Detecting CXX compile features - done
[1.614s] -- Found ament_cmake_ros: 0.9.2 (/home/locobot/Documents/kobuki/install/share/ament_cmake_ros/cmake)
[1.643s] -- Found PythonInterp: /usr/bin/python3 (found suitable version "3.8.10", minimum required is "3") 
[1.644s] -- Using PYTHON_EXECUTABLE: /usr/bin/python3
[1.998s] -- Found ecl_build: 1.0.3 (/home/locobot/Documents/kobuki/install/share/ecl_build/cmake)
[2.011s] -- Found ecl_config: 1.1.0 (/home/locobot/Documents/kobuki/install/share/ecl_config/cmake)
[2.018s] -- Found ecl_errors: 1.1.0 (/home/locobot/Documents/kobuki/install/share/ecl_errors/cmake)
[2.233s] -- Configuring done
[2.294s] -- Generating done
[2.337s] -- Build files have been written to: /home/locobot/Documents/kobuki/build/ecl_io
[2.360s] Invoked command in '/home/locobot/Documents/kobuki/build/ecl_io' returned '0': AMENT_PREFIX_PATH=/home/locobot/Documents/kobuki/install CMAKE_PREFIX_PATH=/home/locobot/Documents/kobuki/install LD_LIBRARY_PATH=/home/locobot/Documents/kobuki/install/lib PATH=/home/locobot/Documents/kobuki/install/bin:${PATH} PYTHONPATH=/home/locobot/Documents/kobuki/install/lib/python3.8/site-packages /usr/bin/cmake /home/locobot/Documents/kobuki/src/ecl_lite/ecl_io -DBUILD_TESTING=OFF -DCMAKE_INSTALL_PREFIX=/home/locobot/Documents/kobuki/install
[2.374s] Invoking command in '/home/locobot/Documents/kobuki/build/ecl_io': AMENT_PREFIX_PATH=/home/locobot/Documents/kobuki/install CMAKE_PREFIX_PATH=/home/locobot/Documents/kobuki/install LD_LIBRARY_PATH=/home/locobot/Documents/kobuki/install/lib PATH=/home/locobot/Documents/kobuki/install/bin:${PATH} PYTHONPATH=/home/locobot/Documents/kobuki/install/lib/python3.8/site-packages /usr/bin/cmake --build /home/locobot/Documents/kobuki/build/ecl_io -- -j4 -l4
[2.563s] [35m[1mScanning dependencies of target ecl_io[0m
[2.661s] [ 10%] [32mBuilding CXX object src/lib/CMakeFiles/ecl_io.dir/poll.cpp.o[0m
[3.139s] [ 20%] [32mBuilding CXX object src/lib/CMakeFiles/ecl_io.dir/sockets.cpp.o[0m
[3.650s] [ 30%] [32mBuilding CXX object src/lib/CMakeFiles/ecl_io.dir/socketpair.cpp.o[0m
[4.071s] [ 40%] [32m[1mLinking CXX shared library libecl_io.so[0m
[4.303s] [ 40%] Built target ecl_io
[4.339s] [35m[1mScanning dependencies of target ecl_io_example_poll[0m
[4.358s] [ 50%] [32mBuilding CXX object src/examples/CMakeFiles/ecl_io_example_poll.dir/poll.cpp.o[0m
[4.907s] [ 60%] [32m[1mLinking CXX executable demo_poll[0m
[5.144s] [ 60%] Built target ecl_io_example_poll
[5.173s] [35m[1mScanning dependencies of target ecl_io_example_sockets[0m
[5.177s] [ 70%] [32mBuilding CXX object src/examples/CMakeFiles/ecl_io_example_sockets.dir/sockets.cpp.o[0m
[5.924s] [ 80%] [32m[1mLinking CXX executable demo_sockets[0m
[6.063s] [ 80%] Built target ecl_io_example_sockets
[6.078s] [35m[1mScanning dependencies of target ecl_io_example_socketpair[0m
[6.095s] [ 90%] [32mBuilding CXX object src/examples/CMakeFiles/ecl_io_example_socketpair.dir/socketpair.cpp.o[0m
[6.827s] [100%] [32m[1mLinking CXX executable demo_socketpair[0m
[7.040s] [100%] Built target ecl_io_example_socketpair
[7.087s] Invoked command in '/home/locobot/Documents/kobuki/build/ecl_io' returned '0': AMENT_PREFIX_PATH=/home/locobot/Documents/kobuki/install CMAKE_PREFIX_PATH=/home/locobot/Documents/kobuki/install LD_LIBRARY_PATH=/home/locobot/Documents/kobuki/install/lib PATH=/home/locobot/Documents/kobuki/install/bin:${PATH} PYTHONPATH=/home/locobot/Documents/kobuki/install/lib/python3.8/site-packages /usr/bin/cmake --build /home/locobot/Documents/kobuki/build/ecl_io -- -j4 -l4
[7.096s] Invoking command in '/home/locobot/Documents/kobuki/build/ecl_io': AMENT_PREFIX_PATH=/home/locobot/Documents/kobuki/install CMAKE_PREFIX_PATH=/home/locobot/Documents/kobuki/install LD_LIBRARY_PATH=/home/locobot/Documents/kobuki/install/lib PATH=/home/locobot/Documents/kobuki/install/bin:${PATH} PYTHONPATH=/home/locobot/Documents/kobuki/install/lib/python3.8/site-packages /usr/bin/cmake --install /home/locobot/Documents/kobuki/build/ecl_io
[7.115s] -- Install configuration: ""
[7.117s] -- Installing: /home/locobot/Documents/kobuki/install/share/ecl_io/environment/library_path.sh
[7.118s] -- Installing: /home/locobot/Documents/kobuki/install/share/ecl_io/environment/library_path.dsv
[7.120s] -- Installing: /home/locobot/Documents/kobuki/install/share/ament_index/resource_index/package_run_dependencies/ecl_io
[7.123s] -- Installing: /home/locobot/Documents/kobuki/install/share/ament_index/resource_index/parent_prefix_path/ecl_io
[7.125s] -- Installing: /home/locobot/Documents/kobuki/install/share/ecl_io/environment/ament_prefix_path.sh
[7.128s] -- Installing: /home/locobot/Documents/kobuki/install/share/ecl_io/environment/ament_prefix_path.dsv
[7.130s] -- Installing: /home/locobot/Documents/kobuki/install/share/ecl_io/environment/path.sh
[7.131s] -- Installing: /home/locobot/Documents/kobuki/install/share/ecl_io/environment/path.dsv
[7.133s] -- Installing: /home/locobot/Documents/kobuki/install/share/ecl_io/local_setup.bash
[7.135s] -- Installing: /home/locobot/Documents/kobuki/install/share/ecl_io/local_setup.sh
[7.136s] -- Installing: /home/locobot/Documents/kobuki/install/share/ecl_io/local_setup.zsh
[7.138s] -- Installing: /home/locobot/Documents/kobuki/install/share/ecl_io/local_setup.dsv
[7.139s] -- Installing: /home/locobot/Documents/kobuki/install/share/ecl_io/package.dsv
[7.141s] -- Installing: /home/locobot/Documents/kobuki/install/share/ament_index/resource_index/packages/ecl_io
[7.142s] -- Installing: /home/locobot/Documents/kobuki/install/share/ecl_io/cmake/ecl_ioExport.cmake
[7.144s] -- Installing: /home/locobot/Documents/kobuki/install/share/ecl_io/cmake/ecl_ioExport-noconfig.cmake
[7.146s] -- Installing: /home/locobot/Documents/kobuki/install/share/ecl_io/cmake/ament_cmake_export_targets-extras.cmake
[7.148s] -- Installing: /home/locobot/Documents/kobuki/install/share/ecl_io/cmake/ament_cmake_export_include_directories-extras.cmake
[7.150s] -- Installing: /home/locobot/Documents/kobuki/install/share/ecl_io/cmake/ament_cmake_export_libraries-extras.cmake
[7.151s] -- Installing: /home/locobot/Documents/kobuki/install/share/ecl_io/cmake/ament_cmake_export_dependencies-extras.cmake
[7.153s] -- Installing: /home/locobot/Documents/kobuki/install/share/ecl_io/cmake/ecl_ioConfig.cmake
[7.154s] -- Installing: /home/locobot/Documents/kobuki/install/share/ecl_io/cmake/ecl_ioConfig-version.cmake
[7.156s] -- Installing: /home/locobot/Documents/kobuki/install/share/ecl_io/package.xml
[7.158s] -- Installing: /home/locobot/Documents/kobuki/install/include/ecl/io.hpp
[7.159s] -- Installing: /home/locobot/Documents/kobuki/install/include/ecl/sockets/macros.hpp
[7.161s] -- Installing: /home/locobot/Documents/kobuki/install/include/ecl/sockets/poll.hpp
[7.162s] -- Installing: /home/locobot/Documents/kobuki/install/include/ecl/sockets/socketpair.hpp
[7.164s] -- Installing: /home/locobot/Documents/kobuki/install/include/ecl/sockets/sockets.hpp
[7.166s] -- Installing: /home/locobot/Documents/kobuki/install/lib/libecl_io.so.1.1.0
[7.169s] -- Set runtime path of "/home/locobot/Documents/kobuki/install/lib/libecl_io.so.1.1.0" to ""
[7.170s] -- Installing: /home/locobot/Documents/kobuki/install/lib/libecl_io.so
[7.171s] -- Installing: /home/locobot/Documents/kobuki/install/lib/ecl_io/demo_sockets
[7.174s] -- Set runtime path of "/home/locobot/Documents/kobuki/install/lib/ecl_io/demo_sockets" to ""
[7.175s] -- Installing: /home/locobot/Documents/kobuki/install/lib/ecl_io/demo_socketpair
[7.178s] -- Set runtime path of "/home/locobot/Documents/kobuki/install/lib/ecl_io/demo_socketpair" to ""
[7.179s] -- Installing: /home/locobot/Documents/kobuki/install/lib/ecl_io/demo_poll
[7.182s] -- Set runtime path of "/home/locobot/Documents/kobuki/install/lib/ecl_io/demo_poll" to ""
[7.185s] Invoked command in '/home/locobot/Documents/kobuki/build/ecl_io' returned '0': AMENT_PREFIX_PATH=/home/locobot/Documents/kobuki/install CMAKE_PREFIX_PATH=/home/locobot/Documents/kobuki/install LD_LIBRARY_PATH=/home/locobot/Documents/kobuki/install/lib PATH=/home/locobot/Documents/kobuki/install/bin:${PATH} PYTHONPATH=/home/locobot/Documents/kobuki/install/lib/python3.8/site-packages /usr/bin/cmake --install /home/locobot/Documents/kobuki/build/ecl_io
