Performing C++ SOURCE FILE Test COMPILER_SUPPORT_Wshorten64to32 failed with the following output:
Change Dir: /home/locobot/Documents/kobuki/build/eigen/CMakeFiles/CMakeTmp

Run Build Command(s):/usr/bin/make cmTC_55d27/fast && /usr/bin/make -f CMakeFiles/cmTC_55d27.dir/build.make CMakeFiles/cmTC_55d27.dir/build
make[1]: Entering directory '/home/locobot/Documents/kobuki/build/eigen/CMakeFiles/CMakeTmp'
Building CXX object CMakeFiles/cmTC_55d27.dir/src.cxx.o
/usr/bin/c++    -std=c++03 -pedantic -Wall -Wextra -Wundef -Wcast-align -Wchar-subscripts -Wnon-virtual-dtor -Wunused-local-typedefs -Wpointer-arith -Wwrite-strings -Wformat-security -DCOMPILER_SUPPORT_Wshorten64to32 -Werror   -Wshorten-64-to-32 -o CMakeFiles/cmTC_55d27.dir/src.cxx.o -c /home/locobot/Documents/kobuki/build/eigen/CMakeFiles/CMakeTmp/src.cxx
c++: error: unrecognized command line option '-Wshorten-64-to-32'
make[1]: *** [CMakeFiles/cmTC_55d27.dir/build.make:66: CMakeFiles/cmTC_55d27.dir/src.cxx.o] Error 1
make[1]: Leaving directory '/home/locobot/Documents/kobuki/build/eigen/CMakeFiles/CMakeTmp'
make: *** [Makefile:121: cmTC_55d27/fast] Error 2


Source file was:
int main() { return 0; }
Performing C++ SOURCE FILE Test COMPILER_SUPPORT_Wenumconversion failed with the following output:
Change Dir: /home/locobot/Documents/kobuki/build/eigen/CMakeFiles/CMakeTmp

Run Build Command(s):/usr/bin/make cmTC_14802/fast && /usr/bin/make -f CMakeFiles/cmTC_14802.dir/build.make CMakeFiles/cmTC_14802.dir/build
make[1]: Entering directory '/home/locobot/Documents/kobuki/build/eigen/CMakeFiles/CMakeTmp'
Building CXX object CMakeFiles/cmTC_14802.dir/src.cxx.o
/usr/bin/c++    -std=c++03 -pedantic -Wall -Wextra -Wundef -Wcast-align -Wchar-subscripts -Wnon-virtual-dtor -Wunused-local-typedefs -Wpointer-arith -Wwrite-strings -Wformat-security -Wlogical-op -DCOMPILER_SUPPORT_Wenumconversion -Werror   -Wenum-conversion -o CMakeFiles/cmTC_14802.dir/src.cxx.o -c /home/locobot/Documents/kobuki/build/eigen/CMakeFiles/CMakeTmp/src.cxx
c++: error: unrecognized command line option '-Wenum-conversion'; did you mean '-Wno-conversion'?
make[1]: *** [CMakeFiles/cmTC_14802.dir/build.make:66: CMakeFiles/cmTC_14802.dir/src.cxx.o] Error 1
make[1]: Leaving directory '/home/locobot/Documents/kobuki/build/eigen/CMakeFiles/CMakeTmp'
make: *** [Makefile:121: cmTC_14802/fast] Error 2


Source file was:
int main() { return 0; }
Performing C++ SOURCE FILE Test COMPILER_SUPPORT_Wcpp11extensions failed with the following output:
Change Dir: /home/locobot/Documents/kobuki/build/eigen/CMakeFiles/CMakeTmp

Run Build Command(s):/usr/bin/make cmTC_1542a/fast && /usr/bin/make -f CMakeFiles/cmTC_1542a.dir/build.make CMakeFiles/cmTC_1542a.dir/build
make[1]: Entering directory '/home/locobot/Documents/kobuki/build/eigen/CMakeFiles/CMakeTmp'
Building CXX object CMakeFiles/cmTC_1542a.dir/src.cxx.o
/usr/bin/c++    -std=c++03 -pedantic -Wall -Wextra -Wundef -Wcast-align -Wchar-subscripts -Wnon-virtual-dtor -Wunused-local-typedefs -Wpointer-arith -Wwrite-strings -Wformat-security -Wlogical-op -DCOMPILER_SUPPORT_Wcpp11extensions -Werror   -Wc++11-extensions -o CMakeFiles/cmTC_1542a.dir/src.cxx.o -c /home/locobot/Documents/kobuki/build/eigen/CMakeFiles/CMakeTmp/src.cxx
c++: error: unrecognized command line option '-Wc++11-extensions'; did you mean '-fms-extensions'?
make[1]: *** [CMakeFiles/cmTC_1542a.dir/build.make:66: CMakeFiles/cmTC_1542a.dir/src.cxx.o] Error 1
make[1]: Leaving directory '/home/locobot/Documents/kobuki/build/eigen/CMakeFiles/CMakeTmp'
make: *** [Makefile:121: cmTC_1542a/fast] Error 2


Source file was:
int main() { return 0; }
Performing C++ SOURCE FILE Test COMPILER_SUPPORT_wd981 failed with the following output:
Change Dir: /home/locobot/Documents/kobuki/build/eigen/CMakeFiles/CMakeTmp

Run Build Command(s):/usr/bin/make cmTC_fef43/fast && /usr/bin/make -f CMakeFiles/cmTC_fef43.dir/build.make CMakeFiles/cmTC_fef43.dir/build
make[1]: Entering directory '/home/locobot/Documents/kobuki/build/eigen/CMakeFiles/CMakeTmp'
Building CXX object CMakeFiles/cmTC_fef43.dir/src.cxx.o
/usr/bin/c++    -std=c++03 -pedantic -Wall -Wextra -Wundef -Wcast-align -Wchar-subscripts -Wnon-virtual-dtor -Wunused-local-typedefs -Wpointer-arith -Wwrite-strings -Wformat-security -Wlogical-op -Wdouble-promotion -Wno-psabi -Wno-variadic-macros -Wno-long-long -fno-check-new -fno-common -fstrict-aliasing -DCOMPILER_SUPPORT_wd981 -Werror   -wd981 -o CMakeFiles/cmTC_fef43.dir/src.cxx.o -c /home/locobot/Documents/kobuki/build/eigen/CMakeFiles/CMakeTmp/src.cxx
c++: error: unrecognized command line option '-wd981'
make[1]: *** [CMakeFiles/cmTC_fef43.dir/build.make:66: CMakeFiles/cmTC_fef43.dir/src.cxx.o] Error 1
make[1]: Leaving directory '/home/locobot/Documents/kobuki/build/eigen/CMakeFiles/CMakeTmp'
make: *** [Makefile:121: cmTC_fef43/fast] Error 2


Source file was:
int main() { return 0; }
Performing C++ SOURCE FILE Test COMPILER_SUPPORT_wd2304 failed with the following output:
Change Dir: /home/locobot/Documents/kobuki/build/eigen/CMakeFiles/CMakeTmp

Run Build Command(s):/usr/bin/make cmTC_21301/fast && /usr/bin/make -f CMakeFiles/cmTC_21301.dir/build.make CMakeFiles/cmTC_21301.dir/build
make[1]: Entering directory '/home/locobot/Documents/kobuki/build/eigen/CMakeFiles/CMakeTmp'
Building CXX object CMakeFiles/cmTC_21301.dir/src.cxx.o
/usr/bin/c++    -std=c++03 -pedantic -Wall -Wextra -Wundef -Wcast-align -Wchar-subscripts -Wnon-virtual-dtor -Wunused-local-typedefs -Wpointer-arith -Wwrite-strings -Wformat-security -Wlogical-op -Wdouble-promotion -Wno-psabi -Wno-variadic-macros -Wno-long-long -fno-check-new -fno-common -fstrict-aliasing -DCOMPILER_SUPPORT_wd2304 -Werror   -wd2304 -o CMakeFiles/cmTC_21301.dir/src.cxx.o -c /home/locobot/Documents/kobuki/build/eigen/CMakeFiles/CMakeTmp/src.cxx
c++: error: unrecognized command line option '-wd2304'
make[1]: *** [CMakeFiles/cmTC_21301.dir/build.make:66: CMakeFiles/cmTC_21301.dir/src.cxx.o] Error 1
make[1]: Leaving directory '/home/locobot/Documents/kobuki/build/eigen/CMakeFiles/CMakeTmp'
make: *** [Makefile:121: cmTC_21301/fast] Error 2


Source file was:
int main() { return 0; }
Performing C++ SOURCE FILE Test COMPILER_SUPPORT_STRICTANSI failed with the following output:
Change Dir: /home/locobot/Documents/kobuki/build/eigen/CMakeFiles/CMakeTmp

Run Build Command(s):/usr/bin/make cmTC_10745/fast && /usr/bin/make -f CMakeFiles/cmTC_10745.dir/build.make CMakeFiles/cmTC_10745.dir/build
make[1]: Entering directory '/home/locobot/Documents/kobuki/build/eigen/CMakeFiles/CMakeTmp'
Building CXX object CMakeFiles/cmTC_10745.dir/src.cxx.o
/usr/bin/c++    -std=c++03 -pedantic -Wall -Wextra -Wundef -Wcast-align -Wchar-subscripts -Wnon-virtual-dtor -Wunused-local-typedefs -Wpointer-arith -Wwrite-strings -Wformat-security -Wlogical-op -Wdouble-promotion -Wno-psabi -Wno-variadic-macros -Wno-long-long -fno-check-new -fno-common -fstrict-aliasing -DCOMPILER_SUPPORT_STRICTANSI -Werror   -strict-ansi -o CMakeFiles/cmTC_10745.dir/src.cxx.o -c /home/locobot/Documents/kobuki/build/eigen/CMakeFiles/CMakeTmp/src.cxx
c++: error: unrecognized command line option '-strict-ansi'; did you mean '-fstrict-enums'?
make[1]: *** [CMakeFiles/cmTC_10745.dir/build.make:66: CMakeFiles/cmTC_10745.dir/src.cxx.o] Error 1
make[1]: Leaving directory '/home/locobot/Documents/kobuki/build/eigen/CMakeFiles/CMakeTmp'
make: *** [Makefile:121: cmTC_10745/fast] Error 2


Source file was:
int main() { return 0; }
Performing C++ SOURCE FILE Test COMPILER_SUPPORT_Qunusedarguments failed with the following output:
Change Dir: /home/locobot/Documents/kobuki/build/eigen/CMakeFiles/CMakeTmp

Run Build Command(s):/usr/bin/make cmTC_1e1f8/fast && /usr/bin/make -f CMakeFiles/cmTC_1e1f8.dir/build.make CMakeFiles/cmTC_1e1f8.dir/build
make[1]: Entering directory '/home/locobot/Documents/kobuki/build/eigen/CMakeFiles/CMakeTmp'
Building CXX object CMakeFiles/cmTC_1e1f8.dir/src.cxx.o
/usr/bin/c++    -std=c++03 -pedantic -Wall -Wextra -Wundef -Wcast-align -Wchar-subscripts -Wnon-virtual-dtor -Wunused-local-typedefs -Wpointer-arith -Wwrite-strings -Wformat-security -Wlogical-op -Wdouble-promotion -Wno-psabi -Wno-variadic-macros -Wno-long-long -fno-check-new -fno-common -fstrict-aliasing -DCOMPILER_SUPPORT_Qunusedarguments -Werror   -Qunused-arguments -o CMakeFiles/cmTC_1e1f8.dir/src.cxx.o -c /home/locobot/Documents/kobuki/build/eigen/CMakeFiles/CMakeTmp/src.cxx
c++: error: unrecognized command line option '-Qunused-arguments'
make[1]: *** [CMakeFiles/cmTC_1e1f8.dir/build.make:66: CMakeFiles/cmTC_1e1f8.dir/src.cxx.o] Error 1
make[1]: Leaving directory '/home/locobot/Documents/kobuki/build/eigen/CMakeFiles/CMakeTmp'
make: *** [Makefile:121: cmTC_1e1f8/fast] Error 2


Source file was:
int main() { return 0; }
