Re-run cmake no build system arguments
-- Found ament_cmake_ros: 0.9.2 (/home/locobot/Documents/kobuki/install/share/ament_cmake_ros/cmake)
-- Using PYTHON_EXECUTABLE: /usr/bin/python3
-- Configuring done
-- Generating done
-- Build files have been written to: /home/locobot/Documents/kobuki/build/ecl_eigen
/usr/bin/cmake -S/home/locobot/Documents/kobuki/src/ecl_core/ecl_eigen -B/home/locobot/Documents/kobuki/build/ecl_eigen --check-build-system CMakeFiles/Makefile.cmake 0
/usr/bin/cmake -E cmake_progress_start /home/locobot/Documents/kobuki/build/ecl_eigen/CMakeFiles /home/locobot/Documents/kobuki/build/ecl_eigen/CMakeFiles/progress.marks
/usr/bin/make -f CMakeFiles/Makefile2 all
make[1]: Entering directory '/home/locobot/Documents/kobuki/build/ecl_eigen'
make[1]: Nothing to be done for 'all'.
make[1]: Leaving directory '/home/locobot/Documents/kobuki/build/ecl_eigen'
/usr/bin/cmake -E cmake_progress_start /home/locobot/Documents/kobuki/build/ecl_eigen/CMakeFiles 0
-- Install configuration: ""
-- Up-to-date: /home/locobot/Documents/kobuki/install/include/ecl/eigen.hpp
-- Up-to-date: /home/locobot/Documents/kobuki/install/share/ament_index/resource_index/package_run_dependencies/ecl_eigen
-- Up-to-date: /home/locobot/Documents/kobuki/install/share/ament_index/resource_index/parent_prefix_path/ecl_eigen
-- Up-to-date: /home/locobot/Documents/kobuki/install/share/ecl_eigen/environment/ament_prefix_path.sh
-- Installing: /home/locobot/Documents/kobuki/install/share/ecl_eigen/environment/ament_prefix_path.dsv
-- Up-to-date: /home/locobot/Documents/kobuki/install/share/ecl_eigen/environment/path.sh
-- Installing: /home/locobot/Documents/kobuki/install/share/ecl_eigen/environment/path.dsv
-- Up-to-date: /home/locobot/Documents/kobuki/install/share/ecl_eigen/local_setup.bash
-- Up-to-date: /home/locobot/Documents/kobuki/install/share/ecl_eigen/local_setup.sh
-- Up-to-date: /home/locobot/Documents/kobuki/install/share/ecl_eigen/local_setup.zsh
-- Installing: /home/locobot/Documents/kobuki/install/share/ecl_eigen/local_setup.dsv
-- Installing: /home/locobot/Documents/kobuki/install/share/ecl_eigen/package.dsv
-- Up-to-date: /home/locobot/Documents/kobuki/install/share/ament_index/resource_index/packages/ecl_eigen
-- Up-to-date: /home/locobot/Documents/kobuki/install/share/ecl_eigen/cmake/ecl_eigenExport.cmake
-- Up-to-date: /home/locobot/Documents/kobuki/install/share/ecl_eigen/cmake/ament_cmake_export_targets-extras.cmake
-- Up-to-date: /home/locobot/Documents/kobuki/install/share/ecl_eigen/cmake/ament_cmake_export_include_directories-extras.cmake
-- Up-to-date: /home/locobot/Documents/kobuki/install/share/ecl_eigen/cmake/ament_cmake_export_dependencies-extras.cmake
-- Up-to-date: /home/locobot/Documents/kobuki/install/share/ecl_eigen/cmake/ecl_eigenConfig.cmake
-- Up-to-date: /home/locobot/Documents/kobuki/install/share/ecl_eigen/cmake/ecl_eigenConfig-version.cmake
-- Up-to-date: /home/locobot/Documents/kobuki/install/share/ecl_eigen/package.xml
-- Up-to-date: /home/locobot/Documents/kobuki/install/share/licenses/eigen/COPYING.LESSER
