[0.847s] Invoking command in '/home/locobot/Documents/kobuki/build/ecl_eigen': AMENT_PREFIX_PATH=/home/locobot/Documents/kobuki/install CMAKE_PREFIX_PATH=/home/locobot/Documents/kobuki/install LD_LIBRARY_PATH=/home/locobot/Documents/kobuki/install/lib PATH=/home/locobot/Documents/kobuki/install/bin:${PATH} PYTHONPATH=/home/locobot/Documents/kobuki/install/lib/python3.8/site-packages /usr/bin/cmake /home/locobot/Documents/kobuki/src/ecl_core/ecl_eigen -DBUILD_TESTING=OFF -DCMAKE_INSTALL_PREFIX=/home/locobot/Documents/kobuki/install
[0.851s] Re-run cmake no build system arguments
[0.856s] -- Found ament_cmake_ros: 0.9.2 (/home/locobot/Documents/kobuki/install/share/ament_cmake_ros/cmake)
[0.882s] -- Using PYTHON_EXECUTABLE: /usr/bin/python3
[1.193s] -- Configuring done
[1.212s] -- Generating done
[1.215s] -- Build files have been written to: /home/locobot/Documents/kobuki/build/ecl_eigen
[1.235s] Invoked command in '/home/locobot/Documents/kobuki/build/ecl_eigen' returned '0': AMENT_PREFIX_PATH=/home/locobot/Documents/kobuki/install CMAKE_PREFIX_PATH=/home/locobot/Documents/kobuki/install LD_LIBRARY_PATH=/home/locobot/Documents/kobuki/install/lib PATH=/home/locobot/Documents/kobuki/install/bin:${PATH} PYTHONPATH=/home/locobot/Documents/kobuki/install/lib/python3.8/site-packages /usr/bin/cmake /home/locobot/Documents/kobuki/src/ecl_core/ecl_eigen -DBUILD_TESTING=OFF -DCMAKE_INSTALL_PREFIX=/home/locobot/Documents/kobuki/install
[1.245s] Invoking command in '/home/locobot/Documents/kobuki/build/ecl_eigen': AMENT_PREFIX_PATH=/home/locobot/Documents/kobuki/install CMAKE_PREFIX_PATH=/home/locobot/Documents/kobuki/install LD_LIBRARY_PATH=/home/locobot/Documents/kobuki/install/lib PATH=/home/locobot/Documents/kobuki/install/bin:${PATH} PYTHONPATH=/home/locobot/Documents/kobuki/install/lib/python3.8/site-packages /usr/bin/cmake --build /home/locobot/Documents/kobuki/build/ecl_eigen -- -j4 -l4
[1.260s] /usr/bin/cmake -S/home/locobot/Documents/kobuki/src/ecl_core/ecl_eigen -B/home/locobot/Documents/kobuki/build/ecl_eigen --check-build-system CMakeFiles/Makefile.cmake 0
[1.274s] /usr/bin/cmake -E cmake_progress_start /home/locobot/Documents/kobuki/build/ecl_eigen/CMakeFiles /home/locobot/Documents/kobuki/build/ecl_eigen/CMakeFiles/progress.marks
[1.288s] /usr/bin/make -f CMakeFiles/Makefile2 all
[1.289s] make[1]: Entering directory '/home/locobot/Documents/kobuki/build/ecl_eigen'
[1.290s] make[1]: Nothing to be done for 'all'.
[1.291s] make[1]: Leaving directory '/home/locobot/Documents/kobuki/build/ecl_eigen'
[1.292s] /usr/bin/cmake -E cmake_progress_start /home/locobot/Documents/kobuki/build/ecl_eigen/CMakeFiles 0
[1.311s] Invoked command in '/home/locobot/Documents/kobuki/build/ecl_eigen' returned '0': AMENT_PREFIX_PATH=/home/locobot/Documents/kobuki/install CMAKE_PREFIX_PATH=/home/locobot/Documents/kobuki/install LD_LIBRARY_PATH=/home/locobot/Documents/kobuki/install/lib PATH=/home/locobot/Documents/kobuki/install/bin:${PATH} PYTHONPATH=/home/locobot/Documents/kobuki/install/lib/python3.8/site-packages /usr/bin/cmake --build /home/locobot/Documents/kobuki/build/ecl_eigen -- -j4 -l4
[1.313s] Invoking command in '/home/locobot/Documents/kobuki/build/ecl_eigen': AMENT_PREFIX_PATH=/home/locobot/Documents/kobuki/install CMAKE_PREFIX_PATH=/home/locobot/Documents/kobuki/install LD_LIBRARY_PATH=/home/locobot/Documents/kobuki/install/lib PATH=/home/locobot/Documents/kobuki/install/bin:${PATH} PYTHONPATH=/home/locobot/Documents/kobuki/install/lib/python3.8/site-packages /usr/bin/cmake --install /home/locobot/Documents/kobuki/build/ecl_eigen
[1.325s] -- Install configuration: ""
[1.326s] -- Up-to-date: /home/locobot/Documents/kobuki/install/include/ecl/eigen.hpp
[1.326s] -- Up-to-date: /home/locobot/Documents/kobuki/install/share/ament_index/resource_index/package_run_dependencies/ecl_eigen
[1.327s] -- Up-to-date: /home/locobot/Documents/kobuki/install/share/ament_index/resource_index/parent_prefix_path/ecl_eigen
[1.327s] -- Up-to-date: /home/locobot/Documents/kobuki/install/share/ecl_eigen/environment/ament_prefix_path.sh
[1.328s] -- Installing: /home/locobot/Documents/kobuki/install/share/ecl_eigen/environment/ament_prefix_path.dsv
[1.328s] -- Up-to-date: /home/locobot/Documents/kobuki/install/share/ecl_eigen/environment/path.sh
[1.329s] -- Installing: /home/locobot/Documents/kobuki/install/share/ecl_eigen/environment/path.dsv
[1.329s] -- Up-to-date: /home/locobot/Documents/kobuki/install/share/ecl_eigen/local_setup.bash
[1.331s] -- Up-to-date: /home/locobot/Documents/kobuki/install/share/ecl_eigen/local_setup.sh
[1.332s] -- Up-to-date: /home/locobot/Documents/kobuki/install/share/ecl_eigen/local_setup.zsh
[1.333s] -- Installing: /home/locobot/Documents/kobuki/install/share/ecl_eigen/local_setup.dsv
[1.334s] -- Installing: /home/locobot/Documents/kobuki/install/share/ecl_eigen/package.dsv
[1.339s] -- Up-to-date: /home/locobot/Documents/kobuki/install/share/ament_index/resource_index/packages/ecl_eigen
[1.339s] -- Up-to-date: /home/locobot/Documents/kobuki/install/share/ecl_eigen/cmake/ecl_eigenExport.cmake
[1.340s] -- Up-to-date: /home/locobot/Documents/kobuki/install/share/ecl_eigen/cmake/ament_cmake_export_targets-extras.cmake
[1.340s] -- Up-to-date: /home/locobot/Documents/kobuki/install/share/ecl_eigen/cmake/ament_cmake_export_include_directories-extras.cmake
[1.341s] -- Up-to-date: /home/locobot/Documents/kobuki/install/share/ecl_eigen/cmake/ament_cmake_export_dependencies-extras.cmake
[1.341s] -- Up-to-date: /home/locobot/Documents/kobuki/install/share/ecl_eigen/cmake/ecl_eigenConfig.cmake
[1.342s] -- Up-to-date: /home/locobot/Documents/kobuki/install/share/ecl_eigen/cmake/ecl_eigenConfig-version.cmake
[1.342s] -- Up-to-date: /home/locobot/Documents/kobuki/install/share/ecl_eigen/package.xml
[1.342s] -- Up-to-date: /home/locobot/Documents/kobuki/install/share/licenses/eigen/COPYING.LESSER
[1.351s] Invoked command in '/home/locobot/Documents/kobuki/build/ecl_eigen' returned '0': AMENT_PREFIX_PATH=/home/locobot/Documents/kobuki/install CMAKE_PREFIX_PATH=/home/locobot/Documents/kobuki/install LD_LIBRARY_PATH=/home/locobot/Documents/kobuki/install/lib PATH=/home/locobot/Documents/kobuki/install/bin:${PATH} PYTHONPATH=/home/locobot/Documents/kobuki/install/lib/python3.8/site-packages /usr/bin/cmake --install /home/locobot/Documents/kobuki/build/ecl_eigen
