[1.081s] Invoking command in '/home/locobot/Documents/kobuki/src/ament_lint/ament_pep257': AMENT_PREFIX_PATH=/home/locobot/Documents/kobuki/install CMAKE_PREFIX_PATH=/home/locobot/Documents/kobuki/install PATH=/home/locobot/Documents/kobuki/install/bin:${PATH} PYTHONPATH=/home/locobot/Documents/kobuki/build/ament_pep257/prefix_override:/home/locobot/.local/lib/python3.8/site-packages/colcon_core/task/python/colcon_distutils_commands:/home/locobot/Documents/kobuki/install/lib/python3.8/site-packages:/home/locobot/Documents/kobuki/install/lib/python3.8/site-packages /usr/bin/python3 -W ignore:setup.py install is deprecated -W ignore:easy_install command is deprecated setup.py egg_info --egg-base ../../../build/ament_pep257 build --build-base /home/locobot/Documents/kobuki/build/ament_pep257/build install --record /home/locobot/Documents/kobuki/build/ament_pep257/install.log --single-version-externally-managed install_data
[1.510s] running egg_info
[1.510s] creating ../../../build/ament_pep257/ament_pep257.egg-info
[1.510s] writing ../../../build/ament_pep257/ament_pep257.egg-info/PKG-INFO
[1.510s] writing dependency_links to ../../../build/ament_pep257/ament_pep257.egg-info/dependency_links.txt
[1.510s] writing entry points to ../../../build/ament_pep257/ament_pep257.egg-info/entry_points.txt
[1.510s] writing requirements to ../../../build/ament_pep257/ament_pep257.egg-info/requires.txt
[1.511s] writing top-level names to ../../../build/ament_pep257/ament_pep257.egg-info/top_level.txt
[1.511s] writing manifest file '../../../build/ament_pep257/ament_pep257.egg-info/SOURCES.txt'
[1.583s] reading manifest file '../../../build/ament_pep257/ament_pep257.egg-info/SOURCES.txt'
[1.585s] writing manifest file '../../../build/ament_pep257/ament_pep257.egg-info/SOURCES.txt'
[1.591s] running build
[1.592s] running build_py
[1.592s] creating /home/locobot/Documents/kobuki/build/ament_pep257/build
[1.592s] creating /home/locobot/Documents/kobuki/build/ament_pep257/build/lib
[1.593s] creating /home/locobot/Documents/kobuki/build/ament_pep257/build/lib/ament_pep257
[1.593s] copying ament_pep257/__init__.py -> /home/locobot/Documents/kobuki/build/ament_pep257/build/lib/ament_pep257
[1.593s] copying ament_pep257/pytest_marker.py -> /home/locobot/Documents/kobuki/build/ament_pep257/build/lib/ament_pep257
[1.593s] copying ament_pep257/main.py -> /home/locobot/Documents/kobuki/build/ament_pep257/build/lib/ament_pep257
[1.593s] running install
[1.598s] running install_lib
[1.602s] creating /home/locobot/Documents/kobuki/install/lib/python3.8/site-packages/ament_pep257
[1.604s] copying /home/locobot/Documents/kobuki/build/ament_pep257/build/lib/ament_pep257/__init__.py -> /home/locobot/Documents/kobuki/install/lib/python3.8/site-packages/ament_pep257
[1.604s] copying /home/locobot/Documents/kobuki/build/ament_pep257/build/lib/ament_pep257/pytest_marker.py -> /home/locobot/Documents/kobuki/install/lib/python3.8/site-packages/ament_pep257
[1.604s] copying /home/locobot/Documents/kobuki/build/ament_pep257/build/lib/ament_pep257/main.py -> /home/locobot/Documents/kobuki/install/lib/python3.8/site-packages/ament_pep257
[1.604s] byte-compiling /home/locobot/Documents/kobuki/install/lib/python3.8/site-packages/ament_pep257/__init__.py to __init__.cpython-38.pyc
[1.604s] byte-compiling /home/locobot/Documents/kobuki/install/lib/python3.8/site-packages/ament_pep257/pytest_marker.py to pytest_marker.cpython-38.pyc
[1.604s] byte-compiling /home/locobot/Documents/kobuki/install/lib/python3.8/site-packages/ament_pep257/main.py to main.cpython-38.pyc
[1.622s] running install_data
[1.623s] copying package.xml -> /home/locobot/Documents/kobuki/install/share/ament_pep257
[1.623s] copying resource/ament_pep257 -> /home/locobot/Documents/kobuki/install/share/ament_index/resource_index/packages
[1.623s] running install_egg_info
[1.623s] Copying ../../../build/ament_pep257/ament_pep257.egg-info to /home/locobot/Documents/kobuki/install/lib/python3.8/site-packages/ament_pep257-0.9.8-py3.8.egg-info
[1.624s] running install_scripts
[1.671s] Installing ament_pep257 script to /home/locobot/Documents/kobuki/install/bin
[1.671s] writing list of installed files to '/home/locobot/Documents/kobuki/build/ament_pep257/install.log'
[1.738s] Invoked command in '/home/locobot/Documents/kobuki/src/ament_lint/ament_pep257' returned '0': AMENT_PREFIX_PATH=/home/locobot/Documents/kobuki/install CMAKE_PREFIX_PATH=/home/locobot/Documents/kobuki/install PATH=/home/locobot/Documents/kobuki/install/bin:${PATH} PYTHONPATH=/home/locobot/Documents/kobuki/build/ament_pep257/prefix_override:/home/locobot/.local/lib/python3.8/site-packages/colcon_core/task/python/colcon_distutils_commands:/home/locobot/Documents/kobuki/install/lib/python3.8/site-packages:/home/locobot/Documents/kobuki/install/lib/python3.8/site-packages /usr/bin/python3 -W ignore:setup.py install is deprecated -W ignore:easy_install command is deprecated setup.py egg_info --egg-base ../../../build/ament_pep257 build --build-base /home/locobot/Documents/kobuki/build/ament_pep257/build install --record /home/locobot/Documents/kobuki/build/ament_pep257/install.log --single-version-externally-managed install_data
