[0.165s] Invoking command in '/home/locobot/Documents/kobuki/build/ament_cmake_clang_tidy': AMENT_PREFIX_PATH=/home/locobot/Documents/kobuki/install CMAKE_PREFIX_PATH=/home/locobot/Documents/kobuki/install LD_LIBRARY_PATH=/home/locobot/Documents/kobuki/install/lib PATH=/home/locobot/Documents/kobuki/install/bin:${PATH} PYTHONPATH=/home/locobot/Documents/kobuki/install/lib/python3.8/site-packages /usr/bin/cmake /home/locobot/Documents/kobuki/src/ament_lint/ament_cmake_clang_tidy -DBUILD_TESTING=OFF -DCMAKE_INSTALL_PREFIX=/home/locobot/Documents/kobuki/install
[0.183s] Re-run cmake no build system arguments
[0.183s] -- Found ament_cmake_core: 0.9.12 (/home/locobot/Documents/kobuki/install/share/ament_cmake_core/cmake)
[0.209s] -- Using PYTHON_EXECUTABLE: /usr/bin/python3
[0.546s] -- Found ament_cmake_test: 0.9.12 (/home/locobot/Documents/kobuki/install/share/ament_cmake_test/cmake)
[0.706s] -- Configuring done
[0.719s] -- Generating done
[0.724s] -- Build files have been written to: /home/locobot/Documents/kobuki/build/ament_cmake_clang_tidy
[0.730s] Invoked command in '/home/locobot/Documents/kobuki/build/ament_cmake_clang_tidy' returned '0': AMENT_PREFIX_PATH=/home/locobot/Documents/kobuki/install CMAKE_PREFIX_PATH=/home/locobot/Documents/kobuki/install LD_LIBRARY_PATH=/home/locobot/Documents/kobuki/install/lib PATH=/home/locobot/Documents/kobuki/install/bin:${PATH} PYTHONPATH=/home/locobot/Documents/kobuki/install/lib/python3.8/site-packages /usr/bin/cmake /home/locobot/Documents/kobuki/src/ament_lint/ament_cmake_clang_tidy -DBUILD_TESTING=OFF -DCMAKE_INSTALL_PREFIX=/home/locobot/Documents/kobuki/install
[0.731s] Invoking command in '/home/locobot/Documents/kobuki/build/ament_cmake_clang_tidy': AMENT_PREFIX_PATH=/home/locobot/Documents/kobuki/install CMAKE_PREFIX_PATH=/home/locobot/Documents/kobuki/install LD_LIBRARY_PATH=/home/locobot/Documents/kobuki/install/lib PATH=/home/locobot/Documents/kobuki/install/bin:${PATH} PYTHONPATH=/home/locobot/Documents/kobuki/install/lib/python3.8/site-packages /usr/bin/cmake --build /home/locobot/Documents/kobuki/build/ament_cmake_clang_tidy -- -j4 -l4
[0.761s] /usr/bin/cmake -S/home/locobot/Documents/kobuki/src/ament_lint/ament_cmake_clang_tidy -B/home/locobot/Documents/kobuki/build/ament_cmake_clang_tidy --check-build-system CMakeFiles/Makefile.cmake 0
[0.774s] /usr/bin/cmake -E cmake_progress_start /home/locobot/Documents/kobuki/build/ament_cmake_clang_tidy/CMakeFiles /home/locobot/Documents/kobuki/build/ament_cmake_clang_tidy/CMakeFiles/progress.marks
[0.786s] /usr/bin/make -f CMakeFiles/Makefile2 all
[0.787s] make[1]: Entering directory '/home/locobot/Documents/kobuki/build/ament_cmake_clang_tidy'
[0.788s] make[1]: Nothing to be done for 'all'.
[0.788s] make[1]: Leaving directory '/home/locobot/Documents/kobuki/build/ament_cmake_clang_tidy'
[0.789s] /usr/bin/cmake -E cmake_progress_start /home/locobot/Documents/kobuki/build/ament_cmake_clang_tidy/CMakeFiles 0
[0.810s] Invoked command in '/home/locobot/Documents/kobuki/build/ament_cmake_clang_tidy' returned '0': AMENT_PREFIX_PATH=/home/locobot/Documents/kobuki/install CMAKE_PREFIX_PATH=/home/locobot/Documents/kobuki/install LD_LIBRARY_PATH=/home/locobot/Documents/kobuki/install/lib PATH=/home/locobot/Documents/kobuki/install/bin:${PATH} PYTHONPATH=/home/locobot/Documents/kobuki/install/lib/python3.8/site-packages /usr/bin/cmake --build /home/locobot/Documents/kobuki/build/ament_cmake_clang_tidy -- -j4 -l4
[0.811s] Invoking command in '/home/locobot/Documents/kobuki/build/ament_cmake_clang_tidy': AMENT_PREFIX_PATH=/home/locobot/Documents/kobuki/install CMAKE_PREFIX_PATH=/home/locobot/Documents/kobuki/install LD_LIBRARY_PATH=/home/locobot/Documents/kobuki/install/lib PATH=/home/locobot/Documents/kobuki/install/bin:${PATH} PYTHONPATH=/home/locobot/Documents/kobuki/install/lib/python3.8/site-packages /usr/bin/cmake --install /home/locobot/Documents/kobuki/build/ament_cmake_clang_tidy
[0.822s] -- Install configuration: ""
[0.822s] -- Up-to-date: /home/locobot/Documents/kobuki/install/share/ament_index/resource_index/package_run_dependencies/ament_cmake_clang_tidy
[0.822s] -- Up-to-date: /home/locobot/Documents/kobuki/install/share/ament_index/resource_index/parent_prefix_path/ament_cmake_clang_tidy
[0.823s] -- Up-to-date: /home/locobot/Documents/kobuki/install/share/ament_cmake_clang_tidy/environment/ament_prefix_path.sh
[0.823s] -- Installing: /home/locobot/Documents/kobuki/install/share/ament_cmake_clang_tidy/environment/ament_prefix_path.dsv
[0.823s] -- Up-to-date: /home/locobot/Documents/kobuki/install/share/ament_cmake_clang_tidy/environment/path.sh
[0.823s] -- Installing: /home/locobot/Documents/kobuki/install/share/ament_cmake_clang_tidy/environment/path.dsv
[0.823s] -- Up-to-date: /home/locobot/Documents/kobuki/install/share/ament_cmake_clang_tidy/local_setup.bash
[0.823s] -- Up-to-date: /home/locobot/Documents/kobuki/install/share/ament_cmake_clang_tidy/local_setup.sh
[0.824s] -- Up-to-date: /home/locobot/Documents/kobuki/install/share/ament_cmake_clang_tidy/local_setup.zsh
[0.824s] -- Installing: /home/locobot/Documents/kobuki/install/share/ament_cmake_clang_tidy/local_setup.dsv
[0.824s] -- Installing: /home/locobot/Documents/kobuki/install/share/ament_cmake_clang_tidy/package.dsv
[0.824s] -- Up-to-date: /home/locobot/Documents/kobuki/install/share/ament_index/resource_index/packages/ament_cmake_clang_tidy
[0.824s] -- Up-to-date: /home/locobot/Documents/kobuki/install/share/ament_cmake_clang_tidy/cmake/ament_cmake_clang_tidy-extras.cmake
[0.824s] -- Up-to-date: /home/locobot/Documents/kobuki/install/share/ament_cmake_clang_tidy/cmake/ament_cmake_clang_tidyConfig.cmake
[0.825s] -- Up-to-date: /home/locobot/Documents/kobuki/install/share/ament_cmake_clang_tidy/cmake/ament_cmake_clang_tidyConfig-version.cmake
[0.825s] -- Up-to-date: /home/locobot/Documents/kobuki/install/share/ament_cmake_clang_tidy/package.xml
[0.825s] -- Up-to-date: /home/locobot/Documents/kobuki/install/share/ament_cmake_clang_tidy/cmake
[0.825s] -- Up-to-date: /home/locobot/Documents/kobuki/install/share/ament_cmake_clang_tidy/cmake/ament_cmake_clang_tidy_lint_hook.cmake
[0.825s] -- Up-to-date: /home/locobot/Documents/kobuki/install/share/ament_cmake_clang_tidy/cmake/ament_clang_tidy.cmake
[0.843s] Invoked command in '/home/locobot/Documents/kobuki/build/ament_cmake_clang_tidy' returned '0': AMENT_PREFIX_PATH=/home/locobot/Documents/kobuki/install CMAKE_PREFIX_PATH=/home/locobot/Documents/kobuki/install LD_LIBRARY_PATH=/home/locobot/Documents/kobuki/install/lib PATH=/home/locobot/Documents/kobuki/install/bin:${PATH} PYTHONPATH=/home/locobot/Documents/kobuki/install/lib/python3.8/site-packages /usr/bin/cmake --install /home/locobot/Documents/kobuki/build/ament_cmake_clang_tidy
