[0.825s] Invoking command in '/home/locobot/Documents/kobuki/build/ecl_concepts': AMENT_PREFIX_PATH=/home/locobot/Documents/kobuki/install CMAKE_PREFIX_PATH=/home/locobot/Documents/kobuki/install LD_LIBRARY_PATH=/home/locobot/Documents/kobuki/install/lib PATH=/home/locobot/Documents/kobuki/install/bin:${PATH} PYTHONPATH=/home/locobot/Documents/kobuki/install/lib/python3.8/site-packages /usr/bin/cmake /home/locobot/Documents/kobuki/src/ecl_core/ecl_concepts -DBUILD_TESTING=OFF -DCMAKE_INSTALL_PREFIX=/home/locobot/Documents/kobuki/install
[0.841s] Re-run cmake no build system arguments
[0.859s] -- Found ament_cmake_ros: 0.9.2 (/home/locobot/Documents/kobuki/install/share/ament_cmake_ros/cmake)
[0.874s] -- Using PYTHON_EXECUTABLE: /usr/bin/python3
[1.151s] -- Found ecl_build: 1.0.3 (/home/locobot/Documents/kobuki/install/share/ecl_build/cmake)
[1.175s] -- Found ecl_config: 1.1.0 (/home/locobot/Documents/kobuki/install/share/ecl_config/cmake)
[1.185s] -- Found ecl_type_traits: 1.2.1 (/home/locobot/Documents/kobuki/install/share/ecl_type_traits/cmake)
[1.361s] -- Configuring done
[1.390s] -- Generating done
[1.400s] -- Build files have been written to: /home/locobot/Documents/kobuki/build/ecl_concepts
[1.409s] Invoked command in '/home/locobot/Documents/kobuki/build/ecl_concepts' returned '0': AMENT_PREFIX_PATH=/home/locobot/Documents/kobuki/install CMAKE_PREFIX_PATH=/home/locobot/Documents/kobuki/install LD_LIBRARY_PATH=/home/locobot/Documents/kobuki/install/lib PATH=/home/locobot/Documents/kobuki/install/bin:${PATH} PYTHONPATH=/home/locobot/Documents/kobuki/install/lib/python3.8/site-packages /usr/bin/cmake /home/locobot/Documents/kobuki/src/ecl_core/ecl_concepts -DBUILD_TESTING=OFF -DCMAKE_INSTALL_PREFIX=/home/locobot/Documents/kobuki/install
[1.410s] Invoking command in '/home/locobot/Documents/kobuki/build/ecl_concepts': AMENT_PREFIX_PATH=/home/locobot/Documents/kobuki/install CMAKE_PREFIX_PATH=/home/locobot/Documents/kobuki/install LD_LIBRARY_PATH=/home/locobot/Documents/kobuki/install/lib PATH=/home/locobot/Documents/kobuki/install/bin:${PATH} PYTHONPATH=/home/locobot/Documents/kobuki/install/lib/python3.8/site-packages /usr/bin/cmake --build /home/locobot/Documents/kobuki/build/ecl_concepts -- -j4 -l4
[1.450s] /usr/bin/cmake -S/home/locobot/Documents/kobuki/src/ecl_core/ecl_concepts -B/home/locobot/Documents/kobuki/build/ecl_concepts --check-build-system CMakeFiles/Makefile.cmake 0
[1.465s] /usr/bin/cmake -E cmake_progress_start /home/locobot/Documents/kobuki/build/ecl_concepts/CMakeFiles /home/locobot/Documents/kobuki/build/ecl_concepts/CMakeFiles/progress.marks
[1.480s] /usr/bin/make -f CMakeFiles/Makefile2 all
[1.481s] make[1]: Entering directory '/home/locobot/Documents/kobuki/build/ecl_concepts'
[1.482s] make[1]: Nothing to be done for 'all'.
[1.482s] make[1]: Leaving directory '/home/locobot/Documents/kobuki/build/ecl_concepts'
[1.486s] /usr/bin/cmake -E cmake_progress_start /home/locobot/Documents/kobuki/build/ecl_concepts/CMakeFiles 0
[1.537s] Invoked command in '/home/locobot/Documents/kobuki/build/ecl_concepts' returned '0': AMENT_PREFIX_PATH=/home/locobot/Documents/kobuki/install CMAKE_PREFIX_PATH=/home/locobot/Documents/kobuki/install LD_LIBRARY_PATH=/home/locobot/Documents/kobuki/install/lib PATH=/home/locobot/Documents/kobuki/install/bin:${PATH} PYTHONPATH=/home/locobot/Documents/kobuki/install/lib/python3.8/site-packages /usr/bin/cmake --build /home/locobot/Documents/kobuki/build/ecl_concepts -- -j4 -l4
[1.538s] Invoking command in '/home/locobot/Documents/kobuki/build/ecl_concepts': AMENT_PREFIX_PATH=/home/locobot/Documents/kobuki/install CMAKE_PREFIX_PATH=/home/locobot/Documents/kobuki/install LD_LIBRARY_PATH=/home/locobot/Documents/kobuki/install/lib PATH=/home/locobot/Documents/kobuki/install/bin:${PATH} PYTHONPATH=/home/locobot/Documents/kobuki/install/lib/python3.8/site-packages /usr/bin/cmake --install /home/locobot/Documents/kobuki/build/ecl_concepts
[1.544s] -- Install configuration: ""
[1.544s] -- Up-to-date: /home/locobot/Documents/kobuki/install/share/ament_index/resource_index/package_run_dependencies/ecl_concepts
[1.544s] -- Up-to-date: /home/locobot/Documents/kobuki/install/share/ament_index/resource_index/parent_prefix_path/ecl_concepts
[1.544s] -- Up-to-date: /home/locobot/Documents/kobuki/install/share/ecl_concepts/environment/ament_prefix_path.sh
[1.544s] -- Installing: /home/locobot/Documents/kobuki/install/share/ecl_concepts/environment/ament_prefix_path.dsv
[1.544s] -- Up-to-date: /home/locobot/Documents/kobuki/install/share/ecl_concepts/environment/path.sh
[1.545s] -- Installing: /home/locobot/Documents/kobuki/install/share/ecl_concepts/environment/path.dsv
[1.545s] -- Up-to-date: /home/locobot/Documents/kobuki/install/share/ecl_concepts/local_setup.bash
[1.545s] -- Up-to-date: /home/locobot/Documents/kobuki/install/share/ecl_concepts/local_setup.sh
[1.553s] -- Up-to-date: /home/locobot/Documents/kobuki/install/share/ecl_concepts/local_setup.zsh
[1.553s] -- Installing: /home/locobot/Documents/kobuki/install/share/ecl_concepts/local_setup.dsv
[1.553s] -- Installing: /home/locobot/Documents/kobuki/install/share/ecl_concepts/package.dsv
[1.553s] -- Up-to-date: /home/locobot/Documents/kobuki/install/share/ament_index/resource_index/packages/ecl_concepts
[1.554s] -- Up-to-date: /home/locobot/Documents/kobuki/install/share/ecl_concepts/cmake/ecl_conceptsExport.cmake
[1.554s] -- Up-to-date: /home/locobot/Documents/kobuki/install/share/ecl_concepts/cmake/ament_cmake_export_targets-extras.cmake
[1.554s] -- Up-to-date: /home/locobot/Documents/kobuki/install/share/ecl_concepts/cmake/ament_cmake_export_include_directories-extras.cmake
[1.554s] -- Up-to-date: /home/locobot/Documents/kobuki/install/share/ecl_concepts/cmake/ament_cmake_export_dependencies-extras.cmake
[1.554s] -- Up-to-date: /home/locobot/Documents/kobuki/install/share/ecl_concepts/cmake/ecl_conceptsConfig.cmake
[1.554s] -- Up-to-date: /home/locobot/Documents/kobuki/install/share/ecl_concepts/cmake/ecl_conceptsConfig-version.cmake
[1.554s] -- Up-to-date: /home/locobot/Documents/kobuki/install/share/ecl_concepts/package.xml
[1.554s] -- Up-to-date: /home/locobot/Documents/kobuki/install/include/ecl/concepts.hpp
[1.555s] -- Up-to-date: /home/locobot/Documents/kobuki/install/include/ecl/concepts/blueprints.hpp
[1.555s] -- Up-to-date: /home/locobot/Documents/kobuki/install/include/ecl/concepts/containers.hpp
[1.555s] -- Up-to-date: /home/locobot/Documents/kobuki/install/include/ecl/concepts/devices.hpp
[1.555s] -- Up-to-date: /home/locobot/Documents/kobuki/install/include/ecl/concepts/macros.hpp
[1.555s] -- Up-to-date: /home/locobot/Documents/kobuki/install/include/ecl/concepts/nullary_function.hpp
[1.555s] -- Up-to-date: /home/locobot/Documents/kobuki/install/include/ecl/concepts/streams.hpp
[1.555s] Invoked command in '/home/locobot/Documents/kobuki/build/ecl_concepts' returned '0': AMENT_PREFIX_PATH=/home/locobot/Documents/kobuki/install CMAKE_PREFIX_PATH=/home/locobot/Documents/kobuki/install LD_LIBRARY_PATH=/home/locobot/Documents/kobuki/install/lib PATH=/home/locobot/Documents/kobuki/install/bin:${PATH} PYTHONPATH=/home/locobot/Documents/kobuki/install/lib/python3.8/site-packages /usr/bin/cmake --install /home/locobot/Documents/kobuki/build/ecl_concepts
