[0.807s] Invoking command in '/home/locobot/Documents/kobuki/build/ecl_streams': AMENT_PREFIX_PATH=/home/locobot/Documents/kobuki/install CMAKE_PREFIX_PATH=/home/locobot/Documents/kobuki/install LD_LIBRARY_PATH=/home/locobot/Documents/kobuki/install/lib PATH=/home/locobot/Documents/kobuki/install/bin:${PATH} PYTHONPATH=/home/locobot/Documents/kobuki/install/lib/python3.8/site-packages /usr/bin/cmake /home/locobot/Documents/kobuki/src/ecl_core/ecl_streams -DBUILD_TESTING=OFF -DCMAKE_INSTALL_PREFIX=/home/locobot/Documents/kobuki/install
[0.828s] Re-run cmake no build system arguments
[0.832s] -- Found ament_cmake_ros: 0.9.2 (/home/locobot/Documents/kobuki/install/share/ament_cmake_ros/cmake)
[0.867s] -- Using PYTHON_EXECUTABLE: /usr/bin/python3
[1.117s] -- Found ecl_build: 1.0.3 (/home/locobot/Documents/kobuki/install/share/ecl_build/cmake)
[1.129s] -- Found ecl_concepts: 1.2.1 (/home/locobot/Documents/kobuki/install/share/ecl_concepts/cmake)
[1.159s] -- Found ecl_converters: 1.2.1 (/home/locobot/Documents/kobuki/install/share/ecl_converters/cmake)
[1.178s] -- Found ecl_devices: 1.2.1 (/home/locobot/Documents/kobuki/install/share/ecl_devices/cmake)
[1.517s] -- Configuring done
[1.518s] -- Generating done
[1.518s] -- Build files have been written to: /home/locobot/Documents/kobuki/build/ecl_streams
[1.581s] Invoked command in '/home/locobot/Documents/kobuki/build/ecl_streams' returned '0': AMENT_PREFIX_PATH=/home/locobot/Documents/kobuki/install CMAKE_PREFIX_PATH=/home/locobot/Documents/kobuki/install LD_LIBRARY_PATH=/home/locobot/Documents/kobuki/install/lib PATH=/home/locobot/Documents/kobuki/install/bin:${PATH} PYTHONPATH=/home/locobot/Documents/kobuki/install/lib/python3.8/site-packages /usr/bin/cmake /home/locobot/Documents/kobuki/src/ecl_core/ecl_streams -DBUILD_TESTING=OFF -DCMAKE_INSTALL_PREFIX=/home/locobot/Documents/kobuki/install
[1.582s] Invoking command in '/home/locobot/Documents/kobuki/build/ecl_streams': AMENT_PREFIX_PATH=/home/locobot/Documents/kobuki/install CMAKE_PREFIX_PATH=/home/locobot/Documents/kobuki/install LD_LIBRARY_PATH=/home/locobot/Documents/kobuki/install/lib PATH=/home/locobot/Documents/kobuki/install/bin:${PATH} PYTHONPATH=/home/locobot/Documents/kobuki/install/lib/python3.8/site-packages /usr/bin/cmake --build /home/locobot/Documents/kobuki/build/ecl_streams -- -j4 -l4
[1.663s] /usr/bin/cmake -S/home/locobot/Documents/kobuki/src/ecl_core/ecl_streams -B/home/locobot/Documents/kobuki/build/ecl_streams --check-build-system CMakeFiles/Makefile.cmake 0
[1.663s] /usr/bin/cmake -E cmake_progress_start /home/locobot/Documents/kobuki/build/ecl_streams/CMakeFiles /home/locobot/Documents/kobuki/build/ecl_streams/CMakeFiles/progress.marks
[1.692s] /usr/bin/make -f CMakeFiles/Makefile2 all
[1.695s] make[1]: Entering directory '/home/locobot/Documents/kobuki/build/ecl_streams'
[1.695s] /usr/bin/make -f src/lib/CMakeFiles/ecl_streams.dir/build.make src/lib/CMakeFiles/ecl_streams.dir/depend
[1.696s] make[2]: Entering directory '/home/locobot/Documents/kobuki/build/ecl_streams'
[1.696s] cd /home/locobot/Documents/kobuki/build/ecl_streams && /usr/bin/cmake -E cmake_depends "Unix Makefiles" /home/locobot/Documents/kobuki/src/ecl_core/ecl_streams /home/locobot/Documents/kobuki/src/ecl_core/ecl_streams/src/lib /home/locobot/Documents/kobuki/build/ecl_streams /home/locobot/Documents/kobuki/build/ecl_streams/src/lib /home/locobot/Documents/kobuki/build/ecl_streams/src/lib/CMakeFiles/ecl_streams.dir/DependInfo.cmake --color=
[1.709s] make[2]: Leaving directory '/home/locobot/Documents/kobuki/build/ecl_streams'
[1.720s] /usr/bin/make -f src/lib/CMakeFiles/ecl_streams.dir/build.make src/lib/CMakeFiles/ecl_streams.dir/build
[1.721s] make[2]: Entering directory '/home/locobot/Documents/kobuki/build/ecl_streams'
[1.721s] make[2]: Nothing to be done for 'src/lib/CMakeFiles/ecl_streams.dir/build'.
[1.722s] make[2]: Leaving directory '/home/locobot/Documents/kobuki/build/ecl_streams'
[1.734s] [ 42%] Built target ecl_streams
[1.734s] /usr/bin/make -f src/examples/CMakeFiles/ecl_time_example_log_streams.dir/build.make src/examples/CMakeFiles/ecl_time_example_log_streams.dir/depend
[1.736s] make[2]: Entering directory '/home/locobot/Documents/kobuki/build/ecl_streams'
[1.739s] cd /home/locobot/Documents/kobuki/build/ecl_streams && /usr/bin/cmake -E cmake_depends "Unix Makefiles" /home/locobot/Documents/kobuki/src/ecl_core/ecl_streams /home/locobot/Documents/kobuki/src/ecl_core/ecl_streams/src/examples /home/locobot/Documents/kobuki/build/ecl_streams /home/locobot/Documents/kobuki/build/ecl_streams/src/examples /home/locobot/Documents/kobuki/build/ecl_streams/src/examples/CMakeFiles/ecl_time_example_log_streams.dir/DependInfo.cmake --color=
[1.746s] make[2]: Leaving directory '/home/locobot/Documents/kobuki/build/ecl_streams'
[1.748s] /usr/bin/make -f src/examples/CMakeFiles/ecl_time_example_log_streams.dir/build.make src/examples/CMakeFiles/ecl_time_example_log_streams.dir/build
[1.749s] make[2]: Entering directory '/home/locobot/Documents/kobuki/build/ecl_streams'
[1.750s] make[2]: Nothing to be done for 'src/examples/CMakeFiles/ecl_time_example_log_streams.dir/build'.
[1.753s] make[2]: Leaving directory '/home/locobot/Documents/kobuki/build/ecl_streams'
[1.777s] [ 71%] Built target ecl_time_example_log_streams
[1.778s] /usr/bin/make -f src/examples/CMakeFiles/ecl_time_example_console_streams.dir/build.make src/examples/CMakeFiles/ecl_time_example_console_streams.dir/depend
[1.778s] make[2]: Entering directory '/home/locobot/Documents/kobuki/build/ecl_streams'
[1.779s] cd /home/locobot/Documents/kobuki/build/ecl_streams && /usr/bin/cmake -E cmake_depends "Unix Makefiles" /home/locobot/Documents/kobuki/src/ecl_core/ecl_streams /home/locobot/Documents/kobuki/src/ecl_core/ecl_streams/src/examples /home/locobot/Documents/kobuki/build/ecl_streams /home/locobot/Documents/kobuki/build/ecl_streams/src/examples /home/locobot/Documents/kobuki/build/ecl_streams/src/examples/CMakeFiles/ecl_time_example_console_streams.dir/DependInfo.cmake --color=
[1.780s] make[2]: Leaving directory '/home/locobot/Documents/kobuki/build/ecl_streams'
[1.783s] /usr/bin/make -f src/examples/CMakeFiles/ecl_time_example_console_streams.dir/build.make src/examples/CMakeFiles/ecl_time_example_console_streams.dir/build
[1.784s] make[2]: Entering directory '/home/locobot/Documents/kobuki/build/ecl_streams'
[1.785s] make[2]: Nothing to be done for 'src/examples/CMakeFiles/ecl_time_example_console_streams.dir/build'.
[1.785s] make[2]: Leaving directory '/home/locobot/Documents/kobuki/build/ecl_streams'
[1.802s] [100%] Built target ecl_time_example_console_streams
[1.803s] make[1]: Leaving directory '/home/locobot/Documents/kobuki/build/ecl_streams'
[1.804s] /usr/bin/cmake -E cmake_progress_start /home/locobot/Documents/kobuki/build/ecl_streams/CMakeFiles 0
[1.856s] Invoked command in '/home/locobot/Documents/kobuki/build/ecl_streams' returned '0': AMENT_PREFIX_PATH=/home/locobot/Documents/kobuki/install CMAKE_PREFIX_PATH=/home/locobot/Documents/kobuki/install LD_LIBRARY_PATH=/home/locobot/Documents/kobuki/install/lib PATH=/home/locobot/Documents/kobuki/install/bin:${PATH} PYTHONPATH=/home/locobot/Documents/kobuki/install/lib/python3.8/site-packages /usr/bin/cmake --build /home/locobot/Documents/kobuki/build/ecl_streams -- -j4 -l4
[1.861s] Invoking command in '/home/locobot/Documents/kobuki/build/ecl_streams': AMENT_PREFIX_PATH=/home/locobot/Documents/kobuki/install CMAKE_PREFIX_PATH=/home/locobot/Documents/kobuki/install LD_LIBRARY_PATH=/home/locobot/Documents/kobuki/install/lib PATH=/home/locobot/Documents/kobuki/install/bin:${PATH} PYTHONPATH=/home/locobot/Documents/kobuki/install/lib/python3.8/site-packages /usr/bin/cmake --install /home/locobot/Documents/kobuki/build/ecl_streams
[1.887s] -- Install configuration: ""
[1.887s] -- Up-to-date: /home/locobot/Documents/kobuki/install/share/ecl_streams/environment/library_path.sh
[1.888s] -- Installing: /home/locobot/Documents/kobuki/install/share/ecl_streams/environment/library_path.dsv
[1.888s] -- Up-to-date: /home/locobot/Documents/kobuki/install/share/ament_index/resource_index/package_run_dependencies/ecl_streams
[1.888s] -- Up-to-date: /home/locobot/Documents/kobuki/install/share/ament_index/resource_index/parent_prefix_path/ecl_streams
[1.888s] -- Up-to-date: /home/locobot/Documents/kobuki/install/share/ecl_streams/environment/ament_prefix_path.sh
[1.898s] -- Installing: /home/locobot/Documents/kobuki/install/share/ecl_streams/environment/ament_prefix_path.dsv
[1.898s] -- Up-to-date: /home/locobot/Documents/kobuki/install/share/ecl_streams/environment/path.sh
[1.898s] -- Installing: /home/locobot/Documents/kobuki/install/share/ecl_streams/environment/path.dsv
[1.898s] -- Up-to-date: /home/locobot/Documents/kobuki/install/share/ecl_streams/local_setup.bash
[1.898s] -- Up-to-date: /home/locobot/Documents/kobuki/install/share/ecl_streams/local_setup.sh
[1.899s] -- Up-to-date: /home/locobot/Documents/kobuki/install/share/ecl_streams/local_setup.zsh
[1.899s] -- Installing: /home/locobot/Documents/kobuki/install/share/ecl_streams/local_setup.dsv
[1.899s] -- Installing: /home/locobot/Documents/kobuki/install/share/ecl_streams/package.dsv
[1.899s] -- Up-to-date: /home/locobot/Documents/kobuki/install/share/ament_index/resource_index/packages/ecl_streams
[1.899s] -- Up-to-date: /home/locobot/Documents/kobuki/install/share/ecl_streams/cmake/ecl_streamsExport.cmake
[1.899s] -- Installing: /home/locobot/Documents/kobuki/install/share/ecl_streams/cmake/ecl_streamsExport-noconfig.cmake
[1.900s] -- Up-to-date: /home/locobot/Documents/kobuki/install/share/ecl_streams/cmake/ament_cmake_export_targets-extras.cmake
[1.900s] -- Up-to-date: /home/locobot/Documents/kobuki/install/share/ecl_streams/cmake/ament_cmake_export_include_directories-extras.cmake
[1.900s] -- Up-to-date: /home/locobot/Documents/kobuki/install/share/ecl_streams/cmake/ament_cmake_export_libraries-extras.cmake
[1.900s] -- Up-to-date: /home/locobot/Documents/kobuki/install/share/ecl_streams/cmake/ament_cmake_export_dependencies-extras.cmake
[1.900s] -- Up-to-date: /home/locobot/Documents/kobuki/install/share/ecl_streams/cmake/ecl_streamsConfig.cmake
[1.900s] -- Up-to-date: /home/locobot/Documents/kobuki/install/share/ecl_streams/cmake/ecl_streamsConfig-version.cmake
[1.901s] -- Up-to-date: /home/locobot/Documents/kobuki/install/share/ecl_streams/package.xml
[1.901s] -- Up-to-date: /home/locobot/Documents/kobuki/install/include/ecl/streams.hpp
[1.901s] -- Up-to-date: /home/locobot/Documents/kobuki/install/include/ecl/streams/console_streams.hpp
[1.901s] -- Up-to-date: /home/locobot/Documents/kobuki/install/include/ecl/streams/file_streams.hpp
[1.901s] -- Up-to-date: /home/locobot/Documents/kobuki/install/include/ecl/streams/log_stream.hpp
[1.902s] -- Up-to-date: /home/locobot/Documents/kobuki/install/include/ecl/streams/macros.hpp
[1.902s] -- Up-to-date: /home/locobot/Documents/kobuki/install/include/ecl/streams/manipulators.hpp
[1.902s] -- Up-to-date: /home/locobot/Documents/kobuki/install/include/ecl/streams/serial_stream.hpp
[1.902s] -- Up-to-date: /home/locobot/Documents/kobuki/install/include/ecl/streams/shared_file_stream.hpp
[1.903s] -- Up-to-date: /home/locobot/Documents/kobuki/install/include/ecl/streams/socket_streams.hpp
[1.913s] -- Up-to-date: /home/locobot/Documents/kobuki/install/include/ecl/streams/string_stream.hpp
[1.913s] -- Up-to-date: /home/locobot/Documents/kobuki/install/include/ecl/streams/text_stream.hpp
[1.913s] -- Up-to-date: /home/locobot/Documents/kobuki/install/include/ecl/streams/manipulators/clear_screen.hpp
[1.913s] -- Up-to-date: /home/locobot/Documents/kobuki/install/include/ecl/streams/manipulators/end_of_line.hpp
[1.914s] -- Up-to-date: /home/locobot/Documents/kobuki/install/include/ecl/streams/manipulators/manipulator.hpp
[1.914s] -- Up-to-date: /home/locobot/Documents/kobuki/install/include/ecl/streams/text_streams/base_text_stream.hpp
[1.914s] -- Up-to-date: /home/locobot/Documents/kobuki/install/include/ecl/streams/text_streams/input_text_stream.hpp
[1.914s] -- Up-to-date: /home/locobot/Documents/kobuki/install/include/ecl/streams/text_streams/output_text_stream.hpp
[1.914s] -- Up-to-date: /home/locobot/Documents/kobuki/install/lib/libecl_streams.so.1.2.1
[1.915s] -- Up-to-date: /home/locobot/Documents/kobuki/install/lib/libecl_streams.so
[1.915s] -- Up-to-date: /home/locobot/Documents/kobuki/install/lib/ecl_streams/demo_console_streams
[1.915s] -- Up-to-date: /home/locobot/Documents/kobuki/install/lib/ecl_streams/demo_log_streams
[1.916s] Invoked command in '/home/locobot/Documents/kobuki/build/ecl_streams' returned '0': AMENT_PREFIX_PATH=/home/locobot/Documents/kobuki/install CMAKE_PREFIX_PATH=/home/locobot/Documents/kobuki/install LD_LIBRARY_PATH=/home/locobot/Documents/kobuki/install/lib PATH=/home/locobot/Documents/kobuki/install/bin:${PATH} PYTHONPATH=/home/locobot/Documents/kobuki/install/lib/python3.8/site-packages /usr/bin/cmake --install /home/locobot/Documents/kobuki/build/ecl_streams
