[0.129s] Invoking command in '/home/locobot/Documents/kobuki/build/ecl_build': AMENT_PREFIX_PATH=/home/locobot/Documents/kobuki/install CMAKE_PREFIX_PATH=/home/locobot/Documents/kobuki/install LD_LIBRARY_PATH=/home/locobot/Documents/kobuki/install/lib PATH=/home/locobot/Documents/kobuki/install/bin:${PATH} PYTHONPATH=/home/locobot/Documents/kobuki/install/lib/python3.8/site-packages /usr/bin/cmake /home/locobot/Documents/kobuki/src/ecl_tools/ecl_build -DBUILD_TESTING=OFF -DCMAKE_BUILD_TYPE=RelWithDebInfo -DCMAKE_INSTALL_PREFIX=/home/locobot/Documents/kobuki/install
[0.171s] -- Found ament_cmake: 0.9.12 (/home/locobot/Documents/kobuki/install/share/ament_cmake/cmake)
[0.247s] -- Using PYTHON_EXECUTABLE: /usr/bin/python3
[0.626s] -- Configuring done
[0.627s] -- Generating done
[0.627s] -- Build files have been written to: /home/locobot/Documents/kobuki/build/ecl_build
[0.630s] Invoked command in '/home/locobot/Documents/kobuki/build/ecl_build' returned '0': AMENT_PREFIX_PATH=/home/locobot/Documents/kobuki/install CMAKE_PREFIX_PATH=/home/locobot/Documents/kobuki/install LD_LIBRARY_PATH=/home/locobot/Documents/kobuki/install/lib PATH=/home/locobot/Documents/kobuki/install/bin:${PATH} PYTHONPATH=/home/locobot/Documents/kobuki/install/lib/python3.8/site-packages /usr/bin/cmake /home/locobot/Documents/kobuki/src/ecl_tools/ecl_build -DBUILD_TESTING=OFF -DCMAKE_BUILD_TYPE=RelWithDebInfo -DCMAKE_INSTALL_PREFIX=/home/locobot/Documents/kobuki/install
[0.634s] Invoking command in '/home/locobot/Documents/kobuki/build/ecl_build': AMENT_PREFIX_PATH=/home/locobot/Documents/kobuki/install CMAKE_PREFIX_PATH=/home/locobot/Documents/kobuki/install LD_LIBRARY_PATH=/home/locobot/Documents/kobuki/install/lib PATH=/home/locobot/Documents/kobuki/install/bin:${PATH} PYTHONPATH=/home/locobot/Documents/kobuki/install/lib/python3.8/site-packages /usr/bin/cmake --build /home/locobot/Documents/kobuki/build/ecl_build -- -j4 -l4
[0.860s] Invoked command in '/home/locobot/Documents/kobuki/build/ecl_build' returned '0': AMENT_PREFIX_PATH=/home/locobot/Documents/kobuki/install CMAKE_PREFIX_PATH=/home/locobot/Documents/kobuki/install LD_LIBRARY_PATH=/home/locobot/Documents/kobuki/install/lib PATH=/home/locobot/Documents/kobuki/install/bin:${PATH} PYTHONPATH=/home/locobot/Documents/kobuki/install/lib/python3.8/site-packages /usr/bin/cmake --build /home/locobot/Documents/kobuki/build/ecl_build -- -j4 -l4
[0.860s] Invoking command in '/home/locobot/Documents/kobuki/build/ecl_build': AMENT_PREFIX_PATH=/home/locobot/Documents/kobuki/install CMAKE_PREFIX_PATH=/home/locobot/Documents/kobuki/install LD_LIBRARY_PATH=/home/locobot/Documents/kobuki/install/lib PATH=/home/locobot/Documents/kobuki/install/bin:${PATH} PYTHONPATH=/home/locobot/Documents/kobuki/install/lib/python3.8/site-packages /usr/bin/cmake --install /home/locobot/Documents/kobuki/build/ecl_build
[0.862s] -- Install configuration: "RelWithDebInfo"
[0.862s] -- Up-to-date: /home/locobot/Documents/kobuki/install/share/ament_index/resource_index/package_run_dependencies/ecl_build
[0.863s] -- Up-to-date: /home/locobot/Documents/kobuki/install/share/ament_index/resource_index/parent_prefix_path/ecl_build
[0.863s] -- Up-to-date: /home/locobot/Documents/kobuki/install/share/ecl_build/environment/ament_prefix_path.sh
[0.864s] -- Installing: /home/locobot/Documents/kobuki/install/share/ecl_build/environment/ament_prefix_path.dsv
[0.865s] -- Up-to-date: /home/locobot/Documents/kobuki/install/share/ecl_build/environment/path.sh
[0.866s] -- Installing: /home/locobot/Documents/kobuki/install/share/ecl_build/environment/path.dsv
[0.870s] -- Up-to-date: /home/locobot/Documents/kobuki/install/share/ecl_build/local_setup.bash
[0.871s] -- Up-to-date: /home/locobot/Documents/kobuki/install/share/ecl_build/local_setup.sh
[0.872s] -- Up-to-date: /home/locobot/Documents/kobuki/install/share/ecl_build/local_setup.zsh
[0.872s] -- Installing: /home/locobot/Documents/kobuki/install/share/ecl_build/local_setup.dsv
[0.873s] -- Installing: /home/locobot/Documents/kobuki/install/share/ecl_build/package.dsv
[0.874s] -- Up-to-date: /home/locobot/Documents/kobuki/install/share/ament_index/resource_index/packages/ecl_build
[0.874s] -- Up-to-date: /home/locobot/Documents/kobuki/install/share/ecl_build/cmake/ecl_platform_detection.cmake
[0.875s] -- Up-to-date: /home/locobot/Documents/kobuki/install/share/ecl_build/cmake/ecl_package.cmake
[0.876s] -- Up-to-date: /home/locobot/Documents/kobuki/install/share/ecl_build/cmake/ecl_find_sse.cmake
[0.876s] -- Up-to-date: /home/locobot/Documents/kobuki/install/share/ecl_build/cmake/ecl_build_utilities.cmake
[0.877s] -- Up-to-date: /home/locobot/Documents/kobuki/install/share/ecl_build/cmake/ecl_cxx.cmake
[0.877s] -- Up-to-date: /home/locobot/Documents/kobuki/install/share/ecl_build/cmake/cotire.cmake
[0.878s] -- Up-to-date: /home/locobot/Documents/kobuki/install/share/ecl_build/cmake/ecl_buildConfig.cmake
[0.879s] -- Up-to-date: /home/locobot/Documents/kobuki/install/share/ecl_build/cmake/ecl_buildConfig-version.cmake
[0.880s] -- Up-to-date: /home/locobot/Documents/kobuki/install/share/ecl_build/package.xml
[0.881s] -- Up-to-date: /home/locobot/Documents/kobuki/install/share/cmake
[0.881s] -- Up-to-date: /home/locobot/Documents/kobuki/install/share/cmake/templates
[0.882s] -- Up-to-date: /home/locobot/Documents/kobuki/install/share/cmake/templates/uninstall.cmake.in
[0.888s] -- Up-to-date: /home/locobot/Documents/kobuki/install/share/cmake/ecl_cxx.cmake
[0.889s] -- Up-to-date: /home/locobot/Documents/kobuki/install/share/cmake/cotire.cmake
[0.889s] -- Up-to-date: /home/locobot/Documents/kobuki/install/share/cmake/ecl_platform_detection.cmake
[0.889s] -- Up-to-date: /home/locobot/Documents/kobuki/install/share/cmake/ecl_package.cmake
[0.889s] -- Up-to-date: /home/locobot/Documents/kobuki/install/share/cmake/ecl_find_sse.cmake
[0.889s] -- Up-to-date: /home/locobot/Documents/kobuki/install/share/cmake/tests
[0.889s] -- Up-to-date: /home/locobot/Documents/kobuki/install/share/cmake/tests/is_char_signed.cpp
[0.889s] -- Up-to-date: /home/locobot/Documents/kobuki/install/share/cmake/ecl_build_utilities.cmake
[0.889s] Invoked command in '/home/locobot/Documents/kobuki/build/ecl_build' returned '0': AMENT_PREFIX_PATH=/home/locobot/Documents/kobuki/install CMAKE_PREFIX_PATH=/home/locobot/Documents/kobuki/install LD_LIBRARY_PATH=/home/locobot/Documents/kobuki/install/lib PATH=/home/locobot/Documents/kobuki/install/bin:${PATH} PYTHONPATH=/home/locobot/Documents/kobuki/install/lib/python3.8/site-packages /usr/bin/cmake --install /home/locobot/Documents/kobuki/build/ecl_build
