-- The C compiler identification is GNU 9.4.0
-- The CXX compiler identification is GNU 9.4.0
-- Check for working C compiler: /usr/bin/cc
-- Check for working C compiler: /usr/bin/cc -- works
-- Detecting C compiler ABI info
-- Detecting C compiler ABI info - done
-- Detecting C compile features
-- Detecting C compile features - done
-- Check for working CXX compiler: /usr/bin/c++
-- Check for working CXX compiler: /usr/bin/c++ -- works
-- Detecting CXX compiler ABI info
-- Detecting CXX compiler ABI info - done
-- Detecting CXX compile features
-- Detecting CXX compile features - done
-- Found ament_cmake_ros: 0.9.2 (/home/locobot/Documents/kobuki/install/share/ament_cmake_ros/cmake)
-- Found PythonInterp: /usr/bin/python3 (found suitable version "3.8.10", minimum required is "3") 
-- Using PYTHON_EXECUTABLE: /usr/bin/python3
-- Found ecl_build: 1.0.3 (/home/locobot/Documents/kobuki/install/share/ecl_build/cmake)
-- Found ecl_config: 1.1.0 (/home/locobot/Documents/kobuki/install/share/ecl_config/cmake)
-- Found ecl_mpl: 1.2.1 (/home/locobot/Documents/kobuki/install/share/ecl_mpl/cmake)
-- Configuring done
-- Generating done
-- Build files have been written to: /home/locobot/Documents/kobuki/build/ecl_type_traits
[35m[1mScanning dependencies of target ecl_type_traits[0m
[ 25%] [32mBuilding CXX object src/lib/CMakeFiles/ecl_type_traits.dir/numeric_limits.cpp.o[0m
[ 50%] [32m[1mLinking CXX shared library libecl_type_traits.so[0m
[ 50%] Built target ecl_type_traits
[35m[1mScanning dependencies of target ecl_detect_sizes[0m
[ 75%] [32mBuilding CXX object src/utils/CMakeFiles/ecl_detect_sizes.dir/detect_sizes.cpp.o[0m
[100%] [32m[1mLinking CXX executable bin/ecl_detect_sizes[0m
[100%] Built target ecl_detect_sizes
-- Install configuration: ""
-- Installing: /home/locobot/Documents/kobuki/install/share/ecl_type_traits/environment/library_path.sh
-- Installing: /home/locobot/Documents/kobuki/install/share/ecl_type_traits/environment/library_path.dsv
-- Installing: /home/locobot/Documents/kobuki/install/share/ament_index/resource_index/package_run_dependencies/ecl_type_traits
-- Installing: /home/locobot/Documents/kobuki/install/share/ament_index/resource_index/parent_prefix_path/ecl_type_traits
-- Installing: /home/locobot/Documents/kobuki/install/share/ecl_type_traits/environment/ament_prefix_path.sh
-- Installing: /home/locobot/Documents/kobuki/install/share/ecl_type_traits/environment/ament_prefix_path.dsv
-- Installing: /home/locobot/Documents/kobuki/install/share/ecl_type_traits/environment/path.sh
-- Installing: /home/locobot/Documents/kobuki/install/share/ecl_type_traits/environment/path.dsv
-- Installing: /home/locobot/Documents/kobuki/install/share/ecl_type_traits/local_setup.bash
-- Installing: /home/locobot/Documents/kobuki/install/share/ecl_type_traits/local_setup.sh
-- Installing: /home/locobot/Documents/kobuki/install/share/ecl_type_traits/local_setup.zsh
-- Installing: /home/locobot/Documents/kobuki/install/share/ecl_type_traits/local_setup.dsv
-- Installing: /home/locobot/Documents/kobuki/install/share/ecl_type_traits/package.dsv
-- Installing: /home/locobot/Documents/kobuki/install/share/ament_index/resource_index/packages/ecl_type_traits
-- Installing: /home/locobot/Documents/kobuki/install/share/ecl_type_traits/cmake/ecl_type_traitsExport.cmake
-- Installing: /home/locobot/Documents/kobuki/install/share/ecl_type_traits/cmake/ecl_type_traitsExport-noconfig.cmake
-- Installing: /home/locobot/Documents/kobuki/install/share/ecl_type_traits/cmake/ament_cmake_export_targets-extras.cmake
-- Installing: /home/locobot/Documents/kobuki/install/share/ecl_type_traits/cmake/ament_cmake_export_include_directories-extras.cmake
-- Installing: /home/locobot/Documents/kobuki/install/share/ecl_type_traits/cmake/ament_cmake_export_libraries-extras.cmake
-- Installing: /home/locobot/Documents/kobuki/install/share/ecl_type_traits/cmake/ament_cmake_export_dependencies-extras.cmake
-- Installing: /home/locobot/Documents/kobuki/install/share/ecl_type_traits/cmake/ecl_type_traitsConfig.cmake
-- Installing: /home/locobot/Documents/kobuki/install/share/ecl_type_traits/cmake/ecl_type_traitsConfig-version.cmake
-- Installing: /home/locobot/Documents/kobuki/install/share/ecl_type_traits/package.xml
-- Installing: /home/locobot/Documents/kobuki/install/include/ecl/type_traits.hpp
-- Installing: /home/locobot/Documents/kobuki/install/include/ecl/type_traits/fundamental_types.hpp
-- Installing: /home/locobot/Documents/kobuki/install/include/ecl/type_traits/macros.hpp
-- Installing: /home/locobot/Documents/kobuki/install/include/ecl/type_traits/numeric_limits.hpp
-- Installing: /home/locobot/Documents/kobuki/install/include/ecl/type_traits/traits.hpp
-- Installing: /home/locobot/Documents/kobuki/install/lib/libecl_type_traits.so.1.2.1
-- Installing: /home/locobot/Documents/kobuki/install/lib/libecl_type_traits.so
-- Installing: /home/locobot/Documents/kobuki/install/bin/ecl_detect_sizes
-- Set runtime path of "/home/locobot/Documents/kobuki/install/bin/ecl_detect_sizes" to ""
