[0.234s] Invoking command in '/home/locobot/Documents/kobuki/build/ecl_type_traits': AMENT_PREFIX_PATH=/home/locobot/Documents/kobuki/install CMAKE_PREFIX_PATH=/home/locobot/Documents/kobuki/install LD_LIBRARY_PATH=/home/locobot/Documents/kobuki/install/lib PATH=/home/locobot/Documents/kobuki/install/bin:${PATH} PYTHONPATH=/home/locobot/Documents/kobuki/install/lib/python3.8/site-packages /usr/bin/cmake /home/locobot/Documents/kobuki/src/ecl_core/ecl_type_traits -DBUILD_TESTING=OFF -DCMAKE_INSTALL_PREFIX=/home/locobot/Documents/kobuki/install
[0.404s] -- The C compiler identification is GNU 9.4.0
[0.552s] -- The CXX compiler identification is GNU 9.4.0
[0.560s] -- Check for working C compiler: /usr/bin/cc
[0.783s] -- Check for working C compiler: /usr/bin/cc -- works
[0.783s] -- Detecting C compiler ABI info
[0.996s] -- Detecting C compiler ABI info - done
[1.056s] -- Detecting C compile features
[1.057s] -- Detecting C compile features - done
[1.062s] -- Check for working CXX compiler: /usr/bin/c++
[1.301s] -- Check for working CXX compiler: /usr/bin/c++ -- works
[1.303s] -- Detecting CXX compiler ABI info
[1.543s] -- Detecting CXX compiler ABI info - done
[1.573s] -- Detecting CXX compile features
[1.574s] -- Detecting CXX compile features - done
[1.575s] -- Found ament_cmake_ros: 0.9.2 (/home/locobot/Documents/kobuki/install/share/ament_cmake_ros/cmake)
[1.618s] -- Found PythonInterp: /usr/bin/python3 (found suitable version "3.8.10", minimum required is "3") 
[1.619s] -- Using PYTHON_EXECUTABLE: /usr/bin/python3
[1.909s] -- Found ecl_build: 1.0.3 (/home/locobot/Documents/kobuki/install/share/ecl_build/cmake)
[1.919s] -- Found ecl_config: 1.1.0 (/home/locobot/Documents/kobuki/install/share/ecl_config/cmake)
[1.931s] -- Found ecl_mpl: 1.2.1 (/home/locobot/Documents/kobuki/install/share/ecl_mpl/cmake)
[2.225s] -- Configuring done
[2.264s] -- Generating done
[2.280s] -- Build files have been written to: /home/locobot/Documents/kobuki/build/ecl_type_traits
[2.309s] Invoked command in '/home/locobot/Documents/kobuki/build/ecl_type_traits' returned '0': AMENT_PREFIX_PATH=/home/locobot/Documents/kobuki/install CMAKE_PREFIX_PATH=/home/locobot/Documents/kobuki/install LD_LIBRARY_PATH=/home/locobot/Documents/kobuki/install/lib PATH=/home/locobot/Documents/kobuki/install/bin:${PATH} PYTHONPATH=/home/locobot/Documents/kobuki/install/lib/python3.8/site-packages /usr/bin/cmake /home/locobot/Documents/kobuki/src/ecl_core/ecl_type_traits -DBUILD_TESTING=OFF -DCMAKE_INSTALL_PREFIX=/home/locobot/Documents/kobuki/install
[2.309s] Invoking command in '/home/locobot/Documents/kobuki/build/ecl_type_traits': AMENT_PREFIX_PATH=/home/locobot/Documents/kobuki/install CMAKE_PREFIX_PATH=/home/locobot/Documents/kobuki/install LD_LIBRARY_PATH=/home/locobot/Documents/kobuki/install/lib PATH=/home/locobot/Documents/kobuki/install/bin:${PATH} PYTHONPATH=/home/locobot/Documents/kobuki/install/lib/python3.8/site-packages /usr/bin/cmake --build /home/locobot/Documents/kobuki/build/ecl_type_traits -- -j4 -l4
[2.476s] [35m[1mScanning dependencies of target ecl_type_traits[0m
[2.509s] [ 25%] [32mBuilding CXX object src/lib/CMakeFiles/ecl_type_traits.dir/numeric_limits.cpp.o[0m
[2.606s] [ 50%] [32m[1mLinking CXX shared library libecl_type_traits.so[0m
[2.754s] [ 50%] Built target ecl_type_traits
[2.768s] [35m[1mScanning dependencies of target ecl_detect_sizes[0m
[2.807s] [ 75%] [32mBuilding CXX object src/utils/CMakeFiles/ecl_detect_sizes.dir/detect_sizes.cpp.o[0m
[3.372s] [100%] [32m[1mLinking CXX executable bin/ecl_detect_sizes[0m
[3.495s] [100%] Built target ecl_detect_sizes
[3.622s] Invoked command in '/home/locobot/Documents/kobuki/build/ecl_type_traits' returned '0': AMENT_PREFIX_PATH=/home/locobot/Documents/kobuki/install CMAKE_PREFIX_PATH=/home/locobot/Documents/kobuki/install LD_LIBRARY_PATH=/home/locobot/Documents/kobuki/install/lib PATH=/home/locobot/Documents/kobuki/install/bin:${PATH} PYTHONPATH=/home/locobot/Documents/kobuki/install/lib/python3.8/site-packages /usr/bin/cmake --build /home/locobot/Documents/kobuki/build/ecl_type_traits -- -j4 -l4
[3.623s] Invoking command in '/home/locobot/Documents/kobuki/build/ecl_type_traits': AMENT_PREFIX_PATH=/home/locobot/Documents/kobuki/install CMAKE_PREFIX_PATH=/home/locobot/Documents/kobuki/install LD_LIBRARY_PATH=/home/locobot/Documents/kobuki/install/lib PATH=/home/locobot/Documents/kobuki/install/bin:${PATH} PYTHONPATH=/home/locobot/Documents/kobuki/install/lib/python3.8/site-packages /usr/bin/cmake --install /home/locobot/Documents/kobuki/build/ecl_type_traits
[3.635s] -- Install configuration: ""
[3.635s] -- Installing: /home/locobot/Documents/kobuki/install/share/ecl_type_traits/environment/library_path.sh
[3.647s] -- Installing: /home/locobot/Documents/kobuki/install/share/ecl_type_traits/environment/library_path.dsv
[3.647s] -- Installing: /home/locobot/Documents/kobuki/install/share/ament_index/resource_index/package_run_dependencies/ecl_type_traits
[3.648s] -- Installing: /home/locobot/Documents/kobuki/install/share/ament_index/resource_index/parent_prefix_path/ecl_type_traits
[3.648s] -- Installing: /home/locobot/Documents/kobuki/install/share/ecl_type_traits/environment/ament_prefix_path.sh
[3.648s] -- Installing: /home/locobot/Documents/kobuki/install/share/ecl_type_traits/environment/ament_prefix_path.dsv
[3.648s] -- Installing: /home/locobot/Documents/kobuki/install/share/ecl_type_traits/environment/path.sh
[3.648s] -- Installing: /home/locobot/Documents/kobuki/install/share/ecl_type_traits/environment/path.dsv
[3.648s] -- Installing: /home/locobot/Documents/kobuki/install/share/ecl_type_traits/local_setup.bash
[3.648s] -- Installing: /home/locobot/Documents/kobuki/install/share/ecl_type_traits/local_setup.sh
[3.648s] -- Installing: /home/locobot/Documents/kobuki/install/share/ecl_type_traits/local_setup.zsh
[3.649s] -- Installing: /home/locobot/Documents/kobuki/install/share/ecl_type_traits/local_setup.dsv
[3.649s] -- Installing: /home/locobot/Documents/kobuki/install/share/ecl_type_traits/package.dsv
[3.649s] -- Installing: /home/locobot/Documents/kobuki/install/share/ament_index/resource_index/packages/ecl_type_traits
[3.649s] -- Installing: /home/locobot/Documents/kobuki/install/share/ecl_type_traits/cmake/ecl_type_traitsExport.cmake
[3.649s] -- Installing: /home/locobot/Documents/kobuki/install/share/ecl_type_traits/cmake/ecl_type_traitsExport-noconfig.cmake
[3.649s] -- Installing: /home/locobot/Documents/kobuki/install/share/ecl_type_traits/cmake/ament_cmake_export_targets-extras.cmake
[3.649s] -- Installing: /home/locobot/Documents/kobuki/install/share/ecl_type_traits/cmake/ament_cmake_export_include_directories-extras.cmake
[3.649s] -- Installing: /home/locobot/Documents/kobuki/install/share/ecl_type_traits/cmake/ament_cmake_export_libraries-extras.cmake
[3.649s] -- Installing: /home/locobot/Documents/kobuki/install/share/ecl_type_traits/cmake/ament_cmake_export_dependencies-extras.cmake
[3.649s] -- Installing: /home/locobot/Documents/kobuki/install/share/ecl_type_traits/cmake/ecl_type_traitsConfig.cmake
[3.650s] -- Installing: /home/locobot/Documents/kobuki/install/share/ecl_type_traits/cmake/ecl_type_traitsConfig-version.cmake
[3.650s] -- Installing: /home/locobot/Documents/kobuki/install/share/ecl_type_traits/package.xml
[3.650s] -- Installing: /home/locobot/Documents/kobuki/install/include/ecl/type_traits.hpp
[3.650s] -- Installing: /home/locobot/Documents/kobuki/install/include/ecl/type_traits/fundamental_types.hpp
[3.650s] -- Installing: /home/locobot/Documents/kobuki/install/include/ecl/type_traits/macros.hpp
[3.650s] -- Installing: /home/locobot/Documents/kobuki/install/include/ecl/type_traits/numeric_limits.hpp
[3.650s] -- Installing: /home/locobot/Documents/kobuki/install/include/ecl/type_traits/traits.hpp
[3.650s] -- Installing: /home/locobot/Documents/kobuki/install/lib/libecl_type_traits.so.1.2.1
[3.650s] -- Installing: /home/locobot/Documents/kobuki/install/lib/libecl_type_traits.so
[3.651s] -- Installing: /home/locobot/Documents/kobuki/install/bin/ecl_detect_sizes
[3.651s] -- Set runtime path of "/home/locobot/Documents/kobuki/install/bin/ecl_detect_sizes" to ""
[3.665s] Invoked command in '/home/locobot/Documents/kobuki/build/ecl_type_traits' returned '0': AMENT_PREFIX_PATH=/home/locobot/Documents/kobuki/install CMAKE_PREFIX_PATH=/home/locobot/Documents/kobuki/install LD_LIBRARY_PATH=/home/locobot/Documents/kobuki/install/lib PATH=/home/locobot/Documents/kobuki/install/bin:${PATH} PYTHONPATH=/home/locobot/Documents/kobuki/install/lib/python3.8/site-packages /usr/bin/cmake --install /home/locobot/Documents/kobuki/build/ecl_type_traits
