[0.880s] Invoking command in '/home/locobot/Documents/kobuki/build/ecl_geometry': AMENT_PREFIX_PATH=/home/locobot/Documents/kobuki/install CMAKE_PREFIX_PATH=/home/locobot/Documents/kobuki/install LD_LIBRARY_PATH=/home/locobot/Documents/kobuki/install/lib PATH=/home/locobot/Documents/kobuki/install/bin:${PATH} PKG_CONFIG_PATH=/home/locobot/Documents/kobuki/install/lib/x86_64-linux-gnu/pkgconfig:/home/locobot/Documents/kobuki/install/lib/pkgconfig PYTHONPATH=/home/locobot/Documents/kobuki/install/lib/python3.8/site-packages /usr/bin/cmake /home/locobot/Documents/kobuki/src/ecl_core/ecl_geometry -DBUILD_TESTING=OFF -DCMAKE_INSTALL_PREFIX=/home/locobot/Documents/kobuki/install
[0.914s] Re-run cmake no build system arguments
[0.922s] -- Found ament_cmake_ros: 0.9.2 (/home/locobot/Documents/kobuki/install/share/ament_cmake_ros/cmake)
[0.953s] -- Using PYTHON_EXECUTABLE: /usr/bin/python3
[1.361s] -- Found ecl_build: 1.0.3 (/home/locobot/Documents/kobuki/install/share/ecl_build/cmake)
[1.373s] -- Found ecl_config: 1.1.0 (/home/locobot/Documents/kobuki/install/share/ecl_config/cmake)
[1.378s] -- Found ecl_containers: 1.2.1 (/home/locobot/Documents/kobuki/install/share/ecl_containers/cmake)
[1.480s] -- Found ecl_linear_algebra: 1.2.1 (/home/locobot/Documents/kobuki/install/share/ecl_linear_algebra/cmake)
[1.637s] -- Configuring done
[1.652s] -- Generating done
[1.666s] -- Build files have been written to: /home/locobot/Documents/kobuki/build/ecl_geometry
[1.720s] Invoked command in '/home/locobot/Documents/kobuki/build/ecl_geometry' returned '0': AMENT_PREFIX_PATH=/home/locobot/Documents/kobuki/install CMAKE_PREFIX_PATH=/home/locobot/Documents/kobuki/install LD_LIBRARY_PATH=/home/locobot/Documents/kobuki/install/lib PATH=/home/locobot/Documents/kobuki/install/bin:${PATH} PKG_CONFIG_PATH=/home/locobot/Documents/kobuki/install/lib/x86_64-linux-gnu/pkgconfig:/home/locobot/Documents/kobuki/install/lib/pkgconfig PYTHONPATH=/home/locobot/Documents/kobuki/install/lib/python3.8/site-packages /usr/bin/cmake /home/locobot/Documents/kobuki/src/ecl_core/ecl_geometry -DBUILD_TESTING=OFF -DCMAKE_INSTALL_PREFIX=/home/locobot/Documents/kobuki/install
[1.721s] Invoking command in '/home/locobot/Documents/kobuki/build/ecl_geometry': AMENT_PREFIX_PATH=/home/locobot/Documents/kobuki/install CMAKE_PREFIX_PATH=/home/locobot/Documents/kobuki/install LD_LIBRARY_PATH=/home/locobot/Documents/kobuki/install/lib PATH=/home/locobot/Documents/kobuki/install/bin:${PATH} PKG_CONFIG_PATH=/home/locobot/Documents/kobuki/install/lib/x86_64-linux-gnu/pkgconfig:/home/locobot/Documents/kobuki/install/lib/pkgconfig PYTHONPATH=/home/locobot/Documents/kobuki/install/lib/python3.8/site-packages /usr/bin/cmake --build /home/locobot/Documents/kobuki/build/ecl_geometry -- -j4 -l4
[1.756s] /usr/bin/cmake -S/home/locobot/Documents/kobuki/src/ecl_core/ecl_geometry -B/home/locobot/Documents/kobuki/build/ecl_geometry --check-build-system CMakeFiles/Makefile.cmake 0
[1.770s] /usr/bin/cmake -E cmake_progress_start /home/locobot/Documents/kobuki/build/ecl_geometry/CMakeFiles /home/locobot/Documents/kobuki/build/ecl_geometry/CMakeFiles/progress.marks
[1.786s] /usr/bin/make -f CMakeFiles/Makefile2 all
[1.792s] make[1]: Entering directory '/home/locobot/Documents/kobuki/build/ecl_geometry'
[1.792s] /usr/bin/make -f src/lib/CMakeFiles/ecl_geometry.dir/build.make src/lib/CMakeFiles/ecl_geometry.dir/depend
[1.808s] make[2]: Entering directory '/home/locobot/Documents/kobuki/build/ecl_geometry'
[1.808s] cd /home/locobot/Documents/kobuki/build/ecl_geometry && /usr/bin/cmake -E cmake_depends "Unix Makefiles" /home/locobot/Documents/kobuki/src/ecl_core/ecl_geometry /home/locobot/Documents/kobuki/src/ecl_core/ecl_geometry/src/lib /home/locobot/Documents/kobuki/build/ecl_geometry /home/locobot/Documents/kobuki/build/ecl_geometry/src/lib /home/locobot/Documents/kobuki/build/ecl_geometry/src/lib/CMakeFiles/ecl_geometry.dir/DependInfo.cmake --color=
[1.826s] make[2]: Leaving directory '/home/locobot/Documents/kobuki/build/ecl_geometry'
[1.827s] /usr/bin/make -f src/lib/CMakeFiles/ecl_geometry.dir/build.make src/lib/CMakeFiles/ecl_geometry.dir/build
[1.854s] make[2]: Entering directory '/home/locobot/Documents/kobuki/build/ecl_geometry'
[1.854s] make[2]: Nothing to be done for 'src/lib/CMakeFiles/ecl_geometry.dir/build'.
[1.854s] make[2]: Leaving directory '/home/locobot/Documents/kobuki/build/ecl_geometry'
[1.869s] [100%] Built target ecl_geometry
[1.869s] make[1]: Leaving directory '/home/locobot/Documents/kobuki/build/ecl_geometry'
[1.869s] /usr/bin/cmake -E cmake_progress_start /home/locobot/Documents/kobuki/build/ecl_geometry/CMakeFiles 0
[1.906s] Invoked command in '/home/locobot/Documents/kobuki/build/ecl_geometry' returned '0': AMENT_PREFIX_PATH=/home/locobot/Documents/kobuki/install CMAKE_PREFIX_PATH=/home/locobot/Documents/kobuki/install LD_LIBRARY_PATH=/home/locobot/Documents/kobuki/install/lib PATH=/home/locobot/Documents/kobuki/install/bin:${PATH} PKG_CONFIG_PATH=/home/locobot/Documents/kobuki/install/lib/x86_64-linux-gnu/pkgconfig:/home/locobot/Documents/kobuki/install/lib/pkgconfig PYTHONPATH=/home/locobot/Documents/kobuki/install/lib/python3.8/site-packages /usr/bin/cmake --build /home/locobot/Documents/kobuki/build/ecl_geometry -- -j4 -l4
[1.908s] Invoking command in '/home/locobot/Documents/kobuki/build/ecl_geometry': AMENT_PREFIX_PATH=/home/locobot/Documents/kobuki/install CMAKE_PREFIX_PATH=/home/locobot/Documents/kobuki/install LD_LIBRARY_PATH=/home/locobot/Documents/kobuki/install/lib PATH=/home/locobot/Documents/kobuki/install/bin:${PATH} PKG_CONFIG_PATH=/home/locobot/Documents/kobuki/install/lib/x86_64-linux-gnu/pkgconfig:/home/locobot/Documents/kobuki/install/lib/pkgconfig PYTHONPATH=/home/locobot/Documents/kobuki/install/lib/python3.8/site-packages /usr/bin/cmake --install /home/locobot/Documents/kobuki/build/ecl_geometry
[1.921s] -- Install configuration: ""
[1.922s] -- Up-to-date: /home/locobot/Documents/kobuki/install/share/ecl_geometry/environment/library_path.sh
[1.922s] -- Installing: /home/locobot/Documents/kobuki/install/share/ecl_geometry/environment/library_path.dsv
[1.922s] -- Up-to-date: /home/locobot/Documents/kobuki/install/share/ament_index/resource_index/package_run_dependencies/ecl_geometry
[1.922s] -- Up-to-date: /home/locobot/Documents/kobuki/install/share/ament_index/resource_index/parent_prefix_path/ecl_geometry
[1.923s] -- Up-to-date: /home/locobot/Documents/kobuki/install/share/ecl_geometry/environment/ament_prefix_path.sh
[1.926s] -- Installing: /home/locobot/Documents/kobuki/install/share/ecl_geometry/environment/ament_prefix_path.dsv
[1.926s] -- Up-to-date: /home/locobot/Documents/kobuki/install/share/ecl_geometry/environment/path.sh
[1.926s] -- Installing: /home/locobot/Documents/kobuki/install/share/ecl_geometry/environment/path.dsv
[1.926s] -- Up-to-date: /home/locobot/Documents/kobuki/install/share/ecl_geometry/local_setup.bash
[1.944s] -- Up-to-date: /home/locobot/Documents/kobuki/install/share/ecl_geometry/local_setup.sh
[1.945s] -- Up-to-date: /home/locobot/Documents/kobuki/install/share/ecl_geometry/local_setup.zsh
[1.945s] -- Installing: /home/locobot/Documents/kobuki/install/share/ecl_geometry/local_setup.dsv
[1.953s] -- Installing: /home/locobot/Documents/kobuki/install/share/ecl_geometry/package.dsv
[1.954s] -- Up-to-date: /home/locobot/Documents/kobuki/install/share/ament_index/resource_index/packages/ecl_geometry
[1.954s] -- Up-to-date: /home/locobot/Documents/kobuki/install/share/ecl_geometry/cmake/ecl_geometryExport.cmake
[1.954s] -- Installing: /home/locobot/Documents/kobuki/install/share/ecl_geometry/cmake/ecl_geometryExport-noconfig.cmake
[1.954s] -- Up-to-date: /home/locobot/Documents/kobuki/install/share/ecl_geometry/cmake/ament_cmake_export_targets-extras.cmake
[1.955s] -- Up-to-date: /home/locobot/Documents/kobuki/install/share/ecl_geometry/cmake/ament_cmake_export_include_directories-extras.cmake
[1.955s] -- Up-to-date: /home/locobot/Documents/kobuki/install/share/ecl_geometry/cmake/ament_cmake_export_libraries-extras.cmake
[1.955s] -- Up-to-date: /home/locobot/Documents/kobuki/install/share/ecl_geometry/cmake/ament_cmake_export_dependencies-extras.cmake
[1.955s] -- Up-to-date: /home/locobot/Documents/kobuki/install/share/ecl_geometry/cmake/ecl_geometryConfig.cmake
[1.955s] -- Up-to-date: /home/locobot/Documents/kobuki/install/share/ecl_geometry/cmake/ecl_geometryConfig-version.cmake
[1.955s] -- Up-to-date: /home/locobot/Documents/kobuki/install/share/ecl_geometry/package.xml
[1.956s] -- Up-to-date: /home/locobot/Documents/kobuki/install/include/ecl/geometry.hpp
[1.956s] -- Up-to-date: /home/locobot/Documents/kobuki/install/include/ecl/geometry/angle.hpp
[1.956s] -- Up-to-date: /home/locobot/Documents/kobuki/install/include/ecl/geometry/cartesian_point.hpp
[1.956s] -- Up-to-date: /home/locobot/Documents/kobuki/install/include/ecl/geometry/cubic_spline.hpp
[1.956s] -- Up-to-date: /home/locobot/Documents/kobuki/install/include/ecl/geometry/function_math.hpp
[1.956s] -- Up-to-date: /home/locobot/Documents/kobuki/install/include/ecl/geometry/homogeneous_point.hpp
[1.957s] -- Up-to-date: /home/locobot/Documents/kobuki/install/include/ecl/geometry/legacy_pose2d.hpp
[1.957s] -- Up-to-date: /home/locobot/Documents/kobuki/install/include/ecl/geometry/legacy_pose3d.hpp
[1.957s] -- Up-to-date: /home/locobot/Documents/kobuki/install/include/ecl/geometry/linear_segment.hpp
[1.957s] -- Up-to-date: /home/locobot/Documents/kobuki/install/include/ecl/geometry/macros.hpp
[1.957s] -- Up-to-date: /home/locobot/Documents/kobuki/install/include/ecl/geometry/odometry.hpp
[1.957s] -- Up-to-date: /home/locobot/Documents/kobuki/install/include/ecl/geometry/odometry_helper.hpp
[1.958s] -- Up-to-date: /home/locobot/Documents/kobuki/install/include/ecl/geometry/odometry_typedefs.hpp
[1.958s] -- Up-to-date: /home/locobot/Documents/kobuki/install/include/ecl/geometry/pascals_triangle.hpp
[1.958s] -- Up-to-date: /home/locobot/Documents/kobuki/install/include/ecl/geometry/polynomial.hpp
[1.958s] -- Up-to-date: /home/locobot/Documents/kobuki/install/include/ecl/geometry/pose2d.hpp
[1.959s] -- Up-to-date: /home/locobot/Documents/kobuki/install/include/ecl/geometry/smooth_linear_spline.hpp
[1.959s] -- Up-to-date: /home/locobot/Documents/kobuki/install/include/ecl/geometry/spline_function.hpp
[1.959s] -- Up-to-date: /home/locobot/Documents/kobuki/install/include/ecl/geometry/tension_function.hpp
[1.959s] -- Up-to-date: /home/locobot/Documents/kobuki/install/include/ecl/geometry/tension_spline.hpp
[1.960s] -- Up-to-date: /home/locobot/Documents/kobuki/install/lib/libecl_geometry.so.1.2.1
[1.971s] -- Up-to-date: /home/locobot/Documents/kobuki/install/lib/libecl_geometry.so
[1.971s] Invoked command in '/home/locobot/Documents/kobuki/build/ecl_geometry' returned '0': AMENT_PREFIX_PATH=/home/locobot/Documents/kobuki/install CMAKE_PREFIX_PATH=/home/locobot/Documents/kobuki/install LD_LIBRARY_PATH=/home/locobot/Documents/kobuki/install/lib PATH=/home/locobot/Documents/kobuki/install/bin:${PATH} PKG_CONFIG_PATH=/home/locobot/Documents/kobuki/install/lib/x86_64-linux-gnu/pkgconfig:/home/locobot/Documents/kobuki/install/lib/pkgconfig PYTHONPATH=/home/locobot/Documents/kobuki/install/lib/python3.8/site-packages /usr/bin/cmake --install /home/locobot/Documents/kobuki/build/ecl_geometry
