[0.319s] Invoking command in '/home/locobot/Documents/kobuki/build/ament_cmake_mypy': AMENT_PREFIX_PATH=/home/locobot/Documents/kobuki/install CMAKE_PREFIX_PATH=/home/locobot/Documents/kobuki/install PATH=/home/locobot/Documents/kobuki/install/bin:${PATH} PYTHONPATH=/home/locobot/Documents/kobuki/install/lib/python3.8/site-packages /usr/bin/cmake /home/locobot/Documents/kobuki/src/ament_lint/ament_cmake_mypy -DBUILD_TESTING=OFF -DCMAKE_INSTALL_PREFIX=/home/locobot/Documents/kobuki/install
[0.377s] -- Found ament_cmake_core: 0.9.12 (/home/locobot/Documents/kobuki/install/share/ament_cmake_core/cmake)
[0.401s] -- Found PythonInterp: /usr/bin/python3 (found suitable version "3.8.10", minimum required is "3") 
[0.402s] -- Using PYTHON_EXECUTABLE: /usr/bin/python3
[0.704s] -- Found ament_cmake_test: 0.9.12 (/home/locobot/Documents/kobuki/install/share/ament_cmake_test/cmake)
[0.975s] -- Configuring done
[0.979s] -- Generating done
[0.983s] -- Build files have been written to: /home/locobot/Documents/kobuki/build/ament_cmake_mypy
[0.998s] Invoked command in '/home/locobot/Documents/kobuki/build/ament_cmake_mypy' returned '0': AMENT_PREFIX_PATH=/home/locobot/Documents/kobuki/install CMAKE_PREFIX_PATH=/home/locobot/Documents/kobuki/install PATH=/home/locobot/Documents/kobuki/install/bin:${PATH} PYTHONPATH=/home/locobot/Documents/kobuki/install/lib/python3.8/site-packages /usr/bin/cmake /home/locobot/Documents/kobuki/src/ament_lint/ament_cmake_mypy -DBUILD_TESTING=OFF -DCMAKE_INSTALL_PREFIX=/home/locobot/Documents/kobuki/install
[0.999s] Invoking command in '/home/locobot/Documents/kobuki/build/ament_cmake_mypy': AMENT_PREFIX_PATH=/home/locobot/Documents/kobuki/install CMAKE_PREFIX_PATH=/home/locobot/Documents/kobuki/install PATH=/home/locobot/Documents/kobuki/install/bin:${PATH} PYTHONPATH=/home/locobot/Documents/kobuki/install/lib/python3.8/site-packages /usr/bin/cmake --build /home/locobot/Documents/kobuki/build/ament_cmake_mypy -- -j4 -l4
[1.085s] Invoked command in '/home/locobot/Documents/kobuki/build/ament_cmake_mypy' returned '0': AMENT_PREFIX_PATH=/home/locobot/Documents/kobuki/install CMAKE_PREFIX_PATH=/home/locobot/Documents/kobuki/install PATH=/home/locobot/Documents/kobuki/install/bin:${PATH} PYTHONPATH=/home/locobot/Documents/kobuki/install/lib/python3.8/site-packages /usr/bin/cmake --build /home/locobot/Documents/kobuki/build/ament_cmake_mypy -- -j4 -l4
[1.086s] Invoking command in '/home/locobot/Documents/kobuki/build/ament_cmake_mypy': AMENT_PREFIX_PATH=/home/locobot/Documents/kobuki/install CMAKE_PREFIX_PATH=/home/locobot/Documents/kobuki/install PATH=/home/locobot/Documents/kobuki/install/bin:${PATH} PYTHONPATH=/home/locobot/Documents/kobuki/install/lib/python3.8/site-packages /usr/bin/cmake --install /home/locobot/Documents/kobuki/build/ament_cmake_mypy
[1.113s] -- Install configuration: ""
[1.113s] -- Installing: /home/locobot/Documents/kobuki/install/share/ament_index/resource_index/package_run_dependencies/ament_cmake_mypy
[1.113s] -- Installing: /home/locobot/Documents/kobuki/install/share/ament_index/resource_index/parent_prefix_path/ament_cmake_mypy
[1.114s] -- Installing: /home/locobot/Documents/kobuki/install/share/ament_cmake_mypy/environment/ament_prefix_path.sh
[1.114s] -- Installing: /home/locobot/Documents/kobuki/install/share/ament_cmake_mypy/environment/ament_prefix_path.dsv
[1.114s] -- Installing: /home/locobot/Documents/kobuki/install/share/ament_cmake_mypy/environment/path.sh
[1.114s] -- Installing: /home/locobot/Documents/kobuki/install/share/ament_cmake_mypy/environment/path.dsv
[1.114s] -- Installing: /home/locobot/Documents/kobuki/install/share/ament_cmake_mypy/local_setup.bash
[1.114s] -- Installing: /home/locobot/Documents/kobuki/install/share/ament_cmake_mypy/local_setup.sh
[1.114s] -- Installing: /home/locobot/Documents/kobuki/install/share/ament_cmake_mypy/local_setup.zsh
[1.114s] -- Installing: /home/locobot/Documents/kobuki/install/share/ament_cmake_mypy/local_setup.dsv
[1.114s] -- Installing: /home/locobot/Documents/kobuki/install/share/ament_cmake_mypy/package.dsv
[1.114s] -- Installing: /home/locobot/Documents/kobuki/install/share/ament_index/resource_index/packages/ament_cmake_mypy
[1.115s] -- Installing: /home/locobot/Documents/kobuki/install/share/ament_cmake_mypy/cmake/ament_cmake_mypy-extras.cmake
[1.115s] -- Installing: /home/locobot/Documents/kobuki/install/share/ament_cmake_mypy/cmake/ament_cmake_mypyConfig.cmake
[1.115s] -- Installing: /home/locobot/Documents/kobuki/install/share/ament_cmake_mypy/cmake/ament_cmake_mypyConfig-version.cmake
[1.115s] -- Installing: /home/locobot/Documents/kobuki/install/share/ament_cmake_mypy/package.xml
[1.115s] -- Up-to-date: /home/locobot/Documents/kobuki/install/share/ament_cmake_mypy/cmake
[1.115s] -- Installing: /home/locobot/Documents/kobuki/install/share/ament_cmake_mypy/cmake/ament_cmake_mypy_lint_hook.cmake
[1.115s] -- Installing: /home/locobot/Documents/kobuki/install/share/ament_cmake_mypy/cmake/ament_mypy.cmake
[1.115s] Invoked command in '/home/locobot/Documents/kobuki/build/ament_cmake_mypy' returned '0': AMENT_PREFIX_PATH=/home/locobot/Documents/kobuki/install CMAKE_PREFIX_PATH=/home/locobot/Documents/kobuki/install PATH=/home/locobot/Documents/kobuki/install/bin:${PATH} PYTHONPATH=/home/locobot/Documents/kobuki/install/lib/python3.8/site-packages /usr/bin/cmake --install /home/locobot/Documents/kobuki/build/ament_cmake_mypy
