[0.456s] Invoking command in '/home/locobot/Documents/kobuki/build/ecl_math': AMENT_PREFIX_PATH=/home/locobot/Documents/kobuki/install CMAKE_PREFIX_PATH=/home/locobot/Documents/kobuki/install LD_LIBRARY_PATH=/home/locobot/Documents/kobuki/install/lib PATH=/home/locobot/Documents/kobuki/install/bin:${PATH} PYTHONPATH=/home/locobot/Documents/kobuki/install/lib/python3.8/site-packages /usr/bin/cmake /home/locobot/Documents/kobuki/src/ecl_core/ecl_math -DBUILD_TESTING=OFF --no-warn-unused-cli -DCMAKE_INSTALL_PREFIX=/home/locobot/Documents/kobuki/install
[0.472s] Not searching for unused variables given on the command line.
[0.483s] -- Found ament_cmake_ros: 0.9.2 (/home/locobot/Documents/kobuki/install/share/ament_cmake_ros/cmake)
[0.528s] -- Using PYTHON_EXECUTABLE: /usr/bin/python3
[0.990s] -- Found ecl_build: 1.0.3 (/home/locobot/Documents/kobuki/install/share/ecl_build/cmake)
[1.000s] -- Found ecl_type_traits: 1.2.1 (/home/locobot/Documents/kobuki/install/share/ecl_type_traits/cmake)
[1.148s] -- Configuring done
[1.156s] -- Generating done
[1.160s] -- Build files have been written to: /home/locobot/Documents/kobuki/build/ecl_math
[1.168s] Invoked command in '/home/locobot/Documents/kobuki/build/ecl_math' returned '0': AMENT_PREFIX_PATH=/home/locobot/Documents/kobuki/install CMAKE_PREFIX_PATH=/home/locobot/Documents/kobuki/install LD_LIBRARY_PATH=/home/locobot/Documents/kobuki/install/lib PATH=/home/locobot/Documents/kobuki/install/bin:${PATH} PYTHONPATH=/home/locobot/Documents/kobuki/install/lib/python3.8/site-packages /usr/bin/cmake /home/locobot/Documents/kobuki/src/ecl_core/ecl_math -DBUILD_TESTING=OFF --no-warn-unused-cli -DCMAKE_INSTALL_PREFIX=/home/locobot/Documents/kobuki/install
[1.169s] Invoking command in '/home/locobot/Documents/kobuki/build/ecl_math': AMENT_PREFIX_PATH=/home/locobot/Documents/kobuki/install CMAKE_PREFIX_PATH=/home/locobot/Documents/kobuki/install LD_LIBRARY_PATH=/home/locobot/Documents/kobuki/install/lib PATH=/home/locobot/Documents/kobuki/install/bin:${PATH} PYTHONPATH=/home/locobot/Documents/kobuki/install/lib/python3.8/site-packages /usr/bin/cmake --build /home/locobot/Documents/kobuki/build/ecl_math -- -j4 -l4
[1.319s] Invoked command in '/home/locobot/Documents/kobuki/build/ecl_math' returned '0': AMENT_PREFIX_PATH=/home/locobot/Documents/kobuki/install CMAKE_PREFIX_PATH=/home/locobot/Documents/kobuki/install LD_LIBRARY_PATH=/home/locobot/Documents/kobuki/install/lib PATH=/home/locobot/Documents/kobuki/install/bin:${PATH} PYTHONPATH=/home/locobot/Documents/kobuki/install/lib/python3.8/site-packages /usr/bin/cmake --build /home/locobot/Documents/kobuki/build/ecl_math -- -j4 -l4
[1.322s] Invoking command in '/home/locobot/Documents/kobuki/build/ecl_math': AMENT_PREFIX_PATH=/home/locobot/Documents/kobuki/install CMAKE_PREFIX_PATH=/home/locobot/Documents/kobuki/install LD_LIBRARY_PATH=/home/locobot/Documents/kobuki/install/lib PATH=/home/locobot/Documents/kobuki/install/bin:${PATH} PYTHONPATH=/home/locobot/Documents/kobuki/install/lib/python3.8/site-packages /usr/bin/cmake --install /home/locobot/Documents/kobuki/build/ecl_math
[1.353s] -- Install configuration: ""
[1.353s] -- Up-to-date: /home/locobot/Documents/kobuki/install/share/ament_index/resource_index/package_run_dependencies/ecl_math
[1.353s] -- Up-to-date: /home/locobot/Documents/kobuki/install/share/ament_index/resource_index/parent_prefix_path/ecl_math
[1.354s] -- Up-to-date: /home/locobot/Documents/kobuki/install/share/ecl_math/environment/ament_prefix_path.sh
[1.354s] -- Installing: /home/locobot/Documents/kobuki/install/share/ecl_math/environment/ament_prefix_path.dsv
[1.354s] -- Up-to-date: /home/locobot/Documents/kobuki/install/share/ecl_math/environment/path.sh
[1.354s] -- Installing: /home/locobot/Documents/kobuki/install/share/ecl_math/environment/path.dsv
[1.354s] -- Up-to-date: /home/locobot/Documents/kobuki/install/share/ecl_math/local_setup.bash
[1.354s] -- Up-to-date: /home/locobot/Documents/kobuki/install/share/ecl_math/local_setup.sh
[1.354s] -- Up-to-date: /home/locobot/Documents/kobuki/install/share/ecl_math/local_setup.zsh
[1.354s] -- Installing: /home/locobot/Documents/kobuki/install/share/ecl_math/local_setup.dsv
[1.354s] -- Installing: /home/locobot/Documents/kobuki/install/share/ecl_math/package.dsv
[1.355s] -- Up-to-date: /home/locobot/Documents/kobuki/install/share/ament_index/resource_index/packages/ecl_math
[1.355s] -- Up-to-date: /home/locobot/Documents/kobuki/install/share/ecl_math/cmake/ecl_mathExport.cmake
[1.355s] -- Up-to-date: /home/locobot/Documents/kobuki/install/share/ecl_math/cmake/ament_cmake_export_targets-extras.cmake
[1.355s] -- Up-to-date: /home/locobot/Documents/kobuki/install/share/ecl_math/cmake/ament_cmake_export_include_directories-extras.cmake
[1.355s] -- Up-to-date: /home/locobot/Documents/kobuki/install/share/ecl_math/cmake/ament_cmake_export_dependencies-extras.cmake
[1.355s] -- Up-to-date: /home/locobot/Documents/kobuki/install/share/ecl_math/cmake/ecl_mathConfig.cmake
[1.355s] -- Up-to-date: /home/locobot/Documents/kobuki/install/share/ecl_math/cmake/ecl_mathConfig-version.cmake
[1.355s] -- Up-to-date: /home/locobot/Documents/kobuki/install/share/ecl_math/package.xml
[1.355s] -- Up-to-date: /home/locobot/Documents/kobuki/install/include/ecl/math.hpp
[1.355s] -- Up-to-date: /home/locobot/Documents/kobuki/install/include/ecl/math/constants.hpp
[1.356s] -- Up-to-date: /home/locobot/Documents/kobuki/install/include/ecl/math/fuzzy.hpp
[1.356s] -- Up-to-date: /home/locobot/Documents/kobuki/install/include/ecl/math/norms.hpp
[1.356s] -- Up-to-date: /home/locobot/Documents/kobuki/install/include/ecl/math/simple.hpp
[1.357s] Invoked command in '/home/locobot/Documents/kobuki/build/ecl_math' returned '0': AMENT_PREFIX_PATH=/home/locobot/Documents/kobuki/install CMAKE_PREFIX_PATH=/home/locobot/Documents/kobuki/install LD_LIBRARY_PATH=/home/locobot/Documents/kobuki/install/lib PATH=/home/locobot/Documents/kobuki/install/bin:${PATH} PYTHONPATH=/home/locobot/Documents/kobuki/install/lib/python3.8/site-packages /usr/bin/cmake --install /home/locobot/Documents/kobuki/build/ecl_math
