[0.582s] Invoking command in '/home/locobot/Documents/kobuki/build/ecl_filesystem': AMENT_PREFIX_PATH=/home/locobot/Documents/kobuki/install CMAKE_PREFIX_PATH=/home/locobot/Documents/kobuki/install LD_LIBRARY_PATH=/home/locobot/Documents/kobuki/install/lib PATH=/home/locobot/Documents/kobuki/install/bin:${PATH} PYTHONPATH=/home/locobot/Documents/kobuki/install/lib/python3.8/site-packages /usr/bin/cmake /home/locobot/Documents/kobuki/src/ecl_core/ecl_filesystem -DBUILD_TESTING=OFF --no-warn-unused-cli -DCMAKE_INSTALL_PREFIX=/home/locobot/Documents/kobuki/install
[0.626s] Not searching for unused variables given on the command line.
[0.637s] -- Found ament_cmake_ros: 0.9.2 (/home/locobot/Documents/kobuki/install/share/ament_cmake_ros/cmake)
[0.670s] -- Using PYTHON_EXECUTABLE: /usr/bin/python3
[0.916s] -- Found ecl_build: 1.0.3 (/home/locobot/Documents/kobuki/install/share/ecl_build/cmake)
[0.937s] -- Found ecl_config: 1.1.0 (/home/locobot/Documents/kobuki/install/share/ecl_config/cmake)
[0.942s] -- Found ecl_errors: 1.1.0 (/home/locobot/Documents/kobuki/install/share/ecl_errors/cmake)
[1.160s] -- Configuring done
[1.186s] -- Generating done
[1.196s] -- Build files have been written to: /home/locobot/Documents/kobuki/build/ecl_filesystem
[1.211s] Invoked command in '/home/locobot/Documents/kobuki/build/ecl_filesystem' returned '0': AMENT_PREFIX_PATH=/home/locobot/Documents/kobuki/install CMAKE_PREFIX_PATH=/home/locobot/Documents/kobuki/install LD_LIBRARY_PATH=/home/locobot/Documents/kobuki/install/lib PATH=/home/locobot/Documents/kobuki/install/bin:${PATH} PYTHONPATH=/home/locobot/Documents/kobuki/install/lib/python3.8/site-packages /usr/bin/cmake /home/locobot/Documents/kobuki/src/ecl_core/ecl_filesystem -DBUILD_TESTING=OFF --no-warn-unused-cli -DCMAKE_INSTALL_PREFIX=/home/locobot/Documents/kobuki/install
[1.213s] Invoking command in '/home/locobot/Documents/kobuki/build/ecl_filesystem': AMENT_PREFIX_PATH=/home/locobot/Documents/kobuki/install CMAKE_PREFIX_PATH=/home/locobot/Documents/kobuki/install LD_LIBRARY_PATH=/home/locobot/Documents/kobuki/install/lib PATH=/home/locobot/Documents/kobuki/install/bin:${PATH} PYTHONPATH=/home/locobot/Documents/kobuki/install/lib/python3.8/site-packages /usr/bin/cmake --build /home/locobot/Documents/kobuki/build/ecl_filesystem -- -j4 -l4
[1.332s] [100%] Built target ecl_filesystem
[1.378s] Invoked command in '/home/locobot/Documents/kobuki/build/ecl_filesystem' returned '0': AMENT_PREFIX_PATH=/home/locobot/Documents/kobuki/install CMAKE_PREFIX_PATH=/home/locobot/Documents/kobuki/install LD_LIBRARY_PATH=/home/locobot/Documents/kobuki/install/lib PATH=/home/locobot/Documents/kobuki/install/bin:${PATH} PYTHONPATH=/home/locobot/Documents/kobuki/install/lib/python3.8/site-packages /usr/bin/cmake --build /home/locobot/Documents/kobuki/build/ecl_filesystem -- -j4 -l4
[1.399s] Invoking command in '/home/locobot/Documents/kobuki/build/ecl_filesystem': AMENT_PREFIX_PATH=/home/locobot/Documents/kobuki/install CMAKE_PREFIX_PATH=/home/locobot/Documents/kobuki/install LD_LIBRARY_PATH=/home/locobot/Documents/kobuki/install/lib PATH=/home/locobot/Documents/kobuki/install/bin:${PATH} PYTHONPATH=/home/locobot/Documents/kobuki/install/lib/python3.8/site-packages /usr/bin/cmake --install /home/locobot/Documents/kobuki/build/ecl_filesystem
[1.417s] -- Install configuration: ""
[1.417s] -- Up-to-date: /home/locobot/Documents/kobuki/install/share/ecl_filesystem/environment/library_path.sh
[1.417s] -- Installing: /home/locobot/Documents/kobuki/install/share/ecl_filesystem/environment/library_path.dsv
[1.417s] -- Up-to-date: /home/locobot/Documents/kobuki/install/share/ament_index/resource_index/package_run_dependencies/ecl_filesystem
[1.417s] -- Up-to-date: /home/locobot/Documents/kobuki/install/share/ament_index/resource_index/parent_prefix_path/ecl_filesystem
[1.425s] -- Up-to-date: /home/locobot/Documents/kobuki/install/share/ecl_filesystem/environment/ament_prefix_path.sh
[1.425s] -- Installing: /home/locobot/Documents/kobuki/install/share/ecl_filesystem/environment/ament_prefix_path.dsv
[1.425s] -- Up-to-date: /home/locobot/Documents/kobuki/install/share/ecl_filesystem/environment/path.sh
[1.425s] -- Installing: /home/locobot/Documents/kobuki/install/share/ecl_filesystem/environment/path.dsv
[1.426s] -- Up-to-date: /home/locobot/Documents/kobuki/install/share/ecl_filesystem/local_setup.bash
[1.426s] -- Up-to-date: /home/locobot/Documents/kobuki/install/share/ecl_filesystem/local_setup.sh
[1.426s] -- Up-to-date: /home/locobot/Documents/kobuki/install/share/ecl_filesystem/local_setup.zsh
[1.426s] -- Installing: /home/locobot/Documents/kobuki/install/share/ecl_filesystem/local_setup.dsv
[1.426s] -- Installing: /home/locobot/Documents/kobuki/install/share/ecl_filesystem/package.dsv
[1.426s] -- Up-to-date: /home/locobot/Documents/kobuki/install/share/ament_index/resource_index/packages/ecl_filesystem
[1.426s] -- Up-to-date: /home/locobot/Documents/kobuki/install/share/ecl_filesystem/cmake/ecl_filesystemExport.cmake
[1.426s] -- Installing: /home/locobot/Documents/kobuki/install/share/ecl_filesystem/cmake/ecl_filesystemExport-noconfig.cmake
[1.427s] -- Up-to-date: /home/locobot/Documents/kobuki/install/share/ecl_filesystem/cmake/ament_cmake_export_targets-extras.cmake
[1.427s] -- Up-to-date: /home/locobot/Documents/kobuki/install/share/ecl_filesystem/cmake/ament_cmake_export_include_directories-extras.cmake
[1.427s] -- Up-to-date: /home/locobot/Documents/kobuki/install/share/ecl_filesystem/cmake/ament_cmake_export_libraries-extras.cmake
[1.427s] -- Up-to-date: /home/locobot/Documents/kobuki/install/share/ecl_filesystem/cmake/ament_cmake_export_dependencies-extras.cmake
[1.427s] -- Up-to-date: /home/locobot/Documents/kobuki/install/share/ecl_filesystem/cmake/ecl_filesystemConfig.cmake
[1.427s] -- Up-to-date: /home/locobot/Documents/kobuki/install/share/ecl_filesystem/cmake/ecl_filesystemConfig-version.cmake
[1.427s] -- Up-to-date: /home/locobot/Documents/kobuki/install/share/ecl_filesystem/package.xml
[1.428s] -- Up-to-date: /home/locobot/Documents/kobuki/install/include/ecl/filesystem.hpp
[1.428s] -- Up-to-date: /home/locobot/Documents/kobuki/install/include/ecl/filesystem/errors.hpp
[1.428s] -- Up-to-date: /home/locobot/Documents/kobuki/install/include/ecl/filesystem/macros.hpp
[1.428s] -- Up-to-date: /home/locobot/Documents/kobuki/install/include/ecl/filesystem/realpath.hpp
[1.428s] -- Up-to-date: /home/locobot/Documents/kobuki/install/include/ecl/filesystem/config.hpp
[1.428s] -- Up-to-date: /home/locobot/Documents/kobuki/install/lib/libecl_filesystem.so.1.2.1
[1.451s] -- Up-to-date: /home/locobot/Documents/kobuki/install/lib/libecl_filesystem.so
[1.451s] Invoked command in '/home/locobot/Documents/kobuki/build/ecl_filesystem' returned '0': AMENT_PREFIX_PATH=/home/locobot/Documents/kobuki/install CMAKE_PREFIX_PATH=/home/locobot/Documents/kobuki/install LD_LIBRARY_PATH=/home/locobot/Documents/kobuki/install/lib PATH=/home/locobot/Documents/kobuki/install/bin:${PATH} PYTHONPATH=/home/locobot/Documents/kobuki/install/lib/python3.8/site-packages /usr/bin/cmake --install /home/locobot/Documents/kobuki/build/ecl_filesystem
