[0.201s] Invoking command in '/home/locobot/Documents/kobuki/build/ecl_geometry': AMENT_PREFIX_PATH=/home/locobot/Documents/kobuki/install CMAKE_PREFIX_PATH=/home/locobot/Documents/kobuki/install LD_LIBRARY_PATH=/home/locobot/Documents/kobuki/install/lib PATH=/home/locobot/Documents/kobuki/install/bin:${PATH} PKG_CONFIG_PATH=/home/locobot/Documents/kobuki/install/lib/x86_64-linux-gnu/pkgconfig:/home/locobot/Documents/kobuki/install/lib/pkgconfig PYTHONPATH=/home/locobot/Documents/kobuki/install/lib/python3.8/site-packages /usr/bin/cmake /home/locobot/Documents/kobuki/src/ecl_core/ecl_geometry -DBUILD_TESTING=OFF -DCMAKE_BUILD_TYPE=RelWithDebInfo -DCMAKE_INSTALL_PREFIX=/home/locobot/Documents/kobuki/install
[0.229s] -- Found ament_cmake_ros: 0.9.2 (/home/locobot/Documents/kobuki/install/share/ament_cmake_ros/cmake)
[0.242s] -- Using PYTHON_EXECUTABLE: /usr/bin/python3
[0.497s] -- Found ecl_build: 1.0.3 (/home/locobot/Documents/kobuki/install/share/ecl_build/cmake)
[0.509s] -- Found ecl_config: 1.1.0 (/home/locobot/Documents/kobuki/install/share/ecl_config/cmake)
[0.512s] -- Found ecl_containers: 1.2.1 (/home/locobot/Documents/kobuki/install/share/ecl_containers/cmake)
[0.579s] -- Found ecl_linear_algebra: 1.2.1 (/home/locobot/Documents/kobuki/install/share/ecl_linear_algebra/cmake)
[0.710s] -- Configuring done
[0.727s] -- Generating done
[0.732s] -- Build files have been written to: /home/locobot/Documents/kobuki/build/ecl_geometry
[0.739s] Invoked command in '/home/locobot/Documents/kobuki/build/ecl_geometry' returned '0': AMENT_PREFIX_PATH=/home/locobot/Documents/kobuki/install CMAKE_PREFIX_PATH=/home/locobot/Documents/kobuki/install LD_LIBRARY_PATH=/home/locobot/Documents/kobuki/install/lib PATH=/home/locobot/Documents/kobuki/install/bin:${PATH} PKG_CONFIG_PATH=/home/locobot/Documents/kobuki/install/lib/x86_64-linux-gnu/pkgconfig:/home/locobot/Documents/kobuki/install/lib/pkgconfig PYTHONPATH=/home/locobot/Documents/kobuki/install/lib/python3.8/site-packages /usr/bin/cmake /home/locobot/Documents/kobuki/src/ecl_core/ecl_geometry -DBUILD_TESTING=OFF -DCMAKE_BUILD_TYPE=RelWithDebInfo -DCMAKE_INSTALL_PREFIX=/home/locobot/Documents/kobuki/install
[0.750s] Invoking command in '/home/locobot/Documents/kobuki/build/ecl_geometry': AMENT_PREFIX_PATH=/home/locobot/Documents/kobuki/install CMAKE_PREFIX_PATH=/home/locobot/Documents/kobuki/install LD_LIBRARY_PATH=/home/locobot/Documents/kobuki/install/lib PATH=/home/locobot/Documents/kobuki/install/bin:${PATH} PKG_CONFIG_PATH=/home/locobot/Documents/kobuki/install/lib/x86_64-linux-gnu/pkgconfig:/home/locobot/Documents/kobuki/install/lib/pkgconfig PYTHONPATH=/home/locobot/Documents/kobuki/install/lib/python3.8/site-packages /usr/bin/cmake --build /home/locobot/Documents/kobuki/build/ecl_geometry -- -j4 -l4
[0.886s] [  7%] [32mBuilding CXX object src/lib/CMakeFiles/ecl_geometry.dir/angle.cpp.o[0m
[3.685s] [ 14%] [32mBuilding CXX object src/lib/CMakeFiles/ecl_geometry.dir/linear_segment.cpp.o[0m
[3.747s] [ 21%] [32mBuilding CXX object src/lib/CMakeFiles/ecl_geometry.dir/odometry_helper.cpp.o[0m
[7.483s] [ 28%] [32mBuilding CXX object src/lib/CMakeFiles/ecl_geometry.dir/pascals_triangle.cpp.o[0m
[8.030s] [ 35%] [32mBuilding CXX object src/lib/CMakeFiles/ecl_geometry.dir/polynomial.cpp.o[0m
[10.265s] [ 42%] [32mBuilding CXX object src/lib/CMakeFiles/ecl_geometry.dir/polynomial_blueprints.cpp.o[0m
[12.574s] [ 50%] [32mBuilding CXX object src/lib/CMakeFiles/ecl_geometry.dir/pose2d.cpp.o[0m
[15.055s] [ 57%] [32mBuilding CXX object src/lib/CMakeFiles/ecl_geometry.dir/smooth_linear_spline.cpp.o[0m
[17.816s] [ 64%] [32mBuilding CXX object src/lib/CMakeFiles/ecl_geometry.dir/tension_function.cpp.o[0m
[18.372s] [ 71%] [32mBuilding CXX object src/lib/CMakeFiles/ecl_geometry.dir/tension_spline.cpp.o[0m
[18.896s] [ 78%] [32mBuilding CXX object src/lib/CMakeFiles/ecl_geometry.dir/tension_spline_blueprints.cpp.o[0m
[19.829s] [ 85%] [32mBuilding CXX object src/lib/CMakeFiles/ecl_geometry.dir/cubic_spline_blueprints.cpp.o[0m
[22.255s] [ 92%] [32mBuilding CXX object src/lib/CMakeFiles/ecl_geometry.dir/cubic_spline.cpp.o[0m
[25.052s] [100%] [32m[1mLinking CXX shared library libecl_geometry.so[0m
[25.304s] [100%] Built target ecl_geometry
[25.320s] Invoked command in '/home/locobot/Documents/kobuki/build/ecl_geometry' returned '0': AMENT_PREFIX_PATH=/home/locobot/Documents/kobuki/install CMAKE_PREFIX_PATH=/home/locobot/Documents/kobuki/install LD_LIBRARY_PATH=/home/locobot/Documents/kobuki/install/lib PATH=/home/locobot/Documents/kobuki/install/bin:${PATH} PKG_CONFIG_PATH=/home/locobot/Documents/kobuki/install/lib/x86_64-linux-gnu/pkgconfig:/home/locobot/Documents/kobuki/install/lib/pkgconfig PYTHONPATH=/home/locobot/Documents/kobuki/install/lib/python3.8/site-packages /usr/bin/cmake --build /home/locobot/Documents/kobuki/build/ecl_geometry -- -j4 -l4
[25.323s] Invoking command in '/home/locobot/Documents/kobuki/build/ecl_geometry': AMENT_PREFIX_PATH=/home/locobot/Documents/kobuki/install CMAKE_PREFIX_PATH=/home/locobot/Documents/kobuki/install LD_LIBRARY_PATH=/home/locobot/Documents/kobuki/install/lib PATH=/home/locobot/Documents/kobuki/install/bin:${PATH} PKG_CONFIG_PATH=/home/locobot/Documents/kobuki/install/lib/x86_64-linux-gnu/pkgconfig:/home/locobot/Documents/kobuki/install/lib/pkgconfig PYTHONPATH=/home/locobot/Documents/kobuki/install/lib/python3.8/site-packages /usr/bin/cmake --install /home/locobot/Documents/kobuki/build/ecl_geometry
[25.333s] -- Install configuration: "RelWithDebInfo"
[25.334s] -- Up-to-date: /home/locobot/Documents/kobuki/install/share/ecl_geometry/environment/library_path.sh
[25.334s] -- Installing: /home/locobot/Documents/kobuki/install/share/ecl_geometry/environment/library_path.dsv
[25.334s] -- Up-to-date: /home/locobot/Documents/kobuki/install/share/ament_index/resource_index/package_run_dependencies/ecl_geometry
[25.334s] -- Up-to-date: /home/locobot/Documents/kobuki/install/share/ament_index/resource_index/parent_prefix_path/ecl_geometry
[25.334s] -- Up-to-date: /home/locobot/Documents/kobuki/install/share/ecl_geometry/environment/ament_prefix_path.sh
[25.334s] -- Installing: /home/locobot/Documents/kobuki/install/share/ecl_geometry/environment/ament_prefix_path.dsv
[25.334s] -- Up-to-date: /home/locobot/Documents/kobuki/install/share/ecl_geometry/environment/path.sh
[25.334s] -- Installing: /home/locobot/Documents/kobuki/install/share/ecl_geometry/environment/path.dsv
[25.335s] -- Up-to-date: /home/locobot/Documents/kobuki/install/share/ecl_geometry/local_setup.bash
[25.335s] -- Up-to-date: /home/locobot/Documents/kobuki/install/share/ecl_geometry/local_setup.sh
[25.335s] -- Up-to-date: /home/locobot/Documents/kobuki/install/share/ecl_geometry/local_setup.zsh
[25.335s] -- Installing: /home/locobot/Documents/kobuki/install/share/ecl_geometry/local_setup.dsv
[25.335s] -- Installing: /home/locobot/Documents/kobuki/install/share/ecl_geometry/package.dsv
[25.335s] -- Up-to-date: /home/locobot/Documents/kobuki/install/share/ament_index/resource_index/packages/ecl_geometry
[25.336s] -- Up-to-date: /home/locobot/Documents/kobuki/install/share/ecl_geometry/cmake/ecl_geometryExport.cmake
[25.336s] -- Installing: /home/locobot/Documents/kobuki/install/share/ecl_geometry/cmake/ecl_geometryExport-relwithdebinfo.cmake
[25.336s] -- Up-to-date: /home/locobot/Documents/kobuki/install/share/ecl_geometry/cmake/ament_cmake_export_targets-extras.cmake
[25.349s] -- Up-to-date: /home/locobot/Documents/kobuki/install/share/ecl_geometry/cmake/ament_cmake_export_include_directories-extras.cmake
[25.349s] -- Up-to-date: /home/locobot/Documents/kobuki/install/share/ecl_geometry/cmake/ament_cmake_export_libraries-extras.cmake
[25.350s] -- Up-to-date: /home/locobot/Documents/kobuki/install/share/ecl_geometry/cmake/ament_cmake_export_dependencies-extras.cmake
[25.350s] -- Up-to-date: /home/locobot/Documents/kobuki/install/share/ecl_geometry/cmake/ecl_geometryConfig.cmake
[25.350s] -- Up-to-date: /home/locobot/Documents/kobuki/install/share/ecl_geometry/cmake/ecl_geometryConfig-version.cmake
[25.350s] -- Up-to-date: /home/locobot/Documents/kobuki/install/share/ecl_geometry/package.xml
[25.350s] -- Up-to-date: /home/locobot/Documents/kobuki/install/include/ecl/geometry.hpp
[25.350s] -- Up-to-date: /home/locobot/Documents/kobuki/install/include/ecl/geometry/angle.hpp
[25.350s] -- Up-to-date: /home/locobot/Documents/kobuki/install/include/ecl/geometry/cartesian_point.hpp
[25.351s] -- Up-to-date: /home/locobot/Documents/kobuki/install/include/ecl/geometry/cubic_spline.hpp
[25.351s] -- Up-to-date: /home/locobot/Documents/kobuki/install/include/ecl/geometry/function_math.hpp
[25.351s] -- Up-to-date: /home/locobot/Documents/kobuki/install/include/ecl/geometry/homogeneous_point.hpp
[25.351s] -- Up-to-date: /home/locobot/Documents/kobuki/install/include/ecl/geometry/legacy_pose2d.hpp
[25.351s] -- Up-to-date: /home/locobot/Documents/kobuki/install/include/ecl/geometry/legacy_pose3d.hpp
[25.351s] -- Up-to-date: /home/locobot/Documents/kobuki/install/include/ecl/geometry/linear_segment.hpp
[25.351s] -- Up-to-date: /home/locobot/Documents/kobuki/install/include/ecl/geometry/macros.hpp
[25.351s] -- Up-to-date: /home/locobot/Documents/kobuki/install/include/ecl/geometry/odometry.hpp
[25.351s] -- Up-to-date: /home/locobot/Documents/kobuki/install/include/ecl/geometry/odometry_helper.hpp
[25.351s] -- Up-to-date: /home/locobot/Documents/kobuki/install/include/ecl/geometry/odometry_typedefs.hpp
[25.352s] -- Up-to-date: /home/locobot/Documents/kobuki/install/include/ecl/geometry/pascals_triangle.hpp
[25.352s] -- Up-to-date: /home/locobot/Documents/kobuki/install/include/ecl/geometry/polynomial.hpp
[25.352s] -- Up-to-date: /home/locobot/Documents/kobuki/install/include/ecl/geometry/pose2d.hpp
[25.352s] -- Up-to-date: /home/locobot/Documents/kobuki/install/include/ecl/geometry/smooth_linear_spline.hpp
[25.352s] -- Up-to-date: /home/locobot/Documents/kobuki/install/include/ecl/geometry/spline_function.hpp
[25.352s] -- Up-to-date: /home/locobot/Documents/kobuki/install/include/ecl/geometry/tension_function.hpp
[25.352s] -- Up-to-date: /home/locobot/Documents/kobuki/install/include/ecl/geometry/tension_spline.hpp
[25.352s] -- Installing: /home/locobot/Documents/kobuki/install/lib/libecl_geometry.so.1.2.1
[25.352s] -- Set runtime path of "/home/locobot/Documents/kobuki/install/lib/libecl_geometry.so.1.2.1" to ""
[25.352s] -- Up-to-date: /home/locobot/Documents/kobuki/install/lib/libecl_geometry.so
[25.358s] Invoked command in '/home/locobot/Documents/kobuki/build/ecl_geometry' returned '0': AMENT_PREFIX_PATH=/home/locobot/Documents/kobuki/install CMAKE_PREFIX_PATH=/home/locobot/Documents/kobuki/install LD_LIBRARY_PATH=/home/locobot/Documents/kobuki/install/lib PATH=/home/locobot/Documents/kobuki/install/bin:${PATH} PKG_CONFIG_PATH=/home/locobot/Documents/kobuki/install/lib/x86_64-linux-gnu/pkgconfig:/home/locobot/Documents/kobuki/install/lib/pkgconfig PYTHONPATH=/home/locobot/Documents/kobuki/install/lib/python3.8/site-packages /usr/bin/cmake --install /home/locobot/Documents/kobuki/build/ecl_geometry
