Re-run cmake no build system arguments
-- Found ament_cmake_ros: 0.9.2 (/home/locobot/Documents/kobuki/install/share/ament_cmake_ros/cmake)
-- Using PYTHON_EXECUTABLE: /usr/bin/python3
-- Found ecl_build: 1.0.3 (/home/locobot/Documents/kobuki/install/share/ecl_build/cmake)
-- Found ecl_config: 1.1.0 (/home/locobot/Documents/kobuki/install/share/ecl_config/cmake)
-- Found ecl_threads: 1.2.1 (/home/locobot/Documents/kobuki/install/share/ecl_threads/cmake)
-- Configuring done
-- Generating done
-- Build files have been written to: /home/locobot/Documents/kobuki/build/ecl_sigslots
/usr/bin/cmake -S/home/locobot/Documents/kobuki/src/ecl_core/ecl_sigslots -B/home/locobot/Documents/kobuki/build/ecl_sigslots --check-build-system CMakeFiles/Makefile.cmake 0
/usr/bin/cmake -E cmake_progress_start /home/locobot/Documents/kobuki/build/ecl_sigslots/CMakeFiles /home/locobot/Documents/kobuki/build/ecl_sigslots/CMakeFiles/progress.marks
/usr/bin/make -f CMakeFiles/Makefile2 all
make[1]: Entering directory '/home/locobot/Documents/kobuki/build/ecl_sigslots'
/usr/bin/make -f src/examples/CMakeFiles/ecl_demo_sigslots_manager.dir/build.make src/examples/CMakeFiles/ecl_demo_sigslots_manager.dir/depend
make[2]: Entering directory '/home/locobot/Documents/kobuki/build/ecl_sigslots'
cd /home/locobot/Documents/kobuki/build/ecl_sigslots && /usr/bin/cmake -E cmake_depends "Unix Makefiles" /home/locobot/Documents/kobuki/src/ecl_core/ecl_sigslots /home/locobot/Documents/kobuki/src/ecl_core/ecl_sigslots/src/examples /home/locobot/Documents/kobuki/build/ecl_sigslots /home/locobot/Documents/kobuki/build/ecl_sigslots/src/examples /home/locobot/Documents/kobuki/build/ecl_sigslots/src/examples/CMakeFiles/ecl_demo_sigslots_manager.dir/DependInfo.cmake --color=
make[2]: Leaving directory '/home/locobot/Documents/kobuki/build/ecl_sigslots'
/usr/bin/make -f src/examples/CMakeFiles/ecl_demo_sigslots_manager.dir/build.make src/examples/CMakeFiles/ecl_demo_sigslots_manager.dir/build
make[2]: Entering directory '/home/locobot/Documents/kobuki/build/ecl_sigslots'
make[2]: Nothing to be done for 'src/examples/CMakeFiles/ecl_demo_sigslots_manager.dir/build'.
make[2]: Leaving directory '/home/locobot/Documents/kobuki/build/ecl_sigslots'
[ 50%] Built target ecl_demo_sigslots_manager
/usr/bin/make -f src/examples/CMakeFiles/ecl_demo_sigslots.dir/build.make src/examples/CMakeFiles/ecl_demo_sigslots.dir/depend
make[2]: Entering directory '/home/locobot/Documents/kobuki/build/ecl_sigslots'
cd /home/locobot/Documents/kobuki/build/ecl_sigslots && /usr/bin/cmake -E cmake_depends "Unix Makefiles" /home/locobot/Documents/kobuki/src/ecl_core/ecl_sigslots /home/locobot/Documents/kobuki/src/ecl_core/ecl_sigslots/src/examples /home/locobot/Documents/kobuki/build/ecl_sigslots /home/locobot/Documents/kobuki/build/ecl_sigslots/src/examples /home/locobot/Documents/kobuki/build/ecl_sigslots/src/examples/CMakeFiles/ecl_demo_sigslots.dir/DependInfo.cmake --color=
make[2]: Leaving directory '/home/locobot/Documents/kobuki/build/ecl_sigslots'
/usr/bin/make -f src/examples/CMakeFiles/ecl_demo_sigslots.dir/build.make src/examples/CMakeFiles/ecl_demo_sigslots.dir/build
make[2]: Entering directory '/home/locobot/Documents/kobuki/build/ecl_sigslots'
make[2]: Nothing to be done for 'src/examples/CMakeFiles/ecl_demo_sigslots.dir/build'.
make[2]: Leaving directory '/home/locobot/Documents/kobuki/build/ecl_sigslots'
[100%] Built target ecl_demo_sigslots
make[1]: Leaving directory '/home/locobot/Documents/kobuki/build/ecl_sigslots'
/usr/bin/cmake -E cmake_progress_start /home/locobot/Documents/kobuki/build/ecl_sigslots/CMakeFiles 0
-- Install configuration: ""
-- Up-to-date: /home/locobot/Documents/kobuki/install/share/ament_index/resource_index/package_run_dependencies/ecl_sigslots
-- Up-to-date: /home/locobot/Documents/kobuki/install/share/ament_index/resource_index/parent_prefix_path/ecl_sigslots
-- Up-to-date: /home/locobot/Documents/kobuki/install/share/ecl_sigslots/environment/ament_prefix_path.sh
-- Installing: /home/locobot/Documents/kobuki/install/share/ecl_sigslots/environment/ament_prefix_path.dsv
-- Up-to-date: /home/locobot/Documents/kobuki/install/share/ecl_sigslots/environment/path.sh
-- Installing: /home/locobot/Documents/kobuki/install/share/ecl_sigslots/environment/path.dsv
-- Up-to-date: /home/locobot/Documents/kobuki/install/share/ecl_sigslots/local_setup.bash
-- Up-to-date: /home/locobot/Documents/kobuki/install/share/ecl_sigslots/local_setup.sh
-- Up-to-date: /home/locobot/Documents/kobuki/install/share/ecl_sigslots/local_setup.zsh
-- Installing: /home/locobot/Documents/kobuki/install/share/ecl_sigslots/local_setup.dsv
-- Installing: /home/locobot/Documents/kobuki/install/share/ecl_sigslots/package.dsv
-- Up-to-date: /home/locobot/Documents/kobuki/install/share/ament_index/resource_index/packages/ecl_sigslots
-- Up-to-date: /home/locobot/Documents/kobuki/install/share/ecl_sigslots/cmake/ecl_sigslotsExport.cmake
-- Up-to-date: /home/locobot/Documents/kobuki/install/share/ecl_sigslots/cmake/ament_cmake_export_targets-extras.cmake
-- Up-to-date: /home/locobot/Documents/kobuki/install/share/ecl_sigslots/cmake/ament_cmake_export_include_directories-extras.cmake
-- Up-to-date: /home/locobot/Documents/kobuki/install/share/ecl_sigslots/cmake/ament_cmake_export_dependencies-extras.cmake
-- Up-to-date: /home/locobot/Documents/kobuki/install/share/ecl_sigslots/cmake/ecl_sigslotsConfig.cmake
-- Up-to-date: /home/locobot/Documents/kobuki/install/share/ecl_sigslots/cmake/ecl_sigslotsConfig-version.cmake
-- Up-to-date: /home/locobot/Documents/kobuki/install/share/ecl_sigslots/package.xml
-- Up-to-date: /home/locobot/Documents/kobuki/install/include/ecl/sigslots.hpp
-- Up-to-date: /home/locobot/Documents/kobuki/install/include/ecl/sigslots/macros.hpp
-- Up-to-date: /home/locobot/Documents/kobuki/install/include/ecl/sigslots/manager.hpp
-- Up-to-date: /home/locobot/Documents/kobuki/install/include/ecl/sigslots/signal.hpp
-- Up-to-date: /home/locobot/Documents/kobuki/install/include/ecl/sigslots/sigslot.hpp
-- Up-to-date: /home/locobot/Documents/kobuki/install/include/ecl/sigslots/slot.hpp
-- Up-to-date: /home/locobot/Documents/kobuki/install/include/ecl/sigslots/topic.hpp
-- Up-to-date: /home/locobot/Documents/kobuki/install/lib/ecl_sigslots/demo_sigslots
-- Up-to-date: /home/locobot/Documents/kobuki/install/lib/ecl_sigslots/demo_sigslots_manager
