[0.938s] Invoking command in '/home/locobot/Documents/kobuki/build/ecl_sigslots': AMENT_PREFIX_PATH=/home/locobot/Documents/kobuki/install CMAKE_PREFIX_PATH=/home/locobot/Documents/kobuki/install LD_LIBRARY_PATH=/home/locobot/Documents/kobuki/install/lib PATH=/home/locobot/Documents/kobuki/install/bin:${PATH} PYTHONPATH=/home/locobot/Documents/kobuki/install/lib/python3.8/site-packages /usr/bin/cmake /home/locobot/Documents/kobuki/src/ecl_core/ecl_sigslots -DBUILD_TESTING=OFF -DCMAKE_INSTALL_PREFIX=/home/locobot/Documents/kobuki/install
[0.950s] Re-run cmake no build system arguments
[0.960s] -- Found ament_cmake_ros: 0.9.2 (/home/locobot/Documents/kobuki/install/share/ament_cmake_ros/cmake)
[0.991s] -- Using PYTHON_EXECUTABLE: /usr/bin/python3
[1.299s] -- Found ecl_build: 1.0.3 (/home/locobot/Documents/kobuki/install/share/ecl_build/cmake)
[1.312s] -- Found ecl_config: 1.1.0 (/home/locobot/Documents/kobuki/install/share/ecl_config/cmake)
[1.315s] -- Found ecl_threads: 1.2.1 (/home/locobot/Documents/kobuki/install/share/ecl_threads/cmake)
[1.710s] -- Configuring done
[1.733s] -- Generating done
[1.742s] -- Build files have been written to: /home/locobot/Documents/kobuki/build/ecl_sigslots
[1.752s] Invoked command in '/home/locobot/Documents/kobuki/build/ecl_sigslots' returned '0': AMENT_PREFIX_PATH=/home/locobot/Documents/kobuki/install CMAKE_PREFIX_PATH=/home/locobot/Documents/kobuki/install LD_LIBRARY_PATH=/home/locobot/Documents/kobuki/install/lib PATH=/home/locobot/Documents/kobuki/install/bin:${PATH} PYTHONPATH=/home/locobot/Documents/kobuki/install/lib/python3.8/site-packages /usr/bin/cmake /home/locobot/Documents/kobuki/src/ecl_core/ecl_sigslots -DBUILD_TESTING=OFF -DCMAKE_INSTALL_PREFIX=/home/locobot/Documents/kobuki/install
[1.753s] Invoking command in '/home/locobot/Documents/kobuki/build/ecl_sigslots': AMENT_PREFIX_PATH=/home/locobot/Documents/kobuki/install CMAKE_PREFIX_PATH=/home/locobot/Documents/kobuki/install LD_LIBRARY_PATH=/home/locobot/Documents/kobuki/install/lib PATH=/home/locobot/Documents/kobuki/install/bin:${PATH} PYTHONPATH=/home/locobot/Documents/kobuki/install/lib/python3.8/site-packages /usr/bin/cmake --build /home/locobot/Documents/kobuki/build/ecl_sigslots -- -j4 -l4
[1.792s] /usr/bin/cmake -S/home/locobot/Documents/kobuki/src/ecl_core/ecl_sigslots -B/home/locobot/Documents/kobuki/build/ecl_sigslots --check-build-system CMakeFiles/Makefile.cmake 0
[1.841s] /usr/bin/cmake -E cmake_progress_start /home/locobot/Documents/kobuki/build/ecl_sigslots/CMakeFiles /home/locobot/Documents/kobuki/build/ecl_sigslots/CMakeFiles/progress.marks
[1.874s] /usr/bin/make -f CMakeFiles/Makefile2 all
[1.923s] make[1]: Entering directory '/home/locobot/Documents/kobuki/build/ecl_sigslots'
[1.923s] /usr/bin/make -f src/examples/CMakeFiles/ecl_demo_sigslots_manager.dir/build.make src/examples/CMakeFiles/ecl_demo_sigslots_manager.dir/depend
[1.923s] make[2]: Entering directory '/home/locobot/Documents/kobuki/build/ecl_sigslots'
[1.923s] cd /home/locobot/Documents/kobuki/build/ecl_sigslots && /usr/bin/cmake -E cmake_depends "Unix Makefiles" /home/locobot/Documents/kobuki/src/ecl_core/ecl_sigslots /home/locobot/Documents/kobuki/src/ecl_core/ecl_sigslots/src/examples /home/locobot/Documents/kobuki/build/ecl_sigslots /home/locobot/Documents/kobuki/build/ecl_sigslots/src/examples /home/locobot/Documents/kobuki/build/ecl_sigslots/src/examples/CMakeFiles/ecl_demo_sigslots_manager.dir/DependInfo.cmake --color=
[1.945s] make[2]: Leaving directory '/home/locobot/Documents/kobuki/build/ecl_sigslots'
[1.946s] /usr/bin/make -f src/examples/CMakeFiles/ecl_demo_sigslots_manager.dir/build.make src/examples/CMakeFiles/ecl_demo_sigslots_manager.dir/build
[1.964s] make[2]: Entering directory '/home/locobot/Documents/kobuki/build/ecl_sigslots'
[1.964s] make[2]: Nothing to be done for 'src/examples/CMakeFiles/ecl_demo_sigslots_manager.dir/build'.
[1.965s] make[2]: Leaving directory '/home/locobot/Documents/kobuki/build/ecl_sigslots'
[1.982s] [ 50%] Built target ecl_demo_sigslots_manager
[1.982s] /usr/bin/make -f src/examples/CMakeFiles/ecl_demo_sigslots.dir/build.make src/examples/CMakeFiles/ecl_demo_sigslots.dir/depend
[1.983s] make[2]: Entering directory '/home/locobot/Documents/kobuki/build/ecl_sigslots'
[1.983s] cd /home/locobot/Documents/kobuki/build/ecl_sigslots && /usr/bin/cmake -E cmake_depends "Unix Makefiles" /home/locobot/Documents/kobuki/src/ecl_core/ecl_sigslots /home/locobot/Documents/kobuki/src/ecl_core/ecl_sigslots/src/examples /home/locobot/Documents/kobuki/build/ecl_sigslots /home/locobot/Documents/kobuki/build/ecl_sigslots/src/examples /home/locobot/Documents/kobuki/build/ecl_sigslots/src/examples/CMakeFiles/ecl_demo_sigslots.dir/DependInfo.cmake --color=
[1.996s] make[2]: Leaving directory '/home/locobot/Documents/kobuki/build/ecl_sigslots'
[1.996s] /usr/bin/make -f src/examples/CMakeFiles/ecl_demo_sigslots.dir/build.make src/examples/CMakeFiles/ecl_demo_sigslots.dir/build
[2.022s] make[2]: Entering directory '/home/locobot/Documents/kobuki/build/ecl_sigslots'
[2.022s] make[2]: Nothing to be done for 'src/examples/CMakeFiles/ecl_demo_sigslots.dir/build'.
[2.022s] make[2]: Leaving directory '/home/locobot/Documents/kobuki/build/ecl_sigslots'
[2.056s] [100%] Built target ecl_demo_sigslots
[2.058s] make[1]: Leaving directory '/home/locobot/Documents/kobuki/build/ecl_sigslots'
[2.058s] /usr/bin/cmake -E cmake_progress_start /home/locobot/Documents/kobuki/build/ecl_sigslots/CMakeFiles 0
[2.110s] Invoked command in '/home/locobot/Documents/kobuki/build/ecl_sigslots' returned '0': AMENT_PREFIX_PATH=/home/locobot/Documents/kobuki/install CMAKE_PREFIX_PATH=/home/locobot/Documents/kobuki/install LD_LIBRARY_PATH=/home/locobot/Documents/kobuki/install/lib PATH=/home/locobot/Documents/kobuki/install/bin:${PATH} PYTHONPATH=/home/locobot/Documents/kobuki/install/lib/python3.8/site-packages /usr/bin/cmake --build /home/locobot/Documents/kobuki/build/ecl_sigslots -- -j4 -l4
[2.136s] Invoking command in '/home/locobot/Documents/kobuki/build/ecl_sigslots': AMENT_PREFIX_PATH=/home/locobot/Documents/kobuki/install CMAKE_PREFIX_PATH=/home/locobot/Documents/kobuki/install LD_LIBRARY_PATH=/home/locobot/Documents/kobuki/install/lib PATH=/home/locobot/Documents/kobuki/install/bin:${PATH} PYTHONPATH=/home/locobot/Documents/kobuki/install/lib/python3.8/site-packages /usr/bin/cmake --install /home/locobot/Documents/kobuki/build/ecl_sigslots
[2.154s] -- Install configuration: ""
[2.155s] -- Up-to-date: /home/locobot/Documents/kobuki/install/share/ament_index/resource_index/package_run_dependencies/ecl_sigslots
[2.155s] -- Up-to-date: /home/locobot/Documents/kobuki/install/share/ament_index/resource_index/parent_prefix_path/ecl_sigslots
[2.155s] -- Up-to-date: /home/locobot/Documents/kobuki/install/share/ecl_sigslots/environment/ament_prefix_path.sh
[2.167s] -- Installing: /home/locobot/Documents/kobuki/install/share/ecl_sigslots/environment/ament_prefix_path.dsv
[2.167s] -- Up-to-date: /home/locobot/Documents/kobuki/install/share/ecl_sigslots/environment/path.sh
[2.167s] -- Installing: /home/locobot/Documents/kobuki/install/share/ecl_sigslots/environment/path.dsv
[2.167s] -- Up-to-date: /home/locobot/Documents/kobuki/install/share/ecl_sigslots/local_setup.bash
[2.167s] -- Up-to-date: /home/locobot/Documents/kobuki/install/share/ecl_sigslots/local_setup.sh
[2.168s] -- Up-to-date: /home/locobot/Documents/kobuki/install/share/ecl_sigslots/local_setup.zsh
[2.168s] -- Installing: /home/locobot/Documents/kobuki/install/share/ecl_sigslots/local_setup.dsv
[2.168s] -- Installing: /home/locobot/Documents/kobuki/install/share/ecl_sigslots/package.dsv
[2.168s] -- Up-to-date: /home/locobot/Documents/kobuki/install/share/ament_index/resource_index/packages/ecl_sigslots
[2.171s] -- Up-to-date: /home/locobot/Documents/kobuki/install/share/ecl_sigslots/cmake/ecl_sigslotsExport.cmake
[2.175s] -- Up-to-date: /home/locobot/Documents/kobuki/install/share/ecl_sigslots/cmake/ament_cmake_export_targets-extras.cmake
[2.175s] -- Up-to-date: /home/locobot/Documents/kobuki/install/share/ecl_sigslots/cmake/ament_cmake_export_include_directories-extras.cmake
[2.176s] -- Up-to-date: /home/locobot/Documents/kobuki/install/share/ecl_sigslots/cmake/ament_cmake_export_dependencies-extras.cmake
[2.176s] -- Up-to-date: /home/locobot/Documents/kobuki/install/share/ecl_sigslots/cmake/ecl_sigslotsConfig.cmake
[2.176s] -- Up-to-date: /home/locobot/Documents/kobuki/install/share/ecl_sigslots/cmake/ecl_sigslotsConfig-version.cmake
[2.176s] -- Up-to-date: /home/locobot/Documents/kobuki/install/share/ecl_sigslots/package.xml
[2.176s] -- Up-to-date: /home/locobot/Documents/kobuki/install/include/ecl/sigslots.hpp
[2.176s] -- Up-to-date: /home/locobot/Documents/kobuki/install/include/ecl/sigslots/macros.hpp
[2.176s] -- Up-to-date: /home/locobot/Documents/kobuki/install/include/ecl/sigslots/manager.hpp
[2.176s] -- Up-to-date: /home/locobot/Documents/kobuki/install/include/ecl/sigslots/signal.hpp
[2.176s] -- Up-to-date: /home/locobot/Documents/kobuki/install/include/ecl/sigslots/sigslot.hpp
[2.177s] -- Up-to-date: /home/locobot/Documents/kobuki/install/include/ecl/sigslots/slot.hpp
[2.177s] -- Up-to-date: /home/locobot/Documents/kobuki/install/include/ecl/sigslots/topic.hpp
[2.177s] -- Up-to-date: /home/locobot/Documents/kobuki/install/lib/ecl_sigslots/demo_sigslots
[2.177s] -- Up-to-date: /home/locobot/Documents/kobuki/install/lib/ecl_sigslots/demo_sigslots_manager
[2.199s] Invoked command in '/home/locobot/Documents/kobuki/build/ecl_sigslots' returned '0': AMENT_PREFIX_PATH=/home/locobot/Documents/kobuki/install CMAKE_PREFIX_PATH=/home/locobot/Documents/kobuki/install LD_LIBRARY_PATH=/home/locobot/Documents/kobuki/install/lib PATH=/home/locobot/Documents/kobuki/install/bin:${PATH} PYTHONPATH=/home/locobot/Documents/kobuki/install/lib/python3.8/site-packages /usr/bin/cmake --install /home/locobot/Documents/kobuki/build/ecl_sigslots
