Re-run cmake no build system arguments
-- Found ament_cmake_core: 0.9.12 (/home/locobot/Documents/kobuki/install/share/ament_cmake_core/cmake)
-- Using PYTHON_EXECUTABLE: /usr/bin/python3
-- Found ament_cmake_export_dependencies: 0.9.12 (/home/locobot/Documents/kobuki/install/share/ament_cmake_export_dependencies/cmake)
-- Configuring done
-- Generating done
-- Build files have been written to: /home/locobot/Documents/kobuki/build/ament_lint_common
/usr/bin/cmake -S/home/locobot/Documents/kobuki/src/ament_lint/ament_lint_common -B/home/locobot/Documents/kobuki/build/ament_lint_common --check-build-system CMakeFiles/Makefile.cmake 0
/usr/bin/cmake -E cmake_progress_start /home/locobot/Documents/kobuki/build/ament_lint_common/CMakeFiles /home/locobot/Documents/kobuki/build/ament_lint_common/CMakeFiles/progress.marks
/usr/bin/make -f CMakeFiles/Makefile2 all
make[1]: Entering directory '/home/locobot/Documents/kobuki/build/ament_lint_common'
make[1]: Nothing to be done for 'all'.
make[1]: Leaving directory '/home/locobot/Documents/kobuki/build/ament_lint_common'
/usr/bin/cmake -E cmake_progress_start /home/locobot/Documents/kobuki/build/ament_lint_common/CMakeFiles 0
-- Install configuration: ""
-- Up-to-date: /home/locobot/Documents/kobuki/install/share/ament_index/resource_index/package_run_dependencies/ament_lint_common
-- Up-to-date: /home/locobot/Documents/kobuki/install/share/ament_index/resource_index/parent_prefix_path/ament_lint_common
-- Up-to-date: /home/locobot/Documents/kobuki/install/share/ament_lint_common/environment/ament_prefix_path.sh
-- Installing: /home/locobot/Documents/kobuki/install/share/ament_lint_common/environment/ament_prefix_path.dsv
-- Up-to-date: /home/locobot/Documents/kobuki/install/share/ament_lint_common/environment/path.sh
-- Installing: /home/locobot/Documents/kobuki/install/share/ament_lint_common/environment/path.dsv
-- Up-to-date: /home/locobot/Documents/kobuki/install/share/ament_lint_common/local_setup.bash
-- Up-to-date: /home/locobot/Documents/kobuki/install/share/ament_lint_common/local_setup.sh
-- Up-to-date: /home/locobot/Documents/kobuki/install/share/ament_lint_common/local_setup.zsh
-- Installing: /home/locobot/Documents/kobuki/install/share/ament_lint_common/local_setup.dsv
-- Installing: /home/locobot/Documents/kobuki/install/share/ament_lint_common/package.dsv
-- Up-to-date: /home/locobot/Documents/kobuki/install/share/ament_index/resource_index/packages/ament_lint_common
-- Up-to-date: /home/locobot/Documents/kobuki/install/share/ament_lint_common/cmake/ament_cmake_export_dependencies-extras.cmake
-- Up-to-date: /home/locobot/Documents/kobuki/install/share/ament_lint_common/cmake/ament_lint_commonConfig.cmake
-- Up-to-date: /home/locobot/Documents/kobuki/install/share/ament_lint_common/cmake/ament_lint_commonConfig-version.cmake
-- Up-to-date: /home/locobot/Documents/kobuki/install/share/ament_lint_common/package.xml
