[0.383s] Invoking command in '/home/locobot/Documents/kobuki/build/ament_lint_common': AMENT_PREFIX_PATH=/home/locobot/Documents/kobuki/install CMAKE_PREFIX_PATH=/home/locobot/Documents/kobuki/install LD_LIBRARY_PATH=/home/locobot/Documents/kobuki/install/lib PATH=/home/locobot/Documents/kobuki/install/bin:${PATH} PYTHONPATH=/home/locobot/Documents/kobuki/install/lib/python3.8/site-packages /usr/bin/cmake /home/locobot/Documents/kobuki/src/ament_lint/ament_lint_common -DBUILD_TESTING=OFF -DCMAKE_INSTALL_PREFIX=/home/locobot/Documents/kobuki/install
[0.413s] Re-run cmake no build system arguments
[0.420s] -- Found ament_cmake_core: 0.9.12 (/home/locobot/Documents/kobuki/install/share/ament_cmake_core/cmake)
[0.451s] -- Using PYTHON_EXECUTABLE: /usr/bin/python3
[0.734s] -- Found ament_cmake_export_dependencies: 0.9.12 (/home/locobot/Documents/kobuki/install/share/ament_cmake_export_dependencies/cmake)
[0.870s] -- Configuring done
[0.870s] -- Generating done
[0.870s] -- Build files have been written to: /home/locobot/Documents/kobuki/build/ament_lint_common
[1.077s] Invoked command in '/home/locobot/Documents/kobuki/build/ament_lint_common' returned '0': AMENT_PREFIX_PATH=/home/locobot/Documents/kobuki/install CMAKE_PREFIX_PATH=/home/locobot/Documents/kobuki/install LD_LIBRARY_PATH=/home/locobot/Documents/kobuki/install/lib PATH=/home/locobot/Documents/kobuki/install/bin:${PATH} PYTHONPATH=/home/locobot/Documents/kobuki/install/lib/python3.8/site-packages /usr/bin/cmake /home/locobot/Documents/kobuki/src/ament_lint/ament_lint_common -DBUILD_TESTING=OFF -DCMAKE_INSTALL_PREFIX=/home/locobot/Documents/kobuki/install
[1.081s] Invoking command in '/home/locobot/Documents/kobuki/build/ament_lint_common': AMENT_PREFIX_PATH=/home/locobot/Documents/kobuki/install CMAKE_PREFIX_PATH=/home/locobot/Documents/kobuki/install LD_LIBRARY_PATH=/home/locobot/Documents/kobuki/install/lib PATH=/home/locobot/Documents/kobuki/install/bin:${PATH} PYTHONPATH=/home/locobot/Documents/kobuki/install/lib/python3.8/site-packages /usr/bin/cmake --build /home/locobot/Documents/kobuki/build/ament_lint_common -- -j4 -l4
[1.120s] /usr/bin/cmake -S/home/locobot/Documents/kobuki/src/ament_lint/ament_lint_common -B/home/locobot/Documents/kobuki/build/ament_lint_common --check-build-system CMakeFiles/Makefile.cmake 0
[1.120s] /usr/bin/cmake -E cmake_progress_start /home/locobot/Documents/kobuki/build/ament_lint_common/CMakeFiles /home/locobot/Documents/kobuki/build/ament_lint_common/CMakeFiles/progress.marks
[1.131s] /usr/bin/make -f CMakeFiles/Makefile2 all
[1.131s] make[1]: Entering directory '/home/locobot/Documents/kobuki/build/ament_lint_common'
[1.131s] make[1]: Nothing to be done for 'all'.
[1.131s] make[1]: Leaving directory '/home/locobot/Documents/kobuki/build/ament_lint_common'
[1.131s] /usr/bin/cmake -E cmake_progress_start /home/locobot/Documents/kobuki/build/ament_lint_common/CMakeFiles 0
[1.195s] Invoked command in '/home/locobot/Documents/kobuki/build/ament_lint_common' returned '0': AMENT_PREFIX_PATH=/home/locobot/Documents/kobuki/install CMAKE_PREFIX_PATH=/home/locobot/Documents/kobuki/install LD_LIBRARY_PATH=/home/locobot/Documents/kobuki/install/lib PATH=/home/locobot/Documents/kobuki/install/bin:${PATH} PYTHONPATH=/home/locobot/Documents/kobuki/install/lib/python3.8/site-packages /usr/bin/cmake --build /home/locobot/Documents/kobuki/build/ament_lint_common -- -j4 -l4
[1.197s] Invoking command in '/home/locobot/Documents/kobuki/build/ament_lint_common': AMENT_PREFIX_PATH=/home/locobot/Documents/kobuki/install CMAKE_PREFIX_PATH=/home/locobot/Documents/kobuki/install LD_LIBRARY_PATH=/home/locobot/Documents/kobuki/install/lib PATH=/home/locobot/Documents/kobuki/install/bin:${PATH} PYTHONPATH=/home/locobot/Documents/kobuki/install/lib/python3.8/site-packages /usr/bin/cmake --install /home/locobot/Documents/kobuki/build/ament_lint_common
[1.221s] -- Install configuration: ""
[1.224s] -- Up-to-date: /home/locobot/Documents/kobuki/install/share/ament_index/resource_index/package_run_dependencies/ament_lint_common
[1.224s] -- Up-to-date: /home/locobot/Documents/kobuki/install/share/ament_index/resource_index/parent_prefix_path/ament_lint_common
[1.224s] -- Up-to-date: /home/locobot/Documents/kobuki/install/share/ament_lint_common/environment/ament_prefix_path.sh
[1.225s] -- Installing: /home/locobot/Documents/kobuki/install/share/ament_lint_common/environment/ament_prefix_path.dsv
[1.226s] -- Up-to-date: /home/locobot/Documents/kobuki/install/share/ament_lint_common/environment/path.sh
[1.227s] -- Installing: /home/locobot/Documents/kobuki/install/share/ament_lint_common/environment/path.dsv
[1.228s] -- Up-to-date: /home/locobot/Documents/kobuki/install/share/ament_lint_common/local_setup.bash
[1.230s] -- Up-to-date: /home/locobot/Documents/kobuki/install/share/ament_lint_common/local_setup.sh
[1.231s] -- Up-to-date: /home/locobot/Documents/kobuki/install/share/ament_lint_common/local_setup.zsh
[1.232s] -- Installing: /home/locobot/Documents/kobuki/install/share/ament_lint_common/local_setup.dsv
[1.233s] -- Installing: /home/locobot/Documents/kobuki/install/share/ament_lint_common/package.dsv
[1.234s] -- Up-to-date: /home/locobot/Documents/kobuki/install/share/ament_index/resource_index/packages/ament_lint_common
[1.234s] -- Up-to-date: /home/locobot/Documents/kobuki/install/share/ament_lint_common/cmake/ament_cmake_export_dependencies-extras.cmake
[1.235s] -- Up-to-date: /home/locobot/Documents/kobuki/install/share/ament_lint_common/cmake/ament_lint_commonConfig.cmake
[1.236s] -- Up-to-date: /home/locobot/Documents/kobuki/install/share/ament_lint_common/cmake/ament_lint_commonConfig-version.cmake
[1.236s] -- Up-to-date: /home/locobot/Documents/kobuki/install/share/ament_lint_common/package.xml
[1.237s] Invoked command in '/home/locobot/Documents/kobuki/build/ament_lint_common' returned '0': AMENT_PREFIX_PATH=/home/locobot/Documents/kobuki/install CMAKE_PREFIX_PATH=/home/locobot/Documents/kobuki/install LD_LIBRARY_PATH=/home/locobot/Documents/kobuki/install/lib PATH=/home/locobot/Documents/kobuki/install/bin:${PATH} PYTHONPATH=/home/locobot/Documents/kobuki/install/lib/python3.8/site-packages /usr/bin/cmake --install /home/locobot/Documents/kobuki/build/ament_lint_common
