[0.580s] Invoking command in '/home/locobot/Documents/kobuki/build/ecl_command_line': AMENT_PREFIX_PATH=/home/locobot/Documents/kobuki/install CMAKE_PREFIX_PATH=/home/locobot/Documents/kobuki/install LD_LIBRARY_PATH=/home/locobot/Documents/kobuki/install/lib PATH=/home/locobot/Documents/kobuki/install/bin:${PATH} PYTHONPATH=/home/locobot/Documents/kobuki/install/lib/python3.8/site-packages /usr/bin/cmake /home/locobot/Documents/kobuki/src/ecl_core/ecl_command_line -DBUILD_TESTING=OFF --no-warn-unused-cli -DCMAKE_INSTALL_PREFIX=/home/locobot/Documents/kobuki/install
[0.703s] Not searching for unused variables given on the command line.
[0.704s] -- Found ament_cmake_ros: 0.9.2 (/home/locobot/Documents/kobuki/install/share/ament_cmake_ros/cmake)
[0.704s] -- Using PYTHON_EXECUTABLE: /usr/bin/python3
[0.889s] -- Found ecl_build: 1.0.3 (/home/locobot/Documents/kobuki/install/share/ecl_build/cmake)
[1.061s] -- Configuring done
[1.073s] -- Generating done
[1.077s] -- Build files have been written to: /home/locobot/Documents/kobuki/build/ecl_command_line
[1.086s] Invoked command in '/home/locobot/Documents/kobuki/build/ecl_command_line' returned '0': AMENT_PREFIX_PATH=/home/locobot/Documents/kobuki/install CMAKE_PREFIX_PATH=/home/locobot/Documents/kobuki/install LD_LIBRARY_PATH=/home/locobot/Documents/kobuki/install/lib PATH=/home/locobot/Documents/kobuki/install/bin:${PATH} PYTHONPATH=/home/locobot/Documents/kobuki/install/lib/python3.8/site-packages /usr/bin/cmake /home/locobot/Documents/kobuki/src/ecl_core/ecl_command_line -DBUILD_TESTING=OFF --no-warn-unused-cli -DCMAKE_INSTALL_PREFIX=/home/locobot/Documents/kobuki/install
[1.091s] Invoking command in '/home/locobot/Documents/kobuki/build/ecl_command_line': AMENT_PREFIX_PATH=/home/locobot/Documents/kobuki/install CMAKE_PREFIX_PATH=/home/locobot/Documents/kobuki/install LD_LIBRARY_PATH=/home/locobot/Documents/kobuki/install/lib PATH=/home/locobot/Documents/kobuki/install/bin:${PATH} PYTHONPATH=/home/locobot/Documents/kobuki/install/lib/python3.8/site-packages /usr/bin/cmake --build /home/locobot/Documents/kobuki/build/ecl_command_line -- -j4 -l4
[1.218s] [100%] Built target ecl_demo_command_line
[1.260s] Invoked command in '/home/locobot/Documents/kobuki/build/ecl_command_line' returned '0': AMENT_PREFIX_PATH=/home/locobot/Documents/kobuki/install CMAKE_PREFIX_PATH=/home/locobot/Documents/kobuki/install LD_LIBRARY_PATH=/home/locobot/Documents/kobuki/install/lib PATH=/home/locobot/Documents/kobuki/install/bin:${PATH} PYTHONPATH=/home/locobot/Documents/kobuki/install/lib/python3.8/site-packages /usr/bin/cmake --build /home/locobot/Documents/kobuki/build/ecl_command_line -- -j4 -l4
[1.264s] Invoking command in '/home/locobot/Documents/kobuki/build/ecl_command_line': AMENT_PREFIX_PATH=/home/locobot/Documents/kobuki/install CMAKE_PREFIX_PATH=/home/locobot/Documents/kobuki/install LD_LIBRARY_PATH=/home/locobot/Documents/kobuki/install/lib PATH=/home/locobot/Documents/kobuki/install/bin:${PATH} PYTHONPATH=/home/locobot/Documents/kobuki/install/lib/python3.8/site-packages /usr/bin/cmake --install /home/locobot/Documents/kobuki/build/ecl_command_line
[1.298s] -- Install configuration: ""
[1.317s] -- Up-to-date: /home/locobot/Documents/kobuki/install/share/ament_index/resource_index/package_run_dependencies/ecl_command_line
[1.318s] -- Up-to-date: /home/locobot/Documents/kobuki/install/share/ament_index/resource_index/parent_prefix_path/ecl_command_line
[1.319s] -- Up-to-date: /home/locobot/Documents/kobuki/install/share/ecl_command_line/environment/ament_prefix_path.sh
[1.319s] -- Installing: /home/locobot/Documents/kobuki/install/share/ecl_command_line/environment/ament_prefix_path.dsv
[1.320s] -- Up-to-date: /home/locobot/Documents/kobuki/install/share/ecl_command_line/environment/path.sh
[1.321s] -- Installing: /home/locobot/Documents/kobuki/install/share/ecl_command_line/environment/path.dsv
[1.322s] -- Up-to-date: /home/locobot/Documents/kobuki/install/share/ecl_command_line/local_setup.bash
[1.323s] -- Up-to-date: /home/locobot/Documents/kobuki/install/share/ecl_command_line/local_setup.sh
[1.324s] -- Up-to-date: /home/locobot/Documents/kobuki/install/share/ecl_command_line/local_setup.zsh
[1.325s] -- Installing: /home/locobot/Documents/kobuki/install/share/ecl_command_line/local_setup.dsv
[1.327s] -- Installing: /home/locobot/Documents/kobuki/install/share/ecl_command_line/package.dsv
[1.328s] -- Up-to-date: /home/locobot/Documents/kobuki/install/share/ament_index/resource_index/packages/ecl_command_line
[1.333s] -- Up-to-date: /home/locobot/Documents/kobuki/install/share/ecl_command_line/cmake/ecl_command_lineExport.cmake
[1.334s] -- Up-to-date: /home/locobot/Documents/kobuki/install/share/ecl_command_line/cmake/ament_cmake_export_targets-extras.cmake
[1.335s] -- Up-to-date: /home/locobot/Documents/kobuki/install/share/ecl_command_line/cmake/ament_cmake_export_include_directories-extras.cmake
[1.336s] -- Up-to-date: /home/locobot/Documents/kobuki/install/share/ecl_command_line/cmake/ecl_command_lineConfig.cmake
[1.336s] -- Up-to-date: /home/locobot/Documents/kobuki/install/share/ecl_command_line/cmake/ecl_command_lineConfig-version.cmake
[1.337s] -- Up-to-date: /home/locobot/Documents/kobuki/install/share/ecl_command_line/package.xml
[1.338s] -- Up-to-date: /home/locobot/Documents/kobuki/install/include/ecl/command_line.hpp
[1.340s] -- Up-to-date: /home/locobot/Documents/kobuki/install/include/ecl/command_line/arg.hpp
[1.348s] -- Up-to-date: /home/locobot/Documents/kobuki/install/include/ecl/command_line/arg_exception.hpp
[1.348s] -- Up-to-date: /home/locobot/Documents/kobuki/install/include/ecl/command_line/cmd_line.hpp
[1.348s] -- Up-to-date: /home/locobot/Documents/kobuki/install/include/ecl/command_line/cmd_line_interface.hpp
[1.349s] -- Up-to-date: /home/locobot/Documents/kobuki/install/include/ecl/command_line/cmd_line_output.hpp
[1.349s] -- Up-to-date: /home/locobot/Documents/kobuki/install/include/ecl/command_line/constraint.hpp
[1.349s] -- Up-to-date: /home/locobot/Documents/kobuki/install/include/ecl/command_line/docbook_output.hpp
[1.349s] -- Up-to-date: /home/locobot/Documents/kobuki/install/include/ecl/command_line/help_visitor.hpp
[1.349s] -- Up-to-date: /home/locobot/Documents/kobuki/install/include/ecl/command_line/ignore_rest_visitor.hpp
[1.349s] -- Up-to-date: /home/locobot/Documents/kobuki/install/include/ecl/command_line/multi_arg.hpp
[1.349s] -- Up-to-date: /home/locobot/Documents/kobuki/install/include/ecl/command_line/multi_switch_arg.hpp
[1.349s] -- Up-to-date: /home/locobot/Documents/kobuki/install/include/ecl/command_line/optional_unlabeled_tracker.hpp
[1.349s] -- Up-to-date: /home/locobot/Documents/kobuki/install/include/ecl/command_line/std_output.hpp
[1.349s] -- Up-to-date: /home/locobot/Documents/kobuki/install/include/ecl/command_line/switch_arg.hpp
[1.350s] -- Up-to-date: /home/locobot/Documents/kobuki/install/include/ecl/command_line/unlabeled_multi_arg.hpp
[1.350s] -- Up-to-date: /home/locobot/Documents/kobuki/install/include/ecl/command_line/unlabeled_value_arg.hpp
[1.350s] -- Up-to-date: /home/locobot/Documents/kobuki/install/include/ecl/command_line/value_arg.hpp
[1.350s] -- Up-to-date: /home/locobot/Documents/kobuki/install/include/ecl/command_line/values_constraint.hpp
[1.350s] -- Up-to-date: /home/locobot/Documents/kobuki/install/include/ecl/command_line/version_visitor.hpp
[1.350s] -- Up-to-date: /home/locobot/Documents/kobuki/install/include/ecl/command_line/visitor.hpp
[1.350s] -- Up-to-date: /home/locobot/Documents/kobuki/install/include/ecl/command_line/xor_handler.hpp
[1.350s] -- Up-to-date: /home/locobot/Documents/kobuki/install/lib/ecl_command_line/demo_command_line
[1.368s] Invoked command in '/home/locobot/Documents/kobuki/build/ecl_command_line' returned '0': AMENT_PREFIX_PATH=/home/locobot/Documents/kobuki/install CMAKE_PREFIX_PATH=/home/locobot/Documents/kobuki/install LD_LIBRARY_PATH=/home/locobot/Documents/kobuki/install/lib PATH=/home/locobot/Documents/kobuki/install/bin:${PATH} PYTHONPATH=/home/locobot/Documents/kobuki/install/lib/python3.8/site-packages /usr/bin/cmake --install /home/locobot/Documents/kobuki/build/ecl_command_line
