[0.111s] Invoking command in '/home/locobot/Documents/kobuki/build/ament_cmake_xmllint': AMENT_PREFIX_PATH=/home/locobot/Documents/kobuki/install CMAKE_PREFIX_PATH=/home/locobot/Documents/kobuki/install LD_LIBRARY_PATH=/home/locobot/Documents/kobuki/install/lib PATH=/home/locobot/Documents/kobuki/install/bin:${PATH} PYTHONPATH=/home/locobot/Documents/kobuki/install/lib/python3.8/site-packages /usr/bin/cmake /home/locobot/Documents/kobuki/src/ament_lint/ament_cmake_xmllint -DBUILD_TESTING=OFF -DCMAKE_INSTALL_PREFIX=/home/locobot/Documents/kobuki/install
[0.126s] Re-run cmake no build system arguments
[0.129s] -- Found ament_cmake_core: 0.9.12 (/home/locobot/Documents/kobuki/install/share/ament_cmake_core/cmake)
[0.155s] -- Using PYTHON_EXECUTABLE: /usr/bin/python3
[0.494s] -- Found ament_cmake_test: 0.9.12 (/home/locobot/Documents/kobuki/install/share/ament_cmake_test/cmake)
[0.648s] -- Configuring done
[0.648s] -- Generating done
[0.660s] -- Build files have been written to: /home/locobot/Documents/kobuki/build/ament_cmake_xmllint
[0.741s] Invoked command in '/home/locobot/Documents/kobuki/build/ament_cmake_xmllint' returned '0': AMENT_PREFIX_PATH=/home/locobot/Documents/kobuki/install CMAKE_PREFIX_PATH=/home/locobot/Documents/kobuki/install LD_LIBRARY_PATH=/home/locobot/Documents/kobuki/install/lib PATH=/home/locobot/Documents/kobuki/install/bin:${PATH} PYTHONPATH=/home/locobot/Documents/kobuki/install/lib/python3.8/site-packages /usr/bin/cmake /home/locobot/Documents/kobuki/src/ament_lint/ament_cmake_xmllint -DBUILD_TESTING=OFF -DCMAKE_INSTALL_PREFIX=/home/locobot/Documents/kobuki/install
[0.747s] Invoking command in '/home/locobot/Documents/kobuki/build/ament_cmake_xmllint': AMENT_PREFIX_PATH=/home/locobot/Documents/kobuki/install CMAKE_PREFIX_PATH=/home/locobot/Documents/kobuki/install LD_LIBRARY_PATH=/home/locobot/Documents/kobuki/install/lib PATH=/home/locobot/Documents/kobuki/install/bin:${PATH} PYTHONPATH=/home/locobot/Documents/kobuki/install/lib/python3.8/site-packages /usr/bin/cmake --build /home/locobot/Documents/kobuki/build/ament_cmake_xmllint -- -j4 -l4
[0.789s] /usr/bin/cmake -S/home/locobot/Documents/kobuki/src/ament_lint/ament_cmake_xmllint -B/home/locobot/Documents/kobuki/build/ament_cmake_xmllint --check-build-system CMakeFiles/Makefile.cmake 0
[0.809s] /usr/bin/cmake -E cmake_progress_start /home/locobot/Documents/kobuki/build/ament_cmake_xmllint/CMakeFiles /home/locobot/Documents/kobuki/build/ament_cmake_xmllint/CMakeFiles/progress.marks
[0.821s] /usr/bin/make -f CMakeFiles/Makefile2 all
[0.823s] make[1]: Entering directory '/home/locobot/Documents/kobuki/build/ament_cmake_xmllint'
[0.823s] make[1]: Nothing to be done for 'all'.
[0.823s] make[1]: Leaving directory '/home/locobot/Documents/kobuki/build/ament_cmake_xmllint'
[0.823s] /usr/bin/cmake -E cmake_progress_start /home/locobot/Documents/kobuki/build/ament_cmake_xmllint/CMakeFiles 0
[1.085s] Invoked command in '/home/locobot/Documents/kobuki/build/ament_cmake_xmllint' returned '0': AMENT_PREFIX_PATH=/home/locobot/Documents/kobuki/install CMAKE_PREFIX_PATH=/home/locobot/Documents/kobuki/install LD_LIBRARY_PATH=/home/locobot/Documents/kobuki/install/lib PATH=/home/locobot/Documents/kobuki/install/bin:${PATH} PYTHONPATH=/home/locobot/Documents/kobuki/install/lib/python3.8/site-packages /usr/bin/cmake --build /home/locobot/Documents/kobuki/build/ament_cmake_xmllint -- -j4 -l4
[1.086s] Invoking command in '/home/locobot/Documents/kobuki/build/ament_cmake_xmllint': AMENT_PREFIX_PATH=/home/locobot/Documents/kobuki/install CMAKE_PREFIX_PATH=/home/locobot/Documents/kobuki/install LD_LIBRARY_PATH=/home/locobot/Documents/kobuki/install/lib PATH=/home/locobot/Documents/kobuki/install/bin:${PATH} PYTHONPATH=/home/locobot/Documents/kobuki/install/lib/python3.8/site-packages /usr/bin/cmake --install /home/locobot/Documents/kobuki/build/ament_cmake_xmllint
[1.107s] -- Install configuration: ""
[1.108s] -- Up-to-date: /home/locobot/Documents/kobuki/install/share/ament_index/resource_index/package_run_dependencies/ament_cmake_xmllint
[1.108s] -- Up-to-date: /home/locobot/Documents/kobuki/install/share/ament_index/resource_index/parent_prefix_path/ament_cmake_xmllint
[1.109s] -- Up-to-date: /home/locobot/Documents/kobuki/install/share/ament_cmake_xmllint/environment/ament_prefix_path.sh
[1.109s] -- Installing: /home/locobot/Documents/kobuki/install/share/ament_cmake_xmllint/environment/ament_prefix_path.dsv
[1.109s] -- Up-to-date: /home/locobot/Documents/kobuki/install/share/ament_cmake_xmllint/environment/path.sh
[1.109s] -- Installing: /home/locobot/Documents/kobuki/install/share/ament_cmake_xmllint/environment/path.dsv
[1.109s] -- Up-to-date: /home/locobot/Documents/kobuki/install/share/ament_cmake_xmllint/local_setup.bash
[1.109s] -- Up-to-date: /home/locobot/Documents/kobuki/install/share/ament_cmake_xmllint/local_setup.sh
[1.109s] -- Up-to-date: /home/locobot/Documents/kobuki/install/share/ament_cmake_xmllint/local_setup.zsh
[1.110s] -- Installing: /home/locobot/Documents/kobuki/install/share/ament_cmake_xmllint/local_setup.dsv
[1.110s] -- Installing: /home/locobot/Documents/kobuki/install/share/ament_cmake_xmllint/package.dsv
[1.110s] -- Up-to-date: /home/locobot/Documents/kobuki/install/share/ament_index/resource_index/packages/ament_cmake_xmllint
[1.110s] -- Up-to-date: /home/locobot/Documents/kobuki/install/share/ament_cmake_xmllint/cmake/ament_cmake_xmllint-extras.cmake
[1.110s] -- Up-to-date: /home/locobot/Documents/kobuki/install/share/ament_cmake_xmllint/cmake/ament_cmake_xmllintConfig.cmake
[1.110s] -- Up-to-date: /home/locobot/Documents/kobuki/install/share/ament_cmake_xmllint/cmake/ament_cmake_xmllintConfig-version.cmake
[1.110s] -- Up-to-date: /home/locobot/Documents/kobuki/install/share/ament_cmake_xmllint/package.xml
[1.111s] -- Up-to-date: /home/locobot/Documents/kobuki/install/share/ament_cmake_xmllint/cmake
[1.111s] -- Up-to-date: /home/locobot/Documents/kobuki/install/share/ament_cmake_xmllint/cmake/ament_xmllint.cmake
[1.111s] -- Up-to-date: /home/locobot/Documents/kobuki/install/share/ament_cmake_xmllint/cmake/ament_cmake_xmllint_lint_hook.cmake
[1.123s] Invoked command in '/home/locobot/Documents/kobuki/build/ament_cmake_xmllint' returned '0': AMENT_PREFIX_PATH=/home/locobot/Documents/kobuki/install CMAKE_PREFIX_PATH=/home/locobot/Documents/kobuki/install LD_LIBRARY_PATH=/home/locobot/Documents/kobuki/install/lib PATH=/home/locobot/Documents/kobuki/install/bin:${PATH} PYTHONPATH=/home/locobot/Documents/kobuki/install/lib/python3.8/site-packages /usr/bin/cmake --install /home/locobot/Documents/kobuki/build/ament_cmake_xmllint
