[0.124s] Invoking command in '/home/locobot/Documents/kobuki/build/ament_cmake_export_targets': AMENT_PREFIX_PATH=/home/locobot/Documents/kobuki/install CMAKE_PREFIX_PATH=/home/locobot/Documents/kobuki/install LD_LIBRARY_PATH=/home/locobot/Documents/kobuki/install/lib PATH=/home/locobot/Documents/kobuki/install/bin:${PATH} PYTHONPATH=/home/locobot/Documents/kobuki/install/lib/python3.8/site-packages /usr/bin/cmake /home/locobot/Documents/kobuki/src/ament_cmake/ament_cmake_export_targets -DBUILD_TESTING=OFF -DCMAKE_INSTALL_PREFIX=/home/locobot/Documents/kobuki/install
[0.158s] Re-run cmake no build system arguments
[0.160s] -- Found ament_cmake_core: 0.9.12 (/home/locobot/Documents/kobuki/install/share/ament_cmake_core/cmake)
[0.222s] -- Using PYTHON_EXECUTABLE: /usr/bin/python3
[1.116s] -- Configuring done
[1.117s] -- Generating done
[1.128s] -- Build files have been written to: /home/locobot/Documents/kobuki/build/ament_cmake_export_targets
[1.219s] Invoked command in '/home/locobot/Documents/kobuki/build/ament_cmake_export_targets' returned '0': AMENT_PREFIX_PATH=/home/locobot/Documents/kobuki/install CMAKE_PREFIX_PATH=/home/locobot/Documents/kobuki/install LD_LIBRARY_PATH=/home/locobot/Documents/kobuki/install/lib PATH=/home/locobot/Documents/kobuki/install/bin:${PATH} PYTHONPATH=/home/locobot/Documents/kobuki/install/lib/python3.8/site-packages /usr/bin/cmake /home/locobot/Documents/kobuki/src/ament_cmake/ament_cmake_export_targets -DBUILD_TESTING=OFF -DCMAKE_INSTALL_PREFIX=/home/locobot/Documents/kobuki/install
[1.220s] Invoking command in '/home/locobot/Documents/kobuki/build/ament_cmake_export_targets': AMENT_PREFIX_PATH=/home/locobot/Documents/kobuki/install CMAKE_PREFIX_PATH=/home/locobot/Documents/kobuki/install LD_LIBRARY_PATH=/home/locobot/Documents/kobuki/install/lib PATH=/home/locobot/Documents/kobuki/install/bin:${PATH} PYTHONPATH=/home/locobot/Documents/kobuki/install/lib/python3.8/site-packages /usr/bin/cmake --build /home/locobot/Documents/kobuki/build/ament_cmake_export_targets -- -j4 -l4
[1.344s] /usr/bin/cmake -S/home/locobot/Documents/kobuki/src/ament_cmake/ament_cmake_export_targets -B/home/locobot/Documents/kobuki/build/ament_cmake_export_targets --check-build-system CMakeFiles/Makefile.cmake 0
[1.345s] /usr/bin/cmake -E cmake_progress_start /home/locobot/Documents/kobuki/build/ament_cmake_export_targets/CMakeFiles /home/locobot/Documents/kobuki/build/ament_cmake_export_targets/CMakeFiles/progress.marks
[1.345s] /usr/bin/make -f CMakeFiles/Makefile2 all
[1.345s] make[1]: Entering directory '/home/locobot/Documents/kobuki/build/ament_cmake_export_targets'
[1.345s] make[1]: Nothing to be done for 'all'.
[1.345s] make[1]: Leaving directory '/home/locobot/Documents/kobuki/build/ament_cmake_export_targets'
[1.345s] /usr/bin/cmake -E cmake_progress_start /home/locobot/Documents/kobuki/build/ament_cmake_export_targets/CMakeFiles 0
[1.408s] Invoked command in '/home/locobot/Documents/kobuki/build/ament_cmake_export_targets' returned '0': AMENT_PREFIX_PATH=/home/locobot/Documents/kobuki/install CMAKE_PREFIX_PATH=/home/locobot/Documents/kobuki/install LD_LIBRARY_PATH=/home/locobot/Documents/kobuki/install/lib PATH=/home/locobot/Documents/kobuki/install/bin:${PATH} PYTHONPATH=/home/locobot/Documents/kobuki/install/lib/python3.8/site-packages /usr/bin/cmake --build /home/locobot/Documents/kobuki/build/ament_cmake_export_targets -- -j4 -l4
[1.417s] Invoking command in '/home/locobot/Documents/kobuki/build/ament_cmake_export_targets': AMENT_PREFIX_PATH=/home/locobot/Documents/kobuki/install CMAKE_PREFIX_PATH=/home/locobot/Documents/kobuki/install LD_LIBRARY_PATH=/home/locobot/Documents/kobuki/install/lib PATH=/home/locobot/Documents/kobuki/install/bin:${PATH} PYTHONPATH=/home/locobot/Documents/kobuki/install/lib/python3.8/site-packages /usr/bin/cmake --install /home/locobot/Documents/kobuki/build/ament_cmake_export_targets
[1.474s] -- Install configuration: ""
[1.475s] -- Up-to-date: /home/locobot/Documents/kobuki/install/share/ament_index/resource_index/package_run_dependencies/ament_cmake_export_targets
[1.476s] -- Up-to-date: /home/locobot/Documents/kobuki/install/share/ament_index/resource_index/parent_prefix_path/ament_cmake_export_targets
[1.476s] -- Up-to-date: /home/locobot/Documents/kobuki/install/share/ament_cmake_export_targets/environment/ament_prefix_path.sh
[1.477s] -- Installing: /home/locobot/Documents/kobuki/install/share/ament_cmake_export_targets/environment/ament_prefix_path.dsv
[1.480s] -- Up-to-date: /home/locobot/Documents/kobuki/install/share/ament_cmake_export_targets/environment/path.sh
[1.480s] -- Installing: /home/locobot/Documents/kobuki/install/share/ament_cmake_export_targets/environment/path.dsv
[1.481s] -- Up-to-date: /home/locobot/Documents/kobuki/install/share/ament_cmake_export_targets/local_setup.bash
[1.482s] -- Up-to-date: /home/locobot/Documents/kobuki/install/share/ament_cmake_export_targets/local_setup.sh
[1.482s] -- Up-to-date: /home/locobot/Documents/kobuki/install/share/ament_cmake_export_targets/local_setup.zsh
[1.482s] -- Installing: /home/locobot/Documents/kobuki/install/share/ament_cmake_export_targets/local_setup.dsv
[1.483s] -- Installing: /home/locobot/Documents/kobuki/install/share/ament_cmake_export_targets/package.dsv
[1.483s] -- Up-to-date: /home/locobot/Documents/kobuki/install/share/ament_index/resource_index/packages/ament_cmake_export_targets
[1.484s] -- Up-to-date: /home/locobot/Documents/kobuki/install/share/ament_cmake_export_targets/cmake/ament_cmake_export_targets-extras.cmake
[1.484s] -- Up-to-date: /home/locobot/Documents/kobuki/install/share/ament_cmake_export_targets/cmake/ament_cmake_export_targetsConfig.cmake
[1.484s] -- Up-to-date: /home/locobot/Documents/kobuki/install/share/ament_cmake_export_targets/cmake/ament_cmake_export_targetsConfig-version.cmake
[1.484s] -- Up-to-date: /home/locobot/Documents/kobuki/install/share/ament_cmake_export_targets/package.xml
[1.484s] -- Up-to-date: /home/locobot/Documents/kobuki/install/share/ament_cmake_export_targets/cmake
[1.484s] -- Up-to-date: /home/locobot/Documents/kobuki/install/share/ament_cmake_export_targets/cmake/ament_cmake_export_targets_package_hook.cmake
[1.485s] -- Up-to-date: /home/locobot/Documents/kobuki/install/share/ament_cmake_export_targets/cmake/ament_export_targets.cmake
[1.485s] -- Up-to-date: /home/locobot/Documents/kobuki/install/share/ament_cmake_export_targets/cmake/ament_cmake_export_targets-extras.cmake.in
[1.814s] Invoked command in '/home/locobot/Documents/kobuki/build/ament_cmake_export_targets' returned '0': AMENT_PREFIX_PATH=/home/locobot/Documents/kobuki/install CMAKE_PREFIX_PATH=/home/locobot/Documents/kobuki/install LD_LIBRARY_PATH=/home/locobot/Documents/kobuki/install/lib PATH=/home/locobot/Documents/kobuki/install/bin:${PATH} PYTHONPATH=/home/locobot/Documents/kobuki/install/lib/python3.8/site-packages /usr/bin/cmake --install /home/locobot/Documents/kobuki/build/ament_cmake_export_targets
