Not searching for unused variables given on the command line.
-- Found ament_cmake_ros: 0.9.2 (/home/locobot/Documents/kobuki/install/share/ament_cmake_ros/cmake)
-- Using PYTHON_EXECUTABLE: /usr/bin/python3
-- Found ecl_build: 1.0.3 (/home/locobot/Documents/kobuki/install/share/ecl_build/cmake)
-- Found ecl_config: 1.1.0 (/home/locobot/Documents/kobuki/install/share/ecl_config/cmake)
-- Found ecl_errors: 1.1.0 (/home/locobot/Documents/kobuki/install/share/ecl_errors/cmake)
-- Configuring done
-- Generating done
-- Build files have been written to: /home/locobot/Documents/kobuki/build/ecl_io
[ 40%] Built target ecl_io
[ 60%] Built target ecl_io_example_poll
[ 80%] Built target ecl_io_example_sockets
[100%] Built target ecl_io_example_socketpair
-- Install configuration: ""
-- Up-to-date: /home/locobot/Documents/kobuki/install/share/ecl_io/environment/library_path.sh
-- Installing: /home/locobot/Documents/kobuki/install/share/ecl_io/environment/library_path.dsv
-- Up-to-date: /home/locobot/Documents/kobuki/install/share/ament_index/resource_index/package_run_dependencies/ecl_io
-- Up-to-date: /home/locobot/Documents/kobuki/install/share/ament_index/resource_index/parent_prefix_path/ecl_io
-- Up-to-date: /home/locobot/Documents/kobuki/install/share/ecl_io/environment/ament_prefix_path.sh
-- Installing: /home/locobot/Documents/kobuki/install/share/ecl_io/environment/ament_prefix_path.dsv
-- Up-to-date: /home/locobot/Documents/kobuki/install/share/ecl_io/environment/path.sh
-- Installing: /home/locobot/Documents/kobuki/install/share/ecl_io/environment/path.dsv
-- Up-to-date: /home/locobot/Documents/kobuki/install/share/ecl_io/local_setup.bash
-- Up-to-date: /home/locobot/Documents/kobuki/install/share/ecl_io/local_setup.sh
-- Up-to-date: /home/locobot/Documents/kobuki/install/share/ecl_io/local_setup.zsh
-- Installing: /home/locobot/Documents/kobuki/install/share/ecl_io/local_setup.dsv
-- Installing: /home/locobot/Documents/kobuki/install/share/ecl_io/package.dsv
-- Up-to-date: /home/locobot/Documents/kobuki/install/share/ament_index/resource_index/packages/ecl_io
-- Up-to-date: /home/locobot/Documents/kobuki/install/share/ecl_io/cmake/ecl_ioExport.cmake
-- Installing: /home/locobot/Documents/kobuki/install/share/ecl_io/cmake/ecl_ioExport-noconfig.cmake
-- Up-to-date: /home/locobot/Documents/kobuki/install/share/ecl_io/cmake/ament_cmake_export_targets-extras.cmake
-- Up-to-date: /home/locobot/Documents/kobuki/install/share/ecl_io/cmake/ament_cmake_export_include_directories-extras.cmake
-- Up-to-date: /home/locobot/Documents/kobuki/install/share/ecl_io/cmake/ament_cmake_export_libraries-extras.cmake
-- Up-to-date: /home/locobot/Documents/kobuki/install/share/ecl_io/cmake/ament_cmake_export_dependencies-extras.cmake
-- Up-to-date: /home/locobot/Documents/kobuki/install/share/ecl_io/cmake/ecl_ioConfig.cmake
-- Up-to-date: /home/locobot/Documents/kobuki/install/share/ecl_io/cmake/ecl_ioConfig-version.cmake
-- Up-to-date: /home/locobot/Documents/kobuki/install/share/ecl_io/package.xml
-- Up-to-date: /home/locobot/Documents/kobuki/install/include/ecl/io.hpp
-- Up-to-date: /home/locobot/Documents/kobuki/install/include/ecl/sockets/macros.hpp
-- Up-to-date: /home/locobot/Documents/kobuki/install/include/ecl/sockets/poll.hpp
-- Up-to-date: /home/locobot/Documents/kobuki/install/include/ecl/sockets/socketpair.hpp
-- Up-to-date: /home/locobot/Documents/kobuki/install/include/ecl/sockets/sockets.hpp
-- Up-to-date: /home/locobot/Documents/kobuki/install/lib/libecl_io.so.1.1.0
-- Up-to-date: /home/locobot/Documents/kobuki/install/lib/libecl_io.so
-- Up-to-date: /home/locobot/Documents/kobuki/install/lib/ecl_io/demo_sockets
-- Up-to-date: /home/locobot/Documents/kobuki/install/lib/ecl_io/demo_socketpair
-- Up-to-date: /home/locobot/Documents/kobuki/install/lib/ecl_io/demo_poll
