[0.619s] Invoking command in '/home/locobot/Documents/kobuki/build/ecl_io': AMENT_PREFIX_PATH=/home/locobot/Documents/kobuki/install CMAKE_PREFIX_PATH=/home/locobot/Documents/kobuki/install LD_LIBRARY_PATH=/home/locobot/Documents/kobuki/install/lib PATH=/home/locobot/Documents/kobuki/install/bin:${PATH} PYTHONPATH=/home/locobot/Documents/kobuki/install/lib/python3.8/site-packages /usr/bin/cmake /home/locobot/Documents/kobuki/src/ecl_lite/ecl_io -DBUILD_TESTING=OFF --no-warn-unused-cli -DCMAKE_INSTALL_PREFIX=/home/locobot/Documents/kobuki/install
[0.635s] Not searching for unused variables given on the command line.
[0.645s] -- Found ament_cmake_ros: 0.9.2 (/home/locobot/Documents/kobuki/install/share/ament_cmake_ros/cmake)
[0.683s] -- Using PYTHON_EXECUTABLE: /usr/bin/python3
[0.907s] -- Found ecl_build: 1.0.3 (/home/locobot/Documents/kobuki/install/share/ecl_build/cmake)
[0.914s] -- Found ecl_config: 1.1.0 (/home/locobot/Documents/kobuki/install/share/ecl_config/cmake)
[0.918s] -- Found ecl_errors: 1.1.0 (/home/locobot/Documents/kobuki/install/share/ecl_errors/cmake)
[1.078s] -- Configuring done
[1.096s] -- Generating done
[1.101s] -- Build files have been written to: /home/locobot/Documents/kobuki/build/ecl_io
[1.214s] Invoked command in '/home/locobot/Documents/kobuki/build/ecl_io' returned '0': AMENT_PREFIX_PATH=/home/locobot/Documents/kobuki/install CMAKE_PREFIX_PATH=/home/locobot/Documents/kobuki/install LD_LIBRARY_PATH=/home/locobot/Documents/kobuki/install/lib PATH=/home/locobot/Documents/kobuki/install/bin:${PATH} PYTHONPATH=/home/locobot/Documents/kobuki/install/lib/python3.8/site-packages /usr/bin/cmake /home/locobot/Documents/kobuki/src/ecl_lite/ecl_io -DBUILD_TESTING=OFF --no-warn-unused-cli -DCMAKE_INSTALL_PREFIX=/home/locobot/Documents/kobuki/install
[1.215s] Invoking command in '/home/locobot/Documents/kobuki/build/ecl_io': AMENT_PREFIX_PATH=/home/locobot/Documents/kobuki/install CMAKE_PREFIX_PATH=/home/locobot/Documents/kobuki/install LD_LIBRARY_PATH=/home/locobot/Documents/kobuki/install/lib PATH=/home/locobot/Documents/kobuki/install/bin:${PATH} PYTHONPATH=/home/locobot/Documents/kobuki/install/lib/python3.8/site-packages /usr/bin/cmake --build /home/locobot/Documents/kobuki/build/ecl_io -- -j4 -l4
[1.294s] [ 40%] Built target ecl_io
[1.314s] [ 60%] Built target ecl_io_example_poll
[1.344s] [ 80%] Built target ecl_io_example_sockets
[1.399s] [100%] Built target ecl_io_example_socketpair
[1.446s] Invoked command in '/home/locobot/Documents/kobuki/build/ecl_io' returned '0': AMENT_PREFIX_PATH=/home/locobot/Documents/kobuki/install CMAKE_PREFIX_PATH=/home/locobot/Documents/kobuki/install LD_LIBRARY_PATH=/home/locobot/Documents/kobuki/install/lib PATH=/home/locobot/Documents/kobuki/install/bin:${PATH} PYTHONPATH=/home/locobot/Documents/kobuki/install/lib/python3.8/site-packages /usr/bin/cmake --build /home/locobot/Documents/kobuki/build/ecl_io -- -j4 -l4
[1.447s] Invoking command in '/home/locobot/Documents/kobuki/build/ecl_io': AMENT_PREFIX_PATH=/home/locobot/Documents/kobuki/install CMAKE_PREFIX_PATH=/home/locobot/Documents/kobuki/install LD_LIBRARY_PATH=/home/locobot/Documents/kobuki/install/lib PATH=/home/locobot/Documents/kobuki/install/bin:${PATH} PYTHONPATH=/home/locobot/Documents/kobuki/install/lib/python3.8/site-packages /usr/bin/cmake --install /home/locobot/Documents/kobuki/build/ecl_io
[1.454s] -- Install configuration: ""
[1.461s] -- Up-to-date: /home/locobot/Documents/kobuki/install/share/ecl_io/environment/library_path.sh
[1.461s] -- Installing: /home/locobot/Documents/kobuki/install/share/ecl_io/environment/library_path.dsv
[1.461s] -- Up-to-date: /home/locobot/Documents/kobuki/install/share/ament_index/resource_index/package_run_dependencies/ecl_io
[1.461s] -- Up-to-date: /home/locobot/Documents/kobuki/install/share/ament_index/resource_index/parent_prefix_path/ecl_io
[1.461s] -- Up-to-date: /home/locobot/Documents/kobuki/install/share/ecl_io/environment/ament_prefix_path.sh
[1.462s] -- Installing: /home/locobot/Documents/kobuki/install/share/ecl_io/environment/ament_prefix_path.dsv
[1.462s] -- Up-to-date: /home/locobot/Documents/kobuki/install/share/ecl_io/environment/path.sh
[1.462s] -- Installing: /home/locobot/Documents/kobuki/install/share/ecl_io/environment/path.dsv
[1.462s] -- Up-to-date: /home/locobot/Documents/kobuki/install/share/ecl_io/local_setup.bash
[1.462s] -- Up-to-date: /home/locobot/Documents/kobuki/install/share/ecl_io/local_setup.sh
[1.462s] -- Up-to-date: /home/locobot/Documents/kobuki/install/share/ecl_io/local_setup.zsh
[1.462s] -- Installing: /home/locobot/Documents/kobuki/install/share/ecl_io/local_setup.dsv
[1.462s] -- Installing: /home/locobot/Documents/kobuki/install/share/ecl_io/package.dsv
[1.462s] -- Up-to-date: /home/locobot/Documents/kobuki/install/share/ament_index/resource_index/packages/ecl_io
[1.463s] -- Up-to-date: /home/locobot/Documents/kobuki/install/share/ecl_io/cmake/ecl_ioExport.cmake
[1.463s] -- Installing: /home/locobot/Documents/kobuki/install/share/ecl_io/cmake/ecl_ioExport-noconfig.cmake
[1.463s] -- Up-to-date: /home/locobot/Documents/kobuki/install/share/ecl_io/cmake/ament_cmake_export_targets-extras.cmake
[1.463s] -- Up-to-date: /home/locobot/Documents/kobuki/install/share/ecl_io/cmake/ament_cmake_export_include_directories-extras.cmake
[1.463s] -- Up-to-date: /home/locobot/Documents/kobuki/install/share/ecl_io/cmake/ament_cmake_export_libraries-extras.cmake
[1.463s] -- Up-to-date: /home/locobot/Documents/kobuki/install/share/ecl_io/cmake/ament_cmake_export_dependencies-extras.cmake
[1.463s] -- Up-to-date: /home/locobot/Documents/kobuki/install/share/ecl_io/cmake/ecl_ioConfig.cmake
[1.463s] -- Up-to-date: /home/locobot/Documents/kobuki/install/share/ecl_io/cmake/ecl_ioConfig-version.cmake
[1.464s] -- Up-to-date: /home/locobot/Documents/kobuki/install/share/ecl_io/package.xml
[1.464s] -- Up-to-date: /home/locobot/Documents/kobuki/install/include/ecl/io.hpp
[1.464s] -- Up-to-date: /home/locobot/Documents/kobuki/install/include/ecl/sockets/macros.hpp
[1.464s] -- Up-to-date: /home/locobot/Documents/kobuki/install/include/ecl/sockets/poll.hpp
[1.464s] -- Up-to-date: /home/locobot/Documents/kobuki/install/include/ecl/sockets/socketpair.hpp
[1.464s] -- Up-to-date: /home/locobot/Documents/kobuki/install/include/ecl/sockets/sockets.hpp
[1.464s] -- Up-to-date: /home/locobot/Documents/kobuki/install/lib/libecl_io.so.1.1.0
[1.465s] -- Up-to-date: /home/locobot/Documents/kobuki/install/lib/libecl_io.so
[1.465s] -- Up-to-date: /home/locobot/Documents/kobuki/install/lib/ecl_io/demo_sockets
[1.465s] -- Up-to-date: /home/locobot/Documents/kobuki/install/lib/ecl_io/demo_socketpair
[1.465s] -- Up-to-date: /home/locobot/Documents/kobuki/install/lib/ecl_io/demo_poll
[1.510s] Invoked command in '/home/locobot/Documents/kobuki/build/ecl_io' returned '0': AMENT_PREFIX_PATH=/home/locobot/Documents/kobuki/install CMAKE_PREFIX_PATH=/home/locobot/Documents/kobuki/install LD_LIBRARY_PATH=/home/locobot/Documents/kobuki/install/lib PATH=/home/locobot/Documents/kobuki/install/bin:${PATH} PYTHONPATH=/home/locobot/Documents/kobuki/install/lib/python3.8/site-packages /usr/bin/cmake --install /home/locobot/Documents/kobuki/build/ecl_io
