[0.254s] Invoking command in '/home/locobot/Documents/kobuki/build/ecl_mpl': AMENT_PREFIX_PATH=/home/locobot/Documents/kobuki/install CMAKE_PREFIX_PATH=/home/locobot/Documents/kobuki/install LD_LIBRARY_PATH=/home/locobot/Documents/kobuki/install/lib PATH=/home/locobot/Documents/kobuki/install/bin:${PATH} PYTHONPATH=/home/locobot/Documents/kobuki/install/lib/python3.8/site-packages /usr/bin/cmake /home/locobot/Documents/kobuki/src/ecl_core/ecl_mpl -DBUILD_TESTING=OFF --no-warn-unused-cli -DCMAKE_INSTALL_PREFIX=/home/locobot/Documents/kobuki/install
[0.315s] Not searching for unused variables given on the command line.
[0.326s] -- Found ament_cmake_ros: 0.9.2 (/home/locobot/Documents/kobuki/install/share/ament_cmake_ros/cmake)
[0.398s] -- Using PYTHON_EXECUTABLE: /usr/bin/python3
[0.666s] -- Found ecl_build: 1.0.3 (/home/locobot/Documents/kobuki/install/share/ecl_build/cmake)
[0.803s] -- Configuring done
[0.811s] -- Generating done
[0.815s] -- Build files have been written to: /home/locobot/Documents/kobuki/build/ecl_mpl
[0.820s] Invoked command in '/home/locobot/Documents/kobuki/build/ecl_mpl' returned '0': AMENT_PREFIX_PATH=/home/locobot/Documents/kobuki/install CMAKE_PREFIX_PATH=/home/locobot/Documents/kobuki/install LD_LIBRARY_PATH=/home/locobot/Documents/kobuki/install/lib PATH=/home/locobot/Documents/kobuki/install/bin:${PATH} PYTHONPATH=/home/locobot/Documents/kobuki/install/lib/python3.8/site-packages /usr/bin/cmake /home/locobot/Documents/kobuki/src/ecl_core/ecl_mpl -DBUILD_TESTING=OFF --no-warn-unused-cli -DCMAKE_INSTALL_PREFIX=/home/locobot/Documents/kobuki/install
[0.824s] Invoking command in '/home/locobot/Documents/kobuki/build/ecl_mpl': AMENT_PREFIX_PATH=/home/locobot/Documents/kobuki/install CMAKE_PREFIX_PATH=/home/locobot/Documents/kobuki/install LD_LIBRARY_PATH=/home/locobot/Documents/kobuki/install/lib PATH=/home/locobot/Documents/kobuki/install/bin:${PATH} PYTHONPATH=/home/locobot/Documents/kobuki/install/lib/python3.8/site-packages /usr/bin/cmake --build /home/locobot/Documents/kobuki/build/ecl_mpl -- -j4 -l4
[0.962s] Invoked command in '/home/locobot/Documents/kobuki/build/ecl_mpl' returned '0': AMENT_PREFIX_PATH=/home/locobot/Documents/kobuki/install CMAKE_PREFIX_PATH=/home/locobot/Documents/kobuki/install LD_LIBRARY_PATH=/home/locobot/Documents/kobuki/install/lib PATH=/home/locobot/Documents/kobuki/install/bin:${PATH} PYTHONPATH=/home/locobot/Documents/kobuki/install/lib/python3.8/site-packages /usr/bin/cmake --build /home/locobot/Documents/kobuki/build/ecl_mpl -- -j4 -l4
[0.971s] Invoking command in '/home/locobot/Documents/kobuki/build/ecl_mpl': AMENT_PREFIX_PATH=/home/locobot/Documents/kobuki/install CMAKE_PREFIX_PATH=/home/locobot/Documents/kobuki/install LD_LIBRARY_PATH=/home/locobot/Documents/kobuki/install/lib PATH=/home/locobot/Documents/kobuki/install/bin:${PATH} PYTHONPATH=/home/locobot/Documents/kobuki/install/lib/python3.8/site-packages /usr/bin/cmake --install /home/locobot/Documents/kobuki/build/ecl_mpl
[0.993s] -- Install configuration: ""
[0.993s] -- Up-to-date: /home/locobot/Documents/kobuki/install/share/ament_index/resource_index/package_run_dependencies/ecl_mpl
[0.993s] -- Up-to-date: /home/locobot/Documents/kobuki/install/share/ament_index/resource_index/parent_prefix_path/ecl_mpl
[0.993s] -- Up-to-date: /home/locobot/Documents/kobuki/install/share/ecl_mpl/environment/ament_prefix_path.sh
[0.993s] -- Installing: /home/locobot/Documents/kobuki/install/share/ecl_mpl/environment/ament_prefix_path.dsv
[0.994s] -- Up-to-date: /home/locobot/Documents/kobuki/install/share/ecl_mpl/environment/path.sh
[0.994s] -- Installing: /home/locobot/Documents/kobuki/install/share/ecl_mpl/environment/path.dsv
[0.994s] -- Up-to-date: /home/locobot/Documents/kobuki/install/share/ecl_mpl/local_setup.bash
[0.994s] -- Up-to-date: /home/locobot/Documents/kobuki/install/share/ecl_mpl/local_setup.sh
[0.994s] -- Up-to-date: /home/locobot/Documents/kobuki/install/share/ecl_mpl/local_setup.zsh
[0.994s] -- Installing: /home/locobot/Documents/kobuki/install/share/ecl_mpl/local_setup.dsv
[0.994s] -- Installing: /home/locobot/Documents/kobuki/install/share/ecl_mpl/package.dsv
[0.994s] -- Up-to-date: /home/locobot/Documents/kobuki/install/share/ament_index/resource_index/packages/ecl_mpl
[0.994s] -- Up-to-date: /home/locobot/Documents/kobuki/install/share/ecl_mpl/cmake/ecl_mplExport.cmake
[1.004s] -- Up-to-date: /home/locobot/Documents/kobuki/install/share/ecl_mpl/cmake/ament_cmake_export_targets-extras.cmake
[1.005s] -- Up-to-date: /home/locobot/Documents/kobuki/install/share/ecl_mpl/cmake/ament_cmake_export_include_directories-extras.cmake
[1.005s] -- Up-to-date: /home/locobot/Documents/kobuki/install/share/ecl_mpl/cmake/ecl_mplConfig.cmake
[1.005s] -- Up-to-date: /home/locobot/Documents/kobuki/install/share/ecl_mpl/cmake/ecl_mplConfig-version.cmake
[1.005s] -- Up-to-date: /home/locobot/Documents/kobuki/install/share/ecl_mpl/package.xml
[1.005s] -- Up-to-date: /home/locobot/Documents/kobuki/install/include/ecl/mpl.hpp
[1.005s] -- Up-to-date: /home/locobot/Documents/kobuki/install/include/ecl/mpl/bool.hpp
[1.006s] -- Up-to-date: /home/locobot/Documents/kobuki/install/include/ecl/mpl/converters.hpp
[1.006s] -- Up-to-date: /home/locobot/Documents/kobuki/install/include/ecl/mpl/enable_if.hpp
[1.006s] -- Up-to-date: /home/locobot/Documents/kobuki/install/include/ecl/mpl/failed_object.hpp
[1.006s] -- Up-to-date: /home/locobot/Documents/kobuki/install/include/ecl/mpl/if.hpp
[1.113s] Invoked command in '/home/locobot/Documents/kobuki/build/ecl_mpl' returned '0': AMENT_PREFIX_PATH=/home/locobot/Documents/kobuki/install CMAKE_PREFIX_PATH=/home/locobot/Documents/kobuki/install LD_LIBRARY_PATH=/home/locobot/Documents/kobuki/install/lib PATH=/home/locobot/Documents/kobuki/install/bin:${PATH} PYTHONPATH=/home/locobot/Documents/kobuki/install/lib/python3.8/site-packages /usr/bin/cmake --install /home/locobot/Documents/kobuki/build/ecl_mpl
