-- The C compiler identification is GNU 9.4.0
-- The CXX compiler identification is GNU 9.4.0
-- Check for working C compiler: /usr/bin/cc
-- Check for working C compiler: /usr/bin/cc -- works
-- Detecting C compiler ABI info
-- Detecting C compiler ABI info - done
-- Detecting C compile features
-- Detecting C compile features - done
-- Check for working CXX compiler: /usr/bin/c++
-- Check for working CXX compiler: /usr/bin/c++ -- works
-- Detecting CXX compiler ABI info
-- Detecting CXX compiler ABI info - done
-- Detecting CXX compile features
-- Detecting CXX compile features - done
-- Found ament_cmake_ros: 0.9.2 (/home/locobot/Documents/kobuki/install/share/ament_cmake_ros/cmake)
-- Found PythonInterp: /usr/bin/python3 (found suitable version "3.8.10", minimum required is "3") 
-- Using PYTHON_EXECUTABLE: /usr/bin/python3
-- Found ecl_build: 1.0.3 (/home/locobot/Documents/kobuki/install/share/ecl_build/cmake)
-- Found ecl_config: 1.1.0 (/home/locobot/Documents/kobuki/install/share/ecl_config/cmake)
-- Found ecl_errors: 1.1.0 (/home/locobot/Documents/kobuki/install/share/ecl_errors/cmake)
-- Found ecl_concepts: 1.2.1 (/home/locobot/Documents/kobuki/install/share/ecl_concepts/cmake)
-- Found ecl_exceptions: 1.2.1 (/home/locobot/Documents/kobuki/install/share/ecl_exceptions/cmake)
-- Found ecl_time: 1.2.1 (/home/locobot/Documents/kobuki/install/share/ecl_time/cmake)
-- Found ecl_utilities: 1.2.1 (/home/locobot/Documents/kobuki/install/share/ecl_utilities/cmake)
-- Looking for pthread.h
-- Looking for pthread.h - found
-- Performing Test CMAKE_HAVE_LIBC_PTHREAD
-- Performing Test CMAKE_HAVE_LIBC_PTHREAD - Failed
-- Looking for pthread_create in pthreads
-- Looking for pthread_create in pthreads - not found
-- Looking for pthread_create in pthread
-- Looking for pthread_create in pthread - found
-- Found Threads: TRUE  
-- Check if compiler accepts -pthread
-- Check if compiler accepts -pthread - yes
-- Configuring done
-- Generating done
-- Build files have been written to: /home/locobot/Documents/kobuki/build/ecl_threads
[35m[1mScanning dependencies of target ecl_threads[0m
[  9%] [32mBuilding CXX object src/lib/CMakeFiles/ecl_threads.dir/mutex_pos.cpp.o[0m
[ 18%] [32mBuilding CXX object src/lib/CMakeFiles/ecl_threads.dir/priority_win.cpp.o[0m
[ 27%] [32mBuilding CXX object src/lib/CMakeFiles/ecl_threads.dir/thread_pos.cpp.o[0m
[ 36%] [32mBuilding CXX object src/lib/CMakeFiles/ecl_threads.dir/thread_win.cpp.o[0m
[ 45%] [32mBuilding CXX object src/lib/CMakeFiles/ecl_threads.dir/priority_pos.cpp.o[0m
[ 54%] [32mBuilding CXX object src/lib/CMakeFiles/ecl_threads.dir/mutex_w32.cpp.o[0m
[ 63%] [32m[1mLinking CXX shared library libecl_threads.so[0m
[ 63%] Built target ecl_threads
[35m[1mScanning dependencies of target ecl_demo_mutex[0m
[ 72%] [32mBuilding CXX object src/examples/CMakeFiles/ecl_demo_mutex.dir/mutex.cpp.o[0m
[ 81%] [32m[1mLinking CXX executable demo_mutex[0m
[ 81%] Built target ecl_demo_mutex
[35m[1mScanning dependencies of target ecl_demo_thread[0m
[ 90%] [32mBuilding CXX object src/examples/CMakeFiles/ecl_demo_thread.dir/thread.cpp.o[0m
[100%] [32m[1mLinking CXX executable demo_thread[0m
[100%] Built target ecl_demo_thread
-- Install configuration: ""
-- Installing: /home/locobot/Documents/kobuki/install/share/ecl_threads/environment/library_path.sh
-- Installing: /home/locobot/Documents/kobuki/install/share/ecl_threads/environment/library_path.dsv
-- Installing: /home/locobot/Documents/kobuki/install/share/ament_index/resource_index/package_run_dependencies/ecl_threads
-- Installing: /home/locobot/Documents/kobuki/install/share/ament_index/resource_index/parent_prefix_path/ecl_threads
-- Installing: /home/locobot/Documents/kobuki/install/share/ecl_threads/environment/ament_prefix_path.sh
-- Installing: /home/locobot/Documents/kobuki/install/share/ecl_threads/environment/ament_prefix_path.dsv
-- Installing: /home/locobot/Documents/kobuki/install/share/ecl_threads/environment/path.sh
-- Installing: /home/locobot/Documents/kobuki/install/share/ecl_threads/environment/path.dsv
-- Installing: /home/locobot/Documents/kobuki/install/share/ecl_threads/local_setup.bash
-- Installing: /home/locobot/Documents/kobuki/install/share/ecl_threads/local_setup.sh
-- Installing: /home/locobot/Documents/kobuki/install/share/ecl_threads/local_setup.zsh
-- Installing: /home/locobot/Documents/kobuki/install/share/ecl_threads/local_setup.dsv
-- Installing: /home/locobot/Documents/kobuki/install/share/ecl_threads/package.dsv
-- Installing: /home/locobot/Documents/kobuki/install/share/ament_index/resource_index/packages/ecl_threads
-- Installing: /home/locobot/Documents/kobuki/install/share/ecl_threads/cmake/ecl_threadsExport.cmake
-- Installing: /home/locobot/Documents/kobuki/install/share/ecl_threads/cmake/ecl_threadsExport-noconfig.cmake
-- Installing: /home/locobot/Documents/kobuki/install/share/ecl_threads/cmake/ecl_threads-extras.cmake
-- Installing: /home/locobot/Documents/kobuki/install/share/ecl_threads/cmake/ament_cmake_export_targets-extras.cmake
-- Installing: /home/locobot/Documents/kobuki/install/share/ecl_threads/cmake/ament_cmake_export_include_directories-extras.cmake
-- Installing: /home/locobot/Documents/kobuki/install/share/ecl_threads/cmake/ament_cmake_export_libraries-extras.cmake
-- Installing: /home/locobot/Documents/kobuki/install/share/ecl_threads/cmake/ament_cmake_export_dependencies-extras.cmake
-- Installing: /home/locobot/Documents/kobuki/install/share/ecl_threads/cmake/ecl_threadsConfig.cmake
-- Installing: /home/locobot/Documents/kobuki/install/share/ecl_threads/cmake/ecl_threadsConfig-version.cmake
-- Installing: /home/locobot/Documents/kobuki/install/share/ecl_threads/package.xml
-- Installing: /home/locobot/Documents/kobuki/install/include/ecl/threads.hpp
-- Installing: /home/locobot/Documents/kobuki/install/include/ecl/threads/macros.hpp
-- Installing: /home/locobot/Documents/kobuki/install/include/ecl/threads/mutex.hpp
-- Installing: /home/locobot/Documents/kobuki/install/include/ecl/threads/mutex_pos.hpp
-- Installing: /home/locobot/Documents/kobuki/install/include/ecl/threads/mutex_w32.hpp
-- Installing: /home/locobot/Documents/kobuki/install/include/ecl/threads/priority.hpp
-- Installing: /home/locobot/Documents/kobuki/install/include/ecl/threads/priority_common.hpp
-- Installing: /home/locobot/Documents/kobuki/install/include/ecl/threads/priority_pos.hpp
-- Installing: /home/locobot/Documents/kobuki/install/include/ecl/threads/priority_win.hpp
-- Installing: /home/locobot/Documents/kobuki/install/include/ecl/threads/thread.hpp
-- Installing: /home/locobot/Documents/kobuki/install/include/ecl/threads/thread_exceptions_pos.hpp
-- Installing: /home/locobot/Documents/kobuki/install/include/ecl/threads/thread_pos.hpp
-- Installing: /home/locobot/Documents/kobuki/install/include/ecl/threads/thread_win.hpp
-- Installing: /home/locobot/Documents/kobuki/install/include/ecl/threads/threadable.hpp
-- Installing: /home/locobot/Documents/kobuki/install/lib/libecl_threads.so.1.2.1
-- Set runtime path of "/home/locobot/Documents/kobuki/install/lib/libecl_threads.so.1.2.1" to ""
-- Installing: /home/locobot/Documents/kobuki/install/lib/libecl_threads.so
-- Installing: /home/locobot/Documents/kobuki/install/lib/ecl_threads/demo_thread
-- Set runtime path of "/home/locobot/Documents/kobuki/install/lib/ecl_threads/demo_thread" to ""
-- Installing: /home/locobot/Documents/kobuki/install/lib/ecl_threads/demo_mutex
-- Set runtime path of "/home/locobot/Documents/kobuki/install/lib/ecl_threads/demo_mutex" to ""
