[0.329s] Invoking command in '/home/locobot/Documents/kobuki/build/ecl_threads': AMENT_PREFIX_PATH=/home/locobot/Documents/kobuki/install CMAKE_PREFIX_PATH=/home/locobot/Documents/kobuki/install LD_LIBRARY_PATH=/home/locobot/Documents/kobuki/install/lib PATH=/home/locobot/Documents/kobuki/install/bin:${PATH} PYTHONPATH=/home/locobot/Documents/kobuki/install/lib/python3.8/site-packages /usr/bin/cmake /home/locobot/Documents/kobuki/src/ecl_core/ecl_threads -DBUILD_TESTING=OFF -DCMAKE_INSTALL_PREFIX=/home/locobot/Documents/kobuki/install
[0.417s] -- The C compiler identification is GNU 9.4.0
[0.503s] -- The CXX compiler identification is GNU 9.4.0
[0.511s] -- Check for working C compiler: /usr/bin/cc
[0.632s] -- Check for working C compiler: /usr/bin/cc -- works
[0.640s] -- Detecting C compiler ABI info
[0.744s] -- Detecting C compiler ABI info - done
[0.757s] -- Detecting C compile features
[0.758s] -- Detecting C compile features - done
[0.763s] -- Check for working CXX compiler: /usr/bin/c++
[0.890s] -- Check for working CXX compiler: /usr/bin/c++ -- works
[0.891s] -- Detecting CXX compiler ABI info
[1.032s] -- Detecting CXX compiler ABI info - done
[1.052s] -- Detecting CXX compile features
[1.053s] -- Detecting CXX compile features - done
[1.057s] -- Found ament_cmake_ros: 0.9.2 (/home/locobot/Documents/kobuki/install/share/ament_cmake_ros/cmake)
[1.087s] -- Found PythonInterp: /usr/bin/python3 (found suitable version "3.8.10", minimum required is "3") 
[1.088s] -- Using PYTHON_EXECUTABLE: /usr/bin/python3
[1.325s] -- Found ecl_build: 1.0.3 (/home/locobot/Documents/kobuki/install/share/ecl_build/cmake)
[1.337s] -- Found ecl_config: 1.1.0 (/home/locobot/Documents/kobuki/install/share/ecl_config/cmake)
[1.340s] -- Found ecl_errors: 1.1.0 (/home/locobot/Documents/kobuki/install/share/ecl_errors/cmake)
[1.346s] -- Found ecl_concepts: 1.2.1 (/home/locobot/Documents/kobuki/install/share/ecl_concepts/cmake)
[1.360s] -- Found ecl_exceptions: 1.2.1 (/home/locobot/Documents/kobuki/install/share/ecl_exceptions/cmake)
[1.367s] -- Found ecl_time: 1.2.1 (/home/locobot/Documents/kobuki/install/share/ecl_time/cmake)
[1.380s] -- Found ecl_utilities: 1.2.1 (/home/locobot/Documents/kobuki/install/share/ecl_utilities/cmake)
[1.506s] -- Looking for pthread.h
[1.615s] -- Looking for pthread.h - found
[1.615s] -- Performing Test CMAKE_HAVE_LIBC_PTHREAD
[1.724s] -- Performing Test CMAKE_HAVE_LIBC_PTHREAD - Failed
[1.724s] -- Looking for pthread_create in pthreads
[1.808s] -- Looking for pthread_create in pthreads - not found
[1.808s] -- Looking for pthread_create in pthread
[1.936s] -- Looking for pthread_create in pthread - found
[1.936s] -- Found Threads: TRUE  
[1.936s] -- Check if compiler accepts -pthread
[2.040s] -- Check if compiler accepts -pthread - yes
[2.064s] -- Configuring done
[2.084s] -- Generating done
[2.093s] -- Build files have been written to: /home/locobot/Documents/kobuki/build/ecl_threads
[2.117s] Invoked command in '/home/locobot/Documents/kobuki/build/ecl_threads' returned '0': AMENT_PREFIX_PATH=/home/locobot/Documents/kobuki/install CMAKE_PREFIX_PATH=/home/locobot/Documents/kobuki/install LD_LIBRARY_PATH=/home/locobot/Documents/kobuki/install/lib PATH=/home/locobot/Documents/kobuki/install/bin:${PATH} PYTHONPATH=/home/locobot/Documents/kobuki/install/lib/python3.8/site-packages /usr/bin/cmake /home/locobot/Documents/kobuki/src/ecl_core/ecl_threads -DBUILD_TESTING=OFF -DCMAKE_INSTALL_PREFIX=/home/locobot/Documents/kobuki/install
[2.118s] Invoking command in '/home/locobot/Documents/kobuki/build/ecl_threads': AMENT_PREFIX_PATH=/home/locobot/Documents/kobuki/install CMAKE_PREFIX_PATH=/home/locobot/Documents/kobuki/install LD_LIBRARY_PATH=/home/locobot/Documents/kobuki/install/lib PATH=/home/locobot/Documents/kobuki/install/bin:${PATH} PYTHONPATH=/home/locobot/Documents/kobuki/install/lib/python3.8/site-packages /usr/bin/cmake --build /home/locobot/Documents/kobuki/build/ecl_threads -- -j4 -l4
[2.165s] [35m[1mScanning dependencies of target ecl_threads[0m
[2.188s] [  9%] [32mBuilding CXX object src/lib/CMakeFiles/ecl_threads.dir/mutex_pos.cpp.o[0m
[2.737s] [ 18%] [32mBuilding CXX object src/lib/CMakeFiles/ecl_threads.dir/priority_win.cpp.o[0m
[2.766s] [ 27%] [32mBuilding CXX object src/lib/CMakeFiles/ecl_threads.dir/thread_pos.cpp.o[0m
[3.289s] [ 36%] [32mBuilding CXX object src/lib/CMakeFiles/ecl_threads.dir/thread_win.cpp.o[0m
[3.320s] [ 45%] [32mBuilding CXX object src/lib/CMakeFiles/ecl_threads.dir/priority_pos.cpp.o[0m
[3.804s] [ 54%] [32mBuilding CXX object src/lib/CMakeFiles/ecl_threads.dir/mutex_w32.cpp.o[0m
[3.835s] [ 63%] [32m[1mLinking CXX shared library libecl_threads.so[0m
[3.979s] [ 63%] Built target ecl_threads
[4.000s] [35m[1mScanning dependencies of target ecl_demo_mutex[0m
[4.017s] [ 72%] [32mBuilding CXX object src/examples/CMakeFiles/ecl_demo_mutex.dir/mutex.cpp.o[0m
[4.612s] [ 81%] [32m[1mLinking CXX executable demo_mutex[0m
[4.730s] [ 81%] Built target ecl_demo_mutex
[4.744s] [35m[1mScanning dependencies of target ecl_demo_thread[0m
[4.766s] [ 90%] [32mBuilding CXX object src/examples/CMakeFiles/ecl_demo_thread.dir/thread.cpp.o[0m
[5.452s] [100%] [32m[1mLinking CXX executable demo_thread[0m
[5.578s] [100%] Built target ecl_demo_thread
[5.611s] Invoked command in '/home/locobot/Documents/kobuki/build/ecl_threads' returned '0': AMENT_PREFIX_PATH=/home/locobot/Documents/kobuki/install CMAKE_PREFIX_PATH=/home/locobot/Documents/kobuki/install LD_LIBRARY_PATH=/home/locobot/Documents/kobuki/install/lib PATH=/home/locobot/Documents/kobuki/install/bin:${PATH} PYTHONPATH=/home/locobot/Documents/kobuki/install/lib/python3.8/site-packages /usr/bin/cmake --build /home/locobot/Documents/kobuki/build/ecl_threads -- -j4 -l4
[5.616s] Invoking command in '/home/locobot/Documents/kobuki/build/ecl_threads': AMENT_PREFIX_PATH=/home/locobot/Documents/kobuki/install CMAKE_PREFIX_PATH=/home/locobot/Documents/kobuki/install LD_LIBRARY_PATH=/home/locobot/Documents/kobuki/install/lib PATH=/home/locobot/Documents/kobuki/install/bin:${PATH} PYTHONPATH=/home/locobot/Documents/kobuki/install/lib/python3.8/site-packages /usr/bin/cmake --install /home/locobot/Documents/kobuki/build/ecl_threads
[5.632s] -- Install configuration: ""
[5.633s] -- Installing: /home/locobot/Documents/kobuki/install/share/ecl_threads/environment/library_path.sh
[5.635s] -- Installing: /home/locobot/Documents/kobuki/install/share/ecl_threads/environment/library_path.dsv
[5.636s] -- Installing: /home/locobot/Documents/kobuki/install/share/ament_index/resource_index/package_run_dependencies/ecl_threads
[5.638s] -- Installing: /home/locobot/Documents/kobuki/install/share/ament_index/resource_index/parent_prefix_path/ecl_threads
[5.639s] -- Installing: /home/locobot/Documents/kobuki/install/share/ecl_threads/environment/ament_prefix_path.sh
[5.640s] -- Installing: /home/locobot/Documents/kobuki/install/share/ecl_threads/environment/ament_prefix_path.dsv
[5.642s] -- Installing: /home/locobot/Documents/kobuki/install/share/ecl_threads/environment/path.sh
[5.642s] -- Installing: /home/locobot/Documents/kobuki/install/share/ecl_threads/environment/path.dsv
[5.643s] -- Installing: /home/locobot/Documents/kobuki/install/share/ecl_threads/local_setup.bash
[5.643s] -- Installing: /home/locobot/Documents/kobuki/install/share/ecl_threads/local_setup.sh
[5.646s] -- Installing: /home/locobot/Documents/kobuki/install/share/ecl_threads/local_setup.zsh
[5.647s] -- Installing: /home/locobot/Documents/kobuki/install/share/ecl_threads/local_setup.dsv
[5.647s] -- Installing: /home/locobot/Documents/kobuki/install/share/ecl_threads/package.dsv
[5.648s] -- Installing: /home/locobot/Documents/kobuki/install/share/ament_index/resource_index/packages/ecl_threads
[5.648s] -- Installing: /home/locobot/Documents/kobuki/install/share/ecl_threads/cmake/ecl_threadsExport.cmake
[5.649s] -- Installing: /home/locobot/Documents/kobuki/install/share/ecl_threads/cmake/ecl_threadsExport-noconfig.cmake
[5.649s] -- Installing: /home/locobot/Documents/kobuki/install/share/ecl_threads/cmake/ecl_threads-extras.cmake
[5.650s] -- Installing: /home/locobot/Documents/kobuki/install/share/ecl_threads/cmake/ament_cmake_export_targets-extras.cmake
[5.650s] -- Installing: /home/locobot/Documents/kobuki/install/share/ecl_threads/cmake/ament_cmake_export_include_directories-extras.cmake
[5.650s] -- Installing: /home/locobot/Documents/kobuki/install/share/ecl_threads/cmake/ament_cmake_export_libraries-extras.cmake
[5.651s] -- Installing: /home/locobot/Documents/kobuki/install/share/ecl_threads/cmake/ament_cmake_export_dependencies-extras.cmake
[5.651s] -- Installing: /home/locobot/Documents/kobuki/install/share/ecl_threads/cmake/ecl_threadsConfig.cmake
[5.651s] -- Installing: /home/locobot/Documents/kobuki/install/share/ecl_threads/cmake/ecl_threadsConfig-version.cmake
[5.652s] -- Installing: /home/locobot/Documents/kobuki/install/share/ecl_threads/package.xml
[5.653s] -- Installing: /home/locobot/Documents/kobuki/install/include/ecl/threads.hpp
[5.654s] -- Installing: /home/locobot/Documents/kobuki/install/include/ecl/threads/macros.hpp
[5.654s] -- Installing: /home/locobot/Documents/kobuki/install/include/ecl/threads/mutex.hpp
[5.654s] -- Installing: /home/locobot/Documents/kobuki/install/include/ecl/threads/mutex_pos.hpp
[5.655s] -- Installing: /home/locobot/Documents/kobuki/install/include/ecl/threads/mutex_w32.hpp
[5.655s] -- Installing: /home/locobot/Documents/kobuki/install/include/ecl/threads/priority.hpp
[5.656s] -- Installing: /home/locobot/Documents/kobuki/install/include/ecl/threads/priority_common.hpp
[5.656s] -- Installing: /home/locobot/Documents/kobuki/install/include/ecl/threads/priority_pos.hpp
[5.656s] -- Installing: /home/locobot/Documents/kobuki/install/include/ecl/threads/priority_win.hpp
[5.657s] -- Installing: /home/locobot/Documents/kobuki/install/include/ecl/threads/thread.hpp
[5.657s] -- Installing: /home/locobot/Documents/kobuki/install/include/ecl/threads/thread_exceptions_pos.hpp
[5.657s] -- Installing: /home/locobot/Documents/kobuki/install/include/ecl/threads/thread_pos.hpp
[5.658s] -- Installing: /home/locobot/Documents/kobuki/install/include/ecl/threads/thread_win.hpp
[5.658s] -- Installing: /home/locobot/Documents/kobuki/install/include/ecl/threads/threadable.hpp
[5.659s] -- Installing: /home/locobot/Documents/kobuki/install/lib/libecl_threads.so.1.2.1
[5.660s] -- Set runtime path of "/home/locobot/Documents/kobuki/install/lib/libecl_threads.so.1.2.1" to ""
[5.660s] -- Installing: /home/locobot/Documents/kobuki/install/lib/libecl_threads.so
[5.661s] -- Installing: /home/locobot/Documents/kobuki/install/lib/ecl_threads/demo_thread
[5.662s] -- Set runtime path of "/home/locobot/Documents/kobuki/install/lib/ecl_threads/demo_thread" to ""
[5.662s] -- Installing: /home/locobot/Documents/kobuki/install/lib/ecl_threads/demo_mutex
[5.663s] -- Set runtime path of "/home/locobot/Documents/kobuki/install/lib/ecl_threads/demo_mutex" to ""
[5.672s] Invoked command in '/home/locobot/Documents/kobuki/build/ecl_threads' returned '0': AMENT_PREFIX_PATH=/home/locobot/Documents/kobuki/install CMAKE_PREFIX_PATH=/home/locobot/Documents/kobuki/install LD_LIBRARY_PATH=/home/locobot/Documents/kobuki/install/lib PATH=/home/locobot/Documents/kobuki/install/bin:${PATH} PYTHONPATH=/home/locobot/Documents/kobuki/install/lib/python3.8/site-packages /usr/bin/cmake --install /home/locobot/Documents/kobuki/build/ecl_threads
