[0.450s] Invoking command in '/home/locobot/Documents/kobuki/build/ecl_ipc': AMENT_PREFIX_PATH=/home/locobot/Documents/kobuki/install CMAKE_PREFIX_PATH=/home/locobot/Documents/kobuki/install LD_LIBRARY_PATH=/home/locobot/Documents/kobuki/install/lib PATH=/home/locobot/Documents/kobuki/install/bin:${PATH} PYTHONPATH=/home/locobot/Documents/kobuki/install/lib/python3.8/site-packages /usr/bin/cmake /home/locobot/Documents/kobuki/src/ecl_core/ecl_ipc -DBUILD_TESTING=OFF -DCMAKE_INSTALL_PREFIX=/home/locobot/Documents/kobuki/install
[0.466s] Re-run cmake no build system arguments
[0.477s] -- Found ament_cmake_ros: 0.9.2 (/home/locobot/Documents/kobuki/install/share/ament_cmake_ros/cmake)
[0.507s] -- Using PYTHON_EXECUTABLE: /usr/bin/python3
[0.798s] -- Found ecl_build: 1.0.3 (/home/locobot/Documents/kobuki/install/share/ecl_build/cmake)
[0.810s] -- Found ecl_config: 1.1.0 (/home/locobot/Documents/kobuki/install/share/ecl_config/cmake)
[0.813s] -- Found ecl_errors: 1.1.0 (/home/locobot/Documents/kobuki/install/share/ecl_errors/cmake)
[0.818s] -- Found ecl_time_lite: 1.1.0 (/home/locobot/Documents/kobuki/install/share/ecl_time_lite/cmake)
[0.825s] -- Found ecl_exceptions: 1.2.1 (/home/locobot/Documents/kobuki/install/share/ecl_exceptions/cmake)
[0.830s] -- Found ecl_threads: 1.2.1 (/home/locobot/Documents/kobuki/install/share/ecl_threads/cmake)
[1.117s] -- Configuring done
[1.134s] -- Generating done
[1.135s] -- Build files have been written to: /home/locobot/Documents/kobuki/build/ecl_ipc
[1.143s] Invoked command in '/home/locobot/Documents/kobuki/build/ecl_ipc' returned '0': AMENT_PREFIX_PATH=/home/locobot/Documents/kobuki/install CMAKE_PREFIX_PATH=/home/locobot/Documents/kobuki/install LD_LIBRARY_PATH=/home/locobot/Documents/kobuki/install/lib PATH=/home/locobot/Documents/kobuki/install/bin:${PATH} PYTHONPATH=/home/locobot/Documents/kobuki/install/lib/python3.8/site-packages /usr/bin/cmake /home/locobot/Documents/kobuki/src/ecl_core/ecl_ipc -DBUILD_TESTING=OFF -DCMAKE_INSTALL_PREFIX=/home/locobot/Documents/kobuki/install
[1.144s] Invoking command in '/home/locobot/Documents/kobuki/build/ecl_ipc': AMENT_PREFIX_PATH=/home/locobot/Documents/kobuki/install CMAKE_PREFIX_PATH=/home/locobot/Documents/kobuki/install LD_LIBRARY_PATH=/home/locobot/Documents/kobuki/install/lib PATH=/home/locobot/Documents/kobuki/install/bin:${PATH} PYTHONPATH=/home/locobot/Documents/kobuki/install/lib/python3.8/site-packages /usr/bin/cmake --build /home/locobot/Documents/kobuki/build/ecl_ipc -- -j4 -l4
[1.195s] /usr/bin/cmake -S/home/locobot/Documents/kobuki/src/ecl_core/ecl_ipc -B/home/locobot/Documents/kobuki/build/ecl_ipc --check-build-system CMakeFiles/Makefile.cmake 0
[1.212s] /usr/bin/cmake -E cmake_progress_start /home/locobot/Documents/kobuki/build/ecl_ipc/CMakeFiles /home/locobot/Documents/kobuki/build/ecl_ipc/CMakeFiles/progress.marks
[1.243s] /usr/bin/make -f CMakeFiles/Makefile2 all
[1.250s] make[1]: Entering directory '/home/locobot/Documents/kobuki/build/ecl_ipc'
[1.250s] /usr/bin/make -f src/lib/CMakeFiles/ecl_ipc.dir/build.make src/lib/CMakeFiles/ecl_ipc.dir/depend
[1.250s] make[2]: Entering directory '/home/locobot/Documents/kobuki/build/ecl_ipc'
[1.250s] cd /home/locobot/Documents/kobuki/build/ecl_ipc && /usr/bin/cmake -E cmake_depends "Unix Makefiles" /home/locobot/Documents/kobuki/src/ecl_core/ecl_ipc /home/locobot/Documents/kobuki/src/ecl_core/ecl_ipc/src/lib /home/locobot/Documents/kobuki/build/ecl_ipc /home/locobot/Documents/kobuki/build/ecl_ipc/src/lib /home/locobot/Documents/kobuki/build/ecl_ipc/src/lib/CMakeFiles/ecl_ipc.dir/DependInfo.cmake --color=
[1.340s] make[2]: Leaving directory '/home/locobot/Documents/kobuki/build/ecl_ipc'
[1.359s] /usr/bin/make -f src/lib/CMakeFiles/ecl_ipc.dir/build.make src/lib/CMakeFiles/ecl_ipc.dir/build
[1.360s] make[2]: Entering directory '/home/locobot/Documents/kobuki/build/ecl_ipc'
[1.360s] make[2]: Nothing to be done for 'src/lib/CMakeFiles/ecl_ipc.dir/build'.
[1.360s] make[2]: Leaving directory '/home/locobot/Documents/kobuki/build/ecl_ipc'
[1.361s] [100%] Built target ecl_ipc
[1.366s] make[1]: Leaving directory '/home/locobot/Documents/kobuki/build/ecl_ipc'
[1.366s] /usr/bin/cmake -E cmake_progress_start /home/locobot/Documents/kobuki/build/ecl_ipc/CMakeFiles 0
[1.486s] Invoked command in '/home/locobot/Documents/kobuki/build/ecl_ipc' returned '0': AMENT_PREFIX_PATH=/home/locobot/Documents/kobuki/install CMAKE_PREFIX_PATH=/home/locobot/Documents/kobuki/install LD_LIBRARY_PATH=/home/locobot/Documents/kobuki/install/lib PATH=/home/locobot/Documents/kobuki/install/bin:${PATH} PYTHONPATH=/home/locobot/Documents/kobuki/install/lib/python3.8/site-packages /usr/bin/cmake --build /home/locobot/Documents/kobuki/build/ecl_ipc -- -j4 -l4
[1.487s] Invoking command in '/home/locobot/Documents/kobuki/build/ecl_ipc': AMENT_PREFIX_PATH=/home/locobot/Documents/kobuki/install CMAKE_PREFIX_PATH=/home/locobot/Documents/kobuki/install LD_LIBRARY_PATH=/home/locobot/Documents/kobuki/install/lib PATH=/home/locobot/Documents/kobuki/install/bin:${PATH} PYTHONPATH=/home/locobot/Documents/kobuki/install/lib/python3.8/site-packages /usr/bin/cmake --install /home/locobot/Documents/kobuki/build/ecl_ipc
[1.550s] -- Install configuration: ""
[1.551s] -- Up-to-date: /home/locobot/Documents/kobuki/install/share/ecl_ipc/environment/library_path.sh
[1.551s] -- Installing: /home/locobot/Documents/kobuki/install/share/ecl_ipc/environment/library_path.dsv
[1.571s] -- Up-to-date: /home/locobot/Documents/kobuki/install/share/ament_index/resource_index/package_run_dependencies/ecl_ipc
[1.574s] -- Up-to-date: /home/locobot/Documents/kobuki/install/share/ament_index/resource_index/parent_prefix_path/ecl_ipc
[1.590s] -- Up-to-date: /home/locobot/Documents/kobuki/install/share/ecl_ipc/environment/ament_prefix_path.sh
[1.590s] -- Installing: /home/locobot/Documents/kobuki/install/share/ecl_ipc/environment/ament_prefix_path.dsv
[1.590s] -- Up-to-date: /home/locobot/Documents/kobuki/install/share/ecl_ipc/environment/path.sh
[1.590s] -- Installing: /home/locobot/Documents/kobuki/install/share/ecl_ipc/environment/path.dsv
[1.590s] -- Up-to-date: /home/locobot/Documents/kobuki/install/share/ecl_ipc/local_setup.bash
[1.590s] -- Up-to-date: /home/locobot/Documents/kobuki/install/share/ecl_ipc/local_setup.sh
[1.591s] -- Up-to-date: /home/locobot/Documents/kobuki/install/share/ecl_ipc/local_setup.zsh
[1.591s] -- Installing: /home/locobot/Documents/kobuki/install/share/ecl_ipc/local_setup.dsv
[1.592s] -- Installing: /home/locobot/Documents/kobuki/install/share/ecl_ipc/package.dsv
[1.597s] -- Up-to-date: /home/locobot/Documents/kobuki/install/share/ament_index/resource_index/packages/ecl_ipc
[1.611s] -- Up-to-date: /home/locobot/Documents/kobuki/install/share/ecl_ipc/cmake/ecl_ipcExport.cmake
[1.611s] -- Installing: /home/locobot/Documents/kobuki/install/share/ecl_ipc/cmake/ecl_ipcExport-noconfig.cmake
[1.611s] -- Up-to-date: /home/locobot/Documents/kobuki/install/share/ecl_ipc/cmake/ament_cmake_export_targets-extras.cmake
[1.612s] -- Up-to-date: /home/locobot/Documents/kobuki/install/share/ecl_ipc/cmake/ament_cmake_export_include_directories-extras.cmake
[1.612s] -- Up-to-date: /home/locobot/Documents/kobuki/install/share/ecl_ipc/cmake/ament_cmake_export_libraries-extras.cmake
[1.612s] -- Up-to-date: /home/locobot/Documents/kobuki/install/share/ecl_ipc/cmake/ament_cmake_export_dependencies-extras.cmake
[1.612s] -- Up-to-date: /home/locobot/Documents/kobuki/install/share/ecl_ipc/cmake/ecl_ipcConfig.cmake
[1.612s] -- Up-to-date: /home/locobot/Documents/kobuki/install/share/ecl_ipc/cmake/ecl_ipcConfig-version.cmake
[1.612s] -- Up-to-date: /home/locobot/Documents/kobuki/install/share/ecl_ipc/package.xml
[1.612s] -- Up-to-date: /home/locobot/Documents/kobuki/install/include/ecl/ipc.hpp
[1.613s] -- Up-to-date: /home/locobot/Documents/kobuki/install/include/ecl/ipc/semaphore.hpp
[1.613s] -- Up-to-date: /home/locobot/Documents/kobuki/install/include/ecl/ipc/semaphore_pos.hpp
[1.613s] -- Up-to-date: /home/locobot/Documents/kobuki/install/include/ecl/ipc/shared_memory.hpp
[1.613s] -- Up-to-date: /home/locobot/Documents/kobuki/install/include/ecl/ipc/shared_memory_pos.hpp
[1.613s] -- Up-to-date: /home/locobot/Documents/kobuki/install/lib/libecl_ipc.so.1.2.1
[1.613s] -- Up-to-date: /home/locobot/Documents/kobuki/install/lib/libecl_ipc.so
[1.614s] Invoked command in '/home/locobot/Documents/kobuki/build/ecl_ipc' returned '0': AMENT_PREFIX_PATH=/home/locobot/Documents/kobuki/install CMAKE_PREFIX_PATH=/home/locobot/Documents/kobuki/install LD_LIBRARY_PATH=/home/locobot/Documents/kobuki/install/lib PATH=/home/locobot/Documents/kobuki/install/bin:${PATH} PYTHONPATH=/home/locobot/Documents/kobuki/install/lib/python3.8/site-packages /usr/bin/cmake --install /home/locobot/Documents/kobuki/build/ecl_ipc
