Re-run cmake no build system arguments
-- Found ament_cmake_core: 0.9.12 (/home/locobot/Documents/kobuki/install/share/ament_cmake_core/cmake)
-- Using PYTHON_EXECUTABLE: /usr/bin/python3
-- Found ament_cmake_test: 0.9.12 (/home/locobot/Documents/kobuki/install/share/ament_cmake_test/cmake)
-- Configuring done
-- Generating done
-- Build files have been written to: /home/locobot/Documents/kobuki/build/ament_cmake_uncrustify
/usr/bin/cmake -S/home/locobot/Documents/kobuki/src/ament_lint/ament_cmake_uncrustify -B/home/locobot/Documents/kobuki/build/ament_cmake_uncrustify --check-build-system CMakeFiles/Makefile.cmake 0
/usr/bin/cmake -E cmake_progress_start /home/locobot/Documents/kobuki/build/ament_cmake_uncrustify/CMakeFiles /home/locobot/Documents/kobuki/build/ament_cmake_uncrustify/CMakeFiles/progress.marks
/usr/bin/make -f CMakeFiles/Makefile2 all
make[1]: Entering directory '/home/locobot/Documents/kobuki/build/ament_cmake_uncrustify'
make[1]: Nothing to be done for 'all'.
make[1]: Leaving directory '/home/locobot/Documents/kobuki/build/ament_cmake_uncrustify'
/usr/bin/cmake -E cmake_progress_start /home/locobot/Documents/kobuki/build/ament_cmake_uncrustify/CMakeFiles 0
-- Install configuration: ""
-- Up-to-date: /home/locobot/Documents/kobuki/install/share/ament_index/resource_index/package_run_dependencies/ament_cmake_uncrustify
-- Up-to-date: /home/locobot/Documents/kobuki/install/share/ament_index/resource_index/parent_prefix_path/ament_cmake_uncrustify
-- Up-to-date: /home/locobot/Documents/kobuki/install/share/ament_cmake_uncrustify/environment/ament_prefix_path.sh
-- Installing: /home/locobot/Documents/kobuki/install/share/ament_cmake_uncrustify/environment/ament_prefix_path.dsv
-- Up-to-date: /home/locobot/Documents/kobuki/install/share/ament_cmake_uncrustify/environment/path.sh
-- Installing: /home/locobot/Documents/kobuki/install/share/ament_cmake_uncrustify/environment/path.dsv
-- Up-to-date: /home/locobot/Documents/kobuki/install/share/ament_cmake_uncrustify/local_setup.bash
-- Up-to-date: /home/locobot/Documents/kobuki/install/share/ament_cmake_uncrustify/local_setup.sh
-- Up-to-date: /home/locobot/Documents/kobuki/install/share/ament_cmake_uncrustify/local_setup.zsh
-- Installing: /home/locobot/Documents/kobuki/install/share/ament_cmake_uncrustify/local_setup.dsv
-- Installing: /home/locobot/Documents/kobuki/install/share/ament_cmake_uncrustify/package.dsv
-- Up-to-date: /home/locobot/Documents/kobuki/install/share/ament_index/resource_index/packages/ament_cmake_uncrustify
-- Up-to-date: /home/locobot/Documents/kobuki/install/share/ament_cmake_uncrustify/cmake/ament_cmake_uncrustify-extras.cmake
-- Up-to-date: /home/locobot/Documents/kobuki/install/share/ament_cmake_uncrustify/cmake/ament_cmake_uncrustifyConfig.cmake
-- Up-to-date: /home/locobot/Documents/kobuki/install/share/ament_cmake_uncrustify/cmake/ament_cmake_uncrustifyConfig-version.cmake
-- Up-to-date: /home/locobot/Documents/kobuki/install/share/ament_cmake_uncrustify/package.xml
-- Up-to-date: /home/locobot/Documents/kobuki/install/share/ament_cmake_uncrustify/cmake
-- Up-to-date: /home/locobot/Documents/kobuki/install/share/ament_cmake_uncrustify/cmake/ament_uncrustify.cmake
-- Up-to-date: /home/locobot/Documents/kobuki/install/share/ament_cmake_uncrustify/cmake/ament_cmake_uncrustify_lint_hook.cmake
