[0.030s] Invoking command in '/home/locobot/Documents/kobuki/build/ament_cmake_include_directories': AMENT_PREFIX_PATH=/home/locobot/Documents/kobuki/install CMAKE_PREFIX_PATH=/home/locobot/Documents/kobuki/install PATH=/home/locobot/Documents/kobuki/install/bin:${PATH} PYTHONPATH=/home/locobot/Documents/kobuki/install/lib/python3.8/site-packages /usr/bin/cmake /home/locobot/Documents/kobuki/src/ament_cmake/ament_cmake_include_directories -DBUILD_TESTING=OFF -DCMAKE_INSTALL_PREFIX=/home/locobot/Documents/kobuki/install
[0.086s] -- Found ament_cmake_core: 0.9.12 (/home/locobot/Documents/kobuki/install/share/ament_cmake_core/cmake)
[0.122s] -- Found PythonInterp: /usr/bin/python3 (found suitable version "3.8.10", minimum required is "3") 
[0.122s] -- Using PYTHON_EXECUTABLE: /usr/bin/python3
[0.829s] -- Configuring done
[0.829s] -- Generating done
[0.829s] -- Build files have been written to: /home/locobot/Documents/kobuki/build/ament_cmake_include_directories
[1.085s] Invoked command in '/home/locobot/Documents/kobuki/build/ament_cmake_include_directories' returned '0': AMENT_PREFIX_PATH=/home/locobot/Documents/kobuki/install CMAKE_PREFIX_PATH=/home/locobot/Documents/kobuki/install PATH=/home/locobot/Documents/kobuki/install/bin:${PATH} PYTHONPATH=/home/locobot/Documents/kobuki/install/lib/python3.8/site-packages /usr/bin/cmake /home/locobot/Documents/kobuki/src/ament_cmake/ament_cmake_include_directories -DBUILD_TESTING=OFF -DCMAKE_INSTALL_PREFIX=/home/locobot/Documents/kobuki/install
[1.087s] Invoking command in '/home/locobot/Documents/kobuki/build/ament_cmake_include_directories': AMENT_PREFIX_PATH=/home/locobot/Documents/kobuki/install CMAKE_PREFIX_PATH=/home/locobot/Documents/kobuki/install PATH=/home/locobot/Documents/kobuki/install/bin:${PATH} PYTHONPATH=/home/locobot/Documents/kobuki/install/lib/python3.8/site-packages /usr/bin/cmake --build /home/locobot/Documents/kobuki/build/ament_cmake_include_directories -- -j4 -l4
[1.206s] Invoked command in '/home/locobot/Documents/kobuki/build/ament_cmake_include_directories' returned '0': AMENT_PREFIX_PATH=/home/locobot/Documents/kobuki/install CMAKE_PREFIX_PATH=/home/locobot/Documents/kobuki/install PATH=/home/locobot/Documents/kobuki/install/bin:${PATH} PYTHONPATH=/home/locobot/Documents/kobuki/install/lib/python3.8/site-packages /usr/bin/cmake --build /home/locobot/Documents/kobuki/build/ament_cmake_include_directories -- -j4 -l4
[1.208s] Invoking command in '/home/locobot/Documents/kobuki/build/ament_cmake_include_directories': AMENT_PREFIX_PATH=/home/locobot/Documents/kobuki/install CMAKE_PREFIX_PATH=/home/locobot/Documents/kobuki/install PATH=/home/locobot/Documents/kobuki/install/bin:${PATH} PYTHONPATH=/home/locobot/Documents/kobuki/install/lib/python3.8/site-packages /usr/bin/cmake --install /home/locobot/Documents/kobuki/build/ament_cmake_include_directories
[1.234s] -- Install configuration: ""
[1.235s] -- Installing: /home/locobot/Documents/kobuki/install/share/ament_index/resource_index/package_run_dependencies/ament_cmake_include_directories
[1.237s] -- Installing: /home/locobot/Documents/kobuki/install/share/ament_index/resource_index/parent_prefix_path/ament_cmake_include_directories
[1.237s] -- Installing: /home/locobot/Documents/kobuki/install/share/ament_cmake_include_directories/environment/ament_prefix_path.sh
[1.238s] -- Installing: /home/locobot/Documents/kobuki/install/share/ament_cmake_include_directories/environment/ament_prefix_path.dsv
[1.238s] -- Installing: /home/locobot/Documents/kobuki/install/share/ament_cmake_include_directories/environment/path.sh
[1.238s] -- Installing: /home/locobot/Documents/kobuki/install/share/ament_cmake_include_directories/environment/path.dsv
[1.238s] -- Installing: /home/locobot/Documents/kobuki/install/share/ament_cmake_include_directories/local_setup.bash
[1.238s] -- Installing: /home/locobot/Documents/kobuki/install/share/ament_cmake_include_directories/local_setup.sh
[1.239s] -- Installing: /home/locobot/Documents/kobuki/install/share/ament_cmake_include_directories/local_setup.zsh
[1.239s] -- Installing: /home/locobot/Documents/kobuki/install/share/ament_cmake_include_directories/local_setup.dsv
[1.239s] -- Installing: /home/locobot/Documents/kobuki/install/share/ament_cmake_include_directories/package.dsv
[1.239s] -- Installing: /home/locobot/Documents/kobuki/install/share/ament_index/resource_index/packages/ament_cmake_include_directories
[1.240s] -- Installing: /home/locobot/Documents/kobuki/install/share/ament_cmake_include_directories/cmake/ament_cmake_include_directories-extras.cmake
[1.240s] -- Installing: /home/locobot/Documents/kobuki/install/share/ament_cmake_include_directories/cmake/ament_cmake_include_directoriesConfig.cmake
[1.240s] -- Installing: /home/locobot/Documents/kobuki/install/share/ament_cmake_include_directories/cmake/ament_cmake_include_directoriesConfig-version.cmake
[1.241s] -- Installing: /home/locobot/Documents/kobuki/install/share/ament_cmake_include_directories/package.xml
[1.241s] -- Up-to-date: /home/locobot/Documents/kobuki/install/share/ament_cmake_include_directories/cmake
[1.264s] -- Installing: /home/locobot/Documents/kobuki/install/share/ament_cmake_include_directories/cmake/ament_include_directories_order.cmake
[1.264s] Invoked command in '/home/locobot/Documents/kobuki/build/ament_cmake_include_directories' returned '0': AMENT_PREFIX_PATH=/home/locobot/Documents/kobuki/install CMAKE_PREFIX_PATH=/home/locobot/Documents/kobuki/install PATH=/home/locobot/Documents/kobuki/install/bin:${PATH} PYTHONPATH=/home/locobot/Documents/kobuki/install/lib/python3.8/site-packages /usr/bin/cmake --install /home/locobot/Documents/kobuki/build/ament_cmake_include_directories
