[1.432s] Invoking command in '/home/locobot/Documents/kobuki/src/ament_lint/ament_pycodestyle': PYTHONPATH=/home/locobot/Documents/kobuki/build/ament_pycodestyle/prefix_override:/home/locobot/.local/lib/python3.8/site-packages/colcon_core/task/python/colcon_distutils_commands:/home/locobot/Documents/kobuki/install/lib/python3.8/site-packages: /usr/bin/python3 -W ignore:setup.py install is deprecated -W ignore:easy_install command is deprecated setup.py egg_info --egg-base ../../../build/ament_pycodestyle build --build-base /home/locobot/Documents/kobuki/build/ament_pycodestyle/build install --record /home/locobot/Documents/kobuki/build/ament_pycodestyle/install.log --single-version-externally-managed install_data
[1.970s] running egg_info
[1.970s] creating ../../../build/ament_pycodestyle/ament_pycodestyle.egg-info
[1.970s] writing ../../../build/ament_pycodestyle/ament_pycodestyle.egg-info/PKG-INFO
[1.970s] writing dependency_links to ../../../build/ament_pycodestyle/ament_pycodestyle.egg-info/dependency_links.txt
[1.971s] writing entry points to ../../../build/ament_pycodestyle/ament_pycodestyle.egg-info/entry_points.txt
[1.971s] writing requirements to ../../../build/ament_pycodestyle/ament_pycodestyle.egg-info/requires.txt
[1.971s] writing top-level names to ../../../build/ament_pycodestyle/ament_pycodestyle.egg-info/top_level.txt
[1.971s] writing manifest file '../../../build/ament_pycodestyle/ament_pycodestyle.egg-info/SOURCES.txt'
[2.103s] reading manifest file '../../../build/ament_pycodestyle/ament_pycodestyle.egg-info/SOURCES.txt'
[2.105s] writing manifest file '../../../build/ament_pycodestyle/ament_pycodestyle.egg-info/SOURCES.txt'
[2.105s] running build
[2.105s] running build_py
[2.105s] creating /home/locobot/Documents/kobuki/build/ament_pycodestyle/build
[2.105s] creating /home/locobot/Documents/kobuki/build/ament_pycodestyle/build/lib
[2.106s] creating /home/locobot/Documents/kobuki/build/ament_pycodestyle/build/lib/ament_pycodestyle
[2.106s] copying ament_pycodestyle/__init__.py -> /home/locobot/Documents/kobuki/build/ament_pycodestyle/build/lib/ament_pycodestyle
[2.106s] copying ament_pycodestyle/main.py -> /home/locobot/Documents/kobuki/build/ament_pycodestyle/build/lib/ament_pycodestyle
[2.106s] creating /home/locobot/Documents/kobuki/build/ament_pycodestyle/build/lib/ament_pycodestyle/configuration
[2.106s] copying ament_pycodestyle/configuration/ament_pycodestyle.ini -> /home/locobot/Documents/kobuki/build/ament_pycodestyle/build/lib/ament_pycodestyle/configuration
[2.106s] running install
[2.107s] running install_lib
[2.108s] creating /home/locobot/Documents/kobuki/install/lib/python3.8/site-packages/ament_pycodestyle
[2.109s] copying /home/locobot/Documents/kobuki/build/ament_pycodestyle/build/lib/ament_pycodestyle/__init__.py -> /home/locobot/Documents/kobuki/install/lib/python3.8/site-packages/ament_pycodestyle
[2.109s] creating /home/locobot/Documents/kobuki/install/lib/python3.8/site-packages/ament_pycodestyle/configuration
[2.109s] copying /home/locobot/Documents/kobuki/build/ament_pycodestyle/build/lib/ament_pycodestyle/configuration/ament_pycodestyle.ini -> /home/locobot/Documents/kobuki/install/lib/python3.8/site-packages/ament_pycodestyle/configuration
[2.109s] copying /home/locobot/Documents/kobuki/build/ament_pycodestyle/build/lib/ament_pycodestyle/main.py -> /home/locobot/Documents/kobuki/install/lib/python3.8/site-packages/ament_pycodestyle
[2.110s] byte-compiling /home/locobot/Documents/kobuki/install/lib/python3.8/site-packages/ament_pycodestyle/__init__.py to __init__.cpython-38.pyc
[2.112s] byte-compiling /home/locobot/Documents/kobuki/install/lib/python3.8/site-packages/ament_pycodestyle/main.py to main.cpython-38.pyc
[2.113s] running install_data
[2.113s] copying package.xml -> /home/locobot/Documents/kobuki/install/share/ament_pycodestyle
[2.114s] copying resource/ament_pycodestyle -> /home/locobot/Documents/kobuki/install/share/ament_index/resource_index/packages
[2.114s] running install_egg_info
[2.116s] Copying ../../../build/ament_pycodestyle/ament_pycodestyle.egg-info to /home/locobot/Documents/kobuki/install/lib/python3.8/site-packages/ament_pycodestyle-0.9.8-py3.8.egg-info
[2.117s] running install_scripts
[2.146s] Installing ament_pycodestyle script to /home/locobot/Documents/kobuki/install/bin
[2.147s] writing list of installed files to '/home/locobot/Documents/kobuki/build/ament_pycodestyle/install.log'
[2.478s] Invoked command in '/home/locobot/Documents/kobuki/src/ament_lint/ament_pycodestyle' returned '0': PYTHONPATH=/home/locobot/Documents/kobuki/build/ament_pycodestyle/prefix_override:/home/locobot/.local/lib/python3.8/site-packages/colcon_core/task/python/colcon_distutils_commands:/home/locobot/Documents/kobuki/install/lib/python3.8/site-packages: /usr/bin/python3 -W ignore:setup.py install is deprecated -W ignore:easy_install command is deprecated setup.py egg_info --egg-base ../../../build/ament_pycodestyle build --build-base /home/locobot/Documents/kobuki/build/ament_pycodestyle/build install --record /home/locobot/Documents/kobuki/build/ament_pycodestyle/install.log --single-version-externally-managed install_data
