[0.083s] Invoking command in '/home/locobot/Documents/kobuki/build/ament_lint_auto': AMENT_PREFIX_PATH=/home/locobot/Documents/kobuki/install CMAKE_PREFIX_PATH=/home/locobot/Documents/kobuki/install PATH=/home/locobot/Documents/kobuki/install/bin:${PATH} PYTHONPATH=/home/locobot/Documents/kobuki/install/lib/python3.8/site-packages /usr/bin/cmake /home/locobot/Documents/kobuki/src/ament_lint/ament_lint_auto -DBUILD_TESTING=OFF -DCMAKE_INSTALL_PREFIX=/home/locobot/Documents/kobuki/install
[0.185s] -- Found ament_cmake_core: 0.9.12 (/home/locobot/Documents/kobuki/install/share/ament_cmake_core/cmake)
[0.254s] -- Found PythonInterp: /usr/bin/python3 (found suitable version "3.8.10", minimum required is "3") 
[0.256s] -- Using PYTHON_EXECUTABLE: /usr/bin/python3
[0.940s] -- Configuring done
[0.940s] -- Generating done
[0.940s] -- Build files have been written to: /home/locobot/Documents/kobuki/build/ament_lint_auto
[1.042s] Invoked command in '/home/locobot/Documents/kobuki/build/ament_lint_auto' returned '0': AMENT_PREFIX_PATH=/home/locobot/Documents/kobuki/install CMAKE_PREFIX_PATH=/home/locobot/Documents/kobuki/install PATH=/home/locobot/Documents/kobuki/install/bin:${PATH} PYTHONPATH=/home/locobot/Documents/kobuki/install/lib/python3.8/site-packages /usr/bin/cmake /home/locobot/Documents/kobuki/src/ament_lint/ament_lint_auto -DBUILD_TESTING=OFF -DCMAKE_INSTALL_PREFIX=/home/locobot/Documents/kobuki/install
[1.043s] Invoking command in '/home/locobot/Documents/kobuki/build/ament_lint_auto': AMENT_PREFIX_PATH=/home/locobot/Documents/kobuki/install CMAKE_PREFIX_PATH=/home/locobot/Documents/kobuki/install PATH=/home/locobot/Documents/kobuki/install/bin:${PATH} PYTHONPATH=/home/locobot/Documents/kobuki/install/lib/python3.8/site-packages /usr/bin/cmake --build /home/locobot/Documents/kobuki/build/ament_lint_auto -- -j4 -l4
[1.173s] Invoked command in '/home/locobot/Documents/kobuki/build/ament_lint_auto' returned '0': AMENT_PREFIX_PATH=/home/locobot/Documents/kobuki/install CMAKE_PREFIX_PATH=/home/locobot/Documents/kobuki/install PATH=/home/locobot/Documents/kobuki/install/bin:${PATH} PYTHONPATH=/home/locobot/Documents/kobuki/install/lib/python3.8/site-packages /usr/bin/cmake --build /home/locobot/Documents/kobuki/build/ament_lint_auto -- -j4 -l4
[1.193s] Invoking command in '/home/locobot/Documents/kobuki/build/ament_lint_auto': AMENT_PREFIX_PATH=/home/locobot/Documents/kobuki/install CMAKE_PREFIX_PATH=/home/locobot/Documents/kobuki/install PATH=/home/locobot/Documents/kobuki/install/bin:${PATH} PYTHONPATH=/home/locobot/Documents/kobuki/install/lib/python3.8/site-packages /usr/bin/cmake --install /home/locobot/Documents/kobuki/build/ament_lint_auto
[1.227s] -- Install configuration: ""
[1.230s] -- Installing: /home/locobot/Documents/kobuki/install/share/ament_index/resource_index/package_run_dependencies/ament_lint_auto
[1.230s] -- Installing: /home/locobot/Documents/kobuki/install/share/ament_index/resource_index/parent_prefix_path/ament_lint_auto
[1.231s] -- Installing: /home/locobot/Documents/kobuki/install/share/ament_lint_auto/environment/ament_prefix_path.sh
[1.231s] -- Installing: /home/locobot/Documents/kobuki/install/share/ament_lint_auto/environment/ament_prefix_path.dsv
[1.237s] -- Installing: /home/locobot/Documents/kobuki/install/share/ament_lint_auto/environment/path.sh
[1.237s] -- Installing: /home/locobot/Documents/kobuki/install/share/ament_lint_auto/environment/path.dsv
[1.237s] -- Installing: /home/locobot/Documents/kobuki/install/share/ament_lint_auto/local_setup.bash
[1.237s] -- Installing: /home/locobot/Documents/kobuki/install/share/ament_lint_auto/local_setup.sh
[1.238s] -- Installing: /home/locobot/Documents/kobuki/install/share/ament_lint_auto/local_setup.zsh
[1.238s] -- Installing: /home/locobot/Documents/kobuki/install/share/ament_lint_auto/local_setup.dsv
[1.238s] -- Installing: /home/locobot/Documents/kobuki/install/share/ament_lint_auto/package.dsv
[1.238s] -- Installing: /home/locobot/Documents/kobuki/install/share/ament_index/resource_index/packages/ament_lint_auto
[1.238s] -- Installing: /home/locobot/Documents/kobuki/install/share/ament_lint_auto/cmake/ament_lint_auto-extras.cmake
[1.238s] -- Installing: /home/locobot/Documents/kobuki/install/share/ament_lint_auto/cmake/ament_lint_autoConfig.cmake
[1.238s] -- Installing: /home/locobot/Documents/kobuki/install/share/ament_lint_auto/cmake/ament_lint_autoConfig-version.cmake
[1.238s] -- Installing: /home/locobot/Documents/kobuki/install/share/ament_lint_auto/package.xml
[1.239s] -- Up-to-date: /home/locobot/Documents/kobuki/install/share/ament_lint_auto/cmake
[1.239s] -- Installing: /home/locobot/Documents/kobuki/install/share/ament_lint_auto/cmake/ament_lint_auto_find_test_dependencies.cmake
[1.239s] -- Installing: /home/locobot/Documents/kobuki/install/share/ament_lint_auto/cmake/ament_lint_auto_package_hook.cmake
[1.239s] Invoked command in '/home/locobot/Documents/kobuki/build/ament_lint_auto' returned '0': AMENT_PREFIX_PATH=/home/locobot/Documents/kobuki/install CMAKE_PREFIX_PATH=/home/locobot/Documents/kobuki/install PATH=/home/locobot/Documents/kobuki/install/bin:${PATH} PYTHONPATH=/home/locobot/Documents/kobuki/install/lib/python3.8/site-packages /usr/bin/cmake --install /home/locobot/Documents/kobuki/build/ament_lint_auto
