Re-run cmake no build system arguments
-- Found ament_cmake_ros: 0.9.2 (/home/locobot/Documents/kobuki/install/share/ament_cmake_ros/cmake)
-- Using PYTHON_EXECUTABLE: /usr/bin/python3
-- Found ecl_build: 1.0.3 (/home/locobot/Documents/kobuki/install/share/ecl_build/cmake)
-- Configuring done
-- Generating done
-- Build files have been written to: /home/locobot/Documents/kobuki/build/ecl_config
/usr/bin/cmake -S/home/locobot/Documents/kobuki/src/ecl_lite/ecl_config -B/home/locobot/Documents/kobuki/build/ecl_config --check-build-system CMakeFiles/Makefile.cmake 0
/usr/bin/cmake -E cmake_progress_start /home/locobot/Documents/kobuki/build/ecl_config/CMakeFiles /home/locobot/Documents/kobuki/build/ecl_config/CMakeFiles/progress.marks
/usr/bin/make -f CMakeFiles/Makefile2 all
make[1]: Entering directory '/home/locobot/Documents/kobuki/build/ecl_config'
/usr/bin/make -f src/utilities/CMakeFiles/ecl_detect_posix.dir/build.make src/utilities/CMakeFiles/ecl_detect_posix.dir/depend
make[2]: Entering directory '/home/locobot/Documents/kobuki/build/ecl_config'
cd /home/locobot/Documents/kobuki/build/ecl_config && /usr/bin/cmake -E cmake_depends "Unix Makefiles" /home/locobot/Documents/kobuki/src/ecl_lite/ecl_config /home/locobot/Documents/kobuki/src/ecl_lite/ecl_config/src/utilities /home/locobot/Documents/kobuki/build/ecl_config /home/locobot/Documents/kobuki/build/ecl_config/src/utilities /home/locobot/Documents/kobuki/build/ecl_config/src/utilities/CMakeFiles/ecl_detect_posix.dir/DependInfo.cmake --color=
make[2]: Leaving directory '/home/locobot/Documents/kobuki/build/ecl_config'
/usr/bin/make -f src/utilities/CMakeFiles/ecl_detect_posix.dir/build.make src/utilities/CMakeFiles/ecl_detect_posix.dir/build
make[2]: Entering directory '/home/locobot/Documents/kobuki/build/ecl_config'
make[2]: Nothing to be done for 'src/utilities/CMakeFiles/ecl_detect_posix.dir/build'.
make[2]: Leaving directory '/home/locobot/Documents/kobuki/build/ecl_config'
[ 50%] Built target ecl_detect_posix
/usr/bin/make -f src/utilities/CMakeFiles/ecl_detect_endian.dir/build.make src/utilities/CMakeFiles/ecl_detect_endian.dir/depend
make[2]: Entering directory '/home/locobot/Documents/kobuki/build/ecl_config'
cd /home/locobot/Documents/kobuki/build/ecl_config && /usr/bin/cmake -E cmake_depends "Unix Makefiles" /home/locobot/Documents/kobuki/src/ecl_lite/ecl_config /home/locobot/Documents/kobuki/src/ecl_lite/ecl_config/src/utilities /home/locobot/Documents/kobuki/build/ecl_config /home/locobot/Documents/kobuki/build/ecl_config/src/utilities /home/locobot/Documents/kobuki/build/ecl_config/src/utilities/CMakeFiles/ecl_detect_endian.dir/DependInfo.cmake --color=
make[2]: Leaving directory '/home/locobot/Documents/kobuki/build/ecl_config'
/usr/bin/make -f src/utilities/CMakeFiles/ecl_detect_endian.dir/build.make src/utilities/CMakeFiles/ecl_detect_endian.dir/build
make[2]: Entering directory '/home/locobot/Documents/kobuki/build/ecl_config'
make[2]: Nothing to be done for 'src/utilities/CMakeFiles/ecl_detect_endian.dir/build'.
make[2]: Leaving directory '/home/locobot/Documents/kobuki/build/ecl_config'
[100%] Built target ecl_detect_endian
make[1]: Leaving directory '/home/locobot/Documents/kobuki/build/ecl_config'
/usr/bin/cmake -E cmake_progress_start /home/locobot/Documents/kobuki/build/ecl_config/CMakeFiles 0
-- Install configuration: ""
-- Up-to-date: /home/locobot/Documents/kobuki/install/share/ament_index/resource_index/package_run_dependencies/ecl_config
-- Up-to-date: /home/locobot/Documents/kobuki/install/share/ament_index/resource_index/parent_prefix_path/ecl_config
-- Up-to-date: /home/locobot/Documents/kobuki/install/share/ecl_config/environment/ament_prefix_path.sh
-- Installing: /home/locobot/Documents/kobuki/install/share/ecl_config/environment/ament_prefix_path.dsv
-- Up-to-date: /home/locobot/Documents/kobuki/install/share/ecl_config/environment/path.sh
-- Installing: /home/locobot/Documents/kobuki/install/share/ecl_config/environment/path.dsv
-- Up-to-date: /home/locobot/Documents/kobuki/install/share/ecl_config/local_setup.bash
-- Up-to-date: /home/locobot/Documents/kobuki/install/share/ecl_config/local_setup.sh
-- Up-to-date: /home/locobot/Documents/kobuki/install/share/ecl_config/local_setup.zsh
-- Installing: /home/locobot/Documents/kobuki/install/share/ecl_config/local_setup.dsv
-- Installing: /home/locobot/Documents/kobuki/install/share/ecl_config/package.dsv
-- Up-to-date: /home/locobot/Documents/kobuki/install/share/ament_index/resource_index/packages/ecl_config
-- Up-to-date: /home/locobot/Documents/kobuki/install/share/ecl_config/cmake/ecl_configExport.cmake
-- Up-to-date: /home/locobot/Documents/kobuki/install/share/ecl_config/cmake/ament_cmake_export_targets-extras.cmake
-- Up-to-date: /home/locobot/Documents/kobuki/install/share/ecl_config/cmake/ament_cmake_export_include_directories-extras.cmake
-- Up-to-date: /home/locobot/Documents/kobuki/install/share/ecl_config/cmake/ecl_configConfig.cmake
-- Up-to-date: /home/locobot/Documents/kobuki/install/share/ecl_config/cmake/ecl_configConfig-version.cmake
-- Up-to-date: /home/locobot/Documents/kobuki/install/share/ecl_config/package.xml
-- Up-to-date: /home/locobot/Documents/kobuki/install/include/ecl/config.hpp
-- Up-to-date: /home/locobot/Documents/kobuki/install/include/ecl/config/ecl.hpp
-- Up-to-date: /home/locobot/Documents/kobuki/install/include/ecl/config/char_sign.hpp
-- Up-to-date: /home/locobot/Documents/kobuki/install/include/ecl/config/ecl_unknown.hpp
-- Up-to-date: /home/locobot/Documents/kobuki/install/include/ecl/config/endianness.hpp
-- Up-to-date: /home/locobot/Documents/kobuki/install/include/ecl/config/macros.hpp
-- Up-to-date: /home/locobot/Documents/kobuki/install/include/ecl/config/portable_types.hpp
-- Up-to-date: /home/locobot/Documents/kobuki/install/include/ecl/config/windows.hpp
-- Up-to-date: /home/locobot/Documents/kobuki/install/bin/ecl_detect_endian
-- Up-to-date: /home/locobot/Documents/kobuki/install/bin/ecl_detect_posix
