[0.497s] Invoking command in '/home/locobot/Documents/kobuki/build/ecl_config': AMENT_PREFIX_PATH=/home/locobot/Documents/kobuki/install CMAKE_PREFIX_PATH=/home/locobot/Documents/kobuki/install LD_LIBRARY_PATH=/home/locobot/Documents/kobuki/install/lib PATH=/home/locobot/Documents/kobuki/install/bin:${PATH} PYTHONPATH=/home/locobot/Documents/kobuki/install/lib/python3.8/site-packages /usr/bin/cmake /home/locobot/Documents/kobuki/src/ecl_lite/ecl_config -DBUILD_TESTING=OFF -DCMAKE_INSTALL_PREFIX=/home/locobot/Documents/kobuki/install
[0.523s] Re-run cmake no build system arguments
[0.523s] -- Found ament_cmake_ros: 0.9.2 (/home/locobot/Documents/kobuki/install/share/ament_cmake_ros/cmake)
[0.558s] -- Using PYTHON_EXECUTABLE: /usr/bin/python3
[0.807s] -- Found ecl_build: 1.0.3 (/home/locobot/Documents/kobuki/install/share/ecl_build/cmake)
[0.991s] -- Configuring done
[1.002s] -- Generating done
[1.007s] -- Build files have been written to: /home/locobot/Documents/kobuki/build/ecl_config
[1.019s] Invoked command in '/home/locobot/Documents/kobuki/build/ecl_config' returned '0': AMENT_PREFIX_PATH=/home/locobot/Documents/kobuki/install CMAKE_PREFIX_PATH=/home/locobot/Documents/kobuki/install LD_LIBRARY_PATH=/home/locobot/Documents/kobuki/install/lib PATH=/home/locobot/Documents/kobuki/install/bin:${PATH} PYTHONPATH=/home/locobot/Documents/kobuki/install/lib/python3.8/site-packages /usr/bin/cmake /home/locobot/Documents/kobuki/src/ecl_lite/ecl_config -DBUILD_TESTING=OFF -DCMAKE_INSTALL_PREFIX=/home/locobot/Documents/kobuki/install
[1.024s] Invoking command in '/home/locobot/Documents/kobuki/build/ecl_config': AMENT_PREFIX_PATH=/home/locobot/Documents/kobuki/install CMAKE_PREFIX_PATH=/home/locobot/Documents/kobuki/install LD_LIBRARY_PATH=/home/locobot/Documents/kobuki/install/lib PATH=/home/locobot/Documents/kobuki/install/bin:${PATH} PYTHONPATH=/home/locobot/Documents/kobuki/install/lib/python3.8/site-packages /usr/bin/cmake --build /home/locobot/Documents/kobuki/build/ecl_config -- -j4 -l4
[1.071s] /usr/bin/cmake -S/home/locobot/Documents/kobuki/src/ecl_lite/ecl_config -B/home/locobot/Documents/kobuki/build/ecl_config --check-build-system CMakeFiles/Makefile.cmake 0
[1.072s] /usr/bin/cmake -E cmake_progress_start /home/locobot/Documents/kobuki/build/ecl_config/CMakeFiles /home/locobot/Documents/kobuki/build/ecl_config/CMakeFiles/progress.marks
[1.084s] /usr/bin/make -f CMakeFiles/Makefile2 all
[1.091s] make[1]: Entering directory '/home/locobot/Documents/kobuki/build/ecl_config'
[1.091s] /usr/bin/make -f src/utilities/CMakeFiles/ecl_detect_posix.dir/build.make src/utilities/CMakeFiles/ecl_detect_posix.dir/depend
[1.092s] make[2]: Entering directory '/home/locobot/Documents/kobuki/build/ecl_config'
[1.093s] cd /home/locobot/Documents/kobuki/build/ecl_config && /usr/bin/cmake -E cmake_depends "Unix Makefiles" /home/locobot/Documents/kobuki/src/ecl_lite/ecl_config /home/locobot/Documents/kobuki/src/ecl_lite/ecl_config/src/utilities /home/locobot/Documents/kobuki/build/ecl_config /home/locobot/Documents/kobuki/build/ecl_config/src/utilities /home/locobot/Documents/kobuki/build/ecl_config/src/utilities/CMakeFiles/ecl_detect_posix.dir/DependInfo.cmake --color=
[1.118s] make[2]: Leaving directory '/home/locobot/Documents/kobuki/build/ecl_config'
[1.119s] /usr/bin/make -f src/utilities/CMakeFiles/ecl_detect_posix.dir/build.make src/utilities/CMakeFiles/ecl_detect_posix.dir/build
[1.120s] make[2]: Entering directory '/home/locobot/Documents/kobuki/build/ecl_config'
[1.125s] make[2]: Nothing to be done for 'src/utilities/CMakeFiles/ecl_detect_posix.dir/build'.
[1.125s] make[2]: Leaving directory '/home/locobot/Documents/kobuki/build/ecl_config'
[1.133s] [ 50%] Built target ecl_detect_posix
[1.135s] /usr/bin/make -f src/utilities/CMakeFiles/ecl_detect_endian.dir/build.make src/utilities/CMakeFiles/ecl_detect_endian.dir/depend
[1.137s] make[2]: Entering directory '/home/locobot/Documents/kobuki/build/ecl_config'
[1.138s] cd /home/locobot/Documents/kobuki/build/ecl_config && /usr/bin/cmake -E cmake_depends "Unix Makefiles" /home/locobot/Documents/kobuki/src/ecl_lite/ecl_config /home/locobot/Documents/kobuki/src/ecl_lite/ecl_config/src/utilities /home/locobot/Documents/kobuki/build/ecl_config /home/locobot/Documents/kobuki/build/ecl_config/src/utilities /home/locobot/Documents/kobuki/build/ecl_config/src/utilities/CMakeFiles/ecl_detect_endian.dir/DependInfo.cmake --color=
[1.151s] make[2]: Leaving directory '/home/locobot/Documents/kobuki/build/ecl_config'
[1.152s] /usr/bin/make -f src/utilities/CMakeFiles/ecl_detect_endian.dir/build.make src/utilities/CMakeFiles/ecl_detect_endian.dir/build
[1.153s] make[2]: Entering directory '/home/locobot/Documents/kobuki/build/ecl_config'
[1.154s] make[2]: Nothing to be done for 'src/utilities/CMakeFiles/ecl_detect_endian.dir/build'.
[1.155s] make[2]: Leaving directory '/home/locobot/Documents/kobuki/build/ecl_config'
[1.168s] [100%] Built target ecl_detect_endian
[1.171s] make[1]: Leaving directory '/home/locobot/Documents/kobuki/build/ecl_config'
[1.172s] /usr/bin/cmake -E cmake_progress_start /home/locobot/Documents/kobuki/build/ecl_config/CMakeFiles 0
[1.217s] Invoked command in '/home/locobot/Documents/kobuki/build/ecl_config' returned '0': AMENT_PREFIX_PATH=/home/locobot/Documents/kobuki/install CMAKE_PREFIX_PATH=/home/locobot/Documents/kobuki/install LD_LIBRARY_PATH=/home/locobot/Documents/kobuki/install/lib PATH=/home/locobot/Documents/kobuki/install/bin:${PATH} PYTHONPATH=/home/locobot/Documents/kobuki/install/lib/python3.8/site-packages /usr/bin/cmake --build /home/locobot/Documents/kobuki/build/ecl_config -- -j4 -l4
[1.235s] Invoking command in '/home/locobot/Documents/kobuki/build/ecl_config': AMENT_PREFIX_PATH=/home/locobot/Documents/kobuki/install CMAKE_PREFIX_PATH=/home/locobot/Documents/kobuki/install LD_LIBRARY_PATH=/home/locobot/Documents/kobuki/install/lib PATH=/home/locobot/Documents/kobuki/install/bin:${PATH} PYTHONPATH=/home/locobot/Documents/kobuki/install/lib/python3.8/site-packages /usr/bin/cmake --install /home/locobot/Documents/kobuki/build/ecl_config
[1.248s] -- Install configuration: ""
[1.248s] -- Up-to-date: /home/locobot/Documents/kobuki/install/share/ament_index/resource_index/package_run_dependencies/ecl_config
[1.249s] -- Up-to-date: /home/locobot/Documents/kobuki/install/share/ament_index/resource_index/parent_prefix_path/ecl_config
[1.249s] -- Up-to-date: /home/locobot/Documents/kobuki/install/share/ecl_config/environment/ament_prefix_path.sh
[1.249s] -- Installing: /home/locobot/Documents/kobuki/install/share/ecl_config/environment/ament_prefix_path.dsv
[1.249s] -- Up-to-date: /home/locobot/Documents/kobuki/install/share/ecl_config/environment/path.sh
[1.249s] -- Installing: /home/locobot/Documents/kobuki/install/share/ecl_config/environment/path.dsv
[1.249s] -- Up-to-date: /home/locobot/Documents/kobuki/install/share/ecl_config/local_setup.bash
[1.249s] -- Up-to-date: /home/locobot/Documents/kobuki/install/share/ecl_config/local_setup.sh
[1.250s] -- Up-to-date: /home/locobot/Documents/kobuki/install/share/ecl_config/local_setup.zsh
[1.250s] -- Installing: /home/locobot/Documents/kobuki/install/share/ecl_config/local_setup.dsv
[1.250s] -- Installing: /home/locobot/Documents/kobuki/install/share/ecl_config/package.dsv
[1.250s] -- Up-to-date: /home/locobot/Documents/kobuki/install/share/ament_index/resource_index/packages/ecl_config
[1.250s] -- Up-to-date: /home/locobot/Documents/kobuki/install/share/ecl_config/cmake/ecl_configExport.cmake
[1.250s] -- Up-to-date: /home/locobot/Documents/kobuki/install/share/ecl_config/cmake/ament_cmake_export_targets-extras.cmake
[1.266s] -- Up-to-date: /home/locobot/Documents/kobuki/install/share/ecl_config/cmake/ament_cmake_export_include_directories-extras.cmake
[1.267s] -- Up-to-date: /home/locobot/Documents/kobuki/install/share/ecl_config/cmake/ecl_configConfig.cmake
[1.267s] -- Up-to-date: /home/locobot/Documents/kobuki/install/share/ecl_config/cmake/ecl_configConfig-version.cmake
[1.267s] -- Up-to-date: /home/locobot/Documents/kobuki/install/share/ecl_config/package.xml
[1.267s] -- Up-to-date: /home/locobot/Documents/kobuki/install/include/ecl/config.hpp
[1.267s] -- Up-to-date: /home/locobot/Documents/kobuki/install/include/ecl/config/ecl.hpp
[1.267s] -- Up-to-date: /home/locobot/Documents/kobuki/install/include/ecl/config/char_sign.hpp
[1.267s] -- Up-to-date: /home/locobot/Documents/kobuki/install/include/ecl/config/ecl_unknown.hpp
[1.268s] -- Up-to-date: /home/locobot/Documents/kobuki/install/include/ecl/config/endianness.hpp
[1.268s] -- Up-to-date: /home/locobot/Documents/kobuki/install/include/ecl/config/macros.hpp
[1.268s] -- Up-to-date: /home/locobot/Documents/kobuki/install/include/ecl/config/portable_types.hpp
[1.268s] -- Up-to-date: /home/locobot/Documents/kobuki/install/include/ecl/config/windows.hpp
[1.268s] -- Up-to-date: /home/locobot/Documents/kobuki/install/bin/ecl_detect_endian
[1.268s] -- Up-to-date: /home/locobot/Documents/kobuki/install/bin/ecl_detect_posix
[1.328s] Invoked command in '/home/locobot/Documents/kobuki/build/ecl_config' returned '0': AMENT_PREFIX_PATH=/home/locobot/Documents/kobuki/install CMAKE_PREFIX_PATH=/home/locobot/Documents/kobuki/install LD_LIBRARY_PATH=/home/locobot/Documents/kobuki/install/lib PATH=/home/locobot/Documents/kobuki/install/bin:${PATH} PYTHONPATH=/home/locobot/Documents/kobuki/install/lib/python3.8/site-packages /usr/bin/cmake --install /home/locobot/Documents/kobuki/build/ecl_config
