[0.216s] Invoking command in '/home/locobot/Documents/kobuki/build/ament_cmake_flake8': AMENT_PREFIX_PATH=/home/locobot/Documents/kobuki/install CMAKE_PREFIX_PATH=/home/locobot/Documents/kobuki/install LD_LIBRARY_PATH=/home/locobot/Documents/kobuki/install/lib PATH=/home/locobot/Documents/kobuki/install/bin:${PATH} PYTHONPATH=/home/locobot/Documents/kobuki/install/lib/python3.8/site-packages /usr/bin/cmake /home/locobot/Documents/kobuki/src/ament_lint/ament_cmake_flake8 -DBUILD_TESTING=OFF -DCMAKE_BUILD_TYPE=RelWithDebInfo -DCMAKE_INSTALL_PREFIX=/home/locobot/Documents/kobuki/install
[0.239s] -- Found ament_cmake_core: 0.9.12 (/home/locobot/Documents/kobuki/install/share/ament_cmake_core/cmake)
[0.261s] -- Using PYTHON_EXECUTABLE: /usr/bin/python3
[0.542s] -- Found ament_cmake_test: 0.9.12 (/home/locobot/Documents/kobuki/install/share/ament_cmake_test/cmake)
[0.679s] -- Configuring done
[0.683s] -- Generating done
[0.684s] -- Build files have been written to: /home/locobot/Documents/kobuki/build/ament_cmake_flake8
[0.687s] Invoked command in '/home/locobot/Documents/kobuki/build/ament_cmake_flake8' returned '0': AMENT_PREFIX_PATH=/home/locobot/Documents/kobuki/install CMAKE_PREFIX_PATH=/home/locobot/Documents/kobuki/install LD_LIBRARY_PATH=/home/locobot/Documents/kobuki/install/lib PATH=/home/locobot/Documents/kobuki/install/bin:${PATH} PYTHONPATH=/home/locobot/Documents/kobuki/install/lib/python3.8/site-packages /usr/bin/cmake /home/locobot/Documents/kobuki/src/ament_lint/ament_cmake_flake8 -DBUILD_TESTING=OFF -DCMAKE_BUILD_TYPE=RelWithDebInfo -DCMAKE_INSTALL_PREFIX=/home/locobot/Documents/kobuki/install
[0.690s] Invoking command in '/home/locobot/Documents/kobuki/build/ament_cmake_flake8': AMENT_PREFIX_PATH=/home/locobot/Documents/kobuki/install CMAKE_PREFIX_PATH=/home/locobot/Documents/kobuki/install LD_LIBRARY_PATH=/home/locobot/Documents/kobuki/install/lib PATH=/home/locobot/Documents/kobuki/install/bin:${PATH} PYTHONPATH=/home/locobot/Documents/kobuki/install/lib/python3.8/site-packages /usr/bin/cmake --build /home/locobot/Documents/kobuki/build/ament_cmake_flake8 -- -j4 -l4
[0.747s] Invoked command in '/home/locobot/Documents/kobuki/build/ament_cmake_flake8' returned '0': AMENT_PREFIX_PATH=/home/locobot/Documents/kobuki/install CMAKE_PREFIX_PATH=/home/locobot/Documents/kobuki/install LD_LIBRARY_PATH=/home/locobot/Documents/kobuki/install/lib PATH=/home/locobot/Documents/kobuki/install/bin:${PATH} PYTHONPATH=/home/locobot/Documents/kobuki/install/lib/python3.8/site-packages /usr/bin/cmake --build /home/locobot/Documents/kobuki/build/ament_cmake_flake8 -- -j4 -l4
[0.749s] Invoking command in '/home/locobot/Documents/kobuki/build/ament_cmake_flake8': AMENT_PREFIX_PATH=/home/locobot/Documents/kobuki/install CMAKE_PREFIX_PATH=/home/locobot/Documents/kobuki/install LD_LIBRARY_PATH=/home/locobot/Documents/kobuki/install/lib PATH=/home/locobot/Documents/kobuki/install/bin:${PATH} PYTHONPATH=/home/locobot/Documents/kobuki/install/lib/python3.8/site-packages /usr/bin/cmake --install /home/locobot/Documents/kobuki/build/ament_cmake_flake8
[0.782s] -- Install configuration: "RelWithDebInfo"
[0.782s] -- Up-to-date: /home/locobot/Documents/kobuki/install/share/ament_index/resource_index/package_run_dependencies/ament_cmake_flake8
[0.782s] -- Up-to-date: /home/locobot/Documents/kobuki/install/share/ament_index/resource_index/parent_prefix_path/ament_cmake_flake8
[0.782s] -- Up-to-date: /home/locobot/Documents/kobuki/install/share/ament_cmake_flake8/environment/ament_prefix_path.sh
[0.783s] -- Installing: /home/locobot/Documents/kobuki/install/share/ament_cmake_flake8/environment/ament_prefix_path.dsv
[0.783s] -- Up-to-date: /home/locobot/Documents/kobuki/install/share/ament_cmake_flake8/environment/path.sh
[0.783s] -- Installing: /home/locobot/Documents/kobuki/install/share/ament_cmake_flake8/environment/path.dsv
[0.783s] -- Up-to-date: /home/locobot/Documents/kobuki/install/share/ament_cmake_flake8/local_setup.bash
[0.783s] -- Up-to-date: /home/locobot/Documents/kobuki/install/share/ament_cmake_flake8/local_setup.sh
[0.783s] -- Up-to-date: /home/locobot/Documents/kobuki/install/share/ament_cmake_flake8/local_setup.zsh
[0.783s] -- Installing: /home/locobot/Documents/kobuki/install/share/ament_cmake_flake8/local_setup.dsv
[0.783s] -- Installing: /home/locobot/Documents/kobuki/install/share/ament_cmake_flake8/package.dsv
[0.784s] -- Up-to-date: /home/locobot/Documents/kobuki/install/share/ament_index/resource_index/packages/ament_cmake_flake8
[0.784s] -- Up-to-date: /home/locobot/Documents/kobuki/install/share/ament_cmake_flake8/cmake/ament_cmake_flake8-extras.cmake
[0.784s] -- Up-to-date: /home/locobot/Documents/kobuki/install/share/ament_cmake_flake8/cmake/ament_cmake_flake8Config.cmake
[0.784s] -- Up-to-date: /home/locobot/Documents/kobuki/install/share/ament_cmake_flake8/cmake/ament_cmake_flake8Config-version.cmake
[0.784s] -- Up-to-date: /home/locobot/Documents/kobuki/install/share/ament_cmake_flake8/package.xml
[0.791s] -- Up-to-date: /home/locobot/Documents/kobuki/install/share/ament_cmake_flake8/cmake
[0.791s] -- Up-to-date: /home/locobot/Documents/kobuki/install/share/ament_cmake_flake8/cmake/ament_cmake_flake8_lint_hook.cmake
[0.791s] -- Up-to-date: /home/locobot/Documents/kobuki/install/share/ament_cmake_flake8/cmake/ament_flake8.cmake
[0.807s] Invoked command in '/home/locobot/Documents/kobuki/build/ament_cmake_flake8' returned '0': AMENT_PREFIX_PATH=/home/locobot/Documents/kobuki/install CMAKE_PREFIX_PATH=/home/locobot/Documents/kobuki/install LD_LIBRARY_PATH=/home/locobot/Documents/kobuki/install/lib PATH=/home/locobot/Documents/kobuki/install/bin:${PATH} PYTHONPATH=/home/locobot/Documents/kobuki/install/lib/python3.8/site-packages /usr/bin/cmake --install /home/locobot/Documents/kobuki/build/ament_cmake_flake8
