/usr/bin/cmake -S/home/locobot/Documents/kobuki/src/kobuki_core -B/home/locobot/Documents/kobuki/build/kobuki_core --check-build-system CMakeFiles/Makefile.cmake 0
Re-run cmake file: Makefile older than: /home/locobot/Documents/kobuki/install/share/ecl_mobile_robot/cmake/ecl_mobile_robotExport-noconfig.cmake
-- Found ament_cmake_ros: 0.9.2 (/home/locobot/Documents/kobuki/install/share/ament_cmake_ros/cmake)
-- Using PYTHON_EXECUTABLE: /usr/bin/python3
-- Found ecl_build: 1.0.3 (/home/locobot/Documents/kobuki/install/share/ecl_build/cmake)
-- Found ecl_command_line: 1.2.1 (/home/locobot/Documents/kobuki/install/share/ecl_command_line/cmake)
-- Found ecl_config: 1.1.0 (/home/locobot/Documents/kobuki/install/share/ecl_config/cmake)
-- Found ecl_console: 1.1.0 (/home/locobot/Documents/kobuki/install/share/ecl_console/cmake)
-- Found ecl_converters: 1.2.1 (/home/locobot/Documents/kobuki/install/share/ecl_converters/cmake)
-- Found ecl_devices: 1.2.1 (/home/locobot/Documents/kobuki/install/share/ecl_devices/cmake)
-- Found ecl_geometry: 1.2.1 (/home/locobot/Documents/kobuki/install/share/ecl_geometry/cmake)
-- Found ecl_mobile_robot: 1.2.1 (/home/locobot/Documents/kobuki/install/share/ecl_mobile_robot/cmake)
-- Found ecl_sigslots: 1.2.1 (/home/locobot/Documents/kobuki/install/share/ecl_sigslots/cmake)
-- Configuring done
-- Generating done
-- Build files have been written to: /home/locobot/Documents/kobuki/build/kobuki_core
/usr/bin/cmake -E cmake_progress_start /home/locobot/Documents/kobuki/build/kobuki_core/CMakeFiles /home/locobot/Documents/kobuki/build/kobuki_core/CMakeFiles/progress.marks
/usr/bin/make -f CMakeFiles/Makefile2 all
make[1]: Entering directory '/home/locobot/Documents/kobuki/build/kobuki_core'
/usr/bin/make -f src/driver/CMakeFiles/kobuki_core.dir/build.make src/driver/CMakeFiles/kobuki_core.dir/depend
make[2]: Entering directory '/home/locobot/Documents/kobuki/build/kobuki_core'
cd /home/locobot/Documents/kobuki/build/kobuki_core && /usr/bin/cmake -E cmake_depends "Unix Makefiles" /home/locobot/Documents/kobuki/src/kobuki_core /home/locobot/Documents/kobuki/src/kobuki_core/src/driver /home/locobot/Documents/kobuki/build/kobuki_core /home/locobot/Documents/kobuki/build/kobuki_core/src/driver /home/locobot/Documents/kobuki/build/kobuki_core/src/driver/CMakeFiles/kobuki_core.dir/DependInfo.cmake --color=
make[2]: Leaving directory '/home/locobot/Documents/kobuki/build/kobuki_core'
/usr/bin/make -f src/driver/CMakeFiles/kobuki_core.dir/build.make src/driver/CMakeFiles/kobuki_core.dir/build
make[2]: Entering directory '/home/locobot/Documents/kobuki/build/kobuki_core'
make[2]: Nothing to be done for 'src/driver/CMakeFiles/kobuki_core.dir/build'.
make[2]: Leaving directory '/home/locobot/Documents/kobuki/build/kobuki_core'
[ 43%] Built target kobuki_core
/usr/bin/make -f src/demos/CMakeFiles/kobuki_core_demo_custom_logging.dir/build.make src/demos/CMakeFiles/kobuki_core_demo_custom_logging.dir/depend
make[2]: Entering directory '/home/locobot/Documents/kobuki/build/kobuki_core'
cd /home/locobot/Documents/kobuki/build/kobuki_core && /usr/bin/cmake -E cmake_depends "Unix Makefiles" /home/locobot/Documents/kobuki/src/kobuki_core /home/locobot/Documents/kobuki/src/kobuki_core/src/demos /home/locobot/Documents/kobuki/build/kobuki_core /home/locobot/Documents/kobuki/build/kobuki_core/src/demos /home/locobot/Documents/kobuki/build/kobuki_core/src/demos/CMakeFiles/kobuki_core_demo_custom_logging.dir/DependInfo.cmake --color=
make[2]: Leaving directory '/home/locobot/Documents/kobuki/build/kobuki_core'
/usr/bin/make -f src/demos/CMakeFiles/kobuki_core_demo_custom_logging.dir/build.make src/demos/CMakeFiles/kobuki_core_demo_custom_logging.dir/build
make[2]: Entering directory '/home/locobot/Documents/kobuki/build/kobuki_core'
make[2]: Nothing to be done for 'src/demos/CMakeFiles/kobuki_core_demo_custom_logging.dir/build'.
make[2]: Leaving directory '/home/locobot/Documents/kobuki/build/kobuki_core'
[ 50%] Built target kobuki_core_demo_custom_logging
/usr/bin/make -f src/demos/CMakeFiles/kobuki_core_demo_data_stream.dir/build.make src/demos/CMakeFiles/kobuki_core_demo_data_stream.dir/depend
make[2]: Entering directory '/home/locobot/Documents/kobuki/build/kobuki_core'
cd /home/locobot/Documents/kobuki/build/kobuki_core && /usr/bin/cmake -E cmake_depends "Unix Makefiles" /home/locobot/Documents/kobuki/src/kobuki_core /home/locobot/Documents/kobuki/src/kobuki_core/src/demos /home/locobot/Documents/kobuki/build/kobuki_core /home/locobot/Documents/kobuki/build/kobuki_core/src/demos /home/locobot/Documents/kobuki/build/kobuki_core/src/demos/CMakeFiles/kobuki_core_demo_data_stream.dir/DependInfo.cmake --color=
make[2]: Leaving directory '/home/locobot/Documents/kobuki/build/kobuki_core'
/usr/bin/make -f src/demos/CMakeFiles/kobuki_core_demo_data_stream.dir/build.make src/demos/CMakeFiles/kobuki_core_demo_data_stream.dir/build
make[2]: Entering directory '/home/locobot/Documents/kobuki/build/kobuki_core'
make[2]: Nothing to be done for 'src/demos/CMakeFiles/kobuki_core_demo_data_stream.dir/build'.
make[2]: Leaving directory '/home/locobot/Documents/kobuki/build/kobuki_core'
[ 56%] Built target kobuki_core_demo_data_stream
/usr/bin/make -f src/demos/CMakeFiles/kobuki_core_demo_simple_loop.dir/build.make src/demos/CMakeFiles/kobuki_core_demo_simple_loop.dir/depend
make[2]: Entering directory '/home/locobot/Documents/kobuki/build/kobuki_core'
cd /home/locobot/Documents/kobuki/build/kobuki_core && /usr/bin/cmake -E cmake_depends "Unix Makefiles" /home/locobot/Documents/kobuki/src/kobuki_core /home/locobot/Documents/kobuki/src/kobuki_core/src/demos /home/locobot/Documents/kobuki/build/kobuki_core /home/locobot/Documents/kobuki/build/kobuki_core/src/demos /home/locobot/Documents/kobuki/build/kobuki_core/src/demos/CMakeFiles/kobuki_core_demo_simple_loop.dir/DependInfo.cmake --color=
make[2]: Leaving directory '/home/locobot/Documents/kobuki/build/kobuki_core'
/usr/bin/make -f src/demos/CMakeFiles/kobuki_core_demo_simple_loop.dir/build.make src/demos/CMakeFiles/kobuki_core_demo_simple_loop.dir/build
make[2]: Entering directory '/home/locobot/Documents/kobuki/build/kobuki_core'
make[2]: Nothing to be done for 'src/demos/CMakeFiles/kobuki_core_demo_simple_loop.dir/build'.
make[2]: Leaving directory '/home/locobot/Documents/kobuki/build/kobuki_core'
[ 62%] Built target kobuki_core_demo_simple_loop
/usr/bin/make -f src/demos/CMakeFiles/kobuki_core_demo_chirp.dir/build.make src/demos/CMakeFiles/kobuki_core_demo_chirp.dir/depend
make[2]: Entering directory '/home/locobot/Documents/kobuki/build/kobuki_core'
cd /home/locobot/Documents/kobuki/build/kobuki_core && /usr/bin/cmake -E cmake_depends "Unix Makefiles" /home/locobot/Documents/kobuki/src/kobuki_core /home/locobot/Documents/kobuki/src/kobuki_core/src/demos /home/locobot/Documents/kobuki/build/kobuki_core /home/locobot/Documents/kobuki/build/kobuki_core/src/demos /home/locobot/Documents/kobuki/build/kobuki_core/src/demos/CMakeFiles/kobuki_core_demo_chirp.dir/DependInfo.cmake --color=
make[2]: Leaving directory '/home/locobot/Documents/kobuki/build/kobuki_core'
/usr/bin/make -f src/demos/CMakeFiles/kobuki_core_demo_chirp.dir/build.make src/demos/CMakeFiles/kobuki_core_demo_chirp.dir/build
make[2]: Entering directory '/home/locobot/Documents/kobuki/build/kobuki_core'
make[2]: Nothing to be done for 'src/demos/CMakeFiles/kobuki_core_demo_chirp.dir/build'.
make[2]: Leaving directory '/home/locobot/Documents/kobuki/build/kobuki_core'
[ 68%] Built target kobuki_core_demo_chirp
/usr/bin/make -f src/demos/CMakeFiles/kobuki_core_demo_velocity_commands.dir/build.make src/demos/CMakeFiles/kobuki_core_demo_velocity_commands.dir/depend
make[2]: Entering directory '/home/locobot/Documents/kobuki/build/kobuki_core'
cd /home/locobot/Documents/kobuki/build/kobuki_core && /usr/bin/cmake -E cmake_depends "Unix Makefiles" /home/locobot/Documents/kobuki/src/kobuki_core /home/locobot/Documents/kobuki/src/kobuki_core/src/demos /home/locobot/Documents/kobuki/build/kobuki_core /home/locobot/Documents/kobuki/build/kobuki_core/src/demos /home/locobot/Documents/kobuki/build/kobuki_core/src/demos/CMakeFiles/kobuki_core_demo_velocity_commands.dir/DependInfo.cmake --color=
make[2]: Leaving directory '/home/locobot/Documents/kobuki/build/kobuki_core'
/usr/bin/make -f src/demos/CMakeFiles/kobuki_core_demo_velocity_commands.dir/build.make src/demos/CMakeFiles/kobuki_core_demo_velocity_commands.dir/build
make[2]: Entering directory '/home/locobot/Documents/kobuki/build/kobuki_core'
make[2]: Nothing to be done for 'src/demos/CMakeFiles/kobuki_core_demo_velocity_commands.dir/build'.
make[2]: Leaving directory '/home/locobot/Documents/kobuki/build/kobuki_core'
[ 75%] Built target kobuki_core_demo_velocity_commands
/usr/bin/make -f src/tools/CMakeFiles/kobuki_core_tool_simple_keyop.dir/build.make src/tools/CMakeFiles/kobuki_core_tool_simple_keyop.dir/depend
make[2]: Entering directory '/home/locobot/Documents/kobuki/build/kobuki_core'
cd /home/locobot/Documents/kobuki/build/kobuki_core && /usr/bin/cmake -E cmake_depends "Unix Makefiles" /home/locobot/Documents/kobuki/src/kobuki_core /home/locobot/Documents/kobuki/src/kobuki_core/src/tools /home/locobot/Documents/kobuki/build/kobuki_core /home/locobot/Documents/kobuki/build/kobuki_core/src/tools /home/locobot/Documents/kobuki/build/kobuki_core/src/tools/CMakeFiles/kobuki_core_tool_simple_keyop.dir/DependInfo.cmake --color=
make[2]: Leaving directory '/home/locobot/Documents/kobuki/build/kobuki_core'
/usr/bin/make -f src/tools/CMakeFiles/kobuki_core_tool_simple_keyop.dir/build.make src/tools/CMakeFiles/kobuki_core_tool_simple_keyop.dir/build
make[2]: Entering directory '/home/locobot/Documents/kobuki/build/kobuki_core'
make[2]: Nothing to be done for 'src/tools/CMakeFiles/kobuki_core_tool_simple_keyop.dir/build'.
make[2]: Leaving directory '/home/locobot/Documents/kobuki/build/kobuki_core'
[ 81%] Built target kobuki_core_tool_simple_keyop
/usr/bin/make -f src/tools/CMakeFiles/kobuki_core_tool_version_info.dir/build.make src/tools/CMakeFiles/kobuki_core_tool_version_info.dir/depend
make[2]: Entering directory '/home/locobot/Documents/kobuki/build/kobuki_core'
cd /home/locobot/Documents/kobuki/build/kobuki_core && /usr/bin/cmake -E cmake_depends "Unix Makefiles" /home/locobot/Documents/kobuki/src/kobuki_core /home/locobot/Documents/kobuki/src/kobuki_core/src/tools /home/locobot/Documents/kobuki/build/kobuki_core /home/locobot/Documents/kobuki/build/kobuki_core/src/tools /home/locobot/Documents/kobuki/build/kobuki_core/src/tools/CMakeFiles/kobuki_core_tool_version_info.dir/DependInfo.cmake --color=
make[2]: Leaving directory '/home/locobot/Documents/kobuki/build/kobuki_core'
/usr/bin/make -f src/tools/CMakeFiles/kobuki_core_tool_version_info.dir/build.make src/tools/CMakeFiles/kobuki_core_tool_version_info.dir/build
make[2]: Entering directory '/home/locobot/Documents/kobuki/build/kobuki_core'
make[2]: Nothing to be done for 'src/tools/CMakeFiles/kobuki_core_tool_version_info.dir/build'.
make[2]: Leaving directory '/home/locobot/Documents/kobuki/build/kobuki_core'
[ 87%] Built target kobuki_core_tool_version_info
/usr/bin/make -f src/demos/CMakeFiles/kobuki_core_demo_buttons.dir/build.make src/demos/CMakeFiles/kobuki_core_demo_buttons.dir/depend
make[2]: Entering directory '/home/locobot/Documents/kobuki/build/kobuki_core'
cd /home/locobot/Documents/kobuki/build/kobuki_core && /usr/bin/cmake -E cmake_depends "Unix Makefiles" /home/locobot/Documents/kobuki/src/kobuki_core /home/locobot/Documents/kobuki/src/kobuki_core/src/demos /home/locobot/Documents/kobuki/build/kobuki_core /home/locobot/Documents/kobuki/build/kobuki_core/src/demos /home/locobot/Documents/kobuki/build/kobuki_core/src/demos/CMakeFiles/kobuki_core_demo_buttons.dir/DependInfo.cmake --color=
make[2]: Leaving directory '/home/locobot/Documents/kobuki/build/kobuki_core'
/usr/bin/make -f src/demos/CMakeFiles/kobuki_core_demo_buttons.dir/build.make src/demos/CMakeFiles/kobuki_core_demo_buttons.dir/build
make[2]: Entering directory '/home/locobot/Documents/kobuki/build/kobuki_core'
make[2]: Nothing to be done for 'src/demos/CMakeFiles/kobuki_core_demo_buttons.dir/build'.
make[2]: Leaving directory '/home/locobot/Documents/kobuki/build/kobuki_core'
[ 93%] Built target kobuki_core_demo_buttons
/usr/bin/make -f src/demos/CMakeFiles/kobuki_core_demo_raw_data_stream.dir/build.make src/demos/CMakeFiles/kobuki_core_demo_raw_data_stream.dir/depend
make[2]: Entering directory '/home/locobot/Documents/kobuki/build/kobuki_core'
cd /home/locobot/Documents/kobuki/build/kobuki_core && /usr/bin/cmake -E cmake_depends "Unix Makefiles" /home/locobot/Documents/kobuki/src/kobuki_core /home/locobot/Documents/kobuki/src/kobuki_core/src/demos /home/locobot/Documents/kobuki/build/kobuki_core /home/locobot/Documents/kobuki/build/kobuki_core/src/demos /home/locobot/Documents/kobuki/build/kobuki_core/src/demos/CMakeFiles/kobuki_core_demo_raw_data_stream.dir/DependInfo.cmake --color=
make[2]: Leaving directory '/home/locobot/Documents/kobuki/build/kobuki_core'
/usr/bin/make -f src/demos/CMakeFiles/kobuki_core_demo_raw_data_stream.dir/build.make src/demos/CMakeFiles/kobuki_core_demo_raw_data_stream.dir/build
make[2]: Entering directory '/home/locobot/Documents/kobuki/build/kobuki_core'
make[2]: Nothing to be done for 'src/demos/CMakeFiles/kobuki_core_demo_raw_data_stream.dir/build'.
make[2]: Leaving directory '/home/locobot/Documents/kobuki/build/kobuki_core'
[100%] Built target kobuki_core_demo_raw_data_stream
make[1]: Leaving directory '/home/locobot/Documents/kobuki/build/kobuki_core'
/usr/bin/cmake -E cmake_progress_start /home/locobot/Documents/kobuki/build/kobuki_core/CMakeFiles 0
-- Install configuration: ""
-- Up-to-date: /home/locobot/Documents/kobuki/install/include
-- Up-to-date: /home/locobot/Documents/kobuki/install/include/kobuki_core
-- Up-to-date: /home/locobot/Documents/kobuki/install/include/kobuki_core/logging.hpp
-- Up-to-date: /home/locobot/Documents/kobuki/install/include/kobuki_core/version_info.hpp
-- Up-to-date: /home/locobot/Documents/kobuki/install/include/kobuki_core/packets
-- Up-to-date: /home/locobot/Documents/kobuki/install/include/kobuki_core/packets/unique_device_id.hpp
-- Up-to-date: /home/locobot/Documents/kobuki/install/include/kobuki_core/packets/core_sensors.hpp
-- Up-to-date: /home/locobot/Documents/kobuki/install/include/kobuki_core/packets/three_axis_gyro.hpp
-- Up-to-date: /home/locobot/Documents/kobuki/install/include/kobuki_core/packets/cliff.hpp
-- Up-to-date: /home/locobot/Documents/kobuki/install/include/kobuki_core/packets/eeprom.hpp
-- Up-to-date: /home/locobot/Documents/kobuki/install/include/kobuki_core/packets/inertia.hpp
-- Up-to-date: /home/locobot/Documents/kobuki/install/include/kobuki_core/packets/hardware.hpp
-- Up-to-date: /home/locobot/Documents/kobuki/install/include/kobuki_core/packets/controller_info.hpp
-- Up-to-date: /home/locobot/Documents/kobuki/install/include/kobuki_core/packets/current.hpp
-- Up-to-date: /home/locobot/Documents/kobuki/install/include/kobuki_core/packets/gp_input.hpp
-- Up-to-date: /home/locobot/Documents/kobuki/install/include/kobuki_core/packets/firmware.hpp
-- Up-to-date: /home/locobot/Documents/kobuki/install/include/kobuki_core/packets/dock_ir.hpp
-- Up-to-date: /home/locobot/Documents/kobuki/install/include/kobuki_core/packet_handler
-- Up-to-date: /home/locobot/Documents/kobuki/install/include/kobuki_core/packet_handler/payload_base.hpp
-- Up-to-date: /home/locobot/Documents/kobuki/install/include/kobuki_core/packet_handler/packet_finder.hpp
-- Up-to-date: /home/locobot/Documents/kobuki/install/include/kobuki_core/packet_handler/payload_headers.hpp
-- Up-to-date: /home/locobot/Documents/kobuki/install/include/kobuki_core/command.hpp
-- Up-to-date: /home/locobot/Documents/kobuki/install/include/kobuki_core/macros.hpp
-- Up-to-date: /home/locobot/Documents/kobuki/install/include/kobuki_core/event_manager.hpp
-- Up-to-date: /home/locobot/Documents/kobuki/install/include/kobuki_core/kobuki.hpp
-- Up-to-date: /home/locobot/Documents/kobuki/install/include/kobuki_core/modules
-- Up-to-date: /home/locobot/Documents/kobuki/install/include/kobuki_core/modules/diff_drive.hpp
-- Up-to-date: /home/locobot/Documents/kobuki/install/include/kobuki_core/modules/digital_output.hpp
-- Up-to-date: /home/locobot/Documents/kobuki/install/include/kobuki_core/modules/acceleration_limiter.hpp
-- Up-to-date: /home/locobot/Documents/kobuki/install/include/kobuki_core/modules/battery.hpp
-- Up-to-date: /home/locobot/Documents/kobuki/install/include/kobuki_core/modules/led_array.hpp
-- Up-to-date: /home/locobot/Documents/kobuki/install/include/kobuki_core/modules/sound.hpp
-- Up-to-date: /home/locobot/Documents/kobuki/install/include/kobuki_core/modules.hpp
-- Up-to-date: /home/locobot/Documents/kobuki/install/include/kobuki_core/packets.hpp
-- Up-to-date: /home/locobot/Documents/kobuki/install/include/kobuki_core/dock_drive.hpp
-- Up-to-date: /home/locobot/Documents/kobuki/install/include/kobuki_core/parameters.hpp
-- Up-to-date: /home/locobot/Documents/kobuki/install/include/CMakeLists.txt
-- Up-to-date: /home/locobot/Documents/kobuki/install/share/kobuki_core/environment/library_path.sh
-- Installing: /home/locobot/Documents/kobuki/install/share/kobuki_core/environment/library_path.dsv
-- Up-to-date: /home/locobot/Documents/kobuki/install/share/ament_index/resource_index/package_run_dependencies/kobuki_core
-- Up-to-date: /home/locobot/Documents/kobuki/install/share/ament_index/resource_index/parent_prefix_path/kobuki_core
-- Up-to-date: /home/locobot/Documents/kobuki/install/share/kobuki_core/environment/ament_prefix_path.sh
-- Installing: /home/locobot/Documents/kobuki/install/share/kobuki_core/environment/ament_prefix_path.dsv
-- Up-to-date: /home/locobot/Documents/kobuki/install/share/kobuki_core/environment/path.sh
-- Installing: /home/locobot/Documents/kobuki/install/share/kobuki_core/environment/path.dsv
-- Up-to-date: /home/locobot/Documents/kobuki/install/share/kobuki_core/local_setup.bash
-- Up-to-date: /home/locobot/Documents/kobuki/install/share/kobuki_core/local_setup.sh
-- Up-to-date: /home/locobot/Documents/kobuki/install/share/kobuki_core/local_setup.zsh
-- Installing: /home/locobot/Documents/kobuki/install/share/kobuki_core/local_setup.dsv
-- Installing: /home/locobot/Documents/kobuki/install/share/kobuki_core/package.dsv
-- Up-to-date: /home/locobot/Documents/kobuki/install/share/ament_index/resource_index/packages/kobuki_core
-- Up-to-date: /home/locobot/Documents/kobuki/install/share/kobuki_core/cmake/kobuki_coreExport.cmake
-- Installing: /home/locobot/Documents/kobuki/install/share/kobuki_core/cmake/kobuki_coreExport-noconfig.cmake
-- Up-to-date: /home/locobot/Documents/kobuki/install/share/kobuki_core/cmake/ament_cmake_export_targets-extras.cmake
-- Up-to-date: /home/locobot/Documents/kobuki/install/share/kobuki_core/cmake/ament_cmake_export_dependencies-extras.cmake
-- Up-to-date: /home/locobot/Documents/kobuki/install/share/kobuki_core/cmake/ament_cmake_export_include_directories-extras.cmake
-- Up-to-date: /home/locobot/Documents/kobuki/install/share/kobuki_core/cmake/ament_cmake_export_libraries-extras.cmake
-- Up-to-date: /home/locobot/Documents/kobuki/install/share/kobuki_core/cmake/kobuki_coreConfig.cmake
-- Up-to-date: /home/locobot/Documents/kobuki/install/share/kobuki_core/cmake/kobuki_coreConfig-version.cmake
-- Up-to-date: /home/locobot/Documents/kobuki/install/share/kobuki_core/package.xml
-- Up-to-date: /home/locobot/Documents/kobuki/install/include/kobuki_core
-- Up-to-date: /home/locobot/Documents/kobuki/install/include/kobuki_core/logging.hpp
-- Up-to-date: /home/locobot/Documents/kobuki/install/include/kobuki_core/version_info.hpp
-- Up-to-date: /home/locobot/Documents/kobuki/install/include/kobuki_core/packets
-- Up-to-date: /home/locobot/Documents/kobuki/install/include/kobuki_core/packets/unique_device_id.hpp
-- Up-to-date: /home/locobot/Documents/kobuki/install/include/kobuki_core/packets/core_sensors.hpp
-- Up-to-date: /home/locobot/Documents/kobuki/install/include/kobuki_core/packets/three_axis_gyro.hpp
-- Up-to-date: /home/locobot/Documents/kobuki/install/include/kobuki_core/packets/cliff.hpp
-- Up-to-date: /home/locobot/Documents/kobuki/install/include/kobuki_core/packets/eeprom.hpp
-- Up-to-date: /home/locobot/Documents/kobuki/install/include/kobuki_core/packets/inertia.hpp
-- Up-to-date: /home/locobot/Documents/kobuki/install/include/kobuki_core/packets/hardware.hpp
-- Up-to-date: /home/locobot/Documents/kobuki/install/include/kobuki_core/packets/controller_info.hpp
-- Up-to-date: /home/locobot/Documents/kobuki/install/include/kobuki_core/packets/current.hpp
-- Up-to-date: /home/locobot/Documents/kobuki/install/include/kobuki_core/packets/gp_input.hpp
-- Up-to-date: /home/locobot/Documents/kobuki/install/include/kobuki_core/packets/firmware.hpp
-- Up-to-date: /home/locobot/Documents/kobuki/install/include/kobuki_core/packets/dock_ir.hpp
-- Up-to-date: /home/locobot/Documents/kobuki/install/include/kobuki_core/packet_handler
-- Up-to-date: /home/locobot/Documents/kobuki/install/include/kobuki_core/packet_handler/payload_base.hpp
-- Up-to-date: /home/locobot/Documents/kobuki/install/include/kobuki_core/packet_handler/packet_finder.hpp
-- Up-to-date: /home/locobot/Documents/kobuki/install/include/kobuki_core/packet_handler/payload_headers.hpp
-- Up-to-date: /home/locobot/Documents/kobuki/install/include/kobuki_core/command.hpp
-- Up-to-date: /home/locobot/Documents/kobuki/install/include/kobuki_core/macros.hpp
-- Up-to-date: /home/locobot/Documents/kobuki/install/include/kobuki_core/event_manager.hpp
-- Up-to-date: /home/locobot/Documents/kobuki/install/include/kobuki_core/kobuki.hpp
-- Up-to-date: /home/locobot/Documents/kobuki/install/include/kobuki_core/modules
-- Up-to-date: /home/locobot/Documents/kobuki/install/include/kobuki_core/modules/diff_drive.hpp
-- Up-to-date: /home/locobot/Documents/kobuki/install/include/kobuki_core/modules/digital_output.hpp
-- Up-to-date: /home/locobot/Documents/kobuki/install/include/kobuki_core/modules/acceleration_limiter.hpp
-- Up-to-date: /home/locobot/Documents/kobuki/install/include/kobuki_core/modules/battery.hpp
-- Up-to-date: /home/locobot/Documents/kobuki/install/include/kobuki_core/modules/led_array.hpp
-- Up-to-date: /home/locobot/Documents/kobuki/install/include/kobuki_core/modules/sound.hpp
-- Up-to-date: /home/locobot/Documents/kobuki/install/include/kobuki_core/modules.hpp
-- Up-to-date: /home/locobot/Documents/kobuki/install/include/kobuki_core/packets.hpp
-- Up-to-date: /home/locobot/Documents/kobuki/install/include/kobuki_core/dock_drive.hpp
-- Up-to-date: /home/locobot/Documents/kobuki/install/include/kobuki_core/parameters.hpp
-- Up-to-date: /home/locobot/Documents/kobuki/install/lib/libkobuki_core.so.1.3.1
-- Up-to-date: /home/locobot/Documents/kobuki/install/lib/libkobuki_core.so
-- Up-to-date: /home/locobot/Documents/kobuki/install/lib/kobuki_core/demo_chirp
-- Up-to-date: /home/locobot/Documents/kobuki/install/lib/kobuki_core/demo_custom_logging
-- Up-to-date: /home/locobot/Documents/kobuki/install/lib/kobuki_core/demo_buttons
-- Up-to-date: /home/locobot/Documents/kobuki/install/lib/kobuki_core/demo_raw_data_stream
-- Up-to-date: /home/locobot/Documents/kobuki/install/lib/kobuki_core/demo_data_stream
-- Up-to-date: /home/locobot/Documents/kobuki/install/lib/kobuki_core/demo_velocity_commands
-- Up-to-date: /home/locobot/Documents/kobuki/install/lib/kobuki_core/demo_simple_loop
-- Up-to-date: /home/locobot/Documents/kobuki/install/bin/kobuki-version-info
-- Up-to-date: /home/locobot/Documents/kobuki/install/bin/kobuki-simple-keyop
