[0.499s] Invoking command in '/home/locobot/Documents/kobuki/build/kobuki_core': AMENT_PREFIX_PATH=/home/locobot/Documents/kobuki/install CMAKE_PREFIX_PATH=/home/locobot/Documents/kobuki/install LD_LIBRARY_PATH=/home/locobot/Documents/kobuki/install/lib PATH=/home/locobot/Documents/kobuki/install/bin:${PATH} PKG_CONFIG_PATH=/home/locobot/Documents/kobuki/install/lib/x86_64-linux-gnu/pkgconfig:/home/locobot/Documents/kobuki/install/lib/pkgconfig PYTHONPATH=/home/locobot/Documents/kobuki/install/lib/python3.8/site-packages /usr/bin/cmake --build /home/locobot/Documents/kobuki/build/kobuki_core -- -j4 -l4
[0.538s] /usr/bin/cmake -S/home/locobot/Documents/kobuki/src/kobuki_core -B/home/locobot/Documents/kobuki/build/kobuki_core --check-build-system CMakeFiles/Makefile.cmake 0
[0.547s] Re-run cmake file: Makefile older than: /home/locobot/Documents/kobuki/install/share/ecl_mobile_robot/cmake/ecl_mobile_robotExport-noconfig.cmake
[0.559s] -- Found ament_cmake_ros: 0.9.2 (/home/locobot/Documents/kobuki/install/share/ament_cmake_ros/cmake)
[0.588s] -- Using PYTHON_EXECUTABLE: /usr/bin/python3
[0.810s] -- Found ecl_build: 1.0.3 (/home/locobot/Documents/kobuki/install/share/ecl_build/cmake)
[0.835s] -- Found ecl_command_line: 1.2.1 (/home/locobot/Documents/kobuki/install/share/ecl_command_line/cmake)
[0.835s] -- Found ecl_config: 1.1.0 (/home/locobot/Documents/kobuki/install/share/ecl_config/cmake)
[0.835s] -- Found ecl_console: 1.1.0 (/home/locobot/Documents/kobuki/install/share/ecl_console/cmake)
[0.835s] -- Found ecl_converters: 1.2.1 (/home/locobot/Documents/kobuki/install/share/ecl_converters/cmake)
[0.872s] -- Found ecl_devices: 1.2.1 (/home/locobot/Documents/kobuki/install/share/ecl_devices/cmake)
[0.924s] -- Found ecl_geometry: 1.2.1 (/home/locobot/Documents/kobuki/install/share/ecl_geometry/cmake)
[0.953s] -- Found ecl_mobile_robot: 1.2.1 (/home/locobot/Documents/kobuki/install/share/ecl_mobile_robot/cmake)
[0.962s] -- Found ecl_sigslots: 1.2.1 (/home/locobot/Documents/kobuki/install/share/ecl_sigslots/cmake)
[1.127s] -- Configuring done
[1.218s] -- Generating done
[1.247s] -- Build files have been written to: /home/locobot/Documents/kobuki/build/kobuki_core
[1.253s] /usr/bin/cmake -E cmake_progress_start /home/locobot/Documents/kobuki/build/kobuki_core/CMakeFiles /home/locobot/Documents/kobuki/build/kobuki_core/CMakeFiles/progress.marks
[1.266s] /usr/bin/make -f CMakeFiles/Makefile2 all
[1.268s] make[1]: Entering directory '/home/locobot/Documents/kobuki/build/kobuki_core'
[1.268s] /usr/bin/make -f src/driver/CMakeFiles/kobuki_core.dir/build.make src/driver/CMakeFiles/kobuki_core.dir/depend
[1.290s] make[2]: Entering directory '/home/locobot/Documents/kobuki/build/kobuki_core'
[1.290s] cd /home/locobot/Documents/kobuki/build/kobuki_core && /usr/bin/cmake -E cmake_depends "Unix Makefiles" /home/locobot/Documents/kobuki/src/kobuki_core /home/locobot/Documents/kobuki/src/kobuki_core/src/driver /home/locobot/Documents/kobuki/build/kobuki_core /home/locobot/Documents/kobuki/build/kobuki_core/src/driver /home/locobot/Documents/kobuki/build/kobuki_core/src/driver/CMakeFiles/kobuki_core.dir/DependInfo.cmake --color=
[1.300s] make[2]: Leaving directory '/home/locobot/Documents/kobuki/build/kobuki_core'
[1.300s] /usr/bin/make -f src/driver/CMakeFiles/kobuki_core.dir/build.make src/driver/CMakeFiles/kobuki_core.dir/build
[1.327s] make[2]: Entering directory '/home/locobot/Documents/kobuki/build/kobuki_core'
[1.327s] make[2]: Nothing to be done for 'src/driver/CMakeFiles/kobuki_core.dir/build'.
[1.327s] make[2]: Leaving directory '/home/locobot/Documents/kobuki/build/kobuki_core'
[1.342s] [ 43%] Built target kobuki_core
[1.343s] /usr/bin/make -f src/demos/CMakeFiles/kobuki_core_demo_custom_logging.dir/build.make src/demos/CMakeFiles/kobuki_core_demo_custom_logging.dir/depend
[1.347s] make[2]: Entering directory '/home/locobot/Documents/kobuki/build/kobuki_core'
[1.347s] cd /home/locobot/Documents/kobuki/build/kobuki_core && /usr/bin/cmake -E cmake_depends "Unix Makefiles" /home/locobot/Documents/kobuki/src/kobuki_core /home/locobot/Documents/kobuki/src/kobuki_core/src/demos /home/locobot/Documents/kobuki/build/kobuki_core /home/locobot/Documents/kobuki/build/kobuki_core/src/demos /home/locobot/Documents/kobuki/build/kobuki_core/src/demos/CMakeFiles/kobuki_core_demo_custom_logging.dir/DependInfo.cmake --color=
[1.358s] make[2]: Leaving directory '/home/locobot/Documents/kobuki/build/kobuki_core'
[1.359s] /usr/bin/make -f src/demos/CMakeFiles/kobuki_core_demo_custom_logging.dir/build.make src/demos/CMakeFiles/kobuki_core_demo_custom_logging.dir/build
[1.368s] make[2]: Entering directory '/home/locobot/Documents/kobuki/build/kobuki_core'
[1.369s] make[2]: Nothing to be done for 'src/demos/CMakeFiles/kobuki_core_demo_custom_logging.dir/build'.
[1.369s] make[2]: Leaving directory '/home/locobot/Documents/kobuki/build/kobuki_core'
[1.379s] [ 50%] Built target kobuki_core_demo_custom_logging
[1.380s] /usr/bin/make -f src/demos/CMakeFiles/kobuki_core_demo_data_stream.dir/build.make src/demos/CMakeFiles/kobuki_core_demo_data_stream.dir/depend
[1.385s] make[2]: Entering directory '/home/locobot/Documents/kobuki/build/kobuki_core'
[1.385s] cd /home/locobot/Documents/kobuki/build/kobuki_core && /usr/bin/cmake -E cmake_depends "Unix Makefiles" /home/locobot/Documents/kobuki/src/kobuki_core /home/locobot/Documents/kobuki/src/kobuki_core/src/demos /home/locobot/Documents/kobuki/build/kobuki_core /home/locobot/Documents/kobuki/build/kobuki_core/src/demos /home/locobot/Documents/kobuki/build/kobuki_core/src/demos/CMakeFiles/kobuki_core_demo_data_stream.dir/DependInfo.cmake --color=
[1.398s] make[2]: Leaving directory '/home/locobot/Documents/kobuki/build/kobuki_core'
[1.398s] /usr/bin/make -f src/demos/CMakeFiles/kobuki_core_demo_data_stream.dir/build.make src/demos/CMakeFiles/kobuki_core_demo_data_stream.dir/build
[1.411s] make[2]: Entering directory '/home/locobot/Documents/kobuki/build/kobuki_core'
[1.411s] make[2]: Nothing to be done for 'src/demos/CMakeFiles/kobuki_core_demo_data_stream.dir/build'.
[1.411s] make[2]: Leaving directory '/home/locobot/Documents/kobuki/build/kobuki_core'
[1.422s] [ 56%] Built target kobuki_core_demo_data_stream
[1.429s] /usr/bin/make -f src/demos/CMakeFiles/kobuki_core_demo_simple_loop.dir/build.make src/demos/CMakeFiles/kobuki_core_demo_simple_loop.dir/depend
[1.429s] make[2]: Entering directory '/home/locobot/Documents/kobuki/build/kobuki_core'
[1.430s] cd /home/locobot/Documents/kobuki/build/kobuki_core && /usr/bin/cmake -E cmake_depends "Unix Makefiles" /home/locobot/Documents/kobuki/src/kobuki_core /home/locobot/Documents/kobuki/src/kobuki_core/src/demos /home/locobot/Documents/kobuki/build/kobuki_core /home/locobot/Documents/kobuki/build/kobuki_core/src/demos /home/locobot/Documents/kobuki/build/kobuki_core/src/demos/CMakeFiles/kobuki_core_demo_simple_loop.dir/DependInfo.cmake --color=
[1.443s] make[2]: Leaving directory '/home/locobot/Documents/kobuki/build/kobuki_core'
[1.444s] /usr/bin/make -f src/demos/CMakeFiles/kobuki_core_demo_simple_loop.dir/build.make src/demos/CMakeFiles/kobuki_core_demo_simple_loop.dir/build
[1.454s] make[2]: Entering directory '/home/locobot/Documents/kobuki/build/kobuki_core'
[1.455s] make[2]: Nothing to be done for 'src/demos/CMakeFiles/kobuki_core_demo_simple_loop.dir/build'.
[1.455s] make[2]: Leaving directory '/home/locobot/Documents/kobuki/build/kobuki_core'
[1.465s] [ 62%] Built target kobuki_core_demo_simple_loop
[1.466s] /usr/bin/make -f src/demos/CMakeFiles/kobuki_core_demo_chirp.dir/build.make src/demos/CMakeFiles/kobuki_core_demo_chirp.dir/depend
[1.471s] make[2]: Entering directory '/home/locobot/Documents/kobuki/build/kobuki_core'
[1.472s] cd /home/locobot/Documents/kobuki/build/kobuki_core && /usr/bin/cmake -E cmake_depends "Unix Makefiles" /home/locobot/Documents/kobuki/src/kobuki_core /home/locobot/Documents/kobuki/src/kobuki_core/src/demos /home/locobot/Documents/kobuki/build/kobuki_core /home/locobot/Documents/kobuki/build/kobuki_core/src/demos /home/locobot/Documents/kobuki/build/kobuki_core/src/demos/CMakeFiles/kobuki_core_demo_chirp.dir/DependInfo.cmake --color=
[1.492s] make[2]: Leaving directory '/home/locobot/Documents/kobuki/build/kobuki_core'
[1.493s] /usr/bin/make -f src/demos/CMakeFiles/kobuki_core_demo_chirp.dir/build.make src/demos/CMakeFiles/kobuki_core_demo_chirp.dir/build
[1.510s] make[2]: Entering directory '/home/locobot/Documents/kobuki/build/kobuki_core'
[1.510s] make[2]: Nothing to be done for 'src/demos/CMakeFiles/kobuki_core_demo_chirp.dir/build'.
[1.510s] make[2]: Leaving directory '/home/locobot/Documents/kobuki/build/kobuki_core'
[1.518s] [ 68%] Built target kobuki_core_demo_chirp
[1.520s] /usr/bin/make -f src/demos/CMakeFiles/kobuki_core_demo_velocity_commands.dir/build.make src/demos/CMakeFiles/kobuki_core_demo_velocity_commands.dir/depend
[1.522s] make[2]: Entering directory '/home/locobot/Documents/kobuki/build/kobuki_core'
[1.522s] cd /home/locobot/Documents/kobuki/build/kobuki_core && /usr/bin/cmake -E cmake_depends "Unix Makefiles" /home/locobot/Documents/kobuki/src/kobuki_core /home/locobot/Documents/kobuki/src/kobuki_core/src/demos /home/locobot/Documents/kobuki/build/kobuki_core /home/locobot/Documents/kobuki/build/kobuki_core/src/demos /home/locobot/Documents/kobuki/build/kobuki_core/src/demos/CMakeFiles/kobuki_core_demo_velocity_commands.dir/DependInfo.cmake --color=
[1.534s] make[2]: Leaving directory '/home/locobot/Documents/kobuki/build/kobuki_core'
[1.535s] /usr/bin/make -f src/demos/CMakeFiles/kobuki_core_demo_velocity_commands.dir/build.make src/demos/CMakeFiles/kobuki_core_demo_velocity_commands.dir/build
[1.536s] make[2]: Entering directory '/home/locobot/Documents/kobuki/build/kobuki_core'
[1.537s] make[2]: Nothing to be done for 'src/demos/CMakeFiles/kobuki_core_demo_velocity_commands.dir/build'.
[1.538s] make[2]: Leaving directory '/home/locobot/Documents/kobuki/build/kobuki_core'
[1.545s] [ 75%] Built target kobuki_core_demo_velocity_commands
[1.547s] /usr/bin/make -f src/tools/CMakeFiles/kobuki_core_tool_simple_keyop.dir/build.make src/tools/CMakeFiles/kobuki_core_tool_simple_keyop.dir/depend
[1.550s] make[2]: Entering directory '/home/locobot/Documents/kobuki/build/kobuki_core'
[1.552s] cd /home/locobot/Documents/kobuki/build/kobuki_core && /usr/bin/cmake -E cmake_depends "Unix Makefiles" /home/locobot/Documents/kobuki/src/kobuki_core /home/locobot/Documents/kobuki/src/kobuki_core/src/tools /home/locobot/Documents/kobuki/build/kobuki_core /home/locobot/Documents/kobuki/build/kobuki_core/src/tools /home/locobot/Documents/kobuki/build/kobuki_core/src/tools/CMakeFiles/kobuki_core_tool_simple_keyop.dir/DependInfo.cmake --color=
[1.579s] make[2]: Leaving directory '/home/locobot/Documents/kobuki/build/kobuki_core'
[1.579s] /usr/bin/make -f src/tools/CMakeFiles/kobuki_core_tool_simple_keyop.dir/build.make src/tools/CMakeFiles/kobuki_core_tool_simple_keyop.dir/build
[1.579s] make[2]: Entering directory '/home/locobot/Documents/kobuki/build/kobuki_core'
[1.579s] make[2]: Nothing to be done for 'src/tools/CMakeFiles/kobuki_core_tool_simple_keyop.dir/build'.
[1.580s] make[2]: Leaving directory '/home/locobot/Documents/kobuki/build/kobuki_core'
[1.590s] [ 81%] Built target kobuki_core_tool_simple_keyop
[1.590s] /usr/bin/make -f src/tools/CMakeFiles/kobuki_core_tool_version_info.dir/build.make src/tools/CMakeFiles/kobuki_core_tool_version_info.dir/depend
[1.596s] make[2]: Entering directory '/home/locobot/Documents/kobuki/build/kobuki_core'
[1.596s] cd /home/locobot/Documents/kobuki/build/kobuki_core && /usr/bin/cmake -E cmake_depends "Unix Makefiles" /home/locobot/Documents/kobuki/src/kobuki_core /home/locobot/Documents/kobuki/src/kobuki_core/src/tools /home/locobot/Documents/kobuki/build/kobuki_core /home/locobot/Documents/kobuki/build/kobuki_core/src/tools /home/locobot/Documents/kobuki/build/kobuki_core/src/tools/CMakeFiles/kobuki_core_tool_version_info.dir/DependInfo.cmake --color=
[1.607s] make[2]: Leaving directory '/home/locobot/Documents/kobuki/build/kobuki_core'
[1.608s] /usr/bin/make -f src/tools/CMakeFiles/kobuki_core_tool_version_info.dir/build.make src/tools/CMakeFiles/kobuki_core_tool_version_info.dir/build
[1.618s] make[2]: Entering directory '/home/locobot/Documents/kobuki/build/kobuki_core'
[1.619s] make[2]: Nothing to be done for 'src/tools/CMakeFiles/kobuki_core_tool_version_info.dir/build'.
[1.619s] make[2]: Leaving directory '/home/locobot/Documents/kobuki/build/kobuki_core'
[1.629s] [ 87%] Built target kobuki_core_tool_version_info
[1.631s] /usr/bin/make -f src/demos/CMakeFiles/kobuki_core_demo_buttons.dir/build.make src/demos/CMakeFiles/kobuki_core_demo_buttons.dir/depend
[1.634s] make[2]: Entering directory '/home/locobot/Documents/kobuki/build/kobuki_core'
[1.634s] cd /home/locobot/Documents/kobuki/build/kobuki_core && /usr/bin/cmake -E cmake_depends "Unix Makefiles" /home/locobot/Documents/kobuki/src/kobuki_core /home/locobot/Documents/kobuki/src/kobuki_core/src/demos /home/locobot/Documents/kobuki/build/kobuki_core /home/locobot/Documents/kobuki/build/kobuki_core/src/demos /home/locobot/Documents/kobuki/build/kobuki_core/src/demos/CMakeFiles/kobuki_core_demo_buttons.dir/DependInfo.cmake --color=
[1.644s] make[2]: Leaving directory '/home/locobot/Documents/kobuki/build/kobuki_core'
[1.645s] /usr/bin/make -f src/demos/CMakeFiles/kobuki_core_demo_buttons.dir/build.make src/demos/CMakeFiles/kobuki_core_demo_buttons.dir/build
[1.653s] make[2]: Entering directory '/home/locobot/Documents/kobuki/build/kobuki_core'
[1.653s] make[2]: Nothing to be done for 'src/demos/CMakeFiles/kobuki_core_demo_buttons.dir/build'.
[1.654s] make[2]: Leaving directory '/home/locobot/Documents/kobuki/build/kobuki_core'
[1.661s] [ 93%] Built target kobuki_core_demo_buttons
[1.662s] /usr/bin/make -f src/demos/CMakeFiles/kobuki_core_demo_raw_data_stream.dir/build.make src/demos/CMakeFiles/kobuki_core_demo_raw_data_stream.dir/depend
[1.667s] make[2]: Entering directory '/home/locobot/Documents/kobuki/build/kobuki_core'
[1.667s] cd /home/locobot/Documents/kobuki/build/kobuki_core && /usr/bin/cmake -E cmake_depends "Unix Makefiles" /home/locobot/Documents/kobuki/src/kobuki_core /home/locobot/Documents/kobuki/src/kobuki_core/src/demos /home/locobot/Documents/kobuki/build/kobuki_core /home/locobot/Documents/kobuki/build/kobuki_core/src/demos /home/locobot/Documents/kobuki/build/kobuki_core/src/demos/CMakeFiles/kobuki_core_demo_raw_data_stream.dir/DependInfo.cmake --color=
[1.676s] make[2]: Leaving directory '/home/locobot/Documents/kobuki/build/kobuki_core'
[1.677s] /usr/bin/make -f src/demos/CMakeFiles/kobuki_core_demo_raw_data_stream.dir/build.make src/demos/CMakeFiles/kobuki_core_demo_raw_data_stream.dir/build
[1.685s] make[2]: Entering directory '/home/locobot/Documents/kobuki/build/kobuki_core'
[1.685s] make[2]: Nothing to be done for 'src/demos/CMakeFiles/kobuki_core_demo_raw_data_stream.dir/build'.
[1.685s] make[2]: Leaving directory '/home/locobot/Documents/kobuki/build/kobuki_core'
[1.693s] [100%] Built target kobuki_core_demo_raw_data_stream
[1.694s] make[1]: Leaving directory '/home/locobot/Documents/kobuki/build/kobuki_core'
[1.695s] /usr/bin/cmake -E cmake_progress_start /home/locobot/Documents/kobuki/build/kobuki_core/CMakeFiles 0
[1.707s] Invoked command in '/home/locobot/Documents/kobuki/build/kobuki_core' returned '0': AMENT_PREFIX_PATH=/home/locobot/Documents/kobuki/install CMAKE_PREFIX_PATH=/home/locobot/Documents/kobuki/install LD_LIBRARY_PATH=/home/locobot/Documents/kobuki/install/lib PATH=/home/locobot/Documents/kobuki/install/bin:${PATH} PKG_CONFIG_PATH=/home/locobot/Documents/kobuki/install/lib/x86_64-linux-gnu/pkgconfig:/home/locobot/Documents/kobuki/install/lib/pkgconfig PYTHONPATH=/home/locobot/Documents/kobuki/install/lib/python3.8/site-packages /usr/bin/cmake --build /home/locobot/Documents/kobuki/build/kobuki_core -- -j4 -l4
[1.710s] Invoking command in '/home/locobot/Documents/kobuki/build/kobuki_core': AMENT_PREFIX_PATH=/home/locobot/Documents/kobuki/install CMAKE_PREFIX_PATH=/home/locobot/Documents/kobuki/install LD_LIBRARY_PATH=/home/locobot/Documents/kobuki/install/lib PATH=/home/locobot/Documents/kobuki/install/bin:${PATH} PKG_CONFIG_PATH=/home/locobot/Documents/kobuki/install/lib/x86_64-linux-gnu/pkgconfig:/home/locobot/Documents/kobuki/install/lib/pkgconfig PYTHONPATH=/home/locobot/Documents/kobuki/install/lib/python3.8/site-packages /usr/bin/cmake --install /home/locobot/Documents/kobuki/build/kobuki_core
[1.719s] -- Install configuration: ""
[1.719s] -- Up-to-date: /home/locobot/Documents/kobuki/install/include
[1.719s] -- Up-to-date: /home/locobot/Documents/kobuki/install/include/kobuki_core
[1.719s] -- Up-to-date: /home/locobot/Documents/kobuki/install/include/kobuki_core/logging.hpp
[1.719s] -- Up-to-date: /home/locobot/Documents/kobuki/install/include/kobuki_core/version_info.hpp
[1.720s] -- Up-to-date: /home/locobot/Documents/kobuki/install/include/kobuki_core/packets
[1.720s] -- Up-to-date: /home/locobot/Documents/kobuki/install/include/kobuki_core/packets/unique_device_id.hpp
[1.720s] -- Up-to-date: /home/locobot/Documents/kobuki/install/include/kobuki_core/packets/core_sensors.hpp
[1.720s] -- Up-to-date: /home/locobot/Documents/kobuki/install/include/kobuki_core/packets/three_axis_gyro.hpp
[1.720s] -- Up-to-date: /home/locobot/Documents/kobuki/install/include/kobuki_core/packets/cliff.hpp
[1.720s] -- Up-to-date: /home/locobot/Documents/kobuki/install/include/kobuki_core/packets/eeprom.hpp
[1.721s] -- Up-to-date: /home/locobot/Documents/kobuki/install/include/kobuki_core/packets/inertia.hpp
[1.721s] -- Up-to-date: /home/locobot/Documents/kobuki/install/include/kobuki_core/packets/hardware.hpp
[1.721s] -- Up-to-date: /home/locobot/Documents/kobuki/install/include/kobuki_core/packets/controller_info.hpp
[1.721s] -- Up-to-date: /home/locobot/Documents/kobuki/install/include/kobuki_core/packets/current.hpp
[1.721s] -- Up-to-date: /home/locobot/Documents/kobuki/install/include/kobuki_core/packets/gp_input.hpp
[1.721s] -- Up-to-date: /home/locobot/Documents/kobuki/install/include/kobuki_core/packets/firmware.hpp
[1.721s] -- Up-to-date: /home/locobot/Documents/kobuki/install/include/kobuki_core/packets/dock_ir.hpp
[1.721s] -- Up-to-date: /home/locobot/Documents/kobuki/install/include/kobuki_core/packet_handler
[1.721s] -- Up-to-date: /home/locobot/Documents/kobuki/install/include/kobuki_core/packet_handler/payload_base.hpp
[1.722s] -- Up-to-date: /home/locobot/Documents/kobuki/install/include/kobuki_core/packet_handler/packet_finder.hpp
[1.722s] -- Up-to-date: /home/locobot/Documents/kobuki/install/include/kobuki_core/packet_handler/payload_headers.hpp
[1.722s] -- Up-to-date: /home/locobot/Documents/kobuki/install/include/kobuki_core/command.hpp
[1.722s] -- Up-to-date: /home/locobot/Documents/kobuki/install/include/kobuki_core/macros.hpp
[1.722s] -- Up-to-date: /home/locobot/Documents/kobuki/install/include/kobuki_core/event_manager.hpp
[1.722s] -- Up-to-date: /home/locobot/Documents/kobuki/install/include/kobuki_core/kobuki.hpp
[1.722s] -- Up-to-date: /home/locobot/Documents/kobuki/install/include/kobuki_core/modules
[1.722s] -- Up-to-date: /home/locobot/Documents/kobuki/install/include/kobuki_core/modules/diff_drive.hpp
[1.723s] -- Up-to-date: /home/locobot/Documents/kobuki/install/include/kobuki_core/modules/digital_output.hpp
[1.723s] -- Up-to-date: /home/locobot/Documents/kobuki/install/include/kobuki_core/modules/acceleration_limiter.hpp
[1.723s] -- Up-to-date: /home/locobot/Documents/kobuki/install/include/kobuki_core/modules/battery.hpp
[1.723s] -- Up-to-date: /home/locobot/Documents/kobuki/install/include/kobuki_core/modules/led_array.hpp
[1.723s] -- Up-to-date: /home/locobot/Documents/kobuki/install/include/kobuki_core/modules/sound.hpp
[1.723s] -- Up-to-date: /home/locobot/Documents/kobuki/install/include/kobuki_core/modules.hpp
[1.723s] -- Up-to-date: /home/locobot/Documents/kobuki/install/include/kobuki_core/packets.hpp
[1.724s] -- Up-to-date: /home/locobot/Documents/kobuki/install/include/kobuki_core/dock_drive.hpp
[1.724s] -- Up-to-date: /home/locobot/Documents/kobuki/install/include/kobuki_core/parameters.hpp
[1.724s] -- Up-to-date: /home/locobot/Documents/kobuki/install/include/CMakeLists.txt
[1.724s] -- Up-to-date: /home/locobot/Documents/kobuki/install/share/kobuki_core/environment/library_path.sh
[1.724s] -- Installing: /home/locobot/Documents/kobuki/install/share/kobuki_core/environment/library_path.dsv
[1.724s] -- Up-to-date: /home/locobot/Documents/kobuki/install/share/ament_index/resource_index/package_run_dependencies/kobuki_core
[1.724s] -- Up-to-date: /home/locobot/Documents/kobuki/install/share/ament_index/resource_index/parent_prefix_path/kobuki_core
[1.724s] -- Up-to-date: /home/locobot/Documents/kobuki/install/share/kobuki_core/environment/ament_prefix_path.sh
[1.724s] -- Installing: /home/locobot/Documents/kobuki/install/share/kobuki_core/environment/ament_prefix_path.dsv
[1.725s] -- Up-to-date: /home/locobot/Documents/kobuki/install/share/kobuki_core/environment/path.sh
[1.725s] -- Installing: /home/locobot/Documents/kobuki/install/share/kobuki_core/environment/path.dsv
[1.725s] -- Up-to-date: /home/locobot/Documents/kobuki/install/share/kobuki_core/local_setup.bash
[1.725s] -- Up-to-date: /home/locobot/Documents/kobuki/install/share/kobuki_core/local_setup.sh
[1.725s] -- Up-to-date: /home/locobot/Documents/kobuki/install/share/kobuki_core/local_setup.zsh
[1.726s] -- Installing: /home/locobot/Documents/kobuki/install/share/kobuki_core/local_setup.dsv
[1.726s] -- Installing: /home/locobot/Documents/kobuki/install/share/kobuki_core/package.dsv
[1.726s] -- Up-to-date: /home/locobot/Documents/kobuki/install/share/ament_index/resource_index/packages/kobuki_core
[1.726s] -- Up-to-date: /home/locobot/Documents/kobuki/install/share/kobuki_core/cmake/kobuki_coreExport.cmake
[1.726s] -- Installing: /home/locobot/Documents/kobuki/install/share/kobuki_core/cmake/kobuki_coreExport-noconfig.cmake
[1.726s] -- Up-to-date: /home/locobot/Documents/kobuki/install/share/kobuki_core/cmake/ament_cmake_export_targets-extras.cmake
[1.726s] -- Up-to-date: /home/locobot/Documents/kobuki/install/share/kobuki_core/cmake/ament_cmake_export_dependencies-extras.cmake
[1.726s] -- Up-to-date: /home/locobot/Documents/kobuki/install/share/kobuki_core/cmake/ament_cmake_export_include_directories-extras.cmake
[1.727s] -- Up-to-date: /home/locobot/Documents/kobuki/install/share/kobuki_core/cmake/ament_cmake_export_libraries-extras.cmake
[1.727s] -- Up-to-date: /home/locobot/Documents/kobuki/install/share/kobuki_core/cmake/kobuki_coreConfig.cmake
[1.727s] -- Up-to-date: /home/locobot/Documents/kobuki/install/share/kobuki_core/cmake/kobuki_coreConfig-version.cmake
[1.727s] -- Up-to-date: /home/locobot/Documents/kobuki/install/share/kobuki_core/package.xml
[1.727s] -- Up-to-date: /home/locobot/Documents/kobuki/install/include/kobuki_core
[1.727s] -- Up-to-date: /home/locobot/Documents/kobuki/install/include/kobuki_core/logging.hpp
[1.727s] -- Up-to-date: /home/locobot/Documents/kobuki/install/include/kobuki_core/version_info.hpp
[1.728s] -- Up-to-date: /home/locobot/Documents/kobuki/install/include/kobuki_core/packets
[1.728s] -- Up-to-date: /home/locobot/Documents/kobuki/install/include/kobuki_core/packets/unique_device_id.hpp
[1.728s] -- Up-to-date: /home/locobot/Documents/kobuki/install/include/kobuki_core/packets/core_sensors.hpp
[1.728s] -- Up-to-date: /home/locobot/Documents/kobuki/install/include/kobuki_core/packets/three_axis_gyro.hpp
[1.728s] -- Up-to-date: /home/locobot/Documents/kobuki/install/include/kobuki_core/packets/cliff.hpp
[1.728s] -- Up-to-date: /home/locobot/Documents/kobuki/install/include/kobuki_core/packets/eeprom.hpp
[1.728s] -- Up-to-date: /home/locobot/Documents/kobuki/install/include/kobuki_core/packets/inertia.hpp
[1.729s] -- Up-to-date: /home/locobot/Documents/kobuki/install/include/kobuki_core/packets/hardware.hpp
[1.729s] -- Up-to-date: /home/locobot/Documents/kobuki/install/include/kobuki_core/packets/controller_info.hpp
[1.729s] -- Up-to-date: /home/locobot/Documents/kobuki/install/include/kobuki_core/packets/current.hpp
[1.729s] -- Up-to-date: /home/locobot/Documents/kobuki/install/include/kobuki_core/packets/gp_input.hpp
[1.729s] -- Up-to-date: /home/locobot/Documents/kobuki/install/include/kobuki_core/packets/firmware.hpp
[1.729s] -- Up-to-date: /home/locobot/Documents/kobuki/install/include/kobuki_core/packets/dock_ir.hpp
[1.729s] -- Up-to-date: /home/locobot/Documents/kobuki/install/include/kobuki_core/packet_handler
[1.729s] -- Up-to-date: /home/locobot/Documents/kobuki/install/include/kobuki_core/packet_handler/payload_base.hpp
[1.729s] -- Up-to-date: /home/locobot/Documents/kobuki/install/include/kobuki_core/packet_handler/packet_finder.hpp
[1.730s] -- Up-to-date: /home/locobot/Documents/kobuki/install/include/kobuki_core/packet_handler/payload_headers.hpp
[1.730s] -- Up-to-date: /home/locobot/Documents/kobuki/install/include/kobuki_core/command.hpp
[1.730s] -- Up-to-date: /home/locobot/Documents/kobuki/install/include/kobuki_core/macros.hpp
[1.730s] -- Up-to-date: /home/locobot/Documents/kobuki/install/include/kobuki_core/event_manager.hpp
[1.730s] -- Up-to-date: /home/locobot/Documents/kobuki/install/include/kobuki_core/kobuki.hpp
[1.730s] -- Up-to-date: /home/locobot/Documents/kobuki/install/include/kobuki_core/modules
[1.730s] -- Up-to-date: /home/locobot/Documents/kobuki/install/include/kobuki_core/modules/diff_drive.hpp
[1.730s] -- Up-to-date: /home/locobot/Documents/kobuki/install/include/kobuki_core/modules/digital_output.hpp
[1.731s] -- Up-to-date: /home/locobot/Documents/kobuki/install/include/kobuki_core/modules/acceleration_limiter.hpp
[1.731s] -- Up-to-date: /home/locobot/Documents/kobuki/install/include/kobuki_core/modules/battery.hpp
[1.731s] -- Up-to-date: /home/locobot/Documents/kobuki/install/include/kobuki_core/modules/led_array.hpp
[1.731s] -- Up-to-date: /home/locobot/Documents/kobuki/install/include/kobuki_core/modules/sound.hpp
[1.731s] -- Up-to-date: /home/locobot/Documents/kobuki/install/include/kobuki_core/modules.hpp
[1.731s] -- Up-to-date: /home/locobot/Documents/kobuki/install/include/kobuki_core/packets.hpp
[1.731s] -- Up-to-date: /home/locobot/Documents/kobuki/install/include/kobuki_core/dock_drive.hpp
[1.732s] -- Up-to-date: /home/locobot/Documents/kobuki/install/include/kobuki_core/parameters.hpp
[1.732s] -- Up-to-date: /home/locobot/Documents/kobuki/install/lib/libkobuki_core.so.1.3.1
[1.732s] -- Up-to-date: /home/locobot/Documents/kobuki/install/lib/libkobuki_core.so
[1.732s] -- Up-to-date: /home/locobot/Documents/kobuki/install/lib/kobuki_core/demo_chirp
[1.732s] -- Up-to-date: /home/locobot/Documents/kobuki/install/lib/kobuki_core/demo_custom_logging
[1.732s] -- Up-to-date: /home/locobot/Documents/kobuki/install/lib/kobuki_core/demo_buttons
[1.732s] -- Up-to-date: /home/locobot/Documents/kobuki/install/lib/kobuki_core/demo_raw_data_stream
[1.735s] -- Up-to-date: /home/locobot/Documents/kobuki/install/lib/kobuki_core/demo_data_stream
[1.735s] -- Up-to-date: /home/locobot/Documents/kobuki/install/lib/kobuki_core/demo_velocity_commands
[1.735s] -- Up-to-date: /home/locobot/Documents/kobuki/install/lib/kobuki_core/demo_simple_loop
[1.735s] -- Up-to-date: /home/locobot/Documents/kobuki/install/bin/kobuki-version-info
[1.739s] -- Up-to-date: /home/locobot/Documents/kobuki/install/bin/kobuki-simple-keyop
[1.741s] Invoked command in '/home/locobot/Documents/kobuki/build/kobuki_core' returned '0': AMENT_PREFIX_PATH=/home/locobot/Documents/kobuki/install CMAKE_PREFIX_PATH=/home/locobot/Documents/kobuki/install LD_LIBRARY_PATH=/home/locobot/Documents/kobuki/install/lib PATH=/home/locobot/Documents/kobuki/install/bin:${PATH} PKG_CONFIG_PATH=/home/locobot/Documents/kobuki/install/lib/x86_64-linux-gnu/pkgconfig:/home/locobot/Documents/kobuki/install/lib/pkgconfig PYTHONPATH=/home/locobot/Documents/kobuki/install/lib/python3.8/site-packages /usr/bin/cmake --install /home/locobot/Documents/kobuki/build/kobuki_core
