[0.320s] Invoking command in '/home/locobot/Documents/kobuki/build/ecl_math': AMENT_PREFIX_PATH=/home/locobot/Documents/kobuki/install CMAKE_PREFIX_PATH=/home/locobot/Documents/kobuki/install LD_LIBRARY_PATH=/home/locobot/Documents/kobuki/install/lib PATH=/home/locobot/Documents/kobuki/install/bin:${PATH} PYTHONPATH=/home/locobot/Documents/kobuki/install/lib/python3.8/site-packages /usr/bin/cmake /home/locobot/Documents/kobuki/src/ecl_core/ecl_math -DBUILD_TESTING=OFF -DCMAKE_INSTALL_PREFIX=/home/locobot/Documents/kobuki/install
[0.441s] -- The C compiler identification is GNU 9.4.0
[0.558s] -- The CXX compiler identification is GNU 9.4.0
[0.567s] -- Check for working C compiler: /usr/bin/cc
[0.849s] -- Check for working C compiler: /usr/bin/cc -- works
[0.850s] -- Detecting C compiler ABI info
[1.091s] -- Detecting C compiler ABI info - done
[1.131s] -- Detecting C compile features
[1.132s] -- Detecting C compile features - done
[1.148s] -- Check for working CXX compiler: /usr/bin/c++
[1.354s] -- Check for working CXX compiler: /usr/bin/c++ -- works
[1.355s] -- Detecting CXX compiler ABI info
[1.582s] -- Detecting CXX compiler ABI info - done
[1.619s] -- Detecting CXX compile features
[1.620s] -- Detecting CXX compile features - done
[1.622s] -- Found ament_cmake_ros: 0.9.2 (/home/locobot/Documents/kobuki/install/share/ament_cmake_ros/cmake)
[1.708s] -- Found PythonInterp: /usr/bin/python3 (found suitable version "3.8.10", minimum required is "3") 
[1.708s] -- Using PYTHON_EXECUTABLE: /usr/bin/python3
[2.116s] -- Found ecl_build: 1.0.3 (/home/locobot/Documents/kobuki/install/share/ecl_build/cmake)
[2.127s] -- Found ecl_type_traits: 1.2.1 (/home/locobot/Documents/kobuki/install/share/ecl_type_traits/cmake)
[2.363s] -- Configuring done
[2.373s] -- Generating done
[2.377s] -- Build files have been written to: /home/locobot/Documents/kobuki/build/ecl_math
[2.385s] Invoked command in '/home/locobot/Documents/kobuki/build/ecl_math' returned '0': AMENT_PREFIX_PATH=/home/locobot/Documents/kobuki/install CMAKE_PREFIX_PATH=/home/locobot/Documents/kobuki/install LD_LIBRARY_PATH=/home/locobot/Documents/kobuki/install/lib PATH=/home/locobot/Documents/kobuki/install/bin:${PATH} PYTHONPATH=/home/locobot/Documents/kobuki/install/lib/python3.8/site-packages /usr/bin/cmake /home/locobot/Documents/kobuki/src/ecl_core/ecl_math -DBUILD_TESTING=OFF -DCMAKE_INSTALL_PREFIX=/home/locobot/Documents/kobuki/install
[2.389s] Invoking command in '/home/locobot/Documents/kobuki/build/ecl_math': AMENT_PREFIX_PATH=/home/locobot/Documents/kobuki/install CMAKE_PREFIX_PATH=/home/locobot/Documents/kobuki/install LD_LIBRARY_PATH=/home/locobot/Documents/kobuki/install/lib PATH=/home/locobot/Documents/kobuki/install/bin:${PATH} PYTHONPATH=/home/locobot/Documents/kobuki/install/lib/python3.8/site-packages /usr/bin/cmake --build /home/locobot/Documents/kobuki/build/ecl_math -- -j4 -l4
[2.633s] Invoked command in '/home/locobot/Documents/kobuki/build/ecl_math' returned '0': AMENT_PREFIX_PATH=/home/locobot/Documents/kobuki/install CMAKE_PREFIX_PATH=/home/locobot/Documents/kobuki/install LD_LIBRARY_PATH=/home/locobot/Documents/kobuki/install/lib PATH=/home/locobot/Documents/kobuki/install/bin:${PATH} PYTHONPATH=/home/locobot/Documents/kobuki/install/lib/python3.8/site-packages /usr/bin/cmake --build /home/locobot/Documents/kobuki/build/ecl_math -- -j4 -l4
[2.634s] Invoking command in '/home/locobot/Documents/kobuki/build/ecl_math': AMENT_PREFIX_PATH=/home/locobot/Documents/kobuki/install CMAKE_PREFIX_PATH=/home/locobot/Documents/kobuki/install LD_LIBRARY_PATH=/home/locobot/Documents/kobuki/install/lib PATH=/home/locobot/Documents/kobuki/install/bin:${PATH} PYTHONPATH=/home/locobot/Documents/kobuki/install/lib/python3.8/site-packages /usr/bin/cmake --install /home/locobot/Documents/kobuki/build/ecl_math
[2.646s] -- Install configuration: ""
[2.646s] -- Installing: /home/locobot/Documents/kobuki/install/share/ament_index/resource_index/package_run_dependencies/ecl_math
[2.646s] -- Installing: /home/locobot/Documents/kobuki/install/share/ament_index/resource_index/parent_prefix_path/ecl_math
[2.646s] -- Installing: /home/locobot/Documents/kobuki/install/share/ecl_math/environment/ament_prefix_path.sh
[2.647s] -- Installing: /home/locobot/Documents/kobuki/install/share/ecl_math/environment/ament_prefix_path.dsv
[2.647s] -- Installing: /home/locobot/Documents/kobuki/install/share/ecl_math/environment/path.sh
[2.647s] -- Installing: /home/locobot/Documents/kobuki/install/share/ecl_math/environment/path.dsv
[2.647s] -- Installing: /home/locobot/Documents/kobuki/install/share/ecl_math/local_setup.bash
[2.656s] -- Installing: /home/locobot/Documents/kobuki/install/share/ecl_math/local_setup.sh
[2.658s] -- Installing: /home/locobot/Documents/kobuki/install/share/ecl_math/local_setup.zsh
[2.659s] -- Installing: /home/locobot/Documents/kobuki/install/share/ecl_math/local_setup.dsv
[2.659s] -- Installing: /home/locobot/Documents/kobuki/install/share/ecl_math/package.dsv
[2.659s] -- Installing: /home/locobot/Documents/kobuki/install/share/ament_index/resource_index/packages/ecl_math
[2.659s] -- Installing: /home/locobot/Documents/kobuki/install/share/ecl_math/cmake/ecl_mathExport.cmake
[2.659s] -- Installing: /home/locobot/Documents/kobuki/install/share/ecl_math/cmake/ament_cmake_export_targets-extras.cmake
[2.659s] -- Installing: /home/locobot/Documents/kobuki/install/share/ecl_math/cmake/ament_cmake_export_include_directories-extras.cmake
[2.659s] -- Installing: /home/locobot/Documents/kobuki/install/share/ecl_math/cmake/ament_cmake_export_dependencies-extras.cmake
[2.659s] -- Installing: /home/locobot/Documents/kobuki/install/share/ecl_math/cmake/ecl_mathConfig.cmake
[2.659s] -- Installing: /home/locobot/Documents/kobuki/install/share/ecl_math/cmake/ecl_mathConfig-version.cmake
[2.660s] -- Installing: /home/locobot/Documents/kobuki/install/share/ecl_math/package.xml
[2.660s] -- Installing: /home/locobot/Documents/kobuki/install/include/ecl/math.hpp
[2.660s] -- Installing: /home/locobot/Documents/kobuki/install/include/ecl/math/constants.hpp
[2.660s] -- Installing: /home/locobot/Documents/kobuki/install/include/ecl/math/fuzzy.hpp
[2.664s] -- Installing: /home/locobot/Documents/kobuki/install/include/ecl/math/norms.hpp
[2.665s] -- Installing: /home/locobot/Documents/kobuki/install/include/ecl/math/simple.hpp
[2.678s] Invoked command in '/home/locobot/Documents/kobuki/build/ecl_math' returned '0': AMENT_PREFIX_PATH=/home/locobot/Documents/kobuki/install CMAKE_PREFIX_PATH=/home/locobot/Documents/kobuki/install LD_LIBRARY_PATH=/home/locobot/Documents/kobuki/install/lib PATH=/home/locobot/Documents/kobuki/install/bin:${PATH} PYTHONPATH=/home/locobot/Documents/kobuki/install/lib/python3.8/site-packages /usr/bin/cmake --install /home/locobot/Documents/kobuki/build/ecl_math
