[0.178s] Invoking command in '/home/locobot/Documents/kobuki/build/ament_cmake_copyright': AMENT_PREFIX_PATH=/home/locobot/Documents/kobuki/install CMAKE_PREFIX_PATH=/home/locobot/Documents/kobuki/install LD_LIBRARY_PATH=/home/locobot/Documents/kobuki/install/lib PATH=/home/locobot/Documents/kobuki/install/bin:${PATH} PYTHONPATH=/home/locobot/Documents/kobuki/install/lib/python3.8/site-packages /usr/bin/cmake /home/locobot/Documents/kobuki/src/ament_lint/ament_cmake_copyright -DBUILD_TESTING=OFF -DCMAKE_BUILD_TYPE=RelWithDebInfo -DCMAKE_INSTALL_PREFIX=/home/locobot/Documents/kobuki/install
[0.193s] -- Found ament_cmake_core: 0.9.12 (/home/locobot/Documents/kobuki/install/share/ament_cmake_core/cmake)
[0.217s] -- Using PYTHON_EXECUTABLE: /usr/bin/python3
[0.565s] -- Found ament_cmake_test: 0.9.12 (/home/locobot/Documents/kobuki/install/share/ament_cmake_test/cmake)
[0.707s] -- Configuring done
[0.710s] -- Generating done
[0.712s] -- Build files have been written to: /home/locobot/Documents/kobuki/build/ament_cmake_copyright
[0.745s] Invoked command in '/home/locobot/Documents/kobuki/build/ament_cmake_copyright' returned '0': AMENT_PREFIX_PATH=/home/locobot/Documents/kobuki/install CMAKE_PREFIX_PATH=/home/locobot/Documents/kobuki/install LD_LIBRARY_PATH=/home/locobot/Documents/kobuki/install/lib PATH=/home/locobot/Documents/kobuki/install/bin:${PATH} PYTHONPATH=/home/locobot/Documents/kobuki/install/lib/python3.8/site-packages /usr/bin/cmake /home/locobot/Documents/kobuki/src/ament_lint/ament_cmake_copyright -DBUILD_TESTING=OFF -DCMAKE_BUILD_TYPE=RelWithDebInfo -DCMAKE_INSTALL_PREFIX=/home/locobot/Documents/kobuki/install
[0.749s] Invoking command in '/home/locobot/Documents/kobuki/build/ament_cmake_copyright': AMENT_PREFIX_PATH=/home/locobot/Documents/kobuki/install CMAKE_PREFIX_PATH=/home/locobot/Documents/kobuki/install LD_LIBRARY_PATH=/home/locobot/Documents/kobuki/install/lib PATH=/home/locobot/Documents/kobuki/install/bin:${PATH} PYTHONPATH=/home/locobot/Documents/kobuki/install/lib/python3.8/site-packages /usr/bin/cmake --build /home/locobot/Documents/kobuki/build/ament_cmake_copyright -- -j4 -l4
[0.858s] Invoked command in '/home/locobot/Documents/kobuki/build/ament_cmake_copyright' returned '0': AMENT_PREFIX_PATH=/home/locobot/Documents/kobuki/install CMAKE_PREFIX_PATH=/home/locobot/Documents/kobuki/install LD_LIBRARY_PATH=/home/locobot/Documents/kobuki/install/lib PATH=/home/locobot/Documents/kobuki/install/bin:${PATH} PYTHONPATH=/home/locobot/Documents/kobuki/install/lib/python3.8/site-packages /usr/bin/cmake --build /home/locobot/Documents/kobuki/build/ament_cmake_copyright -- -j4 -l4
[0.860s] Invoking command in '/home/locobot/Documents/kobuki/build/ament_cmake_copyright': AMENT_PREFIX_PATH=/home/locobot/Documents/kobuki/install CMAKE_PREFIX_PATH=/home/locobot/Documents/kobuki/install LD_LIBRARY_PATH=/home/locobot/Documents/kobuki/install/lib PATH=/home/locobot/Documents/kobuki/install/bin:${PATH} PYTHONPATH=/home/locobot/Documents/kobuki/install/lib/python3.8/site-packages /usr/bin/cmake --install /home/locobot/Documents/kobuki/build/ament_cmake_copyright
[0.888s] -- Install configuration: "RelWithDebInfo"
[0.889s] -- Up-to-date: /home/locobot/Documents/kobuki/install/share/ament_index/resource_index/package_run_dependencies/ament_cmake_copyright
[0.889s] -- Up-to-date: /home/locobot/Documents/kobuki/install/share/ament_index/resource_index/parent_prefix_path/ament_cmake_copyright
[0.889s] -- Up-to-date: /home/locobot/Documents/kobuki/install/share/ament_cmake_copyright/environment/ament_prefix_path.sh
[0.889s] -- Installing: /home/locobot/Documents/kobuki/install/share/ament_cmake_copyright/environment/ament_prefix_path.dsv
[0.889s] -- Up-to-date: /home/locobot/Documents/kobuki/install/share/ament_cmake_copyright/environment/path.sh
[0.889s] -- Installing: /home/locobot/Documents/kobuki/install/share/ament_cmake_copyright/environment/path.dsv
[0.889s] -- Up-to-date: /home/locobot/Documents/kobuki/install/share/ament_cmake_copyright/local_setup.bash
[0.890s] -- Up-to-date: /home/locobot/Documents/kobuki/install/share/ament_cmake_copyright/local_setup.sh
[0.890s] -- Up-to-date: /home/locobot/Documents/kobuki/install/share/ament_cmake_copyright/local_setup.zsh
[0.890s] -- Installing: /home/locobot/Documents/kobuki/install/share/ament_cmake_copyright/local_setup.dsv
[0.899s] -- Installing: /home/locobot/Documents/kobuki/install/share/ament_cmake_copyright/package.dsv
[0.899s] -- Up-to-date: /home/locobot/Documents/kobuki/install/share/ament_index/resource_index/packages/ament_cmake_copyright
[0.899s] -- Up-to-date: /home/locobot/Documents/kobuki/install/share/ament_cmake_copyright/cmake/ament_cmake_copyright-extras.cmake
[0.899s] -- Up-to-date: /home/locobot/Documents/kobuki/install/share/ament_cmake_copyright/cmake/ament_cmake_copyrightConfig.cmake
[0.899s] -- Up-to-date: /home/locobot/Documents/kobuki/install/share/ament_cmake_copyright/cmake/ament_cmake_copyrightConfig-version.cmake
[0.899s] -- Up-to-date: /home/locobot/Documents/kobuki/install/share/ament_cmake_copyright/package.xml
[0.899s] -- Up-to-date: /home/locobot/Documents/kobuki/install/share/ament_cmake_copyright/cmake
[0.899s] -- Up-to-date: /home/locobot/Documents/kobuki/install/share/ament_cmake_copyright/cmake/ament_copyright.cmake
[0.900s] -- Up-to-date: /home/locobot/Documents/kobuki/install/share/ament_cmake_copyright/cmake/ament_cmake_copyright_lint_hook.cmake
[0.993s] Invoked command in '/home/locobot/Documents/kobuki/build/ament_cmake_copyright' returned '0': AMENT_PREFIX_PATH=/home/locobot/Documents/kobuki/install CMAKE_PREFIX_PATH=/home/locobot/Documents/kobuki/install LD_LIBRARY_PATH=/home/locobot/Documents/kobuki/install/lib PATH=/home/locobot/Documents/kobuki/install/bin:${PATH} PYTHONPATH=/home/locobot/Documents/kobuki/install/lib/python3.8/site-packages /usr/bin/cmake --install /home/locobot/Documents/kobuki/build/ament_cmake_copyright
