-- The C compiler identification is GNU 9.4.0
-- The CXX compiler identification is GNU 9.4.0
-- Check for working C compiler: /usr/bin/cc
-- Check for working C compiler: /usr/bin/cc -- works
-- Detecting C compiler ABI info
-- Detecting C compiler ABI info - done
-- Detecting C compile features
-- Detecting C compile features - done
-- Check for working CXX compiler: /usr/bin/c++
-- Check for working CXX compiler: /usr/bin/c++ -- works
-- Detecting CXX compiler ABI info
-- Detecting CXX compiler ABI info - done
-- Detecting CXX compile features
-- Detecting CXX compile features - done
-- Found ament_cmake_ros: 0.9.2 (/home/locobot/Documents/kobuki/install/share/ament_cmake_ros/cmake)
-- Found PythonInterp: /usr/bin/python3 (found suitable version "3.8.10", minimum required is "3") 
-- Using PYTHON_EXECUTABLE: /usr/bin/python3
-- Found ecl_build: 1.0.3 (/home/locobot/Documents/kobuki/install/share/ecl_build/cmake)
-- Found ecl_config: 1.1.0 (/home/locobot/Documents/kobuki/install/share/ecl_config/cmake)
-- Found ecl_errors: 1.1.0 (/home/locobot/Documents/kobuki/install/share/ecl_errors/cmake)
-- Configuring done
-- Generating done
-- Build files have been written to: /home/locobot/Documents/kobuki/build/ecl_exceptions
[35m[1mScanning dependencies of target ecl_exceptions[0m
[ 16%] [32mBuilding CXX object src/lib/CMakeFiles/ecl_exceptions.dir/standard_exception.cpp.o[0m
[ 33%] [32m[1mLinking CXX shared library libecl_exceptions.so[0m
[ 33%] Built target ecl_exceptions
[35m[1mScanning dependencies of target ecl_demo_exception_tracer[0m
[ 50%] [32mBuilding CXX object src/examples/CMakeFiles/ecl_demo_exception_tracer.dir/exception_tracer.cpp.o[0m
[ 66%] [32m[1mLinking CXX executable demo_exception_tracer[0m
[ 66%] Built target ecl_demo_exception_tracer
[35m[1mScanning dependencies of target ecl_demo_exceptions[0m
[ 83%] [32mBuilding CXX object src/examples/CMakeFiles/ecl_demo_exceptions.dir/exceptions.cpp.o[0m
[100%] [32m[1mLinking CXX executable demo_exceptions[0m
[100%] Built target ecl_demo_exceptions
-- Install configuration: ""
-- Installing: /home/locobot/Documents/kobuki/install/share/ecl_exceptions/environment/library_path.sh
-- Installing: /home/locobot/Documents/kobuki/install/share/ecl_exceptions/environment/library_path.dsv
-- Installing: /home/locobot/Documents/kobuki/install/share/ament_index/resource_index/package_run_dependencies/ecl_exceptions
-- Installing: /home/locobot/Documents/kobuki/install/share/ament_index/resource_index/parent_prefix_path/ecl_exceptions
-- Installing: /home/locobot/Documents/kobuki/install/share/ecl_exceptions/environment/ament_prefix_path.sh
-- Installing: /home/locobot/Documents/kobuki/install/share/ecl_exceptions/environment/ament_prefix_path.dsv
-- Installing: /home/locobot/Documents/kobuki/install/share/ecl_exceptions/environment/path.sh
-- Installing: /home/locobot/Documents/kobuki/install/share/ecl_exceptions/environment/path.dsv
-- Installing: /home/locobot/Documents/kobuki/install/share/ecl_exceptions/local_setup.bash
-- Installing: /home/locobot/Documents/kobuki/install/share/ecl_exceptions/local_setup.sh
-- Installing: /home/locobot/Documents/kobuki/install/share/ecl_exceptions/local_setup.zsh
-- Installing: /home/locobot/Documents/kobuki/install/share/ecl_exceptions/local_setup.dsv
-- Installing: /home/locobot/Documents/kobuki/install/share/ecl_exceptions/package.dsv
-- Installing: /home/locobot/Documents/kobuki/install/share/ament_index/resource_index/packages/ecl_exceptions
-- Installing: /home/locobot/Documents/kobuki/install/share/ecl_exceptions/cmake/ecl_exceptionsExport.cmake
-- Installing: /home/locobot/Documents/kobuki/install/share/ecl_exceptions/cmake/ecl_exceptionsExport-noconfig.cmake
-- Installing: /home/locobot/Documents/kobuki/install/share/ecl_exceptions/cmake/ament_cmake_export_targets-extras.cmake
-- Installing: /home/locobot/Documents/kobuki/install/share/ecl_exceptions/cmake/ament_cmake_export_include_directories-extras.cmake
-- Installing: /home/locobot/Documents/kobuki/install/share/ecl_exceptions/cmake/ament_cmake_export_libraries-extras.cmake
-- Installing: /home/locobot/Documents/kobuki/install/share/ecl_exceptions/cmake/ament_cmake_export_dependencies-extras.cmake
-- Installing: /home/locobot/Documents/kobuki/install/share/ecl_exceptions/cmake/ecl_exceptionsConfig.cmake
-- Installing: /home/locobot/Documents/kobuki/install/share/ecl_exceptions/cmake/ecl_exceptionsConfig-version.cmake
-- Installing: /home/locobot/Documents/kobuki/install/share/ecl_exceptions/package.xml
-- Installing: /home/locobot/Documents/kobuki/install/include/ecl/exceptions.hpp
-- Installing: /home/locobot/Documents/kobuki/install/include/ecl/exceptions/data_exception.hpp
-- Installing: /home/locobot/Documents/kobuki/install/include/ecl/exceptions/exception.hpp
-- Installing: /home/locobot/Documents/kobuki/install/include/ecl/exceptions/macros.hpp
-- Installing: /home/locobot/Documents/kobuki/install/include/ecl/exceptions/posix_error_handler.hpp
-- Installing: /home/locobot/Documents/kobuki/install/include/ecl/exceptions/standard_exception.hpp
-- Installing: /home/locobot/Documents/kobuki/install/lib/libecl_exceptions.so.1.2.1
-- Set runtime path of "/home/locobot/Documents/kobuki/install/lib/libecl_exceptions.so.1.2.1" to ""
-- Installing: /home/locobot/Documents/kobuki/install/lib/libecl_exceptions.so
-- Installing: /home/locobot/Documents/kobuki/install/lib/ecl_exceptions/demo_exceptions
-- Set runtime path of "/home/locobot/Documents/kobuki/install/lib/ecl_exceptions/demo_exceptions" to ""
-- Installing: /home/locobot/Documents/kobuki/install/lib/ecl_exceptions/demo_exception_tracer
-- Set runtime path of "/home/locobot/Documents/kobuki/install/lib/ecl_exceptions/demo_exception_tracer" to ""
