[0.182s] Invoking command in '/home/locobot/Documents/kobuki/build/ecl_exceptions': AMENT_PREFIX_PATH=/home/locobot/Documents/kobuki/install CMAKE_PREFIX_PATH=/home/locobot/Documents/kobuki/install LD_LIBRARY_PATH=/home/locobot/Documents/kobuki/install/lib PATH=/home/locobot/Documents/kobuki/install/bin:${PATH} PYTHONPATH=/home/locobot/Documents/kobuki/install/lib/python3.8/site-packages /usr/bin/cmake /home/locobot/Documents/kobuki/src/ecl_core/ecl_exceptions -DBUILD_TESTING=OFF -DCMAKE_INSTALL_PREFIX=/home/locobot/Documents/kobuki/install
[0.307s] -- The C compiler identification is GNU 9.4.0
[0.459s] -- The CXX compiler identification is GNU 9.4.0
[0.475s] -- Check for working C compiler: /usr/bin/cc
[0.631s] -- Check for working C compiler: /usr/bin/cc -- works
[0.646s] -- Detecting C compiler ABI info
[0.798s] -- Detecting C compiler ABI info - done
[0.818s] -- Detecting C compile features
[0.818s] -- Detecting C compile features - done
[0.822s] -- Check for working CXX compiler: /usr/bin/c++
[1.027s] -- Check for working CXX compiler: /usr/bin/c++ -- works
[1.027s] -- Detecting CXX compiler ABI info
[1.245s] -- Detecting CXX compiler ABI info - done
[1.278s] -- Detecting CXX compile features
[1.279s] -- Detecting CXX compile features - done
[1.281s] -- Found ament_cmake_ros: 0.9.2 (/home/locobot/Documents/kobuki/install/share/ament_cmake_ros/cmake)
[1.323s] -- Found PythonInterp: /usr/bin/python3 (found suitable version "3.8.10", minimum required is "3") 
[1.324s] -- Using PYTHON_EXECUTABLE: /usr/bin/python3
[1.661s] -- Found ecl_build: 1.0.3 (/home/locobot/Documents/kobuki/install/share/ecl_build/cmake)
[1.683s] -- Found ecl_config: 1.1.0 (/home/locobot/Documents/kobuki/install/share/ecl_config/cmake)
[1.687s] -- Found ecl_errors: 1.1.0 (/home/locobot/Documents/kobuki/install/share/ecl_errors/cmake)
[1.990s] -- Configuring done
[2.028s] -- Generating done
[2.046s] -- Build files have been written to: /home/locobot/Documents/kobuki/build/ecl_exceptions
[2.057s] Invoked command in '/home/locobot/Documents/kobuki/build/ecl_exceptions' returned '0': AMENT_PREFIX_PATH=/home/locobot/Documents/kobuki/install CMAKE_PREFIX_PATH=/home/locobot/Documents/kobuki/install LD_LIBRARY_PATH=/home/locobot/Documents/kobuki/install/lib PATH=/home/locobot/Documents/kobuki/install/bin:${PATH} PYTHONPATH=/home/locobot/Documents/kobuki/install/lib/python3.8/site-packages /usr/bin/cmake /home/locobot/Documents/kobuki/src/ecl_core/ecl_exceptions -DBUILD_TESTING=OFF -DCMAKE_INSTALL_PREFIX=/home/locobot/Documents/kobuki/install
[2.058s] Invoking command in '/home/locobot/Documents/kobuki/build/ecl_exceptions': AMENT_PREFIX_PATH=/home/locobot/Documents/kobuki/install CMAKE_PREFIX_PATH=/home/locobot/Documents/kobuki/install LD_LIBRARY_PATH=/home/locobot/Documents/kobuki/install/lib PATH=/home/locobot/Documents/kobuki/install/bin:${PATH} PYTHONPATH=/home/locobot/Documents/kobuki/install/lib/python3.8/site-packages /usr/bin/cmake --build /home/locobot/Documents/kobuki/build/ecl_exceptions -- -j4 -l4
[2.237s] [35m[1mScanning dependencies of target ecl_exceptions[0m
[2.302s] [ 16%] [32mBuilding CXX object src/lib/CMakeFiles/ecl_exceptions.dir/standard_exception.cpp.o[0m
[3.106s] [ 33%] [32m[1mLinking CXX shared library libecl_exceptions.so[0m
[3.404s] [ 33%] Built target ecl_exceptions
[3.415s] [35m[1mScanning dependencies of target ecl_demo_exception_tracer[0m
[3.429s] [ 50%] [32mBuilding CXX object src/examples/CMakeFiles/ecl_demo_exception_tracer.dir/exception_tracer.cpp.o[0m
[3.907s] [ 66%] [32m[1mLinking CXX executable demo_exception_tracer[0m
[4.062s] [ 66%] Built target ecl_demo_exception_tracer
[4.077s] [35m[1mScanning dependencies of target ecl_demo_exceptions[0m
[4.112s] [ 83%] [32mBuilding CXX object src/examples/CMakeFiles/ecl_demo_exceptions.dir/exceptions.cpp.o[0m
[5.226s] [100%] [32m[1mLinking CXX executable demo_exceptions[0m
[5.442s] [100%] Built target ecl_demo_exceptions
[5.500s] Invoked command in '/home/locobot/Documents/kobuki/build/ecl_exceptions' returned '0': AMENT_PREFIX_PATH=/home/locobot/Documents/kobuki/install CMAKE_PREFIX_PATH=/home/locobot/Documents/kobuki/install LD_LIBRARY_PATH=/home/locobot/Documents/kobuki/install/lib PATH=/home/locobot/Documents/kobuki/install/bin:${PATH} PYTHONPATH=/home/locobot/Documents/kobuki/install/lib/python3.8/site-packages /usr/bin/cmake --build /home/locobot/Documents/kobuki/build/ecl_exceptions -- -j4 -l4
[5.501s] Invoking command in '/home/locobot/Documents/kobuki/build/ecl_exceptions': AMENT_PREFIX_PATH=/home/locobot/Documents/kobuki/install CMAKE_PREFIX_PATH=/home/locobot/Documents/kobuki/install LD_LIBRARY_PATH=/home/locobot/Documents/kobuki/install/lib PATH=/home/locobot/Documents/kobuki/install/bin:${PATH} PYTHONPATH=/home/locobot/Documents/kobuki/install/lib/python3.8/site-packages /usr/bin/cmake --install /home/locobot/Documents/kobuki/build/ecl_exceptions
[5.544s] -- Install configuration: ""
[5.544s] -- Installing: /home/locobot/Documents/kobuki/install/share/ecl_exceptions/environment/library_path.sh
[5.544s] -- Installing: /home/locobot/Documents/kobuki/install/share/ecl_exceptions/environment/library_path.dsv
[5.545s] -- Installing: /home/locobot/Documents/kobuki/install/share/ament_index/resource_index/package_run_dependencies/ecl_exceptions
[5.545s] -- Installing: /home/locobot/Documents/kobuki/install/share/ament_index/resource_index/parent_prefix_path/ecl_exceptions
[5.545s] -- Installing: /home/locobot/Documents/kobuki/install/share/ecl_exceptions/environment/ament_prefix_path.sh
[5.545s] -- Installing: /home/locobot/Documents/kobuki/install/share/ecl_exceptions/environment/ament_prefix_path.dsv
[5.545s] -- Installing: /home/locobot/Documents/kobuki/install/share/ecl_exceptions/environment/path.sh
[5.545s] -- Installing: /home/locobot/Documents/kobuki/install/share/ecl_exceptions/environment/path.dsv
[5.546s] -- Installing: /home/locobot/Documents/kobuki/install/share/ecl_exceptions/local_setup.bash
[5.546s] -- Installing: /home/locobot/Documents/kobuki/install/share/ecl_exceptions/local_setup.sh
[5.546s] -- Installing: /home/locobot/Documents/kobuki/install/share/ecl_exceptions/local_setup.zsh
[5.546s] -- Installing: /home/locobot/Documents/kobuki/install/share/ecl_exceptions/local_setup.dsv
[5.546s] -- Installing: /home/locobot/Documents/kobuki/install/share/ecl_exceptions/package.dsv
[5.546s] -- Installing: /home/locobot/Documents/kobuki/install/share/ament_index/resource_index/packages/ecl_exceptions
[5.546s] -- Installing: /home/locobot/Documents/kobuki/install/share/ecl_exceptions/cmake/ecl_exceptionsExport.cmake
[5.547s] -- Installing: /home/locobot/Documents/kobuki/install/share/ecl_exceptions/cmake/ecl_exceptionsExport-noconfig.cmake
[5.547s] -- Installing: /home/locobot/Documents/kobuki/install/share/ecl_exceptions/cmake/ament_cmake_export_targets-extras.cmake
[5.547s] -- Installing: /home/locobot/Documents/kobuki/install/share/ecl_exceptions/cmake/ament_cmake_export_include_directories-extras.cmake
[5.547s] -- Installing: /home/locobot/Documents/kobuki/install/share/ecl_exceptions/cmake/ament_cmake_export_libraries-extras.cmake
[5.547s] -- Installing: /home/locobot/Documents/kobuki/install/share/ecl_exceptions/cmake/ament_cmake_export_dependencies-extras.cmake
[5.547s] -- Installing: /home/locobot/Documents/kobuki/install/share/ecl_exceptions/cmake/ecl_exceptionsConfig.cmake
[5.547s] -- Installing: /home/locobot/Documents/kobuki/install/share/ecl_exceptions/cmake/ecl_exceptionsConfig-version.cmake
[5.566s] -- Installing: /home/locobot/Documents/kobuki/install/share/ecl_exceptions/package.xml
[5.566s] -- Installing: /home/locobot/Documents/kobuki/install/include/ecl/exceptions.hpp
[5.567s] -- Installing: /home/locobot/Documents/kobuki/install/include/ecl/exceptions/data_exception.hpp
[5.567s] -- Installing: /home/locobot/Documents/kobuki/install/include/ecl/exceptions/exception.hpp
[5.567s] -- Installing: /home/locobot/Documents/kobuki/install/include/ecl/exceptions/macros.hpp
[5.567s] -- Installing: /home/locobot/Documents/kobuki/install/include/ecl/exceptions/posix_error_handler.hpp
[5.568s] -- Installing: /home/locobot/Documents/kobuki/install/include/ecl/exceptions/standard_exception.hpp
[5.568s] -- Installing: /home/locobot/Documents/kobuki/install/lib/libecl_exceptions.so.1.2.1
[5.568s] -- Set runtime path of "/home/locobot/Documents/kobuki/install/lib/libecl_exceptions.so.1.2.1" to ""
[5.568s] -- Installing: /home/locobot/Documents/kobuki/install/lib/libecl_exceptions.so
[5.568s] -- Installing: /home/locobot/Documents/kobuki/install/lib/ecl_exceptions/demo_exceptions
[5.568s] -- Set runtime path of "/home/locobot/Documents/kobuki/install/lib/ecl_exceptions/demo_exceptions" to ""
[5.568s] -- Installing: /home/locobot/Documents/kobuki/install/lib/ecl_exceptions/demo_exception_tracer
[5.568s] -- Set runtime path of "/home/locobot/Documents/kobuki/install/lib/ecl_exceptions/demo_exception_tracer" to ""
[5.569s] Invoked command in '/home/locobot/Documents/kobuki/build/ecl_exceptions' returned '0': AMENT_PREFIX_PATH=/home/locobot/Documents/kobuki/install CMAKE_PREFIX_PATH=/home/locobot/Documents/kobuki/install LD_LIBRARY_PATH=/home/locobot/Documents/kobuki/install/lib PATH=/home/locobot/Documents/kobuki/install/bin:${PATH} PYTHONPATH=/home/locobot/Documents/kobuki/install/lib/python3.8/site-packages /usr/bin/cmake --install /home/locobot/Documents/kobuki/build/ecl_exceptions
