[0.143s] Invoking command in '/home/locobot/Documents/kobuki/build/ecl_streams': AMENT_PREFIX_PATH=/home/locobot/Documents/kobuki/install CMAKE_PREFIX_PATH=/home/locobot/Documents/kobuki/install LD_LIBRARY_PATH=/home/locobot/Documents/kobuki/install/lib PATH=/home/locobot/Documents/kobuki/install/bin:${PATH} PYTHONPATH=/home/locobot/Documents/kobuki/install/lib/python3.8/site-packages /usr/bin/cmake /home/locobot/Documents/kobuki/src/ecl_core/ecl_streams -DBUILD_TESTING=OFF -DCMAKE_BUILD_TYPE=RelWithDebInfo -DCMAKE_INSTALL_PREFIX=/home/locobot/Documents/kobuki/install
[0.159s] -- Found ament_cmake_ros: 0.9.2 (/home/locobot/Documents/kobuki/install/share/ament_cmake_ros/cmake)
[0.180s] -- Using PYTHON_EXECUTABLE: /usr/bin/python3
[0.358s] -- Found ecl_build: 1.0.3 (/home/locobot/Documents/kobuki/install/share/ecl_build/cmake)
[0.365s] -- Found ecl_concepts: 1.2.1 (/home/locobot/Documents/kobuki/install/share/ecl_concepts/cmake)
[0.375s] -- Found ecl_converters: 1.2.1 (/home/locobot/Documents/kobuki/install/share/ecl_converters/cmake)
[0.387s] -- Found ecl_devices: 1.2.1 (/home/locobot/Documents/kobuki/install/share/ecl_devices/cmake)
[0.521s] -- Configuring done
[0.540s] -- Generating done
[0.547s] -- Build files have been written to: /home/locobot/Documents/kobuki/build/ecl_streams
[0.556s] Invoked command in '/home/locobot/Documents/kobuki/build/ecl_streams' returned '0': AMENT_PREFIX_PATH=/home/locobot/Documents/kobuki/install CMAKE_PREFIX_PATH=/home/locobot/Documents/kobuki/install LD_LIBRARY_PATH=/home/locobot/Documents/kobuki/install/lib PATH=/home/locobot/Documents/kobuki/install/bin:${PATH} PYTHONPATH=/home/locobot/Documents/kobuki/install/lib/python3.8/site-packages /usr/bin/cmake /home/locobot/Documents/kobuki/src/ecl_core/ecl_streams -DBUILD_TESTING=OFF -DCMAKE_BUILD_TYPE=RelWithDebInfo -DCMAKE_INSTALL_PREFIX=/home/locobot/Documents/kobuki/install
[0.557s] Invoking command in '/home/locobot/Documents/kobuki/build/ecl_streams': AMENT_PREFIX_PATH=/home/locobot/Documents/kobuki/install CMAKE_PREFIX_PATH=/home/locobot/Documents/kobuki/install LD_LIBRARY_PATH=/home/locobot/Documents/kobuki/install/lib PATH=/home/locobot/Documents/kobuki/install/bin:${PATH} PYTHONPATH=/home/locobot/Documents/kobuki/install/lib/python3.8/site-packages /usr/bin/cmake --build /home/locobot/Documents/kobuki/build/ecl_streams -- -j4 -l4
[0.621s] [ 14%] [32mBuilding CXX object src/lib/CMakeFiles/ecl_streams.dir/log_stream.cpp.o[0m
[1.535s] [ 28%] [32mBuilding CXX object src/lib/CMakeFiles/ecl_streams.dir/manipulators.cpp.o[0m
[2.060s] [ 42%] [32m[1mLinking CXX shared library libecl_streams.so[0m
[2.206s] [ 42%] Built target ecl_streams
[2.237s] [ 57%] [32mBuilding CXX object src/examples/CMakeFiles/ecl_time_example_log_streams.dir/log_streams.cpp.o[0m
[3.520s] [ 71%] [32m[1mLinking CXX executable demo_log_streams[0m
[3.646s] [ 71%] Built target ecl_time_example_log_streams
[3.673s] [ 85%] [32mBuilding CXX object src/examples/CMakeFiles/ecl_time_example_console_streams.dir/console_streams.cpp.o[0m
[4.777s] [100%] [32m[1mLinking CXX executable demo_console_streams[0m
[4.904s] [100%] Built target ecl_time_example_console_streams
[4.925s] Invoked command in '/home/locobot/Documents/kobuki/build/ecl_streams' returned '0': AMENT_PREFIX_PATH=/home/locobot/Documents/kobuki/install CMAKE_PREFIX_PATH=/home/locobot/Documents/kobuki/install LD_LIBRARY_PATH=/home/locobot/Documents/kobuki/install/lib PATH=/home/locobot/Documents/kobuki/install/bin:${PATH} PYTHONPATH=/home/locobot/Documents/kobuki/install/lib/python3.8/site-packages /usr/bin/cmake --build /home/locobot/Documents/kobuki/build/ecl_streams -- -j4 -l4
[4.926s] Invoking command in '/home/locobot/Documents/kobuki/build/ecl_streams': AMENT_PREFIX_PATH=/home/locobot/Documents/kobuki/install CMAKE_PREFIX_PATH=/home/locobot/Documents/kobuki/install LD_LIBRARY_PATH=/home/locobot/Documents/kobuki/install/lib PATH=/home/locobot/Documents/kobuki/install/bin:${PATH} PYTHONPATH=/home/locobot/Documents/kobuki/install/lib/python3.8/site-packages /usr/bin/cmake --install /home/locobot/Documents/kobuki/build/ecl_streams
[4.939s] -- Install configuration: "RelWithDebInfo"
[4.940s] -- Up-to-date: /home/locobot/Documents/kobuki/install/share/ecl_streams/environment/library_path.sh
[4.940s] -- Installing: /home/locobot/Documents/kobuki/install/share/ecl_streams/environment/library_path.dsv
[4.940s] -- Up-to-date: /home/locobot/Documents/kobuki/install/share/ament_index/resource_index/package_run_dependencies/ecl_streams
[4.941s] -- Up-to-date: /home/locobot/Documents/kobuki/install/share/ament_index/resource_index/parent_prefix_path/ecl_streams
[4.941s] -- Up-to-date: /home/locobot/Documents/kobuki/install/share/ecl_streams/environment/ament_prefix_path.sh
[4.941s] -- Installing: /home/locobot/Documents/kobuki/install/share/ecl_streams/environment/ament_prefix_path.dsv
[4.942s] -- Up-to-date: /home/locobot/Documents/kobuki/install/share/ecl_streams/environment/path.sh
[4.942s] -- Installing: /home/locobot/Documents/kobuki/install/share/ecl_streams/environment/path.dsv
[4.942s] -- Up-to-date: /home/locobot/Documents/kobuki/install/share/ecl_streams/local_setup.bash
[4.943s] -- Up-to-date: /home/locobot/Documents/kobuki/install/share/ecl_streams/local_setup.sh
[4.943s] -- Up-to-date: /home/locobot/Documents/kobuki/install/share/ecl_streams/local_setup.zsh
[4.943s] -- Installing: /home/locobot/Documents/kobuki/install/share/ecl_streams/local_setup.dsv
[4.943s] -- Installing: /home/locobot/Documents/kobuki/install/share/ecl_streams/package.dsv
[4.944s] -- Up-to-date: /home/locobot/Documents/kobuki/install/share/ament_index/resource_index/packages/ecl_streams
[4.944s] -- Up-to-date: /home/locobot/Documents/kobuki/install/share/ecl_streams/cmake/ecl_streamsExport.cmake
[4.945s] -- Installing: /home/locobot/Documents/kobuki/install/share/ecl_streams/cmake/ecl_streamsExport-relwithdebinfo.cmake
[4.945s] -- Up-to-date: /home/locobot/Documents/kobuki/install/share/ecl_streams/cmake/ament_cmake_export_targets-extras.cmake
[4.945s] -- Up-to-date: /home/locobot/Documents/kobuki/install/share/ecl_streams/cmake/ament_cmake_export_include_directories-extras.cmake
[4.946s] -- Up-to-date: /home/locobot/Documents/kobuki/install/share/ecl_streams/cmake/ament_cmake_export_libraries-extras.cmake
[4.946s] -- Up-to-date: /home/locobot/Documents/kobuki/install/share/ecl_streams/cmake/ament_cmake_export_dependencies-extras.cmake
[4.946s] -- Up-to-date: /home/locobot/Documents/kobuki/install/share/ecl_streams/cmake/ecl_streamsConfig.cmake
[4.946s] -- Up-to-date: /home/locobot/Documents/kobuki/install/share/ecl_streams/cmake/ecl_streamsConfig-version.cmake
[4.946s] -- Up-to-date: /home/locobot/Documents/kobuki/install/share/ecl_streams/package.xml
[4.947s] -- Up-to-date: /home/locobot/Documents/kobuki/install/include/ecl/streams.hpp
[4.948s] -- Up-to-date: /home/locobot/Documents/kobuki/install/include/ecl/streams/console_streams.hpp
[4.948s] -- Up-to-date: /home/locobot/Documents/kobuki/install/include/ecl/streams/file_streams.hpp
[4.948s] -- Up-to-date: /home/locobot/Documents/kobuki/install/include/ecl/streams/log_stream.hpp
[4.948s] -- Up-to-date: /home/locobot/Documents/kobuki/install/include/ecl/streams/macros.hpp
[4.948s] -- Up-to-date: /home/locobot/Documents/kobuki/install/include/ecl/streams/manipulators.hpp
[4.949s] -- Up-to-date: /home/locobot/Documents/kobuki/install/include/ecl/streams/serial_stream.hpp
[4.949s] -- Up-to-date: /home/locobot/Documents/kobuki/install/include/ecl/streams/shared_file_stream.hpp
[4.949s] -- Up-to-date: /home/locobot/Documents/kobuki/install/include/ecl/streams/socket_streams.hpp
[4.949s] -- Up-to-date: /home/locobot/Documents/kobuki/install/include/ecl/streams/string_stream.hpp
[4.949s] -- Up-to-date: /home/locobot/Documents/kobuki/install/include/ecl/streams/text_stream.hpp
[4.950s] -- Up-to-date: /home/locobot/Documents/kobuki/install/include/ecl/streams/manipulators/clear_screen.hpp
[4.950s] -- Up-to-date: /home/locobot/Documents/kobuki/install/include/ecl/streams/manipulators/end_of_line.hpp
[4.950s] -- Up-to-date: /home/locobot/Documents/kobuki/install/include/ecl/streams/manipulators/manipulator.hpp
[4.951s] -- Up-to-date: /home/locobot/Documents/kobuki/install/include/ecl/streams/text_streams/base_text_stream.hpp
[4.951s] -- Up-to-date: /home/locobot/Documents/kobuki/install/include/ecl/streams/text_streams/input_text_stream.hpp
[4.951s] -- Up-to-date: /home/locobot/Documents/kobuki/install/include/ecl/streams/text_streams/output_text_stream.hpp
[4.952s] -- Installing: /home/locobot/Documents/kobuki/install/lib/libecl_streams.so.1.2.1
[4.954s] -- Set runtime path of "/home/locobot/Documents/kobuki/install/lib/libecl_streams.so.1.2.1" to ""
[4.954s] -- Up-to-date: /home/locobot/Documents/kobuki/install/lib/libecl_streams.so
[4.955s] -- Installing: /home/locobot/Documents/kobuki/install/lib/ecl_streams/demo_console_streams
[4.956s] -- Set runtime path of "/home/locobot/Documents/kobuki/install/lib/ecl_streams/demo_console_streams" to ""
[4.956s] -- Installing: /home/locobot/Documents/kobuki/install/lib/ecl_streams/demo_log_streams
[4.958s] -- Set runtime path of "/home/locobot/Documents/kobuki/install/lib/ecl_streams/demo_log_streams" to ""
[4.971s] Invoked command in '/home/locobot/Documents/kobuki/build/ecl_streams' returned '0': AMENT_PREFIX_PATH=/home/locobot/Documents/kobuki/install CMAKE_PREFIX_PATH=/home/locobot/Documents/kobuki/install LD_LIBRARY_PATH=/home/locobot/Documents/kobuki/install/lib PATH=/home/locobot/Documents/kobuki/install/bin:${PATH} PYTHONPATH=/home/locobot/Documents/kobuki/install/lib/python3.8/site-packages /usr/bin/cmake --install /home/locobot/Documents/kobuki/build/ecl_streams
