[1.225s] Invoking command in '/home/locobot/Documents/kobuki/src/ament_lint/ament_xmllint': AMENT_PREFIX_PATH=/home/locobot/Documents/kobuki/install CMAKE_PREFIX_PATH=/home/locobot/Documents/kobuki/install PATH=/home/locobot/Documents/kobuki/install/bin:${PATH} PYTHONPATH=/home/locobot/Documents/kobuki/build/ament_xmllint/prefix_override:/home/locobot/.local/lib/python3.8/site-packages/colcon_core/task/python/colcon_distutils_commands:/home/locobot/Documents/kobuki/install/lib/python3.8/site-packages:/home/locobot/Documents/kobuki/install/lib/python3.8/site-packages /usr/bin/python3 -W ignore:setup.py install is deprecated -W ignore:easy_install command is deprecated setup.py egg_info --egg-base ../../../build/ament_xmllint build --build-base /home/locobot/Documents/kobuki/build/ament_xmllint/build install --record /home/locobot/Documents/kobuki/build/ament_xmllint/install.log --single-version-externally-managed install_data
[1.802s] running egg_info
[1.803s] creating ../../../build/ament_xmllint/ament_xmllint.egg-info
[1.803s] writing ../../../build/ament_xmllint/ament_xmllint.egg-info/PKG-INFO
[1.813s] writing dependency_links to ../../../build/ament_xmllint/ament_xmllint.egg-info/dependency_links.txt
[1.813s] writing entry points to ../../../build/ament_xmllint/ament_xmllint.egg-info/entry_points.txt
[1.813s] writing requirements to ../../../build/ament_xmllint/ament_xmllint.egg-info/requires.txt
[1.813s] writing top-level names to ../../../build/ament_xmllint/ament_xmllint.egg-info/top_level.txt
[1.813s] writing manifest file '../../../build/ament_xmllint/ament_xmllint.egg-info/SOURCES.txt'
[1.928s] reading manifest file '../../../build/ament_xmllint/ament_xmllint.egg-info/SOURCES.txt'
[1.929s] writing manifest file '../../../build/ament_xmllint/ament_xmllint.egg-info/SOURCES.txt'
[1.929s] running build
[1.929s] running build_py
[1.929s] creating /home/locobot/Documents/kobuki/build/ament_xmllint/build
[1.929s] creating /home/locobot/Documents/kobuki/build/ament_xmllint/build/lib
[1.929s] creating /home/locobot/Documents/kobuki/build/ament_xmllint/build/lib/ament_xmllint
[1.929s] copying ament_xmllint/__init__.py -> /home/locobot/Documents/kobuki/build/ament_xmllint/build/lib/ament_xmllint
[1.929s] copying ament_xmllint/pytest_marker.py -> /home/locobot/Documents/kobuki/build/ament_xmllint/build/lib/ament_xmllint
[1.929s] copying ament_xmllint/main.py -> /home/locobot/Documents/kobuki/build/ament_xmllint/build/lib/ament_xmllint
[1.930s] running install
[1.930s] running install_lib
[1.930s] creating /home/locobot/Documents/kobuki/install/lib/python3.8/site-packages/ament_xmllint
[1.930s] copying /home/locobot/Documents/kobuki/build/ament_xmllint/build/lib/ament_xmllint/__init__.py -> /home/locobot/Documents/kobuki/install/lib/python3.8/site-packages/ament_xmllint
[1.930s] copying /home/locobot/Documents/kobuki/build/ament_xmllint/build/lib/ament_xmllint/pytest_marker.py -> /home/locobot/Documents/kobuki/install/lib/python3.8/site-packages/ament_xmllint
[1.930s] copying /home/locobot/Documents/kobuki/build/ament_xmllint/build/lib/ament_xmllint/main.py -> /home/locobot/Documents/kobuki/install/lib/python3.8/site-packages/ament_xmllint
[1.930s] byte-compiling /home/locobot/Documents/kobuki/install/lib/python3.8/site-packages/ament_xmllint/__init__.py to __init__.cpython-38.pyc
[1.930s] byte-compiling /home/locobot/Documents/kobuki/install/lib/python3.8/site-packages/ament_xmllint/pytest_marker.py to pytest_marker.cpython-38.pyc
[1.930s] byte-compiling /home/locobot/Documents/kobuki/install/lib/python3.8/site-packages/ament_xmllint/main.py to main.cpython-38.pyc
[1.931s] running install_data
[1.931s] copying package.xml -> /home/locobot/Documents/kobuki/install/share/ament_xmllint
[1.931s] copying resource/ament_xmllint -> /home/locobot/Documents/kobuki/install/share/ament_index/resource_index/packages
[1.931s] running install_egg_info
[1.931s] Copying ../../../build/ament_xmllint/ament_xmllint.egg-info to /home/locobot/Documents/kobuki/install/lib/python3.8/site-packages/ament_xmllint-0.9.8-py3.8.egg-info
[1.931s] running install_scripts
[1.954s] Installing ament_xmllint script to /home/locobot/Documents/kobuki/install/bin
[1.956s] writing list of installed files to '/home/locobot/Documents/kobuki/build/ament_xmllint/install.log'
[2.078s] Invoked command in '/home/locobot/Documents/kobuki/src/ament_lint/ament_xmllint' returned '0': AMENT_PREFIX_PATH=/home/locobot/Documents/kobuki/install CMAKE_PREFIX_PATH=/home/locobot/Documents/kobuki/install PATH=/home/locobot/Documents/kobuki/install/bin:${PATH} PYTHONPATH=/home/locobot/Documents/kobuki/build/ament_xmllint/prefix_override:/home/locobot/.local/lib/python3.8/site-packages/colcon_core/task/python/colcon_distutils_commands:/home/locobot/Documents/kobuki/install/lib/python3.8/site-packages:/home/locobot/Documents/kobuki/install/lib/python3.8/site-packages /usr/bin/python3 -W ignore:setup.py install is deprecated -W ignore:easy_install command is deprecated setup.py egg_info --egg-base ../../../build/ament_xmllint build --build-base /home/locobot/Documents/kobuki/build/ament_xmllint/build install --record /home/locobot/Documents/kobuki/build/ament_xmllint/install.log --single-version-externally-managed install_data
