[0.109s] Invoking command in '/home/locobot/Documents/kobuki/build/ament_cmake_flake8': AMENT_PREFIX_PATH=/home/locobot/Documents/kobuki/install CMAKE_PREFIX_PATH=/home/locobot/Documents/kobuki/install LD_LIBRARY_PATH=/home/locobot/Documents/kobuki/install/lib PATH=/home/locobot/Documents/kobuki/install/bin:${PATH} PYTHONPATH=/home/locobot/Documents/kobuki/install/lib/python3.8/site-packages /usr/bin/cmake /home/locobot/Documents/kobuki/src/ament_lint/ament_cmake_flake8 -DBUILD_TESTING=OFF --no-warn-unused-cli -DCMAKE_INSTALL_PREFIX=/home/locobot/Documents/kobuki/install
[0.133s] Not searching for unused variables given on the command line.
[0.139s] -- Found ament_cmake_core: 0.9.12 (/home/locobot/Documents/kobuki/install/share/ament_cmake_core/cmake)
[0.167s] -- Using PYTHON_EXECUTABLE: /usr/bin/python3
[0.446s] -- Found ament_cmake_test: 0.9.12 (/home/locobot/Documents/kobuki/install/share/ament_cmake_test/cmake)
[0.589s] -- Configuring done
[0.596s] -- Generating done
[0.598s] -- Build files have been written to: /home/locobot/Documents/kobuki/build/ament_cmake_flake8
[0.605s] Invoked command in '/home/locobot/Documents/kobuki/build/ament_cmake_flake8' returned '0': AMENT_PREFIX_PATH=/home/locobot/Documents/kobuki/install CMAKE_PREFIX_PATH=/home/locobot/Documents/kobuki/install LD_LIBRARY_PATH=/home/locobot/Documents/kobuki/install/lib PATH=/home/locobot/Documents/kobuki/install/bin:${PATH} PYTHONPATH=/home/locobot/Documents/kobuki/install/lib/python3.8/site-packages /usr/bin/cmake /home/locobot/Documents/kobuki/src/ament_lint/ament_cmake_flake8 -DBUILD_TESTING=OFF --no-warn-unused-cli -DCMAKE_INSTALL_PREFIX=/home/locobot/Documents/kobuki/install
[0.606s] Invoking command in '/home/locobot/Documents/kobuki/build/ament_cmake_flake8': AMENT_PREFIX_PATH=/home/locobot/Documents/kobuki/install CMAKE_PREFIX_PATH=/home/locobot/Documents/kobuki/install LD_LIBRARY_PATH=/home/locobot/Documents/kobuki/install/lib PATH=/home/locobot/Documents/kobuki/install/bin:${PATH} PYTHONPATH=/home/locobot/Documents/kobuki/install/lib/python3.8/site-packages /usr/bin/cmake --build /home/locobot/Documents/kobuki/build/ament_cmake_flake8 -- -j4 -l4
[0.714s] Invoked command in '/home/locobot/Documents/kobuki/build/ament_cmake_flake8' returned '0': AMENT_PREFIX_PATH=/home/locobot/Documents/kobuki/install CMAKE_PREFIX_PATH=/home/locobot/Documents/kobuki/install LD_LIBRARY_PATH=/home/locobot/Documents/kobuki/install/lib PATH=/home/locobot/Documents/kobuki/install/bin:${PATH} PYTHONPATH=/home/locobot/Documents/kobuki/install/lib/python3.8/site-packages /usr/bin/cmake --build /home/locobot/Documents/kobuki/build/ament_cmake_flake8 -- -j4 -l4
[0.715s] Invoking command in '/home/locobot/Documents/kobuki/build/ament_cmake_flake8': AMENT_PREFIX_PATH=/home/locobot/Documents/kobuki/install CMAKE_PREFIX_PATH=/home/locobot/Documents/kobuki/install LD_LIBRARY_PATH=/home/locobot/Documents/kobuki/install/lib PATH=/home/locobot/Documents/kobuki/install/bin:${PATH} PYTHONPATH=/home/locobot/Documents/kobuki/install/lib/python3.8/site-packages /usr/bin/cmake --install /home/locobot/Documents/kobuki/build/ament_cmake_flake8
[0.762s] -- Install configuration: ""
[0.762s] -- Up-to-date: /home/locobot/Documents/kobuki/install/share/ament_index/resource_index/package_run_dependencies/ament_cmake_flake8
[0.762s] -- Up-to-date: /home/locobot/Documents/kobuki/install/share/ament_index/resource_index/parent_prefix_path/ament_cmake_flake8
[0.762s] -- Up-to-date: /home/locobot/Documents/kobuki/install/share/ament_cmake_flake8/environment/ament_prefix_path.sh
[0.763s] -- Installing: /home/locobot/Documents/kobuki/install/share/ament_cmake_flake8/environment/ament_prefix_path.dsv
[0.763s] -- Up-to-date: /home/locobot/Documents/kobuki/install/share/ament_cmake_flake8/environment/path.sh
[0.763s] -- Installing: /home/locobot/Documents/kobuki/install/share/ament_cmake_flake8/environment/path.dsv
[0.763s] -- Up-to-date: /home/locobot/Documents/kobuki/install/share/ament_cmake_flake8/local_setup.bash
[0.763s] -- Up-to-date: /home/locobot/Documents/kobuki/install/share/ament_cmake_flake8/local_setup.sh
[0.763s] -- Up-to-date: /home/locobot/Documents/kobuki/install/share/ament_cmake_flake8/local_setup.zsh
[0.763s] -- Installing: /home/locobot/Documents/kobuki/install/share/ament_cmake_flake8/local_setup.dsv
[0.763s] -- Installing: /home/locobot/Documents/kobuki/install/share/ament_cmake_flake8/package.dsv
[0.763s] -- Up-to-date: /home/locobot/Documents/kobuki/install/share/ament_index/resource_index/packages/ament_cmake_flake8
[0.763s] -- Up-to-date: /home/locobot/Documents/kobuki/install/share/ament_cmake_flake8/cmake/ament_cmake_flake8-extras.cmake
[0.763s] -- Up-to-date: /home/locobot/Documents/kobuki/install/share/ament_cmake_flake8/cmake/ament_cmake_flake8Config.cmake
[0.764s] -- Up-to-date: /home/locobot/Documents/kobuki/install/share/ament_cmake_flake8/cmake/ament_cmake_flake8Config-version.cmake
[0.764s] -- Up-to-date: /home/locobot/Documents/kobuki/install/share/ament_cmake_flake8/package.xml
[0.764s] -- Up-to-date: /home/locobot/Documents/kobuki/install/share/ament_cmake_flake8/cmake
[0.764s] -- Up-to-date: /home/locobot/Documents/kobuki/install/share/ament_cmake_flake8/cmake/ament_cmake_flake8_lint_hook.cmake
[0.764s] -- Up-to-date: /home/locobot/Documents/kobuki/install/share/ament_cmake_flake8/cmake/ament_flake8.cmake
[0.764s] Invoked command in '/home/locobot/Documents/kobuki/build/ament_cmake_flake8' returned '0': AMENT_PREFIX_PATH=/home/locobot/Documents/kobuki/install CMAKE_PREFIX_PATH=/home/locobot/Documents/kobuki/install LD_LIBRARY_PATH=/home/locobot/Documents/kobuki/install/lib PATH=/home/locobot/Documents/kobuki/install/bin:${PATH} PYTHONPATH=/home/locobot/Documents/kobuki/install/lib/python3.8/site-packages /usr/bin/cmake --install /home/locobot/Documents/kobuki/build/ament_cmake_flake8
