[1.122s] Invoking command in '/home/locobot/Documents/kobuki/src/ament_lint/ament_pycodestyle': PYTHONPATH=/home/locobot/Documents/kobuki/build/ament_pycodestyle/prefix_override:/home/locobot/.local/lib/python3.8/site-packages/colcon_core/task/python/colcon_distutils_commands:/home/locobot/Documents/kobuki/install/lib/python3.8/site-packages: /usr/bin/python3 -W ignore:setup.py install is deprecated -W ignore:easy_install command is deprecated setup.py egg_info --egg-base ../../../build/ament_pycodestyle build --build-base /home/locobot/Documents/kobuki/build/ament_pycodestyle/build install --record /home/locobot/Documents/kobuki/build/ament_pycodestyle/install.log --single-version-externally-managed install_data
[1.601s] running egg_info
[1.602s] writing ../../../build/ament_pycodestyle/ament_pycodestyle.egg-info/PKG-INFO
[1.602s] writing dependency_links to ../../../build/ament_pycodestyle/ament_pycodestyle.egg-info/dependency_links.txt
[1.602s] writing entry points to ../../../build/ament_pycodestyle/ament_pycodestyle.egg-info/entry_points.txt
[1.602s] writing requirements to ../../../build/ament_pycodestyle/ament_pycodestyle.egg-info/requires.txt
[1.603s] writing top-level names to ../../../build/ament_pycodestyle/ament_pycodestyle.egg-info/top_level.txt
[1.688s] reading manifest file '../../../build/ament_pycodestyle/ament_pycodestyle.egg-info/SOURCES.txt'
[1.690s] writing manifest file '../../../build/ament_pycodestyle/ament_pycodestyle.egg-info/SOURCES.txt'
[1.690s] running build
[1.690s] running build_py
[1.690s] running install
[1.692s] running install_lib
[1.694s] running install_data
[1.694s] running install_egg_info
[1.696s] removing '/home/locobot/Documents/kobuki/install/lib/python3.8/site-packages/ament_pycodestyle-0.9.8-py3.8.egg-info' (and everything under it)
[1.696s] Copying ../../../build/ament_pycodestyle/ament_pycodestyle.egg-info to /home/locobot/Documents/kobuki/install/lib/python3.8/site-packages/ament_pycodestyle-0.9.8-py3.8.egg-info
[1.698s] running install_scripts
[1.724s] Installing ament_pycodestyle script to /home/locobot/Documents/kobuki/install/bin
[1.724s] writing list of installed files to '/home/locobot/Documents/kobuki/build/ament_pycodestyle/install.log'
[1.802s] Invoked command in '/home/locobot/Documents/kobuki/src/ament_lint/ament_pycodestyle' returned '0': PYTHONPATH=/home/locobot/Documents/kobuki/build/ament_pycodestyle/prefix_override:/home/locobot/.local/lib/python3.8/site-packages/colcon_core/task/python/colcon_distutils_commands:/home/locobot/Documents/kobuki/install/lib/python3.8/site-packages: /usr/bin/python3 -W ignore:setup.py install is deprecated -W ignore:easy_install command is deprecated setup.py egg_info --egg-base ../../../build/ament_pycodestyle build --build-base /home/locobot/Documents/kobuki/build/ament_pycodestyle/build install --record /home/locobot/Documents/kobuki/build/ament_pycodestyle/install.log --single-version-externally-managed install_data
