[0.468s] Invoking command in '/home/locobot/Documents/kobuki/build/ecl_lite': AMENT_PREFIX_PATH=/home/locobot/Documents/kobuki/install CMAKE_PREFIX_PATH=/home/locobot/Documents/kobuki/install LD_LIBRARY_PATH=/home/locobot/Documents/kobuki/install/lib PATH=/home/locobot/Documents/kobuki/install/bin:${PATH} PYTHONPATH=/home/locobot/Documents/kobuki/install/lib/python3.8/site-packages /usr/bin/cmake /home/locobot/Documents/kobuki/src/ecl_lite/ecl_lite -DBUILD_TESTING=OFF -DCMAKE_BUILD_TYPE=RelWithDebInfo -DCMAKE_INSTALL_PREFIX=/home/locobot/Documents/kobuki/install
[0.492s] -- Found ament_cmake_ros: 0.9.2 (/home/locobot/Documents/kobuki/install/share/ament_cmake_ros/cmake)
[0.518s] -- Using PYTHON_EXECUTABLE: /usr/bin/python3
[0.902s] -- Configuring done
[0.905s] -- Generating done
[0.908s] -- Build files have been written to: /home/locobot/Documents/kobuki/build/ecl_lite
[0.915s] Invoked command in '/home/locobot/Documents/kobuki/build/ecl_lite' returned '0': AMENT_PREFIX_PATH=/home/locobot/Documents/kobuki/install CMAKE_PREFIX_PATH=/home/locobot/Documents/kobuki/install LD_LIBRARY_PATH=/home/locobot/Documents/kobuki/install/lib PATH=/home/locobot/Documents/kobuki/install/bin:${PATH} PYTHONPATH=/home/locobot/Documents/kobuki/install/lib/python3.8/site-packages /usr/bin/cmake /home/locobot/Documents/kobuki/src/ecl_lite/ecl_lite -DBUILD_TESTING=OFF -DCMAKE_BUILD_TYPE=RelWithDebInfo -DCMAKE_INSTALL_PREFIX=/home/locobot/Documents/kobuki/install
[0.916s] Invoking command in '/home/locobot/Documents/kobuki/build/ecl_lite': AMENT_PREFIX_PATH=/home/locobot/Documents/kobuki/install CMAKE_PREFIX_PATH=/home/locobot/Documents/kobuki/install LD_LIBRARY_PATH=/home/locobot/Documents/kobuki/install/lib PATH=/home/locobot/Documents/kobuki/install/bin:${PATH} PYTHONPATH=/home/locobot/Documents/kobuki/install/lib/python3.8/site-packages /usr/bin/cmake --build /home/locobot/Documents/kobuki/build/ecl_lite -- -j4 -l4
[0.995s] Invoked command in '/home/locobot/Documents/kobuki/build/ecl_lite' returned '0': AMENT_PREFIX_PATH=/home/locobot/Documents/kobuki/install CMAKE_PREFIX_PATH=/home/locobot/Documents/kobuki/install LD_LIBRARY_PATH=/home/locobot/Documents/kobuki/install/lib PATH=/home/locobot/Documents/kobuki/install/bin:${PATH} PYTHONPATH=/home/locobot/Documents/kobuki/install/lib/python3.8/site-packages /usr/bin/cmake --build /home/locobot/Documents/kobuki/build/ecl_lite -- -j4 -l4
[1.010s] Invoking command in '/home/locobot/Documents/kobuki/build/ecl_lite': AMENT_PREFIX_PATH=/home/locobot/Documents/kobuki/install CMAKE_PREFIX_PATH=/home/locobot/Documents/kobuki/install LD_LIBRARY_PATH=/home/locobot/Documents/kobuki/install/lib PATH=/home/locobot/Documents/kobuki/install/bin:${PATH} PYTHONPATH=/home/locobot/Documents/kobuki/install/lib/python3.8/site-packages /usr/bin/cmake --install /home/locobot/Documents/kobuki/build/ecl_lite
[1.031s] -- Install configuration: "RelWithDebInfo"
[1.032s] -- Up-to-date: /home/locobot/Documents/kobuki/install/share/ament_index/resource_index/package_run_dependencies/ecl_lite
[1.032s] -- Up-to-date: /home/locobot/Documents/kobuki/install/share/ament_index/resource_index/parent_prefix_path/ecl_lite
[1.032s] -- Up-to-date: /home/locobot/Documents/kobuki/install/share/ecl_lite/environment/ament_prefix_path.sh
[1.032s] -- Installing: /home/locobot/Documents/kobuki/install/share/ecl_lite/environment/ament_prefix_path.dsv
[1.032s] -- Up-to-date: /home/locobot/Documents/kobuki/install/share/ecl_lite/environment/path.sh
[1.032s] -- Installing: /home/locobot/Documents/kobuki/install/share/ecl_lite/environment/path.dsv
[1.032s] -- Up-to-date: /home/locobot/Documents/kobuki/install/share/ecl_lite/local_setup.bash
[1.032s] -- Up-to-date: /home/locobot/Documents/kobuki/install/share/ecl_lite/local_setup.sh
[1.032s] -- Up-to-date: /home/locobot/Documents/kobuki/install/share/ecl_lite/local_setup.zsh
[1.032s] -- Installing: /home/locobot/Documents/kobuki/install/share/ecl_lite/local_setup.dsv
[1.033s] -- Installing: /home/locobot/Documents/kobuki/install/share/ecl_lite/package.dsv
[1.033s] -- Up-to-date: /home/locobot/Documents/kobuki/install/share/ament_index/resource_index/packages/ecl_lite
[1.033s] -- Up-to-date: /home/locobot/Documents/kobuki/install/share/ecl_lite/cmake/ecl_liteConfig.cmake
[1.033s] -- Up-to-date: /home/locobot/Documents/kobuki/install/share/ecl_lite/cmake/ecl_liteConfig-version.cmake
[1.033s] -- Up-to-date: /home/locobot/Documents/kobuki/install/share/ecl_lite/package.xml
[1.114s] Invoked command in '/home/locobot/Documents/kobuki/build/ecl_lite' returned '0': AMENT_PREFIX_PATH=/home/locobot/Documents/kobuki/install CMAKE_PREFIX_PATH=/home/locobot/Documents/kobuki/install LD_LIBRARY_PATH=/home/locobot/Documents/kobuki/install/lib PATH=/home/locobot/Documents/kobuki/install/bin:${PATH} PYTHONPATH=/home/locobot/Documents/kobuki/install/lib/python3.8/site-packages /usr/bin/cmake --install /home/locobot/Documents/kobuki/build/ecl_lite
