-- The C compiler identification is GNU 9.4.0
-- The CXX compiler identification is GNU 9.4.0
-- Check for working C compiler: /usr/bin/cc
-- Check for working C compiler: /usr/bin/cc -- works
-- Detecting C compiler ABI info
-- Detecting C compiler ABI info - done
-- Detecting C compile features
-- Detecting C compile features - done
-- Check for working CXX compiler: /usr/bin/c++
-- Check for working CXX compiler: /usr/bin/c++ -- works
-- Detecting CXX compiler ABI info
-- Detecting CXX compiler ABI info - done
-- Detecting CXX compile features
-- Detecting CXX compile features - done
-- Found ament_cmake_ros: 0.9.2 (/home/locobot/Documents/kobuki/install/share/ament_cmake_ros/cmake)
-- Found PythonInterp: /usr/bin/python3 (found suitable version "3.8.10", minimum required is "3") 
-- Using PYTHON_EXECUTABLE: /usr/bin/python3
-- Found ecl_build: 1.0.3 (/home/locobot/Documents/kobuki/install/share/ecl_build/cmake)
-- Looking for _POSIX_VERSION
-- Looking for _POSIX_VERSION - found
-- Looking for realpath in rt
-- Looking for realpath in rt - found
-- Looking for clock_nanosleep in rt
-- Looking for clock_nanosleep in rt - found
-- Looking for clock_gettime in rt
-- Looking for clock_gettime in rt - found
-- Looking for pthread_mutex_timedlock in pthread
-- Looking for pthread_mutex_timedlock in pthread - found
-- Looking for nanosleep in pthread
-- Looking for nanosleep in pthread - found
-- Looking for shm_open in rt
-- Looking for shm_open in rt - found
-- Looking for sched_setscheduler in pthread
-- Looking for sched_setscheduler in pthread - found
-- Looking for sem_timedwait in pthread
-- Looking for sem_timedwait in pthread - found
-- Looking for sem_init in pthread
-- Looking for sem_init in pthread - found
-- Looking for CLOCK_MONOTONIC
-- Looking for CLOCK_MONOTONIC - found
-- Looking for CLOCK_PROCESS_CPUTIME_ID
-- Looking for CLOCK_PROCESS_CPUTIME_ID - found
-- Looking for pthread.h
-- Looking for pthread.h - found
-- Performing Test CMAKE_HAVE_LIBC_PTHREAD
-- Performing Test CMAKE_HAVE_LIBC_PTHREAD - Failed
-- Looking for pthread_create in pthreads
-- Looking for pthread_create in pthreads - not found
-- Looking for pthread_create in pthread
-- Looking for pthread_create in pthread - found
-- Found Threads: TRUE  
-- Looking for sys/types.h
-- Looking for sys/types.h - found
-- Looking for stdint.h
-- Looking for stdint.h - found
-- Looking for stddef.h
-- Looking for stddef.h - found
-- Check size of char
-- Check size of char - done
-- Check size of short
-- Check size of short - done
-- Check size of int
-- Check size of int - done
-- Check size of long
-- Check size of long - done
-- Check size of long long
-- Check size of long long - done
-- Check size of float
-- Check size of float - done
-- Check size of double
-- Check size of double - done
-- Check size of long double
-- Check size of long double - done
-- Check if the system is big endian
-- Searching 16 bit integer
-- Check size of unsigned short
-- Check size of unsigned short - done
-- Using unsigned short
-- Check if the system is big endian - little endian
-- -------------------------------------------------------------------
-- Platform Summary
-- -------------------------------------------------------------------
-- 
-- System type.....................posix
-- Operating System................Linux-5.15.0-134-generic
-- Timer model.....................real-time
-- Thread model....................posix
-- Size of char....................1
-- Size of short...................2
-- Size of int.....................4
-- Size of long....................8
-- Size of long long...............8
-- Size of float...................4
-- Size of double..................8
-- Size of long double.............16
-- Size of pointer.................64-bit
-- Endianness......................little-endian
-- 
-- -------------------------------------------------------------------
-- Posix Specifications
-- -------------------------------------------------------------------
-- 
-- Clock selection.................yes
-- Monotonic clock.................yes
-- Priority scheduling.............yes
-- Semaphores......................yes
-- Shared memory objects...........yes
-- Timers..........................yes
-- Timeouts........................yes
--  - clock_gettime................yes
--  - clock_nanosleep..............yes
--  - nanosleep....................yes
--  - pthread_mutex_timedlock......yes
--  - sched_setscheduler...........yes
--  - sem_init.....................yes
--  - sem_timedwait................yes
--  - shm_open.....................yes
-- 
-- -------------------------------------------------------------------
-- Build Environment
-- -------------------------------------------------------------------
-- 
-- Compiler......................../usr/bin/c++
--  - version......................9.4.0
-- 
-- Configuring done
-- Generating done
-- Build files have been written to: /home/locobot/Documents/kobuki/build/ecl_config
[35m[1mScanning dependencies of target ecl_detect_posix[0m
[ 25%] [32mBuilding CXX object src/utilities/CMakeFiles/ecl_detect_posix.dir/detect_posix.cpp.o[0m
[ 50%] [32m[1mLinking CXX executable bin/ecl_detect_posix[0m
[ 50%] Built target ecl_detect_posix
[35m[1mScanning dependencies of target ecl_detect_endian[0m
[ 75%] [32mBuilding CXX object src/utilities/CMakeFiles/ecl_detect_endian.dir/detect_endian.cpp.o[0m
[100%] [32m[1mLinking CXX executable bin/ecl_detect_endian[0m
[100%] Built target ecl_detect_endian
-- Install configuration: ""
-- Installing: /home/locobot/Documents/kobuki/install/share/ament_index/resource_index/package_run_dependencies/ecl_config
-- Installing: /home/locobot/Documents/kobuki/install/share/ament_index/resource_index/parent_prefix_path/ecl_config
-- Installing: /home/locobot/Documents/kobuki/install/share/ecl_config/environment/ament_prefix_path.sh
-- Installing: /home/locobot/Documents/kobuki/install/share/ecl_config/environment/ament_prefix_path.dsv
-- Installing: /home/locobot/Documents/kobuki/install/share/ecl_config/environment/path.sh
-- Installing: /home/locobot/Documents/kobuki/install/share/ecl_config/environment/path.dsv
-- Installing: /home/locobot/Documents/kobuki/install/share/ecl_config/local_setup.bash
-- Installing: /home/locobot/Documents/kobuki/install/share/ecl_config/local_setup.sh
-- Installing: /home/locobot/Documents/kobuki/install/share/ecl_config/local_setup.zsh
-- Installing: /home/locobot/Documents/kobuki/install/share/ecl_config/local_setup.dsv
-- Installing: /home/locobot/Documents/kobuki/install/share/ecl_config/package.dsv
-- Installing: /home/locobot/Documents/kobuki/install/share/ament_index/resource_index/packages/ecl_config
-- Installing: /home/locobot/Documents/kobuki/install/share/ecl_config/cmake/ecl_configExport.cmake
-- Installing: /home/locobot/Documents/kobuki/install/share/ecl_config/cmake/ament_cmake_export_targets-extras.cmake
-- Installing: /home/locobot/Documents/kobuki/install/share/ecl_config/cmake/ament_cmake_export_include_directories-extras.cmake
-- Installing: /home/locobot/Documents/kobuki/install/share/ecl_config/cmake/ecl_configConfig.cmake
-- Installing: /home/locobot/Documents/kobuki/install/share/ecl_config/cmake/ecl_configConfig-version.cmake
-- Installing: /home/locobot/Documents/kobuki/install/share/ecl_config/package.xml
-- Installing: /home/locobot/Documents/kobuki/install/include/ecl/config.hpp
-- Installing: /home/locobot/Documents/kobuki/install/include/ecl/config/ecl.hpp
-- Installing: /home/locobot/Documents/kobuki/install/include/ecl/config/char_sign.hpp
-- Installing: /home/locobot/Documents/kobuki/install/include/ecl/config/ecl_unknown.hpp
-- Installing: /home/locobot/Documents/kobuki/install/include/ecl/config/endianness.hpp
-- Installing: /home/locobot/Documents/kobuki/install/include/ecl/config/macros.hpp
-- Installing: /home/locobot/Documents/kobuki/install/include/ecl/config/portable_types.hpp
-- Installing: /home/locobot/Documents/kobuki/install/include/ecl/config/windows.hpp
-- Installing: /home/locobot/Documents/kobuki/install/bin/ecl_detect_endian
-- Installing: /home/locobot/Documents/kobuki/install/bin/ecl_detect_posix
