[0.110s] Invoking command in '/home/locobot/Documents/kobuki/build/ament_lint_auto': AMENT_PREFIX_PATH=/home/locobot/Documents/kobuki/install CMAKE_PREFIX_PATH=/home/locobot/Documents/kobuki/install LD_LIBRARY_PATH=/home/locobot/Documents/kobuki/install/lib PATH=/home/locobot/Documents/kobuki/install/bin:${PATH} PYTHONPATH=/home/locobot/Documents/kobuki/install/lib/python3.8/site-packages /usr/bin/cmake /home/locobot/Documents/kobuki/src/ament_lint/ament_lint_auto -DBUILD_TESTING=OFF --no-warn-unused-cli -DCMAKE_INSTALL_PREFIX=/home/locobot/Documents/kobuki/install
[0.133s] Not searching for unused variables given on the command line.
[0.148s] -- Found ament_cmake_core: 0.9.12 (/home/locobot/Documents/kobuki/install/share/ament_cmake_core/cmake)
[0.159s] -- Using PYTHON_EXECUTABLE: /usr/bin/python3
[0.496s] -- Configuring done
[0.499s] -- Generating done
[0.501s] -- Build files have been written to: /home/locobot/Documents/kobuki/build/ament_lint_auto
[0.535s] Invoked command in '/home/locobot/Documents/kobuki/build/ament_lint_auto' returned '0': AMENT_PREFIX_PATH=/home/locobot/Documents/kobuki/install CMAKE_PREFIX_PATH=/home/locobot/Documents/kobuki/install LD_LIBRARY_PATH=/home/locobot/Documents/kobuki/install/lib PATH=/home/locobot/Documents/kobuki/install/bin:${PATH} PYTHONPATH=/home/locobot/Documents/kobuki/install/lib/python3.8/site-packages /usr/bin/cmake /home/locobot/Documents/kobuki/src/ament_lint/ament_lint_auto -DBUILD_TESTING=OFF --no-warn-unused-cli -DCMAKE_INSTALL_PREFIX=/home/locobot/Documents/kobuki/install
[0.537s] Invoking command in '/home/locobot/Documents/kobuki/build/ament_lint_auto': AMENT_PREFIX_PATH=/home/locobot/Documents/kobuki/install CMAKE_PREFIX_PATH=/home/locobot/Documents/kobuki/install LD_LIBRARY_PATH=/home/locobot/Documents/kobuki/install/lib PATH=/home/locobot/Documents/kobuki/install/bin:${PATH} PYTHONPATH=/home/locobot/Documents/kobuki/install/lib/python3.8/site-packages /usr/bin/cmake --build /home/locobot/Documents/kobuki/build/ament_lint_auto -- -j4 -l4
[0.785s] Invoked command in '/home/locobot/Documents/kobuki/build/ament_lint_auto' returned '0': AMENT_PREFIX_PATH=/home/locobot/Documents/kobuki/install CMAKE_PREFIX_PATH=/home/locobot/Documents/kobuki/install LD_LIBRARY_PATH=/home/locobot/Documents/kobuki/install/lib PATH=/home/locobot/Documents/kobuki/install/bin:${PATH} PYTHONPATH=/home/locobot/Documents/kobuki/install/lib/python3.8/site-packages /usr/bin/cmake --build /home/locobot/Documents/kobuki/build/ament_lint_auto -- -j4 -l4
[0.788s] Invoking command in '/home/locobot/Documents/kobuki/build/ament_lint_auto': AMENT_PREFIX_PATH=/home/locobot/Documents/kobuki/install CMAKE_PREFIX_PATH=/home/locobot/Documents/kobuki/install LD_LIBRARY_PATH=/home/locobot/Documents/kobuki/install/lib PATH=/home/locobot/Documents/kobuki/install/bin:${PATH} PYTHONPATH=/home/locobot/Documents/kobuki/install/lib/python3.8/site-packages /usr/bin/cmake --install /home/locobot/Documents/kobuki/build/ament_lint_auto
[0.810s] -- Install configuration: ""
[0.812s] -- Up-to-date: /home/locobot/Documents/kobuki/install/share/ament_index/resource_index/package_run_dependencies/ament_lint_auto
[0.814s] -- Up-to-date: /home/locobot/Documents/kobuki/install/share/ament_index/resource_index/parent_prefix_path/ament_lint_auto
[0.815s] -- Up-to-date: /home/locobot/Documents/kobuki/install/share/ament_lint_auto/environment/ament_prefix_path.sh
[0.815s] -- Installing: /home/locobot/Documents/kobuki/install/share/ament_lint_auto/environment/ament_prefix_path.dsv
[0.817s] -- Up-to-date: /home/locobot/Documents/kobuki/install/share/ament_lint_auto/environment/path.sh
[0.817s] -- Installing: /home/locobot/Documents/kobuki/install/share/ament_lint_auto/environment/path.dsv
[0.818s] -- Up-to-date: /home/locobot/Documents/kobuki/install/share/ament_lint_auto/local_setup.bash
[0.819s] -- Up-to-date: /home/locobot/Documents/kobuki/install/share/ament_lint_auto/local_setup.sh
[0.820s] -- Up-to-date: /home/locobot/Documents/kobuki/install/share/ament_lint_auto/local_setup.zsh
[0.821s] -- Installing: /home/locobot/Documents/kobuki/install/share/ament_lint_auto/local_setup.dsv
[0.826s] -- Installing: /home/locobot/Documents/kobuki/install/share/ament_lint_auto/package.dsv
[0.832s] -- Up-to-date: /home/locobot/Documents/kobuki/install/share/ament_index/resource_index/packages/ament_lint_auto
[0.833s] -- Up-to-date: /home/locobot/Documents/kobuki/install/share/ament_lint_auto/cmake/ament_lint_auto-extras.cmake
[0.834s] -- Up-to-date: /home/locobot/Documents/kobuki/install/share/ament_lint_auto/cmake/ament_lint_autoConfig.cmake
[0.834s] -- Up-to-date: /home/locobot/Documents/kobuki/install/share/ament_lint_auto/cmake/ament_lint_autoConfig-version.cmake
[0.835s] -- Up-to-date: /home/locobot/Documents/kobuki/install/share/ament_lint_auto/package.xml
[0.836s] -- Up-to-date: /home/locobot/Documents/kobuki/install/share/ament_lint_auto/cmake
[0.837s] -- Up-to-date: /home/locobot/Documents/kobuki/install/share/ament_lint_auto/cmake/ament_lint_auto_find_test_dependencies.cmake
[0.837s] -- Up-to-date: /home/locobot/Documents/kobuki/install/share/ament_lint_auto/cmake/ament_lint_auto_package_hook.cmake
[0.872s] Invoked command in '/home/locobot/Documents/kobuki/build/ament_lint_auto' returned '0': AMENT_PREFIX_PATH=/home/locobot/Documents/kobuki/install CMAKE_PREFIX_PATH=/home/locobot/Documents/kobuki/install LD_LIBRARY_PATH=/home/locobot/Documents/kobuki/install/lib PATH=/home/locobot/Documents/kobuki/install/bin:${PATH} PYTHONPATH=/home/locobot/Documents/kobuki/install/lib/python3.8/site-packages /usr/bin/cmake --install /home/locobot/Documents/kobuki/build/ament_lint_auto
