[0.105s] Invoking command in '/home/locobot/Documents/kobuki/build/ament_cmake_libraries': AMENT_PREFIX_PATH=/home/locobot/Documents/kobuki/install CMAKE_PREFIX_PATH=/home/locobot/Documents/kobuki/install LD_LIBRARY_PATH=/home/locobot/Documents/kobuki/install/lib PATH=/home/locobot/Documents/kobuki/install/bin:${PATH} PYTHONPATH=/home/locobot/Documents/kobuki/install/lib/python3.8/site-packages /usr/bin/cmake /home/locobot/Documents/kobuki/src/ament_cmake/ament_cmake_libraries -DBUILD_TESTING=OFF -DCMAKE_INSTALL_PREFIX=/home/locobot/Documents/kobuki/install
[0.150s] Re-run cmake no build system arguments
[0.156s] -- Found ament_cmake_core: 0.9.12 (/home/locobot/Documents/kobuki/install/share/ament_cmake_core/cmake)
[0.206s] -- Using PYTHON_EXECUTABLE: /usr/bin/python3
[0.929s] -- Configuring done
[0.933s] -- Generating done
[0.933s] -- Build files have been written to: /home/locobot/Documents/kobuki/build/ament_cmake_libraries
[1.006s] Invoked command in '/home/locobot/Documents/kobuki/build/ament_cmake_libraries' returned '0': AMENT_PREFIX_PATH=/home/locobot/Documents/kobuki/install CMAKE_PREFIX_PATH=/home/locobot/Documents/kobuki/install LD_LIBRARY_PATH=/home/locobot/Documents/kobuki/install/lib PATH=/home/locobot/Documents/kobuki/install/bin:${PATH} PYTHONPATH=/home/locobot/Documents/kobuki/install/lib/python3.8/site-packages /usr/bin/cmake /home/locobot/Documents/kobuki/src/ament_cmake/ament_cmake_libraries -DBUILD_TESTING=OFF -DCMAKE_INSTALL_PREFIX=/home/locobot/Documents/kobuki/install
[1.007s] Invoking command in '/home/locobot/Documents/kobuki/build/ament_cmake_libraries': AMENT_PREFIX_PATH=/home/locobot/Documents/kobuki/install CMAKE_PREFIX_PATH=/home/locobot/Documents/kobuki/install LD_LIBRARY_PATH=/home/locobot/Documents/kobuki/install/lib PATH=/home/locobot/Documents/kobuki/install/bin:${PATH} PYTHONPATH=/home/locobot/Documents/kobuki/install/lib/python3.8/site-packages /usr/bin/cmake --build /home/locobot/Documents/kobuki/build/ament_cmake_libraries -- -j4 -l4
[1.041s] /usr/bin/cmake -S/home/locobot/Documents/kobuki/src/ament_cmake/ament_cmake_libraries -B/home/locobot/Documents/kobuki/build/ament_cmake_libraries --check-build-system CMakeFiles/Makefile.cmake 0
[1.137s] /usr/bin/cmake -E cmake_progress_start /home/locobot/Documents/kobuki/build/ament_cmake_libraries/CMakeFiles /home/locobot/Documents/kobuki/build/ament_cmake_libraries/CMakeFiles/progress.marks
[1.167s] /usr/bin/make -f CMakeFiles/Makefile2 all
[1.167s] make[1]: Entering directory '/home/locobot/Documents/kobuki/build/ament_cmake_libraries'
[1.167s] make[1]: Nothing to be done for 'all'.
[1.168s] make[1]: Leaving directory '/home/locobot/Documents/kobuki/build/ament_cmake_libraries'
[1.173s] /usr/bin/cmake -E cmake_progress_start /home/locobot/Documents/kobuki/build/ament_cmake_libraries/CMakeFiles 0
[1.525s] Invoked command in '/home/locobot/Documents/kobuki/build/ament_cmake_libraries' returned '0': AMENT_PREFIX_PATH=/home/locobot/Documents/kobuki/install CMAKE_PREFIX_PATH=/home/locobot/Documents/kobuki/install LD_LIBRARY_PATH=/home/locobot/Documents/kobuki/install/lib PATH=/home/locobot/Documents/kobuki/install/bin:${PATH} PYTHONPATH=/home/locobot/Documents/kobuki/install/lib/python3.8/site-packages /usr/bin/cmake --build /home/locobot/Documents/kobuki/build/ament_cmake_libraries -- -j4 -l4
[1.527s] Invoking command in '/home/locobot/Documents/kobuki/build/ament_cmake_libraries': AMENT_PREFIX_PATH=/home/locobot/Documents/kobuki/install CMAKE_PREFIX_PATH=/home/locobot/Documents/kobuki/install LD_LIBRARY_PATH=/home/locobot/Documents/kobuki/install/lib PATH=/home/locobot/Documents/kobuki/install/bin:${PATH} PYTHONPATH=/home/locobot/Documents/kobuki/install/lib/python3.8/site-packages /usr/bin/cmake --install /home/locobot/Documents/kobuki/build/ament_cmake_libraries
[1.546s] -- Install configuration: ""
[1.546s] -- Up-to-date: /home/locobot/Documents/kobuki/install/share/ament_index/resource_index/package_run_dependencies/ament_cmake_libraries
[1.546s] -- Up-to-date: /home/locobot/Documents/kobuki/install/share/ament_index/resource_index/parent_prefix_path/ament_cmake_libraries
[1.546s] -- Up-to-date: /home/locobot/Documents/kobuki/install/share/ament_cmake_libraries/environment/ament_prefix_path.sh
[1.546s] -- Installing: /home/locobot/Documents/kobuki/install/share/ament_cmake_libraries/environment/ament_prefix_path.dsv
[1.546s] -- Up-to-date: /home/locobot/Documents/kobuki/install/share/ament_cmake_libraries/environment/path.sh
[1.546s] -- Installing: /home/locobot/Documents/kobuki/install/share/ament_cmake_libraries/environment/path.dsv
[1.547s] -- Up-to-date: /home/locobot/Documents/kobuki/install/share/ament_cmake_libraries/local_setup.bash
[1.547s] -- Up-to-date: /home/locobot/Documents/kobuki/install/share/ament_cmake_libraries/local_setup.sh
[1.547s] -- Up-to-date: /home/locobot/Documents/kobuki/install/share/ament_cmake_libraries/local_setup.zsh
[1.553s] -- Installing: /home/locobot/Documents/kobuki/install/share/ament_cmake_libraries/local_setup.dsv
[1.553s] -- Installing: /home/locobot/Documents/kobuki/install/share/ament_cmake_libraries/package.dsv
[1.553s] -- Up-to-date: /home/locobot/Documents/kobuki/install/share/ament_index/resource_index/packages/ament_cmake_libraries
[1.553s] -- Up-to-date: /home/locobot/Documents/kobuki/install/share/ament_cmake_libraries/cmake/ament_cmake_libraries-extras.cmake
[1.553s] -- Up-to-date: /home/locobot/Documents/kobuki/install/share/ament_cmake_libraries/cmake/ament_cmake_librariesConfig.cmake
[1.553s] -- Up-to-date: /home/locobot/Documents/kobuki/install/share/ament_cmake_libraries/cmake/ament_cmake_librariesConfig-version.cmake
[1.553s] -- Up-to-date: /home/locobot/Documents/kobuki/install/share/ament_cmake_libraries/package.xml
[1.554s] -- Up-to-date: /home/locobot/Documents/kobuki/install/share/ament_cmake_libraries/cmake
[1.554s] -- Up-to-date: /home/locobot/Documents/kobuki/install/share/ament_cmake_libraries/cmake/ament_libraries_pack_build_configuration.cmake
[1.554s] -- Up-to-date: /home/locobot/Documents/kobuki/install/share/ament_cmake_libraries/cmake/ament_libraries_unpack_build_configuration.cmake
[1.554s] -- Up-to-date: /home/locobot/Documents/kobuki/install/share/ament_cmake_libraries/cmake/ament_libraries_deduplicate.cmake
[1.625s] Invoked command in '/home/locobot/Documents/kobuki/build/ament_cmake_libraries' returned '0': AMENT_PREFIX_PATH=/home/locobot/Documents/kobuki/install CMAKE_PREFIX_PATH=/home/locobot/Documents/kobuki/install LD_LIBRARY_PATH=/home/locobot/Documents/kobuki/install/lib PATH=/home/locobot/Documents/kobuki/install/bin:${PATH} PYTHONPATH=/home/locobot/Documents/kobuki/install/lib/python3.8/site-packages /usr/bin/cmake --install /home/locobot/Documents/kobuki/build/ament_cmake_libraries
