[0.249s] Invoking command in '/home/locobot/Documents/kobuki/build/ecl_filesystem': AMENT_PREFIX_PATH=/home/locobot/Documents/kobuki/install CMAKE_PREFIX_PATH=/home/locobot/Documents/kobuki/install LD_LIBRARY_PATH=/home/locobot/Documents/kobuki/install/lib PATH=/home/locobot/Documents/kobuki/install/bin:${PATH} PYTHONPATH=/home/locobot/Documents/kobuki/install/lib/python3.8/site-packages /usr/bin/cmake /home/locobot/Documents/kobuki/src/ecl_core/ecl_filesystem -DBUILD_TESTING=OFF -DCMAKE_INSTALL_PREFIX=/home/locobot/Documents/kobuki/install
[0.272s] Re-run cmake no build system arguments
[0.272s] -- Found ament_cmake_ros: 0.9.2 (/home/locobot/Documents/kobuki/install/share/ament_cmake_ros/cmake)
[0.298s] -- Using PYTHON_EXECUTABLE: /usr/bin/python3
[0.522s] -- Found ecl_build: 1.0.3 (/home/locobot/Documents/kobuki/install/share/ecl_build/cmake)
[0.543s] -- Found ecl_config: 1.1.0 (/home/locobot/Documents/kobuki/install/share/ecl_config/cmake)
[0.543s] -- Found ecl_errors: 1.1.0 (/home/locobot/Documents/kobuki/install/share/ecl_errors/cmake)
[0.697s] -- Configuring done
[0.708s] -- Generating done
[0.712s] -- Build files have been written to: /home/locobot/Documents/kobuki/build/ecl_filesystem
[0.721s] Invoked command in '/home/locobot/Documents/kobuki/build/ecl_filesystem' returned '0': AMENT_PREFIX_PATH=/home/locobot/Documents/kobuki/install CMAKE_PREFIX_PATH=/home/locobot/Documents/kobuki/install LD_LIBRARY_PATH=/home/locobot/Documents/kobuki/install/lib PATH=/home/locobot/Documents/kobuki/install/bin:${PATH} PYTHONPATH=/home/locobot/Documents/kobuki/install/lib/python3.8/site-packages /usr/bin/cmake /home/locobot/Documents/kobuki/src/ecl_core/ecl_filesystem -DBUILD_TESTING=OFF -DCMAKE_INSTALL_PREFIX=/home/locobot/Documents/kobuki/install
[0.722s] Invoking command in '/home/locobot/Documents/kobuki/build/ecl_filesystem': AMENT_PREFIX_PATH=/home/locobot/Documents/kobuki/install CMAKE_PREFIX_PATH=/home/locobot/Documents/kobuki/install LD_LIBRARY_PATH=/home/locobot/Documents/kobuki/install/lib PATH=/home/locobot/Documents/kobuki/install/bin:${PATH} PYTHONPATH=/home/locobot/Documents/kobuki/install/lib/python3.8/site-packages /usr/bin/cmake --build /home/locobot/Documents/kobuki/build/ecl_filesystem -- -j4 -l4
[0.754s] /usr/bin/cmake -S/home/locobot/Documents/kobuki/src/ecl_core/ecl_filesystem -B/home/locobot/Documents/kobuki/build/ecl_filesystem --check-build-system CMakeFiles/Makefile.cmake 0
[0.767s] /usr/bin/cmake -E cmake_progress_start /home/locobot/Documents/kobuki/build/ecl_filesystem/CMakeFiles /home/locobot/Documents/kobuki/build/ecl_filesystem/CMakeFiles/progress.marks
[0.793s] /usr/bin/make -f CMakeFiles/Makefile2 all
[0.799s] make[1]: Entering directory '/home/locobot/Documents/kobuki/build/ecl_filesystem'
[0.800s] /usr/bin/make -f src/lib/CMakeFiles/ecl_filesystem.dir/build.make src/lib/CMakeFiles/ecl_filesystem.dir/depend
[0.800s] make[2]: Entering directory '/home/locobot/Documents/kobuki/build/ecl_filesystem'
[0.800s] cd /home/locobot/Documents/kobuki/build/ecl_filesystem && /usr/bin/cmake -E cmake_depends "Unix Makefiles" /home/locobot/Documents/kobuki/src/ecl_core/ecl_filesystem /home/locobot/Documents/kobuki/src/ecl_core/ecl_filesystem/src/lib /home/locobot/Documents/kobuki/build/ecl_filesystem /home/locobot/Documents/kobuki/build/ecl_filesystem/src/lib /home/locobot/Documents/kobuki/build/ecl_filesystem/src/lib/CMakeFiles/ecl_filesystem.dir/DependInfo.cmake --color=
[0.804s] make[2]: Leaving directory '/home/locobot/Documents/kobuki/build/ecl_filesystem'
[0.804s] /usr/bin/make -f src/lib/CMakeFiles/ecl_filesystem.dir/build.make src/lib/CMakeFiles/ecl_filesystem.dir/build
[0.806s] make[2]: Entering directory '/home/locobot/Documents/kobuki/build/ecl_filesystem'
[0.806s] make[2]: Nothing to be done for 'src/lib/CMakeFiles/ecl_filesystem.dir/build'.
[0.806s] make[2]: Leaving directory '/home/locobot/Documents/kobuki/build/ecl_filesystem'
[0.818s] [100%] Built target ecl_filesystem
[0.819s] make[1]: Leaving directory '/home/locobot/Documents/kobuki/build/ecl_filesystem'
[0.819s] /usr/bin/cmake -E cmake_progress_start /home/locobot/Documents/kobuki/build/ecl_filesystem/CMakeFiles 0
[0.839s] Invoked command in '/home/locobot/Documents/kobuki/build/ecl_filesystem' returned '0': AMENT_PREFIX_PATH=/home/locobot/Documents/kobuki/install CMAKE_PREFIX_PATH=/home/locobot/Documents/kobuki/install LD_LIBRARY_PATH=/home/locobot/Documents/kobuki/install/lib PATH=/home/locobot/Documents/kobuki/install/bin:${PATH} PYTHONPATH=/home/locobot/Documents/kobuki/install/lib/python3.8/site-packages /usr/bin/cmake --build /home/locobot/Documents/kobuki/build/ecl_filesystem -- -j4 -l4
[0.843s] Invoking command in '/home/locobot/Documents/kobuki/build/ecl_filesystem': AMENT_PREFIX_PATH=/home/locobot/Documents/kobuki/install CMAKE_PREFIX_PATH=/home/locobot/Documents/kobuki/install LD_LIBRARY_PATH=/home/locobot/Documents/kobuki/install/lib PATH=/home/locobot/Documents/kobuki/install/bin:${PATH} PYTHONPATH=/home/locobot/Documents/kobuki/install/lib/python3.8/site-packages /usr/bin/cmake --install /home/locobot/Documents/kobuki/build/ecl_filesystem
[0.864s] -- Install configuration: ""
[0.864s] -- Up-to-date: /home/locobot/Documents/kobuki/install/share/ecl_filesystem/environment/library_path.sh
[0.865s] -- Installing: /home/locobot/Documents/kobuki/install/share/ecl_filesystem/environment/library_path.dsv
[0.865s] -- Up-to-date: /home/locobot/Documents/kobuki/install/share/ament_index/resource_index/package_run_dependencies/ecl_filesystem
[0.865s] -- Up-to-date: /home/locobot/Documents/kobuki/install/share/ament_index/resource_index/parent_prefix_path/ecl_filesystem
[0.865s] -- Up-to-date: /home/locobot/Documents/kobuki/install/share/ecl_filesystem/environment/ament_prefix_path.sh
[0.865s] -- Installing: /home/locobot/Documents/kobuki/install/share/ecl_filesystem/environment/ament_prefix_path.dsv
[0.865s] -- Up-to-date: /home/locobot/Documents/kobuki/install/share/ecl_filesystem/environment/path.sh
[0.865s] -- Installing: /home/locobot/Documents/kobuki/install/share/ecl_filesystem/environment/path.dsv
[0.865s] -- Up-to-date: /home/locobot/Documents/kobuki/install/share/ecl_filesystem/local_setup.bash
[0.865s] -- Up-to-date: /home/locobot/Documents/kobuki/install/share/ecl_filesystem/local_setup.sh
[0.866s] -- Up-to-date: /home/locobot/Documents/kobuki/install/share/ecl_filesystem/local_setup.zsh
[0.866s] -- Installing: /home/locobot/Documents/kobuki/install/share/ecl_filesystem/local_setup.dsv
[0.866s] -- Installing: /home/locobot/Documents/kobuki/install/share/ecl_filesystem/package.dsv
[0.866s] -- Up-to-date: /home/locobot/Documents/kobuki/install/share/ament_index/resource_index/packages/ecl_filesystem
[0.866s] -- Up-to-date: /home/locobot/Documents/kobuki/install/share/ecl_filesystem/cmake/ecl_filesystemExport.cmake
[0.866s] -- Installing: /home/locobot/Documents/kobuki/install/share/ecl_filesystem/cmake/ecl_filesystemExport-noconfig.cmake
[0.866s] -- Up-to-date: /home/locobot/Documents/kobuki/install/share/ecl_filesystem/cmake/ament_cmake_export_targets-extras.cmake
[0.867s] -- Up-to-date: /home/locobot/Documents/kobuki/install/share/ecl_filesystem/cmake/ament_cmake_export_include_directories-extras.cmake
[0.867s] -- Up-to-date: /home/locobot/Documents/kobuki/install/share/ecl_filesystem/cmake/ament_cmake_export_libraries-extras.cmake
[0.867s] -- Up-to-date: /home/locobot/Documents/kobuki/install/share/ecl_filesystem/cmake/ament_cmake_export_dependencies-extras.cmake
[0.867s] -- Up-to-date: /home/locobot/Documents/kobuki/install/share/ecl_filesystem/cmake/ecl_filesystemConfig.cmake
[0.867s] -- Up-to-date: /home/locobot/Documents/kobuki/install/share/ecl_filesystem/cmake/ecl_filesystemConfig-version.cmake
[0.867s] -- Up-to-date: /home/locobot/Documents/kobuki/install/share/ecl_filesystem/package.xml
[0.868s] -- Up-to-date: /home/locobot/Documents/kobuki/install/include/ecl/filesystem.hpp
[0.868s] -- Up-to-date: /home/locobot/Documents/kobuki/install/include/ecl/filesystem/errors.hpp
[0.868s] -- Up-to-date: /home/locobot/Documents/kobuki/install/include/ecl/filesystem/macros.hpp
[0.868s] -- Up-to-date: /home/locobot/Documents/kobuki/install/include/ecl/filesystem/realpath.hpp
[0.868s] -- Up-to-date: /home/locobot/Documents/kobuki/install/include/ecl/filesystem/config.hpp
[0.869s] -- Up-to-date: /home/locobot/Documents/kobuki/install/lib/libecl_filesystem.so.1.2.1
[0.869s] -- Up-to-date: /home/locobot/Documents/kobuki/install/lib/libecl_filesystem.so
[0.882s] Invoked command in '/home/locobot/Documents/kobuki/build/ecl_filesystem' returned '0': AMENT_PREFIX_PATH=/home/locobot/Documents/kobuki/install CMAKE_PREFIX_PATH=/home/locobot/Documents/kobuki/install LD_LIBRARY_PATH=/home/locobot/Documents/kobuki/install/lib PATH=/home/locobot/Documents/kobuki/install/bin:${PATH} PYTHONPATH=/home/locobot/Documents/kobuki/install/lib/python3.8/site-packages /usr/bin/cmake --install /home/locobot/Documents/kobuki/build/ecl_filesystem
