-- The C compiler identification is GNU 9.4.0
-- The CXX compiler identification is GNU 9.4.0
-- Check for working C compiler: /usr/bin/cc
-- Check for working C compiler: /usr/bin/cc -- works
-- Detecting C compiler ABI info
-- Detecting C compiler ABI info - done
-- Detecting C compile features
-- Detecting C compile features - done
-- Check for working CXX compiler: /usr/bin/c++
-- Check for working CXX compiler: /usr/bin/c++ -- works
-- Detecting CXX compiler ABI info
-- Detecting CXX compiler ABI info - done
-- Detecting CXX compile features
-- Detecting CXX compile features - done
-- Found ament_cmake_ros: 0.9.2 (/home/locobot/Documents/kobuki/install/share/ament_cmake_ros/cmake)
-- Found PythonInterp: /usr/bin/python3 (found suitable version "3.8.10", minimum required is "3") 
-- Using PYTHON_EXECUTABLE: /usr/bin/python3
-- Found ecl_build: 1.0.3 (/home/locobot/Documents/kobuki/install/share/ecl_build/cmake)
-- Found ecl_exceptions: 1.2.1 (/home/locobot/Documents/kobuki/install/share/ecl_exceptions/cmake)
-- Found ecl_formatters: 1.2.1 (/home/locobot/Documents/kobuki/install/share/ecl_formatters/cmake)
-- Found ecl_geometry: 1.2.1 (/home/locobot/Documents/kobuki/install/share/ecl_geometry/cmake)
-- Configuring done
-- Generating done
-- Build files have been written to: /home/locobot/Documents/kobuki/build/ecl_manipulators
[35m[1mScanning dependencies of target ecl_manipulators[0m
[ 33%] [32mBuilding CXX object src/lib/CMakeFiles/ecl_manipulators.dir/trajectory.cpp.o[0m
[ 66%] [32mBuilding CXX object src/lib/CMakeFiles/ecl_manipulators.dir/waypoint.cpp.o[0m
[100%] [32m[1mLinking CXX shared library libecl_manipulators.so[0m
[100%] Built target ecl_manipulators
-- Install configuration: ""
-- Installing: /home/locobot/Documents/kobuki/install/share/ecl_manipulators/scripts
-- Installing: /home/locobot/Documents/kobuki/install/share/ecl_manipulators/scripts/Makefile
-- Installing: /home/locobot/Documents/kobuki/install/share/ecl_manipulators/scripts/linear.x11
-- Installing: /home/locobot/Documents/kobuki/install/share/ecl_manipulators/scripts/tension.x11
-- Installing: /home/locobot/Documents/kobuki/install/share/ecl_manipulators/environment/library_path.sh
-- Installing: /home/locobot/Documents/kobuki/install/share/ecl_manipulators/environment/library_path.dsv
-- Installing: /home/locobot/Documents/kobuki/install/share/ament_index/resource_index/package_run_dependencies/ecl_manipulators
-- Installing: /home/locobot/Documents/kobuki/install/share/ament_index/resource_index/parent_prefix_path/ecl_manipulators
-- Installing: /home/locobot/Documents/kobuki/install/share/ecl_manipulators/environment/ament_prefix_path.sh
-- Installing: /home/locobot/Documents/kobuki/install/share/ecl_manipulators/environment/ament_prefix_path.dsv
-- Installing: /home/locobot/Documents/kobuki/install/share/ecl_manipulators/environment/path.sh
-- Installing: /home/locobot/Documents/kobuki/install/share/ecl_manipulators/environment/path.dsv
-- Installing: /home/locobot/Documents/kobuki/install/share/ecl_manipulators/local_setup.bash
-- Installing: /home/locobot/Documents/kobuki/install/share/ecl_manipulators/local_setup.sh
-- Installing: /home/locobot/Documents/kobuki/install/share/ecl_manipulators/local_setup.zsh
-- Installing: /home/locobot/Documents/kobuki/install/share/ecl_manipulators/local_setup.dsv
-- Installing: /home/locobot/Documents/kobuki/install/share/ecl_manipulators/package.dsv
-- Installing: /home/locobot/Documents/kobuki/install/share/ament_index/resource_index/packages/ecl_manipulators
-- Installing: /home/locobot/Documents/kobuki/install/share/ecl_manipulators/cmake/ecl_manipulatorsExport.cmake
-- Installing: /home/locobot/Documents/kobuki/install/share/ecl_manipulators/cmake/ecl_manipulatorsExport-noconfig.cmake
-- Installing: /home/locobot/Documents/kobuki/install/share/ecl_manipulators/cmake/ament_cmake_export_targets-extras.cmake
-- Installing: /home/locobot/Documents/kobuki/install/share/ecl_manipulators/cmake/ament_cmake_export_include_directories-extras.cmake
-- Installing: /home/locobot/Documents/kobuki/install/share/ecl_manipulators/cmake/ament_cmake_export_libraries-extras.cmake
-- Installing: /home/locobot/Documents/kobuki/install/share/ecl_manipulators/cmake/ament_cmake_export_dependencies-extras.cmake
-- Installing: /home/locobot/Documents/kobuki/install/share/ecl_manipulators/cmake/ecl_manipulatorsConfig.cmake
-- Installing: /home/locobot/Documents/kobuki/install/share/ecl_manipulators/cmake/ecl_manipulatorsConfig-version.cmake
-- Installing: /home/locobot/Documents/kobuki/install/share/ecl_manipulators/package.xml
-- Installing: /home/locobot/Documents/kobuki/install/include/ecl/manipulators.hpp
-- Installing: /home/locobot/Documents/kobuki/install/include/ecl/manipulators/trajectory.hpp
-- Installing: /home/locobot/Documents/kobuki/install/include/ecl/manipulators/types.hpp
-- Installing: /home/locobot/Documents/kobuki/install/include/ecl/manipulators/waypoint.hpp
-- Installing: /home/locobot/Documents/kobuki/install/lib/libecl_manipulators.so.1.2.1
-- Set runtime path of "/home/locobot/Documents/kobuki/install/lib/libecl_manipulators.so.1.2.1" to ""
-- Installing: /home/locobot/Documents/kobuki/install/lib/libecl_manipulators.so
