[0.207s] Invoking command in '/home/locobot/Documents/kobuki/build/ecl_manipulators': AMENT_PREFIX_PATH=/home/locobot/Documents/kobuki/install CMAKE_PREFIX_PATH=/home/locobot/Documents/kobuki/install LD_LIBRARY_PATH=/home/locobot/Documents/kobuki/install/lib PATH=/home/locobot/Documents/kobuki/install/bin:${PATH} PKG_CONFIG_PATH=/home/locobot/Documents/kobuki/install/lib/x86_64-linux-gnu/pkgconfig:/home/locobot/Documents/kobuki/install/lib/pkgconfig PYTHONPATH=/home/locobot/Documents/kobuki/install/lib/python3.8/site-packages /usr/bin/cmake /home/locobot/Documents/kobuki/src/ecl_core/ecl_manipulators -DBUILD_TESTING=OFF -DCMAKE_INSTALL_PREFIX=/home/locobot/Documents/kobuki/install
[0.300s] -- The C compiler identification is GNU 9.4.0
[0.400s] -- The CXX compiler identification is GNU 9.4.0
[0.408s] -- Check for working C compiler: /usr/bin/cc
[0.533s] -- Check for working C compiler: /usr/bin/cc -- works
[0.533s] -- Detecting C compiler ABI info
[0.636s] -- Detecting C compiler ABI info - done
[0.661s] -- Detecting C compile features
[0.661s] -- Detecting C compile features - done
[0.664s] -- Check for working CXX compiler: /usr/bin/c++
[0.812s] -- Check for working CXX compiler: /usr/bin/c++ -- works
[0.813s] -- Detecting CXX compiler ABI info
[0.959s] -- Detecting CXX compiler ABI info - done
[0.965s] -- Detecting CXX compile features
[0.966s] -- Detecting CXX compile features - done
[0.969s] -- Found ament_cmake_ros: 0.9.2 (/home/locobot/Documents/kobuki/install/share/ament_cmake_ros/cmake)
[1.000s] -- Found PythonInterp: /usr/bin/python3 (found suitable version "3.8.10", minimum required is "3") 
[1.001s] -- Using PYTHON_EXECUTABLE: /usr/bin/python3
[1.363s] -- Found ecl_build: 1.0.3 (/home/locobot/Documents/kobuki/install/share/ecl_build/cmake)
[1.375s] -- Found ecl_exceptions: 1.2.1 (/home/locobot/Documents/kobuki/install/share/ecl_exceptions/cmake)
[1.395s] -- Found ecl_formatters: 1.2.1 (/home/locobot/Documents/kobuki/install/share/ecl_formatters/cmake)
[1.415s] -- Found ecl_geometry: 1.2.1 (/home/locobot/Documents/kobuki/install/share/ecl_geometry/cmake)
[1.755s] -- Configuring done
[1.769s] -- Generating done
[1.778s] -- Build files have been written to: /home/locobot/Documents/kobuki/build/ecl_manipulators
[1.826s] Invoked command in '/home/locobot/Documents/kobuki/build/ecl_manipulators' returned '0': AMENT_PREFIX_PATH=/home/locobot/Documents/kobuki/install CMAKE_PREFIX_PATH=/home/locobot/Documents/kobuki/install LD_LIBRARY_PATH=/home/locobot/Documents/kobuki/install/lib PATH=/home/locobot/Documents/kobuki/install/bin:${PATH} PKG_CONFIG_PATH=/home/locobot/Documents/kobuki/install/lib/x86_64-linux-gnu/pkgconfig:/home/locobot/Documents/kobuki/install/lib/pkgconfig PYTHONPATH=/home/locobot/Documents/kobuki/install/lib/python3.8/site-packages /usr/bin/cmake /home/locobot/Documents/kobuki/src/ecl_core/ecl_manipulators -DBUILD_TESTING=OFF -DCMAKE_INSTALL_PREFIX=/home/locobot/Documents/kobuki/install
[1.840s] Invoking command in '/home/locobot/Documents/kobuki/build/ecl_manipulators': AMENT_PREFIX_PATH=/home/locobot/Documents/kobuki/install CMAKE_PREFIX_PATH=/home/locobot/Documents/kobuki/install LD_LIBRARY_PATH=/home/locobot/Documents/kobuki/install/lib PATH=/home/locobot/Documents/kobuki/install/bin:${PATH} PKG_CONFIG_PATH=/home/locobot/Documents/kobuki/install/lib/x86_64-linux-gnu/pkgconfig:/home/locobot/Documents/kobuki/install/lib/pkgconfig PYTHONPATH=/home/locobot/Documents/kobuki/install/lib/python3.8/site-packages /usr/bin/cmake --build /home/locobot/Documents/kobuki/build/ecl_manipulators -- -j4 -l4
[2.062s] [35m[1mScanning dependencies of target ecl_manipulators[0m
[2.322s] [ 33%] [32mBuilding CXX object src/lib/CMakeFiles/ecl_manipulators.dir/trajectory.cpp.o[0m
[6.399s] [ 66%] [32mBuilding CXX object src/lib/CMakeFiles/ecl_manipulators.dir/waypoint.cpp.o[0m
[7.100s] [100%] [32m[1mLinking CXX shared library libecl_manipulators.so[0m
[7.294s] [100%] Built target ecl_manipulators
[7.340s] Invoked command in '/home/locobot/Documents/kobuki/build/ecl_manipulators' returned '0': AMENT_PREFIX_PATH=/home/locobot/Documents/kobuki/install CMAKE_PREFIX_PATH=/home/locobot/Documents/kobuki/install LD_LIBRARY_PATH=/home/locobot/Documents/kobuki/install/lib PATH=/home/locobot/Documents/kobuki/install/bin:${PATH} PKG_CONFIG_PATH=/home/locobot/Documents/kobuki/install/lib/x86_64-linux-gnu/pkgconfig:/home/locobot/Documents/kobuki/install/lib/pkgconfig PYTHONPATH=/home/locobot/Documents/kobuki/install/lib/python3.8/site-packages /usr/bin/cmake --build /home/locobot/Documents/kobuki/build/ecl_manipulators -- -j4 -l4
[7.341s] Invoking command in '/home/locobot/Documents/kobuki/build/ecl_manipulators': AMENT_PREFIX_PATH=/home/locobot/Documents/kobuki/install CMAKE_PREFIX_PATH=/home/locobot/Documents/kobuki/install LD_LIBRARY_PATH=/home/locobot/Documents/kobuki/install/lib PATH=/home/locobot/Documents/kobuki/install/bin:${PATH} PKG_CONFIG_PATH=/home/locobot/Documents/kobuki/install/lib/x86_64-linux-gnu/pkgconfig:/home/locobot/Documents/kobuki/install/lib/pkgconfig PYTHONPATH=/home/locobot/Documents/kobuki/install/lib/python3.8/site-packages /usr/bin/cmake --install /home/locobot/Documents/kobuki/build/ecl_manipulators
[7.360s] -- Install configuration: ""
[7.360s] -- Installing: /home/locobot/Documents/kobuki/install/share/ecl_manipulators/scripts
[7.361s] -- Installing: /home/locobot/Documents/kobuki/install/share/ecl_manipulators/scripts/Makefile
[7.362s] -- Installing: /home/locobot/Documents/kobuki/install/share/ecl_manipulators/scripts/linear.x11
[7.362s] -- Installing: /home/locobot/Documents/kobuki/install/share/ecl_manipulators/scripts/tension.x11
[7.364s] -- Installing: /home/locobot/Documents/kobuki/install/share/ecl_manipulators/environment/library_path.sh
[7.366s] -- Installing: /home/locobot/Documents/kobuki/install/share/ecl_manipulators/environment/library_path.dsv
[7.369s] -- Installing: /home/locobot/Documents/kobuki/install/share/ament_index/resource_index/package_run_dependencies/ecl_manipulators
[7.371s] -- Installing: /home/locobot/Documents/kobuki/install/share/ament_index/resource_index/parent_prefix_path/ecl_manipulators
[7.373s] -- Installing: /home/locobot/Documents/kobuki/install/share/ecl_manipulators/environment/ament_prefix_path.sh
[7.375s] -- Installing: /home/locobot/Documents/kobuki/install/share/ecl_manipulators/environment/ament_prefix_path.dsv
[7.377s] -- Installing: /home/locobot/Documents/kobuki/install/share/ecl_manipulators/environment/path.sh
[7.380s] -- Installing: /home/locobot/Documents/kobuki/install/share/ecl_manipulators/environment/path.dsv
[7.381s] -- Installing: /home/locobot/Documents/kobuki/install/share/ecl_manipulators/local_setup.bash
[7.383s] -- Installing: /home/locobot/Documents/kobuki/install/share/ecl_manipulators/local_setup.sh
[7.385s] -- Installing: /home/locobot/Documents/kobuki/install/share/ecl_manipulators/local_setup.zsh
[7.387s] -- Installing: /home/locobot/Documents/kobuki/install/share/ecl_manipulators/local_setup.dsv
[7.389s] -- Installing: /home/locobot/Documents/kobuki/install/share/ecl_manipulators/package.dsv
[7.391s] -- Installing: /home/locobot/Documents/kobuki/install/share/ament_index/resource_index/packages/ecl_manipulators
[7.392s] -- Installing: /home/locobot/Documents/kobuki/install/share/ecl_manipulators/cmake/ecl_manipulatorsExport.cmake
[7.394s] -- Installing: /home/locobot/Documents/kobuki/install/share/ecl_manipulators/cmake/ecl_manipulatorsExport-noconfig.cmake
[7.396s] -- Installing: /home/locobot/Documents/kobuki/install/share/ecl_manipulators/cmake/ament_cmake_export_targets-extras.cmake
[7.398s] -- Installing: /home/locobot/Documents/kobuki/install/share/ecl_manipulators/cmake/ament_cmake_export_include_directories-extras.cmake
[7.401s] -- Installing: /home/locobot/Documents/kobuki/install/share/ecl_manipulators/cmake/ament_cmake_export_libraries-extras.cmake
[7.403s] -- Installing: /home/locobot/Documents/kobuki/install/share/ecl_manipulators/cmake/ament_cmake_export_dependencies-extras.cmake
[7.405s] -- Installing: /home/locobot/Documents/kobuki/install/share/ecl_manipulators/cmake/ecl_manipulatorsConfig.cmake
[7.407s] -- Installing: /home/locobot/Documents/kobuki/install/share/ecl_manipulators/cmake/ecl_manipulatorsConfig-version.cmake
[7.409s] -- Installing: /home/locobot/Documents/kobuki/install/share/ecl_manipulators/package.xml
[7.411s] -- Installing: /home/locobot/Documents/kobuki/install/include/ecl/manipulators.hpp
[7.413s] -- Installing: /home/locobot/Documents/kobuki/install/include/ecl/manipulators/trajectory.hpp
[7.415s] -- Installing: /home/locobot/Documents/kobuki/install/include/ecl/manipulators/types.hpp
[7.417s] -- Installing: /home/locobot/Documents/kobuki/install/include/ecl/manipulators/waypoint.hpp
[7.420s] -- Installing: /home/locobot/Documents/kobuki/install/lib/libecl_manipulators.so.1.2.1
[7.427s] -- Set runtime path of "/home/locobot/Documents/kobuki/install/lib/libecl_manipulators.so.1.2.1" to ""
[7.427s] -- Installing: /home/locobot/Documents/kobuki/install/lib/libecl_manipulators.so
[7.452s] Invoked command in '/home/locobot/Documents/kobuki/build/ecl_manipulators' returned '0': AMENT_PREFIX_PATH=/home/locobot/Documents/kobuki/install CMAKE_PREFIX_PATH=/home/locobot/Documents/kobuki/install LD_LIBRARY_PATH=/home/locobot/Documents/kobuki/install/lib PATH=/home/locobot/Documents/kobuki/install/bin:${PATH} PKG_CONFIG_PATH=/home/locobot/Documents/kobuki/install/lib/x86_64-linux-gnu/pkgconfig:/home/locobot/Documents/kobuki/install/lib/pkgconfig PYTHONPATH=/home/locobot/Documents/kobuki/install/lib/python3.8/site-packages /usr/bin/cmake --install /home/locobot/Documents/kobuki/build/ecl_manipulators
