Re-run cmake no build system arguments
-- Found ament_cmake: 0.9.12 (/home/locobot/Documents/kobuki/install/share/ament_cmake/cmake)
-- Using PYTHON_EXECUTABLE: /usr/bin/python3
-- Configuring done
-- Generating done
-- Build files have been written to: /home/locobot/Documents/kobuki/build/ecl_tools
/usr/bin/cmake -S/home/locobot/Documents/kobuki/src/ecl_tools/ecl_tools -B/home/locobot/Documents/kobuki/build/ecl_tools --check-build-system CMakeFiles/Makefile.cmake 0
/usr/bin/cmake -E cmake_progress_start /home/locobot/Documents/kobuki/build/ecl_tools/CMakeFiles /home/locobot/Documents/kobuki/build/ecl_tools/CMakeFiles/progress.marks
/usr/bin/make -f CMakeFiles/Makefile2 all
make[1]: Entering directory '/home/locobot/Documents/kobuki/build/ecl_tools'
make[1]: Nothing to be done for 'all'.
make[1]: Leaving directory '/home/locobot/Documents/kobuki/build/ecl_tools'
/usr/bin/cmake -E cmake_progress_start /home/locobot/Documents/kobuki/build/ecl_tools/CMakeFiles 0
-- Install configuration: ""
-- Up-to-date: /home/locobot/Documents/kobuki/install/share/ament_index/resource_index/package_run_dependencies/ecl_tools
-- Up-to-date: /home/locobot/Documents/kobuki/install/share/ament_index/resource_index/parent_prefix_path/ecl_tools
-- Up-to-date: /home/locobot/Documents/kobuki/install/share/ecl_tools/environment/ament_prefix_path.sh
-- Installing: /home/locobot/Documents/kobuki/install/share/ecl_tools/environment/ament_prefix_path.dsv
-- Up-to-date: /home/locobot/Documents/kobuki/install/share/ecl_tools/environment/path.sh
-- Installing: /home/locobot/Documents/kobuki/install/share/ecl_tools/environment/path.dsv
-- Up-to-date: /home/locobot/Documents/kobuki/install/share/ecl_tools/local_setup.bash
-- Up-to-date: /home/locobot/Documents/kobuki/install/share/ecl_tools/local_setup.sh
-- Up-to-date: /home/locobot/Documents/kobuki/install/share/ecl_tools/local_setup.zsh
-- Installing: /home/locobot/Documents/kobuki/install/share/ecl_tools/local_setup.dsv
-- Installing: /home/locobot/Documents/kobuki/install/share/ecl_tools/package.dsv
-- Up-to-date: /home/locobot/Documents/kobuki/install/share/ament_index/resource_index/packages/ecl_tools
-- Up-to-date: /home/locobot/Documents/kobuki/install/share/ecl_tools/cmake/ecl_toolsConfig.cmake
-- Up-to-date: /home/locobot/Documents/kobuki/install/share/ecl_tools/cmake/ecl_toolsConfig-version.cmake
-- Up-to-date: /home/locobot/Documents/kobuki/install/share/ecl_tools/package.xml
