[0.155s] Invoking command in '/home/locobot/Documents/kobuki/build/ecl_tools': AMENT_PREFIX_PATH=/home/locobot/Documents/kobuki/install CMAKE_PREFIX_PATH=/home/locobot/Documents/kobuki/install LD_LIBRARY_PATH=/home/locobot/Documents/kobuki/install/lib PATH=/home/locobot/Documents/kobuki/install/bin:${PATH} PYTHONPATH=/home/locobot/Documents/kobuki/install/lib/python3.8/site-packages /usr/bin/cmake /home/locobot/Documents/kobuki/src/ecl_tools/ecl_tools -DBUILD_TESTING=OFF -DCMAKE_INSTALL_PREFIX=/home/locobot/Documents/kobuki/install
[0.201s] Re-run cmake no build system arguments
[0.201s] -- Found ament_cmake: 0.9.12 (/home/locobot/Documents/kobuki/install/share/ament_cmake/cmake)
[0.210s] -- Using PYTHON_EXECUTABLE: /usr/bin/python3
[0.602s] -- Configuring done
[0.610s] -- Generating done
[0.611s] -- Build files have been written to: /home/locobot/Documents/kobuki/build/ecl_tools
[0.616s] Invoked command in '/home/locobot/Documents/kobuki/build/ecl_tools' returned '0': AMENT_PREFIX_PATH=/home/locobot/Documents/kobuki/install CMAKE_PREFIX_PATH=/home/locobot/Documents/kobuki/install LD_LIBRARY_PATH=/home/locobot/Documents/kobuki/install/lib PATH=/home/locobot/Documents/kobuki/install/bin:${PATH} PYTHONPATH=/home/locobot/Documents/kobuki/install/lib/python3.8/site-packages /usr/bin/cmake /home/locobot/Documents/kobuki/src/ecl_tools/ecl_tools -DBUILD_TESTING=OFF -DCMAKE_INSTALL_PREFIX=/home/locobot/Documents/kobuki/install
[0.618s] Invoking command in '/home/locobot/Documents/kobuki/build/ecl_tools': AMENT_PREFIX_PATH=/home/locobot/Documents/kobuki/install CMAKE_PREFIX_PATH=/home/locobot/Documents/kobuki/install LD_LIBRARY_PATH=/home/locobot/Documents/kobuki/install/lib PATH=/home/locobot/Documents/kobuki/install/bin:${PATH} PYTHONPATH=/home/locobot/Documents/kobuki/install/lib/python3.8/site-packages /usr/bin/cmake --build /home/locobot/Documents/kobuki/build/ecl_tools -- -j4 -l4
[0.649s] /usr/bin/cmake -S/home/locobot/Documents/kobuki/src/ecl_tools/ecl_tools -B/home/locobot/Documents/kobuki/build/ecl_tools --check-build-system CMakeFiles/Makefile.cmake 0
[0.674s] /usr/bin/cmake -E cmake_progress_start /home/locobot/Documents/kobuki/build/ecl_tools/CMakeFiles /home/locobot/Documents/kobuki/build/ecl_tools/CMakeFiles/progress.marks
[0.674s] /usr/bin/make -f CMakeFiles/Makefile2 all
[0.677s] make[1]: Entering directory '/home/locobot/Documents/kobuki/build/ecl_tools'
[0.677s] make[1]: Nothing to be done for 'all'.
[0.677s] make[1]: Leaving directory '/home/locobot/Documents/kobuki/build/ecl_tools'
[0.677s] /usr/bin/cmake -E cmake_progress_start /home/locobot/Documents/kobuki/build/ecl_tools/CMakeFiles 0
[0.707s] Invoked command in '/home/locobot/Documents/kobuki/build/ecl_tools' returned '0': AMENT_PREFIX_PATH=/home/locobot/Documents/kobuki/install CMAKE_PREFIX_PATH=/home/locobot/Documents/kobuki/install LD_LIBRARY_PATH=/home/locobot/Documents/kobuki/install/lib PATH=/home/locobot/Documents/kobuki/install/bin:${PATH} PYTHONPATH=/home/locobot/Documents/kobuki/install/lib/python3.8/site-packages /usr/bin/cmake --build /home/locobot/Documents/kobuki/build/ecl_tools -- -j4 -l4
[0.708s] Invoking command in '/home/locobot/Documents/kobuki/build/ecl_tools': AMENT_PREFIX_PATH=/home/locobot/Documents/kobuki/install CMAKE_PREFIX_PATH=/home/locobot/Documents/kobuki/install LD_LIBRARY_PATH=/home/locobot/Documents/kobuki/install/lib PATH=/home/locobot/Documents/kobuki/install/bin:${PATH} PYTHONPATH=/home/locobot/Documents/kobuki/install/lib/python3.8/site-packages /usr/bin/cmake --install /home/locobot/Documents/kobuki/build/ecl_tools
[0.717s] -- Install configuration: ""
[0.719s] -- Up-to-date: /home/locobot/Documents/kobuki/install/share/ament_index/resource_index/package_run_dependencies/ecl_tools
[0.719s] -- Up-to-date: /home/locobot/Documents/kobuki/install/share/ament_index/resource_index/parent_prefix_path/ecl_tools
[0.720s] -- Up-to-date: /home/locobot/Documents/kobuki/install/share/ecl_tools/environment/ament_prefix_path.sh
[0.720s] -- Installing: /home/locobot/Documents/kobuki/install/share/ecl_tools/environment/ament_prefix_path.dsv
[0.721s] -- Up-to-date: /home/locobot/Documents/kobuki/install/share/ecl_tools/environment/path.sh
[0.721s] -- Installing: /home/locobot/Documents/kobuki/install/share/ecl_tools/environment/path.dsv
[0.722s] -- Up-to-date: /home/locobot/Documents/kobuki/install/share/ecl_tools/local_setup.bash
[0.722s] -- Up-to-date: /home/locobot/Documents/kobuki/install/share/ecl_tools/local_setup.sh
[0.723s] -- Up-to-date: /home/locobot/Documents/kobuki/install/share/ecl_tools/local_setup.zsh
[0.723s] -- Installing: /home/locobot/Documents/kobuki/install/share/ecl_tools/local_setup.dsv
[0.724s] -- Installing: /home/locobot/Documents/kobuki/install/share/ecl_tools/package.dsv
[0.724s] -- Up-to-date: /home/locobot/Documents/kobuki/install/share/ament_index/resource_index/packages/ecl_tools
[0.725s] -- Up-to-date: /home/locobot/Documents/kobuki/install/share/ecl_tools/cmake/ecl_toolsConfig.cmake
[0.725s] -- Up-to-date: /home/locobot/Documents/kobuki/install/share/ecl_tools/cmake/ecl_toolsConfig-version.cmake
[0.726s] -- Up-to-date: /home/locobot/Documents/kobuki/install/share/ecl_tools/package.xml
[0.743s] Invoked command in '/home/locobot/Documents/kobuki/build/ecl_tools' returned '0': AMENT_PREFIX_PATH=/home/locobot/Documents/kobuki/install CMAKE_PREFIX_PATH=/home/locobot/Documents/kobuki/install LD_LIBRARY_PATH=/home/locobot/Documents/kobuki/install/lib PATH=/home/locobot/Documents/kobuki/install/bin:${PATH} PYTHONPATH=/home/locobot/Documents/kobuki/install/lib/python3.8/site-packages /usr/bin/cmake --install /home/locobot/Documents/kobuki/build/ecl_tools
