-- The C compiler identification is GNU 9.4.0
-- The CXX compiler identification is GNU 9.4.0
-- Check for working C compiler: /usr/bin/cc
-- Check for working C compiler: /usr/bin/cc -- works
-- Detecting C compiler ABI info
-- Detecting C compiler ABI info - done
-- Detecting C compile features
-- Detecting C compile features - done
-- Check for working CXX compiler: /usr/bin/c++
-- Check for working CXX compiler: /usr/bin/c++ -- works
-- Detecting CXX compiler ABI info
-- Detecting CXX compiler ABI info - done
-- Detecting CXX compile features
-- Detecting CXX compile features - done
-- Found ament_cmake_ros: 0.9.2 (/home/locobot/Documents/kobuki/install/share/ament_cmake_ros/cmake)
-- Found PythonInterp: /usr/bin/python3 (found suitable version "3.8.10", minimum required is "3") 
-- Using PYTHON_EXECUTABLE: /usr/bin/python3
-- Configuring done
-- Generating done
-- Build files have been written to: /home/locobot/Documents/kobuki/build/ecl_lite
-- Install configuration: ""
-- Installing: /home/locobot/Documents/kobuki/install/share/ament_index/resource_index/package_run_dependencies/ecl_lite
-- Installing: /home/locobot/Documents/kobuki/install/share/ament_index/resource_index/parent_prefix_path/ecl_lite
-- Installing: /home/locobot/Documents/kobuki/install/share/ecl_lite/environment/ament_prefix_path.sh
-- Installing: /home/locobot/Documents/kobuki/install/share/ecl_lite/environment/ament_prefix_path.dsv
-- Installing: /home/locobot/Documents/kobuki/install/share/ecl_lite/environment/path.sh
-- Installing: /home/locobot/Documents/kobuki/install/share/ecl_lite/environment/path.dsv
-- Installing: /home/locobot/Documents/kobuki/install/share/ecl_lite/local_setup.bash
-- Installing: /home/locobot/Documents/kobuki/install/share/ecl_lite/local_setup.sh
-- Installing: /home/locobot/Documents/kobuki/install/share/ecl_lite/local_setup.zsh
-- Installing: /home/locobot/Documents/kobuki/install/share/ecl_lite/local_setup.dsv
-- Installing: /home/locobot/Documents/kobuki/install/share/ecl_lite/package.dsv
-- Installing: /home/locobot/Documents/kobuki/install/share/ament_index/resource_index/packages/ecl_lite
-- Installing: /home/locobot/Documents/kobuki/install/share/ecl_lite/cmake/ecl_liteConfig.cmake
-- Installing: /home/locobot/Documents/kobuki/install/share/ecl_lite/cmake/ecl_liteConfig-version.cmake
-- Installing: /home/locobot/Documents/kobuki/install/share/ecl_lite/package.xml
