[0.932s] Invoking command in '/home/locobot/Documents/kobuki/build/ecl_lite': AMENT_PREFIX_PATH=/home/locobot/Documents/kobuki/install CMAKE_PREFIX_PATH=/home/locobot/Documents/kobuki/install LD_LIBRARY_PATH=/home/locobot/Documents/kobuki/install/lib PATH=/home/locobot/Documents/kobuki/install/bin:${PATH} PYTHONPATH=/home/locobot/Documents/kobuki/install/lib/python3.8/site-packages /usr/bin/cmake /home/locobot/Documents/kobuki/src/ecl_lite/ecl_lite -DBUILD_TESTING=OFF -DCMAKE_INSTALL_PREFIX=/home/locobot/Documents/kobuki/install
[1.146s] -- The C compiler identification is GNU 9.4.0
[1.310s] -- The CXX compiler identification is GNU 9.4.0
[1.334s] -- Check for working C compiler: /usr/bin/cc
[1.538s] -- Check for working C compiler: /usr/bin/cc -- works
[1.539s] -- Detecting C compiler ABI info
[1.914s] -- Detecting C compiler ABI info - done
[1.952s] -- Detecting C compile features
[1.952s] -- Detecting C compile features - done
[1.959s] -- Check for working CXX compiler: /usr/bin/c++
[2.217s] -- Check for working CXX compiler: /usr/bin/c++ -- works
[2.221s] -- Detecting CXX compiler ABI info
[2.542s] -- Detecting CXX compiler ABI info - done
[2.566s] -- Detecting CXX compile features
[2.567s] -- Detecting CXX compile features - done
[2.567s] -- Found ament_cmake_ros: 0.9.2 (/home/locobot/Documents/kobuki/install/share/ament_cmake_ros/cmake)
[2.616s] -- Found PythonInterp: /usr/bin/python3 (found suitable version "3.8.10", minimum required is "3") 
[2.616s] -- Using PYTHON_EXECUTABLE: /usr/bin/python3
[3.199s] -- Configuring done
[3.202s] -- Generating done
[3.205s] -- Build files have been written to: /home/locobot/Documents/kobuki/build/ecl_lite
[3.223s] Invoked command in '/home/locobot/Documents/kobuki/build/ecl_lite' returned '0': AMENT_PREFIX_PATH=/home/locobot/Documents/kobuki/install CMAKE_PREFIX_PATH=/home/locobot/Documents/kobuki/install LD_LIBRARY_PATH=/home/locobot/Documents/kobuki/install/lib PATH=/home/locobot/Documents/kobuki/install/bin:${PATH} PYTHONPATH=/home/locobot/Documents/kobuki/install/lib/python3.8/site-packages /usr/bin/cmake /home/locobot/Documents/kobuki/src/ecl_lite/ecl_lite -DBUILD_TESTING=OFF -DCMAKE_INSTALL_PREFIX=/home/locobot/Documents/kobuki/install
[3.224s] Invoking command in '/home/locobot/Documents/kobuki/build/ecl_lite': AMENT_PREFIX_PATH=/home/locobot/Documents/kobuki/install CMAKE_PREFIX_PATH=/home/locobot/Documents/kobuki/install LD_LIBRARY_PATH=/home/locobot/Documents/kobuki/install/lib PATH=/home/locobot/Documents/kobuki/install/bin:${PATH} PYTHONPATH=/home/locobot/Documents/kobuki/install/lib/python3.8/site-packages /usr/bin/cmake --build /home/locobot/Documents/kobuki/build/ecl_lite -- -j4 -l4
[3.308s] Invoked command in '/home/locobot/Documents/kobuki/build/ecl_lite' returned '0': AMENT_PREFIX_PATH=/home/locobot/Documents/kobuki/install CMAKE_PREFIX_PATH=/home/locobot/Documents/kobuki/install LD_LIBRARY_PATH=/home/locobot/Documents/kobuki/install/lib PATH=/home/locobot/Documents/kobuki/install/bin:${PATH} PYTHONPATH=/home/locobot/Documents/kobuki/install/lib/python3.8/site-packages /usr/bin/cmake --build /home/locobot/Documents/kobuki/build/ecl_lite -- -j4 -l4
[3.310s] Invoking command in '/home/locobot/Documents/kobuki/build/ecl_lite': AMENT_PREFIX_PATH=/home/locobot/Documents/kobuki/install CMAKE_PREFIX_PATH=/home/locobot/Documents/kobuki/install LD_LIBRARY_PATH=/home/locobot/Documents/kobuki/install/lib PATH=/home/locobot/Documents/kobuki/install/bin:${PATH} PYTHONPATH=/home/locobot/Documents/kobuki/install/lib/python3.8/site-packages /usr/bin/cmake --install /home/locobot/Documents/kobuki/build/ecl_lite
[3.336s] -- Install configuration: ""
[3.338s] -- Installing: /home/locobot/Documents/kobuki/install/share/ament_index/resource_index/package_run_dependencies/ecl_lite
[3.339s] -- Installing: /home/locobot/Documents/kobuki/install/share/ament_index/resource_index/parent_prefix_path/ecl_lite
[3.341s] -- Installing: /home/locobot/Documents/kobuki/install/share/ecl_lite/environment/ament_prefix_path.sh
[3.341s] -- Installing: /home/locobot/Documents/kobuki/install/share/ecl_lite/environment/ament_prefix_path.dsv
[3.341s] -- Installing: /home/locobot/Documents/kobuki/install/share/ecl_lite/environment/path.sh
[3.341s] -- Installing: /home/locobot/Documents/kobuki/install/share/ecl_lite/environment/path.dsv
[3.341s] -- Installing: /home/locobot/Documents/kobuki/install/share/ecl_lite/local_setup.bash
[3.341s] -- Installing: /home/locobot/Documents/kobuki/install/share/ecl_lite/local_setup.sh
[3.341s] -- Installing: /home/locobot/Documents/kobuki/install/share/ecl_lite/local_setup.zsh
[3.342s] -- Installing: /home/locobot/Documents/kobuki/install/share/ecl_lite/local_setup.dsv
[3.347s] -- Installing: /home/locobot/Documents/kobuki/install/share/ecl_lite/package.dsv
[3.347s] -- Installing: /home/locobot/Documents/kobuki/install/share/ament_index/resource_index/packages/ecl_lite
[3.348s] -- Installing: /home/locobot/Documents/kobuki/install/share/ecl_lite/cmake/ecl_liteConfig.cmake
[3.349s] -- Installing: /home/locobot/Documents/kobuki/install/share/ecl_lite/cmake/ecl_liteConfig-version.cmake
[3.349s] -- Installing: /home/locobot/Documents/kobuki/install/share/ecl_lite/package.xml
[3.350s] Invoked command in '/home/locobot/Documents/kobuki/build/ecl_lite' returned '0': AMENT_PREFIX_PATH=/home/locobot/Documents/kobuki/install CMAKE_PREFIX_PATH=/home/locobot/Documents/kobuki/install LD_LIBRARY_PATH=/home/locobot/Documents/kobuki/install/lib PATH=/home/locobot/Documents/kobuki/install/bin:${PATH} PYTHONPATH=/home/locobot/Documents/kobuki/install/lib/python3.8/site-packages /usr/bin/cmake --install /home/locobot/Documents/kobuki/build/ecl_lite
