[0.345s] Invoking command in '/home/locobot/Documents/kobuki/build/ament_cmake_xmllint': AMENT_PREFIX_PATH=/home/locobot/Documents/kobuki/install CMAKE_PREFIX_PATH=/home/locobot/Documents/kobuki/install PATH=/home/locobot/Documents/kobuki/install/bin:${PATH} PYTHONPATH=/home/locobot/Documents/kobuki/install/lib/python3.8/site-packages /usr/bin/cmake /home/locobot/Documents/kobuki/src/ament_lint/ament_cmake_xmllint -DBUILD_TESTING=OFF -DCMAKE_INSTALL_PREFIX=/home/locobot/Documents/kobuki/install
[0.444s] -- Found ament_cmake_core: 0.9.12 (/home/locobot/Documents/kobuki/install/share/ament_cmake_core/cmake)
[0.516s] -- Found PythonInterp: /usr/bin/python3 (found suitable version "3.8.10", minimum required is "3") 
[0.516s] -- Using PYTHON_EXECUTABLE: /usr/bin/python3
[1.027s] -- Found ament_cmake_test: 0.9.12 (/home/locobot/Documents/kobuki/install/share/ament_cmake_test/cmake)
[1.234s] -- Configuring done
[1.243s] -- Generating done
[1.251s] -- Build files have been written to: /home/locobot/Documents/kobuki/build/ament_cmake_xmllint
[1.263s] Invoked command in '/home/locobot/Documents/kobuki/build/ament_cmake_xmllint' returned '0': AMENT_PREFIX_PATH=/home/locobot/Documents/kobuki/install CMAKE_PREFIX_PATH=/home/locobot/Documents/kobuki/install PATH=/home/locobot/Documents/kobuki/install/bin:${PATH} PYTHONPATH=/home/locobot/Documents/kobuki/install/lib/python3.8/site-packages /usr/bin/cmake /home/locobot/Documents/kobuki/src/ament_lint/ament_cmake_xmllint -DBUILD_TESTING=OFF -DCMAKE_INSTALL_PREFIX=/home/locobot/Documents/kobuki/install
[1.265s] Invoking command in '/home/locobot/Documents/kobuki/build/ament_cmake_xmllint': AMENT_PREFIX_PATH=/home/locobot/Documents/kobuki/install CMAKE_PREFIX_PATH=/home/locobot/Documents/kobuki/install PATH=/home/locobot/Documents/kobuki/install/bin:${PATH} PYTHONPATH=/home/locobot/Documents/kobuki/install/lib/python3.8/site-packages /usr/bin/cmake --build /home/locobot/Documents/kobuki/build/ament_cmake_xmllint -- -j4 -l4
[1.556s] Invoked command in '/home/locobot/Documents/kobuki/build/ament_cmake_xmllint' returned '0': AMENT_PREFIX_PATH=/home/locobot/Documents/kobuki/install CMAKE_PREFIX_PATH=/home/locobot/Documents/kobuki/install PATH=/home/locobot/Documents/kobuki/install/bin:${PATH} PYTHONPATH=/home/locobot/Documents/kobuki/install/lib/python3.8/site-packages /usr/bin/cmake --build /home/locobot/Documents/kobuki/build/ament_cmake_xmllint -- -j4 -l4
[1.557s] Invoking command in '/home/locobot/Documents/kobuki/build/ament_cmake_xmllint': AMENT_PREFIX_PATH=/home/locobot/Documents/kobuki/install CMAKE_PREFIX_PATH=/home/locobot/Documents/kobuki/install PATH=/home/locobot/Documents/kobuki/install/bin:${PATH} PYTHONPATH=/home/locobot/Documents/kobuki/install/lib/python3.8/site-packages /usr/bin/cmake --install /home/locobot/Documents/kobuki/build/ament_cmake_xmllint
[1.581s] -- Install configuration: ""
[1.581s] -- Installing: /home/locobot/Documents/kobuki/install/share/ament_index/resource_index/package_run_dependencies/ament_cmake_xmllint
[1.582s] -- Installing: /home/locobot/Documents/kobuki/install/share/ament_index/resource_index/parent_prefix_path/ament_cmake_xmllint
[1.582s] -- Installing: /home/locobot/Documents/kobuki/install/share/ament_cmake_xmllint/environment/ament_prefix_path.sh
[1.583s] -- Installing: /home/locobot/Documents/kobuki/install/share/ament_cmake_xmllint/environment/ament_prefix_path.dsv
[1.583s] -- Installing: /home/locobot/Documents/kobuki/install/share/ament_cmake_xmllint/environment/path.sh
[1.584s] -- Installing: /home/locobot/Documents/kobuki/install/share/ament_cmake_xmllint/environment/path.dsv
[1.584s] -- Installing: /home/locobot/Documents/kobuki/install/share/ament_cmake_xmllint/local_setup.bash
[1.584s] -- Installing: /home/locobot/Documents/kobuki/install/share/ament_cmake_xmllint/local_setup.sh
[1.599s] -- Installing: /home/locobot/Documents/kobuki/install/share/ament_cmake_xmllint/local_setup.zsh
[1.600s] -- Installing: /home/locobot/Documents/kobuki/install/share/ament_cmake_xmllint/local_setup.dsv
[1.600s] -- Installing: /home/locobot/Documents/kobuki/install/share/ament_cmake_xmllint/package.dsv
[1.600s] -- Installing: /home/locobot/Documents/kobuki/install/share/ament_index/resource_index/packages/ament_cmake_xmllint
[1.600s] -- Installing: /home/locobot/Documents/kobuki/install/share/ament_cmake_xmllint/cmake/ament_cmake_xmllint-extras.cmake
[1.600s] -- Installing: /home/locobot/Documents/kobuki/install/share/ament_cmake_xmllint/cmake/ament_cmake_xmllintConfig.cmake
[1.600s] -- Installing: /home/locobot/Documents/kobuki/install/share/ament_cmake_xmllint/cmake/ament_cmake_xmllintConfig-version.cmake
[1.600s] -- Installing: /home/locobot/Documents/kobuki/install/share/ament_cmake_xmllint/package.xml
[1.600s] -- Up-to-date: /home/locobot/Documents/kobuki/install/share/ament_cmake_xmllint/cmake
[1.601s] -- Installing: /home/locobot/Documents/kobuki/install/share/ament_cmake_xmllint/cmake/ament_xmllint.cmake
[1.601s] -- Installing: /home/locobot/Documents/kobuki/install/share/ament_cmake_xmllint/cmake/ament_cmake_xmllint_lint_hook.cmake
[1.601s] Invoked command in '/home/locobot/Documents/kobuki/build/ament_cmake_xmllint' returned '0': AMENT_PREFIX_PATH=/home/locobot/Documents/kobuki/install CMAKE_PREFIX_PATH=/home/locobot/Documents/kobuki/install PATH=/home/locobot/Documents/kobuki/install/bin:${PATH} PYTHONPATH=/home/locobot/Documents/kobuki/install/lib/python3.8/site-packages /usr/bin/cmake --install /home/locobot/Documents/kobuki/build/ament_cmake_xmllint
