[1.076s] Invoking command in '/home/locobot/Documents/kobuki/build/ecl_errors': AMENT_PREFIX_PATH=/home/locobot/Documents/kobuki/install CMAKE_PREFIX_PATH=/home/locobot/Documents/kobuki/install LD_LIBRARY_PATH=/home/locobot/Documents/kobuki/install/lib PATH=/home/locobot/Documents/kobuki/install/bin:${PATH} PYTHONPATH=/home/locobot/Documents/kobuki/install/lib/python3.8/site-packages /usr/bin/cmake /home/locobot/Documents/kobuki/src/ecl_lite/ecl_errors -DBUILD_TESTING=OFF -DCMAKE_BUILD_TYPE=RelWithDebInfo -DCMAKE_INSTALL_PREFIX=/home/locobot/Documents/kobuki/install
[1.085s] -- Found ament_cmake_ros: 0.9.2 (/home/locobot/Documents/kobuki/install/share/ament_cmake_ros/cmake)
[1.127s] -- Using PYTHON_EXECUTABLE: /usr/bin/python3
[1.330s] -- Found ecl_build: 1.0.3 (/home/locobot/Documents/kobuki/install/share/ecl_build/cmake)
[1.340s] -- Found ecl_config: 1.1.0 (/home/locobot/Documents/kobuki/install/share/ecl_config/cmake)
[1.483s] -- Configuring done
[1.501s] -- Generating done
[1.510s] -- Build files have been written to: /home/locobot/Documents/kobuki/build/ecl_errors
[1.524s] Invoked command in '/home/locobot/Documents/kobuki/build/ecl_errors' returned '0': AMENT_PREFIX_PATH=/home/locobot/Documents/kobuki/install CMAKE_PREFIX_PATH=/home/locobot/Documents/kobuki/install LD_LIBRARY_PATH=/home/locobot/Documents/kobuki/install/lib PATH=/home/locobot/Documents/kobuki/install/bin:${PATH} PYTHONPATH=/home/locobot/Documents/kobuki/install/lib/python3.8/site-packages /usr/bin/cmake /home/locobot/Documents/kobuki/src/ecl_lite/ecl_errors -DBUILD_TESTING=OFF -DCMAKE_BUILD_TYPE=RelWithDebInfo -DCMAKE_INSTALL_PREFIX=/home/locobot/Documents/kobuki/install
[1.525s] Invoking command in '/home/locobot/Documents/kobuki/build/ecl_errors': AMENT_PREFIX_PATH=/home/locobot/Documents/kobuki/install CMAKE_PREFIX_PATH=/home/locobot/Documents/kobuki/install LD_LIBRARY_PATH=/home/locobot/Documents/kobuki/install/lib PATH=/home/locobot/Documents/kobuki/install/bin:${PATH} PYTHONPATH=/home/locobot/Documents/kobuki/install/lib/python3.8/site-packages /usr/bin/cmake --build /home/locobot/Documents/kobuki/build/ecl_errors -- -j4 -l4
[1.672s] [ 25%] [32mBuilding CXX object src/lib/CMakeFiles/ecl_errors.dir/run_time_functions.cpp.o[0m
[2.127s] [ 50%] [32m[1mLinking CXX shared library libecl_errors.so[0m
[2.456s] [ 50%] Built target ecl_errors
[2.545s] [ 75%] [32mBuilding CXX object src/examples/CMakeFiles/ecl_errors_example_errors.dir/errors.cpp.o[0m
[4.051s] [100%] [32m[1mLinking CXX executable demo_errors[0m
[4.307s] [100%] Built target ecl_errors_example_errors
[4.331s] Invoked command in '/home/locobot/Documents/kobuki/build/ecl_errors' returned '0': AMENT_PREFIX_PATH=/home/locobot/Documents/kobuki/install CMAKE_PREFIX_PATH=/home/locobot/Documents/kobuki/install LD_LIBRARY_PATH=/home/locobot/Documents/kobuki/install/lib PATH=/home/locobot/Documents/kobuki/install/bin:${PATH} PYTHONPATH=/home/locobot/Documents/kobuki/install/lib/python3.8/site-packages /usr/bin/cmake --build /home/locobot/Documents/kobuki/build/ecl_errors -- -j4 -l4
[4.332s] Invoking command in '/home/locobot/Documents/kobuki/build/ecl_errors': AMENT_PREFIX_PATH=/home/locobot/Documents/kobuki/install CMAKE_PREFIX_PATH=/home/locobot/Documents/kobuki/install LD_LIBRARY_PATH=/home/locobot/Documents/kobuki/install/lib PATH=/home/locobot/Documents/kobuki/install/bin:${PATH} PYTHONPATH=/home/locobot/Documents/kobuki/install/lib/python3.8/site-packages /usr/bin/cmake --install /home/locobot/Documents/kobuki/build/ecl_errors
[4.354s] -- Install configuration: "RelWithDebInfo"
[4.354s] -- Up-to-date: /home/locobot/Documents/kobuki/install/share/ecl_errors/environment/library_path.sh
[4.354s] -- Installing: /home/locobot/Documents/kobuki/install/share/ecl_errors/environment/library_path.dsv
[4.355s] -- Up-to-date: /home/locobot/Documents/kobuki/install/share/ament_index/resource_index/package_run_dependencies/ecl_errors
[4.355s] -- Up-to-date: /home/locobot/Documents/kobuki/install/share/ament_index/resource_index/parent_prefix_path/ecl_errors
[4.355s] -- Up-to-date: /home/locobot/Documents/kobuki/install/share/ecl_errors/environment/ament_prefix_path.sh
[4.355s] -- Installing: /home/locobot/Documents/kobuki/install/share/ecl_errors/environment/ament_prefix_path.dsv
[4.355s] -- Up-to-date: /home/locobot/Documents/kobuki/install/share/ecl_errors/environment/path.sh
[4.355s] -- Installing: /home/locobot/Documents/kobuki/install/share/ecl_errors/environment/path.dsv
[4.356s] -- Up-to-date: /home/locobot/Documents/kobuki/install/share/ecl_errors/local_setup.bash
[4.356s] -- Up-to-date: /home/locobot/Documents/kobuki/install/share/ecl_errors/local_setup.sh
[4.356s] -- Up-to-date: /home/locobot/Documents/kobuki/install/share/ecl_errors/local_setup.zsh
[4.356s] -- Installing: /home/locobot/Documents/kobuki/install/share/ecl_errors/local_setup.dsv
[4.356s] -- Installing: /home/locobot/Documents/kobuki/install/share/ecl_errors/package.dsv
[4.356s] -- Up-to-date: /home/locobot/Documents/kobuki/install/share/ament_index/resource_index/packages/ecl_errors
[4.356s] -- Up-to-date: /home/locobot/Documents/kobuki/install/share/ecl_errors/cmake/ecl_errorsExport.cmake
[4.356s] -- Installing: /home/locobot/Documents/kobuki/install/share/ecl_errors/cmake/ecl_errorsExport-relwithdebinfo.cmake
[4.357s] -- Up-to-date: /home/locobot/Documents/kobuki/install/share/ecl_errors/cmake/ament_cmake_export_targets-extras.cmake
[4.357s] -- Up-to-date: /home/locobot/Documents/kobuki/install/share/ecl_errors/cmake/ament_cmake_export_include_directories-extras.cmake
[4.357s] -- Up-to-date: /home/locobot/Documents/kobuki/install/share/ecl_errors/cmake/ament_cmake_export_libraries-extras.cmake
[4.357s] -- Up-to-date: /home/locobot/Documents/kobuki/install/share/ecl_errors/cmake/ament_cmake_export_dependencies-extras.cmake
[4.357s] -- Up-to-date: /home/locobot/Documents/kobuki/install/share/ecl_errors/cmake/ecl_errorsConfig.cmake
[4.357s] -- Up-to-date: /home/locobot/Documents/kobuki/install/share/ecl_errors/cmake/ecl_errorsConfig-version.cmake
[4.357s] -- Up-to-date: /home/locobot/Documents/kobuki/install/share/ecl_errors/package.xml
[4.357s] -- Up-to-date: /home/locobot/Documents/kobuki/install/include/ecl/errors.hpp
[4.357s] -- Up-to-date: /home/locobot/Documents/kobuki/install/include/ecl/errors/compile_time_assert.hpp
[4.358s] -- Up-to-date: /home/locobot/Documents/kobuki/install/include/ecl/errors/flags.hpp
[4.358s] -- Up-to-date: /home/locobot/Documents/kobuki/install/include/ecl/errors/handlers.hpp
[4.358s] -- Up-to-date: /home/locobot/Documents/kobuki/install/include/ecl/errors/macros.hpp
[4.358s] -- Up-to-date: /home/locobot/Documents/kobuki/install/include/ecl/errors/run_time_functions.hpp
[4.358s] -- Installing: /home/locobot/Documents/kobuki/install/lib/libecl_errors.so.1.1.0
[4.358s] -- Up-to-date: /home/locobot/Documents/kobuki/install/lib/libecl_errors.so
[4.358s] -- Installing: /home/locobot/Documents/kobuki/install/lib/ecl_errors/demo_errors
[4.358s] -- Set runtime path of "/home/locobot/Documents/kobuki/install/lib/ecl_errors/demo_errors" to ""
[4.479s] Invoked command in '/home/locobot/Documents/kobuki/build/ecl_errors' returned '0': AMENT_PREFIX_PATH=/home/locobot/Documents/kobuki/install CMAKE_PREFIX_PATH=/home/locobot/Documents/kobuki/install LD_LIBRARY_PATH=/home/locobot/Documents/kobuki/install/lib PATH=/home/locobot/Documents/kobuki/install/bin:${PATH} PYTHONPATH=/home/locobot/Documents/kobuki/install/lib/python3.8/site-packages /usr/bin/cmake --install /home/locobot/Documents/kobuki/build/ecl_errors
