[0.468s] Invoking command in '/home/locobot/Documents/kobuki/build/ament_cmake_auto': AMENT_PREFIX_PATH=/home/locobot/Documents/kobuki/install CMAKE_PREFIX_PATH=/home/locobot/Documents/kobuki/install PATH=/home/locobot/Documents/kobuki/install/bin:${PATH} PYTHONPATH=/home/locobot/Documents/kobuki/install/lib/python3.8/site-packages /usr/bin/cmake /home/locobot/Documents/kobuki/src/ament_cmake/ament_cmake_auto -DBUILD_TESTING=OFF -DCMAKE_INSTALL_PREFIX=/home/locobot/Documents/kobuki/install
[0.510s] -- Found ament_cmake: 0.9.12 (/home/locobot/Documents/kobuki/install/share/ament_cmake/cmake)
[0.564s] -- Found PythonInterp: /usr/bin/python3 (found suitable version "3.8.10", minimum required is "3") 
[0.564s] -- Using PYTHON_EXECUTABLE: /usr/bin/python3
[1.011s] -- Configuring done
[1.032s] -- Generating done
[1.032s] -- Build files have been written to: /home/locobot/Documents/kobuki/build/ament_cmake_auto
[1.033s] Invoked command in '/home/locobot/Documents/kobuki/build/ament_cmake_auto' returned '0': AMENT_PREFIX_PATH=/home/locobot/Documents/kobuki/install CMAKE_PREFIX_PATH=/home/locobot/Documents/kobuki/install PATH=/home/locobot/Documents/kobuki/install/bin:${PATH} PYTHONPATH=/home/locobot/Documents/kobuki/install/lib/python3.8/site-packages /usr/bin/cmake /home/locobot/Documents/kobuki/src/ament_cmake/ament_cmake_auto -DBUILD_TESTING=OFF -DCMAKE_INSTALL_PREFIX=/home/locobot/Documents/kobuki/install
[1.033s] Invoking command in '/home/locobot/Documents/kobuki/build/ament_cmake_auto': AMENT_PREFIX_PATH=/home/locobot/Documents/kobuki/install CMAKE_PREFIX_PATH=/home/locobot/Documents/kobuki/install PATH=/home/locobot/Documents/kobuki/install/bin:${PATH} PYTHONPATH=/home/locobot/Documents/kobuki/install/lib/python3.8/site-packages /usr/bin/cmake --build /home/locobot/Documents/kobuki/build/ament_cmake_auto -- -j4 -l4
[1.200s] Invoked command in '/home/locobot/Documents/kobuki/build/ament_cmake_auto' returned '0': AMENT_PREFIX_PATH=/home/locobot/Documents/kobuki/install CMAKE_PREFIX_PATH=/home/locobot/Documents/kobuki/install PATH=/home/locobot/Documents/kobuki/install/bin:${PATH} PYTHONPATH=/home/locobot/Documents/kobuki/install/lib/python3.8/site-packages /usr/bin/cmake --build /home/locobot/Documents/kobuki/build/ament_cmake_auto -- -j4 -l4
[1.202s] Invoking command in '/home/locobot/Documents/kobuki/build/ament_cmake_auto': AMENT_PREFIX_PATH=/home/locobot/Documents/kobuki/install CMAKE_PREFIX_PATH=/home/locobot/Documents/kobuki/install PATH=/home/locobot/Documents/kobuki/install/bin:${PATH} PYTHONPATH=/home/locobot/Documents/kobuki/install/lib/python3.8/site-packages /usr/bin/cmake --install /home/locobot/Documents/kobuki/build/ament_cmake_auto
[1.240s] -- Install configuration: ""
[1.240s] -- Installing: /home/locobot/Documents/kobuki/install/share/ament_index/resource_index/package_run_dependencies/ament_cmake_auto
[1.240s] -- Installing: /home/locobot/Documents/kobuki/install/share/ament_index/resource_index/parent_prefix_path/ament_cmake_auto
[1.240s] -- Installing: /home/locobot/Documents/kobuki/install/share/ament_cmake_auto/environment/ament_prefix_path.sh
[1.240s] -- Installing: /home/locobot/Documents/kobuki/install/share/ament_cmake_auto/environment/ament_prefix_path.dsv
[1.240s] -- Installing: /home/locobot/Documents/kobuki/install/share/ament_cmake_auto/environment/path.sh
[1.240s] -- Installing: /home/locobot/Documents/kobuki/install/share/ament_cmake_auto/environment/path.dsv
[1.241s] -- Installing: /home/locobot/Documents/kobuki/install/share/ament_cmake_auto/local_setup.bash
[1.241s] -- Installing: /home/locobot/Documents/kobuki/install/share/ament_cmake_auto/local_setup.sh
[1.241s] -- Installing: /home/locobot/Documents/kobuki/install/share/ament_cmake_auto/local_setup.zsh
[1.244s] -- Installing: /home/locobot/Documents/kobuki/install/share/ament_cmake_auto/local_setup.dsv
[1.249s] -- Installing: /home/locobot/Documents/kobuki/install/share/ament_cmake_auto/package.dsv
[1.251s] -- Installing: /home/locobot/Documents/kobuki/install/share/ament_index/resource_index/packages/ament_cmake_auto
[1.252s] -- Installing: /home/locobot/Documents/kobuki/install/share/ament_cmake_auto/cmake/ament_cmake_auto-extras.cmake
[1.253s] -- Installing: /home/locobot/Documents/kobuki/install/share/ament_cmake_auto/cmake/ament_cmake_autoConfig.cmake
[1.253s] -- Installing: /home/locobot/Documents/kobuki/install/share/ament_cmake_auto/cmake/ament_cmake_autoConfig-version.cmake
[1.253s] -- Installing: /home/locobot/Documents/kobuki/install/share/ament_cmake_auto/package.xml
[1.254s] -- Up-to-date: /home/locobot/Documents/kobuki/install/share/ament_cmake_auto/cmake
[1.254s] -- Installing: /home/locobot/Documents/kobuki/install/share/ament_cmake_auto/cmake/ament_auto_add_executable.cmake
[1.254s] -- Installing: /home/locobot/Documents/kobuki/install/share/ament_cmake_auto/cmake/ament_auto_add_library.cmake
[1.254s] -- Installing: /home/locobot/Documents/kobuki/install/share/ament_cmake_auto/cmake/ament_auto_generate_code.cmake
[1.260s] -- Installing: /home/locobot/Documents/kobuki/install/share/ament_cmake_auto/cmake/ament_auto_package.cmake
[1.263s] -- Installing: /home/locobot/Documents/kobuki/install/share/ament_cmake_auto/cmake/ament_auto_find_build_dependencies.cmake
[1.265s] Invoked command in '/home/locobot/Documents/kobuki/build/ament_cmake_auto' returned '0': AMENT_PREFIX_PATH=/home/locobot/Documents/kobuki/install CMAKE_PREFIX_PATH=/home/locobot/Documents/kobuki/install PATH=/home/locobot/Documents/kobuki/install/bin:${PATH} PYTHONPATH=/home/locobot/Documents/kobuki/install/lib/python3.8/site-packages /usr/bin/cmake --install /home/locobot/Documents/kobuki/build/ament_cmake_auto
