-- The C compiler identification is GNU 9.4.0
-- The CXX compiler identification is GNU 9.4.0
-- Check for working C compiler: /usr/bin/cc
-- Check for working C compiler: /usr/bin/cc -- works
-- Detecting C compiler ABI info
-- Detecting C compiler ABI info - done
-- Detecting C compile features
-- Detecting C compile features - done
-- Check for working CXX compiler: /usr/bin/c++
-- Check for working CXX compiler: /usr/bin/c++ -- works
-- Detecting CXX compiler ABI info
-- Detecting CXX compiler ABI info - done
-- Detecting CXX compile features
-- Detecting CXX compile features - done
-- Found ament_cmake_ros: 0.9.2 (/home/locobot/Documents/kobuki/install/share/ament_cmake_ros/cmake)
-- Found PythonInterp: /usr/bin/python3 (found suitable version "3.8.10", minimum required is "3") 
-- Using PYTHON_EXECUTABLE: /usr/bin/python3
-- Found ecl_build: 1.0.3 (/home/locobot/Documents/kobuki/install/share/ecl_build/cmake)
-- Found ecl_concepts: 1.2.1 (/home/locobot/Documents/kobuki/install/share/ecl_concepts/cmake)
-- Configuring done
-- Generating done
-- Build files have been written to: /home/locobot/Documents/kobuki/build/ecl_utilities
[35m[1mScanning dependencies of target ecl_demo_constructors[0m
[ 50%] [32mBuilding CXX object src/examples/CMakeFiles/ecl_demo_constructors.dir/constructors.cpp.o[0m
[100%] [32m[1mLinking CXX executable demo_constructors[0m
[100%] Built target ecl_demo_constructors
-- Install configuration: ""
-- Installing: /home/locobot/Documents/kobuki/install/share/ament_index/resource_index/package_run_dependencies/ecl_utilities
-- Installing: /home/locobot/Documents/kobuki/install/share/ament_index/resource_index/parent_prefix_path/ecl_utilities
-- Installing: /home/locobot/Documents/kobuki/install/share/ecl_utilities/environment/ament_prefix_path.sh
-- Installing: /home/locobot/Documents/kobuki/install/share/ecl_utilities/environment/ament_prefix_path.dsv
-- Installing: /home/locobot/Documents/kobuki/install/share/ecl_utilities/environment/path.sh
-- Installing: /home/locobot/Documents/kobuki/install/share/ecl_utilities/environment/path.dsv
-- Installing: /home/locobot/Documents/kobuki/install/share/ecl_utilities/local_setup.bash
-- Installing: /home/locobot/Documents/kobuki/install/share/ecl_utilities/local_setup.sh
-- Installing: /home/locobot/Documents/kobuki/install/share/ecl_utilities/local_setup.zsh
-- Installing: /home/locobot/Documents/kobuki/install/share/ecl_utilities/local_setup.dsv
-- Installing: /home/locobot/Documents/kobuki/install/share/ecl_utilities/package.dsv
-- Installing: /home/locobot/Documents/kobuki/install/share/ament_index/resource_index/packages/ecl_utilities
-- Installing: /home/locobot/Documents/kobuki/install/share/ecl_utilities/cmake/ecl_utilitiesExport.cmake
-- Installing: /home/locobot/Documents/kobuki/install/share/ecl_utilities/cmake/ament_cmake_export_targets-extras.cmake
-- Installing: /home/locobot/Documents/kobuki/install/share/ecl_utilities/cmake/ament_cmake_export_include_directories-extras.cmake
-- Installing: /home/locobot/Documents/kobuki/install/share/ecl_utilities/cmake/ament_cmake_export_dependencies-extras.cmake
-- Installing: /home/locobot/Documents/kobuki/install/share/ecl_utilities/cmake/ecl_utilitiesConfig.cmake
-- Installing: /home/locobot/Documents/kobuki/install/share/ecl_utilities/cmake/ecl_utilitiesConfig-version.cmake
-- Installing: /home/locobot/Documents/kobuki/install/share/ecl_utilities/package.xml
-- Installing: /home/locobot/Documents/kobuki/install/include/ecl/utilities.hpp
-- Installing: /home/locobot/Documents/kobuki/install/include/ecl/utilities/blueprints.hpp
-- Installing: /home/locobot/Documents/kobuki/install/include/ecl/utilities/flags.hpp
-- Installing: /home/locobot/Documents/kobuki/install/include/ecl/utilities/function_objects.hpp
-- Installing: /home/locobot/Documents/kobuki/install/include/ecl/utilities/parameter.hpp
-- Installing: /home/locobot/Documents/kobuki/install/include/ecl/utilities/references.hpp
-- Installing: /home/locobot/Documents/kobuki/install/include/ecl/utilities/singleton.hpp
-- Installing: /home/locobot/Documents/kobuki/install/include/ecl/utilities/void.hpp
-- Installing: /home/locobot/Documents/kobuki/install/lib/ecl_utilities/demo_constructors
-- Set runtime path of "/home/locobot/Documents/kobuki/install/lib/ecl_utilities/demo_constructors" to ""
