[0.686s] Invoking command in '/home/locobot/Documents/kobuki/build/ecl_utilities': AMENT_PREFIX_PATH=/home/locobot/Documents/kobuki/install CMAKE_PREFIX_PATH=/home/locobot/Documents/kobuki/install LD_LIBRARY_PATH=/home/locobot/Documents/kobuki/install/lib PATH=/home/locobot/Documents/kobuki/install/bin:${PATH} PYTHONPATH=/home/locobot/Documents/kobuki/install/lib/python3.8/site-packages /usr/bin/cmake /home/locobot/Documents/kobuki/src/ecl_core/ecl_utilities -DBUILD_TESTING=OFF -DCMAKE_INSTALL_PREFIX=/home/locobot/Documents/kobuki/install
[0.840s] -- The C compiler identification is GNU 9.4.0
[1.046s] -- The CXX compiler identification is GNU 9.4.0
[1.090s] -- Check for working C compiler: /usr/bin/cc
[1.333s] -- Check for working C compiler: /usr/bin/cc -- works
[1.338s] -- Detecting C compiler ABI info
[1.530s] -- Detecting C compiler ABI info - done
[1.561s] -- Detecting C compile features
[1.568s] -- Detecting C compile features - done
[1.569s] -- Check for working CXX compiler: /usr/bin/c++
[1.769s] -- Check for working CXX compiler: /usr/bin/c++ -- works
[1.769s] -- Detecting CXX compiler ABI info
[1.982s] -- Detecting CXX compiler ABI info - done
[2.020s] -- Detecting CXX compile features
[2.020s] -- Detecting CXX compile features - done
[2.020s] -- Found ament_cmake_ros: 0.9.2 (/home/locobot/Documents/kobuki/install/share/ament_cmake_ros/cmake)
[2.084s] -- Found PythonInterp: /usr/bin/python3 (found suitable version "3.8.10", minimum required is "3") 
[2.084s] -- Using PYTHON_EXECUTABLE: /usr/bin/python3
[2.514s] -- Found ecl_build: 1.0.3 (/home/locobot/Documents/kobuki/install/share/ecl_build/cmake)
[2.527s] -- Found ecl_concepts: 1.2.1 (/home/locobot/Documents/kobuki/install/share/ecl_concepts/cmake)
[2.775s] -- Configuring done
[2.784s] -- Generating done
[2.788s] -- Build files have been written to: /home/locobot/Documents/kobuki/build/ecl_utilities
[2.806s] Invoked command in '/home/locobot/Documents/kobuki/build/ecl_utilities' returned '0': AMENT_PREFIX_PATH=/home/locobot/Documents/kobuki/install CMAKE_PREFIX_PATH=/home/locobot/Documents/kobuki/install LD_LIBRARY_PATH=/home/locobot/Documents/kobuki/install/lib PATH=/home/locobot/Documents/kobuki/install/bin:${PATH} PYTHONPATH=/home/locobot/Documents/kobuki/install/lib/python3.8/site-packages /usr/bin/cmake /home/locobot/Documents/kobuki/src/ecl_core/ecl_utilities -DBUILD_TESTING=OFF -DCMAKE_INSTALL_PREFIX=/home/locobot/Documents/kobuki/install
[2.808s] Invoking command in '/home/locobot/Documents/kobuki/build/ecl_utilities': AMENT_PREFIX_PATH=/home/locobot/Documents/kobuki/install CMAKE_PREFIX_PATH=/home/locobot/Documents/kobuki/install LD_LIBRARY_PATH=/home/locobot/Documents/kobuki/install/lib PATH=/home/locobot/Documents/kobuki/install/bin:${PATH} PYTHONPATH=/home/locobot/Documents/kobuki/install/lib/python3.8/site-packages /usr/bin/cmake --build /home/locobot/Documents/kobuki/build/ecl_utilities -- -j4 -l4
[2.900s] [35m[1mScanning dependencies of target ecl_demo_constructors[0m
[2.923s] [ 50%] [32mBuilding CXX object src/examples/CMakeFiles/ecl_demo_constructors.dir/constructors.cpp.o[0m
[3.661s] [100%] [32m[1mLinking CXX executable demo_constructors[0m
[3.860s] [100%] Built target ecl_demo_constructors
[4.022s] Invoked command in '/home/locobot/Documents/kobuki/build/ecl_utilities' returned '0': AMENT_PREFIX_PATH=/home/locobot/Documents/kobuki/install CMAKE_PREFIX_PATH=/home/locobot/Documents/kobuki/install LD_LIBRARY_PATH=/home/locobot/Documents/kobuki/install/lib PATH=/home/locobot/Documents/kobuki/install/bin:${PATH} PYTHONPATH=/home/locobot/Documents/kobuki/install/lib/python3.8/site-packages /usr/bin/cmake --build /home/locobot/Documents/kobuki/build/ecl_utilities -- -j4 -l4
[4.027s] Invoking command in '/home/locobot/Documents/kobuki/build/ecl_utilities': AMENT_PREFIX_PATH=/home/locobot/Documents/kobuki/install CMAKE_PREFIX_PATH=/home/locobot/Documents/kobuki/install LD_LIBRARY_PATH=/home/locobot/Documents/kobuki/install/lib PATH=/home/locobot/Documents/kobuki/install/bin:${PATH} PYTHONPATH=/home/locobot/Documents/kobuki/install/lib/python3.8/site-packages /usr/bin/cmake --install /home/locobot/Documents/kobuki/build/ecl_utilities
[4.096s] -- Install configuration: ""
[4.096s] -- Installing: /home/locobot/Documents/kobuki/install/share/ament_index/resource_index/package_run_dependencies/ecl_utilities
[4.096s] -- Installing: /home/locobot/Documents/kobuki/install/share/ament_index/resource_index/parent_prefix_path/ecl_utilities
[4.097s] -- Installing: /home/locobot/Documents/kobuki/install/share/ecl_utilities/environment/ament_prefix_path.sh
[4.097s] -- Installing: /home/locobot/Documents/kobuki/install/share/ecl_utilities/environment/ament_prefix_path.dsv
[4.097s] -- Installing: /home/locobot/Documents/kobuki/install/share/ecl_utilities/environment/path.sh
[4.097s] -- Installing: /home/locobot/Documents/kobuki/install/share/ecl_utilities/environment/path.dsv
[4.097s] -- Installing: /home/locobot/Documents/kobuki/install/share/ecl_utilities/local_setup.bash
[4.097s] -- Installing: /home/locobot/Documents/kobuki/install/share/ecl_utilities/local_setup.sh
[4.097s] -- Installing: /home/locobot/Documents/kobuki/install/share/ecl_utilities/local_setup.zsh
[4.097s] -- Installing: /home/locobot/Documents/kobuki/install/share/ecl_utilities/local_setup.dsv
[4.098s] -- Installing: /home/locobot/Documents/kobuki/install/share/ecl_utilities/package.dsv
[4.098s] -- Installing: /home/locobot/Documents/kobuki/install/share/ament_index/resource_index/packages/ecl_utilities
[4.098s] -- Installing: /home/locobot/Documents/kobuki/install/share/ecl_utilities/cmake/ecl_utilitiesExport.cmake
[4.098s] -- Installing: /home/locobot/Documents/kobuki/install/share/ecl_utilities/cmake/ament_cmake_export_targets-extras.cmake
[4.098s] -- Installing: /home/locobot/Documents/kobuki/install/share/ecl_utilities/cmake/ament_cmake_export_include_directories-extras.cmake
[4.098s] -- Installing: /home/locobot/Documents/kobuki/install/share/ecl_utilities/cmake/ament_cmake_export_dependencies-extras.cmake
[4.098s] -- Installing: /home/locobot/Documents/kobuki/install/share/ecl_utilities/cmake/ecl_utilitiesConfig.cmake
[4.098s] -- Installing: /home/locobot/Documents/kobuki/install/share/ecl_utilities/cmake/ecl_utilitiesConfig-version.cmake
[4.099s] -- Installing: /home/locobot/Documents/kobuki/install/share/ecl_utilities/package.xml
[4.099s] -- Installing: /home/locobot/Documents/kobuki/install/include/ecl/utilities.hpp
[4.099s] -- Installing: /home/locobot/Documents/kobuki/install/include/ecl/utilities/blueprints.hpp
[4.099s] -- Installing: /home/locobot/Documents/kobuki/install/include/ecl/utilities/flags.hpp
[4.099s] -- Installing: /home/locobot/Documents/kobuki/install/include/ecl/utilities/function_objects.hpp
[4.099s] -- Installing: /home/locobot/Documents/kobuki/install/include/ecl/utilities/parameter.hpp
[4.099s] -- Installing: /home/locobot/Documents/kobuki/install/include/ecl/utilities/references.hpp
[4.099s] -- Installing: /home/locobot/Documents/kobuki/install/include/ecl/utilities/singleton.hpp
[4.113s] -- Installing: /home/locobot/Documents/kobuki/install/include/ecl/utilities/void.hpp
[4.113s] -- Installing: /home/locobot/Documents/kobuki/install/lib/ecl_utilities/demo_constructors
[4.113s] -- Set runtime path of "/home/locobot/Documents/kobuki/install/lib/ecl_utilities/demo_constructors" to ""
[4.117s] Invoked command in '/home/locobot/Documents/kobuki/build/ecl_utilities' returned '0': AMENT_PREFIX_PATH=/home/locobot/Documents/kobuki/install CMAKE_PREFIX_PATH=/home/locobot/Documents/kobuki/install LD_LIBRARY_PATH=/home/locobot/Documents/kobuki/install/lib PATH=/home/locobot/Documents/kobuki/install/bin:${PATH} PYTHONPATH=/home/locobot/Documents/kobuki/install/lib/python3.8/site-packages /usr/bin/cmake --install /home/locobot/Documents/kobuki/build/ecl_utilities
