[0.021s] Invoking command in '/home/locobot/Documents/kobuki/build/ament_cmake_include_directories': AMENT_PREFIX_PATH=/home/locobot/Documents/kobuki/install CMAKE_PREFIX_PATH=/home/locobot/Documents/kobuki/install LD_LIBRARY_PATH=/home/locobot/Documents/kobuki/install/lib PATH=/home/locobot/Documents/kobuki/install/bin:${PATH} PYTHONPATH=/home/locobot/Documents/kobuki/install/lib/python3.8/site-packages /usr/bin/cmake /home/locobot/Documents/kobuki/src/ament_cmake/ament_cmake_include_directories -DBUILD_TESTING=OFF -DCMAKE_BUILD_TYPE=RelWithDebInfo -DCMAKE_INSTALL_PREFIX=/home/locobot/Documents/kobuki/install
[0.038s] -- Found ament_cmake_core: 0.9.12 (/home/locobot/Documents/kobuki/install/share/ament_cmake_core/cmake)
[0.085s] -- Using PYTHON_EXECUTABLE: /usr/bin/python3
[0.707s] -- Configuring done
[0.710s] -- Generating done
[0.713s] -- Build files have been written to: /home/locobot/Documents/kobuki/build/ament_cmake_include_directories
[0.830s] Invoked command in '/home/locobot/Documents/kobuki/build/ament_cmake_include_directories' returned '0': AMENT_PREFIX_PATH=/home/locobot/Documents/kobuki/install CMAKE_PREFIX_PATH=/home/locobot/Documents/kobuki/install LD_LIBRARY_PATH=/home/locobot/Documents/kobuki/install/lib PATH=/home/locobot/Documents/kobuki/install/bin:${PATH} PYTHONPATH=/home/locobot/Documents/kobuki/install/lib/python3.8/site-packages /usr/bin/cmake /home/locobot/Documents/kobuki/src/ament_cmake/ament_cmake_include_directories -DBUILD_TESTING=OFF -DCMAKE_BUILD_TYPE=RelWithDebInfo -DCMAKE_INSTALL_PREFIX=/home/locobot/Documents/kobuki/install
[0.831s] Invoking command in '/home/locobot/Documents/kobuki/build/ament_cmake_include_directories': AMENT_PREFIX_PATH=/home/locobot/Documents/kobuki/install CMAKE_PREFIX_PATH=/home/locobot/Documents/kobuki/install LD_LIBRARY_PATH=/home/locobot/Documents/kobuki/install/lib PATH=/home/locobot/Documents/kobuki/install/bin:${PATH} PYTHONPATH=/home/locobot/Documents/kobuki/install/lib/python3.8/site-packages /usr/bin/cmake --build /home/locobot/Documents/kobuki/build/ament_cmake_include_directories -- -j4 -l4
[1.004s] Invoked command in '/home/locobot/Documents/kobuki/build/ament_cmake_include_directories' returned '0': AMENT_PREFIX_PATH=/home/locobot/Documents/kobuki/install CMAKE_PREFIX_PATH=/home/locobot/Documents/kobuki/install LD_LIBRARY_PATH=/home/locobot/Documents/kobuki/install/lib PATH=/home/locobot/Documents/kobuki/install/bin:${PATH} PYTHONPATH=/home/locobot/Documents/kobuki/install/lib/python3.8/site-packages /usr/bin/cmake --build /home/locobot/Documents/kobuki/build/ament_cmake_include_directories -- -j4 -l4
[1.005s] Invoking command in '/home/locobot/Documents/kobuki/build/ament_cmake_include_directories': AMENT_PREFIX_PATH=/home/locobot/Documents/kobuki/install CMAKE_PREFIX_PATH=/home/locobot/Documents/kobuki/install LD_LIBRARY_PATH=/home/locobot/Documents/kobuki/install/lib PATH=/home/locobot/Documents/kobuki/install/bin:${PATH} PYTHONPATH=/home/locobot/Documents/kobuki/install/lib/python3.8/site-packages /usr/bin/cmake --install /home/locobot/Documents/kobuki/build/ament_cmake_include_directories
[1.053s] -- Install configuration: "RelWithDebInfo"
[1.054s] -- Up-to-date: /home/locobot/Documents/kobuki/install/share/ament_index/resource_index/package_run_dependencies/ament_cmake_include_directories
[1.055s] -- Up-to-date: /home/locobot/Documents/kobuki/install/share/ament_index/resource_index/parent_prefix_path/ament_cmake_include_directories
[1.056s] -- Up-to-date: /home/locobot/Documents/kobuki/install/share/ament_cmake_include_directories/environment/ament_prefix_path.sh
[1.057s] -- Installing: /home/locobot/Documents/kobuki/install/share/ament_cmake_include_directories/environment/ament_prefix_path.dsv
[1.058s] -- Up-to-date: /home/locobot/Documents/kobuki/install/share/ament_cmake_include_directories/environment/path.sh
[1.059s] -- Installing: /home/locobot/Documents/kobuki/install/share/ament_cmake_include_directories/environment/path.dsv
[1.060s] -- Up-to-date: /home/locobot/Documents/kobuki/install/share/ament_cmake_include_directories/local_setup.bash
[1.061s] -- Up-to-date: /home/locobot/Documents/kobuki/install/share/ament_cmake_include_directories/local_setup.sh
[1.062s] -- Up-to-date: /home/locobot/Documents/kobuki/install/share/ament_cmake_include_directories/local_setup.zsh
[1.062s] -- Installing: /home/locobot/Documents/kobuki/install/share/ament_cmake_include_directories/local_setup.dsv
[1.063s] -- Installing: /home/locobot/Documents/kobuki/install/share/ament_cmake_include_directories/package.dsv
[1.063s] -- Up-to-date: /home/locobot/Documents/kobuki/install/share/ament_index/resource_index/packages/ament_cmake_include_directories
[1.064s] -- Up-to-date: /home/locobot/Documents/kobuki/install/share/ament_cmake_include_directories/cmake/ament_cmake_include_directories-extras.cmake
[1.064s] -- Up-to-date: /home/locobot/Documents/kobuki/install/share/ament_cmake_include_directories/cmake/ament_cmake_include_directoriesConfig.cmake
[1.064s] -- Up-to-date: /home/locobot/Documents/kobuki/install/share/ament_cmake_include_directories/cmake/ament_cmake_include_directoriesConfig-version.cmake
[1.069s] -- Up-to-date: /home/locobot/Documents/kobuki/install/share/ament_cmake_include_directories/package.xml
[1.070s] -- Up-to-date: /home/locobot/Documents/kobuki/install/share/ament_cmake_include_directories/cmake
[1.070s] -- Up-to-date: /home/locobot/Documents/kobuki/install/share/ament_cmake_include_directories/cmake/ament_include_directories_order.cmake
[1.077s] Invoked command in '/home/locobot/Documents/kobuki/build/ament_cmake_include_directories' returned '0': AMENT_PREFIX_PATH=/home/locobot/Documents/kobuki/install CMAKE_PREFIX_PATH=/home/locobot/Documents/kobuki/install LD_LIBRARY_PATH=/home/locobot/Documents/kobuki/install/lib PATH=/home/locobot/Documents/kobuki/install/bin:${PATH} PYTHONPATH=/home/locobot/Documents/kobuki/install/lib/python3.8/site-packages /usr/bin/cmake --install /home/locobot/Documents/kobuki/build/ament_cmake_include_directories
