[1.437s] Invoking command in '/home/locobot/Documents/kobuki/src/ament_lint/ament_cppcheck': PYTHONPATH=/home/locobot/Documents/kobuki/build/ament_cppcheck/prefix_override:/home/locobot/.local/lib/python3.8/site-packages/colcon_core/task/python/colcon_distutils_commands:/home/locobot/Documents/kobuki/install/lib/python3.8/site-packages: /usr/bin/python3 -W ignore:setup.py install is deprecated -W ignore:easy_install command is deprecated setup.py egg_info --egg-base ../../../build/ament_cppcheck build --build-base /home/locobot/Documents/kobuki/build/ament_cppcheck/build install --record /home/locobot/Documents/kobuki/build/ament_cppcheck/install.log --single-version-externally-managed install_data
[1.873s] running egg_info
[1.875s] writing ../../../build/ament_cppcheck/ament_cppcheck.egg-info/PKG-INFO
[1.876s] writing dependency_links to ../../../build/ament_cppcheck/ament_cppcheck.egg-info/dependency_links.txt
[1.877s] writing entry points to ../../../build/ament_cppcheck/ament_cppcheck.egg-info/entry_points.txt
[1.879s] writing requirements to ../../../build/ament_cppcheck/ament_cppcheck.egg-info/requires.txt
[1.880s] writing top-level names to ../../../build/ament_cppcheck/ament_cppcheck.egg-info/top_level.txt
[1.953s] reading manifest file '../../../build/ament_cppcheck/ament_cppcheck.egg-info/SOURCES.txt'
[1.955s] writing manifest file '../../../build/ament_cppcheck/ament_cppcheck.egg-info/SOURCES.txt'
[1.955s] running build
[1.956s] running build_py
[1.956s] running install
[1.956s] running install_lib
[1.958s] running install_data
[1.959s] running install_egg_info
[1.961s] removing '/home/locobot/Documents/kobuki/install/lib/python3.8/site-packages/ament_cppcheck-0.9.8-py3.8.egg-info' (and everything under it)
[1.962s] Copying ../../../build/ament_cppcheck/ament_cppcheck.egg-info to /home/locobot/Documents/kobuki/install/lib/python3.8/site-packages/ament_cppcheck-0.9.8-py3.8.egg-info
[1.963s] running install_scripts
[1.989s] Installing ament_cppcheck script to /home/locobot/Documents/kobuki/install/bin
[1.989s] writing list of installed files to '/home/locobot/Documents/kobuki/build/ament_cppcheck/install.log'
[2.079s] Invoked command in '/home/locobot/Documents/kobuki/src/ament_lint/ament_cppcheck' returned '0': PYTHONPATH=/home/locobot/Documents/kobuki/build/ament_cppcheck/prefix_override:/home/locobot/.local/lib/python3.8/site-packages/colcon_core/task/python/colcon_distutils_commands:/home/locobot/Documents/kobuki/install/lib/python3.8/site-packages: /usr/bin/python3 -W ignore:setup.py install is deprecated -W ignore:easy_install command is deprecated setup.py egg_info --egg-base ../../../build/ament_cppcheck build --build-base /home/locobot/Documents/kobuki/build/ament_cppcheck/build install --record /home/locobot/Documents/kobuki/build/ament_cppcheck/install.log --single-version-externally-managed install_data
