[0.098s] Invoking command in '/home/locobot/Documents/kobuki/build/ament_cmake_export_definitions': AMENT_PREFIX_PATH=/home/locobot/Documents/kobuki/install CMAKE_PREFIX_PATH=/home/locobot/Documents/kobuki/install LD_LIBRARY_PATH=/home/locobot/Documents/kobuki/install/lib PATH=/home/locobot/Documents/kobuki/install/bin:${PATH} PYTHONPATH=/home/locobot/Documents/kobuki/install/lib/python3.8/site-packages /usr/bin/cmake /home/locobot/Documents/kobuki/src/ament_cmake/ament_cmake_export_definitions -DBUILD_TESTING=OFF -DCMAKE_BUILD_TYPE=RelWithDebInfo -DCMAKE_INSTALL_PREFIX=/home/locobot/Documents/kobuki/install
[0.138s] -- Found ament_cmake_core: 0.9.12 (/home/locobot/Documents/kobuki/install/share/ament_cmake_core/cmake)
[0.199s] -- Using PYTHON_EXECUTABLE: /usr/bin/python3
[0.853s] -- Configuring done
[0.856s] -- Generating done
[0.859s] -- Build files have been written to: /home/locobot/Documents/kobuki/build/ament_cmake_export_definitions
[0.875s] Invoked command in '/home/locobot/Documents/kobuki/build/ament_cmake_export_definitions' returned '0': AMENT_PREFIX_PATH=/home/locobot/Documents/kobuki/install CMAKE_PREFIX_PATH=/home/locobot/Documents/kobuki/install LD_LIBRARY_PATH=/home/locobot/Documents/kobuki/install/lib PATH=/home/locobot/Documents/kobuki/install/bin:${PATH} PYTHONPATH=/home/locobot/Documents/kobuki/install/lib/python3.8/site-packages /usr/bin/cmake /home/locobot/Documents/kobuki/src/ament_cmake/ament_cmake_export_definitions -DBUILD_TESTING=OFF -DCMAKE_BUILD_TYPE=RelWithDebInfo -DCMAKE_INSTALL_PREFIX=/home/locobot/Documents/kobuki/install
[0.877s] Invoking command in '/home/locobot/Documents/kobuki/build/ament_cmake_export_definitions': AMENT_PREFIX_PATH=/home/locobot/Documents/kobuki/install CMAKE_PREFIX_PATH=/home/locobot/Documents/kobuki/install LD_LIBRARY_PATH=/home/locobot/Documents/kobuki/install/lib PATH=/home/locobot/Documents/kobuki/install/bin:${PATH} PYTHONPATH=/home/locobot/Documents/kobuki/install/lib/python3.8/site-packages /usr/bin/cmake --build /home/locobot/Documents/kobuki/build/ament_cmake_export_definitions -- -j4 -l4
[1.255s] Invoked command in '/home/locobot/Documents/kobuki/build/ament_cmake_export_definitions' returned '0': AMENT_PREFIX_PATH=/home/locobot/Documents/kobuki/install CMAKE_PREFIX_PATH=/home/locobot/Documents/kobuki/install LD_LIBRARY_PATH=/home/locobot/Documents/kobuki/install/lib PATH=/home/locobot/Documents/kobuki/install/bin:${PATH} PYTHONPATH=/home/locobot/Documents/kobuki/install/lib/python3.8/site-packages /usr/bin/cmake --build /home/locobot/Documents/kobuki/build/ament_cmake_export_definitions -- -j4 -l4
[1.256s] Invoking command in '/home/locobot/Documents/kobuki/build/ament_cmake_export_definitions': AMENT_PREFIX_PATH=/home/locobot/Documents/kobuki/install CMAKE_PREFIX_PATH=/home/locobot/Documents/kobuki/install LD_LIBRARY_PATH=/home/locobot/Documents/kobuki/install/lib PATH=/home/locobot/Documents/kobuki/install/bin:${PATH} PYTHONPATH=/home/locobot/Documents/kobuki/install/lib/python3.8/site-packages /usr/bin/cmake --install /home/locobot/Documents/kobuki/build/ament_cmake_export_definitions
[1.277s] -- Install configuration: "RelWithDebInfo"
[1.277s] -- Up-to-date: /home/locobot/Documents/kobuki/install/share/ament_index/resource_index/package_run_dependencies/ament_cmake_export_definitions
[1.277s] -- Up-to-date: /home/locobot/Documents/kobuki/install/share/ament_index/resource_index/parent_prefix_path/ament_cmake_export_definitions
[1.277s] -- Up-to-date: /home/locobot/Documents/kobuki/install/share/ament_cmake_export_definitions/environment/ament_prefix_path.sh
[1.278s] -- Installing: /home/locobot/Documents/kobuki/install/share/ament_cmake_export_definitions/environment/ament_prefix_path.dsv
[1.278s] -- Up-to-date: /home/locobot/Documents/kobuki/install/share/ament_cmake_export_definitions/environment/path.sh
[1.278s] -- Installing: /home/locobot/Documents/kobuki/install/share/ament_cmake_export_definitions/environment/path.dsv
[1.278s] -- Up-to-date: /home/locobot/Documents/kobuki/install/share/ament_cmake_export_definitions/local_setup.bash
[1.278s] -- Up-to-date: /home/locobot/Documents/kobuki/install/share/ament_cmake_export_definitions/local_setup.sh
[1.278s] -- Up-to-date: /home/locobot/Documents/kobuki/install/share/ament_cmake_export_definitions/local_setup.zsh
[1.280s] -- Installing: /home/locobot/Documents/kobuki/install/share/ament_cmake_export_definitions/local_setup.dsv
[1.280s] -- Installing: /home/locobot/Documents/kobuki/install/share/ament_cmake_export_definitions/package.dsv
[1.280s] -- Up-to-date: /home/locobot/Documents/kobuki/install/share/ament_index/resource_index/packages/ament_cmake_export_definitions
[1.281s] -- Up-to-date: /home/locobot/Documents/kobuki/install/share/ament_cmake_export_definitions/cmake/ament_cmake_export_definitions-extras.cmake
[1.281s] -- Up-to-date: /home/locobot/Documents/kobuki/install/share/ament_cmake_export_definitions/cmake/ament_cmake_export_definitionsConfig.cmake
[1.281s] -- Up-to-date: /home/locobot/Documents/kobuki/install/share/ament_cmake_export_definitions/cmake/ament_cmake_export_definitionsConfig-version.cmake
[1.281s] -- Up-to-date: /home/locobot/Documents/kobuki/install/share/ament_cmake_export_definitions/package.xml
[1.281s] -- Up-to-date: /home/locobot/Documents/kobuki/install/share/ament_cmake_export_definitions/cmake
[1.281s] -- Up-to-date: /home/locobot/Documents/kobuki/install/share/ament_cmake_export_definitions/cmake/ament_cmake_export_definitions-extras.cmake.in
[1.282s] -- Up-to-date: /home/locobot/Documents/kobuki/install/share/ament_cmake_export_definitions/cmake/ament_cmake_export_definitions_package_hook.cmake
[1.282s] -- Up-to-date: /home/locobot/Documents/kobuki/install/share/ament_cmake_export_definitions/cmake/ament_export_definitions.cmake
[1.313s] Invoked command in '/home/locobot/Documents/kobuki/build/ament_cmake_export_definitions' returned '0': AMENT_PREFIX_PATH=/home/locobot/Documents/kobuki/install CMAKE_PREFIX_PATH=/home/locobot/Documents/kobuki/install LD_LIBRARY_PATH=/home/locobot/Documents/kobuki/install/lib PATH=/home/locobot/Documents/kobuki/install/bin:${PATH} PYTHONPATH=/home/locobot/Documents/kobuki/install/lib/python3.8/site-packages /usr/bin/cmake --install /home/locobot/Documents/kobuki/build/ament_cmake_export_definitions
