[0.204s] Invoking command in '/home/locobot/Documents/kobuki/build/ament_cmake_cppcheck': AMENT_PREFIX_PATH=/home/locobot/Documents/kobuki/install CMAKE_PREFIX_PATH=/home/locobot/Documents/kobuki/install LD_LIBRARY_PATH=/home/locobot/Documents/kobuki/install/lib PATH=/home/locobot/Documents/kobuki/install/bin:${PATH} PYTHONPATH=/home/locobot/Documents/kobuki/install/lib/python3.8/site-packages /usr/bin/cmake /home/locobot/Documents/kobuki/src/ament_lint/ament_cmake_cppcheck -DBUILD_TESTING=OFF -DCMAKE_INSTALL_PREFIX=/home/locobot/Documents/kobuki/install
[0.217s] Re-run cmake no build system arguments
[0.217s] -- Found ament_cmake_core: 0.9.12 (/home/locobot/Documents/kobuki/install/share/ament_cmake_core/cmake)
[0.242s] -- Using PYTHON_EXECUTABLE: /usr/bin/python3
[0.446s] -- Found ament_cmake_test: 0.9.12 (/home/locobot/Documents/kobuki/install/share/ament_cmake_test/cmake)
[0.559s] -- Configuring done
[0.568s] -- Generating done
[0.568s] -- Build files have been written to: /home/locobot/Documents/kobuki/build/ament_cmake_cppcheck
[0.582s] Invoked command in '/home/locobot/Documents/kobuki/build/ament_cmake_cppcheck' returned '0': AMENT_PREFIX_PATH=/home/locobot/Documents/kobuki/install CMAKE_PREFIX_PATH=/home/locobot/Documents/kobuki/install LD_LIBRARY_PATH=/home/locobot/Documents/kobuki/install/lib PATH=/home/locobot/Documents/kobuki/install/bin:${PATH} PYTHONPATH=/home/locobot/Documents/kobuki/install/lib/python3.8/site-packages /usr/bin/cmake /home/locobot/Documents/kobuki/src/ament_lint/ament_cmake_cppcheck -DBUILD_TESTING=OFF -DCMAKE_INSTALL_PREFIX=/home/locobot/Documents/kobuki/install
[0.584s] Invoking command in '/home/locobot/Documents/kobuki/build/ament_cmake_cppcheck': AMENT_PREFIX_PATH=/home/locobot/Documents/kobuki/install CMAKE_PREFIX_PATH=/home/locobot/Documents/kobuki/install LD_LIBRARY_PATH=/home/locobot/Documents/kobuki/install/lib PATH=/home/locobot/Documents/kobuki/install/bin:${PATH} PYTHONPATH=/home/locobot/Documents/kobuki/install/lib/python3.8/site-packages /usr/bin/cmake --build /home/locobot/Documents/kobuki/build/ament_cmake_cppcheck -- -j4 -l4
[0.672s] /usr/bin/cmake -S/home/locobot/Documents/kobuki/src/ament_lint/ament_cmake_cppcheck -B/home/locobot/Documents/kobuki/build/ament_cmake_cppcheck --check-build-system CMakeFiles/Makefile.cmake 0
[0.706s] /usr/bin/cmake -E cmake_progress_start /home/locobot/Documents/kobuki/build/ament_cmake_cppcheck/CMakeFiles /home/locobot/Documents/kobuki/build/ament_cmake_cppcheck/CMakeFiles/progress.marks
[0.727s] /usr/bin/make -f CMakeFiles/Makefile2 all
[0.738s] make[1]: Entering directory '/home/locobot/Documents/kobuki/build/ament_cmake_cppcheck'
[0.738s] make[1]: Nothing to be done for 'all'.
[0.738s] make[1]: Leaving directory '/home/locobot/Documents/kobuki/build/ament_cmake_cppcheck'
[0.738s] /usr/bin/cmake -E cmake_progress_start /home/locobot/Documents/kobuki/build/ament_cmake_cppcheck/CMakeFiles 0
[0.769s] Invoked command in '/home/locobot/Documents/kobuki/build/ament_cmake_cppcheck' returned '0': AMENT_PREFIX_PATH=/home/locobot/Documents/kobuki/install CMAKE_PREFIX_PATH=/home/locobot/Documents/kobuki/install LD_LIBRARY_PATH=/home/locobot/Documents/kobuki/install/lib PATH=/home/locobot/Documents/kobuki/install/bin:${PATH} PYTHONPATH=/home/locobot/Documents/kobuki/install/lib/python3.8/site-packages /usr/bin/cmake --build /home/locobot/Documents/kobuki/build/ament_cmake_cppcheck -- -j4 -l4
[0.771s] Invoking command in '/home/locobot/Documents/kobuki/build/ament_cmake_cppcheck': AMENT_PREFIX_PATH=/home/locobot/Documents/kobuki/install CMAKE_PREFIX_PATH=/home/locobot/Documents/kobuki/install LD_LIBRARY_PATH=/home/locobot/Documents/kobuki/install/lib PATH=/home/locobot/Documents/kobuki/install/bin:${PATH} PYTHONPATH=/home/locobot/Documents/kobuki/install/lib/python3.8/site-packages /usr/bin/cmake --install /home/locobot/Documents/kobuki/build/ament_cmake_cppcheck
[0.802s] -- Install configuration: ""
[0.802s] -- Up-to-date: /home/locobot/Documents/kobuki/install/share/ament_index/resource_index/package_run_dependencies/ament_cmake_cppcheck
[0.802s] -- Up-to-date: /home/locobot/Documents/kobuki/install/share/ament_index/resource_index/parent_prefix_path/ament_cmake_cppcheck
[0.803s] -- Up-to-date: /home/locobot/Documents/kobuki/install/share/ament_cmake_cppcheck/environment/ament_prefix_path.sh
[0.803s] -- Installing: /home/locobot/Documents/kobuki/install/share/ament_cmake_cppcheck/environment/ament_prefix_path.dsv
[0.803s] -- Up-to-date: /home/locobot/Documents/kobuki/install/share/ament_cmake_cppcheck/environment/path.sh
[0.803s] -- Installing: /home/locobot/Documents/kobuki/install/share/ament_cmake_cppcheck/environment/path.dsv
[0.803s] -- Up-to-date: /home/locobot/Documents/kobuki/install/share/ament_cmake_cppcheck/local_setup.bash
[0.803s] -- Up-to-date: /home/locobot/Documents/kobuki/install/share/ament_cmake_cppcheck/local_setup.sh
[0.803s] -- Up-to-date: /home/locobot/Documents/kobuki/install/share/ament_cmake_cppcheck/local_setup.zsh
[0.803s] -- Installing: /home/locobot/Documents/kobuki/install/share/ament_cmake_cppcheck/local_setup.dsv
[0.803s] -- Installing: /home/locobot/Documents/kobuki/install/share/ament_cmake_cppcheck/package.dsv
[0.804s] -- Up-to-date: /home/locobot/Documents/kobuki/install/share/ament_index/resource_index/packages/ament_cmake_cppcheck
[0.804s] -- Up-to-date: /home/locobot/Documents/kobuki/install/share/ament_cmake_cppcheck/cmake/ament_cmake_cppcheck-extras.cmake
[0.804s] -- Up-to-date: /home/locobot/Documents/kobuki/install/share/ament_cmake_cppcheck/cmake/ament_cmake_cppcheckConfig.cmake
[0.805s] -- Up-to-date: /home/locobot/Documents/kobuki/install/share/ament_cmake_cppcheck/cmake/ament_cmake_cppcheckConfig-version.cmake
[0.805s] -- Up-to-date: /home/locobot/Documents/kobuki/install/share/ament_cmake_cppcheck/package.xml
[0.805s] -- Up-to-date: /home/locobot/Documents/kobuki/install/share/ament_cmake_cppcheck/cmake
[0.805s] -- Up-to-date: /home/locobot/Documents/kobuki/install/share/ament_cmake_cppcheck/cmake/ament_cppcheck.cmake
[0.805s] -- Up-to-date: /home/locobot/Documents/kobuki/install/share/ament_cmake_cppcheck/cmake/ament_cmake_cppcheck_lint_hook.cmake
[0.824s] Invoked command in '/home/locobot/Documents/kobuki/build/ament_cmake_cppcheck' returned '0': AMENT_PREFIX_PATH=/home/locobot/Documents/kobuki/install CMAKE_PREFIX_PATH=/home/locobot/Documents/kobuki/install LD_LIBRARY_PATH=/home/locobot/Documents/kobuki/install/lib PATH=/home/locobot/Documents/kobuki/install/bin:${PATH} PYTHONPATH=/home/locobot/Documents/kobuki/install/lib/python3.8/site-packages /usr/bin/cmake --install /home/locobot/Documents/kobuki/build/ament_cmake_cppcheck
