[0.317s] Invoking command in '/home/locobot/Documents/kobuki/build/ament_lint_common': AMENT_PREFIX_PATH=/home/locobot/Documents/kobuki/install CMAKE_PREFIX_PATH=/home/locobot/Documents/kobuki/install LD_LIBRARY_PATH=/home/locobot/Documents/kobuki/install/lib PATH=/home/locobot/Documents/kobuki/install/bin:${PATH} PYTHONPATH=/home/locobot/Documents/kobuki/install/lib/python3.8/site-packages /usr/bin/cmake /home/locobot/Documents/kobuki/src/ament_lint/ament_lint_common -DBUILD_TESTING=OFF -DCMAKE_BUILD_TYPE=RelWithDebInfo -DCMAKE_INSTALL_PREFIX=/home/locobot/Documents/kobuki/install
[0.344s] -- Found ament_cmake_core: 0.9.12 (/home/locobot/Documents/kobuki/install/share/ament_cmake_core/cmake)
[0.416s] -- Using PYTHON_EXECUTABLE: /usr/bin/python3
[0.596s] -- Found ament_cmake_export_dependencies: 0.9.12 (/home/locobot/Documents/kobuki/install/share/ament_cmake_export_dependencies/cmake)
[0.707s] -- Configuring done
[0.707s] -- Generating done
[0.708s] -- Build files have been written to: /home/locobot/Documents/kobuki/build/ament_lint_common
[0.977s] Invoked command in '/home/locobot/Documents/kobuki/build/ament_lint_common' returned '0': AMENT_PREFIX_PATH=/home/locobot/Documents/kobuki/install CMAKE_PREFIX_PATH=/home/locobot/Documents/kobuki/install LD_LIBRARY_PATH=/home/locobot/Documents/kobuki/install/lib PATH=/home/locobot/Documents/kobuki/install/bin:${PATH} PYTHONPATH=/home/locobot/Documents/kobuki/install/lib/python3.8/site-packages /usr/bin/cmake /home/locobot/Documents/kobuki/src/ament_lint/ament_lint_common -DBUILD_TESTING=OFF -DCMAKE_BUILD_TYPE=RelWithDebInfo -DCMAKE_INSTALL_PREFIX=/home/locobot/Documents/kobuki/install
[0.978s] Invoking command in '/home/locobot/Documents/kobuki/build/ament_lint_common': AMENT_PREFIX_PATH=/home/locobot/Documents/kobuki/install CMAKE_PREFIX_PATH=/home/locobot/Documents/kobuki/install LD_LIBRARY_PATH=/home/locobot/Documents/kobuki/install/lib PATH=/home/locobot/Documents/kobuki/install/bin:${PATH} PYTHONPATH=/home/locobot/Documents/kobuki/install/lib/python3.8/site-packages /usr/bin/cmake --build /home/locobot/Documents/kobuki/build/ament_lint_common -- -j4 -l4
[1.088s] Invoked command in '/home/locobot/Documents/kobuki/build/ament_lint_common' returned '0': AMENT_PREFIX_PATH=/home/locobot/Documents/kobuki/install CMAKE_PREFIX_PATH=/home/locobot/Documents/kobuki/install LD_LIBRARY_PATH=/home/locobot/Documents/kobuki/install/lib PATH=/home/locobot/Documents/kobuki/install/bin:${PATH} PYTHONPATH=/home/locobot/Documents/kobuki/install/lib/python3.8/site-packages /usr/bin/cmake --build /home/locobot/Documents/kobuki/build/ament_lint_common -- -j4 -l4
[1.094s] Invoking command in '/home/locobot/Documents/kobuki/build/ament_lint_common': AMENT_PREFIX_PATH=/home/locobot/Documents/kobuki/install CMAKE_PREFIX_PATH=/home/locobot/Documents/kobuki/install LD_LIBRARY_PATH=/home/locobot/Documents/kobuki/install/lib PATH=/home/locobot/Documents/kobuki/install/bin:${PATH} PYTHONPATH=/home/locobot/Documents/kobuki/install/lib/python3.8/site-packages /usr/bin/cmake --install /home/locobot/Documents/kobuki/build/ament_lint_common
[1.109s] -- Install configuration: "RelWithDebInfo"
[1.116s] -- Up-to-date: /home/locobot/Documents/kobuki/install/share/ament_index/resource_index/package_run_dependencies/ament_lint_common
[1.116s] -- Up-to-date: /home/locobot/Documents/kobuki/install/share/ament_index/resource_index/parent_prefix_path/ament_lint_common
[1.116s] -- Up-to-date: /home/locobot/Documents/kobuki/install/share/ament_lint_common/environment/ament_prefix_path.sh
[1.116s] -- Installing: /home/locobot/Documents/kobuki/install/share/ament_lint_common/environment/ament_prefix_path.dsv
[1.117s] -- Up-to-date: /home/locobot/Documents/kobuki/install/share/ament_lint_common/environment/path.sh
[1.117s] -- Installing: /home/locobot/Documents/kobuki/install/share/ament_lint_common/environment/path.dsv
[1.117s] -- Up-to-date: /home/locobot/Documents/kobuki/install/share/ament_lint_common/local_setup.bash
[1.117s] -- Up-to-date: /home/locobot/Documents/kobuki/install/share/ament_lint_common/local_setup.sh
[1.117s] -- Up-to-date: /home/locobot/Documents/kobuki/install/share/ament_lint_common/local_setup.zsh
[1.117s] -- Installing: /home/locobot/Documents/kobuki/install/share/ament_lint_common/local_setup.dsv
[1.117s] -- Installing: /home/locobot/Documents/kobuki/install/share/ament_lint_common/package.dsv
[1.117s] -- Up-to-date: /home/locobot/Documents/kobuki/install/share/ament_index/resource_index/packages/ament_lint_common
[1.117s] -- Up-to-date: /home/locobot/Documents/kobuki/install/share/ament_lint_common/cmake/ament_cmake_export_dependencies-extras.cmake
[1.118s] -- Up-to-date: /home/locobot/Documents/kobuki/install/share/ament_lint_common/cmake/ament_lint_commonConfig.cmake
[1.118s] -- Up-to-date: /home/locobot/Documents/kobuki/install/share/ament_lint_common/cmake/ament_lint_commonConfig-version.cmake
[1.118s] -- Up-to-date: /home/locobot/Documents/kobuki/install/share/ament_lint_common/package.xml
[1.415s] Invoked command in '/home/locobot/Documents/kobuki/build/ament_lint_common' returned '0': AMENT_PREFIX_PATH=/home/locobot/Documents/kobuki/install CMAKE_PREFIX_PATH=/home/locobot/Documents/kobuki/install LD_LIBRARY_PATH=/home/locobot/Documents/kobuki/install/lib PATH=/home/locobot/Documents/kobuki/install/bin:${PATH} PYTHONPATH=/home/locobot/Documents/kobuki/install/lib/python3.8/site-packages /usr/bin/cmake --install /home/locobot/Documents/kobuki/build/ament_lint_common
