[0.079s] Invoking command in '/home/locobot/Documents/kobuki/build/ament_cmake_cpplint': AMENT_PREFIX_PATH=/home/locobot/Documents/kobuki/install CMAKE_PREFIX_PATH=/home/locobot/Documents/kobuki/install LD_LIBRARY_PATH=/home/locobot/Documents/kobuki/install/lib PATH=/home/locobot/Documents/kobuki/install/bin:${PATH} PYTHONPATH=/home/locobot/Documents/kobuki/install/lib/python3.8/site-packages /usr/bin/cmake /home/locobot/Documents/kobuki/src/ament_lint/ament_cmake_cpplint -DBUILD_TESTING=OFF -DCMAKE_INSTALL_PREFIX=/home/locobot/Documents/kobuki/install
[0.104s] Re-run cmake no build system arguments
[0.104s] -- Found ament_cmake_core: 0.9.12 (/home/locobot/Documents/kobuki/install/share/ament_cmake_core/cmake)
[0.119s] -- Using PYTHON_EXECUTABLE: /usr/bin/python3
[0.340s] -- Found ament_cmake_test: 0.9.12 (/home/locobot/Documents/kobuki/install/share/ament_cmake_test/cmake)
[0.505s] -- Configuring done
[0.508s] -- Generating done
[0.508s] -- Build files have been written to: /home/locobot/Documents/kobuki/build/ament_cmake_cpplint
[0.511s] Invoked command in '/home/locobot/Documents/kobuki/build/ament_cmake_cpplint' returned '0': AMENT_PREFIX_PATH=/home/locobot/Documents/kobuki/install CMAKE_PREFIX_PATH=/home/locobot/Documents/kobuki/install LD_LIBRARY_PATH=/home/locobot/Documents/kobuki/install/lib PATH=/home/locobot/Documents/kobuki/install/bin:${PATH} PYTHONPATH=/home/locobot/Documents/kobuki/install/lib/python3.8/site-packages /usr/bin/cmake /home/locobot/Documents/kobuki/src/ament_lint/ament_cmake_cpplint -DBUILD_TESTING=OFF -DCMAKE_INSTALL_PREFIX=/home/locobot/Documents/kobuki/install
[0.513s] Invoking command in '/home/locobot/Documents/kobuki/build/ament_cmake_cpplint': AMENT_PREFIX_PATH=/home/locobot/Documents/kobuki/install CMAKE_PREFIX_PATH=/home/locobot/Documents/kobuki/install LD_LIBRARY_PATH=/home/locobot/Documents/kobuki/install/lib PATH=/home/locobot/Documents/kobuki/install/bin:${PATH} PYTHONPATH=/home/locobot/Documents/kobuki/install/lib/python3.8/site-packages /usr/bin/cmake --build /home/locobot/Documents/kobuki/build/ament_cmake_cpplint -- -j4 -l4
[0.568s] /usr/bin/cmake -S/home/locobot/Documents/kobuki/src/ament_lint/ament_cmake_cpplint -B/home/locobot/Documents/kobuki/build/ament_cmake_cpplint --check-build-system CMakeFiles/Makefile.cmake 0
[0.581s] /usr/bin/cmake -E cmake_progress_start /home/locobot/Documents/kobuki/build/ament_cmake_cpplint/CMakeFiles /home/locobot/Documents/kobuki/build/ament_cmake_cpplint/CMakeFiles/progress.marks
[0.609s] /usr/bin/make -f CMakeFiles/Makefile2 all
[0.617s] make[1]: Entering directory '/home/locobot/Documents/kobuki/build/ament_cmake_cpplint'
[0.617s] make[1]: Nothing to be done for 'all'.
[0.619s] make[1]: Leaving directory '/home/locobot/Documents/kobuki/build/ament_cmake_cpplint'
[0.619s] /usr/bin/cmake -E cmake_progress_start /home/locobot/Documents/kobuki/build/ament_cmake_cpplint/CMakeFiles 0
[0.663s] Invoked command in '/home/locobot/Documents/kobuki/build/ament_cmake_cpplint' returned '0': AMENT_PREFIX_PATH=/home/locobot/Documents/kobuki/install CMAKE_PREFIX_PATH=/home/locobot/Documents/kobuki/install LD_LIBRARY_PATH=/home/locobot/Documents/kobuki/install/lib PATH=/home/locobot/Documents/kobuki/install/bin:${PATH} PYTHONPATH=/home/locobot/Documents/kobuki/install/lib/python3.8/site-packages /usr/bin/cmake --build /home/locobot/Documents/kobuki/build/ament_cmake_cpplint -- -j4 -l4
[0.664s] Invoking command in '/home/locobot/Documents/kobuki/build/ament_cmake_cpplint': AMENT_PREFIX_PATH=/home/locobot/Documents/kobuki/install CMAKE_PREFIX_PATH=/home/locobot/Documents/kobuki/install LD_LIBRARY_PATH=/home/locobot/Documents/kobuki/install/lib PATH=/home/locobot/Documents/kobuki/install/bin:${PATH} PYTHONPATH=/home/locobot/Documents/kobuki/install/lib/python3.8/site-packages /usr/bin/cmake --install /home/locobot/Documents/kobuki/build/ament_cmake_cpplint
[0.687s] -- Install configuration: ""
[0.688s] -- Up-to-date: /home/locobot/Documents/kobuki/install/share/ament_index/resource_index/package_run_dependencies/ament_cmake_cpplint
[0.688s] -- Up-to-date: /home/locobot/Documents/kobuki/install/share/ament_index/resource_index/parent_prefix_path/ament_cmake_cpplint
[0.688s] -- Up-to-date: /home/locobot/Documents/kobuki/install/share/ament_cmake_cpplint/environment/ament_prefix_path.sh
[0.688s] -- Installing: /home/locobot/Documents/kobuki/install/share/ament_cmake_cpplint/environment/ament_prefix_path.dsv
[0.688s] -- Up-to-date: /home/locobot/Documents/kobuki/install/share/ament_cmake_cpplint/environment/path.sh
[0.688s] -- Installing: /home/locobot/Documents/kobuki/install/share/ament_cmake_cpplint/environment/path.dsv
[0.688s] -- Up-to-date: /home/locobot/Documents/kobuki/install/share/ament_cmake_cpplint/local_setup.bash
[0.689s] -- Up-to-date: /home/locobot/Documents/kobuki/install/share/ament_cmake_cpplint/local_setup.sh
[0.689s] -- Up-to-date: /home/locobot/Documents/kobuki/install/share/ament_cmake_cpplint/local_setup.zsh
[0.689s] -- Installing: /home/locobot/Documents/kobuki/install/share/ament_cmake_cpplint/local_setup.dsv
[0.689s] -- Installing: /home/locobot/Documents/kobuki/install/share/ament_cmake_cpplint/package.dsv
[0.689s] -- Up-to-date: /home/locobot/Documents/kobuki/install/share/ament_index/resource_index/packages/ament_cmake_cpplint
[0.689s] -- Up-to-date: /home/locobot/Documents/kobuki/install/share/ament_cmake_cpplint/cmake/ament_cmake_cpplint-extras.cmake
[0.692s] -- Up-to-date: /home/locobot/Documents/kobuki/install/share/ament_cmake_cpplint/cmake/ament_cmake_cpplintConfig.cmake
[0.692s] -- Up-to-date: /home/locobot/Documents/kobuki/install/share/ament_cmake_cpplint/cmake/ament_cmake_cpplintConfig-version.cmake
[0.692s] -- Up-to-date: /home/locobot/Documents/kobuki/install/share/ament_cmake_cpplint/package.xml
[0.692s] -- Up-to-date: /home/locobot/Documents/kobuki/install/share/ament_cmake_cpplint/cmake
[0.692s] -- Up-to-date: /home/locobot/Documents/kobuki/install/share/ament_cmake_cpplint/cmake/ament_cmake_cpplint_lint_hook.cmake
[0.693s] -- Up-to-date: /home/locobot/Documents/kobuki/install/share/ament_cmake_cpplint/cmake/ament_cpplint.cmake
[0.785s] Invoked command in '/home/locobot/Documents/kobuki/build/ament_cmake_cpplint' returned '0': AMENT_PREFIX_PATH=/home/locobot/Documents/kobuki/install CMAKE_PREFIX_PATH=/home/locobot/Documents/kobuki/install LD_LIBRARY_PATH=/home/locobot/Documents/kobuki/install/lib PATH=/home/locobot/Documents/kobuki/install/bin:${PATH} PYTHONPATH=/home/locobot/Documents/kobuki/install/lib/python3.8/site-packages /usr/bin/cmake --install /home/locobot/Documents/kobuki/build/ament_cmake_cpplint
