[0.438s] Invoking command in '/home/locobot/Documents/kobuki/build/ament_cmake_export_dependencies': AMENT_PREFIX_PATH=/home/locobot/Documents/kobuki/install CMAKE_PREFIX_PATH=/home/locobot/Documents/kobuki/install PATH=/home/locobot/Documents/kobuki/install/bin:${PATH} PYTHONPATH=/home/locobot/Documents/kobuki/install/lib/python3.8/site-packages /usr/bin/cmake /home/locobot/Documents/kobuki/src/ament_cmake/ament_cmake_export_dependencies -DBUILD_TESTING=OFF -DCMAKE_INSTALL_PREFIX=/home/locobot/Documents/kobuki/install
[0.503s] -- Found ament_cmake_core: 0.9.12 (/home/locobot/Documents/kobuki/install/share/ament_cmake_core/cmake)
[0.590s] -- Found PythonInterp: /usr/bin/python3 (found suitable version "3.8.10", minimum required is "3") 
[0.590s] -- Using PYTHON_EXECUTABLE: /usr/bin/python3
[1.325s] -- Configuring done
[1.332s] -- Generating done
[1.334s] -- Build files have been written to: /home/locobot/Documents/kobuki/build/ament_cmake_export_dependencies
[1.362s] Invoked command in '/home/locobot/Documents/kobuki/build/ament_cmake_export_dependencies' returned '0': AMENT_PREFIX_PATH=/home/locobot/Documents/kobuki/install CMAKE_PREFIX_PATH=/home/locobot/Documents/kobuki/install PATH=/home/locobot/Documents/kobuki/install/bin:${PATH} PYTHONPATH=/home/locobot/Documents/kobuki/install/lib/python3.8/site-packages /usr/bin/cmake /home/locobot/Documents/kobuki/src/ament_cmake/ament_cmake_export_dependencies -DBUILD_TESTING=OFF -DCMAKE_INSTALL_PREFIX=/home/locobot/Documents/kobuki/install
[1.370s] Invoking command in '/home/locobot/Documents/kobuki/build/ament_cmake_export_dependencies': AMENT_PREFIX_PATH=/home/locobot/Documents/kobuki/install CMAKE_PREFIX_PATH=/home/locobot/Documents/kobuki/install PATH=/home/locobot/Documents/kobuki/install/bin:${PATH} PYTHONPATH=/home/locobot/Documents/kobuki/install/lib/python3.8/site-packages /usr/bin/cmake --build /home/locobot/Documents/kobuki/build/ament_cmake_export_dependencies -- -j4 -l4
[1.522s] Invoked command in '/home/locobot/Documents/kobuki/build/ament_cmake_export_dependencies' returned '0': AMENT_PREFIX_PATH=/home/locobot/Documents/kobuki/install CMAKE_PREFIX_PATH=/home/locobot/Documents/kobuki/install PATH=/home/locobot/Documents/kobuki/install/bin:${PATH} PYTHONPATH=/home/locobot/Documents/kobuki/install/lib/python3.8/site-packages /usr/bin/cmake --build /home/locobot/Documents/kobuki/build/ament_cmake_export_dependencies -- -j4 -l4
[1.523s] Invoking command in '/home/locobot/Documents/kobuki/build/ament_cmake_export_dependencies': AMENT_PREFIX_PATH=/home/locobot/Documents/kobuki/install CMAKE_PREFIX_PATH=/home/locobot/Documents/kobuki/install PATH=/home/locobot/Documents/kobuki/install/bin:${PATH} PYTHONPATH=/home/locobot/Documents/kobuki/install/lib/python3.8/site-packages /usr/bin/cmake --install /home/locobot/Documents/kobuki/build/ament_cmake_export_dependencies
[1.556s] -- Install configuration: ""
[1.566s] -- Installing: /home/locobot/Documents/kobuki/install/share/ament_index/resource_index/package_run_dependencies/ament_cmake_export_dependencies
[1.566s] -- Installing: /home/locobot/Documents/kobuki/install/share/ament_index/resource_index/parent_prefix_path/ament_cmake_export_dependencies
[1.567s] -- Installing: /home/locobot/Documents/kobuki/install/share/ament_cmake_export_dependencies/environment/ament_prefix_path.sh
[1.584s] -- Installing: /home/locobot/Documents/kobuki/install/share/ament_cmake_export_dependencies/environment/ament_prefix_path.dsv
[1.585s] -- Installing: /home/locobot/Documents/kobuki/install/share/ament_cmake_export_dependencies/environment/path.sh
[1.585s] -- Installing: /home/locobot/Documents/kobuki/install/share/ament_cmake_export_dependencies/environment/path.dsv
[1.585s] -- Installing: /home/locobot/Documents/kobuki/install/share/ament_cmake_export_dependencies/local_setup.bash
[1.585s] -- Installing: /home/locobot/Documents/kobuki/install/share/ament_cmake_export_dependencies/local_setup.sh
[1.585s] -- Installing: /home/locobot/Documents/kobuki/install/share/ament_cmake_export_dependencies/local_setup.zsh
[1.585s] -- Installing: /home/locobot/Documents/kobuki/install/share/ament_cmake_export_dependencies/local_setup.dsv
[1.585s] -- Installing: /home/locobot/Documents/kobuki/install/share/ament_cmake_export_dependencies/package.dsv
[1.585s] -- Installing: /home/locobot/Documents/kobuki/install/share/ament_index/resource_index/packages/ament_cmake_export_dependencies
[1.586s] -- Installing: /home/locobot/Documents/kobuki/install/share/ament_cmake_export_dependencies/cmake/ament_cmake_export_dependencies-extras.cmake
[1.586s] -- Installing: /home/locobot/Documents/kobuki/install/share/ament_cmake_export_dependencies/cmake/ament_cmake_export_dependenciesConfig.cmake
[1.586s] -- Installing: /home/locobot/Documents/kobuki/install/share/ament_cmake_export_dependencies/cmake/ament_cmake_export_dependenciesConfig-version.cmake
[1.586s] -- Installing: /home/locobot/Documents/kobuki/install/share/ament_cmake_export_dependencies/package.xml
[1.586s] -- Up-to-date: /home/locobot/Documents/kobuki/install/share/ament_cmake_export_dependencies/cmake
[1.586s] -- Installing: /home/locobot/Documents/kobuki/install/share/ament_cmake_export_dependencies/cmake/ament_export_dependencies.cmake
[1.586s] -- Installing: /home/locobot/Documents/kobuki/install/share/ament_cmake_export_dependencies/cmake/ament_cmake_export_dependencies-extras.cmake.in
[1.586s] -- Installing: /home/locobot/Documents/kobuki/install/share/ament_cmake_export_dependencies/cmake/ament_cmake_export_dependencies_package_hook.cmake
[1.587s] Invoked command in '/home/locobot/Documents/kobuki/build/ament_cmake_export_dependencies' returned '0': AMENT_PREFIX_PATH=/home/locobot/Documents/kobuki/install CMAKE_PREFIX_PATH=/home/locobot/Documents/kobuki/install PATH=/home/locobot/Documents/kobuki/install/bin:${PATH} PYTHONPATH=/home/locobot/Documents/kobuki/install/lib/python3.8/site-packages /usr/bin/cmake --install /home/locobot/Documents/kobuki/build/ament_cmake_export_dependencies
