Re-run cmake no build system arguments
-- Found ament_cmake_ros: 0.9.2 (/home/locobot/Documents/kobuki/install/share/ament_cmake_ros/cmake)
-- Using PYTHON_EXECUTABLE: /usr/bin/python3
-- Found ecl_build: 1.0.3 (/home/locobot/Documents/kobuki/install/share/ecl_build/cmake)
-- Configuring done
-- Generating done
-- Build files have been written to: /home/locobot/Documents/kobuki/build/ecl_mpl
/usr/bin/cmake -S/home/locobot/Documents/kobuki/src/ecl_core/ecl_mpl -B/home/locobot/Documents/kobuki/build/ecl_mpl --check-build-system CMakeFiles/Makefile.cmake 0
/usr/bin/cmake -E cmake_progress_start /home/locobot/Documents/kobuki/build/ecl_mpl/CMakeFiles /home/locobot/Documents/kobuki/build/ecl_mpl/CMakeFiles/progress.marks
/usr/bin/make -f CMakeFiles/Makefile2 all
make[1]: Entering directory '/home/locobot/Documents/kobuki/build/ecl_mpl'
make[1]: Nothing to be done for 'all'.
make[1]: Leaving directory '/home/locobot/Documents/kobuki/build/ecl_mpl'
/usr/bin/cmake -E cmake_progress_start /home/locobot/Documents/kobuki/build/ecl_mpl/CMakeFiles 0
-- Install configuration: ""
-- Up-to-date: /home/locobot/Documents/kobuki/install/share/ament_index/resource_index/package_run_dependencies/ecl_mpl
-- Up-to-date: /home/locobot/Documents/kobuki/install/share/ament_index/resource_index/parent_prefix_path/ecl_mpl
-- Up-to-date: /home/locobot/Documents/kobuki/install/share/ecl_mpl/environment/ament_prefix_path.sh
-- Installing: /home/locobot/Documents/kobuki/install/share/ecl_mpl/environment/ament_prefix_path.dsv
-- Up-to-date: /home/locobot/Documents/kobuki/install/share/ecl_mpl/environment/path.sh
-- Installing: /home/locobot/Documents/kobuki/install/share/ecl_mpl/environment/path.dsv
-- Up-to-date: /home/locobot/Documents/kobuki/install/share/ecl_mpl/local_setup.bash
-- Up-to-date: /home/locobot/Documents/kobuki/install/share/ecl_mpl/local_setup.sh
-- Up-to-date: /home/locobot/Documents/kobuki/install/share/ecl_mpl/local_setup.zsh
-- Installing: /home/locobot/Documents/kobuki/install/share/ecl_mpl/local_setup.dsv
-- Installing: /home/locobot/Documents/kobuki/install/share/ecl_mpl/package.dsv
-- Up-to-date: /home/locobot/Documents/kobuki/install/share/ament_index/resource_index/packages/ecl_mpl
-- Up-to-date: /home/locobot/Documents/kobuki/install/share/ecl_mpl/cmake/ecl_mplExport.cmake
-- Up-to-date: /home/locobot/Documents/kobuki/install/share/ecl_mpl/cmake/ament_cmake_export_targets-extras.cmake
-- Up-to-date: /home/locobot/Documents/kobuki/install/share/ecl_mpl/cmake/ament_cmake_export_include_directories-extras.cmake
-- Up-to-date: /home/locobot/Documents/kobuki/install/share/ecl_mpl/cmake/ecl_mplConfig.cmake
-- Up-to-date: /home/locobot/Documents/kobuki/install/share/ecl_mpl/cmake/ecl_mplConfig-version.cmake
-- Up-to-date: /home/locobot/Documents/kobuki/install/share/ecl_mpl/package.xml
-- Up-to-date: /home/locobot/Documents/kobuki/install/include/ecl/mpl.hpp
-- Up-to-date: /home/locobot/Documents/kobuki/install/include/ecl/mpl/bool.hpp
-- Up-to-date: /home/locobot/Documents/kobuki/install/include/ecl/mpl/converters.hpp
-- Up-to-date: /home/locobot/Documents/kobuki/install/include/ecl/mpl/enable_if.hpp
-- Up-to-date: /home/locobot/Documents/kobuki/install/include/ecl/mpl/failed_object.hpp
-- Up-to-date: /home/locobot/Documents/kobuki/install/include/ecl/mpl/if.hpp
