[0.189s] Invoking command in '/home/locobot/Documents/kobuki/build/ecl_mpl': AMENT_PREFIX_PATH=/home/locobot/Documents/kobuki/install CMAKE_PREFIX_PATH=/home/locobot/Documents/kobuki/install LD_LIBRARY_PATH=/home/locobot/Documents/kobuki/install/lib PATH=/home/locobot/Documents/kobuki/install/bin:${PATH} PYTHONPATH=/home/locobot/Documents/kobuki/install/lib/python3.8/site-packages /usr/bin/cmake /home/locobot/Documents/kobuki/src/ecl_core/ecl_mpl -DBUILD_TESTING=OFF -DCMAKE_INSTALL_PREFIX=/home/locobot/Documents/kobuki/install
[0.214s] Re-run cmake no build system arguments
[0.264s] -- Found ament_cmake_ros: 0.9.2 (/home/locobot/Documents/kobuki/install/share/ament_cmake_ros/cmake)
[0.312s] -- Using PYTHON_EXECUTABLE: /usr/bin/python3
[0.588s] -- Found ecl_build: 1.0.3 (/home/locobot/Documents/kobuki/install/share/ecl_build/cmake)
[0.757s] -- Configuring done
[0.780s] -- Generating done
[0.788s] -- Build files have been written to: /home/locobot/Documents/kobuki/build/ecl_mpl
[0.798s] Invoked command in '/home/locobot/Documents/kobuki/build/ecl_mpl' returned '0': AMENT_PREFIX_PATH=/home/locobot/Documents/kobuki/install CMAKE_PREFIX_PATH=/home/locobot/Documents/kobuki/install LD_LIBRARY_PATH=/home/locobot/Documents/kobuki/install/lib PATH=/home/locobot/Documents/kobuki/install/bin:${PATH} PYTHONPATH=/home/locobot/Documents/kobuki/install/lib/python3.8/site-packages /usr/bin/cmake /home/locobot/Documents/kobuki/src/ecl_core/ecl_mpl -DBUILD_TESTING=OFF -DCMAKE_INSTALL_PREFIX=/home/locobot/Documents/kobuki/install
[0.800s] Invoking command in '/home/locobot/Documents/kobuki/build/ecl_mpl': AMENT_PREFIX_PATH=/home/locobot/Documents/kobuki/install CMAKE_PREFIX_PATH=/home/locobot/Documents/kobuki/install LD_LIBRARY_PATH=/home/locobot/Documents/kobuki/install/lib PATH=/home/locobot/Documents/kobuki/install/bin:${PATH} PYTHONPATH=/home/locobot/Documents/kobuki/install/lib/python3.8/site-packages /usr/bin/cmake --build /home/locobot/Documents/kobuki/build/ecl_mpl -- -j4 -l4
[0.836s] /usr/bin/cmake -S/home/locobot/Documents/kobuki/src/ecl_core/ecl_mpl -B/home/locobot/Documents/kobuki/build/ecl_mpl --check-build-system CMakeFiles/Makefile.cmake 0
[0.855s] /usr/bin/cmake -E cmake_progress_start /home/locobot/Documents/kobuki/build/ecl_mpl/CMakeFiles /home/locobot/Documents/kobuki/build/ecl_mpl/CMakeFiles/progress.marks
[0.870s] /usr/bin/make -f CMakeFiles/Makefile2 all
[0.873s] make[1]: Entering directory '/home/locobot/Documents/kobuki/build/ecl_mpl'
[0.873s] make[1]: Nothing to be done for 'all'.
[0.874s] make[1]: Leaving directory '/home/locobot/Documents/kobuki/build/ecl_mpl'
[0.876s] /usr/bin/cmake -E cmake_progress_start /home/locobot/Documents/kobuki/build/ecl_mpl/CMakeFiles 0
[0.932s] Invoked command in '/home/locobot/Documents/kobuki/build/ecl_mpl' returned '0': AMENT_PREFIX_PATH=/home/locobot/Documents/kobuki/install CMAKE_PREFIX_PATH=/home/locobot/Documents/kobuki/install LD_LIBRARY_PATH=/home/locobot/Documents/kobuki/install/lib PATH=/home/locobot/Documents/kobuki/install/bin:${PATH} PYTHONPATH=/home/locobot/Documents/kobuki/install/lib/python3.8/site-packages /usr/bin/cmake --build /home/locobot/Documents/kobuki/build/ecl_mpl -- -j4 -l4
[0.933s] Invoking command in '/home/locobot/Documents/kobuki/build/ecl_mpl': AMENT_PREFIX_PATH=/home/locobot/Documents/kobuki/install CMAKE_PREFIX_PATH=/home/locobot/Documents/kobuki/install LD_LIBRARY_PATH=/home/locobot/Documents/kobuki/install/lib PATH=/home/locobot/Documents/kobuki/install/bin:${PATH} PYTHONPATH=/home/locobot/Documents/kobuki/install/lib/python3.8/site-packages /usr/bin/cmake --install /home/locobot/Documents/kobuki/build/ecl_mpl
[0.970s] -- Install configuration: ""
[0.992s] -- Up-to-date: /home/locobot/Documents/kobuki/install/share/ament_index/resource_index/package_run_dependencies/ecl_mpl
[0.992s] -- Up-to-date: /home/locobot/Documents/kobuki/install/share/ament_index/resource_index/parent_prefix_path/ecl_mpl
[0.992s] -- Up-to-date: /home/locobot/Documents/kobuki/install/share/ecl_mpl/environment/ament_prefix_path.sh
[0.993s] -- Installing: /home/locobot/Documents/kobuki/install/share/ecl_mpl/environment/ament_prefix_path.dsv
[0.993s] -- Up-to-date: /home/locobot/Documents/kobuki/install/share/ecl_mpl/environment/path.sh
[0.993s] -- Installing: /home/locobot/Documents/kobuki/install/share/ecl_mpl/environment/path.dsv
[0.993s] -- Up-to-date: /home/locobot/Documents/kobuki/install/share/ecl_mpl/local_setup.bash
[0.993s] -- Up-to-date: /home/locobot/Documents/kobuki/install/share/ecl_mpl/local_setup.sh
[0.993s] -- Up-to-date: /home/locobot/Documents/kobuki/install/share/ecl_mpl/local_setup.zsh
[0.993s] -- Installing: /home/locobot/Documents/kobuki/install/share/ecl_mpl/local_setup.dsv
[0.993s] -- Installing: /home/locobot/Documents/kobuki/install/share/ecl_mpl/package.dsv
[0.994s] -- Up-to-date: /home/locobot/Documents/kobuki/install/share/ament_index/resource_index/packages/ecl_mpl
[0.994s] -- Up-to-date: /home/locobot/Documents/kobuki/install/share/ecl_mpl/cmake/ecl_mplExport.cmake
[0.994s] -- Up-to-date: /home/locobot/Documents/kobuki/install/share/ecl_mpl/cmake/ament_cmake_export_targets-extras.cmake
[0.994s] -- Up-to-date: /home/locobot/Documents/kobuki/install/share/ecl_mpl/cmake/ament_cmake_export_include_directories-extras.cmake
[0.994s] -- Up-to-date: /home/locobot/Documents/kobuki/install/share/ecl_mpl/cmake/ecl_mplConfig.cmake
[0.994s] -- Up-to-date: /home/locobot/Documents/kobuki/install/share/ecl_mpl/cmake/ecl_mplConfig-version.cmake
[0.994s] -- Up-to-date: /home/locobot/Documents/kobuki/install/share/ecl_mpl/package.xml
[0.994s] -- Up-to-date: /home/locobot/Documents/kobuki/install/include/ecl/mpl.hpp
[0.995s] -- Up-to-date: /home/locobot/Documents/kobuki/install/include/ecl/mpl/bool.hpp
[0.995s] -- Up-to-date: /home/locobot/Documents/kobuki/install/include/ecl/mpl/converters.hpp
[0.995s] -- Up-to-date: /home/locobot/Documents/kobuki/install/include/ecl/mpl/enable_if.hpp
[0.995s] -- Up-to-date: /home/locobot/Documents/kobuki/install/include/ecl/mpl/failed_object.hpp
[0.995s] -- Up-to-date: /home/locobot/Documents/kobuki/install/include/ecl/mpl/if.hpp
[1.100s] Invoked command in '/home/locobot/Documents/kobuki/build/ecl_mpl' returned '0': AMENT_PREFIX_PATH=/home/locobot/Documents/kobuki/install CMAKE_PREFIX_PATH=/home/locobot/Documents/kobuki/install LD_LIBRARY_PATH=/home/locobot/Documents/kobuki/install/lib PATH=/home/locobot/Documents/kobuki/install/bin:${PATH} PYTHONPATH=/home/locobot/Documents/kobuki/install/lib/python3.8/site-packages /usr/bin/cmake --install /home/locobot/Documents/kobuki/build/ecl_mpl
