[0.135s] Invoking command in '/home/locobot/Documents/kobuki/build/ament_cmake_copyright': AMENT_PREFIX_PATH=/home/locobot/Documents/kobuki/install CMAKE_PREFIX_PATH=/home/locobot/Documents/kobuki/install LD_LIBRARY_PATH=/home/locobot/Documents/kobuki/install/lib PATH=/home/locobot/Documents/kobuki/install/bin:${PATH} PYTHONPATH=/home/locobot/Documents/kobuki/install/lib/python3.8/site-packages /usr/bin/cmake /home/locobot/Documents/kobuki/src/ament_lint/ament_cmake_copyright -DBUILD_TESTING=OFF -DCMAKE_INSTALL_PREFIX=/home/locobot/Documents/kobuki/install
[0.164s] Re-run cmake no build system arguments
[0.169s] -- Found ament_cmake_core: 0.9.12 (/home/locobot/Documents/kobuki/install/share/ament_cmake_core/cmake)
[0.195s] -- Using PYTHON_EXECUTABLE: /usr/bin/python3
[0.543s] -- Found ament_cmake_test: 0.9.12 (/home/locobot/Documents/kobuki/install/share/ament_cmake_test/cmake)
[0.706s] -- Configuring done
[0.707s] -- Generating done
[0.708s] -- Build files have been written to: /home/locobot/Documents/kobuki/build/ament_cmake_copyright
[0.724s] Invoked command in '/home/locobot/Documents/kobuki/build/ament_cmake_copyright' returned '0': AMENT_PREFIX_PATH=/home/locobot/Documents/kobuki/install CMAKE_PREFIX_PATH=/home/locobot/Documents/kobuki/install LD_LIBRARY_PATH=/home/locobot/Documents/kobuki/install/lib PATH=/home/locobot/Documents/kobuki/install/bin:${PATH} PYTHONPATH=/home/locobot/Documents/kobuki/install/lib/python3.8/site-packages /usr/bin/cmake /home/locobot/Documents/kobuki/src/ament_lint/ament_cmake_copyright -DBUILD_TESTING=OFF -DCMAKE_INSTALL_PREFIX=/home/locobot/Documents/kobuki/install
[0.725s] Invoking command in '/home/locobot/Documents/kobuki/build/ament_cmake_copyright': AMENT_PREFIX_PATH=/home/locobot/Documents/kobuki/install CMAKE_PREFIX_PATH=/home/locobot/Documents/kobuki/install LD_LIBRARY_PATH=/home/locobot/Documents/kobuki/install/lib PATH=/home/locobot/Documents/kobuki/install/bin:${PATH} PYTHONPATH=/home/locobot/Documents/kobuki/install/lib/python3.8/site-packages /usr/bin/cmake --build /home/locobot/Documents/kobuki/build/ament_cmake_copyright -- -j4 -l4
[0.794s] /usr/bin/cmake -S/home/locobot/Documents/kobuki/src/ament_lint/ament_cmake_copyright -B/home/locobot/Documents/kobuki/build/ament_cmake_copyright --check-build-system CMakeFiles/Makefile.cmake 0
[0.795s] /usr/bin/cmake -E cmake_progress_start /home/locobot/Documents/kobuki/build/ament_cmake_copyright/CMakeFiles /home/locobot/Documents/kobuki/build/ament_cmake_copyright/CMakeFiles/progress.marks
[0.810s] /usr/bin/make -f CMakeFiles/Makefile2 all
[0.819s] make[1]: Entering directory '/home/locobot/Documents/kobuki/build/ament_cmake_copyright'
[0.819s] make[1]: Nothing to be done for 'all'.
[0.819s] make[1]: Leaving directory '/home/locobot/Documents/kobuki/build/ament_cmake_copyright'
[0.820s] /usr/bin/cmake -E cmake_progress_start /home/locobot/Documents/kobuki/build/ament_cmake_copyright/CMakeFiles 0
[0.834s] Invoked command in '/home/locobot/Documents/kobuki/build/ament_cmake_copyright' returned '0': AMENT_PREFIX_PATH=/home/locobot/Documents/kobuki/install CMAKE_PREFIX_PATH=/home/locobot/Documents/kobuki/install LD_LIBRARY_PATH=/home/locobot/Documents/kobuki/install/lib PATH=/home/locobot/Documents/kobuki/install/bin:${PATH} PYTHONPATH=/home/locobot/Documents/kobuki/install/lib/python3.8/site-packages /usr/bin/cmake --build /home/locobot/Documents/kobuki/build/ament_cmake_copyright -- -j4 -l4
[0.838s] Invoking command in '/home/locobot/Documents/kobuki/build/ament_cmake_copyright': AMENT_PREFIX_PATH=/home/locobot/Documents/kobuki/install CMAKE_PREFIX_PATH=/home/locobot/Documents/kobuki/install LD_LIBRARY_PATH=/home/locobot/Documents/kobuki/install/lib PATH=/home/locobot/Documents/kobuki/install/bin:${PATH} PYTHONPATH=/home/locobot/Documents/kobuki/install/lib/python3.8/site-packages /usr/bin/cmake --install /home/locobot/Documents/kobuki/build/ament_cmake_copyright
[0.852s] -- Install configuration: ""
[0.852s] -- Up-to-date: /home/locobot/Documents/kobuki/install/share/ament_index/resource_index/package_run_dependencies/ament_cmake_copyright
[0.853s] -- Up-to-date: /home/locobot/Documents/kobuki/install/share/ament_index/resource_index/parent_prefix_path/ament_cmake_copyright
[0.855s] -- Up-to-date: /home/locobot/Documents/kobuki/install/share/ament_cmake_copyright/environment/ament_prefix_path.sh
[0.855s] -- Installing: /home/locobot/Documents/kobuki/install/share/ament_cmake_copyright/environment/ament_prefix_path.dsv
[0.857s] -- Up-to-date: /home/locobot/Documents/kobuki/install/share/ament_cmake_copyright/environment/path.sh
[0.857s] -- Installing: /home/locobot/Documents/kobuki/install/share/ament_cmake_copyright/environment/path.dsv
[0.859s] -- Up-to-date: /home/locobot/Documents/kobuki/install/share/ament_cmake_copyright/local_setup.bash
[0.860s] -- Up-to-date: /home/locobot/Documents/kobuki/install/share/ament_cmake_copyright/local_setup.sh
[0.861s] -- Up-to-date: /home/locobot/Documents/kobuki/install/share/ament_cmake_copyright/local_setup.zsh
[0.862s] -- Installing: /home/locobot/Documents/kobuki/install/share/ament_cmake_copyright/local_setup.dsv
[0.863s] -- Installing: /home/locobot/Documents/kobuki/install/share/ament_cmake_copyright/package.dsv
[0.865s] -- Up-to-date: /home/locobot/Documents/kobuki/install/share/ament_index/resource_index/packages/ament_cmake_copyright
[0.866s] -- Up-to-date: /home/locobot/Documents/kobuki/install/share/ament_cmake_copyright/cmake/ament_cmake_copyright-extras.cmake
[0.868s] -- Up-to-date: /home/locobot/Documents/kobuki/install/share/ament_cmake_copyright/cmake/ament_cmake_copyrightConfig.cmake
[0.869s] -- Up-to-date: /home/locobot/Documents/kobuki/install/share/ament_cmake_copyright/cmake/ament_cmake_copyrightConfig-version.cmake
[0.876s] -- Up-to-date: /home/locobot/Documents/kobuki/install/share/ament_cmake_copyright/package.xml
[0.876s] -- Up-to-date: /home/locobot/Documents/kobuki/install/share/ament_cmake_copyright/cmake
[0.877s] -- Up-to-date: /home/locobot/Documents/kobuki/install/share/ament_cmake_copyright/cmake/ament_copyright.cmake
[0.877s] -- Up-to-date: /home/locobot/Documents/kobuki/install/share/ament_cmake_copyright/cmake/ament_cmake_copyright_lint_hook.cmake
[0.925s] Invoked command in '/home/locobot/Documents/kobuki/build/ament_cmake_copyright' returned '0': AMENT_PREFIX_PATH=/home/locobot/Documents/kobuki/install CMAKE_PREFIX_PATH=/home/locobot/Documents/kobuki/install LD_LIBRARY_PATH=/home/locobot/Documents/kobuki/install/lib PATH=/home/locobot/Documents/kobuki/install/bin:${PATH} PYTHONPATH=/home/locobot/Documents/kobuki/install/lib/python3.8/site-packages /usr/bin/cmake --install /home/locobot/Documents/kobuki/build/ament_cmake_copyright
