-- The C compiler identification is GNU 9.4.0
-- The CXX compiler identification is GNU 9.4.0
-- Check for working C compiler: /usr/bin/cc
-- Check for working C compiler: /usr/bin/cc -- works
-- Detecting C compiler ABI info
-- Detecting C compiler ABI info - done
-- Detecting C compile features
-- Detecting C compile features - done
-- Check for working CXX compiler: /usr/bin/c++
-- Check for working CXX compiler: /usr/bin/c++ -- works
-- Detecting CXX compiler ABI info
-- Detecting CXX compiler ABI info - done
-- Detecting CXX compile features
-- Detecting CXX compile features - done
-- Found ament_cmake_ros: 0.9.2 (/home/locobot/Documents/kobuki/install/share/ament_cmake_ros/cmake)
-- Found PythonInterp: /usr/bin/python3 (found suitable version "3.8.10", minimum required is "3") 
-- Using PYTHON_EXECUTABLE: /usr/bin/python3
-- Found ecl_build: 1.0.3 (/home/locobot/Documents/kobuki/install/share/ecl_build/cmake)
-- Found ecl_config: 1.1.0 (/home/locobot/Documents/kobuki/install/share/ecl_config/cmake)
-- Configuring done
-- Generating done
-- Build files have been written to: /home/locobot/Documents/kobuki/build/ecl_errors
[35m[1mScanning dependencies of target ecl_errors[0m
[ 25%] [32mBuilding CXX object src/lib/CMakeFiles/ecl_errors.dir/run_time_functions.cpp.o[0m
[ 50%] [32m[1mLinking CXX shared library libecl_errors.so[0m
[ 50%] Built target ecl_errors
[35m[1mScanning dependencies of target ecl_errors_example_errors[0m
[ 75%] [32mBuilding CXX object src/examples/CMakeFiles/ecl_errors_example_errors.dir/errors.cpp.o[0m
[100%] [32m[1mLinking CXX executable demo_errors[0m
[100%] Built target ecl_errors_example_errors
-- Install configuration: ""
-- Installing: /home/locobot/Documents/kobuki/install/share/ecl_errors/environment/library_path.sh
-- Installing: /home/locobot/Documents/kobuki/install/share/ecl_errors/environment/library_path.dsv
-- Installing: /home/locobot/Documents/kobuki/install/share/ament_index/resource_index/package_run_dependencies/ecl_errors
-- Installing: /home/locobot/Documents/kobuki/install/share/ament_index/resource_index/parent_prefix_path/ecl_errors
-- Installing: /home/locobot/Documents/kobuki/install/share/ecl_errors/environment/ament_prefix_path.sh
-- Installing: /home/locobot/Documents/kobuki/install/share/ecl_errors/environment/ament_prefix_path.dsv
-- Installing: /home/locobot/Documents/kobuki/install/share/ecl_errors/environment/path.sh
-- Installing: /home/locobot/Documents/kobuki/install/share/ecl_errors/environment/path.dsv
-- Installing: /home/locobot/Documents/kobuki/install/share/ecl_errors/local_setup.bash
-- Installing: /home/locobot/Documents/kobuki/install/share/ecl_errors/local_setup.sh
-- Installing: /home/locobot/Documents/kobuki/install/share/ecl_errors/local_setup.zsh
-- Installing: /home/locobot/Documents/kobuki/install/share/ecl_errors/local_setup.dsv
-- Installing: /home/locobot/Documents/kobuki/install/share/ecl_errors/package.dsv
-- Installing: /home/locobot/Documents/kobuki/install/share/ament_index/resource_index/packages/ecl_errors
-- Installing: /home/locobot/Documents/kobuki/install/share/ecl_errors/cmake/ecl_errorsExport.cmake
-- Installing: /home/locobot/Documents/kobuki/install/share/ecl_errors/cmake/ecl_errorsExport-noconfig.cmake
-- Installing: /home/locobot/Documents/kobuki/install/share/ecl_errors/cmake/ament_cmake_export_targets-extras.cmake
-- Installing: /home/locobot/Documents/kobuki/install/share/ecl_errors/cmake/ament_cmake_export_include_directories-extras.cmake
-- Installing: /home/locobot/Documents/kobuki/install/share/ecl_errors/cmake/ament_cmake_export_libraries-extras.cmake
-- Installing: /home/locobot/Documents/kobuki/install/share/ecl_errors/cmake/ament_cmake_export_dependencies-extras.cmake
-- Installing: /home/locobot/Documents/kobuki/install/share/ecl_errors/cmake/ecl_errorsConfig.cmake
-- Installing: /home/locobot/Documents/kobuki/install/share/ecl_errors/cmake/ecl_errorsConfig-version.cmake
-- Installing: /home/locobot/Documents/kobuki/install/share/ecl_errors/package.xml
-- Installing: /home/locobot/Documents/kobuki/install/include/ecl/errors.hpp
-- Installing: /home/locobot/Documents/kobuki/install/include/ecl/errors/compile_time_assert.hpp
-- Installing: /home/locobot/Documents/kobuki/install/include/ecl/errors/flags.hpp
-- Installing: /home/locobot/Documents/kobuki/install/include/ecl/errors/handlers.hpp
-- Installing: /home/locobot/Documents/kobuki/install/include/ecl/errors/macros.hpp
-- Installing: /home/locobot/Documents/kobuki/install/include/ecl/errors/run_time_functions.hpp
-- Installing: /home/locobot/Documents/kobuki/install/lib/libecl_errors.so.1.1.0
-- Installing: /home/locobot/Documents/kobuki/install/lib/libecl_errors.so
-- Installing: /home/locobot/Documents/kobuki/install/lib/ecl_errors/demo_errors
-- Set runtime path of "/home/locobot/Documents/kobuki/install/lib/ecl_errors/demo_errors" to ""
