[0.182s] Invoking command in '/home/locobot/Documents/kobuki/build/ecl_errors': AMENT_PREFIX_PATH=/home/locobot/Documents/kobuki/install CMAKE_PREFIX_PATH=/home/locobot/Documents/kobuki/install LD_LIBRARY_PATH=/home/locobot/Documents/kobuki/install/lib PATH=/home/locobot/Documents/kobuki/install/bin:${PATH} PYTHONPATH=/home/locobot/Documents/kobuki/install/lib/python3.8/site-packages /usr/bin/cmake /home/locobot/Documents/kobuki/src/ecl_lite/ecl_errors -DBUILD_TESTING=OFF -DCMAKE_INSTALL_PREFIX=/home/locobot/Documents/kobuki/install
[0.291s] -- The C compiler identification is GNU 9.4.0
[0.435s] -- The CXX compiler identification is GNU 9.4.0
[0.435s] -- Check for working C compiler: /usr/bin/cc
[0.668s] -- Check for working C compiler: /usr/bin/cc -- works
[0.668s] -- Detecting C compiler ABI info
[0.836s] -- Detecting C compiler ABI info - done
[0.860s] -- Detecting C compile features
[0.860s] -- Detecting C compile features - done
[0.860s] -- Check for working CXX compiler: /usr/bin/c++
[1.120s] -- Check for working CXX compiler: /usr/bin/c++ -- works
[1.120s] -- Detecting CXX compiler ABI info
[1.351s] -- Detecting CXX compiler ABI info - done
[1.367s] -- Detecting CXX compile features
[1.380s] -- Detecting CXX compile features - done
[1.380s] -- Found ament_cmake_ros: 0.9.2 (/home/locobot/Documents/kobuki/install/share/ament_cmake_ros/cmake)
[1.415s] -- Found PythonInterp: /usr/bin/python3 (found suitable version "3.8.10", minimum required is "3") 
[1.415s] -- Using PYTHON_EXECUTABLE: /usr/bin/python3
[1.866s] -- Found ecl_build: 1.0.3 (/home/locobot/Documents/kobuki/install/share/ecl_build/cmake)
[1.902s] -- Found ecl_config: 1.1.0 (/home/locobot/Documents/kobuki/install/share/ecl_config/cmake)
[2.255s] -- Configuring done
[2.302s] -- Generating done
[2.307s] -- Build files have been written to: /home/locobot/Documents/kobuki/build/ecl_errors
[2.373s] Invoked command in '/home/locobot/Documents/kobuki/build/ecl_errors' returned '0': AMENT_PREFIX_PATH=/home/locobot/Documents/kobuki/install CMAKE_PREFIX_PATH=/home/locobot/Documents/kobuki/install LD_LIBRARY_PATH=/home/locobot/Documents/kobuki/install/lib PATH=/home/locobot/Documents/kobuki/install/bin:${PATH} PYTHONPATH=/home/locobot/Documents/kobuki/install/lib/python3.8/site-packages /usr/bin/cmake /home/locobot/Documents/kobuki/src/ecl_lite/ecl_errors -DBUILD_TESTING=OFF -DCMAKE_INSTALL_PREFIX=/home/locobot/Documents/kobuki/install
[2.374s] Invoking command in '/home/locobot/Documents/kobuki/build/ecl_errors': AMENT_PREFIX_PATH=/home/locobot/Documents/kobuki/install CMAKE_PREFIX_PATH=/home/locobot/Documents/kobuki/install LD_LIBRARY_PATH=/home/locobot/Documents/kobuki/install/lib PATH=/home/locobot/Documents/kobuki/install/bin:${PATH} PYTHONPATH=/home/locobot/Documents/kobuki/install/lib/python3.8/site-packages /usr/bin/cmake --build /home/locobot/Documents/kobuki/build/ecl_errors -- -j4 -l4
[2.496s] [35m[1mScanning dependencies of target ecl_errors[0m
[2.526s] [ 25%] [32mBuilding CXX object src/lib/CMakeFiles/ecl_errors.dir/run_time_functions.cpp.o[0m
[2.702s] [ 50%] [32m[1mLinking CXX shared library libecl_errors.so[0m
[2.864s] [ 50%] Built target ecl_errors
[2.877s] [35m[1mScanning dependencies of target ecl_errors_example_errors[0m
[2.894s] [ 75%] [32mBuilding CXX object src/examples/CMakeFiles/ecl_errors_example_errors.dir/errors.cpp.o[0m
[3.324s] [100%] [32m[1mLinking CXX executable demo_errors[0m
[3.472s] [100%] Built target ecl_errors_example_errors
[3.493s] Invoked command in '/home/locobot/Documents/kobuki/build/ecl_errors' returned '0': AMENT_PREFIX_PATH=/home/locobot/Documents/kobuki/install CMAKE_PREFIX_PATH=/home/locobot/Documents/kobuki/install LD_LIBRARY_PATH=/home/locobot/Documents/kobuki/install/lib PATH=/home/locobot/Documents/kobuki/install/bin:${PATH} PYTHONPATH=/home/locobot/Documents/kobuki/install/lib/python3.8/site-packages /usr/bin/cmake --build /home/locobot/Documents/kobuki/build/ecl_errors -- -j4 -l4
[3.495s] Invoking command in '/home/locobot/Documents/kobuki/build/ecl_errors': AMENT_PREFIX_PATH=/home/locobot/Documents/kobuki/install CMAKE_PREFIX_PATH=/home/locobot/Documents/kobuki/install LD_LIBRARY_PATH=/home/locobot/Documents/kobuki/install/lib PATH=/home/locobot/Documents/kobuki/install/bin:${PATH} PYTHONPATH=/home/locobot/Documents/kobuki/install/lib/python3.8/site-packages /usr/bin/cmake --install /home/locobot/Documents/kobuki/build/ecl_errors
[3.509s] -- Install configuration: ""
[3.510s] -- Installing: /home/locobot/Documents/kobuki/install/share/ecl_errors/environment/library_path.sh
[3.510s] -- Installing: /home/locobot/Documents/kobuki/install/share/ecl_errors/environment/library_path.dsv
[3.511s] -- Installing: /home/locobot/Documents/kobuki/install/share/ament_index/resource_index/package_run_dependencies/ecl_errors
[3.511s] -- Installing: /home/locobot/Documents/kobuki/install/share/ament_index/resource_index/parent_prefix_path/ecl_errors
[3.512s] -- Installing: /home/locobot/Documents/kobuki/install/share/ecl_errors/environment/ament_prefix_path.sh
[3.512s] -- Installing: /home/locobot/Documents/kobuki/install/share/ecl_errors/environment/ament_prefix_path.dsv
[3.513s] -- Installing: /home/locobot/Documents/kobuki/install/share/ecl_errors/environment/path.sh
[3.513s] -- Installing: /home/locobot/Documents/kobuki/install/share/ecl_errors/environment/path.dsv
[3.514s] -- Installing: /home/locobot/Documents/kobuki/install/share/ecl_errors/local_setup.bash
[3.515s] -- Installing: /home/locobot/Documents/kobuki/install/share/ecl_errors/local_setup.sh
[3.515s] -- Installing: /home/locobot/Documents/kobuki/install/share/ecl_errors/local_setup.zsh
[3.516s] -- Installing: /home/locobot/Documents/kobuki/install/share/ecl_errors/local_setup.dsv
[3.516s] -- Installing: /home/locobot/Documents/kobuki/install/share/ecl_errors/package.dsv
[3.517s] -- Installing: /home/locobot/Documents/kobuki/install/share/ament_index/resource_index/packages/ecl_errors
[3.517s] -- Installing: /home/locobot/Documents/kobuki/install/share/ecl_errors/cmake/ecl_errorsExport.cmake
[3.518s] -- Installing: /home/locobot/Documents/kobuki/install/share/ecl_errors/cmake/ecl_errorsExport-noconfig.cmake
[3.518s] -- Installing: /home/locobot/Documents/kobuki/install/share/ecl_errors/cmake/ament_cmake_export_targets-extras.cmake
[3.519s] -- Installing: /home/locobot/Documents/kobuki/install/share/ecl_errors/cmake/ament_cmake_export_include_directories-extras.cmake
[3.519s] -- Installing: /home/locobot/Documents/kobuki/install/share/ecl_errors/cmake/ament_cmake_export_libraries-extras.cmake
[3.520s] -- Installing: /home/locobot/Documents/kobuki/install/share/ecl_errors/cmake/ament_cmake_export_dependencies-extras.cmake
[3.520s] -- Installing: /home/locobot/Documents/kobuki/install/share/ecl_errors/cmake/ecl_errorsConfig.cmake
[3.521s] -- Installing: /home/locobot/Documents/kobuki/install/share/ecl_errors/cmake/ecl_errorsConfig-version.cmake
[3.521s] -- Installing: /home/locobot/Documents/kobuki/install/share/ecl_errors/package.xml
[3.522s] -- Installing: /home/locobot/Documents/kobuki/install/include/ecl/errors.hpp
[3.523s] -- Installing: /home/locobot/Documents/kobuki/install/include/ecl/errors/compile_time_assert.hpp
[3.523s] -- Installing: /home/locobot/Documents/kobuki/install/include/ecl/errors/flags.hpp
[3.523s] -- Installing: /home/locobot/Documents/kobuki/install/include/ecl/errors/handlers.hpp
[3.524s] -- Installing: /home/locobot/Documents/kobuki/install/include/ecl/errors/macros.hpp
[3.524s] -- Installing: /home/locobot/Documents/kobuki/install/include/ecl/errors/run_time_functions.hpp
[3.525s] -- Installing: /home/locobot/Documents/kobuki/install/lib/libecl_errors.so.1.1.0
[3.525s] -- Installing: /home/locobot/Documents/kobuki/install/lib/libecl_errors.so
[3.526s] -- Installing: /home/locobot/Documents/kobuki/install/lib/ecl_errors/demo_errors
[3.527s] -- Set runtime path of "/home/locobot/Documents/kobuki/install/lib/ecl_errors/demo_errors" to ""
[3.535s] Invoked command in '/home/locobot/Documents/kobuki/build/ecl_errors' returned '0': AMENT_PREFIX_PATH=/home/locobot/Documents/kobuki/install CMAKE_PREFIX_PATH=/home/locobot/Documents/kobuki/install LD_LIBRARY_PATH=/home/locobot/Documents/kobuki/install/lib PATH=/home/locobot/Documents/kobuki/install/bin:${PATH} PYTHONPATH=/home/locobot/Documents/kobuki/install/lib/python3.8/site-packages /usr/bin/cmake --install /home/locobot/Documents/kobuki/build/ecl_errors
