[0.101s] Invoking command in '/home/locobot/Documents/kobuki/build/ament_cmake_pycodestyle': AMENT_PREFIX_PATH=/home/locobot/Documents/kobuki/install CMAKE_PREFIX_PATH=/home/locobot/Documents/kobuki/install PATH=/home/locobot/Documents/kobuki/install/bin:${PATH} PYTHONPATH=/home/locobot/Documents/kobuki/install/lib/python3.8/site-packages /usr/bin/cmake /home/locobot/Documents/kobuki/src/ament_lint/ament_cmake_pycodestyle -DBUILD_TESTING=OFF -DCMAKE_INSTALL_PREFIX=/home/locobot/Documents/kobuki/install
[0.173s] -- Found ament_cmake_core: 0.9.12 (/home/locobot/Documents/kobuki/install/share/ament_cmake_core/cmake)
[0.232s] -- Found PythonInterp: /usr/bin/python3 (found suitable version "3.8.10", minimum required is "3") 
[0.233s] -- Using PYTHON_EXECUTABLE: /usr/bin/python3
[0.533s] -- Found ament_cmake_test: 0.9.12 (/home/locobot/Documents/kobuki/install/share/ament_cmake_test/cmake)
[0.761s] -- Configuring done
[0.764s] -- Generating done
[0.792s] -- Build files have been written to: /home/locobot/Documents/kobuki/build/ament_cmake_pycodestyle
[0.812s] Invoked command in '/home/locobot/Documents/kobuki/build/ament_cmake_pycodestyle' returned '0': AMENT_PREFIX_PATH=/home/locobot/Documents/kobuki/install CMAKE_PREFIX_PATH=/home/locobot/Documents/kobuki/install PATH=/home/locobot/Documents/kobuki/install/bin:${PATH} PYTHONPATH=/home/locobot/Documents/kobuki/install/lib/python3.8/site-packages /usr/bin/cmake /home/locobot/Documents/kobuki/src/ament_lint/ament_cmake_pycodestyle -DBUILD_TESTING=OFF -DCMAKE_INSTALL_PREFIX=/home/locobot/Documents/kobuki/install
[0.817s] Invoking command in '/home/locobot/Documents/kobuki/build/ament_cmake_pycodestyle': AMENT_PREFIX_PATH=/home/locobot/Documents/kobuki/install CMAKE_PREFIX_PATH=/home/locobot/Documents/kobuki/install PATH=/home/locobot/Documents/kobuki/install/bin:${PATH} PYTHONPATH=/home/locobot/Documents/kobuki/install/lib/python3.8/site-packages /usr/bin/cmake --build /home/locobot/Documents/kobuki/build/ament_cmake_pycodestyle -- -j4 -l4
[0.908s] Invoked command in '/home/locobot/Documents/kobuki/build/ament_cmake_pycodestyle' returned '0': AMENT_PREFIX_PATH=/home/locobot/Documents/kobuki/install CMAKE_PREFIX_PATH=/home/locobot/Documents/kobuki/install PATH=/home/locobot/Documents/kobuki/install/bin:${PATH} PYTHONPATH=/home/locobot/Documents/kobuki/install/lib/python3.8/site-packages /usr/bin/cmake --build /home/locobot/Documents/kobuki/build/ament_cmake_pycodestyle -- -j4 -l4
[0.910s] Invoking command in '/home/locobot/Documents/kobuki/build/ament_cmake_pycodestyle': AMENT_PREFIX_PATH=/home/locobot/Documents/kobuki/install CMAKE_PREFIX_PATH=/home/locobot/Documents/kobuki/install PATH=/home/locobot/Documents/kobuki/install/bin:${PATH} PYTHONPATH=/home/locobot/Documents/kobuki/install/lib/python3.8/site-packages /usr/bin/cmake --install /home/locobot/Documents/kobuki/build/ament_cmake_pycodestyle
[0.939s] -- Install configuration: ""
[0.939s] -- Installing: /home/locobot/Documents/kobuki/install/share/ament_index/resource_index/package_run_dependencies/ament_cmake_pycodestyle
[0.939s] -- Installing: /home/locobot/Documents/kobuki/install/share/ament_index/resource_index/parent_prefix_path/ament_cmake_pycodestyle
[0.940s] -- Installing: /home/locobot/Documents/kobuki/install/share/ament_cmake_pycodestyle/environment/ament_prefix_path.sh
[0.940s] -- Installing: /home/locobot/Documents/kobuki/install/share/ament_cmake_pycodestyle/environment/ament_prefix_path.dsv
[0.940s] -- Installing: /home/locobot/Documents/kobuki/install/share/ament_cmake_pycodestyle/environment/path.sh
[0.940s] -- Installing: /home/locobot/Documents/kobuki/install/share/ament_cmake_pycodestyle/environment/path.dsv
[0.940s] -- Installing: /home/locobot/Documents/kobuki/install/share/ament_cmake_pycodestyle/local_setup.bash
[0.940s] -- Installing: /home/locobot/Documents/kobuki/install/share/ament_cmake_pycodestyle/local_setup.sh
[0.940s] -- Installing: /home/locobot/Documents/kobuki/install/share/ament_cmake_pycodestyle/local_setup.zsh
[0.940s] -- Installing: /home/locobot/Documents/kobuki/install/share/ament_cmake_pycodestyle/local_setup.dsv
[0.941s] -- Installing: /home/locobot/Documents/kobuki/install/share/ament_cmake_pycodestyle/package.dsv
[0.941s] -- Installing: /home/locobot/Documents/kobuki/install/share/ament_index/resource_index/packages/ament_cmake_pycodestyle
[0.941s] -- Installing: /home/locobot/Documents/kobuki/install/share/ament_cmake_pycodestyle/cmake/ament_cmake_pycodestyle-extras.cmake
[0.941s] -- Installing: /home/locobot/Documents/kobuki/install/share/ament_cmake_pycodestyle/cmake/ament_cmake_pycodestyleConfig.cmake
[0.941s] -- Installing: /home/locobot/Documents/kobuki/install/share/ament_cmake_pycodestyle/cmake/ament_cmake_pycodestyleConfig-version.cmake
[0.941s] -- Installing: /home/locobot/Documents/kobuki/install/share/ament_cmake_pycodestyle/package.xml
[0.941s] -- Up-to-date: /home/locobot/Documents/kobuki/install/share/ament_cmake_pycodestyle/cmake
[0.941s] -- Installing: /home/locobot/Documents/kobuki/install/share/ament_cmake_pycodestyle/cmake/ament_pycodestyle.cmake
[0.942s] -- Installing: /home/locobot/Documents/kobuki/install/share/ament_cmake_pycodestyle/cmake/ament_cmake_pycodestyle_lint_hook.cmake
[0.997s] Invoked command in '/home/locobot/Documents/kobuki/build/ament_cmake_pycodestyle' returned '0': AMENT_PREFIX_PATH=/home/locobot/Documents/kobuki/install CMAKE_PREFIX_PATH=/home/locobot/Documents/kobuki/install PATH=/home/locobot/Documents/kobuki/install/bin:${PATH} PYTHONPATH=/home/locobot/Documents/kobuki/install/lib/python3.8/site-packages /usr/bin/cmake --install /home/locobot/Documents/kobuki/build/ament_cmake_pycodestyle
