[0.232s] Invoking command in '/home/locobot/Documents/kobuki/build/ament_cmake_export_include_directories': AMENT_PREFIX_PATH=/home/locobot/Documents/kobuki/install CMAKE_PREFIX_PATH=/home/locobot/Documents/kobuki/install LD_LIBRARY_PATH=/home/locobot/Documents/kobuki/install/lib PATH=/home/locobot/Documents/kobuki/install/bin:${PATH} PYTHONPATH=/home/locobot/Documents/kobuki/install/lib/python3.8/site-packages /usr/bin/cmake /home/locobot/Documents/kobuki/src/ament_cmake/ament_cmake_export_include_directories -DBUILD_TESTING=OFF -DCMAKE_INSTALL_PREFIX=/home/locobot/Documents/kobuki/install
[0.292s] Re-run cmake no build system arguments
[0.293s] -- Found ament_cmake_core: 0.9.12 (/home/locobot/Documents/kobuki/install/share/ament_cmake_core/cmake)
[0.328s] -- Using PYTHON_EXECUTABLE: /usr/bin/python3
[0.856s] -- Configuring done
[0.871s] -- Generating done
[0.873s] -- Build files have been written to: /home/locobot/Documents/kobuki/build/ament_cmake_export_include_directories
[1.022s] Invoked command in '/home/locobot/Documents/kobuki/build/ament_cmake_export_include_directories' returned '0': AMENT_PREFIX_PATH=/home/locobot/Documents/kobuki/install CMAKE_PREFIX_PATH=/home/locobot/Documents/kobuki/install LD_LIBRARY_PATH=/home/locobot/Documents/kobuki/install/lib PATH=/home/locobot/Documents/kobuki/install/bin:${PATH} PYTHONPATH=/home/locobot/Documents/kobuki/install/lib/python3.8/site-packages /usr/bin/cmake /home/locobot/Documents/kobuki/src/ament_cmake/ament_cmake_export_include_directories -DBUILD_TESTING=OFF -DCMAKE_INSTALL_PREFIX=/home/locobot/Documents/kobuki/install
[1.023s] Invoking command in '/home/locobot/Documents/kobuki/build/ament_cmake_export_include_directories': AMENT_PREFIX_PATH=/home/locobot/Documents/kobuki/install CMAKE_PREFIX_PATH=/home/locobot/Documents/kobuki/install LD_LIBRARY_PATH=/home/locobot/Documents/kobuki/install/lib PATH=/home/locobot/Documents/kobuki/install/bin:${PATH} PYTHONPATH=/home/locobot/Documents/kobuki/install/lib/python3.8/site-packages /usr/bin/cmake --build /home/locobot/Documents/kobuki/build/ament_cmake_export_include_directories -- -j4 -l4
[1.092s] /usr/bin/cmake -S/home/locobot/Documents/kobuki/src/ament_cmake/ament_cmake_export_include_directories -B/home/locobot/Documents/kobuki/build/ament_cmake_export_include_directories --check-build-system CMakeFiles/Makefile.cmake 0
[1.112s] /usr/bin/cmake -E cmake_progress_start /home/locobot/Documents/kobuki/build/ament_cmake_export_include_directories/CMakeFiles /home/locobot/Documents/kobuki/build/ament_cmake_export_include_directories/CMakeFiles/progress.marks
[1.127s] /usr/bin/make -f CMakeFiles/Makefile2 all
[1.144s] make[1]: Entering directory '/home/locobot/Documents/kobuki/build/ament_cmake_export_include_directories'
[1.144s] make[1]: Nothing to be done for 'all'.
[1.145s] make[1]: Leaving directory '/home/locobot/Documents/kobuki/build/ament_cmake_export_include_directories'
[1.145s] /usr/bin/cmake -E cmake_progress_start /home/locobot/Documents/kobuki/build/ament_cmake_export_include_directories/CMakeFiles 0
[1.222s] Invoked command in '/home/locobot/Documents/kobuki/build/ament_cmake_export_include_directories' returned '0': AMENT_PREFIX_PATH=/home/locobot/Documents/kobuki/install CMAKE_PREFIX_PATH=/home/locobot/Documents/kobuki/install LD_LIBRARY_PATH=/home/locobot/Documents/kobuki/install/lib PATH=/home/locobot/Documents/kobuki/install/bin:${PATH} PYTHONPATH=/home/locobot/Documents/kobuki/install/lib/python3.8/site-packages /usr/bin/cmake --build /home/locobot/Documents/kobuki/build/ament_cmake_export_include_directories -- -j4 -l4
[1.224s] Invoking command in '/home/locobot/Documents/kobuki/build/ament_cmake_export_include_directories': AMENT_PREFIX_PATH=/home/locobot/Documents/kobuki/install CMAKE_PREFIX_PATH=/home/locobot/Documents/kobuki/install LD_LIBRARY_PATH=/home/locobot/Documents/kobuki/install/lib PATH=/home/locobot/Documents/kobuki/install/bin:${PATH} PYTHONPATH=/home/locobot/Documents/kobuki/install/lib/python3.8/site-packages /usr/bin/cmake --install /home/locobot/Documents/kobuki/build/ament_cmake_export_include_directories
[1.267s] -- Install configuration: ""
[1.268s] -- Up-to-date: /home/locobot/Documents/kobuki/install/share/ament_index/resource_index/package_run_dependencies/ament_cmake_export_include_directories
[1.268s] -- Up-to-date: /home/locobot/Documents/kobuki/install/share/ament_index/resource_index/parent_prefix_path/ament_cmake_export_include_directories
[1.268s] -- Up-to-date: /home/locobot/Documents/kobuki/install/share/ament_cmake_export_include_directories/environment/ament_prefix_path.sh
[1.268s] -- Installing: /home/locobot/Documents/kobuki/install/share/ament_cmake_export_include_directories/environment/ament_prefix_path.dsv
[1.268s] -- Up-to-date: /home/locobot/Documents/kobuki/install/share/ament_cmake_export_include_directories/environment/path.sh
[1.268s] -- Installing: /home/locobot/Documents/kobuki/install/share/ament_cmake_export_include_directories/environment/path.dsv
[1.268s] -- Up-to-date: /home/locobot/Documents/kobuki/install/share/ament_cmake_export_include_directories/local_setup.bash
[1.269s] -- Up-to-date: /home/locobot/Documents/kobuki/install/share/ament_cmake_export_include_directories/local_setup.sh
[1.269s] -- Up-to-date: /home/locobot/Documents/kobuki/install/share/ament_cmake_export_include_directories/local_setup.zsh
[1.269s] -- Installing: /home/locobot/Documents/kobuki/install/share/ament_cmake_export_include_directories/local_setup.dsv
[1.269s] -- Installing: /home/locobot/Documents/kobuki/install/share/ament_cmake_export_include_directories/package.dsv
[1.269s] -- Up-to-date: /home/locobot/Documents/kobuki/install/share/ament_index/resource_index/packages/ament_cmake_export_include_directories
[1.269s] -- Up-to-date: /home/locobot/Documents/kobuki/install/share/ament_cmake_export_include_directories/cmake/ament_cmake_export_include_directories-extras.cmake
[1.269s] -- Up-to-date: /home/locobot/Documents/kobuki/install/share/ament_cmake_export_include_directories/cmake/ament_cmake_export_include_directoriesConfig.cmake
[1.270s] -- Up-to-date: /home/locobot/Documents/kobuki/install/share/ament_cmake_export_include_directories/cmake/ament_cmake_export_include_directoriesConfig-version.cmake
[1.270s] -- Up-to-date: /home/locobot/Documents/kobuki/install/share/ament_cmake_export_include_directories/package.xml
[1.270s] -- Up-to-date: /home/locobot/Documents/kobuki/install/share/ament_cmake_export_include_directories/cmake
[1.270s] -- Up-to-date: /home/locobot/Documents/kobuki/install/share/ament_cmake_export_include_directories/cmake/ament_export_include_directories.cmake
[1.270s] -- Up-to-date: /home/locobot/Documents/kobuki/install/share/ament_cmake_export_include_directories/cmake/ament_cmake_export_include_directories_package_hook.cmake
[1.270s] -- Up-to-date: /home/locobot/Documents/kobuki/install/share/ament_cmake_export_include_directories/cmake/ament_cmake_export_include_directories-extras.cmake.in
[1.287s] Invoked command in '/home/locobot/Documents/kobuki/build/ament_cmake_export_include_directories' returned '0': AMENT_PREFIX_PATH=/home/locobot/Documents/kobuki/install CMAKE_PREFIX_PATH=/home/locobot/Documents/kobuki/install LD_LIBRARY_PATH=/home/locobot/Documents/kobuki/install/lib PATH=/home/locobot/Documents/kobuki/install/bin:${PATH} PYTHONPATH=/home/locobot/Documents/kobuki/install/lib/python3.8/site-packages /usr/bin/cmake --install /home/locobot/Documents/kobuki/build/ament_cmake_export_include_directories
