[0.831s] Invoking command in '/home/locobot/Documents/kobuki/build/ecl_statistics': AMENT_PREFIX_PATH=/home/locobot/Documents/kobuki/install CMAKE_PREFIX_PATH=/home/locobot/Documents/kobuki/install LD_LIBRARY_PATH=/home/locobot/Documents/kobuki/install/lib PATH=/home/locobot/Documents/kobuki/install/bin:${PATH} PKG_CONFIG_PATH=/home/locobot/Documents/kobuki/install/lib/x86_64-linux-gnu/pkgconfig:/home/locobot/Documents/kobuki/install/lib/pkgconfig PYTHONPATH=/home/locobot/Documents/kobuki/install/lib/python3.8/site-packages /usr/bin/cmake /home/locobot/Documents/kobuki/src/ecl_core/ecl_statistics -DBUILD_TESTING=OFF -DCMAKE_INSTALL_PREFIX=/home/locobot/Documents/kobuki/install
[0.869s] Re-run cmake no build system arguments
[0.877s] -- Found ament_cmake_ros: 0.9.2 (/home/locobot/Documents/kobuki/install/share/ament_cmake_ros/cmake)
[0.907s] -- Using PYTHON_EXECUTABLE: /usr/bin/python3
[1.182s] -- Found ecl_build: 1.0.3 (/home/locobot/Documents/kobuki/install/share/ecl_build/cmake)
[1.192s] -- Found ecl_config: 1.1.0 (/home/locobot/Documents/kobuki/install/share/ecl_config/cmake)
[1.192s] -- Found ecl_linear_algebra: 1.2.1 (/home/locobot/Documents/kobuki/install/share/ecl_linear_algebra/cmake)
[1.452s] -- Configuring done
[1.481s] -- Generating done
[1.486s] -- Build files have been written to: /home/locobot/Documents/kobuki/build/ecl_statistics
[1.510s] Invoked command in '/home/locobot/Documents/kobuki/build/ecl_statistics' returned '0': AMENT_PREFIX_PATH=/home/locobot/Documents/kobuki/install CMAKE_PREFIX_PATH=/home/locobot/Documents/kobuki/install LD_LIBRARY_PATH=/home/locobot/Documents/kobuki/install/lib PATH=/home/locobot/Documents/kobuki/install/bin:${PATH} PKG_CONFIG_PATH=/home/locobot/Documents/kobuki/install/lib/x86_64-linux-gnu/pkgconfig:/home/locobot/Documents/kobuki/install/lib/pkgconfig PYTHONPATH=/home/locobot/Documents/kobuki/install/lib/python3.8/site-packages /usr/bin/cmake /home/locobot/Documents/kobuki/src/ecl_core/ecl_statistics -DBUILD_TESTING=OFF -DCMAKE_INSTALL_PREFIX=/home/locobot/Documents/kobuki/install
[1.511s] Invoking command in '/home/locobot/Documents/kobuki/build/ecl_statistics': AMENT_PREFIX_PATH=/home/locobot/Documents/kobuki/install CMAKE_PREFIX_PATH=/home/locobot/Documents/kobuki/install LD_LIBRARY_PATH=/home/locobot/Documents/kobuki/install/lib PATH=/home/locobot/Documents/kobuki/install/bin:${PATH} PKG_CONFIG_PATH=/home/locobot/Documents/kobuki/install/lib/x86_64-linux-gnu/pkgconfig:/home/locobot/Documents/kobuki/install/lib/pkgconfig PYTHONPATH=/home/locobot/Documents/kobuki/install/lib/python3.8/site-packages /usr/bin/cmake --build /home/locobot/Documents/kobuki/build/ecl_statistics -- -j4 -l4
[1.590s] /usr/bin/cmake -S/home/locobot/Documents/kobuki/src/ecl_core/ecl_statistics -B/home/locobot/Documents/kobuki/build/ecl_statistics --check-build-system CMakeFiles/Makefile.cmake 0
[1.618s] /usr/bin/cmake -E cmake_progress_start /home/locobot/Documents/kobuki/build/ecl_statistics/CMakeFiles /home/locobot/Documents/kobuki/build/ecl_statistics/CMakeFiles/progress.marks
[1.629s] /usr/bin/make -f CMakeFiles/Makefile2 all
[1.631s] make[1]: Entering directory '/home/locobot/Documents/kobuki/build/ecl_statistics'
[1.631s] /usr/bin/make -f src/lib/CMakeFiles/ecl_statistics.dir/build.make src/lib/CMakeFiles/ecl_statistics.dir/depend
[1.635s] make[2]: Entering directory '/home/locobot/Documents/kobuki/build/ecl_statistics'
[1.635s] cd /home/locobot/Documents/kobuki/build/ecl_statistics && /usr/bin/cmake -E cmake_depends "Unix Makefiles" /home/locobot/Documents/kobuki/src/ecl_core/ecl_statistics /home/locobot/Documents/kobuki/src/ecl_core/ecl_statistics/src/lib /home/locobot/Documents/kobuki/build/ecl_statistics /home/locobot/Documents/kobuki/build/ecl_statistics/src/lib /home/locobot/Documents/kobuki/build/ecl_statistics/src/lib/CMakeFiles/ecl_statistics.dir/DependInfo.cmake --color=
[1.649s] make[2]: Leaving directory '/home/locobot/Documents/kobuki/build/ecl_statistics'
[1.650s] /usr/bin/make -f src/lib/CMakeFiles/ecl_statistics.dir/build.make src/lib/CMakeFiles/ecl_statistics.dir/build
[1.659s] make[2]: Entering directory '/home/locobot/Documents/kobuki/build/ecl_statistics'
[1.659s] make[2]: Nothing to be done for 'src/lib/CMakeFiles/ecl_statistics.dir/build'.
[1.659s] make[2]: Leaving directory '/home/locobot/Documents/kobuki/build/ecl_statistics'
[1.712s] [100%] Built target ecl_statistics
[1.713s] make[1]: Leaving directory '/home/locobot/Documents/kobuki/build/ecl_statistics'
[1.713s] /usr/bin/cmake -E cmake_progress_start /home/locobot/Documents/kobuki/build/ecl_statistics/CMakeFiles 0
[1.765s] Invoked command in '/home/locobot/Documents/kobuki/build/ecl_statistics' returned '0': AMENT_PREFIX_PATH=/home/locobot/Documents/kobuki/install CMAKE_PREFIX_PATH=/home/locobot/Documents/kobuki/install LD_LIBRARY_PATH=/home/locobot/Documents/kobuki/install/lib PATH=/home/locobot/Documents/kobuki/install/bin:${PATH} PKG_CONFIG_PATH=/home/locobot/Documents/kobuki/install/lib/x86_64-linux-gnu/pkgconfig:/home/locobot/Documents/kobuki/install/lib/pkgconfig PYTHONPATH=/home/locobot/Documents/kobuki/install/lib/python3.8/site-packages /usr/bin/cmake --build /home/locobot/Documents/kobuki/build/ecl_statistics -- -j4 -l4
[1.766s] Invoking command in '/home/locobot/Documents/kobuki/build/ecl_statistics': AMENT_PREFIX_PATH=/home/locobot/Documents/kobuki/install CMAKE_PREFIX_PATH=/home/locobot/Documents/kobuki/install LD_LIBRARY_PATH=/home/locobot/Documents/kobuki/install/lib PATH=/home/locobot/Documents/kobuki/install/bin:${PATH} PKG_CONFIG_PATH=/home/locobot/Documents/kobuki/install/lib/x86_64-linux-gnu/pkgconfig:/home/locobot/Documents/kobuki/install/lib/pkgconfig PYTHONPATH=/home/locobot/Documents/kobuki/install/lib/python3.8/site-packages /usr/bin/cmake --install /home/locobot/Documents/kobuki/build/ecl_statistics
[1.797s] -- Install configuration: ""
[1.797s] -- Up-to-date: /home/locobot/Documents/kobuki/install/share/ecl_statistics/environment/library_path.sh
[1.798s] -- Installing: /home/locobot/Documents/kobuki/install/share/ecl_statistics/environment/library_path.dsv
[1.799s] -- Up-to-date: /home/locobot/Documents/kobuki/install/share/ament_index/resource_index/package_run_dependencies/ecl_statistics
[1.799s] -- Up-to-date: /home/locobot/Documents/kobuki/install/share/ament_index/resource_index/parent_prefix_path/ecl_statistics
[1.799s] -- Up-to-date: /home/locobot/Documents/kobuki/install/share/ecl_statistics/environment/ament_prefix_path.sh
[1.799s] -- Installing: /home/locobot/Documents/kobuki/install/share/ecl_statistics/environment/ament_prefix_path.dsv
[1.799s] -- Up-to-date: /home/locobot/Documents/kobuki/install/share/ecl_statistics/environment/path.sh
[1.805s] -- Installing: /home/locobot/Documents/kobuki/install/share/ecl_statistics/environment/path.dsv
[1.805s] -- Up-to-date: /home/locobot/Documents/kobuki/install/share/ecl_statistics/local_setup.bash
[1.818s] -- Up-to-date: /home/locobot/Documents/kobuki/install/share/ecl_statistics/local_setup.sh
[1.818s] -- Up-to-date: /home/locobot/Documents/kobuki/install/share/ecl_statistics/local_setup.zsh
[1.818s] -- Installing: /home/locobot/Documents/kobuki/install/share/ecl_statistics/local_setup.dsv
[1.819s] -- Installing: /home/locobot/Documents/kobuki/install/share/ecl_statistics/package.dsv
[1.824s] -- Up-to-date: /home/locobot/Documents/kobuki/install/share/ament_index/resource_index/packages/ecl_statistics
[1.829s] -- Up-to-date: /home/locobot/Documents/kobuki/install/share/ecl_statistics/cmake/ecl_statisticsExport.cmake
[1.829s] -- Installing: /home/locobot/Documents/kobuki/install/share/ecl_statistics/cmake/ecl_statisticsExport-noconfig.cmake
[1.829s] -- Up-to-date: /home/locobot/Documents/kobuki/install/share/ecl_statistics/cmake/ament_cmake_export_targets-extras.cmake
[1.834s] -- Up-to-date: /home/locobot/Documents/kobuki/install/share/ecl_statistics/cmake/ament_cmake_export_include_directories-extras.cmake
[1.835s] -- Up-to-date: /home/locobot/Documents/kobuki/install/share/ecl_statistics/cmake/ament_cmake_export_libraries-extras.cmake
[1.835s] -- Up-to-date: /home/locobot/Documents/kobuki/install/share/ecl_statistics/cmake/ament_cmake_export_dependencies-extras.cmake
[1.837s] -- Up-to-date: /home/locobot/Documents/kobuki/install/share/ecl_statistics/cmake/ecl_statisticsConfig.cmake
[1.862s] -- Up-to-date: /home/locobot/Documents/kobuki/install/share/ecl_statistics/cmake/ecl_statisticsConfig-version.cmake
[1.863s] -- Up-to-date: /home/locobot/Documents/kobuki/install/share/ecl_statistics/package.xml
[1.863s] -- Up-to-date: /home/locobot/Documents/kobuki/install/include/ecl/statistics.hpp
[1.863s] -- Up-to-date: /home/locobot/Documents/kobuki/install/include/ecl/statistics/covariance_ellipsoid.hpp
[1.863s] -- Up-to-date: /home/locobot/Documents/kobuki/install/include/ecl/statistics/cumulative_statistics.hpp
[1.863s] -- Up-to-date: /home/locobot/Documents/kobuki/install/lib/libecl_statistics.so.1.2.1
[1.863s] -- Up-to-date: /home/locobot/Documents/kobuki/install/lib/libecl_statistics.so
[1.864s] Invoked command in '/home/locobot/Documents/kobuki/build/ecl_statistics' returned '0': AMENT_PREFIX_PATH=/home/locobot/Documents/kobuki/install CMAKE_PREFIX_PATH=/home/locobot/Documents/kobuki/install LD_LIBRARY_PATH=/home/locobot/Documents/kobuki/install/lib PATH=/home/locobot/Documents/kobuki/install/bin:${PATH} PKG_CONFIG_PATH=/home/locobot/Documents/kobuki/install/lib/x86_64-linux-gnu/pkgconfig:/home/locobot/Documents/kobuki/install/lib/pkgconfig PYTHONPATH=/home/locobot/Documents/kobuki/install/lib/python3.8/site-packages /usr/bin/cmake --install /home/locobot/Documents/kobuki/build/ecl_statistics
