[0.131s] Invoking command in '/home/locobot/Documents/kobuki/build/ament_cmake_python': AMENT_PREFIX_PATH=/home/locobot/Documents/kobuki/install CMAKE_PREFIX_PATH=/home/locobot/Documents/kobuki/install LD_LIBRARY_PATH=/home/locobot/Documents/kobuki/install/lib PATH=/home/locobot/Documents/kobuki/install/bin:${PATH} PYTHONPATH=/home/locobot/Documents/kobuki/install/lib/python3.8/site-packages /usr/bin/cmake /home/locobot/Documents/kobuki/src/ament_cmake/ament_cmake_python -DBUILD_TESTING=OFF -DCMAKE_BUILD_TYPE=RelWithDebInfo -DCMAKE_INSTALL_PREFIX=/home/locobot/Documents/kobuki/install
[0.167s] -- Found ament_cmake_core: 0.9.12 (/home/locobot/Documents/kobuki/install/share/ament_cmake_core/cmake)
[0.202s] -- Using PYTHON_EXECUTABLE: /usr/bin/python3
[1.018s] -- Configuring done
[1.020s] -- Generating done
[1.022s] -- Build files have been written to: /home/locobot/Documents/kobuki/build/ament_cmake_python
[1.044s] Invoked command in '/home/locobot/Documents/kobuki/build/ament_cmake_python' returned '0': AMENT_PREFIX_PATH=/home/locobot/Documents/kobuki/install CMAKE_PREFIX_PATH=/home/locobot/Documents/kobuki/install LD_LIBRARY_PATH=/home/locobot/Documents/kobuki/install/lib PATH=/home/locobot/Documents/kobuki/install/bin:${PATH} PYTHONPATH=/home/locobot/Documents/kobuki/install/lib/python3.8/site-packages /usr/bin/cmake /home/locobot/Documents/kobuki/src/ament_cmake/ament_cmake_python -DBUILD_TESTING=OFF -DCMAKE_BUILD_TYPE=RelWithDebInfo -DCMAKE_INSTALL_PREFIX=/home/locobot/Documents/kobuki/install
[1.046s] Invoking command in '/home/locobot/Documents/kobuki/build/ament_cmake_python': AMENT_PREFIX_PATH=/home/locobot/Documents/kobuki/install CMAKE_PREFIX_PATH=/home/locobot/Documents/kobuki/install LD_LIBRARY_PATH=/home/locobot/Documents/kobuki/install/lib PATH=/home/locobot/Documents/kobuki/install/bin:${PATH} PYTHONPATH=/home/locobot/Documents/kobuki/install/lib/python3.8/site-packages /usr/bin/cmake --build /home/locobot/Documents/kobuki/build/ament_cmake_python -- -j4 -l4
[1.188s] Invoked command in '/home/locobot/Documents/kobuki/build/ament_cmake_python' returned '0': AMENT_PREFIX_PATH=/home/locobot/Documents/kobuki/install CMAKE_PREFIX_PATH=/home/locobot/Documents/kobuki/install LD_LIBRARY_PATH=/home/locobot/Documents/kobuki/install/lib PATH=/home/locobot/Documents/kobuki/install/bin:${PATH} PYTHONPATH=/home/locobot/Documents/kobuki/install/lib/python3.8/site-packages /usr/bin/cmake --build /home/locobot/Documents/kobuki/build/ament_cmake_python -- -j4 -l4
[1.194s] Invoking command in '/home/locobot/Documents/kobuki/build/ament_cmake_python': AMENT_PREFIX_PATH=/home/locobot/Documents/kobuki/install CMAKE_PREFIX_PATH=/home/locobot/Documents/kobuki/install LD_LIBRARY_PATH=/home/locobot/Documents/kobuki/install/lib PATH=/home/locobot/Documents/kobuki/install/bin:${PATH} PYTHONPATH=/home/locobot/Documents/kobuki/install/lib/python3.8/site-packages /usr/bin/cmake --install /home/locobot/Documents/kobuki/build/ament_cmake_python
[1.291s] -- Install configuration: "RelWithDebInfo"
[1.291s] -- Up-to-date: /home/locobot/Documents/kobuki/install/share/ament_index/resource_index/package_run_dependencies/ament_cmake_python
[1.291s] -- Up-to-date: /home/locobot/Documents/kobuki/install/share/ament_index/resource_index/parent_prefix_path/ament_cmake_python
[1.291s] -- Up-to-date: /home/locobot/Documents/kobuki/install/share/ament_cmake_python/environment/ament_prefix_path.sh
[1.292s] -- Installing: /home/locobot/Documents/kobuki/install/share/ament_cmake_python/environment/ament_prefix_path.dsv
[1.292s] -- Up-to-date: /home/locobot/Documents/kobuki/install/share/ament_cmake_python/environment/path.sh
[1.292s] -- Installing: /home/locobot/Documents/kobuki/install/share/ament_cmake_python/environment/path.dsv
[1.292s] -- Up-to-date: /home/locobot/Documents/kobuki/install/share/ament_cmake_python/local_setup.bash
[1.292s] -- Up-to-date: /home/locobot/Documents/kobuki/install/share/ament_cmake_python/local_setup.sh
[1.292s] -- Up-to-date: /home/locobot/Documents/kobuki/install/share/ament_cmake_python/local_setup.zsh
[1.292s] -- Installing: /home/locobot/Documents/kobuki/install/share/ament_cmake_python/local_setup.dsv
[1.292s] -- Installing: /home/locobot/Documents/kobuki/install/share/ament_cmake_python/package.dsv
[1.292s] -- Up-to-date: /home/locobot/Documents/kobuki/install/share/ament_index/resource_index/packages/ament_cmake_python
[1.292s] -- Up-to-date: /home/locobot/Documents/kobuki/install/share/ament_cmake_python/cmake/ament_cmake_python-extras.cmake
[1.293s] -- Up-to-date: /home/locobot/Documents/kobuki/install/share/ament_cmake_python/cmake/ament_cmake_pythonConfig.cmake
[1.293s] -- Up-to-date: /home/locobot/Documents/kobuki/install/share/ament_cmake_python/cmake/ament_cmake_pythonConfig-version.cmake
[1.293s] -- Up-to-date: /home/locobot/Documents/kobuki/install/share/ament_cmake_python/package.xml
[1.293s] -- Up-to-date: /home/locobot/Documents/kobuki/install/share/ament_cmake_python/cmake
[1.293s] -- Up-to-date: /home/locobot/Documents/kobuki/install/share/ament_cmake_python/cmake/ament_python_install_package.cmake
[1.293s] -- Up-to-date: /home/locobot/Documents/kobuki/install/share/ament_cmake_python/cmake/ament_python_install_module.cmake
[1.370s] Invoked command in '/home/locobot/Documents/kobuki/build/ament_cmake_python' returned '0': AMENT_PREFIX_PATH=/home/locobot/Documents/kobuki/install CMAKE_PREFIX_PATH=/home/locobot/Documents/kobuki/install LD_LIBRARY_PATH=/home/locobot/Documents/kobuki/install/lib PATH=/home/locobot/Documents/kobuki/install/bin:${PATH} PYTHONPATH=/home/locobot/Documents/kobuki/install/lib/python3.8/site-packages /usr/bin/cmake --install /home/locobot/Documents/kobuki/build/ament_cmake_python
