[0.636s] Invoking command in '/home/locobot/Documents/kobuki/build/ecl_devices': AMENT_PREFIX_PATH=/home/locobot/Documents/kobuki/install CMAKE_PREFIX_PATH=/home/locobot/Documents/kobuki/install LD_LIBRARY_PATH=/home/locobot/Documents/kobuki/install/lib PATH=/home/locobot/Documents/kobuki/install/bin:${PATH} PYTHONPATH=/home/locobot/Documents/kobuki/install/lib/python3.8/site-packages /usr/bin/cmake /home/locobot/Documents/kobuki/src/ecl_core/ecl_devices -DBUILD_TESTING=OFF -DCMAKE_INSTALL_PREFIX=/home/locobot/Documents/kobuki/install
[0.655s] Re-run cmake no build system arguments
[0.675s] -- Found ament_cmake_ros: 0.9.2 (/home/locobot/Documents/kobuki/install/share/ament_cmake_ros/cmake)
[0.709s] -- Using PYTHON_EXECUTABLE: /usr/bin/python3
[1.009s] -- Found ecl_build: 1.0.3 (/home/locobot/Documents/kobuki/install/share/ecl_build/cmake)
[1.022s] -- Found ecl_config: 1.1.0 (/home/locobot/Documents/kobuki/install/share/ecl_config/cmake)
[1.032s] -- Found ecl_containers: 1.2.1 (/home/locobot/Documents/kobuki/install/share/ecl_containers/cmake)
[1.160s] -- Found ecl_threads: 1.2.1 (/home/locobot/Documents/kobuki/install/share/ecl_threads/cmake)
[1.462s] -- Configuring done
[1.522s] -- Generating done
[1.538s] -- Build files have been written to: /home/locobot/Documents/kobuki/build/ecl_devices
[1.548s] Invoked command in '/home/locobot/Documents/kobuki/build/ecl_devices' returned '0': AMENT_PREFIX_PATH=/home/locobot/Documents/kobuki/install CMAKE_PREFIX_PATH=/home/locobot/Documents/kobuki/install LD_LIBRARY_PATH=/home/locobot/Documents/kobuki/install/lib PATH=/home/locobot/Documents/kobuki/install/bin:${PATH} PYTHONPATH=/home/locobot/Documents/kobuki/install/lib/python3.8/site-packages /usr/bin/cmake /home/locobot/Documents/kobuki/src/ecl_core/ecl_devices -DBUILD_TESTING=OFF -DCMAKE_INSTALL_PREFIX=/home/locobot/Documents/kobuki/install
[1.551s] Invoking command in '/home/locobot/Documents/kobuki/build/ecl_devices': AMENT_PREFIX_PATH=/home/locobot/Documents/kobuki/install CMAKE_PREFIX_PATH=/home/locobot/Documents/kobuki/install LD_LIBRARY_PATH=/home/locobot/Documents/kobuki/install/lib PATH=/home/locobot/Documents/kobuki/install/bin:${PATH} PYTHONPATH=/home/locobot/Documents/kobuki/install/lib/python3.8/site-packages /usr/bin/cmake --build /home/locobot/Documents/kobuki/build/ecl_devices -- -j4 -l4
[1.640s] /usr/bin/cmake -S/home/locobot/Documents/kobuki/src/ecl_core/ecl_devices -B/home/locobot/Documents/kobuki/build/ecl_devices --check-build-system CMakeFiles/Makefile.cmake 0
[1.684s] /usr/bin/cmake -E cmake_progress_start /home/locobot/Documents/kobuki/build/ecl_devices/CMakeFiles /home/locobot/Documents/kobuki/build/ecl_devices/CMakeFiles/progress.marks
[1.713s] /usr/bin/make -f CMakeFiles/Makefile2 all
[1.713s] make[1]: Entering directory '/home/locobot/Documents/kobuki/build/ecl_devices'
[1.713s] /usr/bin/make -f src/lib/CMakeFiles/ecl_devices.dir/build.make src/lib/CMakeFiles/ecl_devices.dir/depend
[1.716s] make[2]: Entering directory '/home/locobot/Documents/kobuki/build/ecl_devices'
[1.716s] cd /home/locobot/Documents/kobuki/build/ecl_devices && /usr/bin/cmake -E cmake_depends "Unix Makefiles" /home/locobot/Documents/kobuki/src/ecl_core/ecl_devices /home/locobot/Documents/kobuki/src/ecl_core/ecl_devices/src/lib /home/locobot/Documents/kobuki/build/ecl_devices /home/locobot/Documents/kobuki/build/ecl_devices/src/lib /home/locobot/Documents/kobuki/build/ecl_devices/src/lib/CMakeFiles/ecl_devices.dir/DependInfo.cmake --color=
[1.754s] make[2]: Leaving directory '/home/locobot/Documents/kobuki/build/ecl_devices'
[1.760s] /usr/bin/make -f src/lib/CMakeFiles/ecl_devices.dir/build.make src/lib/CMakeFiles/ecl_devices.dir/build
[1.768s] make[2]: Entering directory '/home/locobot/Documents/kobuki/build/ecl_devices'
[1.768s] make[2]: Nothing to be done for 'src/lib/CMakeFiles/ecl_devices.dir/build'.
[1.768s] make[2]: Leaving directory '/home/locobot/Documents/kobuki/build/ecl_devices'
[1.800s] [ 87%] Built target ecl_devices
[1.800s] /usr/bin/make -f src/examples/CMakeFiles/ecl_demo_serial_timeouts.dir/build.make src/examples/CMakeFiles/ecl_demo_serial_timeouts.dir/depend
[1.801s] make[2]: Entering directory '/home/locobot/Documents/kobuki/build/ecl_devices'
[1.801s] cd /home/locobot/Documents/kobuki/build/ecl_devices && /usr/bin/cmake -E cmake_depends "Unix Makefiles" /home/locobot/Documents/kobuki/src/ecl_core/ecl_devices /home/locobot/Documents/kobuki/src/ecl_core/ecl_devices/src/examples /home/locobot/Documents/kobuki/build/ecl_devices /home/locobot/Documents/kobuki/build/ecl_devices/src/examples /home/locobot/Documents/kobuki/build/ecl_devices/src/examples/CMakeFiles/ecl_demo_serial_timeouts.dir/DependInfo.cmake --color=
[1.816s] make[2]: Leaving directory '/home/locobot/Documents/kobuki/build/ecl_devices'
[1.816s] /usr/bin/make -f src/examples/CMakeFiles/ecl_demo_serial_timeouts.dir/build.make src/examples/CMakeFiles/ecl_demo_serial_timeouts.dir/build
[1.824s] make[2]: Entering directory '/home/locobot/Documents/kobuki/build/ecl_devices'
[1.825s] make[2]: Nothing to be done for 'src/examples/CMakeFiles/ecl_demo_serial_timeouts.dir/build'.
[1.825s] make[2]: Leaving directory '/home/locobot/Documents/kobuki/build/ecl_devices'
[1.848s] [100%] Built target ecl_demo_serial_timeouts
[1.848s] make[1]: Leaving directory '/home/locobot/Documents/kobuki/build/ecl_devices'
[1.848s] /usr/bin/cmake -E cmake_progress_start /home/locobot/Documents/kobuki/build/ecl_devices/CMakeFiles 0
[1.920s] Invoked command in '/home/locobot/Documents/kobuki/build/ecl_devices' returned '0': AMENT_PREFIX_PATH=/home/locobot/Documents/kobuki/install CMAKE_PREFIX_PATH=/home/locobot/Documents/kobuki/install LD_LIBRARY_PATH=/home/locobot/Documents/kobuki/install/lib PATH=/home/locobot/Documents/kobuki/install/bin:${PATH} PYTHONPATH=/home/locobot/Documents/kobuki/install/lib/python3.8/site-packages /usr/bin/cmake --build /home/locobot/Documents/kobuki/build/ecl_devices -- -j4 -l4
[1.922s] Invoking command in '/home/locobot/Documents/kobuki/build/ecl_devices': AMENT_PREFIX_PATH=/home/locobot/Documents/kobuki/install CMAKE_PREFIX_PATH=/home/locobot/Documents/kobuki/install LD_LIBRARY_PATH=/home/locobot/Documents/kobuki/install/lib PATH=/home/locobot/Documents/kobuki/install/bin:${PATH} PYTHONPATH=/home/locobot/Documents/kobuki/install/lib/python3.8/site-packages /usr/bin/cmake --install /home/locobot/Documents/kobuki/build/ecl_devices
[1.952s] -- Install configuration: ""
[1.952s] -- Up-to-date: /home/locobot/Documents/kobuki/install/share/ecl_devices/environment/library_path.sh
[1.952s] -- Installing: /home/locobot/Documents/kobuki/install/share/ecl_devices/environment/library_path.dsv
[1.952s] -- Up-to-date: /home/locobot/Documents/kobuki/install/share/ament_index/resource_index/package_run_dependencies/ecl_devices
[1.953s] -- Up-to-date: /home/locobot/Documents/kobuki/install/share/ament_index/resource_index/parent_prefix_path/ecl_devices
[1.953s] -- Up-to-date: /home/locobot/Documents/kobuki/install/share/ecl_devices/environment/ament_prefix_path.sh
[1.953s] -- Installing: /home/locobot/Documents/kobuki/install/share/ecl_devices/environment/ament_prefix_path.dsv
[1.953s] -- Up-to-date: /home/locobot/Documents/kobuki/install/share/ecl_devices/environment/path.sh
[1.953s] -- Installing: /home/locobot/Documents/kobuki/install/share/ecl_devices/environment/path.dsv
[1.953s] -- Up-to-date: /home/locobot/Documents/kobuki/install/share/ecl_devices/local_setup.bash
[1.953s] -- Up-to-date: /home/locobot/Documents/kobuki/install/share/ecl_devices/local_setup.sh
[1.953s] -- Up-to-date: /home/locobot/Documents/kobuki/install/share/ecl_devices/local_setup.zsh
[1.953s] -- Installing: /home/locobot/Documents/kobuki/install/share/ecl_devices/local_setup.dsv
[1.953s] -- Installing: /home/locobot/Documents/kobuki/install/share/ecl_devices/package.dsv
[1.954s] -- Up-to-date: /home/locobot/Documents/kobuki/install/share/ament_index/resource_index/packages/ecl_devices
[1.954s] -- Up-to-date: /home/locobot/Documents/kobuki/install/share/ecl_devices/cmake/ecl_devicesExport.cmake
[1.954s] -- Installing: /home/locobot/Documents/kobuki/install/share/ecl_devices/cmake/ecl_devicesExport-noconfig.cmake
[1.954s] -- Up-to-date: /home/locobot/Documents/kobuki/install/share/ecl_devices/cmake/ament_cmake_export_targets-extras.cmake
[1.954s] -- Up-to-date: /home/locobot/Documents/kobuki/install/share/ecl_devices/cmake/ament_cmake_export_include_directories-extras.cmake
[1.954s] -- Up-to-date: /home/locobot/Documents/kobuki/install/share/ecl_devices/cmake/ament_cmake_export_libraries-extras.cmake
[1.954s] -- Up-to-date: /home/locobot/Documents/kobuki/install/share/ecl_devices/cmake/ament_cmake_export_dependencies-extras.cmake
[1.954s] -- Up-to-date: /home/locobot/Documents/kobuki/install/share/ecl_devices/cmake/ecl_devicesConfig.cmake
[1.954s] -- Up-to-date: /home/locobot/Documents/kobuki/install/share/ecl_devices/cmake/ecl_devicesConfig-version.cmake
[1.954s] -- Up-to-date: /home/locobot/Documents/kobuki/install/share/ecl_devices/package.xml
[1.959s] -- Up-to-date: /home/locobot/Documents/kobuki/install/include/ecl/devices.hpp
[1.959s] -- Up-to-date: /home/locobot/Documents/kobuki/install/include/ecl/devices/console.hpp
[1.959s] -- Up-to-date: /home/locobot/Documents/kobuki/install/include/ecl/devices/macros.hpp
[1.959s] -- Up-to-date: /home/locobot/Documents/kobuki/install/include/ecl/devices/modes.hpp
[1.960s] -- Up-to-date: /home/locobot/Documents/kobuki/install/include/ecl/devices/ofile.hpp
[1.960s] -- Up-to-date: /home/locobot/Documents/kobuki/install/include/ecl/devices/ofile_pos.hpp
[1.960s] -- Up-to-date: /home/locobot/Documents/kobuki/install/include/ecl/devices/ofile_w32.hpp
[1.960s] -- Up-to-date: /home/locobot/Documents/kobuki/install/include/ecl/devices/serial.hpp
[1.960s] -- Up-to-date: /home/locobot/Documents/kobuki/install/include/ecl/devices/serial_parameters.hpp
[1.960s] -- Up-to-date: /home/locobot/Documents/kobuki/install/include/ecl/devices/serial_pos.hpp
[1.960s] -- Up-to-date: /home/locobot/Documents/kobuki/install/include/ecl/devices/serial_w32.hpp
[1.960s] -- Up-to-date: /home/locobot/Documents/kobuki/install/include/ecl/devices/shared_file.hpp
[1.960s] -- Up-to-date: /home/locobot/Documents/kobuki/install/include/ecl/devices/socket.hpp
[1.961s] -- Up-to-date: /home/locobot/Documents/kobuki/install/include/ecl/devices/socket_client_pos.hpp
[1.961s] -- Up-to-date: /home/locobot/Documents/kobuki/install/include/ecl/devices/socket_connection_status.hpp
[1.961s] -- Up-to-date: /home/locobot/Documents/kobuki/install/include/ecl/devices/socket_server_pos.hpp
[1.961s] -- Up-to-date: /home/locobot/Documents/kobuki/install/include/ecl/devices/string.hpp
[1.961s] -- Up-to-date: /home/locobot/Documents/kobuki/install/include/ecl/devices/traits.hpp
[1.961s] -- Up-to-date: /home/locobot/Documents/kobuki/install/include/ecl/devices/detail/character_buffer.hpp
[1.961s] -- Up-to-date: /home/locobot/Documents/kobuki/install/include/ecl/devices/detail/error_handler.hpp
[1.962s] -- Up-to-date: /home/locobot/Documents/kobuki/install/include/ecl/devices/detail/exception_handler_pos.hpp
[1.962s] -- Up-to-date: /home/locobot/Documents/kobuki/install/include/ecl/devices/detail/socket_error_handler_pos.hpp
[1.962s] -- Up-to-date: /home/locobot/Documents/kobuki/install/include/ecl/devices/detail/socket_exception_handler_pos.hpp
[1.962s] -- Up-to-date: /home/locobot/Documents/kobuki/install/lib/libecl_devices.so.1.2.1
[1.962s] -- Up-to-date: /home/locobot/Documents/kobuki/install/lib/libecl_devices.so
[1.962s] -- Up-to-date: /home/locobot/Documents/kobuki/install/lib/ecl_devices/demo_serial_timeouts
[2.110s] Invoked command in '/home/locobot/Documents/kobuki/build/ecl_devices' returned '0': AMENT_PREFIX_PATH=/home/locobot/Documents/kobuki/install CMAKE_PREFIX_PATH=/home/locobot/Documents/kobuki/install LD_LIBRARY_PATH=/home/locobot/Documents/kobuki/install/lib PATH=/home/locobot/Documents/kobuki/install/bin:${PATH} PYTHONPATH=/home/locobot/Documents/kobuki/install/lib/python3.8/site-packages /usr/bin/cmake --install /home/locobot/Documents/kobuki/build/ecl_devices
