[0.268s] Invoking command in '/home/locobot/Documents/kobuki/build/ament_cmake_auto': AMENT_PREFIX_PATH=/home/locobot/Documents/kobuki/install CMAKE_PREFIX_PATH=/home/locobot/Documents/kobuki/install LD_LIBRARY_PATH=/home/locobot/Documents/kobuki/install/lib PATH=/home/locobot/Documents/kobuki/install/bin:${PATH} PYTHONPATH=/home/locobot/Documents/kobuki/install/lib/python3.8/site-packages /usr/bin/cmake /home/locobot/Documents/kobuki/src/ament_cmake/ament_cmake_auto -DBUILD_TESTING=OFF -DCMAKE_BUILD_TYPE=RelWithDebInfo -DCMAKE_INSTALL_PREFIX=/home/locobot/Documents/kobuki/install
[0.306s] -- Found ament_cmake: 0.9.12 (/home/locobot/Documents/kobuki/install/share/ament_cmake/cmake)
[0.367s] -- Using PYTHON_EXECUTABLE: /usr/bin/python3
[0.931s] -- Configuring done
[0.938s] -- Generating done
[0.944s] -- Build files have been written to: /home/locobot/Documents/kobuki/build/ament_cmake_auto
[0.953s] Invoked command in '/home/locobot/Documents/kobuki/build/ament_cmake_auto' returned '0': AMENT_PREFIX_PATH=/home/locobot/Documents/kobuki/install CMAKE_PREFIX_PATH=/home/locobot/Documents/kobuki/install LD_LIBRARY_PATH=/home/locobot/Documents/kobuki/install/lib PATH=/home/locobot/Documents/kobuki/install/bin:${PATH} PYTHONPATH=/home/locobot/Documents/kobuki/install/lib/python3.8/site-packages /usr/bin/cmake /home/locobot/Documents/kobuki/src/ament_cmake/ament_cmake_auto -DBUILD_TESTING=OFF -DCMAKE_BUILD_TYPE=RelWithDebInfo -DCMAKE_INSTALL_PREFIX=/home/locobot/Documents/kobuki/install
[0.954s] Invoking command in '/home/locobot/Documents/kobuki/build/ament_cmake_auto': AMENT_PREFIX_PATH=/home/locobot/Documents/kobuki/install CMAKE_PREFIX_PATH=/home/locobot/Documents/kobuki/install LD_LIBRARY_PATH=/home/locobot/Documents/kobuki/install/lib PATH=/home/locobot/Documents/kobuki/install/bin:${PATH} PYTHONPATH=/home/locobot/Documents/kobuki/install/lib/python3.8/site-packages /usr/bin/cmake --build /home/locobot/Documents/kobuki/build/ament_cmake_auto -- -j4 -l4
[1.099s] Invoked command in '/home/locobot/Documents/kobuki/build/ament_cmake_auto' returned '0': AMENT_PREFIX_PATH=/home/locobot/Documents/kobuki/install CMAKE_PREFIX_PATH=/home/locobot/Documents/kobuki/install LD_LIBRARY_PATH=/home/locobot/Documents/kobuki/install/lib PATH=/home/locobot/Documents/kobuki/install/bin:${PATH} PYTHONPATH=/home/locobot/Documents/kobuki/install/lib/python3.8/site-packages /usr/bin/cmake --build /home/locobot/Documents/kobuki/build/ament_cmake_auto -- -j4 -l4
[1.105s] Invoking command in '/home/locobot/Documents/kobuki/build/ament_cmake_auto': AMENT_PREFIX_PATH=/home/locobot/Documents/kobuki/install CMAKE_PREFIX_PATH=/home/locobot/Documents/kobuki/install LD_LIBRARY_PATH=/home/locobot/Documents/kobuki/install/lib PATH=/home/locobot/Documents/kobuki/install/bin:${PATH} PYTHONPATH=/home/locobot/Documents/kobuki/install/lib/python3.8/site-packages /usr/bin/cmake --install /home/locobot/Documents/kobuki/build/ament_cmake_auto
[1.124s] -- Install configuration: "RelWithDebInfo"
[1.124s] -- Up-to-date: /home/locobot/Documents/kobuki/install/share/ament_index/resource_index/package_run_dependencies/ament_cmake_auto
[1.124s] -- Up-to-date: /home/locobot/Documents/kobuki/install/share/ament_index/resource_index/parent_prefix_path/ament_cmake_auto
[1.124s] -- Up-to-date: /home/locobot/Documents/kobuki/install/share/ament_cmake_auto/environment/ament_prefix_path.sh
[1.124s] -- Installing: /home/locobot/Documents/kobuki/install/share/ament_cmake_auto/environment/ament_prefix_path.dsv
[1.125s] -- Up-to-date: /home/locobot/Documents/kobuki/install/share/ament_cmake_auto/environment/path.sh
[1.143s] -- Installing: /home/locobot/Documents/kobuki/install/share/ament_cmake_auto/environment/path.dsv
[1.143s] -- Up-to-date: /home/locobot/Documents/kobuki/install/share/ament_cmake_auto/local_setup.bash
[1.144s] -- Up-to-date: /home/locobot/Documents/kobuki/install/share/ament_cmake_auto/local_setup.sh
[1.144s] -- Up-to-date: /home/locobot/Documents/kobuki/install/share/ament_cmake_auto/local_setup.zsh
[1.144s] -- Installing: /home/locobot/Documents/kobuki/install/share/ament_cmake_auto/local_setup.dsv
[1.144s] -- Installing: /home/locobot/Documents/kobuki/install/share/ament_cmake_auto/package.dsv
[1.145s] -- Up-to-date: /home/locobot/Documents/kobuki/install/share/ament_index/resource_index/packages/ament_cmake_auto
[1.145s] -- Up-to-date: /home/locobot/Documents/kobuki/install/share/ament_cmake_auto/cmake/ament_cmake_auto-extras.cmake
[1.145s] -- Up-to-date: /home/locobot/Documents/kobuki/install/share/ament_cmake_auto/cmake/ament_cmake_autoConfig.cmake
[1.145s] -- Up-to-date: /home/locobot/Documents/kobuki/install/share/ament_cmake_auto/cmake/ament_cmake_autoConfig-version.cmake
[1.145s] -- Up-to-date: /home/locobot/Documents/kobuki/install/share/ament_cmake_auto/package.xml
[1.145s] -- Up-to-date: /home/locobot/Documents/kobuki/install/share/ament_cmake_auto/cmake
[1.145s] -- Up-to-date: /home/locobot/Documents/kobuki/install/share/ament_cmake_auto/cmake/ament_auto_add_executable.cmake
[1.145s] -- Up-to-date: /home/locobot/Documents/kobuki/install/share/ament_cmake_auto/cmake/ament_auto_add_library.cmake
[1.146s] -- Up-to-date: /home/locobot/Documents/kobuki/install/share/ament_cmake_auto/cmake/ament_auto_generate_code.cmake
[1.146s] -- Up-to-date: /home/locobot/Documents/kobuki/install/share/ament_cmake_auto/cmake/ament_auto_package.cmake
[1.146s] -- Up-to-date: /home/locobot/Documents/kobuki/install/share/ament_cmake_auto/cmake/ament_auto_find_build_dependencies.cmake
[1.172s] Invoked command in '/home/locobot/Documents/kobuki/build/ament_cmake_auto' returned '0': AMENT_PREFIX_PATH=/home/locobot/Documents/kobuki/install CMAKE_PREFIX_PATH=/home/locobot/Documents/kobuki/install LD_LIBRARY_PATH=/home/locobot/Documents/kobuki/install/lib PATH=/home/locobot/Documents/kobuki/install/bin:${PATH} PYTHONPATH=/home/locobot/Documents/kobuki/install/lib/python3.8/site-packages /usr/bin/cmake --install /home/locobot/Documents/kobuki/build/ament_cmake_auto
