[2.092s] Invoking command in '/home/locobot/Documents/kobuki/src/ament_lint/ament_pclint': AMENT_PREFIX_PATH=/home/locobot/Documents/kobuki/install CMAKE_PREFIX_PATH=/home/locobot/Documents/kobuki/install PATH=/home/locobot/Documents/kobuki/install/bin:${PATH} PYTHONPATH=/home/locobot/Documents/kobuki/build/ament_pclint/prefix_override:/home/locobot/.local/lib/python3.8/site-packages/colcon_core/task/python/colcon_distutils_commands:/home/locobot/Documents/kobuki/install/lib/python3.8/site-packages:/home/locobot/Documents/kobuki/install/lib/python3.8/site-packages /usr/bin/python3 -W ignore:setup.py install is deprecated -W ignore:easy_install command is deprecated setup.py egg_info --egg-base ../../../build/ament_pclint build --build-base /home/locobot/Documents/kobuki/build/ament_pclint/build install --record /home/locobot/Documents/kobuki/build/ament_pclint/install.log --single-version-externally-managed install_data
[2.647s] running egg_info
[2.647s] creating ../../../build/ament_pclint/ament_pclint.egg-info
[2.647s] writing ../../../build/ament_pclint/ament_pclint.egg-info/PKG-INFO
[2.647s] writing dependency_links to ../../../build/ament_pclint/ament_pclint.egg-info/dependency_links.txt
[2.648s] writing entry points to ../../../build/ament_pclint/ament_pclint.egg-info/entry_points.txt
[2.648s] writing requirements to ../../../build/ament_pclint/ament_pclint.egg-info/requires.txt
[2.648s] writing top-level names to ../../../build/ament_pclint/ament_pclint.egg-info/top_level.txt
[2.648s] writing manifest file '../../../build/ament_pclint/ament_pclint.egg-info/SOURCES.txt'
[2.727s] reading manifest file '../../../build/ament_pclint/ament_pclint.egg-info/SOURCES.txt'
[2.727s] writing manifest file '../../../build/ament_pclint/ament_pclint.egg-info/SOURCES.txt'
[2.730s] running build
[2.730s] running build_py
[2.730s] creating /home/locobot/Documents/kobuki/build/ament_pclint/build
[2.731s] creating /home/locobot/Documents/kobuki/build/ament_pclint/build/lib
[2.731s] creating /home/locobot/Documents/kobuki/build/ament_pclint/build/lib/ament_pclint
[2.731s] copying ament_pclint/__init__.py -> /home/locobot/Documents/kobuki/build/ament_pclint/build/lib/ament_pclint
[2.731s] copying ament_pclint/main.py -> /home/locobot/Documents/kobuki/build/ament_pclint/build/lib/ament_pclint
[2.731s] creating /home/locobot/Documents/kobuki/build/ament_pclint/build/lib/ament_pclint/config
[2.731s] creating /home/locobot/Documents/kobuki/build/ament_pclint/build/lib/ament_pclint/config/gcc
[2.732s] copying ament_pclint/config/gcc/co-g++.h -> /home/locobot/Documents/kobuki/build/ament_pclint/build/lib/ament_pclint/config/gcc
[2.732s] copying ament_pclint/config/gcc/co-g++.lnt -> /home/locobot/Documents/kobuki/build/ament_pclint/build/lib/ament_pclint/config/gcc
[2.732s] copying ament_pclint/config/gcc/co-gcc.h -> /home/locobot/Documents/kobuki/build/ament_pclint/build/lib/ament_pclint/config/gcc
[2.732s] copying ament_pclint/config/gcc/co-gcc.lnt -> /home/locobot/Documents/kobuki/build/ament_pclint/build/lib/ament_pclint/config/gcc
[2.732s] copying ament_pclint/config/gcc/co-osx-g++.h -> /home/locobot/Documents/kobuki/build/ament_pclint/build/lib/ament_pclint/config/gcc
[2.732s] copying ament_pclint/config/gcc/co-osx-g++.lnt -> /home/locobot/Documents/kobuki/build/ament_pclint/build/lib/ament_pclint/config/gcc
[2.732s] copying ament_pclint/config/gcc/co-osx-gcc.h -> /home/locobot/Documents/kobuki/build/ament_pclint/build/lib/ament_pclint/config/gcc
[2.733s] copying ament_pclint/config/gcc/co-osx-gcc.lnt -> /home/locobot/Documents/kobuki/build/ament_pclint/build/lib/ament_pclint/config/gcc
[2.733s] creating /home/locobot/Documents/kobuki/build/ament_pclint/build/lib/ament_pclint/config/msvc
[2.733s] copying ament_pclint/config/msvc/co-cl.lnt -> /home/locobot/Documents/kobuki/build/ament_pclint/build/lib/ament_pclint/config/msvc
[2.733s] copying ament_pclint/config/msvc/co-cl++.lnt -> /home/locobot/Documents/kobuki/build/ament_pclint/build/lib/ament_pclint/config/msvc
[2.733s] copying ament_pclint/config/msvc/co-cl.h -> /home/locobot/Documents/kobuki/build/ament_pclint/build/lib/ament_pclint/config/msvc
[2.733s] copying ament_pclint/config/au-misra3.lnt -> /home/locobot/Documents/kobuki/build/ament_pclint/build/lib/ament_pclint/config
[2.733s] copying ament_pclint/config/au-misra3-amd1.lnt -> /home/locobot/Documents/kobuki/build/ament_pclint/build/lib/ament_pclint/config
[2.733s] copying ament_pclint/config/au-misra-cpp.lnt -> /home/locobot/Documents/kobuki/build/ament_pclint/build/lib/ament_pclint/config
[2.734s] copying ament_pclint/config/c99.lnt -> /home/locobot/Documents/kobuki/build/ament_pclint/build/lib/ament_pclint/config
[2.734s] copying ament_pclint/config/c++.lnt -> /home/locobot/Documents/kobuki/build/ament_pclint/build/lib/ament_pclint/config
[2.740s] copying ament_pclint/config/deprecate.lnt -> /home/locobot/Documents/kobuki/build/ament_pclint/build/lib/ament_pclint/config
[2.741s] copying ament_pclint/config/env-xml.lnt -> /home/locobot/Documents/kobuki/build/ament_pclint/build/lib/ament_pclint/config
[2.741s] running install
[2.741s] running install_lib
[2.742s] creating /home/locobot/Documents/kobuki/install/lib/python3.8/site-packages/ament_pclint
[2.743s] copying /home/locobot/Documents/kobuki/build/ament_pclint/build/lib/ament_pclint/__init__.py -> /home/locobot/Documents/kobuki/install/lib/python3.8/site-packages/ament_pclint
[2.744s] creating /home/locobot/Documents/kobuki/install/lib/python3.8/site-packages/ament_pclint/config
[2.745s] copying /home/locobot/Documents/kobuki/build/ament_pclint/build/lib/ament_pclint/config/env-xml.lnt -> /home/locobot/Documents/kobuki/install/lib/python3.8/site-packages/ament_pclint/config
[2.745s] creating /home/locobot/Documents/kobuki/install/lib/python3.8/site-packages/ament_pclint/config/gcc
[2.745s] copying /home/locobot/Documents/kobuki/build/ament_pclint/build/lib/ament_pclint/config/gcc/co-osx-gcc.h -> /home/locobot/Documents/kobuki/install/lib/python3.8/site-packages/ament_pclint/config/gcc
[2.745s] copying /home/locobot/Documents/kobuki/build/ament_pclint/build/lib/ament_pclint/config/gcc/co-gcc.lnt -> /home/locobot/Documents/kobuki/install/lib/python3.8/site-packages/ament_pclint/config/gcc
[2.745s] copying /home/locobot/Documents/kobuki/build/ament_pclint/build/lib/ament_pclint/config/gcc/co-gcc.h -> /home/locobot/Documents/kobuki/install/lib/python3.8/site-packages/ament_pclint/config/gcc
[2.747s] copying /home/locobot/Documents/kobuki/build/ament_pclint/build/lib/ament_pclint/config/gcc/co-g++.h -> /home/locobot/Documents/kobuki/install/lib/python3.8/site-packages/ament_pclint/config/gcc
[2.748s] copying /home/locobot/Documents/kobuki/build/ament_pclint/build/lib/ament_pclint/config/gcc/co-osx-g++.lnt -> /home/locobot/Documents/kobuki/install/lib/python3.8/site-packages/ament_pclint/config/gcc
[2.748s] copying /home/locobot/Documents/kobuki/build/ament_pclint/build/lib/ament_pclint/config/gcc/co-osx-g++.h -> /home/locobot/Documents/kobuki/install/lib/python3.8/site-packages/ament_pclint/config/gcc
[2.748s] copying /home/locobot/Documents/kobuki/build/ament_pclint/build/lib/ament_pclint/config/gcc/co-g++.lnt -> /home/locobot/Documents/kobuki/install/lib/python3.8/site-packages/ament_pclint/config/gcc
[2.748s] copying /home/locobot/Documents/kobuki/build/ament_pclint/build/lib/ament_pclint/config/gcc/co-osx-gcc.lnt -> /home/locobot/Documents/kobuki/install/lib/python3.8/site-packages/ament_pclint/config/gcc
[2.748s] copying /home/locobot/Documents/kobuki/build/ament_pclint/build/lib/ament_pclint/config/c++.lnt -> /home/locobot/Documents/kobuki/install/lib/python3.8/site-packages/ament_pclint/config
[2.748s] copying /home/locobot/Documents/kobuki/build/ament_pclint/build/lib/ament_pclint/config/deprecate.lnt -> /home/locobot/Documents/kobuki/install/lib/python3.8/site-packages/ament_pclint/config
[2.748s] creating /home/locobot/Documents/kobuki/install/lib/python3.8/site-packages/ament_pclint/config/msvc
[2.748s] copying /home/locobot/Documents/kobuki/build/ament_pclint/build/lib/ament_pclint/config/msvc/co-cl.h -> /home/locobot/Documents/kobuki/install/lib/python3.8/site-packages/ament_pclint/config/msvc
[2.749s] copying /home/locobot/Documents/kobuki/build/ament_pclint/build/lib/ament_pclint/config/msvc/co-cl++.lnt -> /home/locobot/Documents/kobuki/install/lib/python3.8/site-packages/ament_pclint/config/msvc
[2.749s] copying /home/locobot/Documents/kobuki/build/ament_pclint/build/lib/ament_pclint/config/msvc/co-cl.lnt -> /home/locobot/Documents/kobuki/install/lib/python3.8/site-packages/ament_pclint/config/msvc
[2.749s] copying /home/locobot/Documents/kobuki/build/ament_pclint/build/lib/ament_pclint/config/c99.lnt -> /home/locobot/Documents/kobuki/install/lib/python3.8/site-packages/ament_pclint/config
[2.749s] copying /home/locobot/Documents/kobuki/build/ament_pclint/build/lib/ament_pclint/config/au-misra3.lnt -> /home/locobot/Documents/kobuki/install/lib/python3.8/site-packages/ament_pclint/config
[2.749s] copying /home/locobot/Documents/kobuki/build/ament_pclint/build/lib/ament_pclint/config/au-misra3-amd1.lnt -> /home/locobot/Documents/kobuki/install/lib/python3.8/site-packages/ament_pclint/config
[2.749s] copying /home/locobot/Documents/kobuki/build/ament_pclint/build/lib/ament_pclint/config/au-misra-cpp.lnt -> /home/locobot/Documents/kobuki/install/lib/python3.8/site-packages/ament_pclint/config
[2.749s] copying /home/locobot/Documents/kobuki/build/ament_pclint/build/lib/ament_pclint/main.py -> /home/locobot/Documents/kobuki/install/lib/python3.8/site-packages/ament_pclint
[2.749s] byte-compiling /home/locobot/Documents/kobuki/install/lib/python3.8/site-packages/ament_pclint/__init__.py to __init__.cpython-38.pyc
[2.750s] byte-compiling /home/locobot/Documents/kobuki/install/lib/python3.8/site-packages/ament_pclint/main.py to main.cpython-38.pyc
[2.754s] running install_data
[2.754s] copying package.xml -> /home/locobot/Documents/kobuki/install/share/ament_pclint
[2.755s] copying resource/ament_pclint -> /home/locobot/Documents/kobuki/install/share/ament_index/resource_index/packages
[2.755s] running install_egg_info
[2.755s] Copying ../../../build/ament_pclint/ament_pclint.egg-info to /home/locobot/Documents/kobuki/install/lib/python3.8/site-packages/ament_pclint-0.9.8-py3.8.egg-info
[2.760s] running install_scripts
[2.799s] Installing ament_pclint script to /home/locobot/Documents/kobuki/install/bin
[2.799s] writing list of installed files to '/home/locobot/Documents/kobuki/build/ament_pclint/install.log'
[2.847s] Invoked command in '/home/locobot/Documents/kobuki/src/ament_lint/ament_pclint' returned '0': AMENT_PREFIX_PATH=/home/locobot/Documents/kobuki/install CMAKE_PREFIX_PATH=/home/locobot/Documents/kobuki/install PATH=/home/locobot/Documents/kobuki/install/bin:${PATH} PYTHONPATH=/home/locobot/Documents/kobuki/build/ament_pclint/prefix_override:/home/locobot/.local/lib/python3.8/site-packages/colcon_core/task/python/colcon_distutils_commands:/home/locobot/Documents/kobuki/install/lib/python3.8/site-packages:/home/locobot/Documents/kobuki/install/lib/python3.8/site-packages /usr/bin/python3 -W ignore:setup.py install is deprecated -W ignore:easy_install command is deprecated setup.py egg_info --egg-base ../../../build/ament_pclint build --build-base /home/locobot/Documents/kobuki/build/ament_pclint/build install --record /home/locobot/Documents/kobuki/build/ament_pclint/install.log --single-version-externally-managed install_data
