[0.089s] Invoking command in '/home/locobot/Documents/kobuki/build/ament_cmake_pep257': AMENT_PREFIX_PATH=/home/locobot/Documents/kobuki/install CMAKE_PREFIX_PATH=/home/locobot/Documents/kobuki/install LD_LIBRARY_PATH=/home/locobot/Documents/kobuki/install/lib PATH=/home/locobot/Documents/kobuki/install/bin:${PATH} PYTHONPATH=/home/locobot/Documents/kobuki/install/lib/python3.8/site-packages /usr/bin/cmake /home/locobot/Documents/kobuki/src/ament_lint/ament_cmake_pep257 -DBUILD_TESTING=OFF -DCMAKE_BUILD_TYPE=RelWithDebInfo -DCMAKE_INSTALL_PREFIX=/home/locobot/Documents/kobuki/install
[0.111s] -- Found ament_cmake_core: 0.9.12 (/home/locobot/Documents/kobuki/install/share/ament_cmake_core/cmake)
[0.130s] -- Using PYTHON_EXECUTABLE: /usr/bin/python3
[0.429s] -- Found ament_cmake_test: 0.9.12 (/home/locobot/Documents/kobuki/install/share/ament_cmake_test/cmake)
[0.597s] -- Configuring done
[0.611s] -- Generating done
[0.611s] -- Build files have been written to: /home/locobot/Documents/kobuki/build/ament_cmake_pep257
[0.754s] Invoked command in '/home/locobot/Documents/kobuki/build/ament_cmake_pep257' returned '0': AMENT_PREFIX_PATH=/home/locobot/Documents/kobuki/install CMAKE_PREFIX_PATH=/home/locobot/Documents/kobuki/install LD_LIBRARY_PATH=/home/locobot/Documents/kobuki/install/lib PATH=/home/locobot/Documents/kobuki/install/bin:${PATH} PYTHONPATH=/home/locobot/Documents/kobuki/install/lib/python3.8/site-packages /usr/bin/cmake /home/locobot/Documents/kobuki/src/ament_lint/ament_cmake_pep257 -DBUILD_TESTING=OFF -DCMAKE_BUILD_TYPE=RelWithDebInfo -DCMAKE_INSTALL_PREFIX=/home/locobot/Documents/kobuki/install
[0.756s] Invoking command in '/home/locobot/Documents/kobuki/build/ament_cmake_pep257': AMENT_PREFIX_PATH=/home/locobot/Documents/kobuki/install CMAKE_PREFIX_PATH=/home/locobot/Documents/kobuki/install LD_LIBRARY_PATH=/home/locobot/Documents/kobuki/install/lib PATH=/home/locobot/Documents/kobuki/install/bin:${PATH} PYTHONPATH=/home/locobot/Documents/kobuki/install/lib/python3.8/site-packages /usr/bin/cmake --build /home/locobot/Documents/kobuki/build/ament_cmake_pep257 -- -j4 -l4
[0.844s] Invoked command in '/home/locobot/Documents/kobuki/build/ament_cmake_pep257' returned '0': AMENT_PREFIX_PATH=/home/locobot/Documents/kobuki/install CMAKE_PREFIX_PATH=/home/locobot/Documents/kobuki/install LD_LIBRARY_PATH=/home/locobot/Documents/kobuki/install/lib PATH=/home/locobot/Documents/kobuki/install/bin:${PATH} PYTHONPATH=/home/locobot/Documents/kobuki/install/lib/python3.8/site-packages /usr/bin/cmake --build /home/locobot/Documents/kobuki/build/ament_cmake_pep257 -- -j4 -l4
[0.861s] Invoking command in '/home/locobot/Documents/kobuki/build/ament_cmake_pep257': AMENT_PREFIX_PATH=/home/locobot/Documents/kobuki/install CMAKE_PREFIX_PATH=/home/locobot/Documents/kobuki/install LD_LIBRARY_PATH=/home/locobot/Documents/kobuki/install/lib PATH=/home/locobot/Documents/kobuki/install/bin:${PATH} PYTHONPATH=/home/locobot/Documents/kobuki/install/lib/python3.8/site-packages /usr/bin/cmake --install /home/locobot/Documents/kobuki/build/ament_cmake_pep257
[0.863s] -- Install configuration: "RelWithDebInfo"
[0.864s] -- Up-to-date: /home/locobot/Documents/kobuki/install/share/ament_index/resource_index/package_run_dependencies/ament_cmake_pep257
[0.864s] -- Up-to-date: /home/locobot/Documents/kobuki/install/share/ament_index/resource_index/parent_prefix_path/ament_cmake_pep257
[0.864s] -- Up-to-date: /home/locobot/Documents/kobuki/install/share/ament_cmake_pep257/environment/ament_prefix_path.sh
[0.865s] -- Installing: /home/locobot/Documents/kobuki/install/share/ament_cmake_pep257/environment/ament_prefix_path.dsv
[0.865s] -- Up-to-date: /home/locobot/Documents/kobuki/install/share/ament_cmake_pep257/environment/path.sh
[0.865s] -- Installing: /home/locobot/Documents/kobuki/install/share/ament_cmake_pep257/environment/path.dsv
[0.865s] -- Up-to-date: /home/locobot/Documents/kobuki/install/share/ament_cmake_pep257/local_setup.bash
[0.865s] -- Up-to-date: /home/locobot/Documents/kobuki/install/share/ament_cmake_pep257/local_setup.sh
[0.865s] -- Up-to-date: /home/locobot/Documents/kobuki/install/share/ament_cmake_pep257/local_setup.zsh
[0.865s] -- Installing: /home/locobot/Documents/kobuki/install/share/ament_cmake_pep257/local_setup.dsv
[0.866s] -- Installing: /home/locobot/Documents/kobuki/install/share/ament_cmake_pep257/package.dsv
[0.866s] -- Up-to-date: /home/locobot/Documents/kobuki/install/share/ament_index/resource_index/packages/ament_cmake_pep257
[0.866s] -- Up-to-date: /home/locobot/Documents/kobuki/install/share/ament_cmake_pep257/cmake/ament_cmake_pep257-extras.cmake
[0.866s] -- Up-to-date: /home/locobot/Documents/kobuki/install/share/ament_cmake_pep257/cmake/ament_cmake_pep257Config.cmake
[0.866s] -- Up-to-date: /home/locobot/Documents/kobuki/install/share/ament_cmake_pep257/cmake/ament_cmake_pep257Config-version.cmake
[0.884s] -- Up-to-date: /home/locobot/Documents/kobuki/install/share/ament_cmake_pep257/package.xml
[0.884s] -- Up-to-date: /home/locobot/Documents/kobuki/install/share/ament_cmake_pep257/cmake
[0.885s] -- Up-to-date: /home/locobot/Documents/kobuki/install/share/ament_cmake_pep257/cmake/ament_pep257.cmake
[0.885s] -- Up-to-date: /home/locobot/Documents/kobuki/install/share/ament_cmake_pep257/cmake/ament_cmake_pep257_lint_hook.cmake
[0.896s] Invoked command in '/home/locobot/Documents/kobuki/build/ament_cmake_pep257' returned '0': AMENT_PREFIX_PATH=/home/locobot/Documents/kobuki/install CMAKE_PREFIX_PATH=/home/locobot/Documents/kobuki/install LD_LIBRARY_PATH=/home/locobot/Documents/kobuki/install/lib PATH=/home/locobot/Documents/kobuki/install/bin:${PATH} PYTHONPATH=/home/locobot/Documents/kobuki/install/lib/python3.8/site-packages /usr/bin/cmake --install /home/locobot/Documents/kobuki/build/ament_cmake_pep257
