[0.140s] Invoking command in '/home/locobot/Documents/kobuki/build/ament_cmake_libraries': AMENT_PREFIX_PATH=/home/locobot/Documents/kobuki/install CMAKE_PREFIX_PATH=/home/locobot/Documents/kobuki/install PATH=/home/locobot/Documents/kobuki/install/bin:${PATH} PYTHONPATH=/home/locobot/Documents/kobuki/install/lib/python3.8/site-packages /usr/bin/cmake /home/locobot/Documents/kobuki/src/ament_cmake/ament_cmake_libraries -DBUILD_TESTING=OFF -DCMAKE_INSTALL_PREFIX=/home/locobot/Documents/kobuki/install
[0.195s] -- Found ament_cmake_core: 0.9.12 (/home/locobot/Documents/kobuki/install/share/ament_cmake_core/cmake)
[0.281s] -- Found PythonInterp: /usr/bin/python3 (found suitable version "3.8.10", minimum required is "3") 
[0.282s] -- Using PYTHON_EXECUTABLE: /usr/bin/python3
[0.724s] -- Configuring done
[0.744s] -- Generating done
[0.745s] -- Build files have been written to: /home/locobot/Documents/kobuki/build/ament_cmake_libraries
[0.748s] Invoked command in '/home/locobot/Documents/kobuki/build/ament_cmake_libraries' returned '0': AMENT_PREFIX_PATH=/home/locobot/Documents/kobuki/install CMAKE_PREFIX_PATH=/home/locobot/Documents/kobuki/install PATH=/home/locobot/Documents/kobuki/install/bin:${PATH} PYTHONPATH=/home/locobot/Documents/kobuki/install/lib/python3.8/site-packages /usr/bin/cmake /home/locobot/Documents/kobuki/src/ament_cmake/ament_cmake_libraries -DBUILD_TESTING=OFF -DCMAKE_INSTALL_PREFIX=/home/locobot/Documents/kobuki/install
[0.749s] Invoking command in '/home/locobot/Documents/kobuki/build/ament_cmake_libraries': AMENT_PREFIX_PATH=/home/locobot/Documents/kobuki/install CMAKE_PREFIX_PATH=/home/locobot/Documents/kobuki/install PATH=/home/locobot/Documents/kobuki/install/bin:${PATH} PYTHONPATH=/home/locobot/Documents/kobuki/install/lib/python3.8/site-packages /usr/bin/cmake --build /home/locobot/Documents/kobuki/build/ament_cmake_libraries -- -j4 -l4
[0.836s] Invoked command in '/home/locobot/Documents/kobuki/build/ament_cmake_libraries' returned '0': AMENT_PREFIX_PATH=/home/locobot/Documents/kobuki/install CMAKE_PREFIX_PATH=/home/locobot/Documents/kobuki/install PATH=/home/locobot/Documents/kobuki/install/bin:${PATH} PYTHONPATH=/home/locobot/Documents/kobuki/install/lib/python3.8/site-packages /usr/bin/cmake --build /home/locobot/Documents/kobuki/build/ament_cmake_libraries -- -j4 -l4
[0.837s] Invoking command in '/home/locobot/Documents/kobuki/build/ament_cmake_libraries': AMENT_PREFIX_PATH=/home/locobot/Documents/kobuki/install CMAKE_PREFIX_PATH=/home/locobot/Documents/kobuki/install PATH=/home/locobot/Documents/kobuki/install/bin:${PATH} PYTHONPATH=/home/locobot/Documents/kobuki/install/lib/python3.8/site-packages /usr/bin/cmake --install /home/locobot/Documents/kobuki/build/ament_cmake_libraries
[0.858s] -- Install configuration: ""
[0.859s] -- Installing: /home/locobot/Documents/kobuki/install/share/ament_index/resource_index/package_run_dependencies/ament_cmake_libraries
[0.859s] -- Installing: /home/locobot/Documents/kobuki/install/share/ament_index/resource_index/parent_prefix_path/ament_cmake_libraries
[0.859s] -- Installing: /home/locobot/Documents/kobuki/install/share/ament_cmake_libraries/environment/ament_prefix_path.sh
[0.859s] -- Installing: /home/locobot/Documents/kobuki/install/share/ament_cmake_libraries/environment/ament_prefix_path.dsv
[0.860s] -- Installing: /home/locobot/Documents/kobuki/install/share/ament_cmake_libraries/environment/path.sh
[0.860s] -- Installing: /home/locobot/Documents/kobuki/install/share/ament_cmake_libraries/environment/path.dsv
[0.860s] -- Installing: /home/locobot/Documents/kobuki/install/share/ament_cmake_libraries/local_setup.bash
[0.860s] -- Installing: /home/locobot/Documents/kobuki/install/share/ament_cmake_libraries/local_setup.sh
[0.860s] -- Installing: /home/locobot/Documents/kobuki/install/share/ament_cmake_libraries/local_setup.zsh
[0.861s] -- Installing: /home/locobot/Documents/kobuki/install/share/ament_cmake_libraries/local_setup.dsv
[0.861s] -- Installing: /home/locobot/Documents/kobuki/install/share/ament_cmake_libraries/package.dsv
[0.861s] -- Installing: /home/locobot/Documents/kobuki/install/share/ament_index/resource_index/packages/ament_cmake_libraries
[0.862s] -- Installing: /home/locobot/Documents/kobuki/install/share/ament_cmake_libraries/cmake/ament_cmake_libraries-extras.cmake
[0.862s] -- Installing: /home/locobot/Documents/kobuki/install/share/ament_cmake_libraries/cmake/ament_cmake_librariesConfig.cmake
[0.862s] -- Installing: /home/locobot/Documents/kobuki/install/share/ament_cmake_libraries/cmake/ament_cmake_librariesConfig-version.cmake
[0.862s] -- Installing: /home/locobot/Documents/kobuki/install/share/ament_cmake_libraries/package.xml
[0.863s] -- Up-to-date: /home/locobot/Documents/kobuki/install/share/ament_cmake_libraries/cmake
[0.863s] -- Installing: /home/locobot/Documents/kobuki/install/share/ament_cmake_libraries/cmake/ament_libraries_pack_build_configuration.cmake
[0.863s] -- Installing: /home/locobot/Documents/kobuki/install/share/ament_cmake_libraries/cmake/ament_libraries_unpack_build_configuration.cmake
[0.863s] -- Installing: /home/locobot/Documents/kobuki/install/share/ament_cmake_libraries/cmake/ament_libraries_deduplicate.cmake
[0.881s] Invoked command in '/home/locobot/Documents/kobuki/build/ament_cmake_libraries' returned '0': AMENT_PREFIX_PATH=/home/locobot/Documents/kobuki/install CMAKE_PREFIX_PATH=/home/locobot/Documents/kobuki/install PATH=/home/locobot/Documents/kobuki/install/bin:${PATH} PYTHONPATH=/home/locobot/Documents/kobuki/install/lib/python3.8/site-packages /usr/bin/cmake --install /home/locobot/Documents/kobuki/build/ament_cmake_libraries
