[1.099s] Invoking command in '/home/locobot/Documents/kobuki/build/ecl_type_traits': AMENT_PREFIX_PATH=/home/locobot/Documents/kobuki/install CMAKE_PREFIX_PATH=/home/locobot/Documents/kobuki/install LD_LIBRARY_PATH=/home/locobot/Documents/kobuki/install/lib PATH=/home/locobot/Documents/kobuki/install/bin:${PATH} PYTHONPATH=/home/locobot/Documents/kobuki/install/lib/python3.8/site-packages /usr/bin/cmake /home/locobot/Documents/kobuki/src/ecl_core/ecl_type_traits -DBUILD_TESTING=OFF -DCMAKE_BUILD_TYPE=RelWithDebInfo -DCMAKE_INSTALL_PREFIX=/home/locobot/Documents/kobuki/install
[1.163s] -- Found ament_cmake_ros: 0.9.2 (/home/locobot/Documents/kobuki/install/share/ament_cmake_ros/cmake)
[1.229s] -- Using PYTHON_EXECUTABLE: /usr/bin/python3
[1.576s] -- Found ecl_build: 1.0.3 (/home/locobot/Documents/kobuki/install/share/ecl_build/cmake)
[1.591s] -- Found ecl_config: 1.1.0 (/home/locobot/Documents/kobuki/install/share/ecl_config/cmake)
[1.604s] -- Found ecl_mpl: 1.2.1 (/home/locobot/Documents/kobuki/install/share/ecl_mpl/cmake)
[1.861s] -- Configuring done
[1.892s] -- Generating done
[1.899s] -- Build files have been written to: /home/locobot/Documents/kobuki/build/ecl_type_traits
[1.915s] Invoked command in '/home/locobot/Documents/kobuki/build/ecl_type_traits' returned '0': AMENT_PREFIX_PATH=/home/locobot/Documents/kobuki/install CMAKE_PREFIX_PATH=/home/locobot/Documents/kobuki/install LD_LIBRARY_PATH=/home/locobot/Documents/kobuki/install/lib PATH=/home/locobot/Documents/kobuki/install/bin:${PATH} PYTHONPATH=/home/locobot/Documents/kobuki/install/lib/python3.8/site-packages /usr/bin/cmake /home/locobot/Documents/kobuki/src/ecl_core/ecl_type_traits -DBUILD_TESTING=OFF -DCMAKE_BUILD_TYPE=RelWithDebInfo -DCMAKE_INSTALL_PREFIX=/home/locobot/Documents/kobuki/install
[1.916s] Invoking command in '/home/locobot/Documents/kobuki/build/ecl_type_traits': AMENT_PREFIX_PATH=/home/locobot/Documents/kobuki/install CMAKE_PREFIX_PATH=/home/locobot/Documents/kobuki/install LD_LIBRARY_PATH=/home/locobot/Documents/kobuki/install/lib PATH=/home/locobot/Documents/kobuki/install/bin:${PATH} PYTHONPATH=/home/locobot/Documents/kobuki/install/lib/python3.8/site-packages /usr/bin/cmake --build /home/locobot/Documents/kobuki/build/ecl_type_traits -- -j4 -l4
[2.083s] [ 25%] [32mBuilding CXX object src/lib/CMakeFiles/ecl_type_traits.dir/numeric_limits.cpp.o[0m
[2.157s] [ 50%] [32m[1mLinking CXX shared library libecl_type_traits.so[0m
[2.246s] [ 50%] Built target ecl_type_traits
[2.306s] [ 75%] [32mBuilding CXX object src/utils/CMakeFiles/ecl_detect_sizes.dir/detect_sizes.cpp.o[0m
[3.634s] [100%] [32m[1mLinking CXX executable bin/ecl_detect_sizes[0m
[3.794s] [100%] Built target ecl_detect_sizes
[3.820s] Invoked command in '/home/locobot/Documents/kobuki/build/ecl_type_traits' returned '0': AMENT_PREFIX_PATH=/home/locobot/Documents/kobuki/install CMAKE_PREFIX_PATH=/home/locobot/Documents/kobuki/install LD_LIBRARY_PATH=/home/locobot/Documents/kobuki/install/lib PATH=/home/locobot/Documents/kobuki/install/bin:${PATH} PYTHONPATH=/home/locobot/Documents/kobuki/install/lib/python3.8/site-packages /usr/bin/cmake --build /home/locobot/Documents/kobuki/build/ecl_type_traits -- -j4 -l4
[3.821s] Invoking command in '/home/locobot/Documents/kobuki/build/ecl_type_traits': AMENT_PREFIX_PATH=/home/locobot/Documents/kobuki/install CMAKE_PREFIX_PATH=/home/locobot/Documents/kobuki/install LD_LIBRARY_PATH=/home/locobot/Documents/kobuki/install/lib PATH=/home/locobot/Documents/kobuki/install/bin:${PATH} PYTHONPATH=/home/locobot/Documents/kobuki/install/lib/python3.8/site-packages /usr/bin/cmake --install /home/locobot/Documents/kobuki/build/ecl_type_traits
[3.835s] -- Install configuration: "RelWithDebInfo"
[3.848s] -- Up-to-date: /home/locobot/Documents/kobuki/install/share/ecl_type_traits/environment/library_path.sh
[3.848s] -- Installing: /home/locobot/Documents/kobuki/install/share/ecl_type_traits/environment/library_path.dsv
[3.849s] -- Up-to-date: /home/locobot/Documents/kobuki/install/share/ament_index/resource_index/package_run_dependencies/ecl_type_traits
[3.849s] -- Up-to-date: /home/locobot/Documents/kobuki/install/share/ament_index/resource_index/parent_prefix_path/ecl_type_traits
[3.849s] -- Up-to-date: /home/locobot/Documents/kobuki/install/share/ecl_type_traits/environment/ament_prefix_path.sh
[3.849s] -- Installing: /home/locobot/Documents/kobuki/install/share/ecl_type_traits/environment/ament_prefix_path.dsv
[3.852s] -- Up-to-date: /home/locobot/Documents/kobuki/install/share/ecl_type_traits/environment/path.sh
[3.852s] -- Installing: /home/locobot/Documents/kobuki/install/share/ecl_type_traits/environment/path.dsv
[3.852s] -- Up-to-date: /home/locobot/Documents/kobuki/install/share/ecl_type_traits/local_setup.bash
[3.852s] -- Up-to-date: /home/locobot/Documents/kobuki/install/share/ecl_type_traits/local_setup.sh
[3.853s] -- Up-to-date: /home/locobot/Documents/kobuki/install/share/ecl_type_traits/local_setup.zsh
[3.853s] -- Installing: /home/locobot/Documents/kobuki/install/share/ecl_type_traits/local_setup.dsv
[3.853s] -- Installing: /home/locobot/Documents/kobuki/install/share/ecl_type_traits/package.dsv
[3.853s] -- Up-to-date: /home/locobot/Documents/kobuki/install/share/ament_index/resource_index/packages/ecl_type_traits
[3.853s] -- Up-to-date: /home/locobot/Documents/kobuki/install/share/ecl_type_traits/cmake/ecl_type_traitsExport.cmake
[3.853s] -- Installing: /home/locobot/Documents/kobuki/install/share/ecl_type_traits/cmake/ecl_type_traitsExport-relwithdebinfo.cmake
[3.853s] -- Up-to-date: /home/locobot/Documents/kobuki/install/share/ecl_type_traits/cmake/ament_cmake_export_targets-extras.cmake
[3.853s] -- Up-to-date: /home/locobot/Documents/kobuki/install/share/ecl_type_traits/cmake/ament_cmake_export_include_directories-extras.cmake
[3.854s] -- Up-to-date: /home/locobot/Documents/kobuki/install/share/ecl_type_traits/cmake/ament_cmake_export_libraries-extras.cmake
[3.854s] -- Up-to-date: /home/locobot/Documents/kobuki/install/share/ecl_type_traits/cmake/ament_cmake_export_dependencies-extras.cmake
[3.854s] -- Up-to-date: /home/locobot/Documents/kobuki/install/share/ecl_type_traits/cmake/ecl_type_traitsConfig.cmake
[3.854s] -- Up-to-date: /home/locobot/Documents/kobuki/install/share/ecl_type_traits/cmake/ecl_type_traitsConfig-version.cmake
[3.854s] -- Up-to-date: /home/locobot/Documents/kobuki/install/share/ecl_type_traits/package.xml
[3.854s] -- Up-to-date: /home/locobot/Documents/kobuki/install/include/ecl/type_traits.hpp
[3.854s] -- Up-to-date: /home/locobot/Documents/kobuki/install/include/ecl/type_traits/fundamental_types.hpp
[3.855s] -- Up-to-date: /home/locobot/Documents/kobuki/install/include/ecl/type_traits/macros.hpp
[3.855s] -- Up-to-date: /home/locobot/Documents/kobuki/install/include/ecl/type_traits/numeric_limits.hpp
[3.855s] -- Up-to-date: /home/locobot/Documents/kobuki/install/include/ecl/type_traits/traits.hpp
[3.865s] -- Installing: /home/locobot/Documents/kobuki/install/lib/libecl_type_traits.so.1.2.1
[3.866s] -- Up-to-date: /home/locobot/Documents/kobuki/install/lib/libecl_type_traits.so
[3.868s] -- Installing: /home/locobot/Documents/kobuki/install/bin/ecl_detect_sizes
[3.879s] -- Set runtime path of "/home/locobot/Documents/kobuki/install/bin/ecl_detect_sizes" to ""
[3.893s] Invoked command in '/home/locobot/Documents/kobuki/build/ecl_type_traits' returned '0': AMENT_PREFIX_PATH=/home/locobot/Documents/kobuki/install CMAKE_PREFIX_PATH=/home/locobot/Documents/kobuki/install LD_LIBRARY_PATH=/home/locobot/Documents/kobuki/install/lib PATH=/home/locobot/Documents/kobuki/install/bin:${PATH} PYTHONPATH=/home/locobot/Documents/kobuki/install/lib/python3.8/site-packages /usr/bin/cmake --install /home/locobot/Documents/kobuki/build/ecl_type_traits
