[0.125s] Invoking command in '/home/locobot/Documents/kobuki/build/ecl_license': AMENT_PREFIX_PATH=/home/locobot/Documents/kobuki/install CMAKE_PREFIX_PATH=/home/locobot/Documents/kobuki/install LD_LIBRARY_PATH=/home/locobot/Documents/kobuki/install/lib PATH=/home/locobot/Documents/kobuki/install/bin:${PATH} PYTHONPATH=/home/locobot/Documents/kobuki/install/lib/python3.8/site-packages /usr/bin/cmake /home/locobot/Documents/kobuki/src/ecl_tools/ecl_license -DBUILD_TESTING=OFF -DCMAKE_BUILD_TYPE=RelWithDebInfo -DCMAKE_INSTALL_PREFIX=/home/locobot/Documents/kobuki/install
[0.150s] -- Found ament_cmake: 0.9.12 (/home/locobot/Documents/kobuki/install/share/ament_cmake/cmake)
[0.171s] -- Using PYTHON_EXECUTABLE: /usr/bin/python3
[0.538s] -- Configuring done
[0.539s] -- Generating done
[0.539s] -- Build files have been written to: /home/locobot/Documents/kobuki/build/ecl_license
[0.629s] Invoked command in '/home/locobot/Documents/kobuki/build/ecl_license' returned '0': AMENT_PREFIX_PATH=/home/locobot/Documents/kobuki/install CMAKE_PREFIX_PATH=/home/locobot/Documents/kobuki/install LD_LIBRARY_PATH=/home/locobot/Documents/kobuki/install/lib PATH=/home/locobot/Documents/kobuki/install/bin:${PATH} PYTHONPATH=/home/locobot/Documents/kobuki/install/lib/python3.8/site-packages /usr/bin/cmake /home/locobot/Documents/kobuki/src/ecl_tools/ecl_license -DBUILD_TESTING=OFF -DCMAKE_BUILD_TYPE=RelWithDebInfo -DCMAKE_INSTALL_PREFIX=/home/locobot/Documents/kobuki/install
[0.634s] Invoking command in '/home/locobot/Documents/kobuki/build/ecl_license': AMENT_PREFIX_PATH=/home/locobot/Documents/kobuki/install CMAKE_PREFIX_PATH=/home/locobot/Documents/kobuki/install LD_LIBRARY_PATH=/home/locobot/Documents/kobuki/install/lib PATH=/home/locobot/Documents/kobuki/install/bin:${PATH} PYTHONPATH=/home/locobot/Documents/kobuki/install/lib/python3.8/site-packages /usr/bin/cmake --build /home/locobot/Documents/kobuki/build/ecl_license -- -j4 -l4
[0.726s] Invoked command in '/home/locobot/Documents/kobuki/build/ecl_license' returned '0': AMENT_PREFIX_PATH=/home/locobot/Documents/kobuki/install CMAKE_PREFIX_PATH=/home/locobot/Documents/kobuki/install LD_LIBRARY_PATH=/home/locobot/Documents/kobuki/install/lib PATH=/home/locobot/Documents/kobuki/install/bin:${PATH} PYTHONPATH=/home/locobot/Documents/kobuki/install/lib/python3.8/site-packages /usr/bin/cmake --build /home/locobot/Documents/kobuki/build/ecl_license -- -j4 -l4
[0.728s] Invoking command in '/home/locobot/Documents/kobuki/build/ecl_license': AMENT_PREFIX_PATH=/home/locobot/Documents/kobuki/install CMAKE_PREFIX_PATH=/home/locobot/Documents/kobuki/install LD_LIBRARY_PATH=/home/locobot/Documents/kobuki/install/lib PATH=/home/locobot/Documents/kobuki/install/bin:${PATH} PYTHONPATH=/home/locobot/Documents/kobuki/install/lib/python3.8/site-packages /usr/bin/cmake --install /home/locobot/Documents/kobuki/build/ecl_license
[0.762s] -- Install configuration: "RelWithDebInfo"
[0.762s] -- Up-to-date: /home/locobot/Documents/kobuki/install/share/licenses
[0.763s] -- Up-to-date: /home/locobot/Documents/kobuki/install/share/licenses/AUTHORS
[0.763s] -- Up-to-date: /home/locobot/Documents/kobuki/install/share/licenses/COPYING-PLAIN
[0.763s] -- Up-to-date: /home/locobot/Documents/kobuki/install/share/licenses/COPYING
[0.763s] -- Up-to-date: /home/locobot/Documents/kobuki/install/share/ecl_license/environment/library_path.sh
[0.763s] -- Installing: /home/locobot/Documents/kobuki/install/share/ecl_license/environment/library_path.dsv
[0.763s] -- Up-to-date: /home/locobot/Documents/kobuki/install/share/ament_index/resource_index/package_run_dependencies/ecl_license
[0.763s] -- Up-to-date: /home/locobot/Documents/kobuki/install/share/ament_index/resource_index/parent_prefix_path/ecl_license
[0.763s] -- Up-to-date: /home/locobot/Documents/kobuki/install/share/ecl_license/environment/ament_prefix_path.sh
[0.764s] -- Installing: /home/locobot/Documents/kobuki/install/share/ecl_license/environment/ament_prefix_path.dsv
[0.764s] -- Up-to-date: /home/locobot/Documents/kobuki/install/share/ecl_license/environment/path.sh
[0.764s] -- Installing: /home/locobot/Documents/kobuki/install/share/ecl_license/environment/path.dsv
[0.764s] -- Up-to-date: /home/locobot/Documents/kobuki/install/share/ecl_license/local_setup.bash
[0.764s] -- Up-to-date: /home/locobot/Documents/kobuki/install/share/ecl_license/local_setup.sh
[0.764s] -- Up-to-date: /home/locobot/Documents/kobuki/install/share/ecl_license/local_setup.zsh
[0.764s] -- Installing: /home/locobot/Documents/kobuki/install/share/ecl_license/local_setup.dsv
[0.764s] -- Installing: /home/locobot/Documents/kobuki/install/share/ecl_license/package.dsv
[0.764s] -- Up-to-date: /home/locobot/Documents/kobuki/install/share/ament_index/resource_index/packages/ecl_license
[0.765s] -- Up-to-date: /home/locobot/Documents/kobuki/install/share/ecl_license/cmake/ament_cmake_export_libraries-extras.cmake
[0.765s] -- Up-to-date: /home/locobot/Documents/kobuki/install/share/ecl_license/cmake/ecl_licenseConfig.cmake
[0.765s] -- Up-to-date: /home/locobot/Documents/kobuki/install/share/ecl_license/cmake/ecl_licenseConfig-version.cmake
[0.765s] -- Up-to-date: /home/locobot/Documents/kobuki/install/share/ecl_license/package.xml
[0.773s] Invoked command in '/home/locobot/Documents/kobuki/build/ecl_license' returned '0': AMENT_PREFIX_PATH=/home/locobot/Documents/kobuki/install CMAKE_PREFIX_PATH=/home/locobot/Documents/kobuki/install LD_LIBRARY_PATH=/home/locobot/Documents/kobuki/install/lib PATH=/home/locobot/Documents/kobuki/install/bin:${PATH} PYTHONPATH=/home/locobot/Documents/kobuki/install/lib/python3.8/site-packages /usr/bin/cmake --install /home/locobot/Documents/kobuki/build/ecl_license
