Re-run cmake no build system arguments
-- Found ament_cmake_ros: 0.9.2 (/home/locobot/Documents/kobuki/install/share/ament_cmake_ros/cmake)
-- Using PYTHON_EXECUTABLE: /usr/bin/python3
-- Found ecl_build: 1.0.3 (/home/locobot/Documents/kobuki/install/share/ecl_build/cmake)
-- Found ecl_config: 1.1.0 (/home/locobot/Documents/kobuki/install/share/ecl_config/cmake)
-- Found ecl_linear_algebra: 1.2.1 (/home/locobot/Documents/kobuki/install/share/ecl_linear_algebra/cmake)
-- Found ecl_command_line: 1.2.1 (/home/locobot/Documents/kobuki/install/share/ecl_command_line/cmake)
-- Found ecl_containers: 1.2.1 (/home/locobot/Documents/kobuki/install/share/ecl_containers/cmake)
-- Found ecl_devices: 1.2.1 (/home/locobot/Documents/kobuki/install/share/ecl_devices/cmake)
-- Found ecl_geometry: 1.2.1 (/home/locobot/Documents/kobuki/install/share/ecl_geometry/cmake)
-- Found ecl_ipc: 1.2.1 (/home/locobot/Documents/kobuki/install/share/ecl_ipc/cmake)
-- Found ecl_sigslots: 1.2.1 (/home/locobot/Documents/kobuki/install/share/ecl_sigslots/cmake)
-- Found ecl_streams: 1.2.1 (/home/locobot/Documents/kobuki/install/share/ecl_streams/cmake)
-- Configuring done
-- Generating done
-- Build files have been written to: /home/locobot/Documents/kobuki/build/ecl_core_apps
/usr/bin/cmake -S/home/locobot/Documents/kobuki/src/ecl_core/ecl_core_apps -B/home/locobot/Documents/kobuki/build/ecl_core_apps --check-build-system CMakeFiles/Makefile.cmake 0
/usr/bin/cmake -E cmake_progress_start /home/locobot/Documents/kobuki/build/ecl_core_apps/CMakeFiles /home/locobot/Documents/kobuki/build/ecl_core_apps/CMakeFiles/progress.marks
/usr/bin/make -f CMakeFiles/Makefile2 all
make[1]: Entering directory '/home/locobot/Documents/kobuki/build/ecl_core_apps'
/usr/bin/make -f src/benchmarks/CMakeFiles/ecl_bench_snooze.dir/build.make src/benchmarks/CMakeFiles/ecl_bench_snooze.dir/depend
make[2]: Entering directory '/home/locobot/Documents/kobuki/build/ecl_core_apps'
cd /home/locobot/Documents/kobuki/build/ecl_core_apps && /usr/bin/cmake -E cmake_depends "Unix Makefiles" /home/locobot/Documents/kobuki/src/ecl_core/ecl_core_apps /home/locobot/Documents/kobuki/src/ecl_core/ecl_core_apps/src/benchmarks /home/locobot/Documents/kobuki/build/ecl_core_apps /home/locobot/Documents/kobuki/build/ecl_core_apps/src/benchmarks /home/locobot/Documents/kobuki/build/ecl_core_apps/src/benchmarks/CMakeFiles/ecl_bench_snooze.dir/DependInfo.cmake --color=
make[2]: Leaving directory '/home/locobot/Documents/kobuki/build/ecl_core_apps'
/usr/bin/make -f src/benchmarks/CMakeFiles/ecl_bench_snooze.dir/build.make src/benchmarks/CMakeFiles/ecl_bench_snooze.dir/build
make[2]: Entering directory '/home/locobot/Documents/kobuki/build/ecl_core_apps'
make[2]: Nothing to be done for 'src/benchmarks/CMakeFiles/ecl_bench_snooze.dir/build'.
make[2]: Leaving directory '/home/locobot/Documents/kobuki/build/ecl_core_apps'
[  5%] Built target ecl_bench_snooze
/usr/bin/make -f src/benchmarks/CMakeFiles/ecl_bench_exceptions.dir/build.make src/benchmarks/CMakeFiles/ecl_bench_exceptions.dir/depend
make[2]: Entering directory '/home/locobot/Documents/kobuki/build/ecl_core_apps'
cd /home/locobot/Documents/kobuki/build/ecl_core_apps && /usr/bin/cmake -E cmake_depends "Unix Makefiles" /home/locobot/Documents/kobuki/src/ecl_core/ecl_core_apps /home/locobot/Documents/kobuki/src/ecl_core/ecl_core_apps/src/benchmarks /home/locobot/Documents/kobuki/build/ecl_core_apps /home/locobot/Documents/kobuki/build/ecl_core_apps/src/benchmarks /home/locobot/Documents/kobuki/build/ecl_core_apps/src/benchmarks/CMakeFiles/ecl_bench_exceptions.dir/DependInfo.cmake --color=
make[2]: Leaving directory '/home/locobot/Documents/kobuki/build/ecl_core_apps'
/usr/bin/make -f src/benchmarks/CMakeFiles/ecl_bench_exceptions.dir/build.make src/benchmarks/CMakeFiles/ecl_bench_exceptions.dir/build
make[2]: Entering directory '/home/locobot/Documents/kobuki/build/ecl_core_apps'
make[2]: Nothing to be done for 'src/benchmarks/CMakeFiles/ecl_bench_exceptions.dir/build'.
make[2]: Leaving directory '/home/locobot/Documents/kobuki/build/ecl_core_apps'
[ 11%] Built target ecl_bench_exceptions
/usr/bin/make -f src/benchmarks/CMakeFiles/ecl_bench_streams.dir/build.make src/benchmarks/CMakeFiles/ecl_bench_streams.dir/depend
make[2]: Entering directory '/home/locobot/Documents/kobuki/build/ecl_core_apps'
cd /home/locobot/Documents/kobuki/build/ecl_core_apps && /usr/bin/cmake -E cmake_depends "Unix Makefiles" /home/locobot/Documents/kobuki/src/ecl_core/ecl_core_apps /home/locobot/Documents/kobuki/src/ecl_core/ecl_core_apps/src/benchmarks /home/locobot/Documents/kobuki/build/ecl_core_apps /home/locobot/Documents/kobuki/build/ecl_core_apps/src/benchmarks /home/locobot/Documents/kobuki/build/ecl_core_apps/src/benchmarks/CMakeFiles/ecl_bench_streams.dir/DependInfo.cmake --color=
make[2]: Leaving directory '/home/locobot/Documents/kobuki/build/ecl_core_apps'
/usr/bin/make -f src/benchmarks/CMakeFiles/ecl_bench_streams.dir/build.make src/benchmarks/CMakeFiles/ecl_bench_streams.dir/build
make[2]: Entering directory '/home/locobot/Documents/kobuki/build/ecl_core_apps'
make[2]: Nothing to be done for 'src/benchmarks/CMakeFiles/ecl_bench_streams.dir/build'.
make[2]: Leaving directory '/home/locobot/Documents/kobuki/build/ecl_core_apps'
[ 17%] Built target ecl_bench_streams
/usr/bin/make -f src/benchmarks/CMakeFiles/ecl_bench_eigen3_transforms.dir/build.make src/benchmarks/CMakeFiles/ecl_bench_eigen3_transforms.dir/depend
make[2]: Entering directory '/home/locobot/Documents/kobuki/build/ecl_core_apps'
cd /home/locobot/Documents/kobuki/build/ecl_core_apps && /usr/bin/cmake -E cmake_depends "Unix Makefiles" /home/locobot/Documents/kobuki/src/ecl_core/ecl_core_apps /home/locobot/Documents/kobuki/src/ecl_core/ecl_core_apps/src/benchmarks /home/locobot/Documents/kobuki/build/ecl_core_apps /home/locobot/Documents/kobuki/build/ecl_core_apps/src/benchmarks /home/locobot/Documents/kobuki/build/ecl_core_apps/src/benchmarks/CMakeFiles/ecl_bench_eigen3_transforms.dir/DependInfo.cmake --color=
make[2]: Leaving directory '/home/locobot/Documents/kobuki/build/ecl_core_apps'
/usr/bin/make -f src/benchmarks/CMakeFiles/ecl_bench_eigen3_transforms.dir/build.make src/benchmarks/CMakeFiles/ecl_bench_eigen3_transforms.dir/build
make[2]: Entering directory '/home/locobot/Documents/kobuki/build/ecl_core_apps'
make[2]: Nothing to be done for 'src/benchmarks/CMakeFiles/ecl_bench_eigen3_transforms.dir/build'.
make[2]: Leaving directory '/home/locobot/Documents/kobuki/build/ecl_core_apps'
[ 23%] Built target ecl_bench_eigen3_transforms
/usr/bin/make -f src/benchmarks/CMakeFiles/ecl_bench_eigen3_inverse.dir/build.make src/benchmarks/CMakeFiles/ecl_bench_eigen3_inverse.dir/depend
make[2]: Entering directory '/home/locobot/Documents/kobuki/build/ecl_core_apps'
cd /home/locobot/Documents/kobuki/build/ecl_core_apps && /usr/bin/cmake -E cmake_depends "Unix Makefiles" /home/locobot/Documents/kobuki/src/ecl_core/ecl_core_apps /home/locobot/Documents/kobuki/src/ecl_core/ecl_core_apps/src/benchmarks /home/locobot/Documents/kobuki/build/ecl_core_apps /home/locobot/Documents/kobuki/build/ecl_core_apps/src/benchmarks /home/locobot/Documents/kobuki/build/ecl_core_apps/src/benchmarks/CMakeFiles/ecl_bench_eigen3_inverse.dir/DependInfo.cmake --color=
make[2]: Leaving directory '/home/locobot/Documents/kobuki/build/ecl_core_apps'
/usr/bin/make -f src/benchmarks/CMakeFiles/ecl_bench_eigen3_inverse.dir/build.make src/benchmarks/CMakeFiles/ecl_bench_eigen3_inverse.dir/build
make[2]: Entering directory '/home/locobot/Documents/kobuki/build/ecl_core_apps'
make[2]: Nothing to be done for 'src/benchmarks/CMakeFiles/ecl_bench_eigen3_inverse.dir/build'.
make[2]: Leaving directory '/home/locobot/Documents/kobuki/build/ecl_core_apps'
[ 29%] Built target ecl_bench_eigen3_inverse
/usr/bin/make -f src/benchmarks/CMakeFiles/ecl_bench_eigen3_decompositions.dir/build.make src/benchmarks/CMakeFiles/ecl_bench_eigen3_decompositions.dir/depend
make[2]: Entering directory '/home/locobot/Documents/kobuki/build/ecl_core_apps'
cd /home/locobot/Documents/kobuki/build/ecl_core_apps && /usr/bin/cmake -E cmake_depends "Unix Makefiles" /home/locobot/Documents/kobuki/src/ecl_core/ecl_core_apps /home/locobot/Documents/kobuki/src/ecl_core/ecl_core_apps/src/benchmarks /home/locobot/Documents/kobuki/build/ecl_core_apps /home/locobot/Documents/kobuki/build/ecl_core_apps/src/benchmarks /home/locobot/Documents/kobuki/build/ecl_core_apps/src/benchmarks/CMakeFiles/ecl_bench_eigen3_decompositions.dir/DependInfo.cmake --color=
make[2]: Leaving directory '/home/locobot/Documents/kobuki/build/ecl_core_apps'
/usr/bin/make -f src/benchmarks/CMakeFiles/ecl_bench_eigen3_decompositions.dir/build.make src/benchmarks/CMakeFiles/ecl_bench_eigen3_decompositions.dir/build
make[2]: Entering directory '/home/locobot/Documents/kobuki/build/ecl_core_apps'
make[2]: Nothing to be done for 'src/benchmarks/CMakeFiles/ecl_bench_eigen3_decompositions.dir/build'.
make[2]: Leaving directory '/home/locobot/Documents/kobuki/build/ecl_core_apps'
[ 35%] Built target ecl_bench_eigen3_decompositions
/usr/bin/make -f src/benchmarks/CMakeFiles/ecl_bench_containers.dir/build.make src/benchmarks/CMakeFiles/ecl_bench_containers.dir/depend
make[2]: Entering directory '/home/locobot/Documents/kobuki/build/ecl_core_apps'
cd /home/locobot/Documents/kobuki/build/ecl_core_apps && /usr/bin/cmake -E cmake_depends "Unix Makefiles" /home/locobot/Documents/kobuki/src/ecl_core/ecl_core_apps /home/locobot/Documents/kobuki/src/ecl_core/ecl_core_apps/src/benchmarks /home/locobot/Documents/kobuki/build/ecl_core_apps /home/locobot/Documents/kobuki/build/ecl_core_apps/src/benchmarks /home/locobot/Documents/kobuki/build/ecl_core_apps/src/benchmarks/CMakeFiles/ecl_bench_containers.dir/DependInfo.cmake --color=
make[2]: Leaving directory '/home/locobot/Documents/kobuki/build/ecl_core_apps'
/usr/bin/make -f src/benchmarks/CMakeFiles/ecl_bench_containers.dir/build.make src/benchmarks/CMakeFiles/ecl_bench_containers.dir/build
make[2]: Entering directory '/home/locobot/Documents/kobuki/build/ecl_core_apps'
make[2]: Nothing to be done for 'src/benchmarks/CMakeFiles/ecl_bench_containers.dir/build'.
make[2]: Leaving directory '/home/locobot/Documents/kobuki/build/ecl_core_apps'
[ 41%] Built target ecl_bench_containers
/usr/bin/make -f src/benchmarks/CMakeFiles/ecl_bench_flops.dir/build.make src/benchmarks/CMakeFiles/ecl_bench_flops.dir/depend
make[2]: Entering directory '/home/locobot/Documents/kobuki/build/ecl_core_apps'
cd /home/locobot/Documents/kobuki/build/ecl_core_apps && /usr/bin/cmake -E cmake_depends "Unix Makefiles" /home/locobot/Documents/kobuki/src/ecl_core/ecl_core_apps /home/locobot/Documents/kobuki/src/ecl_core/ecl_core_apps/src/benchmarks /home/locobot/Documents/kobuki/build/ecl_core_apps /home/locobot/Documents/kobuki/build/ecl_core_apps/src/benchmarks /home/locobot/Documents/kobuki/build/ecl_core_apps/src/benchmarks/CMakeFiles/ecl_bench_flops.dir/DependInfo.cmake --color=
make[2]: Leaving directory '/home/locobot/Documents/kobuki/build/ecl_core_apps'
/usr/bin/make -f src/benchmarks/CMakeFiles/ecl_bench_flops.dir/build.make src/benchmarks/CMakeFiles/ecl_bench_flops.dir/build
make[2]: Entering directory '/home/locobot/Documents/kobuki/build/ecl_core_apps'
make[2]: Nothing to be done for 'src/benchmarks/CMakeFiles/ecl_bench_flops.dir/build'.
make[2]: Leaving directory '/home/locobot/Documents/kobuki/build/ecl_core_apps'
[ 47%] Built target ecl_bench_flops
/usr/bin/make -f src/utils/CMakeFiles/ecl_hex.dir/build.make src/utils/CMakeFiles/ecl_hex.dir/depend
make[2]: Entering directory '/home/locobot/Documents/kobuki/build/ecl_core_apps'
cd /home/locobot/Documents/kobuki/build/ecl_core_apps && /usr/bin/cmake -E cmake_depends "Unix Makefiles" /home/locobot/Documents/kobuki/src/ecl_core/ecl_core_apps /home/locobot/Documents/kobuki/src/ecl_core/ecl_core_apps/src/utils /home/locobot/Documents/kobuki/build/ecl_core_apps /home/locobot/Documents/kobuki/build/ecl_core_apps/src/utils /home/locobot/Documents/kobuki/build/ecl_core_apps/src/utils/CMakeFiles/ecl_hex.dir/DependInfo.cmake --color=
make[2]: Leaving directory '/home/locobot/Documents/kobuki/build/ecl_core_apps'
/usr/bin/make -f src/utils/CMakeFiles/ecl_hex.dir/build.make src/utils/CMakeFiles/ecl_hex.dir/build
make[2]: Entering directory '/home/locobot/Documents/kobuki/build/ecl_core_apps'
make[2]: Nothing to be done for 'src/utils/CMakeFiles/ecl_hex.dir/build'.
make[2]: Leaving directory '/home/locobot/Documents/kobuki/build/ecl_core_apps'
[ 52%] Built target ecl_hex
/usr/bin/make -f src/utils/CMakeFiles/ecl_socket_server.dir/build.make src/utils/CMakeFiles/ecl_socket_server.dir/depend
make[2]: Entering directory '/home/locobot/Documents/kobuki/build/ecl_core_apps'
cd /home/locobot/Documents/kobuki/build/ecl_core_apps && /usr/bin/cmake -E cmake_depends "Unix Makefiles" /home/locobot/Documents/kobuki/src/ecl_core/ecl_core_apps /home/locobot/Documents/kobuki/src/ecl_core/ecl_core_apps/src/utils /home/locobot/Documents/kobuki/build/ecl_core_apps /home/locobot/Documents/kobuki/build/ecl_core_apps/src/utils /home/locobot/Documents/kobuki/build/ecl_core_apps/src/utils/CMakeFiles/ecl_socket_server.dir/DependInfo.cmake --color=
make[2]: Leaving directory '/home/locobot/Documents/kobuki/build/ecl_core_apps'
/usr/bin/make -f src/utils/CMakeFiles/ecl_socket_server.dir/build.make src/utils/CMakeFiles/ecl_socket_server.dir/build
make[2]: Entering directory '/home/locobot/Documents/kobuki/build/ecl_core_apps'
make[2]: Nothing to be done for 'src/utils/CMakeFiles/ecl_socket_server.dir/build'.
make[2]: Leaving directory '/home/locobot/Documents/kobuki/build/ecl_core_apps'
[ 58%] Built target ecl_socket_server
/usr/bin/make -f src/utils/CMakeFiles/ecl_serial.dir/build.make src/utils/CMakeFiles/ecl_serial.dir/depend
make[2]: Entering directory '/home/locobot/Documents/kobuki/build/ecl_core_apps'
cd /home/locobot/Documents/kobuki/build/ecl_core_apps && /usr/bin/cmake -E cmake_depends "Unix Makefiles" /home/locobot/Documents/kobuki/src/ecl_core/ecl_core_apps /home/locobot/Documents/kobuki/src/ecl_core/ecl_core_apps/src/utils /home/locobot/Documents/kobuki/build/ecl_core_apps /home/locobot/Documents/kobuki/build/ecl_core_apps/src/utils /home/locobot/Documents/kobuki/build/ecl_core_apps/src/utils/CMakeFiles/ecl_serial.dir/DependInfo.cmake --color=
make[2]: Leaving directory '/home/locobot/Documents/kobuki/build/ecl_core_apps'
/usr/bin/make -f src/utils/CMakeFiles/ecl_serial.dir/build.make src/utils/CMakeFiles/ecl_serial.dir/build
make[2]: Entering directory '/home/locobot/Documents/kobuki/build/ecl_core_apps'
make[2]: Nothing to be done for 'src/utils/CMakeFiles/ecl_serial.dir/build'.
make[2]: Leaving directory '/home/locobot/Documents/kobuki/build/ecl_core_apps'
[ 64%] Built target ecl_serial
/usr/bin/make -f src/utils/CMakeFiles/ecl_process_statistics.dir/build.make src/utils/CMakeFiles/ecl_process_statistics.dir/depend
make[2]: Entering directory '/home/locobot/Documents/kobuki/build/ecl_core_apps'
cd /home/locobot/Documents/kobuki/build/ecl_core_apps && /usr/bin/cmake -E cmake_depends "Unix Makefiles" /home/locobot/Documents/kobuki/src/ecl_core/ecl_core_apps /home/locobot/Documents/kobuki/src/ecl_core/ecl_core_apps/src/utils /home/locobot/Documents/kobuki/build/ecl_core_apps /home/locobot/Documents/kobuki/build/ecl_core_apps/src/utils /home/locobot/Documents/kobuki/build/ecl_core_apps/src/utils/CMakeFiles/ecl_process_statistics.dir/DependInfo.cmake --color=
make[2]: Leaving directory '/home/locobot/Documents/kobuki/build/ecl_core_apps'
/usr/bin/make -f src/utils/CMakeFiles/ecl_process_statistics.dir/build.make src/utils/CMakeFiles/ecl_process_statistics.dir/build
make[2]: Entering directory '/home/locobot/Documents/kobuki/build/ecl_core_apps'
make[2]: Nothing to be done for 'src/utils/CMakeFiles/ecl_process_statistics.dir/build'.
make[2]: Leaving directory '/home/locobot/Documents/kobuki/build/ecl_core_apps'
[ 70%] Built target ecl_process_statistics
/usr/bin/make -f src/utils/CMakeFiles/ecl_quaternion2yaw.dir/build.make src/utils/CMakeFiles/ecl_quaternion2yaw.dir/depend
make[2]: Entering directory '/home/locobot/Documents/kobuki/build/ecl_core_apps'
cd /home/locobot/Documents/kobuki/build/ecl_core_apps && /usr/bin/cmake -E cmake_depends "Unix Makefiles" /home/locobot/Documents/kobuki/src/ecl_core/ecl_core_apps /home/locobot/Documents/kobuki/src/ecl_core/ecl_core_apps/src/utils /home/locobot/Documents/kobuki/build/ecl_core_apps /home/locobot/Documents/kobuki/build/ecl_core_apps/src/utils /home/locobot/Documents/kobuki/build/ecl_core_apps/src/utils/CMakeFiles/ecl_quaternion2yaw.dir/DependInfo.cmake --color=
make[2]: Leaving directory '/home/locobot/Documents/kobuki/build/ecl_core_apps'
/usr/bin/make -f src/utils/CMakeFiles/ecl_quaternion2yaw.dir/build.make src/utils/CMakeFiles/ecl_quaternion2yaw.dir/build
make[2]: Entering directory '/home/locobot/Documents/kobuki/build/ecl_core_apps'
make[2]: Nothing to be done for 'src/utils/CMakeFiles/ecl_quaternion2yaw.dir/build'.
make[2]: Leaving directory '/home/locobot/Documents/kobuki/build/ecl_core_apps'
[ 76%] Built target ecl_quaternion2yaw
/usr/bin/make -f src/utils/CMakeFiles/ecl_yaw2quaternion.dir/build.make src/utils/CMakeFiles/ecl_yaw2quaternion.dir/depend
make[2]: Entering directory '/home/locobot/Documents/kobuki/build/ecl_core_apps'
cd /home/locobot/Documents/kobuki/build/ecl_core_apps && /usr/bin/cmake -E cmake_depends "Unix Makefiles" /home/locobot/Documents/kobuki/src/ecl_core/ecl_core_apps /home/locobot/Documents/kobuki/src/ecl_core/ecl_core_apps/src/utils /home/locobot/Documents/kobuki/build/ecl_core_apps /home/locobot/Documents/kobuki/build/ecl_core_apps/src/utils /home/locobot/Documents/kobuki/build/ecl_core_apps/src/utils/CMakeFiles/ecl_yaw2quaternion.dir/DependInfo.cmake --color=
make[2]: Leaving directory '/home/locobot/Documents/kobuki/build/ecl_core_apps'
/usr/bin/make -f src/utils/CMakeFiles/ecl_yaw2quaternion.dir/build.make src/utils/CMakeFiles/ecl_yaw2quaternion.dir/build
make[2]: Entering directory '/home/locobot/Documents/kobuki/build/ecl_core_apps'
make[2]: Nothing to be done for 'src/utils/CMakeFiles/ecl_yaw2quaternion.dir/build'.
make[2]: Leaving directory '/home/locobot/Documents/kobuki/build/ecl_core_apps'
[ 82%] Built target ecl_yaw2quaternion
/usr/bin/make -f src/utils/CMakeFiles/ecl_socket_client.dir/build.make src/utils/CMakeFiles/ecl_socket_client.dir/depend
make[2]: Entering directory '/home/locobot/Documents/kobuki/build/ecl_core_apps'
cd /home/locobot/Documents/kobuki/build/ecl_core_apps && /usr/bin/cmake -E cmake_depends "Unix Makefiles" /home/locobot/Documents/kobuki/src/ecl_core/ecl_core_apps /home/locobot/Documents/kobuki/src/ecl_core/ecl_core_apps/src/utils /home/locobot/Documents/kobuki/build/ecl_core_apps /home/locobot/Documents/kobuki/build/ecl_core_apps/src/utils /home/locobot/Documents/kobuki/build/ecl_core_apps/src/utils/CMakeFiles/ecl_socket_client.dir/DependInfo.cmake --color=
make[2]: Leaving directory '/home/locobot/Documents/kobuki/build/ecl_core_apps'
/usr/bin/make -f src/utils/CMakeFiles/ecl_socket_client.dir/build.make src/utils/CMakeFiles/ecl_socket_client.dir/build
make[2]: Entering directory '/home/locobot/Documents/kobuki/build/ecl_core_apps'
make[2]: Nothing to be done for 'src/utils/CMakeFiles/ecl_socket_client.dir/build'.
make[2]: Leaving directory '/home/locobot/Documents/kobuki/build/ecl_core_apps'
[ 88%] Built target ecl_socket_client
/usr/bin/make -f src/benchmarks/CMakeFiles/ecl_bench_files.dir/build.make src/benchmarks/CMakeFiles/ecl_bench_files.dir/depend
make[2]: Entering directory '/home/locobot/Documents/kobuki/build/ecl_core_apps'
cd /home/locobot/Documents/kobuki/build/ecl_core_apps && /usr/bin/cmake -E cmake_depends "Unix Makefiles" /home/locobot/Documents/kobuki/src/ecl_core/ecl_core_apps /home/locobot/Documents/kobuki/src/ecl_core/ecl_core_apps/src/benchmarks /home/locobot/Documents/kobuki/build/ecl_core_apps /home/locobot/Documents/kobuki/build/ecl_core_apps/src/benchmarks /home/locobot/Documents/kobuki/build/ecl_core_apps/src/benchmarks/CMakeFiles/ecl_bench_files.dir/DependInfo.cmake --color=
make[2]: Leaving directory '/home/locobot/Documents/kobuki/build/ecl_core_apps'
/usr/bin/make -f src/benchmarks/CMakeFiles/ecl_bench_files.dir/build.make src/benchmarks/CMakeFiles/ecl_bench_files.dir/build
make[2]: Entering directory '/home/locobot/Documents/kobuki/build/ecl_core_apps'
make[2]: Nothing to be done for 'src/benchmarks/CMakeFiles/ecl_bench_files.dir/build'.
make[2]: Leaving directory '/home/locobot/Documents/kobuki/build/ecl_core_apps'
[ 94%] Built target ecl_bench_files
/usr/bin/make -f src/benchmarks/CMakeFiles/ecl_bench_string_conversions.dir/build.make src/benchmarks/CMakeFiles/ecl_bench_string_conversions.dir/depend
make[2]: Entering directory '/home/locobot/Documents/kobuki/build/ecl_core_apps'
cd /home/locobot/Documents/kobuki/build/ecl_core_apps && /usr/bin/cmake -E cmake_depends "Unix Makefiles" /home/locobot/Documents/kobuki/src/ecl_core/ecl_core_apps /home/locobot/Documents/kobuki/src/ecl_core/ecl_core_apps/src/benchmarks /home/locobot/Documents/kobuki/build/ecl_core_apps /home/locobot/Documents/kobuki/build/ecl_core_apps/src/benchmarks /home/locobot/Documents/kobuki/build/ecl_core_apps/src/benchmarks/CMakeFiles/ecl_bench_string_conversions.dir/DependInfo.cmake --color=
make[2]: Leaving directory '/home/locobot/Documents/kobuki/build/ecl_core_apps'
/usr/bin/make -f src/benchmarks/CMakeFiles/ecl_bench_string_conversions.dir/build.make src/benchmarks/CMakeFiles/ecl_bench_string_conversions.dir/build
make[2]: Entering directory '/home/locobot/Documents/kobuki/build/ecl_core_apps'
make[2]: Nothing to be done for 'src/benchmarks/CMakeFiles/ecl_bench_string_conversions.dir/build'.
make[2]: Leaving directory '/home/locobot/Documents/kobuki/build/ecl_core_apps'
[100%] Built target ecl_bench_string_conversions
make[1]: Leaving directory '/home/locobot/Documents/kobuki/build/ecl_core_apps'
/usr/bin/cmake -E cmake_progress_start /home/locobot/Documents/kobuki/build/ecl_core_apps/CMakeFiles 0
-- Install configuration: ""
-- Up-to-date: /home/locobot/Documents/kobuki/install/share/ament_index/resource_index/package_run_dependencies/ecl_core_apps
-- Up-to-date: /home/locobot/Documents/kobuki/install/share/ament_index/resource_index/parent_prefix_path/ecl_core_apps
-- Up-to-date: /home/locobot/Documents/kobuki/install/share/ecl_core_apps/environment/ament_prefix_path.sh
-- Installing: /home/locobot/Documents/kobuki/install/share/ecl_core_apps/environment/ament_prefix_path.dsv
-- Up-to-date: /home/locobot/Documents/kobuki/install/share/ecl_core_apps/environment/path.sh
-- Installing: /home/locobot/Documents/kobuki/install/share/ecl_core_apps/environment/path.dsv
-- Up-to-date: /home/locobot/Documents/kobuki/install/share/ecl_core_apps/local_setup.bash
-- Up-to-date: /home/locobot/Documents/kobuki/install/share/ecl_core_apps/local_setup.sh
-- Up-to-date: /home/locobot/Documents/kobuki/install/share/ecl_core_apps/local_setup.zsh
-- Installing: /home/locobot/Documents/kobuki/install/share/ecl_core_apps/local_setup.dsv
-- Installing: /home/locobot/Documents/kobuki/install/share/ecl_core_apps/package.dsv
-- Up-to-date: /home/locobot/Documents/kobuki/install/share/ament_index/resource_index/packages/ecl_core_apps
-- Up-to-date: /home/locobot/Documents/kobuki/install/share/ecl_core_apps/cmake/ecl_core_appsConfig.cmake
-- Up-to-date: /home/locobot/Documents/kobuki/install/share/ecl_core_apps/cmake/ecl_core_appsConfig-version.cmake
-- Up-to-date: /home/locobot/Documents/kobuki/install/share/ecl_core_apps/package.xml
-- Up-to-date: /home/locobot/Documents/kobuki/install/bin/ecl_bench_containers
-- Up-to-date: /home/locobot/Documents/kobuki/install/bin/ecl_bench_files
-- Up-to-date: /home/locobot/Documents/kobuki/install/bin/ecl_bench_flops
-- Up-to-date: /home/locobot/Documents/kobuki/install/bin/ecl_bench_exceptions
-- Up-to-date: /home/locobot/Documents/kobuki/install/bin/ecl_bench_snooze
-- Up-to-date: /home/locobot/Documents/kobuki/install/bin/ecl_bench_streams
-- Up-to-date: /home/locobot/Documents/kobuki/install/bin/ecl_bench_string_conversions
-- Up-to-date: /home/locobot/Documents/kobuki/install/bin/ecl_bench_eigen3_inverse
-- Up-to-date: /home/locobot/Documents/kobuki/install/bin/ecl_bench_eigen3_decompositions
-- Up-to-date: /home/locobot/Documents/kobuki/install/bin/ecl_bench_eigen3_transforms
-- Up-to-date: /home/locobot/Documents/kobuki/install/lib/ecl_core_apps/ecl_hex
-- Up-to-date: /home/locobot/Documents/kobuki/install/lib/ecl_core_apps/ecl_serial
-- Up-to-date: /home/locobot/Documents/kobuki/install/lib/ecl_core_apps/ecl_socket_client
-- Up-to-date: /home/locobot/Documents/kobuki/install/lib/ecl_core_apps/ecl_socket_server
-- Up-to-date: /home/locobot/Documents/kobuki/install/bin/ecl_process_statistics
-- Up-to-date: /home/locobot/Documents/kobuki/install/bin/ecl_quaternion2yaw
-- Up-to-date: /home/locobot/Documents/kobuki/install/bin/ecl_yaw2quaternion
