[0.628s] Invoking command in '/home/locobot/Documents/kobuki/build/ecl_core_apps': AMENT_PREFIX_PATH=/home/locobot/Documents/kobuki/install CMAKE_PREFIX_PATH=/home/locobot/Documents/kobuki/install LD_LIBRARY_PATH=/home/locobot/Documents/kobuki/install/lib PATH=/home/locobot/Documents/kobuki/install/bin:${PATH} PKG_CONFIG_PATH=/home/locobot/Documents/kobuki/install/lib/x86_64-linux-gnu/pkgconfig:/home/locobot/Documents/kobuki/install/lib/pkgconfig PYTHONPATH=/home/locobot/Documents/kobuki/install/lib/python3.8/site-packages /usr/bin/cmake /home/locobot/Documents/kobuki/src/ecl_core/ecl_core_apps -DBUILD_TESTING=OFF -DCMAKE_INSTALL_PREFIX=/home/locobot/Documents/kobuki/install
[0.667s] Re-run cmake no build system arguments
[0.667s] -- Found ament_cmake_ros: 0.9.2 (/home/locobot/Documents/kobuki/install/share/ament_cmake_ros/cmake)
[0.692s] -- Using PYTHON_EXECUTABLE: /usr/bin/python3
[0.929s] -- Found ecl_build: 1.0.3 (/home/locobot/Documents/kobuki/install/share/ecl_build/cmake)
[0.940s] -- Found ecl_config: 1.1.0 (/home/locobot/Documents/kobuki/install/share/ecl_config/cmake)
[0.944s] -- Found ecl_linear_algebra: 1.2.1 (/home/locobot/Documents/kobuki/install/share/ecl_linear_algebra/cmake)
[1.010s] -- Found ecl_command_line: 1.2.1 (/home/locobot/Documents/kobuki/install/share/ecl_command_line/cmake)
[1.014s] -- Found ecl_containers: 1.2.1 (/home/locobot/Documents/kobuki/install/share/ecl_containers/cmake)
[1.031s] -- Found ecl_devices: 1.2.1 (/home/locobot/Documents/kobuki/install/share/ecl_devices/cmake)
[1.076s] -- Found ecl_geometry: 1.2.1 (/home/locobot/Documents/kobuki/install/share/ecl_geometry/cmake)
[1.089s] -- Found ecl_ipc: 1.2.1 (/home/locobot/Documents/kobuki/install/share/ecl_ipc/cmake)
[1.112s] -- Found ecl_sigslots: 1.2.1 (/home/locobot/Documents/kobuki/install/share/ecl_sigslots/cmake)
[1.115s] -- Found ecl_streams: 1.2.1 (/home/locobot/Documents/kobuki/install/share/ecl_streams/cmake)
[1.278s] -- Configuring done
[1.354s] -- Generating done
[1.399s] -- Build files have been written to: /home/locobot/Documents/kobuki/build/ecl_core_apps
[1.410s] Invoked command in '/home/locobot/Documents/kobuki/build/ecl_core_apps' returned '0': AMENT_PREFIX_PATH=/home/locobot/Documents/kobuki/install CMAKE_PREFIX_PATH=/home/locobot/Documents/kobuki/install LD_LIBRARY_PATH=/home/locobot/Documents/kobuki/install/lib PATH=/home/locobot/Documents/kobuki/install/bin:${PATH} PKG_CONFIG_PATH=/home/locobot/Documents/kobuki/install/lib/x86_64-linux-gnu/pkgconfig:/home/locobot/Documents/kobuki/install/lib/pkgconfig PYTHONPATH=/home/locobot/Documents/kobuki/install/lib/python3.8/site-packages /usr/bin/cmake /home/locobot/Documents/kobuki/src/ecl_core/ecl_core_apps -DBUILD_TESTING=OFF -DCMAKE_INSTALL_PREFIX=/home/locobot/Documents/kobuki/install
[1.411s] Invoking command in '/home/locobot/Documents/kobuki/build/ecl_core_apps': AMENT_PREFIX_PATH=/home/locobot/Documents/kobuki/install CMAKE_PREFIX_PATH=/home/locobot/Documents/kobuki/install LD_LIBRARY_PATH=/home/locobot/Documents/kobuki/install/lib PATH=/home/locobot/Documents/kobuki/install/bin:${PATH} PKG_CONFIG_PATH=/home/locobot/Documents/kobuki/install/lib/x86_64-linux-gnu/pkgconfig:/home/locobot/Documents/kobuki/install/lib/pkgconfig PYTHONPATH=/home/locobot/Documents/kobuki/install/lib/python3.8/site-packages /usr/bin/cmake --build /home/locobot/Documents/kobuki/build/ecl_core_apps -- -j4 -l4
[1.460s] /usr/bin/cmake -S/home/locobot/Documents/kobuki/src/ecl_core/ecl_core_apps -B/home/locobot/Documents/kobuki/build/ecl_core_apps --check-build-system CMakeFiles/Makefile.cmake 0
[1.464s] /usr/bin/cmake -E cmake_progress_start /home/locobot/Documents/kobuki/build/ecl_core_apps/CMakeFiles /home/locobot/Documents/kobuki/build/ecl_core_apps/CMakeFiles/progress.marks
[1.478s] /usr/bin/make -f CMakeFiles/Makefile2 all
[1.485s] make[1]: Entering directory '/home/locobot/Documents/kobuki/build/ecl_core_apps'
[1.486s] /usr/bin/make -f src/benchmarks/CMakeFiles/ecl_bench_snooze.dir/build.make src/benchmarks/CMakeFiles/ecl_bench_snooze.dir/depend
[1.487s] make[2]: Entering directory '/home/locobot/Documents/kobuki/build/ecl_core_apps'
[1.487s] cd /home/locobot/Documents/kobuki/build/ecl_core_apps && /usr/bin/cmake -E cmake_depends "Unix Makefiles" /home/locobot/Documents/kobuki/src/ecl_core/ecl_core_apps /home/locobot/Documents/kobuki/src/ecl_core/ecl_core_apps/src/benchmarks /home/locobot/Documents/kobuki/build/ecl_core_apps /home/locobot/Documents/kobuki/build/ecl_core_apps/src/benchmarks /home/locobot/Documents/kobuki/build/ecl_core_apps/src/benchmarks/CMakeFiles/ecl_bench_snooze.dir/DependInfo.cmake --color=
[1.500s] make[2]: Leaving directory '/home/locobot/Documents/kobuki/build/ecl_core_apps'
[1.501s] /usr/bin/make -f src/benchmarks/CMakeFiles/ecl_bench_snooze.dir/build.make src/benchmarks/CMakeFiles/ecl_bench_snooze.dir/build
[1.502s] make[2]: Entering directory '/home/locobot/Documents/kobuki/build/ecl_core_apps'
[1.502s] make[2]: Nothing to be done for 'src/benchmarks/CMakeFiles/ecl_bench_snooze.dir/build'.
[1.503s] make[2]: Leaving directory '/home/locobot/Documents/kobuki/build/ecl_core_apps'
[1.511s] [  5%] Built target ecl_bench_snooze
[1.511s] /usr/bin/make -f src/benchmarks/CMakeFiles/ecl_bench_exceptions.dir/build.make src/benchmarks/CMakeFiles/ecl_bench_exceptions.dir/depend
[1.514s] make[2]: Entering directory '/home/locobot/Documents/kobuki/build/ecl_core_apps'
[1.515s] cd /home/locobot/Documents/kobuki/build/ecl_core_apps && /usr/bin/cmake -E cmake_depends "Unix Makefiles" /home/locobot/Documents/kobuki/src/ecl_core/ecl_core_apps /home/locobot/Documents/kobuki/src/ecl_core/ecl_core_apps/src/benchmarks /home/locobot/Documents/kobuki/build/ecl_core_apps /home/locobot/Documents/kobuki/build/ecl_core_apps/src/benchmarks /home/locobot/Documents/kobuki/build/ecl_core_apps/src/benchmarks/CMakeFiles/ecl_bench_exceptions.dir/DependInfo.cmake --color=
[1.540s] make[2]: Leaving directory '/home/locobot/Documents/kobuki/build/ecl_core_apps'
[1.541s] /usr/bin/make -f src/benchmarks/CMakeFiles/ecl_bench_exceptions.dir/build.make src/benchmarks/CMakeFiles/ecl_bench_exceptions.dir/build
[1.542s] make[2]: Entering directory '/home/locobot/Documents/kobuki/build/ecl_core_apps'
[1.543s] make[2]: Nothing to be done for 'src/benchmarks/CMakeFiles/ecl_bench_exceptions.dir/build'.
[1.543s] make[2]: Leaving directory '/home/locobot/Documents/kobuki/build/ecl_core_apps'
[1.544s] [ 11%] Built target ecl_bench_exceptions
[1.545s] /usr/bin/make -f src/benchmarks/CMakeFiles/ecl_bench_streams.dir/build.make src/benchmarks/CMakeFiles/ecl_bench_streams.dir/depend
[1.559s] make[2]: Entering directory '/home/locobot/Documents/kobuki/build/ecl_core_apps'
[1.560s] cd /home/locobot/Documents/kobuki/build/ecl_core_apps && /usr/bin/cmake -E cmake_depends "Unix Makefiles" /home/locobot/Documents/kobuki/src/ecl_core/ecl_core_apps /home/locobot/Documents/kobuki/src/ecl_core/ecl_core_apps/src/benchmarks /home/locobot/Documents/kobuki/build/ecl_core_apps /home/locobot/Documents/kobuki/build/ecl_core_apps/src/benchmarks /home/locobot/Documents/kobuki/build/ecl_core_apps/src/benchmarks/CMakeFiles/ecl_bench_streams.dir/DependInfo.cmake --color=
[1.560s] make[2]: Leaving directory '/home/locobot/Documents/kobuki/build/ecl_core_apps'
[1.560s] /usr/bin/make -f src/benchmarks/CMakeFiles/ecl_bench_streams.dir/build.make src/benchmarks/CMakeFiles/ecl_bench_streams.dir/build
[1.563s] make[2]: Entering directory '/home/locobot/Documents/kobuki/build/ecl_core_apps'
[1.563s] make[2]: Nothing to be done for 'src/benchmarks/CMakeFiles/ecl_bench_streams.dir/build'.
[1.564s] make[2]: Leaving directory '/home/locobot/Documents/kobuki/build/ecl_core_apps'
[1.574s] [ 17%] Built target ecl_bench_streams
[1.575s] /usr/bin/make -f src/benchmarks/CMakeFiles/ecl_bench_eigen3_transforms.dir/build.make src/benchmarks/CMakeFiles/ecl_bench_eigen3_transforms.dir/depend
[1.581s] make[2]: Entering directory '/home/locobot/Documents/kobuki/build/ecl_core_apps'
[1.581s] cd /home/locobot/Documents/kobuki/build/ecl_core_apps && /usr/bin/cmake -E cmake_depends "Unix Makefiles" /home/locobot/Documents/kobuki/src/ecl_core/ecl_core_apps /home/locobot/Documents/kobuki/src/ecl_core/ecl_core_apps/src/benchmarks /home/locobot/Documents/kobuki/build/ecl_core_apps /home/locobot/Documents/kobuki/build/ecl_core_apps/src/benchmarks /home/locobot/Documents/kobuki/build/ecl_core_apps/src/benchmarks/CMakeFiles/ecl_bench_eigen3_transforms.dir/DependInfo.cmake --color=
[1.613s] make[2]: Leaving directory '/home/locobot/Documents/kobuki/build/ecl_core_apps'
[1.614s] /usr/bin/make -f src/benchmarks/CMakeFiles/ecl_bench_eigen3_transforms.dir/build.make src/benchmarks/CMakeFiles/ecl_bench_eigen3_transforms.dir/build
[1.624s] make[2]: Entering directory '/home/locobot/Documents/kobuki/build/ecl_core_apps'
[1.624s] make[2]: Nothing to be done for 'src/benchmarks/CMakeFiles/ecl_bench_eigen3_transforms.dir/build'.
[1.625s] make[2]: Leaving directory '/home/locobot/Documents/kobuki/build/ecl_core_apps'
[1.635s] [ 23%] Built target ecl_bench_eigen3_transforms
[1.636s] /usr/bin/make -f src/benchmarks/CMakeFiles/ecl_bench_eigen3_inverse.dir/build.make src/benchmarks/CMakeFiles/ecl_bench_eigen3_inverse.dir/depend
[1.642s] make[2]: Entering directory '/home/locobot/Documents/kobuki/build/ecl_core_apps'
[1.642s] cd /home/locobot/Documents/kobuki/build/ecl_core_apps && /usr/bin/cmake -E cmake_depends "Unix Makefiles" /home/locobot/Documents/kobuki/src/ecl_core/ecl_core_apps /home/locobot/Documents/kobuki/src/ecl_core/ecl_core_apps/src/benchmarks /home/locobot/Documents/kobuki/build/ecl_core_apps /home/locobot/Documents/kobuki/build/ecl_core_apps/src/benchmarks /home/locobot/Documents/kobuki/build/ecl_core_apps/src/benchmarks/CMakeFiles/ecl_bench_eigen3_inverse.dir/DependInfo.cmake --color=
[1.656s] make[2]: Leaving directory '/home/locobot/Documents/kobuki/build/ecl_core_apps'
[1.656s] /usr/bin/make -f src/benchmarks/CMakeFiles/ecl_bench_eigen3_inverse.dir/build.make src/benchmarks/CMakeFiles/ecl_bench_eigen3_inverse.dir/build
[1.669s] make[2]: Entering directory '/home/locobot/Documents/kobuki/build/ecl_core_apps'
[1.669s] make[2]: Nothing to be done for 'src/benchmarks/CMakeFiles/ecl_bench_eigen3_inverse.dir/build'.
[1.670s] make[2]: Leaving directory '/home/locobot/Documents/kobuki/build/ecl_core_apps'
[1.682s] [ 29%] Built target ecl_bench_eigen3_inverse
[1.683s] /usr/bin/make -f src/benchmarks/CMakeFiles/ecl_bench_eigen3_decompositions.dir/build.make src/benchmarks/CMakeFiles/ecl_bench_eigen3_decompositions.dir/depend
[1.688s] make[2]: Entering directory '/home/locobot/Documents/kobuki/build/ecl_core_apps'
[1.689s] cd /home/locobot/Documents/kobuki/build/ecl_core_apps && /usr/bin/cmake -E cmake_depends "Unix Makefiles" /home/locobot/Documents/kobuki/src/ecl_core/ecl_core_apps /home/locobot/Documents/kobuki/src/ecl_core/ecl_core_apps/src/benchmarks /home/locobot/Documents/kobuki/build/ecl_core_apps /home/locobot/Documents/kobuki/build/ecl_core_apps/src/benchmarks /home/locobot/Documents/kobuki/build/ecl_core_apps/src/benchmarks/CMakeFiles/ecl_bench_eigen3_decompositions.dir/DependInfo.cmake --color=
[1.703s] make[2]: Leaving directory '/home/locobot/Documents/kobuki/build/ecl_core_apps'
[1.703s] /usr/bin/make -f src/benchmarks/CMakeFiles/ecl_bench_eigen3_decompositions.dir/build.make src/benchmarks/CMakeFiles/ecl_bench_eigen3_decompositions.dir/build
[1.715s] make[2]: Entering directory '/home/locobot/Documents/kobuki/build/ecl_core_apps'
[1.716s] make[2]: Nothing to be done for 'src/benchmarks/CMakeFiles/ecl_bench_eigen3_decompositions.dir/build'.
[1.716s] make[2]: Leaving directory '/home/locobot/Documents/kobuki/build/ecl_core_apps'
[1.727s] [ 35%] Built target ecl_bench_eigen3_decompositions
[1.728s] /usr/bin/make -f src/benchmarks/CMakeFiles/ecl_bench_containers.dir/build.make src/benchmarks/CMakeFiles/ecl_bench_containers.dir/depend
[1.730s] make[2]: Entering directory '/home/locobot/Documents/kobuki/build/ecl_core_apps'
[1.731s] cd /home/locobot/Documents/kobuki/build/ecl_core_apps && /usr/bin/cmake -E cmake_depends "Unix Makefiles" /home/locobot/Documents/kobuki/src/ecl_core/ecl_core_apps /home/locobot/Documents/kobuki/src/ecl_core/ecl_core_apps/src/benchmarks /home/locobot/Documents/kobuki/build/ecl_core_apps /home/locobot/Documents/kobuki/build/ecl_core_apps/src/benchmarks /home/locobot/Documents/kobuki/build/ecl_core_apps/src/benchmarks/CMakeFiles/ecl_bench_containers.dir/DependInfo.cmake --color=
[1.744s] make[2]: Leaving directory '/home/locobot/Documents/kobuki/build/ecl_core_apps'
[1.744s] /usr/bin/make -f src/benchmarks/CMakeFiles/ecl_bench_containers.dir/build.make src/benchmarks/CMakeFiles/ecl_bench_containers.dir/build
[1.749s] make[2]: Entering directory '/home/locobot/Documents/kobuki/build/ecl_core_apps'
[1.750s] make[2]: Nothing to be done for 'src/benchmarks/CMakeFiles/ecl_bench_containers.dir/build'.
[1.751s] make[2]: Leaving directory '/home/locobot/Documents/kobuki/build/ecl_core_apps'
[1.762s] [ 41%] Built target ecl_bench_containers
[1.763s] /usr/bin/make -f src/benchmarks/CMakeFiles/ecl_bench_flops.dir/build.make src/benchmarks/CMakeFiles/ecl_bench_flops.dir/depend
[1.765s] make[2]: Entering directory '/home/locobot/Documents/kobuki/build/ecl_core_apps'
[1.765s] cd /home/locobot/Documents/kobuki/build/ecl_core_apps && /usr/bin/cmake -E cmake_depends "Unix Makefiles" /home/locobot/Documents/kobuki/src/ecl_core/ecl_core_apps /home/locobot/Documents/kobuki/src/ecl_core/ecl_core_apps/src/benchmarks /home/locobot/Documents/kobuki/build/ecl_core_apps /home/locobot/Documents/kobuki/build/ecl_core_apps/src/benchmarks /home/locobot/Documents/kobuki/build/ecl_core_apps/src/benchmarks/CMakeFiles/ecl_bench_flops.dir/DependInfo.cmake --color=
[1.780s] make[2]: Leaving directory '/home/locobot/Documents/kobuki/build/ecl_core_apps'
[1.780s] /usr/bin/make -f src/benchmarks/CMakeFiles/ecl_bench_flops.dir/build.make src/benchmarks/CMakeFiles/ecl_bench_flops.dir/build
[1.783s] make[2]: Entering directory '/home/locobot/Documents/kobuki/build/ecl_core_apps'
[1.783s] make[2]: Nothing to be done for 'src/benchmarks/CMakeFiles/ecl_bench_flops.dir/build'.
[1.783s] make[2]: Leaving directory '/home/locobot/Documents/kobuki/build/ecl_core_apps'
[1.796s] [ 47%] Built target ecl_bench_flops
[1.797s] /usr/bin/make -f src/utils/CMakeFiles/ecl_hex.dir/build.make src/utils/CMakeFiles/ecl_hex.dir/depend
[1.800s] make[2]: Entering directory '/home/locobot/Documents/kobuki/build/ecl_core_apps'
[1.800s] cd /home/locobot/Documents/kobuki/build/ecl_core_apps && /usr/bin/cmake -E cmake_depends "Unix Makefiles" /home/locobot/Documents/kobuki/src/ecl_core/ecl_core_apps /home/locobot/Documents/kobuki/src/ecl_core/ecl_core_apps/src/utils /home/locobot/Documents/kobuki/build/ecl_core_apps /home/locobot/Documents/kobuki/build/ecl_core_apps/src/utils /home/locobot/Documents/kobuki/build/ecl_core_apps/src/utils/CMakeFiles/ecl_hex.dir/DependInfo.cmake --color=
[1.814s] make[2]: Leaving directory '/home/locobot/Documents/kobuki/build/ecl_core_apps'
[1.815s] /usr/bin/make -f src/utils/CMakeFiles/ecl_hex.dir/build.make src/utils/CMakeFiles/ecl_hex.dir/build
[1.833s] make[2]: Entering directory '/home/locobot/Documents/kobuki/build/ecl_core_apps'
[1.833s] make[2]: Nothing to be done for 'src/utils/CMakeFiles/ecl_hex.dir/build'.
[1.834s] make[2]: Leaving directory '/home/locobot/Documents/kobuki/build/ecl_core_apps'
[1.834s] [ 52%] Built target ecl_hex
[1.834s] /usr/bin/make -f src/utils/CMakeFiles/ecl_socket_server.dir/build.make src/utils/CMakeFiles/ecl_socket_server.dir/depend
[1.835s] make[2]: Entering directory '/home/locobot/Documents/kobuki/build/ecl_core_apps'
[1.835s] cd /home/locobot/Documents/kobuki/build/ecl_core_apps && /usr/bin/cmake -E cmake_depends "Unix Makefiles" /home/locobot/Documents/kobuki/src/ecl_core/ecl_core_apps /home/locobot/Documents/kobuki/src/ecl_core/ecl_core_apps/src/utils /home/locobot/Documents/kobuki/build/ecl_core_apps /home/locobot/Documents/kobuki/build/ecl_core_apps/src/utils /home/locobot/Documents/kobuki/build/ecl_core_apps/src/utils/CMakeFiles/ecl_socket_server.dir/DependInfo.cmake --color=
[1.849s] make[2]: Leaving directory '/home/locobot/Documents/kobuki/build/ecl_core_apps'
[1.849s] /usr/bin/make -f src/utils/CMakeFiles/ecl_socket_server.dir/build.make src/utils/CMakeFiles/ecl_socket_server.dir/build
[1.853s] make[2]: Entering directory '/home/locobot/Documents/kobuki/build/ecl_core_apps'
[1.853s] make[2]: Nothing to be done for 'src/utils/CMakeFiles/ecl_socket_server.dir/build'.
[1.853s] make[2]: Leaving directory '/home/locobot/Documents/kobuki/build/ecl_core_apps'
[1.874s] [ 58%] Built target ecl_socket_server
[1.876s] /usr/bin/make -f src/utils/CMakeFiles/ecl_serial.dir/build.make src/utils/CMakeFiles/ecl_serial.dir/depend
[1.879s] make[2]: Entering directory '/home/locobot/Documents/kobuki/build/ecl_core_apps'
[1.879s] cd /home/locobot/Documents/kobuki/build/ecl_core_apps && /usr/bin/cmake -E cmake_depends "Unix Makefiles" /home/locobot/Documents/kobuki/src/ecl_core/ecl_core_apps /home/locobot/Documents/kobuki/src/ecl_core/ecl_core_apps/src/utils /home/locobot/Documents/kobuki/build/ecl_core_apps /home/locobot/Documents/kobuki/build/ecl_core_apps/src/utils /home/locobot/Documents/kobuki/build/ecl_core_apps/src/utils/CMakeFiles/ecl_serial.dir/DependInfo.cmake --color=
[1.900s] make[2]: Leaving directory '/home/locobot/Documents/kobuki/build/ecl_core_apps'
[1.901s] /usr/bin/make -f src/utils/CMakeFiles/ecl_serial.dir/build.make src/utils/CMakeFiles/ecl_serial.dir/build
[1.906s] make[2]: Entering directory '/home/locobot/Documents/kobuki/build/ecl_core_apps'
[1.906s] make[2]: Nothing to be done for 'src/utils/CMakeFiles/ecl_serial.dir/build'.
[1.907s] make[2]: Leaving directory '/home/locobot/Documents/kobuki/build/ecl_core_apps'
[1.918s] [ 64%] Built target ecl_serial
[1.919s] /usr/bin/make -f src/utils/CMakeFiles/ecl_process_statistics.dir/build.make src/utils/CMakeFiles/ecl_process_statistics.dir/depend
[1.925s] make[2]: Entering directory '/home/locobot/Documents/kobuki/build/ecl_core_apps'
[1.925s] cd /home/locobot/Documents/kobuki/build/ecl_core_apps && /usr/bin/cmake -E cmake_depends "Unix Makefiles" /home/locobot/Documents/kobuki/src/ecl_core/ecl_core_apps /home/locobot/Documents/kobuki/src/ecl_core/ecl_core_apps/src/utils /home/locobot/Documents/kobuki/build/ecl_core_apps /home/locobot/Documents/kobuki/build/ecl_core_apps/src/utils /home/locobot/Documents/kobuki/build/ecl_core_apps/src/utils/CMakeFiles/ecl_process_statistics.dir/DependInfo.cmake --color=
[1.940s] make[2]: Leaving directory '/home/locobot/Documents/kobuki/build/ecl_core_apps'
[1.940s] /usr/bin/make -f src/utils/CMakeFiles/ecl_process_statistics.dir/build.make src/utils/CMakeFiles/ecl_process_statistics.dir/build
[1.942s] make[2]: Entering directory '/home/locobot/Documents/kobuki/build/ecl_core_apps'
[1.942s] make[2]: Nothing to be done for 'src/utils/CMakeFiles/ecl_process_statistics.dir/build'.
[1.942s] make[2]: Leaving directory '/home/locobot/Documents/kobuki/build/ecl_core_apps'
[1.970s] [ 70%] Built target ecl_process_statistics
[1.971s] /usr/bin/make -f src/utils/CMakeFiles/ecl_quaternion2yaw.dir/build.make src/utils/CMakeFiles/ecl_quaternion2yaw.dir/depend
[1.972s] make[2]: Entering directory '/home/locobot/Documents/kobuki/build/ecl_core_apps'
[1.988s] cd /home/locobot/Documents/kobuki/build/ecl_core_apps && /usr/bin/cmake -E cmake_depends "Unix Makefiles" /home/locobot/Documents/kobuki/src/ecl_core/ecl_core_apps /home/locobot/Documents/kobuki/src/ecl_core/ecl_core_apps/src/utils /home/locobot/Documents/kobuki/build/ecl_core_apps /home/locobot/Documents/kobuki/build/ecl_core_apps/src/utils /home/locobot/Documents/kobuki/build/ecl_core_apps/src/utils/CMakeFiles/ecl_quaternion2yaw.dir/DependInfo.cmake --color=
[1.990s] make[2]: Leaving directory '/home/locobot/Documents/kobuki/build/ecl_core_apps'
[1.990s] /usr/bin/make -f src/utils/CMakeFiles/ecl_quaternion2yaw.dir/build.make src/utils/CMakeFiles/ecl_quaternion2yaw.dir/build
[1.990s] make[2]: Entering directory '/home/locobot/Documents/kobuki/build/ecl_core_apps'
[1.991s] make[2]: Nothing to be done for 'src/utils/CMakeFiles/ecl_quaternion2yaw.dir/build'.
[1.991s] make[2]: Leaving directory '/home/locobot/Documents/kobuki/build/ecl_core_apps'
[2.031s] [ 76%] Built target ecl_quaternion2yaw
[2.032s] /usr/bin/make -f src/utils/CMakeFiles/ecl_yaw2quaternion.dir/build.make src/utils/CMakeFiles/ecl_yaw2quaternion.dir/depend
[2.032s] make[2]: Entering directory '/home/locobot/Documents/kobuki/build/ecl_core_apps'
[2.032s] cd /home/locobot/Documents/kobuki/build/ecl_core_apps && /usr/bin/cmake -E cmake_depends "Unix Makefiles" /home/locobot/Documents/kobuki/src/ecl_core/ecl_core_apps /home/locobot/Documents/kobuki/src/ecl_core/ecl_core_apps/src/utils /home/locobot/Documents/kobuki/build/ecl_core_apps /home/locobot/Documents/kobuki/build/ecl_core_apps/src/utils /home/locobot/Documents/kobuki/build/ecl_core_apps/src/utils/CMakeFiles/ecl_yaw2quaternion.dir/DependInfo.cmake --color=
[2.032s] make[2]: Leaving directory '/home/locobot/Documents/kobuki/build/ecl_core_apps'
[2.032s] /usr/bin/make -f src/utils/CMakeFiles/ecl_yaw2quaternion.dir/build.make src/utils/CMakeFiles/ecl_yaw2quaternion.dir/build
[2.032s] make[2]: Entering directory '/home/locobot/Documents/kobuki/build/ecl_core_apps'
[2.033s] make[2]: Nothing to be done for 'src/utils/CMakeFiles/ecl_yaw2quaternion.dir/build'.
[2.033s] make[2]: Leaving directory '/home/locobot/Documents/kobuki/build/ecl_core_apps'
[2.051s] [ 82%] Built target ecl_yaw2quaternion
[2.053s] /usr/bin/make -f src/utils/CMakeFiles/ecl_socket_client.dir/build.make src/utils/CMakeFiles/ecl_socket_client.dir/depend
[2.068s] make[2]: Entering directory '/home/locobot/Documents/kobuki/build/ecl_core_apps'
[2.068s] cd /home/locobot/Documents/kobuki/build/ecl_core_apps && /usr/bin/cmake -E cmake_depends "Unix Makefiles" /home/locobot/Documents/kobuki/src/ecl_core/ecl_core_apps /home/locobot/Documents/kobuki/src/ecl_core/ecl_core_apps/src/utils /home/locobot/Documents/kobuki/build/ecl_core_apps /home/locobot/Documents/kobuki/build/ecl_core_apps/src/utils /home/locobot/Documents/kobuki/build/ecl_core_apps/src/utils/CMakeFiles/ecl_socket_client.dir/DependInfo.cmake --color=
[2.069s] make[2]: Leaving directory '/home/locobot/Documents/kobuki/build/ecl_core_apps'
[2.072s] /usr/bin/make -f src/utils/CMakeFiles/ecl_socket_client.dir/build.make src/utils/CMakeFiles/ecl_socket_client.dir/build
[2.081s] make[2]: Entering directory '/home/locobot/Documents/kobuki/build/ecl_core_apps'
[2.081s] make[2]: Nothing to be done for 'src/utils/CMakeFiles/ecl_socket_client.dir/build'.
[2.081s] make[2]: Leaving directory '/home/locobot/Documents/kobuki/build/ecl_core_apps'
[2.089s] [ 88%] Built target ecl_socket_client
[2.089s] /usr/bin/make -f src/benchmarks/CMakeFiles/ecl_bench_files.dir/build.make src/benchmarks/CMakeFiles/ecl_bench_files.dir/depend
[2.091s] make[2]: Entering directory '/home/locobot/Documents/kobuki/build/ecl_core_apps'
[2.091s] cd /home/locobot/Documents/kobuki/build/ecl_core_apps && /usr/bin/cmake -E cmake_depends "Unix Makefiles" /home/locobot/Documents/kobuki/src/ecl_core/ecl_core_apps /home/locobot/Documents/kobuki/src/ecl_core/ecl_core_apps/src/benchmarks /home/locobot/Documents/kobuki/build/ecl_core_apps /home/locobot/Documents/kobuki/build/ecl_core_apps/src/benchmarks /home/locobot/Documents/kobuki/build/ecl_core_apps/src/benchmarks/CMakeFiles/ecl_bench_files.dir/DependInfo.cmake --color=
[2.106s] make[2]: Leaving directory '/home/locobot/Documents/kobuki/build/ecl_core_apps'
[2.107s] /usr/bin/make -f src/benchmarks/CMakeFiles/ecl_bench_files.dir/build.make src/benchmarks/CMakeFiles/ecl_bench_files.dir/build
[2.110s] make[2]: Entering directory '/home/locobot/Documents/kobuki/build/ecl_core_apps'
[2.110s] make[2]: Nothing to be done for 'src/benchmarks/CMakeFiles/ecl_bench_files.dir/build'.
[2.110s] make[2]: Leaving directory '/home/locobot/Documents/kobuki/build/ecl_core_apps'
[2.122s] [ 94%] Built target ecl_bench_files
[2.123s] /usr/bin/make -f src/benchmarks/CMakeFiles/ecl_bench_string_conversions.dir/build.make src/benchmarks/CMakeFiles/ecl_bench_string_conversions.dir/depend
[2.125s] make[2]: Entering directory '/home/locobot/Documents/kobuki/build/ecl_core_apps'
[2.125s] cd /home/locobot/Documents/kobuki/build/ecl_core_apps && /usr/bin/cmake -E cmake_depends "Unix Makefiles" /home/locobot/Documents/kobuki/src/ecl_core/ecl_core_apps /home/locobot/Documents/kobuki/src/ecl_core/ecl_core_apps/src/benchmarks /home/locobot/Documents/kobuki/build/ecl_core_apps /home/locobot/Documents/kobuki/build/ecl_core_apps/src/benchmarks /home/locobot/Documents/kobuki/build/ecl_core_apps/src/benchmarks/CMakeFiles/ecl_bench_string_conversions.dir/DependInfo.cmake --color=
[2.138s] make[2]: Leaving directory '/home/locobot/Documents/kobuki/build/ecl_core_apps'
[2.138s] /usr/bin/make -f src/benchmarks/CMakeFiles/ecl_bench_string_conversions.dir/build.make src/benchmarks/CMakeFiles/ecl_bench_string_conversions.dir/build
[2.141s] make[2]: Entering directory '/home/locobot/Documents/kobuki/build/ecl_core_apps'
[2.141s] make[2]: Nothing to be done for 'src/benchmarks/CMakeFiles/ecl_bench_string_conversions.dir/build'.
[2.141s] make[2]: Leaving directory '/home/locobot/Documents/kobuki/build/ecl_core_apps'
[2.170s] [100%] Built target ecl_bench_string_conversions
[2.173s] make[1]: Leaving directory '/home/locobot/Documents/kobuki/build/ecl_core_apps'
[2.174s] /usr/bin/cmake -E cmake_progress_start /home/locobot/Documents/kobuki/build/ecl_core_apps/CMakeFiles 0
[2.220s] Invoked command in '/home/locobot/Documents/kobuki/build/ecl_core_apps' returned '0': AMENT_PREFIX_PATH=/home/locobot/Documents/kobuki/install CMAKE_PREFIX_PATH=/home/locobot/Documents/kobuki/install LD_LIBRARY_PATH=/home/locobot/Documents/kobuki/install/lib PATH=/home/locobot/Documents/kobuki/install/bin:${PATH} PKG_CONFIG_PATH=/home/locobot/Documents/kobuki/install/lib/x86_64-linux-gnu/pkgconfig:/home/locobot/Documents/kobuki/install/lib/pkgconfig PYTHONPATH=/home/locobot/Documents/kobuki/install/lib/python3.8/site-packages /usr/bin/cmake --build /home/locobot/Documents/kobuki/build/ecl_core_apps -- -j4 -l4
[2.227s] Invoking command in '/home/locobot/Documents/kobuki/build/ecl_core_apps': AMENT_PREFIX_PATH=/home/locobot/Documents/kobuki/install CMAKE_PREFIX_PATH=/home/locobot/Documents/kobuki/install LD_LIBRARY_PATH=/home/locobot/Documents/kobuki/install/lib PATH=/home/locobot/Documents/kobuki/install/bin:${PATH} PKG_CONFIG_PATH=/home/locobot/Documents/kobuki/install/lib/x86_64-linux-gnu/pkgconfig:/home/locobot/Documents/kobuki/install/lib/pkgconfig PYTHONPATH=/home/locobot/Documents/kobuki/install/lib/python3.8/site-packages /usr/bin/cmake --install /home/locobot/Documents/kobuki/build/ecl_core_apps
[2.257s] -- Install configuration: ""
[2.257s] -- Up-to-date: /home/locobot/Documents/kobuki/install/share/ament_index/resource_index/package_run_dependencies/ecl_core_apps
[2.258s] -- Up-to-date: /home/locobot/Documents/kobuki/install/share/ament_index/resource_index/parent_prefix_path/ecl_core_apps
[2.258s] -- Up-to-date: /home/locobot/Documents/kobuki/install/share/ecl_core_apps/environment/ament_prefix_path.sh
[2.258s] -- Installing: /home/locobot/Documents/kobuki/install/share/ecl_core_apps/environment/ament_prefix_path.dsv
[2.258s] -- Up-to-date: /home/locobot/Documents/kobuki/install/share/ecl_core_apps/environment/path.sh
[2.259s] -- Installing: /home/locobot/Documents/kobuki/install/share/ecl_core_apps/environment/path.dsv
[2.259s] -- Up-to-date: /home/locobot/Documents/kobuki/install/share/ecl_core_apps/local_setup.bash
[2.259s] -- Up-to-date: /home/locobot/Documents/kobuki/install/share/ecl_core_apps/local_setup.sh
[2.264s] -- Up-to-date: /home/locobot/Documents/kobuki/install/share/ecl_core_apps/local_setup.zsh
[2.264s] -- Installing: /home/locobot/Documents/kobuki/install/share/ecl_core_apps/local_setup.dsv
[2.264s] -- Installing: /home/locobot/Documents/kobuki/install/share/ecl_core_apps/package.dsv
[2.264s] -- Up-to-date: /home/locobot/Documents/kobuki/install/share/ament_index/resource_index/packages/ecl_core_apps
[2.265s] -- Up-to-date: /home/locobot/Documents/kobuki/install/share/ecl_core_apps/cmake/ecl_core_appsConfig.cmake
[2.269s] -- Up-to-date: /home/locobot/Documents/kobuki/install/share/ecl_core_apps/cmake/ecl_core_appsConfig-version.cmake
[2.269s] -- Up-to-date: /home/locobot/Documents/kobuki/install/share/ecl_core_apps/package.xml
[2.270s] -- Up-to-date: /home/locobot/Documents/kobuki/install/bin/ecl_bench_containers
[2.270s] -- Up-to-date: /home/locobot/Documents/kobuki/install/bin/ecl_bench_files
[2.274s] -- Up-to-date: /home/locobot/Documents/kobuki/install/bin/ecl_bench_flops
[2.275s] -- Up-to-date: /home/locobot/Documents/kobuki/install/bin/ecl_bench_exceptions
[2.275s] -- Up-to-date: /home/locobot/Documents/kobuki/install/bin/ecl_bench_snooze
[2.275s] -- Up-to-date: /home/locobot/Documents/kobuki/install/bin/ecl_bench_streams
[2.281s] -- Up-to-date: /home/locobot/Documents/kobuki/install/bin/ecl_bench_string_conversions
[2.281s] -- Up-to-date: /home/locobot/Documents/kobuki/install/bin/ecl_bench_eigen3_inverse
[2.282s] -- Up-to-date: /home/locobot/Documents/kobuki/install/bin/ecl_bench_eigen3_decompositions
[2.282s] -- Up-to-date: /home/locobot/Documents/kobuki/install/bin/ecl_bench_eigen3_transforms
[2.282s] -- Up-to-date: /home/locobot/Documents/kobuki/install/lib/ecl_core_apps/ecl_hex
[2.282s] -- Up-to-date: /home/locobot/Documents/kobuki/install/lib/ecl_core_apps/ecl_serial
[2.289s] -- Up-to-date: /home/locobot/Documents/kobuki/install/lib/ecl_core_apps/ecl_socket_client
[2.289s] -- Up-to-date: /home/locobot/Documents/kobuki/install/lib/ecl_core_apps/ecl_socket_server
[2.289s] -- Up-to-date: /home/locobot/Documents/kobuki/install/bin/ecl_process_statistics
[2.290s] -- Up-to-date: /home/locobot/Documents/kobuki/install/bin/ecl_quaternion2yaw
[2.290s] -- Up-to-date: /home/locobot/Documents/kobuki/install/bin/ecl_yaw2quaternion
[2.290s] Invoked command in '/home/locobot/Documents/kobuki/build/ecl_core_apps' returned '0': AMENT_PREFIX_PATH=/home/locobot/Documents/kobuki/install CMAKE_PREFIX_PATH=/home/locobot/Documents/kobuki/install LD_LIBRARY_PATH=/home/locobot/Documents/kobuki/install/lib PATH=/home/locobot/Documents/kobuki/install/bin:${PATH} PKG_CONFIG_PATH=/home/locobot/Documents/kobuki/install/lib/x86_64-linux-gnu/pkgconfig:/home/locobot/Documents/kobuki/install/lib/pkgconfig PYTHONPATH=/home/locobot/Documents/kobuki/install/lib/python3.8/site-packages /usr/bin/cmake --install /home/locobot/Documents/kobuki/build/ecl_core_apps
