[0.223s] Invoking command in '/home/locobot/Documents/kobuki/build/ecl_linear_algebra': AMENT_PREFIX_PATH=/home/locobot/Documents/kobuki/install CMAKE_PREFIX_PATH=/home/locobot/Documents/kobuki/install LD_LIBRARY_PATH=/home/locobot/Documents/kobuki/install/lib PATH=/home/locobot/Documents/kobuki/install/bin:${PATH} PKG_CONFIG_PATH=/home/locobot/Documents/kobuki/install/lib/x86_64-linux-gnu/pkgconfig:/home/locobot/Documents/kobuki/install/lib/pkgconfig PYTHONPATH=/home/locobot/Documents/kobuki/install/lib/python3.8/site-packages /usr/bin/cmake /home/locobot/Documents/kobuki/src/ecl_core/ecl_linear_algebra -DBUILD_TESTING=OFF -DCMAKE_BUILD_TYPE=RelWithDebInfo -DCMAKE_INSTALL_PREFIX=/home/locobot/Documents/kobuki/install
[0.240s] -- Found ament_cmake_ros: 0.9.2 (/home/locobot/Documents/kobuki/install/share/ament_cmake_ros/cmake)
[0.274s] -- Using PYTHON_EXECUTABLE: /usr/bin/python3
[0.531s] -- Found ecl_build: 1.0.3 (/home/locobot/Documents/kobuki/install/share/ecl_build/cmake)
[0.542s] -- Found ecl_eigen: 1.2.1 (/home/locobot/Documents/kobuki/install/share/ecl_eigen/cmake)
[0.549s] -- Found ecl_exceptions: 1.2.1 (/home/locobot/Documents/kobuki/install/share/ecl_exceptions/cmake)
[0.579s] -- Found ecl_formatters: 1.2.1 (/home/locobot/Documents/kobuki/install/share/ecl_formatters/cmake)
[0.615s] -- Found ecl_math: 1.2.1 (/home/locobot/Documents/kobuki/install/share/ecl_math/cmake)
[0.771s] -- Configuring done
[0.792s] -- Generating done
[0.797s] -- Build files have been written to: /home/locobot/Documents/kobuki/build/ecl_linear_algebra
[0.810s] Invoked command in '/home/locobot/Documents/kobuki/build/ecl_linear_algebra' returned '0': AMENT_PREFIX_PATH=/home/locobot/Documents/kobuki/install CMAKE_PREFIX_PATH=/home/locobot/Documents/kobuki/install LD_LIBRARY_PATH=/home/locobot/Documents/kobuki/install/lib PATH=/home/locobot/Documents/kobuki/install/bin:${PATH} PKG_CONFIG_PATH=/home/locobot/Documents/kobuki/install/lib/x86_64-linux-gnu/pkgconfig:/home/locobot/Documents/kobuki/install/lib/pkgconfig PYTHONPATH=/home/locobot/Documents/kobuki/install/lib/python3.8/site-packages /usr/bin/cmake /home/locobot/Documents/kobuki/src/ecl_core/ecl_linear_algebra -DBUILD_TESTING=OFF -DCMAKE_BUILD_TYPE=RelWithDebInfo -DCMAKE_INSTALL_PREFIX=/home/locobot/Documents/kobuki/install
[0.812s] Invoking command in '/home/locobot/Documents/kobuki/build/ecl_linear_algebra': AMENT_PREFIX_PATH=/home/locobot/Documents/kobuki/install CMAKE_PREFIX_PATH=/home/locobot/Documents/kobuki/install LD_LIBRARY_PATH=/home/locobot/Documents/kobuki/install/lib PATH=/home/locobot/Documents/kobuki/install/bin:${PATH} PKG_CONFIG_PATH=/home/locobot/Documents/kobuki/install/lib/x86_64-linux-gnu/pkgconfig:/home/locobot/Documents/kobuki/install/lib/pkgconfig PYTHONPATH=/home/locobot/Documents/kobuki/install/lib/python3.8/site-packages /usr/bin/cmake --build /home/locobot/Documents/kobuki/build/ecl_linear_algebra -- -j4 -l4
[0.894s] [ 33%] [32mBuilding CXX object src/lib/CMakeFiles/ecl_linear_algebra.dir/sophus_helpers.cpp.o[0m
[5.483s] [ 66%] [32mBuilding CXX object src/lib/CMakeFiles/ecl_linear_algebra.dir/sophus_interpolators.cpp.o[0m
[17.717s] [100%] [32m[1mLinking CXX shared library libecl_linear_algebra.so[0m
[18.010s] [100%] Built target ecl_linear_algebra
[18.024s] Invoked command in '/home/locobot/Documents/kobuki/build/ecl_linear_algebra' returned '0': AMENT_PREFIX_PATH=/home/locobot/Documents/kobuki/install CMAKE_PREFIX_PATH=/home/locobot/Documents/kobuki/install LD_LIBRARY_PATH=/home/locobot/Documents/kobuki/install/lib PATH=/home/locobot/Documents/kobuki/install/bin:${PATH} PKG_CONFIG_PATH=/home/locobot/Documents/kobuki/install/lib/x86_64-linux-gnu/pkgconfig:/home/locobot/Documents/kobuki/install/lib/pkgconfig PYTHONPATH=/home/locobot/Documents/kobuki/install/lib/python3.8/site-packages /usr/bin/cmake --build /home/locobot/Documents/kobuki/build/ecl_linear_algebra -- -j4 -l4
[18.028s] Invoking command in '/home/locobot/Documents/kobuki/build/ecl_linear_algebra': AMENT_PREFIX_PATH=/home/locobot/Documents/kobuki/install CMAKE_PREFIX_PATH=/home/locobot/Documents/kobuki/install LD_LIBRARY_PATH=/home/locobot/Documents/kobuki/install/lib PATH=/home/locobot/Documents/kobuki/install/bin:${PATH} PKG_CONFIG_PATH=/home/locobot/Documents/kobuki/install/lib/x86_64-linux-gnu/pkgconfig:/home/locobot/Documents/kobuki/install/lib/pkgconfig PYTHONPATH=/home/locobot/Documents/kobuki/install/lib/python3.8/site-packages /usr/bin/cmake --install /home/locobot/Documents/kobuki/build/ecl_linear_algebra
[18.046s] -- Install configuration: "RelWithDebInfo"
[18.047s] -- Up-to-date: /home/locobot/Documents/kobuki/install/share/ecl_linear_algebra/environment/library_path.sh
[18.065s] -- Installing: /home/locobot/Documents/kobuki/install/share/ecl_linear_algebra/environment/library_path.dsv
[18.065s] -- Up-to-date: /home/locobot/Documents/kobuki/install/share/ament_index/resource_index/package_run_dependencies/ecl_linear_algebra
[18.065s] -- Up-to-date: /home/locobot/Documents/kobuki/install/share/ament_index/resource_index/parent_prefix_path/ecl_linear_algebra
[18.066s] -- Up-to-date: /home/locobot/Documents/kobuki/install/share/ecl_linear_algebra/environment/ament_prefix_path.sh
[18.066s] -- Installing: /home/locobot/Documents/kobuki/install/share/ecl_linear_algebra/environment/ament_prefix_path.dsv
[18.066s] -- Up-to-date: /home/locobot/Documents/kobuki/install/share/ecl_linear_algebra/environment/path.sh
[18.066s] -- Installing: /home/locobot/Documents/kobuki/install/share/ecl_linear_algebra/environment/path.dsv
[18.066s] -- Up-to-date: /home/locobot/Documents/kobuki/install/share/ecl_linear_algebra/local_setup.bash
[18.066s] -- Up-to-date: /home/locobot/Documents/kobuki/install/share/ecl_linear_algebra/local_setup.sh
[18.066s] -- Up-to-date: /home/locobot/Documents/kobuki/install/share/ecl_linear_algebra/local_setup.zsh
[18.066s] -- Installing: /home/locobot/Documents/kobuki/install/share/ecl_linear_algebra/local_setup.dsv
[18.066s] -- Installing: /home/locobot/Documents/kobuki/install/share/ecl_linear_algebra/package.dsv
[18.066s] -- Up-to-date: /home/locobot/Documents/kobuki/install/share/ament_index/resource_index/packages/ecl_linear_algebra
[18.067s] -- Up-to-date: /home/locobot/Documents/kobuki/install/share/ecl_linear_algebra/cmake/ecl_linear_algebraExport.cmake
[18.067s] -- Installing: /home/locobot/Documents/kobuki/install/share/ecl_linear_algebra/cmake/ecl_linear_algebraExport-relwithdebinfo.cmake
[18.067s] -- Up-to-date: /home/locobot/Documents/kobuki/install/share/ecl_linear_algebra/cmake/ament_cmake_export_targets-extras.cmake
[18.067s] -- Up-to-date: /home/locobot/Documents/kobuki/install/share/ecl_linear_algebra/cmake/ament_cmake_export_include_directories-extras.cmake
[18.067s] -- Up-to-date: /home/locobot/Documents/kobuki/install/share/ecl_linear_algebra/cmake/ament_cmake_export_libraries-extras.cmake
[18.067s] -- Up-to-date: /home/locobot/Documents/kobuki/install/share/ecl_linear_algebra/cmake/ament_cmake_export_dependencies-extras.cmake
[18.067s] -- Up-to-date: /home/locobot/Documents/kobuki/install/share/ecl_linear_algebra/cmake/ecl_linear_algebraConfig.cmake
[18.067s] -- Up-to-date: /home/locobot/Documents/kobuki/install/share/ecl_linear_algebra/cmake/ecl_linear_algebraConfig-version.cmake
[18.067s] -- Up-to-date: /home/locobot/Documents/kobuki/install/share/ecl_linear_algebra/package.xml
[18.067s] -- Up-to-date: /home/locobot/Documents/kobuki/install/include/ecl/linear_algebra.hpp
[18.068s] -- Up-to-date: /home/locobot/Documents/kobuki/install/include/ecl/linear_algebra/eigen.hpp
[18.068s] -- Up-to-date: /home/locobot/Documents/kobuki/install/include/ecl/linear_algebra/sophus.hpp
[18.068s] -- Up-to-date: /home/locobot/Documents/kobuki/install/include/ecl/linear_algebra/eigen/formatters.hpp
[18.068s] -- Up-to-date: /home/locobot/Documents/kobuki/install/include/ecl/linear_algebra/eigen/plugin.hpp
[18.068s] -- Up-to-date: /home/locobot/Documents/kobuki/install/include/ecl/linear_algebra/eigen/unsupported/nonlinear_optimization.hpp
[18.068s] -- Up-to-date: /home/locobot/Documents/kobuki/install/include/ecl/linear_algebra/eigen/unsupported/numerical_diff.hpp
[18.068s] -- Up-to-date: /home/locobot/Documents/kobuki/install/include/ecl/linear_algebra/sophus/formatters.hpp
[18.068s] -- Up-to-date: /home/locobot/Documents/kobuki/install/include/ecl/linear_algebra/sophus/helpers.hpp
[18.068s] -- Up-to-date: /home/locobot/Documents/kobuki/install/include/ecl/linear_algebra/sophus/interpolators.hpp
[18.068s] -- Installing: /home/locobot/Documents/kobuki/install/lib/libecl_linear_algebra.so.1.2.1
[18.074s] -- Set runtime path of "/home/locobot/Documents/kobuki/install/lib/libecl_linear_algebra.so.1.2.1" to ""
[18.074s] -- Up-to-date: /home/locobot/Documents/kobuki/install/lib/libecl_linear_algebra.so
[18.081s] Invoked command in '/home/locobot/Documents/kobuki/build/ecl_linear_algebra' returned '0': AMENT_PREFIX_PATH=/home/locobot/Documents/kobuki/install CMAKE_PREFIX_PATH=/home/locobot/Documents/kobuki/install LD_LIBRARY_PATH=/home/locobot/Documents/kobuki/install/lib PATH=/home/locobot/Documents/kobuki/install/bin:${PATH} PKG_CONFIG_PATH=/home/locobot/Documents/kobuki/install/lib/x86_64-linux-gnu/pkgconfig:/home/locobot/Documents/kobuki/install/lib/pkgconfig PYTHONPATH=/home/locobot/Documents/kobuki/install/lib/python3.8/site-packages /usr/bin/cmake --install /home/locobot/Documents/kobuki/build/ecl_linear_algebra
