Re-run cmake no build system arguments
-- Found ament_cmake_ros: 0.9.2 (/home/locobot/Documents/kobuki/install/share/ament_cmake_ros/cmake)
-- Using PYTHON_EXECUTABLE: /usr/bin/python3
-- Found ecl_build: 1.0.3 (/home/locobot/Documents/kobuki/install/share/ecl_build/cmake)
-- Found ecl_config: 1.1.0 (/home/locobot/Documents/kobuki/install/share/ecl_config/cmake)
-- Found ecl_errors: 1.1.0 (/home/locobot/Documents/kobuki/install/share/ecl_errors/cmake)
-- Configuring done
-- Generating done
-- Build files have been written to: /home/locobot/Documents/kobuki/build/ecl_exceptions
/usr/bin/cmake -S/home/locobot/Documents/kobuki/src/ecl_core/ecl_exceptions -B/home/locobot/Documents/kobuki/build/ecl_exceptions --check-build-system CMakeFiles/Makefile.cmake 0
/usr/bin/cmake -E cmake_progress_start /home/locobot/Documents/kobuki/build/ecl_exceptions/CMakeFiles /home/locobot/Documents/kobuki/build/ecl_exceptions/CMakeFiles/progress.marks
/usr/bin/make -f CMakeFiles/Makefile2 all
make[1]: Entering directory '/home/locobot/Documents/kobuki/build/ecl_exceptions'
/usr/bin/make -f src/lib/CMakeFiles/ecl_exceptions.dir/build.make src/lib/CMakeFiles/ecl_exceptions.dir/depend
make[2]: Entering directory '/home/locobot/Documents/kobuki/build/ecl_exceptions'
cd /home/locobot/Documents/kobuki/build/ecl_exceptions && /usr/bin/cmake -E cmake_depends "Unix Makefiles" /home/locobot/Documents/kobuki/src/ecl_core/ecl_exceptions /home/locobot/Documents/kobuki/src/ecl_core/ecl_exceptions/src/lib /home/locobot/Documents/kobuki/build/ecl_exceptions /home/locobot/Documents/kobuki/build/ecl_exceptions/src/lib /home/locobot/Documents/kobuki/build/ecl_exceptions/src/lib/CMakeFiles/ecl_exceptions.dir/DependInfo.cmake --color=
make[2]: Leaving directory '/home/locobot/Documents/kobuki/build/ecl_exceptions'
/usr/bin/make -f src/lib/CMakeFiles/ecl_exceptions.dir/build.make src/lib/CMakeFiles/ecl_exceptions.dir/build
make[2]: Entering directory '/home/locobot/Documents/kobuki/build/ecl_exceptions'
make[2]: Nothing to be done for 'src/lib/CMakeFiles/ecl_exceptions.dir/build'.
make[2]: Leaving directory '/home/locobot/Documents/kobuki/build/ecl_exceptions'
[ 33%] Built target ecl_exceptions
/usr/bin/make -f src/examples/CMakeFiles/ecl_demo_exception_tracer.dir/build.make src/examples/CMakeFiles/ecl_demo_exception_tracer.dir/depend
make[2]: Entering directory '/home/locobot/Documents/kobuki/build/ecl_exceptions'
cd /home/locobot/Documents/kobuki/build/ecl_exceptions && /usr/bin/cmake -E cmake_depends "Unix Makefiles" /home/locobot/Documents/kobuki/src/ecl_core/ecl_exceptions /home/locobot/Documents/kobuki/src/ecl_core/ecl_exceptions/src/examples /home/locobot/Documents/kobuki/build/ecl_exceptions /home/locobot/Documents/kobuki/build/ecl_exceptions/src/examples /home/locobot/Documents/kobuki/build/ecl_exceptions/src/examples/CMakeFiles/ecl_demo_exception_tracer.dir/DependInfo.cmake --color=
make[2]: Leaving directory '/home/locobot/Documents/kobuki/build/ecl_exceptions'
/usr/bin/make -f src/examples/CMakeFiles/ecl_demo_exception_tracer.dir/build.make src/examples/CMakeFiles/ecl_demo_exception_tracer.dir/build
make[2]: Entering directory '/home/locobot/Documents/kobuki/build/ecl_exceptions'
make[2]: Nothing to be done for 'src/examples/CMakeFiles/ecl_demo_exception_tracer.dir/build'.
make[2]: Leaving directory '/home/locobot/Documents/kobuki/build/ecl_exceptions'
[ 66%] Built target ecl_demo_exception_tracer
/usr/bin/make -f src/examples/CMakeFiles/ecl_demo_exceptions.dir/build.make src/examples/CMakeFiles/ecl_demo_exceptions.dir/depend
make[2]: Entering directory '/home/locobot/Documents/kobuki/build/ecl_exceptions'
cd /home/locobot/Documents/kobuki/build/ecl_exceptions && /usr/bin/cmake -E cmake_depends "Unix Makefiles" /home/locobot/Documents/kobuki/src/ecl_core/ecl_exceptions /home/locobot/Documents/kobuki/src/ecl_core/ecl_exceptions/src/examples /home/locobot/Documents/kobuki/build/ecl_exceptions /home/locobot/Documents/kobuki/build/ecl_exceptions/src/examples /home/locobot/Documents/kobuki/build/ecl_exceptions/src/examples/CMakeFiles/ecl_demo_exceptions.dir/DependInfo.cmake --color=
make[2]: Leaving directory '/home/locobot/Documents/kobuki/build/ecl_exceptions'
/usr/bin/make -f src/examples/CMakeFiles/ecl_demo_exceptions.dir/build.make src/examples/CMakeFiles/ecl_demo_exceptions.dir/build
make[2]: Entering directory '/home/locobot/Documents/kobuki/build/ecl_exceptions'
make[2]: Nothing to be done for 'src/examples/CMakeFiles/ecl_demo_exceptions.dir/build'.
make[2]: Leaving directory '/home/locobot/Documents/kobuki/build/ecl_exceptions'
[100%] Built target ecl_demo_exceptions
make[1]: Leaving directory '/home/locobot/Documents/kobuki/build/ecl_exceptions'
/usr/bin/cmake -E cmake_progress_start /home/locobot/Documents/kobuki/build/ecl_exceptions/CMakeFiles 0
-- Install configuration: ""
-- Up-to-date: /home/locobot/Documents/kobuki/install/share/ecl_exceptions/environment/library_path.sh
-- Installing: /home/locobot/Documents/kobuki/install/share/ecl_exceptions/environment/library_path.dsv
-- Up-to-date: /home/locobot/Documents/kobuki/install/share/ament_index/resource_index/package_run_dependencies/ecl_exceptions
-- Up-to-date: /home/locobot/Documents/kobuki/install/share/ament_index/resource_index/parent_prefix_path/ecl_exceptions
-- Up-to-date: /home/locobot/Documents/kobuki/install/share/ecl_exceptions/environment/ament_prefix_path.sh
-- Installing: /home/locobot/Documents/kobuki/install/share/ecl_exceptions/environment/ament_prefix_path.dsv
-- Up-to-date: /home/locobot/Documents/kobuki/install/share/ecl_exceptions/environment/path.sh
-- Installing: /home/locobot/Documents/kobuki/install/share/ecl_exceptions/environment/path.dsv
-- Up-to-date: /home/locobot/Documents/kobuki/install/share/ecl_exceptions/local_setup.bash
-- Up-to-date: /home/locobot/Documents/kobuki/install/share/ecl_exceptions/local_setup.sh
-- Up-to-date: /home/locobot/Documents/kobuki/install/share/ecl_exceptions/local_setup.zsh
-- Installing: /home/locobot/Documents/kobuki/install/share/ecl_exceptions/local_setup.dsv
-- Installing: /home/locobot/Documents/kobuki/install/share/ecl_exceptions/package.dsv
-- Up-to-date: /home/locobot/Documents/kobuki/install/share/ament_index/resource_index/packages/ecl_exceptions
-- Up-to-date: /home/locobot/Documents/kobuki/install/share/ecl_exceptions/cmake/ecl_exceptionsExport.cmake
-- Installing: /home/locobot/Documents/kobuki/install/share/ecl_exceptions/cmake/ecl_exceptionsExport-noconfig.cmake
-- Up-to-date: /home/locobot/Documents/kobuki/install/share/ecl_exceptions/cmake/ament_cmake_export_targets-extras.cmake
-- Up-to-date: /home/locobot/Documents/kobuki/install/share/ecl_exceptions/cmake/ament_cmake_export_include_directories-extras.cmake
-- Up-to-date: /home/locobot/Documents/kobuki/install/share/ecl_exceptions/cmake/ament_cmake_export_libraries-extras.cmake
-- Up-to-date: /home/locobot/Documents/kobuki/install/share/ecl_exceptions/cmake/ament_cmake_export_dependencies-extras.cmake
-- Up-to-date: /home/locobot/Documents/kobuki/install/share/ecl_exceptions/cmake/ecl_exceptionsConfig.cmake
-- Up-to-date: /home/locobot/Documents/kobuki/install/share/ecl_exceptions/cmake/ecl_exceptionsConfig-version.cmake
-- Up-to-date: /home/locobot/Documents/kobuki/install/share/ecl_exceptions/package.xml
-- Up-to-date: /home/locobot/Documents/kobuki/install/include/ecl/exceptions.hpp
-- Up-to-date: /home/locobot/Documents/kobuki/install/include/ecl/exceptions/data_exception.hpp
-- Up-to-date: /home/locobot/Documents/kobuki/install/include/ecl/exceptions/exception.hpp
-- Up-to-date: /home/locobot/Documents/kobuki/install/include/ecl/exceptions/macros.hpp
-- Up-to-date: /home/locobot/Documents/kobuki/install/include/ecl/exceptions/posix_error_handler.hpp
-- Up-to-date: /home/locobot/Documents/kobuki/install/include/ecl/exceptions/standard_exception.hpp
-- Up-to-date: /home/locobot/Documents/kobuki/install/lib/libecl_exceptions.so.1.2.1
-- Up-to-date: /home/locobot/Documents/kobuki/install/lib/libecl_exceptions.so
-- Up-to-date: /home/locobot/Documents/kobuki/install/lib/ecl_exceptions/demo_exceptions
-- Up-to-date: /home/locobot/Documents/kobuki/install/lib/ecl_exceptions/demo_exception_tracer
