[0.648s] Invoking command in '/home/locobot/Documents/kobuki/build/ecl_exceptions': AMENT_PREFIX_PATH=/home/locobot/Documents/kobuki/install CMAKE_PREFIX_PATH=/home/locobot/Documents/kobuki/install LD_LIBRARY_PATH=/home/locobot/Documents/kobuki/install/lib PATH=/home/locobot/Documents/kobuki/install/bin:${PATH} PYTHONPATH=/home/locobot/Documents/kobuki/install/lib/python3.8/site-packages /usr/bin/cmake /home/locobot/Documents/kobuki/src/ecl_core/ecl_exceptions -DBUILD_TESTING=OFF -DCMAKE_INSTALL_PREFIX=/home/locobot/Documents/kobuki/install
[0.671s] Re-run cmake no build system arguments
[0.700s] -- Found ament_cmake_ros: 0.9.2 (/home/locobot/Documents/kobuki/install/share/ament_cmake_ros/cmake)
[0.739s] -- Using PYTHON_EXECUTABLE: /usr/bin/python3
[1.059s] -- Found ecl_build: 1.0.3 (/home/locobot/Documents/kobuki/install/share/ecl_build/cmake)
[1.070s] -- Found ecl_config: 1.1.0 (/home/locobot/Documents/kobuki/install/share/ecl_config/cmake)
[1.073s] -- Found ecl_errors: 1.1.0 (/home/locobot/Documents/kobuki/install/share/ecl_errors/cmake)
[1.251s] -- Configuring done
[1.270s] -- Generating done
[1.277s] -- Build files have been written to: /home/locobot/Documents/kobuki/build/ecl_exceptions
[1.286s] Invoked command in '/home/locobot/Documents/kobuki/build/ecl_exceptions' returned '0': AMENT_PREFIX_PATH=/home/locobot/Documents/kobuki/install CMAKE_PREFIX_PATH=/home/locobot/Documents/kobuki/install LD_LIBRARY_PATH=/home/locobot/Documents/kobuki/install/lib PATH=/home/locobot/Documents/kobuki/install/bin:${PATH} PYTHONPATH=/home/locobot/Documents/kobuki/install/lib/python3.8/site-packages /usr/bin/cmake /home/locobot/Documents/kobuki/src/ecl_core/ecl_exceptions -DBUILD_TESTING=OFF -DCMAKE_INSTALL_PREFIX=/home/locobot/Documents/kobuki/install
[1.291s] Invoking command in '/home/locobot/Documents/kobuki/build/ecl_exceptions': AMENT_PREFIX_PATH=/home/locobot/Documents/kobuki/install CMAKE_PREFIX_PATH=/home/locobot/Documents/kobuki/install LD_LIBRARY_PATH=/home/locobot/Documents/kobuki/install/lib PATH=/home/locobot/Documents/kobuki/install/bin:${PATH} PYTHONPATH=/home/locobot/Documents/kobuki/install/lib/python3.8/site-packages /usr/bin/cmake --build /home/locobot/Documents/kobuki/build/ecl_exceptions -- -j4 -l4
[1.335s] /usr/bin/cmake -S/home/locobot/Documents/kobuki/src/ecl_core/ecl_exceptions -B/home/locobot/Documents/kobuki/build/ecl_exceptions --check-build-system CMakeFiles/Makefile.cmake 0
[1.337s] /usr/bin/cmake -E cmake_progress_start /home/locobot/Documents/kobuki/build/ecl_exceptions/CMakeFiles /home/locobot/Documents/kobuki/build/ecl_exceptions/CMakeFiles/progress.marks
[1.350s] /usr/bin/make -f CMakeFiles/Makefile2 all
[1.352s] make[1]: Entering directory '/home/locobot/Documents/kobuki/build/ecl_exceptions'
[1.353s] /usr/bin/make -f src/lib/CMakeFiles/ecl_exceptions.dir/build.make src/lib/CMakeFiles/ecl_exceptions.dir/depend
[1.353s] make[2]: Entering directory '/home/locobot/Documents/kobuki/build/ecl_exceptions'
[1.354s] cd /home/locobot/Documents/kobuki/build/ecl_exceptions && /usr/bin/cmake -E cmake_depends "Unix Makefiles" /home/locobot/Documents/kobuki/src/ecl_core/ecl_exceptions /home/locobot/Documents/kobuki/src/ecl_core/ecl_exceptions/src/lib /home/locobot/Documents/kobuki/build/ecl_exceptions /home/locobot/Documents/kobuki/build/ecl_exceptions/src/lib /home/locobot/Documents/kobuki/build/ecl_exceptions/src/lib/CMakeFiles/ecl_exceptions.dir/DependInfo.cmake --color=
[1.381s] make[2]: Leaving directory '/home/locobot/Documents/kobuki/build/ecl_exceptions'
[1.382s] /usr/bin/make -f src/lib/CMakeFiles/ecl_exceptions.dir/build.make src/lib/CMakeFiles/ecl_exceptions.dir/build
[1.385s] make[2]: Entering directory '/home/locobot/Documents/kobuki/build/ecl_exceptions'
[1.386s] make[2]: Nothing to be done for 'src/lib/CMakeFiles/ecl_exceptions.dir/build'.
[1.387s] make[2]: Leaving directory '/home/locobot/Documents/kobuki/build/ecl_exceptions'
[1.401s] [ 33%] Built target ecl_exceptions
[1.403s] /usr/bin/make -f src/examples/CMakeFiles/ecl_demo_exception_tracer.dir/build.make src/examples/CMakeFiles/ecl_demo_exception_tracer.dir/depend
[1.406s] make[2]: Entering directory '/home/locobot/Documents/kobuki/build/ecl_exceptions'
[1.407s] cd /home/locobot/Documents/kobuki/build/ecl_exceptions && /usr/bin/cmake -E cmake_depends "Unix Makefiles" /home/locobot/Documents/kobuki/src/ecl_core/ecl_exceptions /home/locobot/Documents/kobuki/src/ecl_core/ecl_exceptions/src/examples /home/locobot/Documents/kobuki/build/ecl_exceptions /home/locobot/Documents/kobuki/build/ecl_exceptions/src/examples /home/locobot/Documents/kobuki/build/ecl_exceptions/src/examples/CMakeFiles/ecl_demo_exception_tracer.dir/DependInfo.cmake --color=
[1.446s] make[2]: Leaving directory '/home/locobot/Documents/kobuki/build/ecl_exceptions'
[1.446s] /usr/bin/make -f src/examples/CMakeFiles/ecl_demo_exception_tracer.dir/build.make src/examples/CMakeFiles/ecl_demo_exception_tracer.dir/build
[1.452s] make[2]: Entering directory '/home/locobot/Documents/kobuki/build/ecl_exceptions'
[1.452s] make[2]: Nothing to be done for 'src/examples/CMakeFiles/ecl_demo_exception_tracer.dir/build'.
[1.452s] make[2]: Leaving directory '/home/locobot/Documents/kobuki/build/ecl_exceptions'
[1.465s] [ 66%] Built target ecl_demo_exception_tracer
[1.469s] /usr/bin/make -f src/examples/CMakeFiles/ecl_demo_exceptions.dir/build.make src/examples/CMakeFiles/ecl_demo_exceptions.dir/depend
[1.472s] make[2]: Entering directory '/home/locobot/Documents/kobuki/build/ecl_exceptions'
[1.472s] cd /home/locobot/Documents/kobuki/build/ecl_exceptions && /usr/bin/cmake -E cmake_depends "Unix Makefiles" /home/locobot/Documents/kobuki/src/ecl_core/ecl_exceptions /home/locobot/Documents/kobuki/src/ecl_core/ecl_exceptions/src/examples /home/locobot/Documents/kobuki/build/ecl_exceptions /home/locobot/Documents/kobuki/build/ecl_exceptions/src/examples /home/locobot/Documents/kobuki/build/ecl_exceptions/src/examples/CMakeFiles/ecl_demo_exceptions.dir/DependInfo.cmake --color=
[1.497s] make[2]: Leaving directory '/home/locobot/Documents/kobuki/build/ecl_exceptions'
[1.498s] /usr/bin/make -f src/examples/CMakeFiles/ecl_demo_exceptions.dir/build.make src/examples/CMakeFiles/ecl_demo_exceptions.dir/build
[1.500s] make[2]: Entering directory '/home/locobot/Documents/kobuki/build/ecl_exceptions'
[1.500s] make[2]: Nothing to be done for 'src/examples/CMakeFiles/ecl_demo_exceptions.dir/build'.
[1.501s] make[2]: Leaving directory '/home/locobot/Documents/kobuki/build/ecl_exceptions'
[1.517s] [100%] Built target ecl_demo_exceptions
[1.518s] make[1]: Leaving directory '/home/locobot/Documents/kobuki/build/ecl_exceptions'
[1.519s] /usr/bin/cmake -E cmake_progress_start /home/locobot/Documents/kobuki/build/ecl_exceptions/CMakeFiles 0
[1.566s] Invoked command in '/home/locobot/Documents/kobuki/build/ecl_exceptions' returned '0': AMENT_PREFIX_PATH=/home/locobot/Documents/kobuki/install CMAKE_PREFIX_PATH=/home/locobot/Documents/kobuki/install LD_LIBRARY_PATH=/home/locobot/Documents/kobuki/install/lib PATH=/home/locobot/Documents/kobuki/install/bin:${PATH} PYTHONPATH=/home/locobot/Documents/kobuki/install/lib/python3.8/site-packages /usr/bin/cmake --build /home/locobot/Documents/kobuki/build/ecl_exceptions -- -j4 -l4
[1.568s] Invoking command in '/home/locobot/Documents/kobuki/build/ecl_exceptions': AMENT_PREFIX_PATH=/home/locobot/Documents/kobuki/install CMAKE_PREFIX_PATH=/home/locobot/Documents/kobuki/install LD_LIBRARY_PATH=/home/locobot/Documents/kobuki/install/lib PATH=/home/locobot/Documents/kobuki/install/bin:${PATH} PYTHONPATH=/home/locobot/Documents/kobuki/install/lib/python3.8/site-packages /usr/bin/cmake --install /home/locobot/Documents/kobuki/build/ecl_exceptions
[1.586s] -- Install configuration: ""
[1.586s] -- Up-to-date: /home/locobot/Documents/kobuki/install/share/ecl_exceptions/environment/library_path.sh
[1.587s] -- Installing: /home/locobot/Documents/kobuki/install/share/ecl_exceptions/environment/library_path.dsv
[1.587s] -- Up-to-date: /home/locobot/Documents/kobuki/install/share/ament_index/resource_index/package_run_dependencies/ecl_exceptions
[1.587s] -- Up-to-date: /home/locobot/Documents/kobuki/install/share/ament_index/resource_index/parent_prefix_path/ecl_exceptions
[1.587s] -- Up-to-date: /home/locobot/Documents/kobuki/install/share/ecl_exceptions/environment/ament_prefix_path.sh
[1.587s] -- Installing: /home/locobot/Documents/kobuki/install/share/ecl_exceptions/environment/ament_prefix_path.dsv
[1.587s] -- Up-to-date: /home/locobot/Documents/kobuki/install/share/ecl_exceptions/environment/path.sh
[1.593s] -- Installing: /home/locobot/Documents/kobuki/install/share/ecl_exceptions/environment/path.dsv
[1.593s] -- Up-to-date: /home/locobot/Documents/kobuki/install/share/ecl_exceptions/local_setup.bash
[1.593s] -- Up-to-date: /home/locobot/Documents/kobuki/install/share/ecl_exceptions/local_setup.sh
[1.594s] -- Up-to-date: /home/locobot/Documents/kobuki/install/share/ecl_exceptions/local_setup.zsh
[1.595s] -- Installing: /home/locobot/Documents/kobuki/install/share/ecl_exceptions/local_setup.dsv
[1.595s] -- Installing: /home/locobot/Documents/kobuki/install/share/ecl_exceptions/package.dsv
[1.595s] -- Up-to-date: /home/locobot/Documents/kobuki/install/share/ament_index/resource_index/packages/ecl_exceptions
[1.609s] -- Up-to-date: /home/locobot/Documents/kobuki/install/share/ecl_exceptions/cmake/ecl_exceptionsExport.cmake
[1.610s] -- Installing: /home/locobot/Documents/kobuki/install/share/ecl_exceptions/cmake/ecl_exceptionsExport-noconfig.cmake
[1.611s] -- Up-to-date: /home/locobot/Documents/kobuki/install/share/ecl_exceptions/cmake/ament_cmake_export_targets-extras.cmake
[1.611s] -- Up-to-date: /home/locobot/Documents/kobuki/install/share/ecl_exceptions/cmake/ament_cmake_export_include_directories-extras.cmake
[1.611s] -- Up-to-date: /home/locobot/Documents/kobuki/install/share/ecl_exceptions/cmake/ament_cmake_export_libraries-extras.cmake
[1.611s] -- Up-to-date: /home/locobot/Documents/kobuki/install/share/ecl_exceptions/cmake/ament_cmake_export_dependencies-extras.cmake
[1.612s] -- Up-to-date: /home/locobot/Documents/kobuki/install/share/ecl_exceptions/cmake/ecl_exceptionsConfig.cmake
[1.612s] -- Up-to-date: /home/locobot/Documents/kobuki/install/share/ecl_exceptions/cmake/ecl_exceptionsConfig-version.cmake
[1.613s] -- Up-to-date: /home/locobot/Documents/kobuki/install/share/ecl_exceptions/package.xml
[1.613s] -- Up-to-date: /home/locobot/Documents/kobuki/install/include/ecl/exceptions.hpp
[1.613s] -- Up-to-date: /home/locobot/Documents/kobuki/install/include/ecl/exceptions/data_exception.hpp
[1.613s] -- Up-to-date: /home/locobot/Documents/kobuki/install/include/ecl/exceptions/exception.hpp
[1.613s] -- Up-to-date: /home/locobot/Documents/kobuki/install/include/ecl/exceptions/macros.hpp
[1.613s] -- Up-to-date: /home/locobot/Documents/kobuki/install/include/ecl/exceptions/posix_error_handler.hpp
[1.613s] -- Up-to-date: /home/locobot/Documents/kobuki/install/include/ecl/exceptions/standard_exception.hpp
[1.614s] -- Up-to-date: /home/locobot/Documents/kobuki/install/lib/libecl_exceptions.so.1.2.1
[1.614s] -- Up-to-date: /home/locobot/Documents/kobuki/install/lib/libecl_exceptions.so
[1.614s] -- Up-to-date: /home/locobot/Documents/kobuki/install/lib/ecl_exceptions/demo_exceptions
[1.614s] -- Up-to-date: /home/locobot/Documents/kobuki/install/lib/ecl_exceptions/demo_exception_tracer
[1.614s] Invoked command in '/home/locobot/Documents/kobuki/build/ecl_exceptions' returned '0': AMENT_PREFIX_PATH=/home/locobot/Documents/kobuki/install CMAKE_PREFIX_PATH=/home/locobot/Documents/kobuki/install LD_LIBRARY_PATH=/home/locobot/Documents/kobuki/install/lib PATH=/home/locobot/Documents/kobuki/install/bin:${PATH} PYTHONPATH=/home/locobot/Documents/kobuki/install/lib/python3.8/site-packages /usr/bin/cmake --install /home/locobot/Documents/kobuki/build/ecl_exceptions
