[0.203s] Invoking command in '/home/locobot/Documents/kobuki/build/ecl_config': AMENT_PREFIX_PATH=/home/locobot/Documents/kobuki/install CMAKE_PREFIX_PATH=/home/locobot/Documents/kobuki/install LD_LIBRARY_PATH=/home/locobot/Documents/kobuki/install/lib PATH=/home/locobot/Documents/kobuki/install/bin:${PATH} PYTHONPATH=/home/locobot/Documents/kobuki/install/lib/python3.8/site-packages /usr/bin/cmake /home/locobot/Documents/kobuki/src/ecl_lite/ecl_config -DBUILD_TESTING=OFF --no-warn-unused-cli -DCMAKE_INSTALL_PREFIX=/home/locobot/Documents/kobuki/install
[0.214s] Not searching for unused variables given on the command line.
[0.223s] -- Found ament_cmake_ros: 0.9.2 (/home/locobot/Documents/kobuki/install/share/ament_cmake_ros/cmake)
[0.250s] -- Using PYTHON_EXECUTABLE: /usr/bin/python3
[0.492s] -- Found ecl_build: 1.0.3 (/home/locobot/Documents/kobuki/install/share/ecl_build/cmake)
[0.746s] -- Configuring done
[0.757s] -- Generating done
[0.763s] -- Build files have been written to: /home/locobot/Documents/kobuki/build/ecl_config
[0.797s] Invoked command in '/home/locobot/Documents/kobuki/build/ecl_config' returned '0': AMENT_PREFIX_PATH=/home/locobot/Documents/kobuki/install CMAKE_PREFIX_PATH=/home/locobot/Documents/kobuki/install LD_LIBRARY_PATH=/home/locobot/Documents/kobuki/install/lib PATH=/home/locobot/Documents/kobuki/install/bin:${PATH} PYTHONPATH=/home/locobot/Documents/kobuki/install/lib/python3.8/site-packages /usr/bin/cmake /home/locobot/Documents/kobuki/src/ecl_lite/ecl_config -DBUILD_TESTING=OFF --no-warn-unused-cli -DCMAKE_INSTALL_PREFIX=/home/locobot/Documents/kobuki/install
[0.798s] Invoking command in '/home/locobot/Documents/kobuki/build/ecl_config': AMENT_PREFIX_PATH=/home/locobot/Documents/kobuki/install CMAKE_PREFIX_PATH=/home/locobot/Documents/kobuki/install LD_LIBRARY_PATH=/home/locobot/Documents/kobuki/install/lib PATH=/home/locobot/Documents/kobuki/install/bin:${PATH} PYTHONPATH=/home/locobot/Documents/kobuki/install/lib/python3.8/site-packages /usr/bin/cmake --build /home/locobot/Documents/kobuki/build/ecl_config -- -j4 -l4
[0.937s] [ 50%] Built target ecl_detect_posix
[0.987s] [100%] Built target ecl_detect_endian
[1.018s] Invoked command in '/home/locobot/Documents/kobuki/build/ecl_config' returned '0': AMENT_PREFIX_PATH=/home/locobot/Documents/kobuki/install CMAKE_PREFIX_PATH=/home/locobot/Documents/kobuki/install LD_LIBRARY_PATH=/home/locobot/Documents/kobuki/install/lib PATH=/home/locobot/Documents/kobuki/install/bin:${PATH} PYTHONPATH=/home/locobot/Documents/kobuki/install/lib/python3.8/site-packages /usr/bin/cmake --build /home/locobot/Documents/kobuki/build/ecl_config -- -j4 -l4
[1.021s] Invoking command in '/home/locobot/Documents/kobuki/build/ecl_config': AMENT_PREFIX_PATH=/home/locobot/Documents/kobuki/install CMAKE_PREFIX_PATH=/home/locobot/Documents/kobuki/install LD_LIBRARY_PATH=/home/locobot/Documents/kobuki/install/lib PATH=/home/locobot/Documents/kobuki/install/bin:${PATH} PYTHONPATH=/home/locobot/Documents/kobuki/install/lib/python3.8/site-packages /usr/bin/cmake --install /home/locobot/Documents/kobuki/build/ecl_config
[1.048s] -- Install configuration: ""
[1.050s] -- Up-to-date: /home/locobot/Documents/kobuki/install/share/ament_index/resource_index/package_run_dependencies/ecl_config
[1.050s] -- Up-to-date: /home/locobot/Documents/kobuki/install/share/ament_index/resource_index/parent_prefix_path/ecl_config
[1.050s] -- Up-to-date: /home/locobot/Documents/kobuki/install/share/ecl_config/environment/ament_prefix_path.sh
[1.051s] -- Installing: /home/locobot/Documents/kobuki/install/share/ecl_config/environment/ament_prefix_path.dsv
[1.051s] -- Up-to-date: /home/locobot/Documents/kobuki/install/share/ecl_config/environment/path.sh
[1.051s] -- Installing: /home/locobot/Documents/kobuki/install/share/ecl_config/environment/path.dsv
[1.051s] -- Up-to-date: /home/locobot/Documents/kobuki/install/share/ecl_config/local_setup.bash
[1.054s] -- Up-to-date: /home/locobot/Documents/kobuki/install/share/ecl_config/local_setup.sh
[1.054s] -- Up-to-date: /home/locobot/Documents/kobuki/install/share/ecl_config/local_setup.zsh
[1.054s] -- Installing: /home/locobot/Documents/kobuki/install/share/ecl_config/local_setup.dsv
[1.054s] -- Installing: /home/locobot/Documents/kobuki/install/share/ecl_config/package.dsv
[1.054s] -- Up-to-date: /home/locobot/Documents/kobuki/install/share/ament_index/resource_index/packages/ecl_config
[1.054s] -- Up-to-date: /home/locobot/Documents/kobuki/install/share/ecl_config/cmake/ecl_configExport.cmake
[1.054s] -- Up-to-date: /home/locobot/Documents/kobuki/install/share/ecl_config/cmake/ament_cmake_export_targets-extras.cmake
[1.055s] -- Up-to-date: /home/locobot/Documents/kobuki/install/share/ecl_config/cmake/ament_cmake_export_include_directories-extras.cmake
[1.055s] -- Up-to-date: /home/locobot/Documents/kobuki/install/share/ecl_config/cmake/ecl_configConfig.cmake
[1.055s] -- Up-to-date: /home/locobot/Documents/kobuki/install/share/ecl_config/cmake/ecl_configConfig-version.cmake
[1.055s] -- Up-to-date: /home/locobot/Documents/kobuki/install/share/ecl_config/package.xml
[1.055s] -- Up-to-date: /home/locobot/Documents/kobuki/install/include/ecl/config.hpp
[1.055s] -- Up-to-date: /home/locobot/Documents/kobuki/install/include/ecl/config/ecl.hpp
[1.055s] -- Up-to-date: /home/locobot/Documents/kobuki/install/include/ecl/config/char_sign.hpp
[1.056s] -- Up-to-date: /home/locobot/Documents/kobuki/install/include/ecl/config/ecl_unknown.hpp
[1.056s] -- Up-to-date: /home/locobot/Documents/kobuki/install/include/ecl/config/endianness.hpp
[1.056s] -- Up-to-date: /home/locobot/Documents/kobuki/install/include/ecl/config/macros.hpp
[1.061s] -- Up-to-date: /home/locobot/Documents/kobuki/install/include/ecl/config/portable_types.hpp
[1.061s] -- Up-to-date: /home/locobot/Documents/kobuki/install/include/ecl/config/windows.hpp
[1.061s] -- Up-to-date: /home/locobot/Documents/kobuki/install/bin/ecl_detect_endian
[1.061s] -- Up-to-date: /home/locobot/Documents/kobuki/install/bin/ecl_detect_posix
[1.084s] Invoked command in '/home/locobot/Documents/kobuki/build/ecl_config' returned '0': AMENT_PREFIX_PATH=/home/locobot/Documents/kobuki/install CMAKE_PREFIX_PATH=/home/locobot/Documents/kobuki/install LD_LIBRARY_PATH=/home/locobot/Documents/kobuki/install/lib PATH=/home/locobot/Documents/kobuki/install/bin:${PATH} PYTHONPATH=/home/locobot/Documents/kobuki/install/lib/python3.8/site-packages /usr/bin/cmake --install /home/locobot/Documents/kobuki/build/ecl_config
