[0.418s] Invoking command in '/home/locobot/Documents/kobuki/build/ecl_mobile_robot': AMENT_PREFIX_PATH=/home/locobot/Documents/kobuki/install CMAKE_PREFIX_PATH=/home/locobot/Documents/kobuki/install LD_LIBRARY_PATH=/home/locobot/Documents/kobuki/install/lib PATH=/home/locobot/Documents/kobuki/install/bin:${PATH} PKG_CONFIG_PATH=/home/locobot/Documents/kobuki/install/lib/x86_64-linux-gnu/pkgconfig:/home/locobot/Documents/kobuki/install/lib/pkgconfig PYTHONPATH=/home/locobot/Documents/kobuki/install/lib/python3.8/site-packages /usr/bin/cmake /home/locobot/Documents/kobuki/src/ecl_core/ecl_mobile_robot -DBUILD_TESTING=OFF -DCMAKE_INSTALL_PREFIX=/home/locobot/Documents/kobuki/install
[0.433s] Re-run cmake no build system arguments
[0.440s] -- Found ament_cmake_ros: 0.9.2 (/home/locobot/Documents/kobuki/install/share/ament_cmake_ros/cmake)
[0.475s] -- Using PYTHON_EXECUTABLE: /usr/bin/python3
[0.671s] -- Found ecl_build: 1.0.3 (/home/locobot/Documents/kobuki/install/share/ecl_build/cmake)
[0.681s] -- Found ecl_errors: 1.1.0 (/home/locobot/Documents/kobuki/install/share/ecl_errors/cmake)
[0.691s] -- Found ecl_formatters: 1.2.1 (/home/locobot/Documents/kobuki/install/share/ecl_formatters/cmake)
[0.761s] -- Found ecl_geometry: 1.2.1 (/home/locobot/Documents/kobuki/install/share/ecl_geometry/cmake)
[0.926s] -- Configuring done
[0.940s] -- Generating done
[0.944s] -- Build files have been written to: /home/locobot/Documents/kobuki/build/ecl_mobile_robot
[0.959s] Invoked command in '/home/locobot/Documents/kobuki/build/ecl_mobile_robot' returned '0': AMENT_PREFIX_PATH=/home/locobot/Documents/kobuki/install CMAKE_PREFIX_PATH=/home/locobot/Documents/kobuki/install LD_LIBRARY_PATH=/home/locobot/Documents/kobuki/install/lib PATH=/home/locobot/Documents/kobuki/install/bin:${PATH} PKG_CONFIG_PATH=/home/locobot/Documents/kobuki/install/lib/x86_64-linux-gnu/pkgconfig:/home/locobot/Documents/kobuki/install/lib/pkgconfig PYTHONPATH=/home/locobot/Documents/kobuki/install/lib/python3.8/site-packages /usr/bin/cmake /home/locobot/Documents/kobuki/src/ecl_core/ecl_mobile_robot -DBUILD_TESTING=OFF -DCMAKE_INSTALL_PREFIX=/home/locobot/Documents/kobuki/install
[0.960s] Invoking command in '/home/locobot/Documents/kobuki/build/ecl_mobile_robot': AMENT_PREFIX_PATH=/home/locobot/Documents/kobuki/install CMAKE_PREFIX_PATH=/home/locobot/Documents/kobuki/install LD_LIBRARY_PATH=/home/locobot/Documents/kobuki/install/lib PATH=/home/locobot/Documents/kobuki/install/bin:${PATH} PKG_CONFIG_PATH=/home/locobot/Documents/kobuki/install/lib/x86_64-linux-gnu/pkgconfig:/home/locobot/Documents/kobuki/install/lib/pkgconfig PYTHONPATH=/home/locobot/Documents/kobuki/install/lib/python3.8/site-packages /usr/bin/cmake --build /home/locobot/Documents/kobuki/build/ecl_mobile_robot -- -j4 -l4
[1.005s] /usr/bin/cmake -S/home/locobot/Documents/kobuki/src/ecl_core/ecl_mobile_robot -B/home/locobot/Documents/kobuki/build/ecl_mobile_robot --check-build-system CMakeFiles/Makefile.cmake 0
[1.021s] /usr/bin/cmake -E cmake_progress_start /home/locobot/Documents/kobuki/build/ecl_mobile_robot/CMakeFiles /home/locobot/Documents/kobuki/build/ecl_mobile_robot/CMakeFiles/progress.marks
[1.039s] /usr/bin/make -f CMakeFiles/Makefile2 all
[1.039s] make[1]: Entering directory '/home/locobot/Documents/kobuki/build/ecl_mobile_robot'
[1.039s] /usr/bin/make -f src/lib/CMakeFiles/ecl_mobile_robot.dir/build.make src/lib/CMakeFiles/ecl_mobile_robot.dir/depend
[1.039s] make[2]: Entering directory '/home/locobot/Documents/kobuki/build/ecl_mobile_robot'
[1.040s] cd /home/locobot/Documents/kobuki/build/ecl_mobile_robot && /usr/bin/cmake -E cmake_depends "Unix Makefiles" /home/locobot/Documents/kobuki/src/ecl_core/ecl_mobile_robot /home/locobot/Documents/kobuki/src/ecl_core/ecl_mobile_robot/src/lib /home/locobot/Documents/kobuki/build/ecl_mobile_robot /home/locobot/Documents/kobuki/build/ecl_mobile_robot/src/lib /home/locobot/Documents/kobuki/build/ecl_mobile_robot/src/lib/CMakeFiles/ecl_mobile_robot.dir/DependInfo.cmake --color=
[1.090s] make[2]: Leaving directory '/home/locobot/Documents/kobuki/build/ecl_mobile_robot'
[1.090s] /usr/bin/make -f src/lib/CMakeFiles/ecl_mobile_robot.dir/build.make src/lib/CMakeFiles/ecl_mobile_robot.dir/build
[1.090s] make[2]: Entering directory '/home/locobot/Documents/kobuki/build/ecl_mobile_robot'
[1.091s] make[2]: Nothing to be done for 'src/lib/CMakeFiles/ecl_mobile_robot.dir/build'.
[1.111s] make[2]: Leaving directory '/home/locobot/Documents/kobuki/build/ecl_mobile_robot'
[1.117s] [100%] Built target ecl_mobile_robot
[1.118s] make[1]: Leaving directory '/home/locobot/Documents/kobuki/build/ecl_mobile_robot'
[1.118s] /usr/bin/cmake -E cmake_progress_start /home/locobot/Documents/kobuki/build/ecl_mobile_robot/CMakeFiles 0
[1.175s] Invoked command in '/home/locobot/Documents/kobuki/build/ecl_mobile_robot' returned '0': AMENT_PREFIX_PATH=/home/locobot/Documents/kobuki/install CMAKE_PREFIX_PATH=/home/locobot/Documents/kobuki/install LD_LIBRARY_PATH=/home/locobot/Documents/kobuki/install/lib PATH=/home/locobot/Documents/kobuki/install/bin:${PATH} PKG_CONFIG_PATH=/home/locobot/Documents/kobuki/install/lib/x86_64-linux-gnu/pkgconfig:/home/locobot/Documents/kobuki/install/lib/pkgconfig PYTHONPATH=/home/locobot/Documents/kobuki/install/lib/python3.8/site-packages /usr/bin/cmake --build /home/locobot/Documents/kobuki/build/ecl_mobile_robot -- -j4 -l4
[1.176s] Invoking command in '/home/locobot/Documents/kobuki/build/ecl_mobile_robot': AMENT_PREFIX_PATH=/home/locobot/Documents/kobuki/install CMAKE_PREFIX_PATH=/home/locobot/Documents/kobuki/install LD_LIBRARY_PATH=/home/locobot/Documents/kobuki/install/lib PATH=/home/locobot/Documents/kobuki/install/bin:${PATH} PKG_CONFIG_PATH=/home/locobot/Documents/kobuki/install/lib/x86_64-linux-gnu/pkgconfig:/home/locobot/Documents/kobuki/install/lib/pkgconfig PYTHONPATH=/home/locobot/Documents/kobuki/install/lib/python3.8/site-packages /usr/bin/cmake --install /home/locobot/Documents/kobuki/build/ecl_mobile_robot
[1.202s] -- Install configuration: ""
[1.202s] -- Up-to-date: /home/locobot/Documents/kobuki/install/share/ecl_mobile_robot/environment/library_path.sh
[1.202s] -- Installing: /home/locobot/Documents/kobuki/install/share/ecl_mobile_robot/environment/library_path.dsv
[1.202s] -- Up-to-date: /home/locobot/Documents/kobuki/install/share/ament_index/resource_index/package_run_dependencies/ecl_mobile_robot
[1.202s] -- Up-to-date: /home/locobot/Documents/kobuki/install/share/ament_index/resource_index/parent_prefix_path/ecl_mobile_robot
[1.202s] -- Up-to-date: /home/locobot/Documents/kobuki/install/share/ecl_mobile_robot/environment/ament_prefix_path.sh
[1.202s] -- Installing: /home/locobot/Documents/kobuki/install/share/ecl_mobile_robot/environment/ament_prefix_path.dsv
[1.203s] -- Up-to-date: /home/locobot/Documents/kobuki/install/share/ecl_mobile_robot/environment/path.sh
[1.203s] -- Installing: /home/locobot/Documents/kobuki/install/share/ecl_mobile_robot/environment/path.dsv
[1.203s] -- Up-to-date: /home/locobot/Documents/kobuki/install/share/ecl_mobile_robot/local_setup.bash
[1.204s] -- Up-to-date: /home/locobot/Documents/kobuki/install/share/ecl_mobile_robot/local_setup.sh
[1.204s] -- Up-to-date: /home/locobot/Documents/kobuki/install/share/ecl_mobile_robot/local_setup.zsh
[1.204s] -- Installing: /home/locobot/Documents/kobuki/install/share/ecl_mobile_robot/local_setup.dsv
[1.204s] -- Installing: /home/locobot/Documents/kobuki/install/share/ecl_mobile_robot/package.dsv
[1.205s] -- Up-to-date: /home/locobot/Documents/kobuki/install/share/ament_index/resource_index/packages/ecl_mobile_robot
[1.205s] -- Up-to-date: /home/locobot/Documents/kobuki/install/share/ecl_mobile_robot/cmake/ecl_mobile_robotExport.cmake
[1.205s] -- Installing: /home/locobot/Documents/kobuki/install/share/ecl_mobile_robot/cmake/ecl_mobile_robotExport-noconfig.cmake
[1.205s] -- Up-to-date: /home/locobot/Documents/kobuki/install/share/ecl_mobile_robot/cmake/ament_cmake_export_targets-extras.cmake
[1.205s] -- Up-to-date: /home/locobot/Documents/kobuki/install/share/ecl_mobile_robot/cmake/ament_cmake_export_include_directories-extras.cmake
[1.206s] -- Up-to-date: /home/locobot/Documents/kobuki/install/share/ecl_mobile_robot/cmake/ament_cmake_export_libraries-extras.cmake
[1.206s] -- Up-to-date: /home/locobot/Documents/kobuki/install/share/ecl_mobile_robot/cmake/ament_cmake_export_dependencies-extras.cmake
[1.206s] -- Up-to-date: /home/locobot/Documents/kobuki/install/share/ecl_mobile_robot/cmake/ecl_mobile_robotConfig.cmake
[1.206s] -- Up-to-date: /home/locobot/Documents/kobuki/install/share/ecl_mobile_robot/cmake/ecl_mobile_robotConfig-version.cmake
[1.206s] -- Up-to-date: /home/locobot/Documents/kobuki/install/share/ecl_mobile_robot/package.xml
[1.206s] -- Up-to-date: /home/locobot/Documents/kobuki/install/include/ecl/mobile_robot.hpp
[1.207s] -- Up-to-date: /home/locobot/Documents/kobuki/install/include/ecl/mobile_robot/differential_drive.hpp
[1.207s] -- Up-to-date: /home/locobot/Documents/kobuki/install/include/ecl/mobile_robot/macros.hpp
[1.207s] -- Up-to-date: /home/locobot/Documents/kobuki/install/include/ecl/mobile_robot/kinematics/differential_drive.hpp
[1.207s] -- Up-to-date: /home/locobot/Documents/kobuki/install/lib/libecl_mobile_robot.so.1.2.1
[1.207s] -- Up-to-date: /home/locobot/Documents/kobuki/install/lib/libecl_mobile_robot.so
[1.208s] Invoked command in '/home/locobot/Documents/kobuki/build/ecl_mobile_robot' returned '0': AMENT_PREFIX_PATH=/home/locobot/Documents/kobuki/install CMAKE_PREFIX_PATH=/home/locobot/Documents/kobuki/install LD_LIBRARY_PATH=/home/locobot/Documents/kobuki/install/lib PATH=/home/locobot/Documents/kobuki/install/bin:${PATH} PKG_CONFIG_PATH=/home/locobot/Documents/kobuki/install/lib/x86_64-linux-gnu/pkgconfig:/home/locobot/Documents/kobuki/install/lib/pkgconfig PYTHONPATH=/home/locobot/Documents/kobuki/install/lib/python3.8/site-packages /usr/bin/cmake --install /home/locobot/Documents/kobuki/build/ecl_mobile_robot
