[1.462s] Invoking command in '/home/locobot/Documents/kobuki/src/ament_lint/ament_cppcheck': PYTHONPATH=/home/locobot/Documents/kobuki/build/ament_cppcheck/prefix_override:/home/locobot/.local/lib/python3.8/site-packages/colcon_core/task/python/colcon_distutils_commands:/home/locobot/Documents/kobuki/install/lib/python3.8/site-packages: /usr/bin/python3 -W ignore:setup.py install is deprecated -W ignore:easy_install command is deprecated setup.py egg_info --egg-base ../../../build/ament_cppcheck build --build-base /home/locobot/Documents/kobuki/build/ament_cppcheck/build install --record /home/locobot/Documents/kobuki/build/ament_cppcheck/install.log --single-version-externally-managed install_data
[1.841s] running egg_info
[1.842s] writing ../../../build/ament_cppcheck/ament_cppcheck.egg-info/PKG-INFO
[1.849s] writing dependency_links to ../../../build/ament_cppcheck/ament_cppcheck.egg-info/dependency_links.txt
[1.849s] writing entry points to ../../../build/ament_cppcheck/ament_cppcheck.egg-info/entry_points.txt
[1.850s] writing requirements to ../../../build/ament_cppcheck/ament_cppcheck.egg-info/requires.txt
[1.850s] writing top-level names to ../../../build/ament_cppcheck/ament_cppcheck.egg-info/top_level.txt
[1.906s] reading manifest file '../../../build/ament_cppcheck/ament_cppcheck.egg-info/SOURCES.txt'
[1.908s] writing manifest file '../../../build/ament_cppcheck/ament_cppcheck.egg-info/SOURCES.txt'
[1.908s] running build
[1.908s] running build_py
[1.908s] running install
[1.909s] running install_lib
[1.913s] running install_data
[1.914s] running install_egg_info
[1.914s] removing '/home/locobot/Documents/kobuki/install/lib/python3.8/site-packages/ament_cppcheck-0.9.8-py3.8.egg-info' (and everything under it)
[1.915s] Copying ../../../build/ament_cppcheck/ament_cppcheck.egg-info to /home/locobot/Documents/kobuki/install/lib/python3.8/site-packages/ament_cppcheck-0.9.8-py3.8.egg-info
[1.916s] running install_scripts
[1.938s] Installing ament_cppcheck script to /home/locobot/Documents/kobuki/install/bin
[1.939s] writing list of installed files to '/home/locobot/Documents/kobuki/build/ament_cppcheck/install.log'
[2.055s] Invoked command in '/home/locobot/Documents/kobuki/src/ament_lint/ament_cppcheck' returned '0': PYTHONPATH=/home/locobot/Documents/kobuki/build/ament_cppcheck/prefix_override:/home/locobot/.local/lib/python3.8/site-packages/colcon_core/task/python/colcon_distutils_commands:/home/locobot/Documents/kobuki/install/lib/python3.8/site-packages: /usr/bin/python3 -W ignore:setup.py install is deprecated -W ignore:easy_install command is deprecated setup.py egg_info --egg-base ../../../build/ament_cppcheck build --build-base /home/locobot/Documents/kobuki/build/ament_cppcheck/build install --record /home/locobot/Documents/kobuki/build/ament_cppcheck/install.log --single-version-externally-managed install_data
