Re-run cmake no build system arguments
-- Found ament_cmake_ros: 0.9.2 (/home/locobot/Documents/kobuki/install/share/ament_cmake_ros/cmake)
-- Using PYTHON_EXECUTABLE: /usr/bin/python3
-- Found ecl_build: 1.0.3 (/home/locobot/Documents/kobuki/install/share/ecl_build/cmake)
-- Found ecl_config: 1.1.0 (/home/locobot/Documents/kobuki/install/share/ecl_config/cmake)
-- Configuring done
-- Generating done
-- Build files have been written to: /home/locobot/Documents/kobuki/build/ecl_errors
/usr/bin/cmake -S/home/locobot/Documents/kobuki/src/ecl_lite/ecl_errors -B/home/locobot/Documents/kobuki/build/ecl_errors --check-build-system CMakeFiles/Makefile.cmake 0
/usr/bin/cmake -E cmake_progress_start /home/locobot/Documents/kobuki/build/ecl_errors/CMakeFiles /home/locobot/Documents/kobuki/build/ecl_errors/CMakeFiles/progress.marks
/usr/bin/make -f CMakeFiles/Makefile2 all
make[1]: Entering directory '/home/locobot/Documents/kobuki/build/ecl_errors'
/usr/bin/make -f src/lib/CMakeFiles/ecl_errors.dir/build.make src/lib/CMakeFiles/ecl_errors.dir/depend
make[2]: Entering directory '/home/locobot/Documents/kobuki/build/ecl_errors'
cd /home/locobot/Documents/kobuki/build/ecl_errors && /usr/bin/cmake -E cmake_depends "Unix Makefiles" /home/locobot/Documents/kobuki/src/ecl_lite/ecl_errors /home/locobot/Documents/kobuki/src/ecl_lite/ecl_errors/src/lib /home/locobot/Documents/kobuki/build/ecl_errors /home/locobot/Documents/kobuki/build/ecl_errors/src/lib /home/locobot/Documents/kobuki/build/ecl_errors/src/lib/CMakeFiles/ecl_errors.dir/DependInfo.cmake --color=
make[2]: Leaving directory '/home/locobot/Documents/kobuki/build/ecl_errors'
/usr/bin/make -f src/lib/CMakeFiles/ecl_errors.dir/build.make src/lib/CMakeFiles/ecl_errors.dir/build
make[2]: Entering directory '/home/locobot/Documents/kobuki/build/ecl_errors'
make[2]: Nothing to be done for 'src/lib/CMakeFiles/ecl_errors.dir/build'.
make[2]: Leaving directory '/home/locobot/Documents/kobuki/build/ecl_errors'
[ 50%] Built target ecl_errors
/usr/bin/make -f src/examples/CMakeFiles/ecl_errors_example_errors.dir/build.make src/examples/CMakeFiles/ecl_errors_example_errors.dir/depend
make[2]: Entering directory '/home/locobot/Documents/kobuki/build/ecl_errors'
cd /home/locobot/Documents/kobuki/build/ecl_errors && /usr/bin/cmake -E cmake_depends "Unix Makefiles" /home/locobot/Documents/kobuki/src/ecl_lite/ecl_errors /home/locobot/Documents/kobuki/src/ecl_lite/ecl_errors/src/examples /home/locobot/Documents/kobuki/build/ecl_errors /home/locobot/Documents/kobuki/build/ecl_errors/src/examples /home/locobot/Documents/kobuki/build/ecl_errors/src/examples/CMakeFiles/ecl_errors_example_errors.dir/DependInfo.cmake --color=
make[2]: Leaving directory '/home/locobot/Documents/kobuki/build/ecl_errors'
/usr/bin/make -f src/examples/CMakeFiles/ecl_errors_example_errors.dir/build.make src/examples/CMakeFiles/ecl_errors_example_errors.dir/build
make[2]: Entering directory '/home/locobot/Documents/kobuki/build/ecl_errors'
make[2]: Nothing to be done for 'src/examples/CMakeFiles/ecl_errors_example_errors.dir/build'.
make[2]: Leaving directory '/home/locobot/Documents/kobuki/build/ecl_errors'
[100%] Built target ecl_errors_example_errors
make[1]: Leaving directory '/home/locobot/Documents/kobuki/build/ecl_errors'
/usr/bin/cmake -E cmake_progress_start /home/locobot/Documents/kobuki/build/ecl_errors/CMakeFiles 0
-- Install configuration: ""
-- Up-to-date: /home/locobot/Documents/kobuki/install/share/ecl_errors/environment/library_path.sh
-- Installing: /home/locobot/Documents/kobuki/install/share/ecl_errors/environment/library_path.dsv
-- Up-to-date: /home/locobot/Documents/kobuki/install/share/ament_index/resource_index/package_run_dependencies/ecl_errors
-- Up-to-date: /home/locobot/Documents/kobuki/install/share/ament_index/resource_index/parent_prefix_path/ecl_errors
-- Up-to-date: /home/locobot/Documents/kobuki/install/share/ecl_errors/environment/ament_prefix_path.sh
-- Installing: /home/locobot/Documents/kobuki/install/share/ecl_errors/environment/ament_prefix_path.dsv
-- Up-to-date: /home/locobot/Documents/kobuki/install/share/ecl_errors/environment/path.sh
-- Installing: /home/locobot/Documents/kobuki/install/share/ecl_errors/environment/path.dsv
-- Up-to-date: /home/locobot/Documents/kobuki/install/share/ecl_errors/local_setup.bash
-- Up-to-date: /home/locobot/Documents/kobuki/install/share/ecl_errors/local_setup.sh
-- Up-to-date: /home/locobot/Documents/kobuki/install/share/ecl_errors/local_setup.zsh
-- Installing: /home/locobot/Documents/kobuki/install/share/ecl_errors/local_setup.dsv
-- Installing: /home/locobot/Documents/kobuki/install/share/ecl_errors/package.dsv
-- Up-to-date: /home/locobot/Documents/kobuki/install/share/ament_index/resource_index/packages/ecl_errors
-- Up-to-date: /home/locobot/Documents/kobuki/install/share/ecl_errors/cmake/ecl_errorsExport.cmake
-- Installing: /home/locobot/Documents/kobuki/install/share/ecl_errors/cmake/ecl_errorsExport-noconfig.cmake
-- Up-to-date: /home/locobot/Documents/kobuki/install/share/ecl_errors/cmake/ament_cmake_export_targets-extras.cmake
-- Up-to-date: /home/locobot/Documents/kobuki/install/share/ecl_errors/cmake/ament_cmake_export_include_directories-extras.cmake
-- Up-to-date: /home/locobot/Documents/kobuki/install/share/ecl_errors/cmake/ament_cmake_export_libraries-extras.cmake
-- Up-to-date: /home/locobot/Documents/kobuki/install/share/ecl_errors/cmake/ament_cmake_export_dependencies-extras.cmake
-- Up-to-date: /home/locobot/Documents/kobuki/install/share/ecl_errors/cmake/ecl_errorsConfig.cmake
-- Up-to-date: /home/locobot/Documents/kobuki/install/share/ecl_errors/cmake/ecl_errorsConfig-version.cmake
-- Up-to-date: /home/locobot/Documents/kobuki/install/share/ecl_errors/package.xml
-- Up-to-date: /home/locobot/Documents/kobuki/install/include/ecl/errors.hpp
-- Up-to-date: /home/locobot/Documents/kobuki/install/include/ecl/errors/compile_time_assert.hpp
-- Up-to-date: /home/locobot/Documents/kobuki/install/include/ecl/errors/flags.hpp
-- Up-to-date: /home/locobot/Documents/kobuki/install/include/ecl/errors/handlers.hpp
-- Up-to-date: /home/locobot/Documents/kobuki/install/include/ecl/errors/macros.hpp
-- Up-to-date: /home/locobot/Documents/kobuki/install/include/ecl/errors/run_time_functions.hpp
-- Up-to-date: /home/locobot/Documents/kobuki/install/lib/libecl_errors.so.1.1.0
-- Up-to-date: /home/locobot/Documents/kobuki/install/lib/libecl_errors.so
-- Up-to-date: /home/locobot/Documents/kobuki/install/lib/ecl_errors/demo_errors
