[0.554s] Invoking command in '/home/locobot/Documents/kobuki/build/ecl_errors': AMENT_PREFIX_PATH=/home/locobot/Documents/kobuki/install CMAKE_PREFIX_PATH=/home/locobot/Documents/kobuki/install LD_LIBRARY_PATH=/home/locobot/Documents/kobuki/install/lib PATH=/home/locobot/Documents/kobuki/install/bin:${PATH} PYTHONPATH=/home/locobot/Documents/kobuki/install/lib/python3.8/site-packages /usr/bin/cmake /home/locobot/Documents/kobuki/src/ecl_lite/ecl_errors -DBUILD_TESTING=OFF -DCMAKE_INSTALL_PREFIX=/home/locobot/Documents/kobuki/install
[0.581s] Re-run cmake no build system arguments
[0.589s] -- Found ament_cmake_ros: 0.9.2 (/home/locobot/Documents/kobuki/install/share/ament_cmake_ros/cmake)
[0.604s] -- Using PYTHON_EXECUTABLE: /usr/bin/python3
[0.909s] -- Found ecl_build: 1.0.3 (/home/locobot/Documents/kobuki/install/share/ecl_build/cmake)
[0.933s] -- Found ecl_config: 1.1.0 (/home/locobot/Documents/kobuki/install/share/ecl_config/cmake)
[1.120s] -- Configuring done
[1.147s] -- Generating done
[1.152s] -- Build files have been written to: /home/locobot/Documents/kobuki/build/ecl_errors
[1.161s] Invoked command in '/home/locobot/Documents/kobuki/build/ecl_errors' returned '0': AMENT_PREFIX_PATH=/home/locobot/Documents/kobuki/install CMAKE_PREFIX_PATH=/home/locobot/Documents/kobuki/install LD_LIBRARY_PATH=/home/locobot/Documents/kobuki/install/lib PATH=/home/locobot/Documents/kobuki/install/bin:${PATH} PYTHONPATH=/home/locobot/Documents/kobuki/install/lib/python3.8/site-packages /usr/bin/cmake /home/locobot/Documents/kobuki/src/ecl_lite/ecl_errors -DBUILD_TESTING=OFF -DCMAKE_INSTALL_PREFIX=/home/locobot/Documents/kobuki/install
[1.162s] Invoking command in '/home/locobot/Documents/kobuki/build/ecl_errors': AMENT_PREFIX_PATH=/home/locobot/Documents/kobuki/install CMAKE_PREFIX_PATH=/home/locobot/Documents/kobuki/install LD_LIBRARY_PATH=/home/locobot/Documents/kobuki/install/lib PATH=/home/locobot/Documents/kobuki/install/bin:${PATH} PYTHONPATH=/home/locobot/Documents/kobuki/install/lib/python3.8/site-packages /usr/bin/cmake --build /home/locobot/Documents/kobuki/build/ecl_errors -- -j4 -l4
[1.188s] /usr/bin/cmake -S/home/locobot/Documents/kobuki/src/ecl_lite/ecl_errors -B/home/locobot/Documents/kobuki/build/ecl_errors --check-build-system CMakeFiles/Makefile.cmake 0
[1.213s] /usr/bin/cmake -E cmake_progress_start /home/locobot/Documents/kobuki/build/ecl_errors/CMakeFiles /home/locobot/Documents/kobuki/build/ecl_errors/CMakeFiles/progress.marks
[1.226s] /usr/bin/make -f CMakeFiles/Makefile2 all
[1.231s] make[1]: Entering directory '/home/locobot/Documents/kobuki/build/ecl_errors'
[1.231s] /usr/bin/make -f src/lib/CMakeFiles/ecl_errors.dir/build.make src/lib/CMakeFiles/ecl_errors.dir/depend
[1.240s] make[2]: Entering directory '/home/locobot/Documents/kobuki/build/ecl_errors'
[1.240s] cd /home/locobot/Documents/kobuki/build/ecl_errors && /usr/bin/cmake -E cmake_depends "Unix Makefiles" /home/locobot/Documents/kobuki/src/ecl_lite/ecl_errors /home/locobot/Documents/kobuki/src/ecl_lite/ecl_errors/src/lib /home/locobot/Documents/kobuki/build/ecl_errors /home/locobot/Documents/kobuki/build/ecl_errors/src/lib /home/locobot/Documents/kobuki/build/ecl_errors/src/lib/CMakeFiles/ecl_errors.dir/DependInfo.cmake --color=
[1.254s] make[2]: Leaving directory '/home/locobot/Documents/kobuki/build/ecl_errors'
[1.254s] /usr/bin/make -f src/lib/CMakeFiles/ecl_errors.dir/build.make src/lib/CMakeFiles/ecl_errors.dir/build
[1.261s] make[2]: Entering directory '/home/locobot/Documents/kobuki/build/ecl_errors'
[1.262s] make[2]: Nothing to be done for 'src/lib/CMakeFiles/ecl_errors.dir/build'.
[1.262s] make[2]: Leaving directory '/home/locobot/Documents/kobuki/build/ecl_errors'
[1.274s] [ 50%] Built target ecl_errors
[1.274s] /usr/bin/make -f src/examples/CMakeFiles/ecl_errors_example_errors.dir/build.make src/examples/CMakeFiles/ecl_errors_example_errors.dir/depend
[1.277s] make[2]: Entering directory '/home/locobot/Documents/kobuki/build/ecl_errors'
[1.277s] cd /home/locobot/Documents/kobuki/build/ecl_errors && /usr/bin/cmake -E cmake_depends "Unix Makefiles" /home/locobot/Documents/kobuki/src/ecl_lite/ecl_errors /home/locobot/Documents/kobuki/src/ecl_lite/ecl_errors/src/examples /home/locobot/Documents/kobuki/build/ecl_errors /home/locobot/Documents/kobuki/build/ecl_errors/src/examples /home/locobot/Documents/kobuki/build/ecl_errors/src/examples/CMakeFiles/ecl_errors_example_errors.dir/DependInfo.cmake --color=
[1.291s] make[2]: Leaving directory '/home/locobot/Documents/kobuki/build/ecl_errors'
[1.292s] /usr/bin/make -f src/examples/CMakeFiles/ecl_errors_example_errors.dir/build.make src/examples/CMakeFiles/ecl_errors_example_errors.dir/build
[1.293s] make[2]: Entering directory '/home/locobot/Documents/kobuki/build/ecl_errors'
[1.295s] make[2]: Nothing to be done for 'src/examples/CMakeFiles/ecl_errors_example_errors.dir/build'.
[1.295s] make[2]: Leaving directory '/home/locobot/Documents/kobuki/build/ecl_errors'
[1.305s] [100%] Built target ecl_errors_example_errors
[1.306s] make[1]: Leaving directory '/home/locobot/Documents/kobuki/build/ecl_errors'
[1.306s] /usr/bin/cmake -E cmake_progress_start /home/locobot/Documents/kobuki/build/ecl_errors/CMakeFiles 0
[1.326s] Invoked command in '/home/locobot/Documents/kobuki/build/ecl_errors' returned '0': AMENT_PREFIX_PATH=/home/locobot/Documents/kobuki/install CMAKE_PREFIX_PATH=/home/locobot/Documents/kobuki/install LD_LIBRARY_PATH=/home/locobot/Documents/kobuki/install/lib PATH=/home/locobot/Documents/kobuki/install/bin:${PATH} PYTHONPATH=/home/locobot/Documents/kobuki/install/lib/python3.8/site-packages /usr/bin/cmake --build /home/locobot/Documents/kobuki/build/ecl_errors -- -j4 -l4
[1.331s] Invoking command in '/home/locobot/Documents/kobuki/build/ecl_errors': AMENT_PREFIX_PATH=/home/locobot/Documents/kobuki/install CMAKE_PREFIX_PATH=/home/locobot/Documents/kobuki/install LD_LIBRARY_PATH=/home/locobot/Documents/kobuki/install/lib PATH=/home/locobot/Documents/kobuki/install/bin:${PATH} PYTHONPATH=/home/locobot/Documents/kobuki/install/lib/python3.8/site-packages /usr/bin/cmake --install /home/locobot/Documents/kobuki/build/ecl_errors
[1.345s] -- Install configuration: ""
[1.345s] -- Up-to-date: /home/locobot/Documents/kobuki/install/share/ecl_errors/environment/library_path.sh
[1.346s] -- Installing: /home/locobot/Documents/kobuki/install/share/ecl_errors/environment/library_path.dsv
[1.346s] -- Up-to-date: /home/locobot/Documents/kobuki/install/share/ament_index/resource_index/package_run_dependencies/ecl_errors
[1.346s] -- Up-to-date: /home/locobot/Documents/kobuki/install/share/ament_index/resource_index/parent_prefix_path/ecl_errors
[1.346s] -- Up-to-date: /home/locobot/Documents/kobuki/install/share/ecl_errors/environment/ament_prefix_path.sh
[1.346s] -- Installing: /home/locobot/Documents/kobuki/install/share/ecl_errors/environment/ament_prefix_path.dsv
[1.347s] -- Up-to-date: /home/locobot/Documents/kobuki/install/share/ecl_errors/environment/path.sh
[1.347s] -- Installing: /home/locobot/Documents/kobuki/install/share/ecl_errors/environment/path.dsv
[1.347s] -- Up-to-date: /home/locobot/Documents/kobuki/install/share/ecl_errors/local_setup.bash
[1.352s] -- Up-to-date: /home/locobot/Documents/kobuki/install/share/ecl_errors/local_setup.sh
[1.352s] -- Up-to-date: /home/locobot/Documents/kobuki/install/share/ecl_errors/local_setup.zsh
[1.352s] -- Installing: /home/locobot/Documents/kobuki/install/share/ecl_errors/local_setup.dsv
[1.353s] -- Installing: /home/locobot/Documents/kobuki/install/share/ecl_errors/package.dsv
[1.360s] -- Up-to-date: /home/locobot/Documents/kobuki/install/share/ament_index/resource_index/packages/ecl_errors
[1.360s] -- Up-to-date: /home/locobot/Documents/kobuki/install/share/ecl_errors/cmake/ecl_errorsExport.cmake
[1.361s] -- Installing: /home/locobot/Documents/kobuki/install/share/ecl_errors/cmake/ecl_errorsExport-noconfig.cmake
[1.361s] -- Up-to-date: /home/locobot/Documents/kobuki/install/share/ecl_errors/cmake/ament_cmake_export_targets-extras.cmake
[1.361s] -- Up-to-date: /home/locobot/Documents/kobuki/install/share/ecl_errors/cmake/ament_cmake_export_include_directories-extras.cmake
[1.361s] -- Up-to-date: /home/locobot/Documents/kobuki/install/share/ecl_errors/cmake/ament_cmake_export_libraries-extras.cmake
[1.362s] -- Up-to-date: /home/locobot/Documents/kobuki/install/share/ecl_errors/cmake/ament_cmake_export_dependencies-extras.cmake
[1.362s] -- Up-to-date: /home/locobot/Documents/kobuki/install/share/ecl_errors/cmake/ecl_errorsConfig.cmake
[1.362s] -- Up-to-date: /home/locobot/Documents/kobuki/install/share/ecl_errors/cmake/ecl_errorsConfig-version.cmake
[1.362s] -- Up-to-date: /home/locobot/Documents/kobuki/install/share/ecl_errors/package.xml
[1.363s] -- Up-to-date: /home/locobot/Documents/kobuki/install/include/ecl/errors.hpp
[1.363s] -- Up-to-date: /home/locobot/Documents/kobuki/install/include/ecl/errors/compile_time_assert.hpp
[1.363s] -- Up-to-date: /home/locobot/Documents/kobuki/install/include/ecl/errors/flags.hpp
[1.363s] -- Up-to-date: /home/locobot/Documents/kobuki/install/include/ecl/errors/handlers.hpp
[1.363s] -- Up-to-date: /home/locobot/Documents/kobuki/install/include/ecl/errors/macros.hpp
[1.364s] -- Up-to-date: /home/locobot/Documents/kobuki/install/include/ecl/errors/run_time_functions.hpp
[1.364s] -- Up-to-date: /home/locobot/Documents/kobuki/install/lib/libecl_errors.so.1.1.0
[1.364s] -- Up-to-date: /home/locobot/Documents/kobuki/install/lib/libecl_errors.so
[1.364s] -- Up-to-date: /home/locobot/Documents/kobuki/install/lib/ecl_errors/demo_errors
[1.365s] Invoked command in '/home/locobot/Documents/kobuki/build/ecl_errors' returned '0': AMENT_PREFIX_PATH=/home/locobot/Documents/kobuki/install CMAKE_PREFIX_PATH=/home/locobot/Documents/kobuki/install LD_LIBRARY_PATH=/home/locobot/Documents/kobuki/install/lib PATH=/home/locobot/Documents/kobuki/install/bin:${PATH} PYTHONPATH=/home/locobot/Documents/kobuki/install/lib/python3.8/site-packages /usr/bin/cmake --install /home/locobot/Documents/kobuki/build/ecl_errors
