[1.077s] Invoking command in '/home/locobot/Documents/kobuki/src/ament_lint/ament_pclint': AMENT_PREFIX_PATH=/home/locobot/Documents/kobuki/install CMAKE_PREFIX_PATH=/home/locobot/Documents/kobuki/install LD_LIBRARY_PATH=/home/locobot/Documents/kobuki/install/lib PATH=/home/locobot/Documents/kobuki/install/bin:${PATH} PYTHONPATH=/home/locobot/Documents/kobuki/build/ament_pclint/prefix_override:/home/locobot/.local/lib/python3.8/site-packages/colcon_core/task/python/colcon_distutils_commands:/home/locobot/Documents/kobuki/install/lib/python3.8/site-packages:/home/locobot/Documents/kobuki/install/lib/python3.8/site-packages /usr/bin/python3 -W ignore:setup.py install is deprecated -W ignore:easy_install command is deprecated setup.py egg_info --egg-base ../../../build/ament_pclint build --build-base /home/locobot/Documents/kobuki/build/ament_pclint/build install --record /home/locobot/Documents/kobuki/build/ament_pclint/install.log --single-version-externally-managed install_data
[1.362s] running egg_info
[1.363s] writing ../../../build/ament_pclint/ament_pclint.egg-info/PKG-INFO
[1.365s] writing dependency_links to ../../../build/ament_pclint/ament_pclint.egg-info/dependency_links.txt
[1.379s] writing entry points to ../../../build/ament_pclint/ament_pclint.egg-info/entry_points.txt
[1.380s] writing requirements to ../../../build/ament_pclint/ament_pclint.egg-info/requires.txt
[1.380s] writing top-level names to ../../../build/ament_pclint/ament_pclint.egg-info/top_level.txt
[1.451s] reading manifest file '../../../build/ament_pclint/ament_pclint.egg-info/SOURCES.txt'
[1.451s] writing manifest file '../../../build/ament_pclint/ament_pclint.egg-info/SOURCES.txt'
[1.452s] running build
[1.452s] running build_py
[1.459s] running install
[1.459s] running install_lib
[1.459s] running install_data
[1.460s] running install_egg_info
[1.467s] removing '/home/locobot/Documents/kobuki/install/lib/python3.8/site-packages/ament_pclint-0.9.8-py3.8.egg-info' (and everything under it)
[1.467s] Copying ../../../build/ament_pclint/ament_pclint.egg-info to /home/locobot/Documents/kobuki/install/lib/python3.8/site-packages/ament_pclint-0.9.8-py3.8.egg-info
[1.467s] running install_scripts
[1.491s] Installing ament_pclint script to /home/locobot/Documents/kobuki/install/bin
[1.491s] writing list of installed files to '/home/locobot/Documents/kobuki/build/ament_pclint/install.log'
[1.560s] Invoked command in '/home/locobot/Documents/kobuki/src/ament_lint/ament_pclint' returned '0': AMENT_PREFIX_PATH=/home/locobot/Documents/kobuki/install CMAKE_PREFIX_PATH=/home/locobot/Documents/kobuki/install LD_LIBRARY_PATH=/home/locobot/Documents/kobuki/install/lib PATH=/home/locobot/Documents/kobuki/install/bin:${PATH} PYTHONPATH=/home/locobot/Documents/kobuki/build/ament_pclint/prefix_override:/home/locobot/.local/lib/python3.8/site-packages/colcon_core/task/python/colcon_distutils_commands:/home/locobot/Documents/kobuki/install/lib/python3.8/site-packages:/home/locobot/Documents/kobuki/install/lib/python3.8/site-packages /usr/bin/python3 -W ignore:setup.py install is deprecated -W ignore:easy_install command is deprecated setup.py egg_info --egg-base ../../../build/ament_pclint build --build-base /home/locobot/Documents/kobuki/build/ament_pclint/build install --record /home/locobot/Documents/kobuki/build/ament_pclint/install.log --single-version-externally-managed install_data
