[0.335s] Invoking command in '/home/locobot/Documents/kobuki/build/ament_cmake_export_libraries': AMENT_PREFIX_PATH=/home/locobot/Documents/kobuki/install CMAKE_PREFIX_PATH=/home/locobot/Documents/kobuki/install LD_LIBRARY_PATH=/home/locobot/Documents/kobuki/install/lib PATH=/home/locobot/Documents/kobuki/install/bin:${PATH} PYTHONPATH=/home/locobot/Documents/kobuki/install/lib/python3.8/site-packages /usr/bin/cmake /home/locobot/Documents/kobuki/src/ament_cmake/ament_cmake_export_libraries -DBUILD_TESTING=OFF -DCMAKE_BUILD_TYPE=RelWithDebInfo -DCMAKE_INSTALL_PREFIX=/home/locobot/Documents/kobuki/install
[0.350s] -- Found ament_cmake_core: 0.9.12 (/home/locobot/Documents/kobuki/install/share/ament_cmake_core/cmake)
[0.373s] -- Using PYTHON_EXECUTABLE: /usr/bin/python3
[1.119s] -- Configuring done
[1.121s] -- Generating done
[1.123s] -- Build files have been written to: /home/locobot/Documents/kobuki/build/ament_cmake_export_libraries
[1.126s] Invoked command in '/home/locobot/Documents/kobuki/build/ament_cmake_export_libraries' returned '0': AMENT_PREFIX_PATH=/home/locobot/Documents/kobuki/install CMAKE_PREFIX_PATH=/home/locobot/Documents/kobuki/install LD_LIBRARY_PATH=/home/locobot/Documents/kobuki/install/lib PATH=/home/locobot/Documents/kobuki/install/bin:${PATH} PYTHONPATH=/home/locobot/Documents/kobuki/install/lib/python3.8/site-packages /usr/bin/cmake /home/locobot/Documents/kobuki/src/ament_cmake/ament_cmake_export_libraries -DBUILD_TESTING=OFF -DCMAKE_BUILD_TYPE=RelWithDebInfo -DCMAKE_INSTALL_PREFIX=/home/locobot/Documents/kobuki/install
[1.129s] Invoking command in '/home/locobot/Documents/kobuki/build/ament_cmake_export_libraries': AMENT_PREFIX_PATH=/home/locobot/Documents/kobuki/install CMAKE_PREFIX_PATH=/home/locobot/Documents/kobuki/install LD_LIBRARY_PATH=/home/locobot/Documents/kobuki/install/lib PATH=/home/locobot/Documents/kobuki/install/bin:${PATH} PYTHONPATH=/home/locobot/Documents/kobuki/install/lib/python3.8/site-packages /usr/bin/cmake --build /home/locobot/Documents/kobuki/build/ament_cmake_export_libraries -- -j4 -l4
[1.349s] Invoked command in '/home/locobot/Documents/kobuki/build/ament_cmake_export_libraries' returned '0': AMENT_PREFIX_PATH=/home/locobot/Documents/kobuki/install CMAKE_PREFIX_PATH=/home/locobot/Documents/kobuki/install LD_LIBRARY_PATH=/home/locobot/Documents/kobuki/install/lib PATH=/home/locobot/Documents/kobuki/install/bin:${PATH} PYTHONPATH=/home/locobot/Documents/kobuki/install/lib/python3.8/site-packages /usr/bin/cmake --build /home/locobot/Documents/kobuki/build/ament_cmake_export_libraries -- -j4 -l4
[1.350s] Invoking command in '/home/locobot/Documents/kobuki/build/ament_cmake_export_libraries': AMENT_PREFIX_PATH=/home/locobot/Documents/kobuki/install CMAKE_PREFIX_PATH=/home/locobot/Documents/kobuki/install LD_LIBRARY_PATH=/home/locobot/Documents/kobuki/install/lib PATH=/home/locobot/Documents/kobuki/install/bin:${PATH} PYTHONPATH=/home/locobot/Documents/kobuki/install/lib/python3.8/site-packages /usr/bin/cmake --install /home/locobot/Documents/kobuki/build/ament_cmake_export_libraries
[1.383s] -- Install configuration: "RelWithDebInfo"
[1.384s] -- Up-to-date: /home/locobot/Documents/kobuki/install/share/ament_index/resource_index/package_run_dependencies/ament_cmake_export_libraries
[1.384s] -- Up-to-date: /home/locobot/Documents/kobuki/install/share/ament_index/resource_index/parent_prefix_path/ament_cmake_export_libraries
[1.384s] -- Up-to-date: /home/locobot/Documents/kobuki/install/share/ament_cmake_export_libraries/environment/ament_prefix_path.sh
[1.384s] -- Installing: /home/locobot/Documents/kobuki/install/share/ament_cmake_export_libraries/environment/ament_prefix_path.dsv
[1.384s] -- Up-to-date: /home/locobot/Documents/kobuki/install/share/ament_cmake_export_libraries/environment/path.sh
[1.384s] -- Installing: /home/locobot/Documents/kobuki/install/share/ament_cmake_export_libraries/environment/path.dsv
[1.384s] -- Up-to-date: /home/locobot/Documents/kobuki/install/share/ament_cmake_export_libraries/local_setup.bash
[1.385s] -- Up-to-date: /home/locobot/Documents/kobuki/install/share/ament_cmake_export_libraries/local_setup.sh
[1.385s] -- Up-to-date: /home/locobot/Documents/kobuki/install/share/ament_cmake_export_libraries/local_setup.zsh
[1.385s] -- Installing: /home/locobot/Documents/kobuki/install/share/ament_cmake_export_libraries/local_setup.dsv
[1.385s] -- Installing: /home/locobot/Documents/kobuki/install/share/ament_cmake_export_libraries/package.dsv
[1.385s] -- Up-to-date: /home/locobot/Documents/kobuki/install/share/ament_index/resource_index/packages/ament_cmake_export_libraries
[1.385s] -- Up-to-date: /home/locobot/Documents/kobuki/install/share/ament_cmake_export_libraries/cmake/ament_cmake_export_libraries-extras.cmake
[1.385s] -- Up-to-date: /home/locobot/Documents/kobuki/install/share/ament_cmake_export_libraries/cmake/ament_cmake_export_librariesConfig.cmake
[1.385s] -- Up-to-date: /home/locobot/Documents/kobuki/install/share/ament_cmake_export_libraries/cmake/ament_cmake_export_librariesConfig-version.cmake
[1.386s] -- Up-to-date: /home/locobot/Documents/kobuki/install/share/ament_cmake_export_libraries/package.xml
[1.386s] -- Up-to-date: /home/locobot/Documents/kobuki/install/share/ament_cmake_export_libraries/cmake
[1.386s] -- Up-to-date: /home/locobot/Documents/kobuki/install/share/ament_cmake_export_libraries/cmake/ament_cmake_export_libraries-extras.cmake.in
[1.386s] -- Up-to-date: /home/locobot/Documents/kobuki/install/share/ament_cmake_export_libraries/cmake/ament_export_library_names.cmake
[1.386s] -- Up-to-date: /home/locobot/Documents/kobuki/install/share/ament_cmake_export_libraries/cmake/ament_cmake_export_libraries_package_hook.cmake
[1.386s] -- Up-to-date: /home/locobot/Documents/kobuki/install/share/ament_cmake_export_libraries/cmake/ament_export_libraries.cmake
[1.386s] Invoked command in '/home/locobot/Documents/kobuki/build/ament_cmake_export_libraries' returned '0': AMENT_PREFIX_PATH=/home/locobot/Documents/kobuki/install CMAKE_PREFIX_PATH=/home/locobot/Documents/kobuki/install LD_LIBRARY_PATH=/home/locobot/Documents/kobuki/install/lib PATH=/home/locobot/Documents/kobuki/install/bin:${PATH} PYTHONPATH=/home/locobot/Documents/kobuki/install/lib/python3.8/site-packages /usr/bin/cmake --install /home/locobot/Documents/kobuki/build/ament_cmake_export_libraries
