-- Found ament_cmake_ros: 0.9.2 (/home/locobot/Documents/kobuki/install/share/ament_cmake_ros/cmake)
-- Using PYTHON_EXECUTABLE: /usr/bin/python3
-- Found ecl_build: 1.0.3 (/home/locobot/Documents/kobuki/install/share/ecl_build/cmake)
-- Found ecl_errors: 1.1.0 (/home/locobot/Documents/kobuki/install/share/ecl_errors/cmake)
-- Found ecl_formatters: 1.2.1 (/home/locobot/Documents/kobuki/install/share/ecl_formatters/cmake)
-- Found ecl_geometry: 1.2.1 (/home/locobot/Documents/kobuki/install/share/ecl_geometry/cmake)
-- Configuring done
-- Generating done
-- Build files have been written to: /home/locobot/Documents/kobuki/build/ecl_mobile_robot
[ 50%] [32mBuilding CXX object src/lib/CMakeFiles/ecl_mobile_robot.dir/differential_drive.cpp.o[0m
[100%] [32m[1mLinking CXX shared library libecl_mobile_robot.so[0m
[100%] Built target ecl_mobile_robot
-- Install configuration: "RelWithDebInfo"
-- Up-to-date: /home/locobot/Documents/kobuki/install/share/ecl_mobile_robot/environment/library_path.sh
-- Installing: /home/locobot/Documents/kobuki/install/share/ecl_mobile_robot/environment/library_path.dsv
-- Up-to-date: /home/locobot/Documents/kobuki/install/share/ament_index/resource_index/package_run_dependencies/ecl_mobile_robot
-- Up-to-date: /home/locobot/Documents/kobuki/install/share/ament_index/resource_index/parent_prefix_path/ecl_mobile_robot
-- Up-to-date: /home/locobot/Documents/kobuki/install/share/ecl_mobile_robot/environment/ament_prefix_path.sh
-- Installing: /home/locobot/Documents/kobuki/install/share/ecl_mobile_robot/environment/ament_prefix_path.dsv
-- Up-to-date: /home/locobot/Documents/kobuki/install/share/ecl_mobile_robot/environment/path.sh
-- Installing: /home/locobot/Documents/kobuki/install/share/ecl_mobile_robot/environment/path.dsv
-- Up-to-date: /home/locobot/Documents/kobuki/install/share/ecl_mobile_robot/local_setup.bash
-- Up-to-date: /home/locobot/Documents/kobuki/install/share/ecl_mobile_robot/local_setup.sh
-- Up-to-date: /home/locobot/Documents/kobuki/install/share/ecl_mobile_robot/local_setup.zsh
-- Installing: /home/locobot/Documents/kobuki/install/share/ecl_mobile_robot/local_setup.dsv
-- Installing: /home/locobot/Documents/kobuki/install/share/ecl_mobile_robot/package.dsv
-- Up-to-date: /home/locobot/Documents/kobuki/install/share/ament_index/resource_index/packages/ecl_mobile_robot
-- Up-to-date: /home/locobot/Documents/kobuki/install/share/ecl_mobile_robot/cmake/ecl_mobile_robotExport.cmake
-- Installing: /home/locobot/Documents/kobuki/install/share/ecl_mobile_robot/cmake/ecl_mobile_robotExport-relwithdebinfo.cmake
-- Up-to-date: /home/locobot/Documents/kobuki/install/share/ecl_mobile_robot/cmake/ament_cmake_export_targets-extras.cmake
-- Up-to-date: /home/locobot/Documents/kobuki/install/share/ecl_mobile_robot/cmake/ament_cmake_export_include_directories-extras.cmake
-- Up-to-date: /home/locobot/Documents/kobuki/install/share/ecl_mobile_robot/cmake/ament_cmake_export_libraries-extras.cmake
-- Up-to-date: /home/locobot/Documents/kobuki/install/share/ecl_mobile_robot/cmake/ament_cmake_export_dependencies-extras.cmake
-- Up-to-date: /home/locobot/Documents/kobuki/install/share/ecl_mobile_robot/cmake/ecl_mobile_robotConfig.cmake
-- Up-to-date: /home/locobot/Documents/kobuki/install/share/ecl_mobile_robot/cmake/ecl_mobile_robotConfig-version.cmake
-- Up-to-date: /home/locobot/Documents/kobuki/install/share/ecl_mobile_robot/package.xml
-- Up-to-date: /home/locobot/Documents/kobuki/install/include/ecl/mobile_robot.hpp
-- Up-to-date: /home/locobot/Documents/kobuki/install/include/ecl/mobile_robot/differential_drive.hpp
-- Up-to-date: /home/locobot/Documents/kobuki/install/include/ecl/mobile_robot/macros.hpp
-- Up-to-date: /home/locobot/Documents/kobuki/install/include/ecl/mobile_robot/kinematics/differential_drive.hpp
-- Installing: /home/locobot/Documents/kobuki/install/lib/libecl_mobile_robot.so.1.2.1
-- Set runtime path of "/home/locobot/Documents/kobuki/install/lib/libecl_mobile_robot.so.1.2.1" to ""
-- Up-to-date: /home/locobot/Documents/kobuki/install/lib/libecl_mobile_robot.so
