[0.382s] Invoking command in '/home/locobot/Documents/kobuki/build/ecl_mobile_robot': AMENT_PREFIX_PATH=/home/locobot/Documents/kobuki/install CMAKE_PREFIX_PATH=/home/locobot/Documents/kobuki/install LD_LIBRARY_PATH=/home/locobot/Documents/kobuki/install/lib PATH=/home/locobot/Documents/kobuki/install/bin:${PATH} PKG_CONFIG_PATH=/home/locobot/Documents/kobuki/install/lib/x86_64-linux-gnu/pkgconfig:/home/locobot/Documents/kobuki/install/lib/pkgconfig PYTHONPATH=/home/locobot/Documents/kobuki/install/lib/python3.8/site-packages /usr/bin/cmake /home/locobot/Documents/kobuki/src/ecl_core/ecl_mobile_robot -DBUILD_TESTING=OFF -DCMAKE_BUILD_TYPE=RelWithDebInfo -DCMAKE_INSTALL_PREFIX=/home/locobot/Documents/kobuki/install
[0.398s] -- Found ament_cmake_ros: 0.9.2 (/home/locobot/Documents/kobuki/install/share/ament_cmake_ros/cmake)
[0.439s] -- Using PYTHON_EXECUTABLE: /usr/bin/python3
[0.802s] -- Found ecl_build: 1.0.3 (/home/locobot/Documents/kobuki/install/share/ecl_build/cmake)
[0.829s] -- Found ecl_errors: 1.1.0 (/home/locobot/Documents/kobuki/install/share/ecl_errors/cmake)
[0.868s] -- Found ecl_formatters: 1.2.1 (/home/locobot/Documents/kobuki/install/share/ecl_formatters/cmake)
[0.951s] -- Found ecl_geometry: 1.2.1 (/home/locobot/Documents/kobuki/install/share/ecl_geometry/cmake)
[1.210s] -- Configuring done
[1.251s] -- Generating done
[1.267s] -- Build files have been written to: /home/locobot/Documents/kobuki/build/ecl_mobile_robot
[1.283s] Invoked command in '/home/locobot/Documents/kobuki/build/ecl_mobile_robot' returned '0': AMENT_PREFIX_PATH=/home/locobot/Documents/kobuki/install CMAKE_PREFIX_PATH=/home/locobot/Documents/kobuki/install LD_LIBRARY_PATH=/home/locobot/Documents/kobuki/install/lib PATH=/home/locobot/Documents/kobuki/install/bin:${PATH} PKG_CONFIG_PATH=/home/locobot/Documents/kobuki/install/lib/x86_64-linux-gnu/pkgconfig:/home/locobot/Documents/kobuki/install/lib/pkgconfig PYTHONPATH=/home/locobot/Documents/kobuki/install/lib/python3.8/site-packages /usr/bin/cmake /home/locobot/Documents/kobuki/src/ecl_core/ecl_mobile_robot -DBUILD_TESTING=OFF -DCMAKE_BUILD_TYPE=RelWithDebInfo -DCMAKE_INSTALL_PREFIX=/home/locobot/Documents/kobuki/install
[1.284s] Invoking command in '/home/locobot/Documents/kobuki/build/ecl_mobile_robot': AMENT_PREFIX_PATH=/home/locobot/Documents/kobuki/install CMAKE_PREFIX_PATH=/home/locobot/Documents/kobuki/install LD_LIBRARY_PATH=/home/locobot/Documents/kobuki/install/lib PATH=/home/locobot/Documents/kobuki/install/bin:${PATH} PKG_CONFIG_PATH=/home/locobot/Documents/kobuki/install/lib/x86_64-linux-gnu/pkgconfig:/home/locobot/Documents/kobuki/install/lib/pkgconfig PYTHONPATH=/home/locobot/Documents/kobuki/install/lib/python3.8/site-packages /usr/bin/cmake --build /home/locobot/Documents/kobuki/build/ecl_mobile_robot -- -j4 -l4
[1.442s] [ 50%] [32mBuilding CXX object src/lib/CMakeFiles/ecl_mobile_robot.dir/differential_drive.cpp.o[0m
[5.512s] [100%] [32m[1mLinking CXX shared library libecl_mobile_robot.so[0m
[5.793s] [100%] Built target ecl_mobile_robot
[5.847s] Invoked command in '/home/locobot/Documents/kobuki/build/ecl_mobile_robot' returned '0': AMENT_PREFIX_PATH=/home/locobot/Documents/kobuki/install CMAKE_PREFIX_PATH=/home/locobot/Documents/kobuki/install LD_LIBRARY_PATH=/home/locobot/Documents/kobuki/install/lib PATH=/home/locobot/Documents/kobuki/install/bin:${PATH} PKG_CONFIG_PATH=/home/locobot/Documents/kobuki/install/lib/x86_64-linux-gnu/pkgconfig:/home/locobot/Documents/kobuki/install/lib/pkgconfig PYTHONPATH=/home/locobot/Documents/kobuki/install/lib/python3.8/site-packages /usr/bin/cmake --build /home/locobot/Documents/kobuki/build/ecl_mobile_robot -- -j4 -l4
[5.851s] Invoking command in '/home/locobot/Documents/kobuki/build/ecl_mobile_robot': AMENT_PREFIX_PATH=/home/locobot/Documents/kobuki/install CMAKE_PREFIX_PATH=/home/locobot/Documents/kobuki/install LD_LIBRARY_PATH=/home/locobot/Documents/kobuki/install/lib PATH=/home/locobot/Documents/kobuki/install/bin:${PATH} PKG_CONFIG_PATH=/home/locobot/Documents/kobuki/install/lib/x86_64-linux-gnu/pkgconfig:/home/locobot/Documents/kobuki/install/lib/pkgconfig PYTHONPATH=/home/locobot/Documents/kobuki/install/lib/python3.8/site-packages /usr/bin/cmake --install /home/locobot/Documents/kobuki/build/ecl_mobile_robot
[5.874s] -- Install configuration: "RelWithDebInfo"
[5.886s] -- Up-to-date: /home/locobot/Documents/kobuki/install/share/ecl_mobile_robot/environment/library_path.sh
[5.887s] -- Installing: /home/locobot/Documents/kobuki/install/share/ecl_mobile_robot/environment/library_path.dsv
[5.887s] -- Up-to-date: /home/locobot/Documents/kobuki/install/share/ament_index/resource_index/package_run_dependencies/ecl_mobile_robot
[5.887s] -- Up-to-date: /home/locobot/Documents/kobuki/install/share/ament_index/resource_index/parent_prefix_path/ecl_mobile_robot
[5.887s] -- Up-to-date: /home/locobot/Documents/kobuki/install/share/ecl_mobile_robot/environment/ament_prefix_path.sh
[5.887s] -- Installing: /home/locobot/Documents/kobuki/install/share/ecl_mobile_robot/environment/ament_prefix_path.dsv
[5.887s] -- Up-to-date: /home/locobot/Documents/kobuki/install/share/ecl_mobile_robot/environment/path.sh
[5.893s] -- Installing: /home/locobot/Documents/kobuki/install/share/ecl_mobile_robot/environment/path.dsv
[5.898s] -- Up-to-date: /home/locobot/Documents/kobuki/install/share/ecl_mobile_robot/local_setup.bash
[5.898s] -- Up-to-date: /home/locobot/Documents/kobuki/install/share/ecl_mobile_robot/local_setup.sh
[5.898s] -- Up-to-date: /home/locobot/Documents/kobuki/install/share/ecl_mobile_robot/local_setup.zsh
[5.898s] -- Installing: /home/locobot/Documents/kobuki/install/share/ecl_mobile_robot/local_setup.dsv
[5.899s] -- Installing: /home/locobot/Documents/kobuki/install/share/ecl_mobile_robot/package.dsv
[5.899s] -- Up-to-date: /home/locobot/Documents/kobuki/install/share/ament_index/resource_index/packages/ecl_mobile_robot
[5.931s] -- Up-to-date: /home/locobot/Documents/kobuki/install/share/ecl_mobile_robot/cmake/ecl_mobile_robotExport.cmake
[5.931s] -- Installing: /home/locobot/Documents/kobuki/install/share/ecl_mobile_robot/cmake/ecl_mobile_robotExport-relwithdebinfo.cmake
[5.931s] -- Up-to-date: /home/locobot/Documents/kobuki/install/share/ecl_mobile_robot/cmake/ament_cmake_export_targets-extras.cmake
[5.931s] -- Up-to-date: /home/locobot/Documents/kobuki/install/share/ecl_mobile_robot/cmake/ament_cmake_export_include_directories-extras.cmake
[5.931s] -- Up-to-date: /home/locobot/Documents/kobuki/install/share/ecl_mobile_robot/cmake/ament_cmake_export_libraries-extras.cmake
[5.931s] -- Up-to-date: /home/locobot/Documents/kobuki/install/share/ecl_mobile_robot/cmake/ament_cmake_export_dependencies-extras.cmake
[5.931s] -- Up-to-date: /home/locobot/Documents/kobuki/install/share/ecl_mobile_robot/cmake/ecl_mobile_robotConfig.cmake
[5.931s] -- Up-to-date: /home/locobot/Documents/kobuki/install/share/ecl_mobile_robot/cmake/ecl_mobile_robotConfig-version.cmake
[5.932s] -- Up-to-date: /home/locobot/Documents/kobuki/install/share/ecl_mobile_robot/package.xml
[5.932s] -- Up-to-date: /home/locobot/Documents/kobuki/install/include/ecl/mobile_robot.hpp
[5.932s] -- Up-to-date: /home/locobot/Documents/kobuki/install/include/ecl/mobile_robot/differential_drive.hpp
[5.932s] -- Up-to-date: /home/locobot/Documents/kobuki/install/include/ecl/mobile_robot/macros.hpp
[5.932s] -- Up-to-date: /home/locobot/Documents/kobuki/install/include/ecl/mobile_robot/kinematics/differential_drive.hpp
[5.932s] -- Installing: /home/locobot/Documents/kobuki/install/lib/libecl_mobile_robot.so.1.2.1
[5.932s] -- Set runtime path of "/home/locobot/Documents/kobuki/install/lib/libecl_mobile_robot.so.1.2.1" to ""
[5.932s] -- Up-to-date: /home/locobot/Documents/kobuki/install/lib/libecl_mobile_robot.so
[5.933s] Invoked command in '/home/locobot/Documents/kobuki/build/ecl_mobile_robot' returned '0': AMENT_PREFIX_PATH=/home/locobot/Documents/kobuki/install CMAKE_PREFIX_PATH=/home/locobot/Documents/kobuki/install LD_LIBRARY_PATH=/home/locobot/Documents/kobuki/install/lib PATH=/home/locobot/Documents/kobuki/install/bin:${PATH} PKG_CONFIG_PATH=/home/locobot/Documents/kobuki/install/lib/x86_64-linux-gnu/pkgconfig:/home/locobot/Documents/kobuki/install/lib/pkgconfig PYTHONPATH=/home/locobot/Documents/kobuki/install/lib/python3.8/site-packages /usr/bin/cmake --install /home/locobot/Documents/kobuki/build/ecl_mobile_robot
