[0.177s] Invoking command in '/home/locobot/Documents/kobuki/build/ecl_build': AMENT_PREFIX_PATH=/home/locobot/Documents/kobuki/install CMAKE_PREFIX_PATH=/home/locobot/Documents/kobuki/install LD_LIBRARY_PATH=/home/locobot/Documents/kobuki/install/lib PATH=/home/locobot/Documents/kobuki/install/bin:${PATH} PYTHONPATH=/home/locobot/Documents/kobuki/install/lib/python3.8/site-packages /usr/bin/cmake /home/locobot/Documents/kobuki/src/ecl_tools/ecl_build -DBUILD_TESTING=OFF --no-warn-unused-cli -DCMAKE_INSTALL_PREFIX=/home/locobot/Documents/kobuki/install
[0.212s] Not searching for unused variables given on the command line.
[0.238s] -- Found ament_cmake: 0.9.12 (/home/locobot/Documents/kobuki/install/share/ament_cmake/cmake)
[0.270s] -- Using PYTHON_EXECUTABLE: /usr/bin/python3
[0.645s] -- Configuring done
[0.649s] -- Generating done
[0.651s] -- Build files have been written to: /home/locobot/Documents/kobuki/build/ecl_build
[0.813s] Invoked command in '/home/locobot/Documents/kobuki/build/ecl_build' returned '0': AMENT_PREFIX_PATH=/home/locobot/Documents/kobuki/install CMAKE_PREFIX_PATH=/home/locobot/Documents/kobuki/install LD_LIBRARY_PATH=/home/locobot/Documents/kobuki/install/lib PATH=/home/locobot/Documents/kobuki/install/bin:${PATH} PYTHONPATH=/home/locobot/Documents/kobuki/install/lib/python3.8/site-packages /usr/bin/cmake /home/locobot/Documents/kobuki/src/ecl_tools/ecl_build -DBUILD_TESTING=OFF --no-warn-unused-cli -DCMAKE_INSTALL_PREFIX=/home/locobot/Documents/kobuki/install
[0.815s] Invoking command in '/home/locobot/Documents/kobuki/build/ecl_build': AMENT_PREFIX_PATH=/home/locobot/Documents/kobuki/install CMAKE_PREFIX_PATH=/home/locobot/Documents/kobuki/install LD_LIBRARY_PATH=/home/locobot/Documents/kobuki/install/lib PATH=/home/locobot/Documents/kobuki/install/bin:${PATH} PYTHONPATH=/home/locobot/Documents/kobuki/install/lib/python3.8/site-packages /usr/bin/cmake --build /home/locobot/Documents/kobuki/build/ecl_build -- -j4 -l4
[1.227s] Invoked command in '/home/locobot/Documents/kobuki/build/ecl_build' returned '0': AMENT_PREFIX_PATH=/home/locobot/Documents/kobuki/install CMAKE_PREFIX_PATH=/home/locobot/Documents/kobuki/install LD_LIBRARY_PATH=/home/locobot/Documents/kobuki/install/lib PATH=/home/locobot/Documents/kobuki/install/bin:${PATH} PYTHONPATH=/home/locobot/Documents/kobuki/install/lib/python3.8/site-packages /usr/bin/cmake --build /home/locobot/Documents/kobuki/build/ecl_build -- -j4 -l4
[1.231s] Invoking command in '/home/locobot/Documents/kobuki/build/ecl_build': AMENT_PREFIX_PATH=/home/locobot/Documents/kobuki/install CMAKE_PREFIX_PATH=/home/locobot/Documents/kobuki/install LD_LIBRARY_PATH=/home/locobot/Documents/kobuki/install/lib PATH=/home/locobot/Documents/kobuki/install/bin:${PATH} PYTHONPATH=/home/locobot/Documents/kobuki/install/lib/python3.8/site-packages /usr/bin/cmake --install /home/locobot/Documents/kobuki/build/ecl_build
[1.242s] -- Install configuration: ""
[1.245s] -- Up-to-date: /home/locobot/Documents/kobuki/install/share/ament_index/resource_index/package_run_dependencies/ecl_build
[1.245s] -- Up-to-date: /home/locobot/Documents/kobuki/install/share/ament_index/resource_index/parent_prefix_path/ecl_build
[1.245s] -- Up-to-date: /home/locobot/Documents/kobuki/install/share/ecl_build/environment/ament_prefix_path.sh
[1.245s] -- Installing: /home/locobot/Documents/kobuki/install/share/ecl_build/environment/ament_prefix_path.dsv
[1.245s] -- Up-to-date: /home/locobot/Documents/kobuki/install/share/ecl_build/environment/path.sh
[1.247s] -- Installing: /home/locobot/Documents/kobuki/install/share/ecl_build/environment/path.dsv
[1.247s] -- Up-to-date: /home/locobot/Documents/kobuki/install/share/ecl_build/local_setup.bash
[1.247s] -- Up-to-date: /home/locobot/Documents/kobuki/install/share/ecl_build/local_setup.sh
[1.247s] -- Up-to-date: /home/locobot/Documents/kobuki/install/share/ecl_build/local_setup.zsh
[1.247s] -- Installing: /home/locobot/Documents/kobuki/install/share/ecl_build/local_setup.dsv
[1.247s] -- Installing: /home/locobot/Documents/kobuki/install/share/ecl_build/package.dsv
[1.248s] -- Up-to-date: /home/locobot/Documents/kobuki/install/share/ament_index/resource_index/packages/ecl_build
[1.248s] -- Up-to-date: /home/locobot/Documents/kobuki/install/share/ecl_build/cmake/ecl_platform_detection.cmake
[1.248s] -- Up-to-date: /home/locobot/Documents/kobuki/install/share/ecl_build/cmake/ecl_package.cmake
[1.248s] -- Up-to-date: /home/locobot/Documents/kobuki/install/share/ecl_build/cmake/ecl_find_sse.cmake
[1.248s] -- Up-to-date: /home/locobot/Documents/kobuki/install/share/ecl_build/cmake/ecl_build_utilities.cmake
[1.248s] -- Up-to-date: /home/locobot/Documents/kobuki/install/share/ecl_build/cmake/ecl_cxx.cmake
[1.248s] -- Up-to-date: /home/locobot/Documents/kobuki/install/share/ecl_build/cmake/cotire.cmake
[1.248s] -- Up-to-date: /home/locobot/Documents/kobuki/install/share/ecl_build/cmake/ecl_buildConfig.cmake
[1.248s] -- Up-to-date: /home/locobot/Documents/kobuki/install/share/ecl_build/cmake/ecl_buildConfig-version.cmake
[1.249s] -- Up-to-date: /home/locobot/Documents/kobuki/install/share/ecl_build/package.xml
[1.249s] -- Up-to-date: /home/locobot/Documents/kobuki/install/share/cmake
[1.249s] -- Up-to-date: /home/locobot/Documents/kobuki/install/share/cmake/templates
[1.249s] -- Up-to-date: /home/locobot/Documents/kobuki/install/share/cmake/templates/uninstall.cmake.in
[1.249s] -- Up-to-date: /home/locobot/Documents/kobuki/install/share/cmake/ecl_cxx.cmake
[1.249s] -- Up-to-date: /home/locobot/Documents/kobuki/install/share/cmake/cotire.cmake
[1.249s] -- Up-to-date: /home/locobot/Documents/kobuki/install/share/cmake/ecl_platform_detection.cmake
[1.249s] -- Up-to-date: /home/locobot/Documents/kobuki/install/share/cmake/ecl_package.cmake
[1.249s] -- Up-to-date: /home/locobot/Documents/kobuki/install/share/cmake/ecl_find_sse.cmake
[1.249s] -- Up-to-date: /home/locobot/Documents/kobuki/install/share/cmake/tests
[1.250s] -- Up-to-date: /home/locobot/Documents/kobuki/install/share/cmake/tests/is_char_signed.cpp
[1.250s] -- Up-to-date: /home/locobot/Documents/kobuki/install/share/cmake/ecl_build_utilities.cmake
[1.275s] Invoked command in '/home/locobot/Documents/kobuki/build/ecl_build' returned '0': AMENT_PREFIX_PATH=/home/locobot/Documents/kobuki/install CMAKE_PREFIX_PATH=/home/locobot/Documents/kobuki/install LD_LIBRARY_PATH=/home/locobot/Documents/kobuki/install/lib PATH=/home/locobot/Documents/kobuki/install/bin:${PATH} PYTHONPATH=/home/locobot/Documents/kobuki/install/lib/python3.8/site-packages /usr/bin/cmake --install /home/locobot/Documents/kobuki/build/ecl_build
