[0.604s] Invoking command in '/home/locobot/Documents/kobuki/build/ecl_lite': AMENT_PREFIX_PATH=/home/locobot/Documents/kobuki/install CMAKE_PREFIX_PATH=/home/locobot/Documents/kobuki/install LD_LIBRARY_PATH=/home/locobot/Documents/kobuki/install/lib PATH=/home/locobot/Documents/kobuki/install/bin:${PATH} PYTHONPATH=/home/locobot/Documents/kobuki/install/lib/python3.8/site-packages /usr/bin/cmake /home/locobot/Documents/kobuki/src/ecl_lite/ecl_lite -DBUILD_TESTING=OFF -DCMAKE_INSTALL_PREFIX=/home/locobot/Documents/kobuki/install
[0.651s] Re-run cmake no build system arguments
[0.652s] -- Found ament_cmake_ros: 0.9.2 (/home/locobot/Documents/kobuki/install/share/ament_cmake_ros/cmake)
[0.687s] -- Using PYTHON_EXECUTABLE: /usr/bin/python3
[1.089s] -- Configuring done
[1.094s] -- Generating done
[1.094s] -- Build files have been written to: /home/locobot/Documents/kobuki/build/ecl_lite
[1.101s] Invoked command in '/home/locobot/Documents/kobuki/build/ecl_lite' returned '0': AMENT_PREFIX_PATH=/home/locobot/Documents/kobuki/install CMAKE_PREFIX_PATH=/home/locobot/Documents/kobuki/install LD_LIBRARY_PATH=/home/locobot/Documents/kobuki/install/lib PATH=/home/locobot/Documents/kobuki/install/bin:${PATH} PYTHONPATH=/home/locobot/Documents/kobuki/install/lib/python3.8/site-packages /usr/bin/cmake /home/locobot/Documents/kobuki/src/ecl_lite/ecl_lite -DBUILD_TESTING=OFF -DCMAKE_INSTALL_PREFIX=/home/locobot/Documents/kobuki/install
[1.103s] Invoking command in '/home/locobot/Documents/kobuki/build/ecl_lite': AMENT_PREFIX_PATH=/home/locobot/Documents/kobuki/install CMAKE_PREFIX_PATH=/home/locobot/Documents/kobuki/install LD_LIBRARY_PATH=/home/locobot/Documents/kobuki/install/lib PATH=/home/locobot/Documents/kobuki/install/bin:${PATH} PYTHONPATH=/home/locobot/Documents/kobuki/install/lib/python3.8/site-packages /usr/bin/cmake --build /home/locobot/Documents/kobuki/build/ecl_lite -- -j4 -l4
[1.138s] /usr/bin/cmake -S/home/locobot/Documents/kobuki/src/ecl_lite/ecl_lite -B/home/locobot/Documents/kobuki/build/ecl_lite --check-build-system CMakeFiles/Makefile.cmake 0
[1.155s] /usr/bin/cmake -E cmake_progress_start /home/locobot/Documents/kobuki/build/ecl_lite/CMakeFiles /home/locobot/Documents/kobuki/build/ecl_lite/CMakeFiles/progress.marks
[1.166s] /usr/bin/make -f CMakeFiles/Makefile2 all
[1.168s] make[1]: Entering directory '/home/locobot/Documents/kobuki/build/ecl_lite'
[1.168s] make[1]: Nothing to be done for 'all'.
[1.168s] make[1]: Leaving directory '/home/locobot/Documents/kobuki/build/ecl_lite'
[1.169s] /usr/bin/cmake -E cmake_progress_start /home/locobot/Documents/kobuki/build/ecl_lite/CMakeFiles 0
[1.223s] Invoked command in '/home/locobot/Documents/kobuki/build/ecl_lite' returned '0': AMENT_PREFIX_PATH=/home/locobot/Documents/kobuki/install CMAKE_PREFIX_PATH=/home/locobot/Documents/kobuki/install LD_LIBRARY_PATH=/home/locobot/Documents/kobuki/install/lib PATH=/home/locobot/Documents/kobuki/install/bin:${PATH} PYTHONPATH=/home/locobot/Documents/kobuki/install/lib/python3.8/site-packages /usr/bin/cmake --build /home/locobot/Documents/kobuki/build/ecl_lite -- -j4 -l4
[1.224s] Invoking command in '/home/locobot/Documents/kobuki/build/ecl_lite': AMENT_PREFIX_PATH=/home/locobot/Documents/kobuki/install CMAKE_PREFIX_PATH=/home/locobot/Documents/kobuki/install LD_LIBRARY_PATH=/home/locobot/Documents/kobuki/install/lib PATH=/home/locobot/Documents/kobuki/install/bin:${PATH} PYTHONPATH=/home/locobot/Documents/kobuki/install/lib/python3.8/site-packages /usr/bin/cmake --install /home/locobot/Documents/kobuki/build/ecl_lite
[1.243s] -- Install configuration: ""
[1.243s] -- Up-to-date: /home/locobot/Documents/kobuki/install/share/ament_index/resource_index/package_run_dependencies/ecl_lite
[1.244s] -- Up-to-date: /home/locobot/Documents/kobuki/install/share/ament_index/resource_index/parent_prefix_path/ecl_lite
[1.244s] -- Up-to-date: /home/locobot/Documents/kobuki/install/share/ecl_lite/environment/ament_prefix_path.sh
[1.244s] -- Installing: /home/locobot/Documents/kobuki/install/share/ecl_lite/environment/ament_prefix_path.dsv
[1.244s] -- Up-to-date: /home/locobot/Documents/kobuki/install/share/ecl_lite/environment/path.sh
[1.244s] -- Installing: /home/locobot/Documents/kobuki/install/share/ecl_lite/environment/path.dsv
[1.244s] -- Up-to-date: /home/locobot/Documents/kobuki/install/share/ecl_lite/local_setup.bash
[1.244s] -- Up-to-date: /home/locobot/Documents/kobuki/install/share/ecl_lite/local_setup.sh
[1.244s] -- Up-to-date: /home/locobot/Documents/kobuki/install/share/ecl_lite/local_setup.zsh
[1.244s] -- Installing: /home/locobot/Documents/kobuki/install/share/ecl_lite/local_setup.dsv
[1.245s] -- Installing: /home/locobot/Documents/kobuki/install/share/ecl_lite/package.dsv
[1.245s] -- Up-to-date: /home/locobot/Documents/kobuki/install/share/ament_index/resource_index/packages/ecl_lite
[1.245s] -- Up-to-date: /home/locobot/Documents/kobuki/install/share/ecl_lite/cmake/ecl_liteConfig.cmake
[1.245s] -- Up-to-date: /home/locobot/Documents/kobuki/install/share/ecl_lite/cmake/ecl_liteConfig-version.cmake
[1.245s] -- Up-to-date: /home/locobot/Documents/kobuki/install/share/ecl_lite/package.xml
[1.245s] Invoked command in '/home/locobot/Documents/kobuki/build/ecl_lite' returned '0': AMENT_PREFIX_PATH=/home/locobot/Documents/kobuki/install CMAKE_PREFIX_PATH=/home/locobot/Documents/kobuki/install LD_LIBRARY_PATH=/home/locobot/Documents/kobuki/install/lib PATH=/home/locobot/Documents/kobuki/install/bin:${PATH} PYTHONPATH=/home/locobot/Documents/kobuki/install/lib/python3.8/site-packages /usr/bin/cmake --install /home/locobot/Documents/kobuki/build/ecl_lite
