[0.298s] Invoking command in '/home/locobot/Documents/kobuki/build/ecl_config': AMENT_PREFIX_PATH=/home/locobot/Documents/kobuki/install CMAKE_PREFIX_PATH=/home/locobot/Documents/kobuki/install LD_LIBRARY_PATH=/home/locobot/Documents/kobuki/install/lib PATH=/home/locobot/Documents/kobuki/install/bin:${PATH} PYTHONPATH=/home/locobot/Documents/kobuki/install/lib/python3.8/site-packages /usr/bin/cmake /home/locobot/Documents/kobuki/src/ecl_lite/ecl_config -DBUILD_TESTING=OFF -DCMAKE_BUILD_TYPE=RelWithDebInfo -DCMAKE_INSTALL_PREFIX=/home/locobot/Documents/kobuki/install
[0.324s] -- Found ament_cmake_ros: 0.9.2 (/home/locobot/Documents/kobuki/install/share/ament_cmake_ros/cmake)
[0.365s] -- Using PYTHON_EXECUTABLE: /usr/bin/python3
[0.588s] -- Found ecl_build: 1.0.3 (/home/locobot/Documents/kobuki/install/share/ecl_build/cmake)
[0.886s] -- Configuring done
[0.894s] -- Generating done
[0.906s] -- Build files have been written to: /home/locobot/Documents/kobuki/build/ecl_config
[0.969s] Invoked command in '/home/locobot/Documents/kobuki/build/ecl_config' returned '0': AMENT_PREFIX_PATH=/home/locobot/Documents/kobuki/install CMAKE_PREFIX_PATH=/home/locobot/Documents/kobuki/install LD_LIBRARY_PATH=/home/locobot/Documents/kobuki/install/lib PATH=/home/locobot/Documents/kobuki/install/bin:${PATH} PYTHONPATH=/home/locobot/Documents/kobuki/install/lib/python3.8/site-packages /usr/bin/cmake /home/locobot/Documents/kobuki/src/ecl_lite/ecl_config -DBUILD_TESTING=OFF -DCMAKE_BUILD_TYPE=RelWithDebInfo -DCMAKE_INSTALL_PREFIX=/home/locobot/Documents/kobuki/install
[0.991s] Invoking command in '/home/locobot/Documents/kobuki/build/ecl_config': AMENT_PREFIX_PATH=/home/locobot/Documents/kobuki/install CMAKE_PREFIX_PATH=/home/locobot/Documents/kobuki/install LD_LIBRARY_PATH=/home/locobot/Documents/kobuki/install/lib PATH=/home/locobot/Documents/kobuki/install/bin:${PATH} PYTHONPATH=/home/locobot/Documents/kobuki/install/lib/python3.8/site-packages /usr/bin/cmake --build /home/locobot/Documents/kobuki/build/ecl_config -- -j4 -l4
[1.042s] [ 25%] [32mBuilding CXX object src/utilities/CMakeFiles/ecl_detect_posix.dir/detect_posix.cpp.o[0m
[1.107s] [ 50%] [32mBuilding CXX object src/utilities/CMakeFiles/ecl_detect_endian.dir/detect_endian.cpp.o[0m
[1.933s] [ 75%] [32m[1mLinking CXX executable bin/ecl_detect_endian[0m
[2.023s] [100%] [32m[1mLinking CXX executable bin/ecl_detect_posix[0m
[2.115s] [100%] Built target ecl_detect_endian
[2.202s] [100%] Built target ecl_detect_posix
[2.295s] Invoked command in '/home/locobot/Documents/kobuki/build/ecl_config' returned '0': AMENT_PREFIX_PATH=/home/locobot/Documents/kobuki/install CMAKE_PREFIX_PATH=/home/locobot/Documents/kobuki/install LD_LIBRARY_PATH=/home/locobot/Documents/kobuki/install/lib PATH=/home/locobot/Documents/kobuki/install/bin:${PATH} PYTHONPATH=/home/locobot/Documents/kobuki/install/lib/python3.8/site-packages /usr/bin/cmake --build /home/locobot/Documents/kobuki/build/ecl_config -- -j4 -l4
[2.296s] Invoking command in '/home/locobot/Documents/kobuki/build/ecl_config': AMENT_PREFIX_PATH=/home/locobot/Documents/kobuki/install CMAKE_PREFIX_PATH=/home/locobot/Documents/kobuki/install LD_LIBRARY_PATH=/home/locobot/Documents/kobuki/install/lib PATH=/home/locobot/Documents/kobuki/install/bin:${PATH} PYTHONPATH=/home/locobot/Documents/kobuki/install/lib/python3.8/site-packages /usr/bin/cmake --install /home/locobot/Documents/kobuki/build/ecl_config
[2.312s] -- Install configuration: "RelWithDebInfo"
[2.312s] -- Up-to-date: /home/locobot/Documents/kobuki/install/share/ament_index/resource_index/package_run_dependencies/ecl_config
[2.313s] -- Up-to-date: /home/locobot/Documents/kobuki/install/share/ament_index/resource_index/parent_prefix_path/ecl_config
[2.313s] -- Up-to-date: /home/locobot/Documents/kobuki/install/share/ecl_config/environment/ament_prefix_path.sh
[2.313s] -- Installing: /home/locobot/Documents/kobuki/install/share/ecl_config/environment/ament_prefix_path.dsv
[2.313s] -- Up-to-date: /home/locobot/Documents/kobuki/install/share/ecl_config/environment/path.sh
[2.314s] -- Installing: /home/locobot/Documents/kobuki/install/share/ecl_config/environment/path.dsv
[2.314s] -- Up-to-date: /home/locobot/Documents/kobuki/install/share/ecl_config/local_setup.bash
[2.318s] -- Up-to-date: /home/locobot/Documents/kobuki/install/share/ecl_config/local_setup.sh
[2.318s] -- Up-to-date: /home/locobot/Documents/kobuki/install/share/ecl_config/local_setup.zsh
[2.318s] -- Installing: /home/locobot/Documents/kobuki/install/share/ecl_config/local_setup.dsv
[2.319s] -- Installing: /home/locobot/Documents/kobuki/install/share/ecl_config/package.dsv
[2.319s] -- Up-to-date: /home/locobot/Documents/kobuki/install/share/ament_index/resource_index/packages/ecl_config
[2.319s] -- Up-to-date: /home/locobot/Documents/kobuki/install/share/ecl_config/cmake/ecl_configExport.cmake
[2.319s] -- Up-to-date: /home/locobot/Documents/kobuki/install/share/ecl_config/cmake/ament_cmake_export_targets-extras.cmake
[2.319s] -- Up-to-date: /home/locobot/Documents/kobuki/install/share/ecl_config/cmake/ament_cmake_export_include_directories-extras.cmake
[2.319s] -- Up-to-date: /home/locobot/Documents/kobuki/install/share/ecl_config/cmake/ecl_configConfig.cmake
[2.319s] -- Up-to-date: /home/locobot/Documents/kobuki/install/share/ecl_config/cmake/ecl_configConfig-version.cmake
[2.338s] -- Up-to-date: /home/locobot/Documents/kobuki/install/share/ecl_config/package.xml
[2.339s] -- Up-to-date: /home/locobot/Documents/kobuki/install/include/ecl/config.hpp
[2.339s] -- Up-to-date: /home/locobot/Documents/kobuki/install/include/ecl/config/ecl.hpp
[2.339s] -- Up-to-date: /home/locobot/Documents/kobuki/install/include/ecl/config/char_sign.hpp
[2.339s] -- Up-to-date: /home/locobot/Documents/kobuki/install/include/ecl/config/ecl_unknown.hpp
[2.339s] -- Up-to-date: /home/locobot/Documents/kobuki/install/include/ecl/config/endianness.hpp
[2.339s] -- Up-to-date: /home/locobot/Documents/kobuki/install/include/ecl/config/macros.hpp
[2.339s] -- Up-to-date: /home/locobot/Documents/kobuki/install/include/ecl/config/portable_types.hpp
[2.339s] -- Up-to-date: /home/locobot/Documents/kobuki/install/include/ecl/config/windows.hpp
[2.339s] -- Installing: /home/locobot/Documents/kobuki/install/bin/ecl_detect_endian
[2.339s] -- Installing: /home/locobot/Documents/kobuki/install/bin/ecl_detect_posix
[2.340s] Invoked command in '/home/locobot/Documents/kobuki/build/ecl_config' returned '0': AMENT_PREFIX_PATH=/home/locobot/Documents/kobuki/install CMAKE_PREFIX_PATH=/home/locobot/Documents/kobuki/install LD_LIBRARY_PATH=/home/locobot/Documents/kobuki/install/lib PATH=/home/locobot/Documents/kobuki/install/bin:${PATH} PYTHONPATH=/home/locobot/Documents/kobuki/install/lib/python3.8/site-packages /usr/bin/cmake --install /home/locobot/Documents/kobuki/build/ecl_config
