-- The C compiler identification is GNU 9.4.0
-- The CXX compiler identification is GNU 9.4.0
-- Check for working C compiler: /usr/bin/cc
-- Check for working C compiler: /usr/bin/cc -- works
-- Detecting C compiler ABI info
-- Detecting C compiler ABI info - done
-- Detecting C compile features
-- Detecting C compile features - done
-- Check for working CXX compiler: /usr/bin/c++
-- Check for working CXX compiler: /usr/bin/c++ -- works
-- Detecting CXX compiler ABI info
-- Detecting CXX compiler ABI info - done
-- Detecting CXX compile features
-- Detecting CXX compile features - done
-- Found ament_cmake_ros: 0.9.2 (/home/locobot/Documents/kobuki/install/share/ament_cmake_ros/cmake)
-- Found PythonInterp: /usr/bin/python3 (found suitable version "3.8.10", minimum required is "3") 
-- Using PYTHON_EXECUTABLE: /usr/bin/python3
-- Found ecl_build: 1.0.3 (/home/locobot/Documents/kobuki/install/share/ecl_build/cmake)
-- Found ecl_command_line: 1.2.1 (/home/locobot/Documents/kobuki/install/share/ecl_command_line/cmake)
-- Found ecl_config: 1.1.0 (/home/locobot/Documents/kobuki/install/share/ecl_config/cmake)
-- Found ecl_console: 1.1.0 (/home/locobot/Documents/kobuki/install/share/ecl_console/cmake)
-- Found ecl_converters: 1.2.1 (/home/locobot/Documents/kobuki/install/share/ecl_converters/cmake)
-- Found ecl_devices: 1.2.1 (/home/locobot/Documents/kobuki/install/share/ecl_devices/cmake)
-- Looking for pthread.h
-- Looking for pthread.h - found
-- Performing Test CMAKE_HAVE_LIBC_PTHREAD
-- Performing Test CMAKE_HAVE_LIBC_PTHREAD - Failed
-- Looking for pthread_create in pthreads
-- Looking for pthread_create in pthreads - not found
-- Looking for pthread_create in pthread
-- Looking for pthread_create in pthread - found
-- Found Threads: TRUE  
-- Check if compiler accepts -pthread
-- Check if compiler accepts -pthread - yes
-- Found ecl_geometry: 1.2.1 (/home/locobot/Documents/kobuki/install/share/ecl_geometry/cmake)
-- Found ecl_mobile_robot: 1.2.1 (/home/locobot/Documents/kobuki/install/share/ecl_mobile_robot/cmake)
-- Found ecl_sigslots: 1.2.1 (/home/locobot/Documents/kobuki/install/share/ecl_sigslots/cmake)
-- Configuring done
-- Generating done
-- Build files have been written to: /home/locobot/Documents/kobuki/build/kobuki_core
[35m[1mScanning dependencies of target kobuki_core[0m
[  3%] [32mBuilding CXX object src/driver/CMakeFiles/kobuki_core.dir/battery.cpp.o[0m
[  6%] [32mBuilding CXX object src/driver/CMakeFiles/kobuki_core.dir/diff_drive.cpp.o[0m
[  9%] [32mBuilding CXX object src/driver/CMakeFiles/kobuki_core.dir/dock_drive.cpp.o[0m
[ 12%] [32mBuilding CXX object src/driver/CMakeFiles/kobuki_core.dir/dock_drive_debug.cpp.o[0m
[ 15%] [32mBuilding CXX object src/driver/CMakeFiles/kobuki_core.dir/dock_drive_states.cpp.o[0m
[ 18%] [32mBuilding CXX object src/driver/CMakeFiles/kobuki_core.dir/event_manager.cpp.o[0m
[ 21%] [32mBuilding CXX object src/driver/CMakeFiles/kobuki_core.dir/firmware.cpp.o[0m
[ 25%] [32mBuilding CXX object src/driver/CMakeFiles/kobuki_core.dir/kobuki.cpp.o[0m
[ 28%] [32mBuilding CXX object src/driver/CMakeFiles/kobuki_core.dir/logging.cpp.o[0m
[ 31%] [32mBuilding CXX object src/driver/CMakeFiles/kobuki_core.dir/packet_finder.cpp.o[0m
[ 34%] [32mBuilding CXX object src/driver/CMakeFiles/kobuki_core.dir/__/__/version_info.cpp.o[0m
[ 37%] [32mBuilding CXX object src/driver/CMakeFiles/kobuki_core.dir/core_sensors.cpp.o[0m
[ 40%] [32mBuilding CXX object src/driver/CMakeFiles/kobuki_core.dir/command.cpp.o[0m
[ 43%] [32m[1mLinking CXX shared library libkobuki_core.so[0m
[ 43%] Built target kobuki_core
[35m[1mScanning dependencies of target kobuki_core_demo_custom_logging[0m
[ 46%] [32mBuilding CXX object src/demos/CMakeFiles/kobuki_core_demo_custom_logging.dir/custom_logging.cpp.o[0m
[ 50%] [32m[1mLinking CXX executable demo_custom_logging[0m
[ 50%] Built target kobuki_core_demo_custom_logging
[35m[1mScanning dependencies of target kobuki_core_demo_data_stream[0m
[ 53%] [32mBuilding CXX object src/demos/CMakeFiles/kobuki_core_demo_data_stream.dir/data_stream.cpp.o[0m
[ 56%] [32m[1mLinking CXX executable demo_data_stream[0m
[ 56%] Built target kobuki_core_demo_data_stream
[35m[1mScanning dependencies of target kobuki_core_demo_simple_loop[0m
[ 59%] [32mBuilding CXX object src/demos/CMakeFiles/kobuki_core_demo_simple_loop.dir/simple_loop.cpp.o[0m
[ 62%] [32m[1mLinking CXX executable demo_simple_loop[0m
[ 62%] Built target kobuki_core_demo_simple_loop
[35m[1mScanning dependencies of target kobuki_core_demo_chirp[0m
[ 65%] [32mBuilding CXX object src/demos/CMakeFiles/kobuki_core_demo_chirp.dir/chirp.cpp.o[0m
[ 68%] [32m[1mLinking CXX executable demo_chirp[0m
[ 68%] Built target kobuki_core_demo_chirp
[35m[1mScanning dependencies of target kobuki_core_demo_velocity_commands[0m
[ 71%] [32mBuilding CXX object src/demos/CMakeFiles/kobuki_core_demo_velocity_commands.dir/velocity_commands.cpp.o[0m
[ 75%] [32m[1mLinking CXX executable demo_velocity_commands[0m
[ 75%] Built target kobuki_core_demo_velocity_commands
[35m[1mScanning dependencies of target kobuki_core_tool_simple_keyop[0m
[ 78%] [32mBuilding CXX object src/tools/CMakeFiles/kobuki_core_tool_simple_keyop.dir/simple_keyop.cpp.o[0m
[ 81%] [32m[1mLinking CXX executable kobuki-simple-keyop[0m
[ 81%] Built target kobuki_core_tool_simple_keyop
[35m[1mScanning dependencies of target kobuki_core_tool_version_info[0m
[ 84%] [32mBuilding CXX object src/tools/CMakeFiles/kobuki_core_tool_version_info.dir/version_info.cpp.o[0m
[ 87%] [32m[1mLinking CXX executable kobuki-version-info[0m
[ 87%] Built target kobuki_core_tool_version_info
[35m[1mScanning dependencies of target kobuki_core_demo_buttons[0m
[ 90%] [32mBuilding CXX object src/demos/CMakeFiles/kobuki_core_demo_buttons.dir/buttons.cpp.o[0m
[ 93%] [32m[1mLinking CXX executable demo_buttons[0m
[ 93%] Built target kobuki_core_demo_buttons
[35m[1mScanning dependencies of target kobuki_core_demo_raw_data_stream[0m
[ 96%] [32mBuilding CXX object src/demos/CMakeFiles/kobuki_core_demo_raw_data_stream.dir/raw_data_stream.cpp.o[0m
[100%] [32m[1mLinking CXX executable demo_raw_data_stream[0m
[100%] Built target kobuki_core_demo_raw_data_stream
-- Install configuration: ""
-- Up-to-date: /home/locobot/Documents/kobuki/install/include
-- Installing: /home/locobot/Documents/kobuki/install/include/kobuki_core
-- Installing: /home/locobot/Documents/kobuki/install/include/kobuki_core/logging.hpp
-- Installing: /home/locobot/Documents/kobuki/install/include/kobuki_core/version_info.hpp
-- Installing: /home/locobot/Documents/kobuki/install/include/kobuki_core/packets
-- Installing: /home/locobot/Documents/kobuki/install/include/kobuki_core/packets/unique_device_id.hpp
-- Installing: /home/locobot/Documents/kobuki/install/include/kobuki_core/packets/core_sensors.hpp
-- Installing: /home/locobot/Documents/kobuki/install/include/kobuki_core/packets/three_axis_gyro.hpp
-- Installing: /home/locobot/Documents/kobuki/install/include/kobuki_core/packets/cliff.hpp
-- Installing: /home/locobot/Documents/kobuki/install/include/kobuki_core/packets/eeprom.hpp
-- Installing: /home/locobot/Documents/kobuki/install/include/kobuki_core/packets/inertia.hpp
-- Installing: /home/locobot/Documents/kobuki/install/include/kobuki_core/packets/hardware.hpp
-- Installing: /home/locobot/Documents/kobuki/install/include/kobuki_core/packets/controller_info.hpp
-- Installing: /home/locobot/Documents/kobuki/install/include/kobuki_core/packets/current.hpp
-- Installing: /home/locobot/Documents/kobuki/install/include/kobuki_core/packets/gp_input.hpp
-- Installing: /home/locobot/Documents/kobuki/install/include/kobuki_core/packets/firmware.hpp
-- Installing: /home/locobot/Documents/kobuki/install/include/kobuki_core/packets/dock_ir.hpp
-- Installing: /home/locobot/Documents/kobuki/install/include/kobuki_core/packet_handler
-- Installing: /home/locobot/Documents/kobuki/install/include/kobuki_core/packet_handler/payload_base.hpp
-- Installing: /home/locobot/Documents/kobuki/install/include/kobuki_core/packet_handler/packet_finder.hpp
-- Installing: /home/locobot/Documents/kobuki/install/include/kobuki_core/packet_handler/payload_headers.hpp
-- Installing: /home/locobot/Documents/kobuki/install/include/kobuki_core/command.hpp
-- Installing: /home/locobot/Documents/kobuki/install/include/kobuki_core/macros.hpp
-- Installing: /home/locobot/Documents/kobuki/install/include/kobuki_core/event_manager.hpp
-- Installing: /home/locobot/Documents/kobuki/install/include/kobuki_core/kobuki.hpp
-- Installing: /home/locobot/Documents/kobuki/install/include/kobuki_core/modules
-- Installing: /home/locobot/Documents/kobuki/install/include/kobuki_core/modules/diff_drive.hpp
-- Installing: /home/locobot/Documents/kobuki/install/include/kobuki_core/modules/digital_output.hpp
-- Installing: /home/locobot/Documents/kobuki/install/include/kobuki_core/modules/acceleration_limiter.hpp
-- Installing: /home/locobot/Documents/kobuki/install/include/kobuki_core/modules/battery.hpp
-- Installing: /home/locobot/Documents/kobuki/install/include/kobuki_core/modules/led_array.hpp
-- Installing: /home/locobot/Documents/kobuki/install/include/kobuki_core/modules/sound.hpp
-- Installing: /home/locobot/Documents/kobuki/install/include/kobuki_core/modules.hpp
-- Installing: /home/locobot/Documents/kobuki/install/include/kobuki_core/packets.hpp
-- Installing: /home/locobot/Documents/kobuki/install/include/kobuki_core/dock_drive.hpp
-- Installing: /home/locobot/Documents/kobuki/install/include/kobuki_core/parameters.hpp
-- Installing: /home/locobot/Documents/kobuki/install/include/CMakeLists.txt
-- Installing: /home/locobot/Documents/kobuki/install/share/kobuki_core/environment/library_path.sh
-- Installing: /home/locobot/Documents/kobuki/install/share/kobuki_core/environment/library_path.dsv
-- Installing: /home/locobot/Documents/kobuki/install/share/ament_index/resource_index/package_run_dependencies/kobuki_core
-- Installing: /home/locobot/Documents/kobuki/install/share/ament_index/resource_index/parent_prefix_path/kobuki_core
-- Installing: /home/locobot/Documents/kobuki/install/share/kobuki_core/environment/ament_prefix_path.sh
-- Installing: /home/locobot/Documents/kobuki/install/share/kobuki_core/environment/ament_prefix_path.dsv
-- Installing: /home/locobot/Documents/kobuki/install/share/kobuki_core/environment/path.sh
-- Installing: /home/locobot/Documents/kobuki/install/share/kobuki_core/environment/path.dsv
-- Installing: /home/locobot/Documents/kobuki/install/share/kobuki_core/local_setup.bash
-- Installing: /home/locobot/Documents/kobuki/install/share/kobuki_core/local_setup.sh
-- Installing: /home/locobot/Documents/kobuki/install/share/kobuki_core/local_setup.zsh
-- Installing: /home/locobot/Documents/kobuki/install/share/kobuki_core/local_setup.dsv
-- Installing: /home/locobot/Documents/kobuki/install/share/kobuki_core/package.dsv
-- Installing: /home/locobot/Documents/kobuki/install/share/ament_index/resource_index/packages/kobuki_core
-- Installing: /home/locobot/Documents/kobuki/install/share/kobuki_core/cmake/kobuki_coreExport.cmake
-- Installing: /home/locobot/Documents/kobuki/install/share/kobuki_core/cmake/kobuki_coreExport-noconfig.cmake
-- Installing: /home/locobot/Documents/kobuki/install/share/kobuki_core/cmake/ament_cmake_export_targets-extras.cmake
-- Installing: /home/locobot/Documents/kobuki/install/share/kobuki_core/cmake/ament_cmake_export_dependencies-extras.cmake
-- Installing: /home/locobot/Documents/kobuki/install/share/kobuki_core/cmake/ament_cmake_export_include_directories-extras.cmake
-- Installing: /home/locobot/Documents/kobuki/install/share/kobuki_core/cmake/ament_cmake_export_libraries-extras.cmake
-- Installing: /home/locobot/Documents/kobuki/install/share/kobuki_core/cmake/kobuki_coreConfig.cmake
-- Installing: /home/locobot/Documents/kobuki/install/share/kobuki_core/cmake/kobuki_coreConfig-version.cmake
-- Installing: /home/locobot/Documents/kobuki/install/share/kobuki_core/package.xml
-- Up-to-date: /home/locobot/Documents/kobuki/install/include/kobuki_core
-- Up-to-date: /home/locobot/Documents/kobuki/install/include/kobuki_core/logging.hpp
-- Up-to-date: /home/locobot/Documents/kobuki/install/include/kobuki_core/version_info.hpp
-- Up-to-date: /home/locobot/Documents/kobuki/install/include/kobuki_core/packets
-- Up-to-date: /home/locobot/Documents/kobuki/install/include/kobuki_core/packets/unique_device_id.hpp
-- Up-to-date: /home/locobot/Documents/kobuki/install/include/kobuki_core/packets/core_sensors.hpp
-- Up-to-date: /home/locobot/Documents/kobuki/install/include/kobuki_core/packets/three_axis_gyro.hpp
-- Up-to-date: /home/locobot/Documents/kobuki/install/include/kobuki_core/packets/cliff.hpp
-- Up-to-date: /home/locobot/Documents/kobuki/install/include/kobuki_core/packets/eeprom.hpp
-- Up-to-date: /home/locobot/Documents/kobuki/install/include/kobuki_core/packets/inertia.hpp
-- Up-to-date: /home/locobot/Documents/kobuki/install/include/kobuki_core/packets/hardware.hpp
-- Up-to-date: /home/locobot/Documents/kobuki/install/include/kobuki_core/packets/controller_info.hpp
-- Up-to-date: /home/locobot/Documents/kobuki/install/include/kobuki_core/packets/current.hpp
-- Up-to-date: /home/locobot/Documents/kobuki/install/include/kobuki_core/packets/gp_input.hpp
-- Up-to-date: /home/locobot/Documents/kobuki/install/include/kobuki_core/packets/firmware.hpp
-- Up-to-date: /home/locobot/Documents/kobuki/install/include/kobuki_core/packets/dock_ir.hpp
-- Up-to-date: /home/locobot/Documents/kobuki/install/include/kobuki_core/packet_handler
-- Up-to-date: /home/locobot/Documents/kobuki/install/include/kobuki_core/packet_handler/payload_base.hpp
-- Up-to-date: /home/locobot/Documents/kobuki/install/include/kobuki_core/packet_handler/packet_finder.hpp
-- Up-to-date: /home/locobot/Documents/kobuki/install/include/kobuki_core/packet_handler/payload_headers.hpp
-- Up-to-date: /home/locobot/Documents/kobuki/install/include/kobuki_core/command.hpp
-- Up-to-date: /home/locobot/Documents/kobuki/install/include/kobuki_core/macros.hpp
-- Up-to-date: /home/locobot/Documents/kobuki/install/include/kobuki_core/event_manager.hpp
-- Up-to-date: /home/locobot/Documents/kobuki/install/include/kobuki_core/kobuki.hpp
-- Up-to-date: /home/locobot/Documents/kobuki/install/include/kobuki_core/modules
-- Up-to-date: /home/locobot/Documents/kobuki/install/include/kobuki_core/modules/diff_drive.hpp
-- Up-to-date: /home/locobot/Documents/kobuki/install/include/kobuki_core/modules/digital_output.hpp
-- Up-to-date: /home/locobot/Documents/kobuki/install/include/kobuki_core/modules/acceleration_limiter.hpp
-- Up-to-date: /home/locobot/Documents/kobuki/install/include/kobuki_core/modules/battery.hpp
-- Up-to-date: /home/locobot/Documents/kobuki/install/include/kobuki_core/modules/led_array.hpp
-- Up-to-date: /home/locobot/Documents/kobuki/install/include/kobuki_core/modules/sound.hpp
-- Up-to-date: /home/locobot/Documents/kobuki/install/include/kobuki_core/modules.hpp
-- Up-to-date: /home/locobot/Documents/kobuki/install/include/kobuki_core/packets.hpp
-- Up-to-date: /home/locobot/Documents/kobuki/install/include/kobuki_core/dock_drive.hpp
-- Up-to-date: /home/locobot/Documents/kobuki/install/include/kobuki_core/parameters.hpp
-- Installing: /home/locobot/Documents/kobuki/install/lib/libkobuki_core.so.1.3.1
-- Set runtime path of "/home/locobot/Documents/kobuki/install/lib/libkobuki_core.so.1.3.1" to ""
-- Installing: /home/locobot/Documents/kobuki/install/lib/libkobuki_core.so
-- Installing: /home/locobot/Documents/kobuki/install/lib/kobuki_core/demo_chirp
-- Set runtime path of "/home/locobot/Documents/kobuki/install/lib/kobuki_core/demo_chirp" to ""
-- Installing: /home/locobot/Documents/kobuki/install/lib/kobuki_core/demo_custom_logging
-- Set runtime path of "/home/locobot/Documents/kobuki/install/lib/kobuki_core/demo_custom_logging" to ""
-- Installing: /home/locobot/Documents/kobuki/install/lib/kobuki_core/demo_buttons
-- Set runtime path of "/home/locobot/Documents/kobuki/install/lib/kobuki_core/demo_buttons" to ""
-- Installing: /home/locobot/Documents/kobuki/install/lib/kobuki_core/demo_raw_data_stream
-- Set runtime path of "/home/locobot/Documents/kobuki/install/lib/kobuki_core/demo_raw_data_stream" to ""
-- Installing: /home/locobot/Documents/kobuki/install/lib/kobuki_core/demo_data_stream
-- Set runtime path of "/home/locobot/Documents/kobuki/install/lib/kobuki_core/demo_data_stream" to ""
-- Installing: /home/locobot/Documents/kobuki/install/lib/kobuki_core/demo_velocity_commands
-- Set runtime path of "/home/locobot/Documents/kobuki/install/lib/kobuki_core/demo_velocity_commands" to ""
-- Installing: /home/locobot/Documents/kobuki/install/lib/kobuki_core/demo_simple_loop
-- Set runtime path of "/home/locobot/Documents/kobuki/install/lib/kobuki_core/demo_simple_loop" to ""
-- Installing: /home/locobot/Documents/kobuki/install/bin/kobuki-version-info
-- Set runtime path of "/home/locobot/Documents/kobuki/install/bin/kobuki-version-info" to ""
-- Installing: /home/locobot/Documents/kobuki/install/bin/kobuki-simple-keyop
-- Set runtime path of "/home/locobot/Documents/kobuki/install/bin/kobuki-simple-keyop" to ""
