[0.259s] Invoking command in '/home/locobot/Documents/kobuki/build/kobuki_core': AMENT_PREFIX_PATH=/home/locobot/Documents/kobuki/install CMAKE_PREFIX_PATH=/home/locobot/Documents/kobuki/install LD_LIBRARY_PATH=/home/locobot/Documents/kobuki/install/lib PATH=/home/locobot/Documents/kobuki/install/bin:${PATH} PKG_CONFIG_PATH=/home/locobot/Documents/kobuki/install/lib/x86_64-linux-gnu/pkgconfig:/home/locobot/Documents/kobuki/install/lib/pkgconfig PYTHONPATH=/home/locobot/Documents/kobuki/install/lib/python3.8/site-packages /usr/bin/cmake /home/locobot/Documents/kobuki/src/kobuki_core -DBUILD_TESTING=OFF -DCMAKE_INSTALL_PREFIX=/home/locobot/Documents/kobuki/install
[0.322s] -- The C compiler identification is GNU 9.4.0
[0.406s] -- The CXX compiler identification is GNU 9.4.0
[0.419s] -- Check for working C compiler: /usr/bin/cc
[0.635s] -- Check for working C compiler: /usr/bin/cc -- works
[0.636s] -- Detecting C compiler ABI info
[0.761s] -- Detecting C compiler ABI info - done
[0.785s] -- Detecting C compile features
[0.787s] -- Detecting C compile features - done
[0.793s] -- Check for working CXX compiler: /usr/bin/c++
[0.949s] -- Check for working CXX compiler: /usr/bin/c++ -- works
[0.951s] -- Detecting CXX compiler ABI info
[1.098s] -- Detecting CXX compiler ABI info - done
[1.121s] -- Detecting CXX compile features
[1.123s] -- Detecting CXX compile features - done
[1.127s] -- Found ament_cmake_ros: 0.9.2 (/home/locobot/Documents/kobuki/install/share/ament_cmake_ros/cmake)
[1.156s] -- Found PythonInterp: /usr/bin/python3 (found suitable version "3.8.10", minimum required is "3") 
[1.156s] -- Using PYTHON_EXECUTABLE: /usr/bin/python3
[1.367s] -- Found ecl_build: 1.0.3 (/home/locobot/Documents/kobuki/install/share/ecl_build/cmake)
[1.378s] -- Found ecl_command_line: 1.2.1 (/home/locobot/Documents/kobuki/install/share/ecl_command_line/cmake)
[1.381s] -- Found ecl_config: 1.1.0 (/home/locobot/Documents/kobuki/install/share/ecl_config/cmake)
[1.384s] -- Found ecl_console: 1.1.0 (/home/locobot/Documents/kobuki/install/share/ecl_console/cmake)
[1.388s] -- Found ecl_converters: 1.2.1 (/home/locobot/Documents/kobuki/install/share/ecl_converters/cmake)
[1.418s] -- Found ecl_devices: 1.2.1 (/home/locobot/Documents/kobuki/install/share/ecl_devices/cmake)
[1.447s] -- Looking for pthread.h
[1.550s] -- Looking for pthread.h - found
[1.550s] -- Performing Test CMAKE_HAVE_LIBC_PTHREAD
[1.684s] -- Performing Test CMAKE_HAVE_LIBC_PTHREAD - Failed
[1.684s] -- Looking for pthread_create in pthreads
[1.789s] -- Looking for pthread_create in pthreads - not found
[1.790s] -- Looking for pthread_create in pthread
[1.906s] -- Looking for pthread_create in pthread - found
[1.908s] -- Found Threads: TRUE  
[1.909s] -- Check if compiler accepts -pthread
[2.030s] -- Check if compiler accepts -pthread - yes
[2.056s] -- Found ecl_geometry: 1.2.1 (/home/locobot/Documents/kobuki/install/share/ecl_geometry/cmake)
[2.086s] -- Found ecl_mobile_robot: 1.2.1 (/home/locobot/Documents/kobuki/install/share/ecl_mobile_robot/cmake)
[2.097s] -- Found ecl_sigslots: 1.2.1 (/home/locobot/Documents/kobuki/install/share/ecl_sigslots/cmake)
[2.278s] -- Configuring done
[2.329s] -- Generating done
[2.335s] -- Build files have been written to: /home/locobot/Documents/kobuki/build/kobuki_core
[2.375s] Invoked command in '/home/locobot/Documents/kobuki/build/kobuki_core' returned '0': AMENT_PREFIX_PATH=/home/locobot/Documents/kobuki/install CMAKE_PREFIX_PATH=/home/locobot/Documents/kobuki/install LD_LIBRARY_PATH=/home/locobot/Documents/kobuki/install/lib PATH=/home/locobot/Documents/kobuki/install/bin:${PATH} PKG_CONFIG_PATH=/home/locobot/Documents/kobuki/install/lib/x86_64-linux-gnu/pkgconfig:/home/locobot/Documents/kobuki/install/lib/pkgconfig PYTHONPATH=/home/locobot/Documents/kobuki/install/lib/python3.8/site-packages /usr/bin/cmake /home/locobot/Documents/kobuki/src/kobuki_core -DBUILD_TESTING=OFF -DCMAKE_INSTALL_PREFIX=/home/locobot/Documents/kobuki/install
[2.377s] Invoking command in '/home/locobot/Documents/kobuki/build/kobuki_core': AMENT_PREFIX_PATH=/home/locobot/Documents/kobuki/install CMAKE_PREFIX_PATH=/home/locobot/Documents/kobuki/install LD_LIBRARY_PATH=/home/locobot/Documents/kobuki/install/lib PATH=/home/locobot/Documents/kobuki/install/bin:${PATH} PKG_CONFIG_PATH=/home/locobot/Documents/kobuki/install/lib/x86_64-linux-gnu/pkgconfig:/home/locobot/Documents/kobuki/install/lib/pkgconfig PYTHONPATH=/home/locobot/Documents/kobuki/install/lib/python3.8/site-packages /usr/bin/cmake --build /home/locobot/Documents/kobuki/build/kobuki_core -- -j4 -l4
[2.431s] [35m[1mScanning dependencies of target kobuki_core[0m
[2.577s] [  3%] [32mBuilding CXX object src/driver/CMakeFiles/kobuki_core.dir/battery.cpp.o[0m
[3.357s] [  6%] [32mBuilding CXX object src/driver/CMakeFiles/kobuki_core.dir/diff_drive.cpp.o[0m
[6.123s] [  9%] [32mBuilding CXX object src/driver/CMakeFiles/kobuki_core.dir/dock_drive.cpp.o[0m
[8.388s] [ 12%] [32mBuilding CXX object src/driver/CMakeFiles/kobuki_core.dir/dock_drive_debug.cpp.o[0m
[10.613s] [ 15%] [32mBuilding CXX object src/driver/CMakeFiles/kobuki_core.dir/dock_drive_states.cpp.o[0m
[12.633s] [ 18%] [32mBuilding CXX object src/driver/CMakeFiles/kobuki_core.dir/event_manager.cpp.o[0m
[15.538s] [ 21%] [32mBuilding CXX object src/driver/CMakeFiles/kobuki_core.dir/firmware.cpp.o[0m
[16.209s] [ 25%] [32mBuilding CXX object src/driver/CMakeFiles/kobuki_core.dir/kobuki.cpp.o[0m
[21.085s] [ 28%] [32mBuilding CXX object src/driver/CMakeFiles/kobuki_core.dir/logging.cpp.o[0m
[21.469s] [ 31%] [32mBuilding CXX object src/driver/CMakeFiles/kobuki_core.dir/packet_finder.cpp.o[0m
[22.880s] [ 34%] [32mBuilding CXX object src/driver/CMakeFiles/kobuki_core.dir/__/__/version_info.cpp.o[0m
[23.306s] [ 37%] [32mBuilding CXX object src/driver/CMakeFiles/kobuki_core.dir/core_sensors.cpp.o[0m
[23.785s] [ 40%] [32mBuilding CXX object src/driver/CMakeFiles/kobuki_core.dir/command.cpp.o[0m
[25.676s] [ 43%] [32m[1mLinking CXX shared library libkobuki_core.so[0m
[26.015s] [ 43%] Built target kobuki_core
[26.029s] [35m[1mScanning dependencies of target kobuki_core_demo_custom_logging[0m
[26.187s] [ 46%] [32mBuilding CXX object src/demos/CMakeFiles/kobuki_core_demo_custom_logging.dir/custom_logging.cpp.o[0m
[30.104s] [ 50%] [32m[1mLinking CXX executable demo_custom_logging[0m
[30.238s] [ 50%] Built target kobuki_core_demo_custom_logging
[30.252s] [35m[1mScanning dependencies of target kobuki_core_demo_data_stream[0m
[30.367s] [ 53%] [32mBuilding CXX object src/demos/CMakeFiles/kobuki_core_demo_data_stream.dir/data_stream.cpp.o[0m
[34.144s] [ 56%] [32m[1mLinking CXX executable demo_data_stream[0m
[34.309s] [ 56%] Built target kobuki_core_demo_data_stream
[34.321s] [35m[1mScanning dependencies of target kobuki_core_demo_simple_loop[0m
[34.404s] [ 59%] [32mBuilding CXX object src/demos/CMakeFiles/kobuki_core_demo_simple_loop.dir/simple_loop.cpp.o[0m
[38.372s] [ 62%] [32m[1mLinking CXX executable demo_simple_loop[0m
[38.575s] [ 62%] Built target kobuki_core_demo_simple_loop
[38.585s] [35m[1mScanning dependencies of target kobuki_core_demo_chirp[0m
[38.668s] [ 65%] [32mBuilding CXX object src/demos/CMakeFiles/kobuki_core_demo_chirp.dir/chirp.cpp.o[0m
[41.707s] [ 68%] [32m[1mLinking CXX executable demo_chirp[0m
[41.883s] [ 68%] Built target kobuki_core_demo_chirp
[41.894s] [35m[1mScanning dependencies of target kobuki_core_demo_velocity_commands[0m
[41.908s] [ 71%] [32mBuilding CXX object src/demos/CMakeFiles/kobuki_core_demo_velocity_commands.dir/velocity_commands.cpp.o[0m
[42.352s] [ 75%] [32m[1mLinking CXX executable demo_velocity_commands[0m
[42.494s] [ 75%] Built target kobuki_core_demo_velocity_commands
[42.506s] [35m[1mScanning dependencies of target kobuki_core_tool_simple_keyop[0m
[42.602s] [ 78%] [32mBuilding CXX object src/tools/CMakeFiles/kobuki_core_tool_simple_keyop.dir/simple_keyop.cpp.o[0m
[46.366s] [ 81%] [32m[1mLinking CXX executable kobuki-simple-keyop[0m
[46.512s] [ 81%] Built target kobuki_core_tool_simple_keyop
[46.522s] [35m[1mScanning dependencies of target kobuki_core_tool_version_info[0m
[46.596s] [ 84%] [32mBuilding CXX object src/tools/CMakeFiles/kobuki_core_tool_version_info.dir/version_info.cpp.o[0m
[49.662s] [ 87%] [32m[1mLinking CXX executable kobuki-version-info[0m
[49.791s] [ 87%] Built target kobuki_core_tool_version_info
[49.801s] [35m[1mScanning dependencies of target kobuki_core_demo_buttons[0m
[49.880s] [ 90%] [32mBuilding CXX object src/demos/CMakeFiles/kobuki_core_demo_buttons.dir/buttons.cpp.o[0m
[52.868s] [ 93%] [32m[1mLinking CXX executable demo_buttons[0m
[52.995s] [ 93%] Built target kobuki_core_demo_buttons
[53.005s] [35m[1mScanning dependencies of target kobuki_core_demo_raw_data_stream[0m
[53.084s] [ 96%] [32mBuilding CXX object src/demos/CMakeFiles/kobuki_core_demo_raw_data_stream.dir/raw_data_stream.cpp.o[0m
[56.068s] [100%] [32m[1mLinking CXX executable demo_raw_data_stream[0m
[56.199s] [100%] Built target kobuki_core_demo_raw_data_stream
[56.214s] Invoked command in '/home/locobot/Documents/kobuki/build/kobuki_core' returned '0': AMENT_PREFIX_PATH=/home/locobot/Documents/kobuki/install CMAKE_PREFIX_PATH=/home/locobot/Documents/kobuki/install LD_LIBRARY_PATH=/home/locobot/Documents/kobuki/install/lib PATH=/home/locobot/Documents/kobuki/install/bin:${PATH} PKG_CONFIG_PATH=/home/locobot/Documents/kobuki/install/lib/x86_64-linux-gnu/pkgconfig:/home/locobot/Documents/kobuki/install/lib/pkgconfig PYTHONPATH=/home/locobot/Documents/kobuki/install/lib/python3.8/site-packages /usr/bin/cmake --build /home/locobot/Documents/kobuki/build/kobuki_core -- -j4 -l4
[56.217s] Invoking command in '/home/locobot/Documents/kobuki/build/kobuki_core': AMENT_PREFIX_PATH=/home/locobot/Documents/kobuki/install CMAKE_PREFIX_PATH=/home/locobot/Documents/kobuki/install LD_LIBRARY_PATH=/home/locobot/Documents/kobuki/install/lib PATH=/home/locobot/Documents/kobuki/install/bin:${PATH} PKG_CONFIG_PATH=/home/locobot/Documents/kobuki/install/lib/x86_64-linux-gnu/pkgconfig:/home/locobot/Documents/kobuki/install/lib/pkgconfig PYTHONPATH=/home/locobot/Documents/kobuki/install/lib/python3.8/site-packages /usr/bin/cmake --install /home/locobot/Documents/kobuki/build/kobuki_core
[56.226s] -- Install configuration: ""
[56.226s] -- Up-to-date: /home/locobot/Documents/kobuki/install/include
[56.226s] -- Installing: /home/locobot/Documents/kobuki/install/include/kobuki_core
[56.226s] -- Installing: /home/locobot/Documents/kobuki/install/include/kobuki_core/logging.hpp
[56.226s] -- Installing: /home/locobot/Documents/kobuki/install/include/kobuki_core/version_info.hpp
[56.226s] -- Installing: /home/locobot/Documents/kobuki/install/include/kobuki_core/packets
[56.226s] -- Installing: /home/locobot/Documents/kobuki/install/include/kobuki_core/packets/unique_device_id.hpp
[56.227s] -- Installing: /home/locobot/Documents/kobuki/install/include/kobuki_core/packets/core_sensors.hpp
[56.227s] -- Installing: /home/locobot/Documents/kobuki/install/include/kobuki_core/packets/three_axis_gyro.hpp
[56.227s] -- Installing: /home/locobot/Documents/kobuki/install/include/kobuki_core/packets/cliff.hpp
[56.227s] -- Installing: /home/locobot/Documents/kobuki/install/include/kobuki_core/packets/eeprom.hpp
[56.228s] -- Installing: /home/locobot/Documents/kobuki/install/include/kobuki_core/packets/inertia.hpp
[56.228s] -- Installing: /home/locobot/Documents/kobuki/install/include/kobuki_core/packets/hardware.hpp
[56.228s] -- Installing: /home/locobot/Documents/kobuki/install/include/kobuki_core/packets/controller_info.hpp
[56.228s] -- Installing: /home/locobot/Documents/kobuki/install/include/kobuki_core/packets/current.hpp
[56.228s] -- Installing: /home/locobot/Documents/kobuki/install/include/kobuki_core/packets/gp_input.hpp
[56.228s] -- Installing: /home/locobot/Documents/kobuki/install/include/kobuki_core/packets/firmware.hpp
[56.228s] -- Installing: /home/locobot/Documents/kobuki/install/include/kobuki_core/packets/dock_ir.hpp
[56.229s] -- Installing: /home/locobot/Documents/kobuki/install/include/kobuki_core/packet_handler
[56.229s] -- Installing: /home/locobot/Documents/kobuki/install/include/kobuki_core/packet_handler/payload_base.hpp
[56.229s] -- Installing: /home/locobot/Documents/kobuki/install/include/kobuki_core/packet_handler/packet_finder.hpp
[56.229s] -- Installing: /home/locobot/Documents/kobuki/install/include/kobuki_core/packet_handler/payload_headers.hpp
[56.229s] -- Installing: /home/locobot/Documents/kobuki/install/include/kobuki_core/command.hpp
[56.229s] -- Installing: /home/locobot/Documents/kobuki/install/include/kobuki_core/macros.hpp
[56.229s] -- Installing: /home/locobot/Documents/kobuki/install/include/kobuki_core/event_manager.hpp
[56.229s] -- Installing: /home/locobot/Documents/kobuki/install/include/kobuki_core/kobuki.hpp
[56.230s] -- Installing: /home/locobot/Documents/kobuki/install/include/kobuki_core/modules
[56.230s] -- Installing: /home/locobot/Documents/kobuki/install/include/kobuki_core/modules/diff_drive.hpp
[56.230s] -- Installing: /home/locobot/Documents/kobuki/install/include/kobuki_core/modules/digital_output.hpp
[56.230s] -- Installing: /home/locobot/Documents/kobuki/install/include/kobuki_core/modules/acceleration_limiter.hpp
[56.230s] -- Installing: /home/locobot/Documents/kobuki/install/include/kobuki_core/modules/battery.hpp
[56.230s] -- Installing: /home/locobot/Documents/kobuki/install/include/kobuki_core/modules/led_array.hpp
[56.230s] -- Installing: /home/locobot/Documents/kobuki/install/include/kobuki_core/modules/sound.hpp
[56.230s] -- Installing: /home/locobot/Documents/kobuki/install/include/kobuki_core/modules.hpp
[56.230s] -- Installing: /home/locobot/Documents/kobuki/install/include/kobuki_core/packets.hpp
[56.231s] -- Installing: /home/locobot/Documents/kobuki/install/include/kobuki_core/dock_drive.hpp
[56.231s] -- Installing: /home/locobot/Documents/kobuki/install/include/kobuki_core/parameters.hpp
[56.231s] -- Installing: /home/locobot/Documents/kobuki/install/include/CMakeLists.txt
[56.231s] -- Installing: /home/locobot/Documents/kobuki/install/share/kobuki_core/environment/library_path.sh
[56.231s] -- Installing: /home/locobot/Documents/kobuki/install/share/kobuki_core/environment/library_path.dsv
[56.231s] -- Installing: /home/locobot/Documents/kobuki/install/share/ament_index/resource_index/package_run_dependencies/kobuki_core
[56.231s] -- Installing: /home/locobot/Documents/kobuki/install/share/ament_index/resource_index/parent_prefix_path/kobuki_core
[56.232s] -- Installing: /home/locobot/Documents/kobuki/install/share/kobuki_core/environment/ament_prefix_path.sh
[56.232s] -- Installing: /home/locobot/Documents/kobuki/install/share/kobuki_core/environment/ament_prefix_path.dsv
[56.232s] -- Installing: /home/locobot/Documents/kobuki/install/share/kobuki_core/environment/path.sh
[56.232s] -- Installing: /home/locobot/Documents/kobuki/install/share/kobuki_core/environment/path.dsv
[56.232s] -- Installing: /home/locobot/Documents/kobuki/install/share/kobuki_core/local_setup.bash
[56.232s] -- Installing: /home/locobot/Documents/kobuki/install/share/kobuki_core/local_setup.sh
[56.232s] -- Installing: /home/locobot/Documents/kobuki/install/share/kobuki_core/local_setup.zsh
[56.233s] -- Installing: /home/locobot/Documents/kobuki/install/share/kobuki_core/local_setup.dsv
[56.233s] -- Installing: /home/locobot/Documents/kobuki/install/share/kobuki_core/package.dsv
[56.233s] -- Installing: /home/locobot/Documents/kobuki/install/share/ament_index/resource_index/packages/kobuki_core
[56.233s] -- Installing: /home/locobot/Documents/kobuki/install/share/kobuki_core/cmake/kobuki_coreExport.cmake
[56.233s] -- Installing: /home/locobot/Documents/kobuki/install/share/kobuki_core/cmake/kobuki_coreExport-noconfig.cmake
[56.234s] -- Installing: /home/locobot/Documents/kobuki/install/share/kobuki_core/cmake/ament_cmake_export_targets-extras.cmake
[56.234s] -- Installing: /home/locobot/Documents/kobuki/install/share/kobuki_core/cmake/ament_cmake_export_dependencies-extras.cmake
[56.237s] -- Installing: /home/locobot/Documents/kobuki/install/share/kobuki_core/cmake/ament_cmake_export_include_directories-extras.cmake
[56.238s] -- Installing: /home/locobot/Documents/kobuki/install/share/kobuki_core/cmake/ament_cmake_export_libraries-extras.cmake
[56.238s] -- Installing: /home/locobot/Documents/kobuki/install/share/kobuki_core/cmake/kobuki_coreConfig.cmake
[56.238s] -- Installing: /home/locobot/Documents/kobuki/install/share/kobuki_core/cmake/kobuki_coreConfig-version.cmake
[56.238s] -- Installing: /home/locobot/Documents/kobuki/install/share/kobuki_core/package.xml
[56.238s] -- Up-to-date: /home/locobot/Documents/kobuki/install/include/kobuki_core
[56.238s] -- Up-to-date: /home/locobot/Documents/kobuki/install/include/kobuki_core/logging.hpp
[56.238s] -- Up-to-date: /home/locobot/Documents/kobuki/install/include/kobuki_core/version_info.hpp
[56.238s] -- Up-to-date: /home/locobot/Documents/kobuki/install/include/kobuki_core/packets
[56.238s] -- Up-to-date: /home/locobot/Documents/kobuki/install/include/kobuki_core/packets/unique_device_id.hpp
[56.238s] -- Up-to-date: /home/locobot/Documents/kobuki/install/include/kobuki_core/packets/core_sensors.hpp
[56.238s] -- Up-to-date: /home/locobot/Documents/kobuki/install/include/kobuki_core/packets/three_axis_gyro.hpp
[56.239s] -- Up-to-date: /home/locobot/Documents/kobuki/install/include/kobuki_core/packets/cliff.hpp
[56.239s] -- Up-to-date: /home/locobot/Documents/kobuki/install/include/kobuki_core/packets/eeprom.hpp
[56.239s] -- Up-to-date: /home/locobot/Documents/kobuki/install/include/kobuki_core/packets/inertia.hpp
[56.239s] -- Up-to-date: /home/locobot/Documents/kobuki/install/include/kobuki_core/packets/hardware.hpp
[56.239s] -- Up-to-date: /home/locobot/Documents/kobuki/install/include/kobuki_core/packets/controller_info.hpp
[56.239s] -- Up-to-date: /home/locobot/Documents/kobuki/install/include/kobuki_core/packets/current.hpp
[56.239s] -- Up-to-date: /home/locobot/Documents/kobuki/install/include/kobuki_core/packets/gp_input.hpp
[56.239s] -- Up-to-date: /home/locobot/Documents/kobuki/install/include/kobuki_core/packets/firmware.hpp
[56.239s] -- Up-to-date: /home/locobot/Documents/kobuki/install/include/kobuki_core/packets/dock_ir.hpp
[56.240s] -- Up-to-date: /home/locobot/Documents/kobuki/install/include/kobuki_core/packet_handler
[56.240s] -- Up-to-date: /home/locobot/Documents/kobuki/install/include/kobuki_core/packet_handler/payload_base.hpp
[56.240s] -- Up-to-date: /home/locobot/Documents/kobuki/install/include/kobuki_core/packet_handler/packet_finder.hpp
[56.240s] -- Up-to-date: /home/locobot/Documents/kobuki/install/include/kobuki_core/packet_handler/payload_headers.hpp
[56.240s] -- Up-to-date: /home/locobot/Documents/kobuki/install/include/kobuki_core/command.hpp
[56.240s] -- Up-to-date: /home/locobot/Documents/kobuki/install/include/kobuki_core/macros.hpp
[56.240s] -- Up-to-date: /home/locobot/Documents/kobuki/install/include/kobuki_core/event_manager.hpp
[56.240s] -- Up-to-date: /home/locobot/Documents/kobuki/install/include/kobuki_core/kobuki.hpp
[56.240s] -- Up-to-date: /home/locobot/Documents/kobuki/install/include/kobuki_core/modules
[56.240s] -- Up-to-date: /home/locobot/Documents/kobuki/install/include/kobuki_core/modules/diff_drive.hpp
[56.241s] -- Up-to-date: /home/locobot/Documents/kobuki/install/include/kobuki_core/modules/digital_output.hpp
[56.241s] -- Up-to-date: /home/locobot/Documents/kobuki/install/include/kobuki_core/modules/acceleration_limiter.hpp
[56.241s] -- Up-to-date: /home/locobot/Documents/kobuki/install/include/kobuki_core/modules/battery.hpp
[56.241s] -- Up-to-date: /home/locobot/Documents/kobuki/install/include/kobuki_core/modules/led_array.hpp
[56.241s] -- Up-to-date: /home/locobot/Documents/kobuki/install/include/kobuki_core/modules/sound.hpp
[56.258s] -- Up-to-date: /home/locobot/Documents/kobuki/install/include/kobuki_core/modules.hpp
[56.258s] -- Up-to-date: /home/locobot/Documents/kobuki/install/include/kobuki_core/packets.hpp
[56.259s] -- Up-to-date: /home/locobot/Documents/kobuki/install/include/kobuki_core/dock_drive.hpp
[56.259s] -- Up-to-date: /home/locobot/Documents/kobuki/install/include/kobuki_core/parameters.hpp
[56.260s] -- Installing: /home/locobot/Documents/kobuki/install/lib/libkobuki_core.so.1.3.1
[56.260s] -- Set runtime path of "/home/locobot/Documents/kobuki/install/lib/libkobuki_core.so.1.3.1" to ""
[56.260s] -- Installing: /home/locobot/Documents/kobuki/install/lib/libkobuki_core.so
[56.260s] -- Installing: /home/locobot/Documents/kobuki/install/lib/kobuki_core/demo_chirp
[56.260s] -- Set runtime path of "/home/locobot/Documents/kobuki/install/lib/kobuki_core/demo_chirp" to ""
[56.260s] -- Installing: /home/locobot/Documents/kobuki/install/lib/kobuki_core/demo_custom_logging
[56.261s] -- Set runtime path of "/home/locobot/Documents/kobuki/install/lib/kobuki_core/demo_custom_logging" to ""
[56.261s] -- Installing: /home/locobot/Documents/kobuki/install/lib/kobuki_core/demo_buttons
[56.261s] -- Set runtime path of "/home/locobot/Documents/kobuki/install/lib/kobuki_core/demo_buttons" to ""
[56.261s] -- Installing: /home/locobot/Documents/kobuki/install/lib/kobuki_core/demo_raw_data_stream
[56.261s] -- Set runtime path of "/home/locobot/Documents/kobuki/install/lib/kobuki_core/demo_raw_data_stream" to ""
[56.261s] -- Installing: /home/locobot/Documents/kobuki/install/lib/kobuki_core/demo_data_stream
[56.261s] -- Set runtime path of "/home/locobot/Documents/kobuki/install/lib/kobuki_core/demo_data_stream" to ""
[56.262s] -- Installing: /home/locobot/Documents/kobuki/install/lib/kobuki_core/demo_velocity_commands
[56.262s] -- Set runtime path of "/home/locobot/Documents/kobuki/install/lib/kobuki_core/demo_velocity_commands" to ""
[56.262s] -- Installing: /home/locobot/Documents/kobuki/install/lib/kobuki_core/demo_simple_loop
[56.262s] -- Set runtime path of "/home/locobot/Documents/kobuki/install/lib/kobuki_core/demo_simple_loop" to ""
[56.262s] -- Installing: /home/locobot/Documents/kobuki/install/bin/kobuki-version-info
[56.262s] -- Set runtime path of "/home/locobot/Documents/kobuki/install/bin/kobuki-version-info" to ""
[56.262s] -- Installing: /home/locobot/Documents/kobuki/install/bin/kobuki-simple-keyop
[56.263s] -- Set runtime path of "/home/locobot/Documents/kobuki/install/bin/kobuki-simple-keyop" to ""
[56.263s] Invoked command in '/home/locobot/Documents/kobuki/build/kobuki_core' returned '0': AMENT_PREFIX_PATH=/home/locobot/Documents/kobuki/install CMAKE_PREFIX_PATH=/home/locobot/Documents/kobuki/install LD_LIBRARY_PATH=/home/locobot/Documents/kobuki/install/lib PATH=/home/locobot/Documents/kobuki/install/bin:${PATH} PKG_CONFIG_PATH=/home/locobot/Documents/kobuki/install/lib/x86_64-linux-gnu/pkgconfig:/home/locobot/Documents/kobuki/install/lib/pkgconfig PYTHONPATH=/home/locobot/Documents/kobuki/install/lib/python3.8/site-packages /usr/bin/cmake --install /home/locobot/Documents/kobuki/build/kobuki_core
