[0.051s] Invoking command in '/home/locobot/Documents/kobuki/build/ament_cmake_mypy': AMENT_PREFIX_PATH=/home/locobot/Documents/kobuki/install CMAKE_PREFIX_PATH=/home/locobot/Documents/kobuki/install LD_LIBRARY_PATH=/home/locobot/Documents/kobuki/install/lib PATH=/home/locobot/Documents/kobuki/install/bin:${PATH} PYTHONPATH=/home/locobot/Documents/kobuki/install/lib/python3.8/site-packages /usr/bin/cmake /home/locobot/Documents/kobuki/src/ament_lint/ament_cmake_mypy -DBUILD_TESTING=OFF -DCMAKE_BUILD_TYPE=RelWithDebInfo -DCMAKE_INSTALL_PREFIX=/home/locobot/Documents/kobuki/install
[0.069s] -- Found ament_cmake_core: 0.9.12 (/home/locobot/Documents/kobuki/install/share/ament_cmake_core/cmake)
[0.094s] -- Using PYTHON_EXECUTABLE: /usr/bin/python3
[0.296s] -- Found ament_cmake_test: 0.9.12 (/home/locobot/Documents/kobuki/install/share/ament_cmake_test/cmake)
[0.424s] -- Configuring done
[0.436s] -- Generating done
[0.436s] -- Build files have been written to: /home/locobot/Documents/kobuki/build/ament_cmake_mypy
[0.441s] Invoked command in '/home/locobot/Documents/kobuki/build/ament_cmake_mypy' returned '0': AMENT_PREFIX_PATH=/home/locobot/Documents/kobuki/install CMAKE_PREFIX_PATH=/home/locobot/Documents/kobuki/install LD_LIBRARY_PATH=/home/locobot/Documents/kobuki/install/lib PATH=/home/locobot/Documents/kobuki/install/bin:${PATH} PYTHONPATH=/home/locobot/Documents/kobuki/install/lib/python3.8/site-packages /usr/bin/cmake /home/locobot/Documents/kobuki/src/ament_lint/ament_cmake_mypy -DBUILD_TESTING=OFF -DCMAKE_BUILD_TYPE=RelWithDebInfo -DCMAKE_INSTALL_PREFIX=/home/locobot/Documents/kobuki/install
[0.443s] Invoking command in '/home/locobot/Documents/kobuki/build/ament_cmake_mypy': AMENT_PREFIX_PATH=/home/locobot/Documents/kobuki/install CMAKE_PREFIX_PATH=/home/locobot/Documents/kobuki/install LD_LIBRARY_PATH=/home/locobot/Documents/kobuki/install/lib PATH=/home/locobot/Documents/kobuki/install/bin:${PATH} PYTHONPATH=/home/locobot/Documents/kobuki/install/lib/python3.8/site-packages /usr/bin/cmake --build /home/locobot/Documents/kobuki/build/ament_cmake_mypy -- -j4 -l4
[0.505s] Invoked command in '/home/locobot/Documents/kobuki/build/ament_cmake_mypy' returned '0': AMENT_PREFIX_PATH=/home/locobot/Documents/kobuki/install CMAKE_PREFIX_PATH=/home/locobot/Documents/kobuki/install LD_LIBRARY_PATH=/home/locobot/Documents/kobuki/install/lib PATH=/home/locobot/Documents/kobuki/install/bin:${PATH} PYTHONPATH=/home/locobot/Documents/kobuki/install/lib/python3.8/site-packages /usr/bin/cmake --build /home/locobot/Documents/kobuki/build/ament_cmake_mypy -- -j4 -l4
[0.510s] Invoking command in '/home/locobot/Documents/kobuki/build/ament_cmake_mypy': AMENT_PREFIX_PATH=/home/locobot/Documents/kobuki/install CMAKE_PREFIX_PATH=/home/locobot/Documents/kobuki/install LD_LIBRARY_PATH=/home/locobot/Documents/kobuki/install/lib PATH=/home/locobot/Documents/kobuki/install/bin:${PATH} PYTHONPATH=/home/locobot/Documents/kobuki/install/lib/python3.8/site-packages /usr/bin/cmake --install /home/locobot/Documents/kobuki/build/ament_cmake_mypy
[0.525s] -- Install configuration: "RelWithDebInfo"
[0.527s] -- Up-to-date: /home/locobot/Documents/kobuki/install/share/ament_index/resource_index/package_run_dependencies/ament_cmake_mypy
[0.528s] -- Up-to-date: /home/locobot/Documents/kobuki/install/share/ament_index/resource_index/parent_prefix_path/ament_cmake_mypy
[0.529s] -- Up-to-date: /home/locobot/Documents/kobuki/install/share/ament_cmake_mypy/environment/ament_prefix_path.sh
[0.530s] -- Installing: /home/locobot/Documents/kobuki/install/share/ament_cmake_mypy/environment/ament_prefix_path.dsv
[0.531s] -- Up-to-date: /home/locobot/Documents/kobuki/install/share/ament_cmake_mypy/environment/path.sh
[0.532s] -- Installing: /home/locobot/Documents/kobuki/install/share/ament_cmake_mypy/environment/path.dsv
[0.533s] -- Up-to-date: /home/locobot/Documents/kobuki/install/share/ament_cmake_mypy/local_setup.bash
[0.534s] -- Up-to-date: /home/locobot/Documents/kobuki/install/share/ament_cmake_mypy/local_setup.sh
[0.535s] -- Up-to-date: /home/locobot/Documents/kobuki/install/share/ament_cmake_mypy/local_setup.zsh
[0.536s] -- Installing: /home/locobot/Documents/kobuki/install/share/ament_cmake_mypy/local_setup.dsv
[0.538s] -- Installing: /home/locobot/Documents/kobuki/install/share/ament_cmake_mypy/package.dsv
[0.540s] -- Up-to-date: /home/locobot/Documents/kobuki/install/share/ament_index/resource_index/packages/ament_cmake_mypy
[0.541s] -- Up-to-date: /home/locobot/Documents/kobuki/install/share/ament_cmake_mypy/cmake/ament_cmake_mypy-extras.cmake
[0.542s] -- Up-to-date: /home/locobot/Documents/kobuki/install/share/ament_cmake_mypy/cmake/ament_cmake_mypyConfig.cmake
[0.543s] -- Up-to-date: /home/locobot/Documents/kobuki/install/share/ament_cmake_mypy/cmake/ament_cmake_mypyConfig-version.cmake
[0.544s] -- Up-to-date: /home/locobot/Documents/kobuki/install/share/ament_cmake_mypy/package.xml
[0.545s] -- Up-to-date: /home/locobot/Documents/kobuki/install/share/ament_cmake_mypy/cmake
[0.546s] -- Up-to-date: /home/locobot/Documents/kobuki/install/share/ament_cmake_mypy/cmake/ament_cmake_mypy_lint_hook.cmake
[0.547s] -- Up-to-date: /home/locobot/Documents/kobuki/install/share/ament_cmake_mypy/cmake/ament_mypy.cmake
[0.551s] Invoked command in '/home/locobot/Documents/kobuki/build/ament_cmake_mypy' returned '0': AMENT_PREFIX_PATH=/home/locobot/Documents/kobuki/install CMAKE_PREFIX_PATH=/home/locobot/Documents/kobuki/install LD_LIBRARY_PATH=/home/locobot/Documents/kobuki/install/lib PATH=/home/locobot/Documents/kobuki/install/bin:${PATH} PYTHONPATH=/home/locobot/Documents/kobuki/install/lib/python3.8/site-packages /usr/bin/cmake --install /home/locobot/Documents/kobuki/build/ament_cmake_mypy
