[0.333s] Invoking command in '/home/locobot/Documents/kobuki/build/ecl_core_apps': AMENT_PREFIX_PATH=/home/locobot/Documents/kobuki/install CMAKE_PREFIX_PATH=/home/locobot/Documents/kobuki/install LD_LIBRARY_PATH=/home/locobot/Documents/kobuki/install/lib PATH=/home/locobot/Documents/kobuki/install/bin:${PATH} PKG_CONFIG_PATH=/home/locobot/Documents/kobuki/install/lib/x86_64-linux-gnu/pkgconfig:/home/locobot/Documents/kobuki/install/lib/pkgconfig PYTHONPATH=/home/locobot/Documents/kobuki/install/lib/python3.8/site-packages /usr/bin/cmake /home/locobot/Documents/kobuki/src/ecl_core/ecl_core_apps -DBUILD_TESTING=OFF -DCMAKE_BUILD_TYPE=RelWithDebInfo -DCMAKE_INSTALL_PREFIX=/home/locobot/Documents/kobuki/install
[0.373s] -- Found ament_cmake_ros: 0.9.2 (/home/locobot/Documents/kobuki/install/share/ament_cmake_ros/cmake)
[0.419s] -- Using PYTHON_EXECUTABLE: /usr/bin/python3
[0.692s] -- Found ecl_build: 1.0.3 (/home/locobot/Documents/kobuki/install/share/ecl_build/cmake)
[0.706s] -- Found ecl_config: 1.1.0 (/home/locobot/Documents/kobuki/install/share/ecl_config/cmake)
[0.709s] -- Found ecl_linear_algebra: 1.2.1 (/home/locobot/Documents/kobuki/install/share/ecl_linear_algebra/cmake)
[0.760s] -- Found ecl_command_line: 1.2.1 (/home/locobot/Documents/kobuki/install/share/ecl_command_line/cmake)
[0.763s] -- Found ecl_containers: 1.2.1 (/home/locobot/Documents/kobuki/install/share/ecl_containers/cmake)
[0.777s] -- Found ecl_devices: 1.2.1 (/home/locobot/Documents/kobuki/install/share/ecl_devices/cmake)
[0.809s] -- Found ecl_geometry: 1.2.1 (/home/locobot/Documents/kobuki/install/share/ecl_geometry/cmake)
[0.820s] -- Found ecl_ipc: 1.2.1 (/home/locobot/Documents/kobuki/install/share/ecl_ipc/cmake)
[0.829s] -- Found ecl_sigslots: 1.2.1 (/home/locobot/Documents/kobuki/install/share/ecl_sigslots/cmake)
[0.850s] -- Found ecl_streams: 1.2.1 (/home/locobot/Documents/kobuki/install/share/ecl_streams/cmake)
[0.968s] -- Configuring done
[1.055s] -- Generating done
[1.075s] -- Build files have been written to: /home/locobot/Documents/kobuki/build/ecl_core_apps
[1.096s] Invoked command in '/home/locobot/Documents/kobuki/build/ecl_core_apps' returned '0': AMENT_PREFIX_PATH=/home/locobot/Documents/kobuki/install CMAKE_PREFIX_PATH=/home/locobot/Documents/kobuki/install LD_LIBRARY_PATH=/home/locobot/Documents/kobuki/install/lib PATH=/home/locobot/Documents/kobuki/install/bin:${PATH} PKG_CONFIG_PATH=/home/locobot/Documents/kobuki/install/lib/x86_64-linux-gnu/pkgconfig:/home/locobot/Documents/kobuki/install/lib/pkgconfig PYTHONPATH=/home/locobot/Documents/kobuki/install/lib/python3.8/site-packages /usr/bin/cmake /home/locobot/Documents/kobuki/src/ecl_core/ecl_core_apps -DBUILD_TESTING=OFF -DCMAKE_BUILD_TYPE=RelWithDebInfo -DCMAKE_INSTALL_PREFIX=/home/locobot/Documents/kobuki/install
[1.097s] Invoking command in '/home/locobot/Documents/kobuki/build/ecl_core_apps': AMENT_PREFIX_PATH=/home/locobot/Documents/kobuki/install CMAKE_PREFIX_PATH=/home/locobot/Documents/kobuki/install LD_LIBRARY_PATH=/home/locobot/Documents/kobuki/install/lib PATH=/home/locobot/Documents/kobuki/install/bin:${PATH} PKG_CONFIG_PATH=/home/locobot/Documents/kobuki/install/lib/x86_64-linux-gnu/pkgconfig:/home/locobot/Documents/kobuki/install/lib/pkgconfig PYTHONPATH=/home/locobot/Documents/kobuki/install/lib/python3.8/site-packages /usr/bin/cmake --build /home/locobot/Documents/kobuki/build/ecl_core_apps -- -j4 -l4
[1.207s] [  2%] [32mBuilding CXX object src/benchmarks/CMakeFiles/ecl_bench_snooze.dir/snooze.cpp.o[0m
[2.549s] [  5%] [32m[1mLinking CXX executable ecl_bench_snooze[0m
[2.728s] [  5%] Built target ecl_bench_snooze
[2.755s] [  8%] [32mBuilding CXX object src/benchmarks/CMakeFiles/ecl_bench_exceptions.dir/exceptions.cpp.o[0m
[3.446s] [ 11%] [32m[1mLinking CXX executable ecl_bench_exceptions[0m
[3.754s] [ 11%] Built target ecl_bench_exceptions
[3.882s] [ 14%] [32mBuilding CXX object src/benchmarks/CMakeFiles/ecl_bench_streams.dir/streams.cpp.o[0m
[5.419s] [ 17%] [32m[1mLinking CXX executable ecl_bench_streams[0m
[5.547s] [ 17%] Built target ecl_bench_streams
[5.617s] [ 20%] [32mBuilding CXX object src/benchmarks/CMakeFiles/ecl_bench_eigen3_transforms.dir/eigen3_transforms.cpp.o[0m
[20.644s] [ 23%] [32mBuilding CXX object src/benchmarks/CMakeFiles/ecl_bench_eigen3_inverse.dir/eigen3_inverse.cpp.o[0m
[22.757s] [ 26%] [32mBuilding CXX object src/benchmarks/CMakeFiles/ecl_bench_files.dir/files.cpp.o[0m
[24.814s] [ 29%] [32mBuilding CXX object src/benchmarks/CMakeFiles/ecl_bench_string_conversions.dir/string_conversions.cpp.o[0m
[25.255s] [ 32%] [32m[1mLinking CXX executable ecl_bench_files[0m
[25.513s] [ 32%] Built target ecl_bench_files
[25.551s] [ 35%] [32mBuilding CXX object src/benchmarks/CMakeFiles/ecl_bench_eigen3_decompositions.dir/eigen3_decompositions.cpp.o[0m
[27.125s] [ 38%] [32m[1mLinking CXX executable ecl_bench_string_conversions[0m
[27.492s] [ 38%] Built target ecl_bench_string_conversions
[31.518s] [ 41%] [32m[1mLinking CXX executable ecl_bench_eigen3_transforms[0m
[31.868s] [ 41%] Built target ecl_bench_eigen3_transforms
[36.012s] [ 44%] [32m[1mLinking CXX executable ecl_bench_eigen3_inverse[0m
[36.300s] [ 44%] Built target ecl_bench_eigen3_inverse
[54.224s] [ 47%] [32m[1mLinking CXX executable ecl_bench_eigen3_decompositions[0m
[54.646s] [ 47%] Built target ecl_bench_eigen3_decompositions
[54.680s] [ 50%] [32mBuilding CXX object src/utils/CMakeFiles/ecl_hex.dir/hex.cpp.o[0m
[60.699s] [ 52%] [32mBuilding CXX object src/utils/CMakeFiles/ecl_socket_server.dir/socket_server.cpp.o[0m
[61.142s] [ 55%] [32m[1mLinking CXX executable ecl_hex[0m
[61.358s] [ 55%] Built target ecl_hex
[61.403s] [ 61%] [32mBuilding CXX object src/benchmarks/CMakeFiles/ecl_bench_containers.dir/containers.cpp.o[0m
[61.403s] [ 61%] [32mBuilding CXX object src/benchmarks/CMakeFiles/ecl_bench_flops.dir/flops.cpp.o[0m
[62.526s] [ 64%] [32mBuilding CXX object src/utils/CMakeFiles/ecl_serial.dir/serial.cpp.o[0m
[63.962s] [ 67%] [32m[1mLinking CXX executable ecl_bench_containers[0m
[64.305s] [ 67%] Built target ecl_bench_containers
[64.451s] [ 70%] [32mBuilding CXX object src/utils/CMakeFiles/ecl_process_statistics.dir/process_statistics.cpp.o[0m
[66.017s] [ 73%] [32m[1mLinking CXX executable bin/ecl_process_statistics[0m
[66.314s] [ 73%] Built target ecl_process_statistics
[72.274s] [ 76%] [32m[1mLinking CXX executable ecl_socket_server[0m
[72.771s] [ 76%] Built target ecl_socket_server
[73.893s] [ 79%] [32m[1mLinking CXX executable ecl_bench_flops[0m
[74.268s] [ 79%] Built target ecl_bench_flops
[76.083s] [ 82%] [32m[1mLinking CXX executable ecl_serial[0m
[76.455s] [ 82%] Built target ecl_serial
[76.558s] [ 85%] [32mBuilding CXX object src/utils/CMakeFiles/ecl_socket_client.dir/socket_client.cpp.o[0m
[83.161s] [ 88%] [32m[1mLinking CXX executable ecl_socket_client[0m
[83.304s] [ 88%] Built target ecl_socket_client
[83.340s] [ 91%] [32mBuilding CXX object src/utils/CMakeFiles/ecl_yaw2quaternion.dir/yaw2quaternion.cpp.o[0m
[91.238s] [ 94%] [32m[1mLinking CXX executable bin/ecl_yaw2quaternion[0m
[91.395s] [ 94%] Built target ecl_yaw2quaternion
[91.435s] [ 97%] [32mBuilding CXX object src/utils/CMakeFiles/ecl_quaternion2yaw.dir/quaternion2yaw.cpp.o[0m
[98.052s] [100%] [32m[1mLinking CXX executable bin/ecl_quaternion2yaw[0m
[98.220s] [100%] Built target ecl_quaternion2yaw
[98.239s] Invoked command in '/home/locobot/Documents/kobuki/build/ecl_core_apps' returned '0': AMENT_PREFIX_PATH=/home/locobot/Documents/kobuki/install CMAKE_PREFIX_PATH=/home/locobot/Documents/kobuki/install LD_LIBRARY_PATH=/home/locobot/Documents/kobuki/install/lib PATH=/home/locobot/Documents/kobuki/install/bin:${PATH} PKG_CONFIG_PATH=/home/locobot/Documents/kobuki/install/lib/x86_64-linux-gnu/pkgconfig:/home/locobot/Documents/kobuki/install/lib/pkgconfig PYTHONPATH=/home/locobot/Documents/kobuki/install/lib/python3.8/site-packages /usr/bin/cmake --build /home/locobot/Documents/kobuki/build/ecl_core_apps -- -j4 -l4
[98.244s] Invoking command in '/home/locobot/Documents/kobuki/build/ecl_core_apps': AMENT_PREFIX_PATH=/home/locobot/Documents/kobuki/install CMAKE_PREFIX_PATH=/home/locobot/Documents/kobuki/install LD_LIBRARY_PATH=/home/locobot/Documents/kobuki/install/lib PATH=/home/locobot/Documents/kobuki/install/bin:${PATH} PKG_CONFIG_PATH=/home/locobot/Documents/kobuki/install/lib/x86_64-linux-gnu/pkgconfig:/home/locobot/Documents/kobuki/install/lib/pkgconfig PYTHONPATH=/home/locobot/Documents/kobuki/install/lib/python3.8/site-packages /usr/bin/cmake --install /home/locobot/Documents/kobuki/build/ecl_core_apps
[98.252s] -- Install configuration: "RelWithDebInfo"
[98.252s] -- Up-to-date: /home/locobot/Documents/kobuki/install/share/ament_index/resource_index/package_run_dependencies/ecl_core_apps
[98.253s] -- Up-to-date: /home/locobot/Documents/kobuki/install/share/ament_index/resource_index/parent_prefix_path/ecl_core_apps
[98.253s] -- Up-to-date: /home/locobot/Documents/kobuki/install/share/ecl_core_apps/environment/ament_prefix_path.sh
[98.253s] -- Installing: /home/locobot/Documents/kobuki/install/share/ecl_core_apps/environment/ament_prefix_path.dsv
[98.254s] -- Up-to-date: /home/locobot/Documents/kobuki/install/share/ecl_core_apps/environment/path.sh
[98.254s] -- Installing: /home/locobot/Documents/kobuki/install/share/ecl_core_apps/environment/path.dsv
[98.255s] -- Up-to-date: /home/locobot/Documents/kobuki/install/share/ecl_core_apps/local_setup.bash
[98.255s] -- Up-to-date: /home/locobot/Documents/kobuki/install/share/ecl_core_apps/local_setup.sh
[98.256s] -- Up-to-date: /home/locobot/Documents/kobuki/install/share/ecl_core_apps/local_setup.zsh
[98.256s] -- Installing: /home/locobot/Documents/kobuki/install/share/ecl_core_apps/local_setup.dsv
[98.256s] -- Installing: /home/locobot/Documents/kobuki/install/share/ecl_core_apps/package.dsv
[98.257s] -- Up-to-date: /home/locobot/Documents/kobuki/install/share/ament_index/resource_index/packages/ecl_core_apps
[98.257s] -- Up-to-date: /home/locobot/Documents/kobuki/install/share/ecl_core_apps/cmake/ecl_core_appsConfig.cmake
[98.258s] -- Up-to-date: /home/locobot/Documents/kobuki/install/share/ecl_core_apps/cmake/ecl_core_appsConfig-version.cmake
[98.258s] -- Up-to-date: /home/locobot/Documents/kobuki/install/share/ecl_core_apps/package.xml
[98.259s] -- Installing: /home/locobot/Documents/kobuki/install/bin/ecl_bench_containers
[98.261s] -- Set runtime path of "/home/locobot/Documents/kobuki/install/bin/ecl_bench_containers" to ""
[98.261s] -- Installing: /home/locobot/Documents/kobuki/install/bin/ecl_bench_files
[98.263s] -- Set runtime path of "/home/locobot/Documents/kobuki/install/bin/ecl_bench_files" to ""
[98.268s] -- Installing: /home/locobot/Documents/kobuki/install/bin/ecl_bench_flops
[98.271s] -- Set runtime path of "/home/locobot/Documents/kobuki/install/bin/ecl_bench_flops" to ""
[98.273s] -- Installing: /home/locobot/Documents/kobuki/install/bin/ecl_bench_exceptions
[98.275s] -- Set runtime path of "/home/locobot/Documents/kobuki/install/bin/ecl_bench_exceptions" to ""
[98.276s] -- Installing: /home/locobot/Documents/kobuki/install/bin/ecl_bench_snooze
[98.291s] -- Set runtime path of "/home/locobot/Documents/kobuki/install/bin/ecl_bench_snooze" to ""
[98.292s] -- Installing: /home/locobot/Documents/kobuki/install/bin/ecl_bench_streams
[98.292s] -- Set runtime path of "/home/locobot/Documents/kobuki/install/bin/ecl_bench_streams" to ""
[98.292s] -- Installing: /home/locobot/Documents/kobuki/install/bin/ecl_bench_string_conversions
[98.292s] -- Set runtime path of "/home/locobot/Documents/kobuki/install/bin/ecl_bench_string_conversions" to ""
[98.292s] -- Installing: /home/locobot/Documents/kobuki/install/bin/ecl_bench_eigen3_inverse
[98.292s] -- Set runtime path of "/home/locobot/Documents/kobuki/install/bin/ecl_bench_eigen3_inverse" to ""
[98.293s] -- Installing: /home/locobot/Documents/kobuki/install/bin/ecl_bench_eigen3_decompositions
[98.340s] -- Set runtime path of "/home/locobot/Documents/kobuki/install/bin/ecl_bench_eigen3_decompositions" to ""
[98.340s] -- Installing: /home/locobot/Documents/kobuki/install/bin/ecl_bench_eigen3_transforms
[98.376s] -- Set runtime path of "/home/locobot/Documents/kobuki/install/bin/ecl_bench_eigen3_transforms" to ""
[98.377s] -- Installing: /home/locobot/Documents/kobuki/install/lib/ecl_core_apps/ecl_hex
[98.385s] -- Set runtime path of "/home/locobot/Documents/kobuki/install/lib/ecl_core_apps/ecl_hex" to ""
[98.386s] -- Installing: /home/locobot/Documents/kobuki/install/lib/ecl_core_apps/ecl_serial
[98.393s] -- Set runtime path of "/home/locobot/Documents/kobuki/install/lib/ecl_core_apps/ecl_serial" to ""
[98.393s] -- Installing: /home/locobot/Documents/kobuki/install/lib/ecl_core_apps/ecl_socket_client
[98.400s] -- Set runtime path of "/home/locobot/Documents/kobuki/install/lib/ecl_core_apps/ecl_socket_client" to ""
[98.400s] -- Installing: /home/locobot/Documents/kobuki/install/lib/ecl_core_apps/ecl_socket_server
[98.407s] -- Set runtime path of "/home/locobot/Documents/kobuki/install/lib/ecl_core_apps/ecl_socket_server" to ""
[98.407s] -- Installing: /home/locobot/Documents/kobuki/install/bin/ecl_process_statistics
[98.408s] -- Set runtime path of "/home/locobot/Documents/kobuki/install/bin/ecl_process_statistics" to ""
[98.409s] -- Installing: /home/locobot/Documents/kobuki/install/bin/ecl_quaternion2yaw
[98.419s] -- Set runtime path of "/home/locobot/Documents/kobuki/install/bin/ecl_quaternion2yaw" to ""
[98.419s] -- Installing: /home/locobot/Documents/kobuki/install/bin/ecl_yaw2quaternion
[98.430s] -- Set runtime path of "/home/locobot/Documents/kobuki/install/bin/ecl_yaw2quaternion" to ""
[98.435s] Invoked command in '/home/locobot/Documents/kobuki/build/ecl_core_apps' returned '0': AMENT_PREFIX_PATH=/home/locobot/Documents/kobuki/install CMAKE_PREFIX_PATH=/home/locobot/Documents/kobuki/install LD_LIBRARY_PATH=/home/locobot/Documents/kobuki/install/lib PATH=/home/locobot/Documents/kobuki/install/bin:${PATH} PKG_CONFIG_PATH=/home/locobot/Documents/kobuki/install/lib/x86_64-linux-gnu/pkgconfig:/home/locobot/Documents/kobuki/install/lib/pkgconfig PYTHONPATH=/home/locobot/Documents/kobuki/install/lib/python3.8/site-packages /usr/bin/cmake --install /home/locobot/Documents/kobuki/build/ecl_core_apps
