[0.035s] Invoking command in '/home/locobot/Documents/kobuki/build/sophus': CMAKE_PREFIX_PATH=/home/locobot/Documents/kobuki/install LD_LIBRARY_PATH=/home/locobot/Documents/kobuki/install/lib PATH=/home/locobot/Documents/kobuki/install/bin:${PATH} PYTHONPATH=/home/locobot/Documents/kobuki/install/lib/python3.8/site-packages /usr/bin/cmake /home/locobot/Documents/kobuki/src/sophus -DBUILD_TESTING=OFF -DCMAKE_BUILD_TYPE=RelWithDebInfo -DBUILD_TESTS=OFF -DCMAKE_INSTALL_PREFIX=/home/locobot/Documents/kobuki/install
[0.075s] -- Configuring done
[0.084s] -- Generating done
[0.084s] -- Build files have been written to: /home/locobot/Documents/kobuki/build/sophus
[0.091s] Invoked command in '/home/locobot/Documents/kobuki/build/sophus' returned '0': CMAKE_PREFIX_PATH=/home/locobot/Documents/kobuki/install LD_LIBRARY_PATH=/home/locobot/Documents/kobuki/install/lib PATH=/home/locobot/Documents/kobuki/install/bin:${PATH} PYTHONPATH=/home/locobot/Documents/kobuki/install/lib/python3.8/site-packages /usr/bin/cmake /home/locobot/Documents/kobuki/src/sophus -DBUILD_TESTING=OFF -DCMAKE_BUILD_TYPE=RelWithDebInfo -DBUILD_TESTS=OFF -DCMAKE_INSTALL_PREFIX=/home/locobot/Documents/kobuki/install
[0.093s] Invoking command in '/home/locobot/Documents/kobuki/build/sophus': CMAKE_PREFIX_PATH=/home/locobot/Documents/kobuki/install LD_LIBRARY_PATH=/home/locobot/Documents/kobuki/install/lib PATH=/home/locobot/Documents/kobuki/install/bin:${PATH} PYTHONPATH=/home/locobot/Documents/kobuki/install/lib/python3.8/site-packages /usr/bin/cmake --build /home/locobot/Documents/kobuki/build/sophus -- -j4 -l4
[0.225s] [ 50%] [32mBuilding CXX object examples/CMakeFiles/HelloSO3.dir/HelloSO3.cpp.o[0m
[4.729s] [100%] [32m[1mLinking CXX executable HelloSO3[0m
[4.911s] [100%] Built target HelloSO3
[4.930s] Invoked command in '/home/locobot/Documents/kobuki/build/sophus' returned '0': CMAKE_PREFIX_PATH=/home/locobot/Documents/kobuki/install LD_LIBRARY_PATH=/home/locobot/Documents/kobuki/install/lib PATH=/home/locobot/Documents/kobuki/install/bin:${PATH} PYTHONPATH=/home/locobot/Documents/kobuki/install/lib/python3.8/site-packages /usr/bin/cmake --build /home/locobot/Documents/kobuki/build/sophus -- -j4 -l4
[4.944s] Invoking command in '/home/locobot/Documents/kobuki/build/sophus': CMAKE_PREFIX_PATH=/home/locobot/Documents/kobuki/install LD_LIBRARY_PATH=/home/locobot/Documents/kobuki/install/lib PATH=/home/locobot/Documents/kobuki/install/bin:${PATH} PYTHONPATH=/home/locobot/Documents/kobuki/install/lib/python3.8/site-packages /usr/bin/cmake --install /home/locobot/Documents/kobuki/build/sophus
[4.958s] -- Install configuration: "RelWithDebInfo"
[4.961s] -- Up-to-date: /home/locobot/Documents/kobuki/install/share/sophus/cmake/SophusTargets.cmake
[4.961s] -- Up-to-date: /home/locobot/Documents/kobuki/install/share/sophus/cmake/SophusConfig.cmake
[4.961s] -- Up-to-date: /home/locobot/Documents/kobuki/install/share/sophus/cmake/SophusConfigVersion.cmake
[4.961s] -- Up-to-date: /home/locobot/Documents/kobuki/install/include/sophus/average.hpp
[4.961s] -- Up-to-date: /home/locobot/Documents/kobuki/install/include/sophus/common.hpp
[4.961s] -- Up-to-date: /home/locobot/Documents/kobuki/install/include/sophus/geometry.hpp
[4.961s] -- Up-to-date: /home/locobot/Documents/kobuki/install/include/sophus/interpolate.hpp
[4.962s] -- Up-to-date: /home/locobot/Documents/kobuki/install/include/sophus/interpolate_details.hpp
[4.962s] -- Up-to-date: /home/locobot/Documents/kobuki/install/include/sophus/num_diff.hpp
[4.962s] -- Up-to-date: /home/locobot/Documents/kobuki/install/include/sophus/rotation_matrix.hpp
[4.962s] -- Up-to-date: /home/locobot/Documents/kobuki/install/include/sophus/rxso2.hpp
[4.962s] -- Up-to-date: /home/locobot/Documents/kobuki/install/include/sophus/rxso3.hpp
[4.962s] -- Up-to-date: /home/locobot/Documents/kobuki/install/include/sophus/se2.hpp
[4.962s] -- Up-to-date: /home/locobot/Documents/kobuki/install/include/sophus/se3.hpp
[4.962s] -- Up-to-date: /home/locobot/Documents/kobuki/install/include/sophus/sim2.hpp
[4.963s] -- Up-to-date: /home/locobot/Documents/kobuki/install/include/sophus/sim3.hpp
[4.963s] -- Up-to-date: /home/locobot/Documents/kobuki/install/include/sophus/sim_details.hpp
[4.963s] -- Up-to-date: /home/locobot/Documents/kobuki/install/include/sophus/so2.hpp
[4.963s] -- Up-to-date: /home/locobot/Documents/kobuki/install/include/sophus/so3.hpp
[4.963s] -- Up-to-date: /home/locobot/Documents/kobuki/install/include/sophus/types.hpp
[4.963s] -- Up-to-date: /home/locobot/Documents/kobuki/install/include/sophus/velocities.hpp
[4.963s] -- Up-to-date: /home/locobot/Documents/kobuki/install/include/sophus/formatstring.hpp
[4.983s] Invoked command in '/home/locobot/Documents/kobuki/build/sophus' returned '0': CMAKE_PREFIX_PATH=/home/locobot/Documents/kobuki/install LD_LIBRARY_PATH=/home/locobot/Documents/kobuki/install/lib PATH=/home/locobot/Documents/kobuki/install/bin:${PATH} PYTHONPATH=/home/locobot/Documents/kobuki/install/lib/python3.8/site-packages /usr/bin/cmake --install /home/locobot/Documents/kobuki/build/sophus
