[0.084s] Invoking command in '/home/locobot/Documents/kobuki/build/ament_cmake_flake8': AMENT_PREFIX_PATH=/home/locobot/Documents/kobuki/install CMAKE_PREFIX_PATH=/home/locobot/Documents/kobuki/install LD_LIBRARY_PATH=/home/locobot/Documents/kobuki/install/lib PATH=/home/locobot/Documents/kobuki/install/bin:${PATH} PYTHONPATH=/home/locobot/Documents/kobuki/install/lib/python3.8/site-packages /usr/bin/cmake /home/locobot/Documents/kobuki/src/ament_lint/ament_cmake_flake8 -DBUILD_TESTING=OFF -DCMAKE_INSTALL_PREFIX=/home/locobot/Documents/kobuki/install
[0.099s] Re-run cmake no build system arguments
[0.102s] -- Found ament_cmake_core: 0.9.12 (/home/locobot/Documents/kobuki/install/share/ament_cmake_core/cmake)
[0.128s] -- Using PYTHON_EXECUTABLE: /usr/bin/python3
[0.366s] -- Found ament_cmake_test: 0.9.12 (/home/locobot/Documents/kobuki/install/share/ament_cmake_test/cmake)
[0.516s] -- Configuring done
[0.519s] -- Generating done
[0.521s] -- Build files have been written to: /home/locobot/Documents/kobuki/build/ament_cmake_flake8
[0.532s] Invoked command in '/home/locobot/Documents/kobuki/build/ament_cmake_flake8' returned '0': AMENT_PREFIX_PATH=/home/locobot/Documents/kobuki/install CMAKE_PREFIX_PATH=/home/locobot/Documents/kobuki/install LD_LIBRARY_PATH=/home/locobot/Documents/kobuki/install/lib PATH=/home/locobot/Documents/kobuki/install/bin:${PATH} PYTHONPATH=/home/locobot/Documents/kobuki/install/lib/python3.8/site-packages /usr/bin/cmake /home/locobot/Documents/kobuki/src/ament_lint/ament_cmake_flake8 -DBUILD_TESTING=OFF -DCMAKE_INSTALL_PREFIX=/home/locobot/Documents/kobuki/install
[0.534s] Invoking command in '/home/locobot/Documents/kobuki/build/ament_cmake_flake8': AMENT_PREFIX_PATH=/home/locobot/Documents/kobuki/install CMAKE_PREFIX_PATH=/home/locobot/Documents/kobuki/install LD_LIBRARY_PATH=/home/locobot/Documents/kobuki/install/lib PATH=/home/locobot/Documents/kobuki/install/bin:${PATH} PYTHONPATH=/home/locobot/Documents/kobuki/install/lib/python3.8/site-packages /usr/bin/cmake --build /home/locobot/Documents/kobuki/build/ament_cmake_flake8 -- -j4 -l4
[0.587s] /usr/bin/cmake -S/home/locobot/Documents/kobuki/src/ament_lint/ament_cmake_flake8 -B/home/locobot/Documents/kobuki/build/ament_cmake_flake8 --check-build-system CMakeFiles/Makefile.cmake 0
[0.612s] /usr/bin/cmake -E cmake_progress_start /home/locobot/Documents/kobuki/build/ament_cmake_flake8/CMakeFiles /home/locobot/Documents/kobuki/build/ament_cmake_flake8/CMakeFiles/progress.marks
[0.642s] /usr/bin/make -f CMakeFiles/Makefile2 all
[0.648s] make[1]: Entering directory '/home/locobot/Documents/kobuki/build/ament_cmake_flake8'
[0.648s] make[1]: Nothing to be done for 'all'.
[0.648s] make[1]: Leaving directory '/home/locobot/Documents/kobuki/build/ament_cmake_flake8'
[0.650s] /usr/bin/cmake -E cmake_progress_start /home/locobot/Documents/kobuki/build/ament_cmake_flake8/CMakeFiles 0
[0.767s] Invoked command in '/home/locobot/Documents/kobuki/build/ament_cmake_flake8' returned '0': AMENT_PREFIX_PATH=/home/locobot/Documents/kobuki/install CMAKE_PREFIX_PATH=/home/locobot/Documents/kobuki/install LD_LIBRARY_PATH=/home/locobot/Documents/kobuki/install/lib PATH=/home/locobot/Documents/kobuki/install/bin:${PATH} PYTHONPATH=/home/locobot/Documents/kobuki/install/lib/python3.8/site-packages /usr/bin/cmake --build /home/locobot/Documents/kobuki/build/ament_cmake_flake8 -- -j4 -l4
[0.768s] Invoking command in '/home/locobot/Documents/kobuki/build/ament_cmake_flake8': AMENT_PREFIX_PATH=/home/locobot/Documents/kobuki/install CMAKE_PREFIX_PATH=/home/locobot/Documents/kobuki/install LD_LIBRARY_PATH=/home/locobot/Documents/kobuki/install/lib PATH=/home/locobot/Documents/kobuki/install/bin:${PATH} PYTHONPATH=/home/locobot/Documents/kobuki/install/lib/python3.8/site-packages /usr/bin/cmake --install /home/locobot/Documents/kobuki/build/ament_cmake_flake8
[0.787s] -- Install configuration: ""
[0.787s] -- Up-to-date: /home/locobot/Documents/kobuki/install/share/ament_index/resource_index/package_run_dependencies/ament_cmake_flake8
[0.788s] -- Up-to-date: /home/locobot/Documents/kobuki/install/share/ament_index/resource_index/parent_prefix_path/ament_cmake_flake8
[0.788s] -- Up-to-date: /home/locobot/Documents/kobuki/install/share/ament_cmake_flake8/environment/ament_prefix_path.sh
[0.788s] -- Installing: /home/locobot/Documents/kobuki/install/share/ament_cmake_flake8/environment/ament_prefix_path.dsv
[0.789s] -- Up-to-date: /home/locobot/Documents/kobuki/install/share/ament_cmake_flake8/environment/path.sh
[0.789s] -- Installing: /home/locobot/Documents/kobuki/install/share/ament_cmake_flake8/environment/path.dsv
[0.789s] -- Up-to-date: /home/locobot/Documents/kobuki/install/share/ament_cmake_flake8/local_setup.bash
[0.789s] -- Up-to-date: /home/locobot/Documents/kobuki/install/share/ament_cmake_flake8/local_setup.sh
[0.789s] -- Up-to-date: /home/locobot/Documents/kobuki/install/share/ament_cmake_flake8/local_setup.zsh
[0.790s] -- Installing: /home/locobot/Documents/kobuki/install/share/ament_cmake_flake8/local_setup.dsv
[0.790s] -- Installing: /home/locobot/Documents/kobuki/install/share/ament_cmake_flake8/package.dsv
[0.790s] -- Up-to-date: /home/locobot/Documents/kobuki/install/share/ament_index/resource_index/packages/ament_cmake_flake8
[0.790s] -- Up-to-date: /home/locobot/Documents/kobuki/install/share/ament_cmake_flake8/cmake/ament_cmake_flake8-extras.cmake
[0.790s] -- Up-to-date: /home/locobot/Documents/kobuki/install/share/ament_cmake_flake8/cmake/ament_cmake_flake8Config.cmake
[0.791s] -- Up-to-date: /home/locobot/Documents/kobuki/install/share/ament_cmake_flake8/cmake/ament_cmake_flake8Config-version.cmake
[0.791s] -- Up-to-date: /home/locobot/Documents/kobuki/install/share/ament_cmake_flake8/package.xml
[0.791s] -- Up-to-date: /home/locobot/Documents/kobuki/install/share/ament_cmake_flake8/cmake
[0.801s] -- Up-to-date: /home/locobot/Documents/kobuki/install/share/ament_cmake_flake8/cmake/ament_cmake_flake8_lint_hook.cmake
[0.801s] -- Up-to-date: /home/locobot/Documents/kobuki/install/share/ament_cmake_flake8/cmake/ament_flake8.cmake
[0.867s] Invoked command in '/home/locobot/Documents/kobuki/build/ament_cmake_flake8' returned '0': AMENT_PREFIX_PATH=/home/locobot/Documents/kobuki/install CMAKE_PREFIX_PATH=/home/locobot/Documents/kobuki/install LD_LIBRARY_PATH=/home/locobot/Documents/kobuki/install/lib PATH=/home/locobot/Documents/kobuki/install/bin:${PATH} PYTHONPATH=/home/locobot/Documents/kobuki/install/lib/python3.8/site-packages /usr/bin/cmake --install /home/locobot/Documents/kobuki/build/ament_cmake_flake8
