[0.244s] Invoking command in '/home/locobot/Documents/kobuki/build/ament_cmake_clang_tidy': AMENT_PREFIX_PATH=/home/locobot/Documents/kobuki/install CMAKE_PREFIX_PATH=/home/locobot/Documents/kobuki/install LD_LIBRARY_PATH=/home/locobot/Documents/kobuki/install/lib PATH=/home/locobot/Documents/kobuki/install/bin:${PATH} PYTHONPATH=/home/locobot/Documents/kobuki/install/lib/python3.8/site-packages /usr/bin/cmake /home/locobot/Documents/kobuki/src/ament_lint/ament_cmake_clang_tidy -DBUILD_TESTING=OFF -DCMAKE_BUILD_TYPE=RelWithDebInfo -DCMAKE_INSTALL_PREFIX=/home/locobot/Documents/kobuki/install
[0.263s] -- Found ament_cmake_core: 0.9.12 (/home/locobot/Documents/kobuki/install/share/ament_cmake_core/cmake)
[0.299s] -- Using PYTHON_EXECUTABLE: /usr/bin/python3
[0.550s] -- Found ament_cmake_test: 0.9.12 (/home/locobot/Documents/kobuki/install/share/ament_cmake_test/cmake)
[0.678s] -- Configuring done
[0.683s] -- Generating done
[0.685s] -- Build files have been written to: /home/locobot/Documents/kobuki/build/ament_cmake_clang_tidy
[0.693s] Invoked command in '/home/locobot/Documents/kobuki/build/ament_cmake_clang_tidy' returned '0': AMENT_PREFIX_PATH=/home/locobot/Documents/kobuki/install CMAKE_PREFIX_PATH=/home/locobot/Documents/kobuki/install LD_LIBRARY_PATH=/home/locobot/Documents/kobuki/install/lib PATH=/home/locobot/Documents/kobuki/install/bin:${PATH} PYTHONPATH=/home/locobot/Documents/kobuki/install/lib/python3.8/site-packages /usr/bin/cmake /home/locobot/Documents/kobuki/src/ament_lint/ament_cmake_clang_tidy -DBUILD_TESTING=OFF -DCMAKE_BUILD_TYPE=RelWithDebInfo -DCMAKE_INSTALL_PREFIX=/home/locobot/Documents/kobuki/install
[0.694s] Invoking command in '/home/locobot/Documents/kobuki/build/ament_cmake_clang_tidy': AMENT_PREFIX_PATH=/home/locobot/Documents/kobuki/install CMAKE_PREFIX_PATH=/home/locobot/Documents/kobuki/install LD_LIBRARY_PATH=/home/locobot/Documents/kobuki/install/lib PATH=/home/locobot/Documents/kobuki/install/bin:${PATH} PYTHONPATH=/home/locobot/Documents/kobuki/install/lib/python3.8/site-packages /usr/bin/cmake --build /home/locobot/Documents/kobuki/build/ament_cmake_clang_tidy -- -j4 -l4
[0.753s] Invoked command in '/home/locobot/Documents/kobuki/build/ament_cmake_clang_tidy' returned '0': AMENT_PREFIX_PATH=/home/locobot/Documents/kobuki/install CMAKE_PREFIX_PATH=/home/locobot/Documents/kobuki/install LD_LIBRARY_PATH=/home/locobot/Documents/kobuki/install/lib PATH=/home/locobot/Documents/kobuki/install/bin:${PATH} PYTHONPATH=/home/locobot/Documents/kobuki/install/lib/python3.8/site-packages /usr/bin/cmake --build /home/locobot/Documents/kobuki/build/ament_cmake_clang_tidy -- -j4 -l4
[0.755s] Invoking command in '/home/locobot/Documents/kobuki/build/ament_cmake_clang_tidy': AMENT_PREFIX_PATH=/home/locobot/Documents/kobuki/install CMAKE_PREFIX_PATH=/home/locobot/Documents/kobuki/install LD_LIBRARY_PATH=/home/locobot/Documents/kobuki/install/lib PATH=/home/locobot/Documents/kobuki/install/bin:${PATH} PYTHONPATH=/home/locobot/Documents/kobuki/install/lib/python3.8/site-packages /usr/bin/cmake --install /home/locobot/Documents/kobuki/build/ament_cmake_clang_tidy
[0.766s] -- Install configuration: "RelWithDebInfo"
[0.766s] -- Up-to-date: /home/locobot/Documents/kobuki/install/share/ament_index/resource_index/package_run_dependencies/ament_cmake_clang_tidy
[0.767s] -- Up-to-date: /home/locobot/Documents/kobuki/install/share/ament_index/resource_index/parent_prefix_path/ament_cmake_clang_tidy
[0.767s] -- Up-to-date: /home/locobot/Documents/kobuki/install/share/ament_cmake_clang_tidy/environment/ament_prefix_path.sh
[0.767s] -- Installing: /home/locobot/Documents/kobuki/install/share/ament_cmake_clang_tidy/environment/ament_prefix_path.dsv
[0.767s] -- Up-to-date: /home/locobot/Documents/kobuki/install/share/ament_cmake_clang_tidy/environment/path.sh
[0.767s] -- Installing: /home/locobot/Documents/kobuki/install/share/ament_cmake_clang_tidy/environment/path.dsv
[0.767s] -- Up-to-date: /home/locobot/Documents/kobuki/install/share/ament_cmake_clang_tidy/local_setup.bash
[0.768s] -- Up-to-date: /home/locobot/Documents/kobuki/install/share/ament_cmake_clang_tidy/local_setup.sh
[0.768s] -- Up-to-date: /home/locobot/Documents/kobuki/install/share/ament_cmake_clang_tidy/local_setup.zsh
[0.768s] -- Installing: /home/locobot/Documents/kobuki/install/share/ament_cmake_clang_tidy/local_setup.dsv
[0.768s] -- Installing: /home/locobot/Documents/kobuki/install/share/ament_cmake_clang_tidy/package.dsv
[0.768s] -- Up-to-date: /home/locobot/Documents/kobuki/install/share/ament_index/resource_index/packages/ament_cmake_clang_tidy
[0.769s] -- Up-to-date: /home/locobot/Documents/kobuki/install/share/ament_cmake_clang_tidy/cmake/ament_cmake_clang_tidy-extras.cmake
[0.769s] -- Up-to-date: /home/locobot/Documents/kobuki/install/share/ament_cmake_clang_tidy/cmake/ament_cmake_clang_tidyConfig.cmake
[0.769s] -- Up-to-date: /home/locobot/Documents/kobuki/install/share/ament_cmake_clang_tidy/cmake/ament_cmake_clang_tidyConfig-version.cmake
[0.769s] -- Up-to-date: /home/locobot/Documents/kobuki/install/share/ament_cmake_clang_tidy/package.xml
[0.769s] -- Up-to-date: /home/locobot/Documents/kobuki/install/share/ament_cmake_clang_tidy/cmake
[0.769s] -- Up-to-date: /home/locobot/Documents/kobuki/install/share/ament_cmake_clang_tidy/cmake/ament_cmake_clang_tidy_lint_hook.cmake
[0.770s] -- Up-to-date: /home/locobot/Documents/kobuki/install/share/ament_cmake_clang_tidy/cmake/ament_clang_tidy.cmake
[0.778s] Invoked command in '/home/locobot/Documents/kobuki/build/ament_cmake_clang_tidy' returned '0': AMENT_PREFIX_PATH=/home/locobot/Documents/kobuki/install CMAKE_PREFIX_PATH=/home/locobot/Documents/kobuki/install LD_LIBRARY_PATH=/home/locobot/Documents/kobuki/install/lib PATH=/home/locobot/Documents/kobuki/install/bin:${PATH} PYTHONPATH=/home/locobot/Documents/kobuki/install/lib/python3.8/site-packages /usr/bin/cmake --install /home/locobot/Documents/kobuki/build/ament_cmake_clang_tidy
