[0.061s] Invoking command in '/home/locobot/Documents/kobuki/build/ament_cmake_pep257': AMENT_PREFIX_PATH=/home/locobot/Documents/kobuki/install CMAKE_PREFIX_PATH=/home/locobot/Documents/kobuki/install LD_LIBRARY_PATH=/home/locobot/Documents/kobuki/install/lib PATH=/home/locobot/Documents/kobuki/install/bin:${PATH} PYTHONPATH=/home/locobot/Documents/kobuki/install/lib/python3.8/site-packages /usr/bin/cmake /home/locobot/Documents/kobuki/src/ament_lint/ament_cmake_pep257 -DBUILD_TESTING=OFF --no-warn-unused-cli -DCMAKE_INSTALL_PREFIX=/home/locobot/Documents/kobuki/install
[0.080s] Not searching for unused variables given on the command line.
[0.083s] -- Found ament_cmake_core: 0.9.12 (/home/locobot/Documents/kobuki/install/share/ament_cmake_core/cmake)
[0.109s] -- Using PYTHON_EXECUTABLE: /usr/bin/python3
[0.327s] -- Found ament_cmake_test: 0.9.12 (/home/locobot/Documents/kobuki/install/share/ament_cmake_test/cmake)
[0.459s] -- Configuring done
[0.462s] -- Generating done
[0.465s] -- Build files have been written to: /home/locobot/Documents/kobuki/build/ament_cmake_pep257
[0.470s] Invoked command in '/home/locobot/Documents/kobuki/build/ament_cmake_pep257' returned '0': AMENT_PREFIX_PATH=/home/locobot/Documents/kobuki/install CMAKE_PREFIX_PATH=/home/locobot/Documents/kobuki/install LD_LIBRARY_PATH=/home/locobot/Documents/kobuki/install/lib PATH=/home/locobot/Documents/kobuki/install/bin:${PATH} PYTHONPATH=/home/locobot/Documents/kobuki/install/lib/python3.8/site-packages /usr/bin/cmake /home/locobot/Documents/kobuki/src/ament_lint/ament_cmake_pep257 -DBUILD_TESTING=OFF --no-warn-unused-cli -DCMAKE_INSTALL_PREFIX=/home/locobot/Documents/kobuki/install
[0.472s] Invoking command in '/home/locobot/Documents/kobuki/build/ament_cmake_pep257': AMENT_PREFIX_PATH=/home/locobot/Documents/kobuki/install CMAKE_PREFIX_PATH=/home/locobot/Documents/kobuki/install LD_LIBRARY_PATH=/home/locobot/Documents/kobuki/install/lib PATH=/home/locobot/Documents/kobuki/install/bin:${PATH} PYTHONPATH=/home/locobot/Documents/kobuki/install/lib/python3.8/site-packages /usr/bin/cmake --build /home/locobot/Documents/kobuki/build/ament_cmake_pep257 -- -j4 -l4
[0.529s] Invoked command in '/home/locobot/Documents/kobuki/build/ament_cmake_pep257' returned '0': AMENT_PREFIX_PATH=/home/locobot/Documents/kobuki/install CMAKE_PREFIX_PATH=/home/locobot/Documents/kobuki/install LD_LIBRARY_PATH=/home/locobot/Documents/kobuki/install/lib PATH=/home/locobot/Documents/kobuki/install/bin:${PATH} PYTHONPATH=/home/locobot/Documents/kobuki/install/lib/python3.8/site-packages /usr/bin/cmake --build /home/locobot/Documents/kobuki/build/ament_cmake_pep257 -- -j4 -l4
[0.530s] Invoking command in '/home/locobot/Documents/kobuki/build/ament_cmake_pep257': AMENT_PREFIX_PATH=/home/locobot/Documents/kobuki/install CMAKE_PREFIX_PATH=/home/locobot/Documents/kobuki/install LD_LIBRARY_PATH=/home/locobot/Documents/kobuki/install/lib PATH=/home/locobot/Documents/kobuki/install/bin:${PATH} PYTHONPATH=/home/locobot/Documents/kobuki/install/lib/python3.8/site-packages /usr/bin/cmake --install /home/locobot/Documents/kobuki/build/ament_cmake_pep257
[0.562s] -- Install configuration: ""
[0.563s] -- Up-to-date: /home/locobot/Documents/kobuki/install/share/ament_index/resource_index/package_run_dependencies/ament_cmake_pep257
[0.563s] -- Up-to-date: /home/locobot/Documents/kobuki/install/share/ament_index/resource_index/parent_prefix_path/ament_cmake_pep257
[0.564s] -- Up-to-date: /home/locobot/Documents/kobuki/install/share/ament_cmake_pep257/environment/ament_prefix_path.sh
[0.564s] -- Installing: /home/locobot/Documents/kobuki/install/share/ament_cmake_pep257/environment/ament_prefix_path.dsv
[0.565s] -- Up-to-date: /home/locobot/Documents/kobuki/install/share/ament_cmake_pep257/environment/path.sh
[0.565s] -- Installing: /home/locobot/Documents/kobuki/install/share/ament_cmake_pep257/environment/path.dsv
[0.566s] -- Up-to-date: /home/locobot/Documents/kobuki/install/share/ament_cmake_pep257/local_setup.bash
[0.567s] -- Up-to-date: /home/locobot/Documents/kobuki/install/share/ament_cmake_pep257/local_setup.sh
[0.567s] -- Up-to-date: /home/locobot/Documents/kobuki/install/share/ament_cmake_pep257/local_setup.zsh
[0.568s] -- Installing: /home/locobot/Documents/kobuki/install/share/ament_cmake_pep257/local_setup.dsv
[0.569s] -- Installing: /home/locobot/Documents/kobuki/install/share/ament_cmake_pep257/package.dsv
[0.569s] -- Up-to-date: /home/locobot/Documents/kobuki/install/share/ament_index/resource_index/packages/ament_cmake_pep257
[0.570s] -- Up-to-date: /home/locobot/Documents/kobuki/install/share/ament_cmake_pep257/cmake/ament_cmake_pep257-extras.cmake
[0.570s] -- Up-to-date: /home/locobot/Documents/kobuki/install/share/ament_cmake_pep257/cmake/ament_cmake_pep257Config.cmake
[0.571s] -- Up-to-date: /home/locobot/Documents/kobuki/install/share/ament_cmake_pep257/cmake/ament_cmake_pep257Config-version.cmake
[0.571s] -- Up-to-date: /home/locobot/Documents/kobuki/install/share/ament_cmake_pep257/package.xml
[0.572s] -- Up-to-date: /home/locobot/Documents/kobuki/install/share/ament_cmake_pep257/cmake
[0.573s] -- Up-to-date: /home/locobot/Documents/kobuki/install/share/ament_cmake_pep257/cmake/ament_pep257.cmake
[0.573s] -- Up-to-date: /home/locobot/Documents/kobuki/install/share/ament_cmake_pep257/cmake/ament_cmake_pep257_lint_hook.cmake
[0.574s] Invoked command in '/home/locobot/Documents/kobuki/build/ament_cmake_pep257' returned '0': AMENT_PREFIX_PATH=/home/locobot/Documents/kobuki/install CMAKE_PREFIX_PATH=/home/locobot/Documents/kobuki/install LD_LIBRARY_PATH=/home/locobot/Documents/kobuki/install/lib PATH=/home/locobot/Documents/kobuki/install/bin:${PATH} PYTHONPATH=/home/locobot/Documents/kobuki/install/lib/python3.8/site-packages /usr/bin/cmake --install /home/locobot/Documents/kobuki/build/ament_cmake_pep257
