-- Found ament_cmake_ros: 0.9.2 (/home/locobot/Documents/kobuki/install/share/ament_cmake_ros/cmake)
-- Using PYTHON_EXECUTABLE: /usr/bin/python3
-- Found ecl_build: 1.0.3 (/home/locobot/Documents/kobuki/install/share/ecl_build/cmake)
-- Found ecl_config: 1.1.0 (/home/locobot/Documents/kobuki/install/share/ecl_config/cmake)
-- Configuring done
-- Generating done
-- Build files have been written to: /home/locobot/Documents/kobuki/build/ecl_errors
[ 25%] [32mBuilding CXX object src/lib/CMakeFiles/ecl_errors.dir/run_time_functions.cpp.o[0m
[ 50%] [32m[1mLinking CXX shared library libecl_errors.so[0m
[ 50%] Built target ecl_errors
[ 75%] [32mBuilding CXX object src/examples/CMakeFiles/ecl_errors_example_errors.dir/errors.cpp.o[0m
[100%] [32m[1mLinking CXX executable demo_errors[0m
[100%] Built target ecl_errors_example_errors
-- Install configuration: "RelWithDebInfo"
-- Up-to-date: /home/locobot/Documents/kobuki/install/share/ecl_errors/environment/library_path.sh
-- Installing: /home/locobot/Documents/kobuki/install/share/ecl_errors/environment/library_path.dsv
-- Up-to-date: /home/locobot/Documents/kobuki/install/share/ament_index/resource_index/package_run_dependencies/ecl_errors
-- Up-to-date: /home/locobot/Documents/kobuki/install/share/ament_index/resource_index/parent_prefix_path/ecl_errors
-- Up-to-date: /home/locobot/Documents/kobuki/install/share/ecl_errors/environment/ament_prefix_path.sh
-- Installing: /home/locobot/Documents/kobuki/install/share/ecl_errors/environment/ament_prefix_path.dsv
-- Up-to-date: /home/locobot/Documents/kobuki/install/share/ecl_errors/environment/path.sh
-- Installing: /home/locobot/Documents/kobuki/install/share/ecl_errors/environment/path.dsv
-- Up-to-date: /home/locobot/Documents/kobuki/install/share/ecl_errors/local_setup.bash
-- Up-to-date: /home/locobot/Documents/kobuki/install/share/ecl_errors/local_setup.sh
-- Up-to-date: /home/locobot/Documents/kobuki/install/share/ecl_errors/local_setup.zsh
-- Installing: /home/locobot/Documents/kobuki/install/share/ecl_errors/local_setup.dsv
-- Installing: /home/locobot/Documents/kobuki/install/share/ecl_errors/package.dsv
-- Up-to-date: /home/locobot/Documents/kobuki/install/share/ament_index/resource_index/packages/ecl_errors
-- Up-to-date: /home/locobot/Documents/kobuki/install/share/ecl_errors/cmake/ecl_errorsExport.cmake
-- Installing: /home/locobot/Documents/kobuki/install/share/ecl_errors/cmake/ecl_errorsExport-relwithdebinfo.cmake
-- Up-to-date: /home/locobot/Documents/kobuki/install/share/ecl_errors/cmake/ament_cmake_export_targets-extras.cmake
-- Up-to-date: /home/locobot/Documents/kobuki/install/share/ecl_errors/cmake/ament_cmake_export_include_directories-extras.cmake
-- Up-to-date: /home/locobot/Documents/kobuki/install/share/ecl_errors/cmake/ament_cmake_export_libraries-extras.cmake
-- Up-to-date: /home/locobot/Documents/kobuki/install/share/ecl_errors/cmake/ament_cmake_export_dependencies-extras.cmake
-- Up-to-date: /home/locobot/Documents/kobuki/install/share/ecl_errors/cmake/ecl_errorsConfig.cmake
-- Up-to-date: /home/locobot/Documents/kobuki/install/share/ecl_errors/cmake/ecl_errorsConfig-version.cmake
-- Up-to-date: /home/locobot/Documents/kobuki/install/share/ecl_errors/package.xml
-- Up-to-date: /home/locobot/Documents/kobuki/install/include/ecl/errors.hpp
-- Up-to-date: /home/locobot/Documents/kobuki/install/include/ecl/errors/compile_time_assert.hpp
-- Up-to-date: /home/locobot/Documents/kobuki/install/include/ecl/errors/flags.hpp
-- Up-to-date: /home/locobot/Documents/kobuki/install/include/ecl/errors/handlers.hpp
-- Up-to-date: /home/locobot/Documents/kobuki/install/include/ecl/errors/macros.hpp
-- Up-to-date: /home/locobot/Documents/kobuki/install/include/ecl/errors/run_time_functions.hpp
-- Installing: /home/locobot/Documents/kobuki/install/lib/libecl_errors.so.1.1.0
-- Up-to-date: /home/locobot/Documents/kobuki/install/lib/libecl_errors.so
-- Installing: /home/locobot/Documents/kobuki/install/lib/ecl_errors/demo_errors
-- Set runtime path of "/home/locobot/Documents/kobuki/install/lib/ecl_errors/demo_errors" to ""
