-- The C compiler identification is GNU 9.4.0
-- The CXX compiler identification is GNU 9.4.0
-- Check for working C compiler: /usr/bin/cc
-- Check for working C compiler: /usr/bin/cc -- works
-- Detecting C compiler ABI info
-- Detecting C compiler ABI info - done
-- Detecting C compile features
-- Detecting C compile features - done
-- Check for working CXX compiler: /usr/bin/c++
-- Check for working CXX compiler: /usr/bin/c++ -- works
-- Detecting CXX compiler ABI info
-- Detecting CXX compiler ABI info - done
-- Detecting CXX compile features
-- Detecting CXX compile features - done
-- Found Eigen3: /home/locobot/Documents/kobuki/install/include/eigen3 (Required is at least version "3.3.0") 
-- Configuring done
-- Generating done
-- Build files have been written to: /home/locobot/Documents/kobuki/build/sophus
[35m[1mScanning dependencies of target HelloSO3[0m
[ 50%] [32mBuilding CXX object examples/CMakeFiles/HelloSO3.dir/HelloSO3.cpp.o[0m
[100%] [32m[1mLinking CXX executable HelloSO3[0m
[100%] Built target HelloSO3
-- Install configuration: "Release"
-- Installing: /home/locobot/Documents/kobuki/install/share/sophus/cmake/SophusTargets.cmake
-- Installing: /home/locobot/Documents/kobuki/install/share/sophus/cmake/SophusConfig.cmake
-- Installing: /home/locobot/Documents/kobuki/install/share/sophus/cmake/SophusConfigVersion.cmake
-- Installing: /home/locobot/Documents/kobuki/install/include/sophus/average.hpp
-- Installing: /home/locobot/Documents/kobuki/install/include/sophus/common.hpp
-- Installing: /home/locobot/Documents/kobuki/install/include/sophus/geometry.hpp
-- Installing: /home/locobot/Documents/kobuki/install/include/sophus/interpolate.hpp
-- Installing: /home/locobot/Documents/kobuki/install/include/sophus/interpolate_details.hpp
-- Installing: /home/locobot/Documents/kobuki/install/include/sophus/num_diff.hpp
-- Installing: /home/locobot/Documents/kobuki/install/include/sophus/rotation_matrix.hpp
-- Installing: /home/locobot/Documents/kobuki/install/include/sophus/rxso2.hpp
-- Installing: /home/locobot/Documents/kobuki/install/include/sophus/rxso3.hpp
-- Installing: /home/locobot/Documents/kobuki/install/include/sophus/se2.hpp
-- Installing: /home/locobot/Documents/kobuki/install/include/sophus/se3.hpp
-- Installing: /home/locobot/Documents/kobuki/install/include/sophus/sim2.hpp
-- Installing: /home/locobot/Documents/kobuki/install/include/sophus/sim3.hpp
-- Installing: /home/locobot/Documents/kobuki/install/include/sophus/sim_details.hpp
-- Installing: /home/locobot/Documents/kobuki/install/include/sophus/so2.hpp
-- Installing: /home/locobot/Documents/kobuki/install/include/sophus/so3.hpp
-- Installing: /home/locobot/Documents/kobuki/install/include/sophus/types.hpp
-- Installing: /home/locobot/Documents/kobuki/install/include/sophus/velocities.hpp
-- Installing: /home/locobot/Documents/kobuki/install/include/sophus/formatstring.hpp
