[0.046s] Invoking command in '/home/locobot/Documents/kobuki/build/sophus': CMAKE_PREFIX_PATH=/home/locobot/Documents/kobuki/install PATH=/home/locobot/Documents/kobuki/install/bin:${PATH} PYTHONPATH=/home/locobot/Documents/kobuki/install/lib/python3.8/site-packages /usr/bin/cmake /home/locobot/Documents/kobuki/src/sophus -DBUILD_TESTING=OFF -DBUILD_TESTS=OFF -DCMAKE_INSTALL_PREFIX=/home/locobot/Documents/kobuki/install
[0.265s] -- The C compiler identification is GNU 9.4.0
[0.540s] -- The CXX compiler identification is GNU 9.4.0
[0.570s] -- Check for working C compiler: /usr/bin/cc
[0.914s] -- Check for working C compiler: /usr/bin/cc -- works
[0.915s] -- Detecting C compiler ABI info
[1.259s] -- Detecting C compiler ABI info - done
[1.280s] -- Detecting C compile features
[1.281s] -- Detecting C compile features - done
[1.285s] -- Check for working CXX compiler: /usr/bin/c++
[1.524s] -- Check for working CXX compiler: /usr/bin/c++ -- works
[1.524s] -- Detecting CXX compiler ABI info
[1.805s] -- Detecting CXX compiler ABI info - done
[1.853s] -- Detecting CXX compile features
[1.862s] -- Detecting CXX compile features - done
[1.882s] -- Found Eigen3: /home/locobot/Documents/kobuki/install/include/eigen3 (Required is at least version "3.3.0") 
[1.919s] -- Configuring done
[1.920s] -- Generating done
[1.923s] CMake Warning:
[1.923s]   Manually-specified variables were not used by the project:
[1.923s] 
[1.923s]     BUILD_TESTING
[1.923s] 
[1.924s] 
[1.927s] -- Build files have been written to: /home/locobot/Documents/kobuki/build/sophus
[1.952s] Invoked command in '/home/locobot/Documents/kobuki/build/sophus' returned '0': CMAKE_PREFIX_PATH=/home/locobot/Documents/kobuki/install PATH=/home/locobot/Documents/kobuki/install/bin:${PATH} PYTHONPATH=/home/locobot/Documents/kobuki/install/lib/python3.8/site-packages /usr/bin/cmake /home/locobot/Documents/kobuki/src/sophus -DBUILD_TESTING=OFF -DBUILD_TESTS=OFF -DCMAKE_INSTALL_PREFIX=/home/locobot/Documents/kobuki/install
[1.953s] Invoking command in '/home/locobot/Documents/kobuki/build/sophus': CMAKE_PREFIX_PATH=/home/locobot/Documents/kobuki/install PATH=/home/locobot/Documents/kobuki/install/bin:${PATH} PYTHONPATH=/home/locobot/Documents/kobuki/install/lib/python3.8/site-packages /usr/bin/cmake --build /home/locobot/Documents/kobuki/build/sophus -- -j4 -l4
[2.083s] [35m[1mScanning dependencies of target HelloSO3[0m
[2.196s] [ 50%] [32mBuilding CXX object examples/CMakeFiles/HelloSO3.dir/HelloSO3.cpp.o[0m
[6.577s] [100%] [32m[1mLinking CXX executable HelloSO3[0m
[6.770s] [100%] Built target HelloSO3
[6.831s] Invoked command in '/home/locobot/Documents/kobuki/build/sophus' returned '0': CMAKE_PREFIX_PATH=/home/locobot/Documents/kobuki/install PATH=/home/locobot/Documents/kobuki/install/bin:${PATH} PYTHONPATH=/home/locobot/Documents/kobuki/install/lib/python3.8/site-packages /usr/bin/cmake --build /home/locobot/Documents/kobuki/build/sophus -- -j4 -l4
[6.845s] Invoking command in '/home/locobot/Documents/kobuki/build/sophus': CMAKE_PREFIX_PATH=/home/locobot/Documents/kobuki/install PATH=/home/locobot/Documents/kobuki/install/bin:${PATH} PYTHONPATH=/home/locobot/Documents/kobuki/install/lib/python3.8/site-packages /usr/bin/cmake --install /home/locobot/Documents/kobuki/build/sophus
[6.856s] -- Install configuration: "Release"
[6.859s] -- Installing: /home/locobot/Documents/kobuki/install/share/sophus/cmake/SophusTargets.cmake
[6.860s] -- Installing: /home/locobot/Documents/kobuki/install/share/sophus/cmake/SophusConfig.cmake
[6.860s] -- Installing: /home/locobot/Documents/kobuki/install/share/sophus/cmake/SophusConfigVersion.cmake
[6.868s] -- Installing: /home/locobot/Documents/kobuki/install/include/sophus/average.hpp
[6.868s] -- Installing: /home/locobot/Documents/kobuki/install/include/sophus/common.hpp
[6.868s] -- Installing: /home/locobot/Documents/kobuki/install/include/sophus/geometry.hpp
[6.869s] -- Installing: /home/locobot/Documents/kobuki/install/include/sophus/interpolate.hpp
[6.869s] -- Installing: /home/locobot/Documents/kobuki/install/include/sophus/interpolate_details.hpp
[6.869s] -- Installing: /home/locobot/Documents/kobuki/install/include/sophus/num_diff.hpp
[6.869s] -- Installing: /home/locobot/Documents/kobuki/install/include/sophus/rotation_matrix.hpp
[6.869s] -- Installing: /home/locobot/Documents/kobuki/install/include/sophus/rxso2.hpp
[6.869s] -- Installing: /home/locobot/Documents/kobuki/install/include/sophus/rxso3.hpp
[6.869s] -- Installing: /home/locobot/Documents/kobuki/install/include/sophus/se2.hpp
[6.869s] -- Installing: /home/locobot/Documents/kobuki/install/include/sophus/se3.hpp
[6.869s] -- Installing: /home/locobot/Documents/kobuki/install/include/sophus/sim2.hpp
[6.870s] -- Installing: /home/locobot/Documents/kobuki/install/include/sophus/sim3.hpp
[6.870s] -- Installing: /home/locobot/Documents/kobuki/install/include/sophus/sim_details.hpp
[6.870s] -- Installing: /home/locobot/Documents/kobuki/install/include/sophus/so2.hpp
[6.870s] -- Installing: /home/locobot/Documents/kobuki/install/include/sophus/so3.hpp
[6.870s] -- Installing: /home/locobot/Documents/kobuki/install/include/sophus/types.hpp
[6.870s] -- Installing: /home/locobot/Documents/kobuki/install/include/sophus/velocities.hpp
[6.870s] -- Installing: /home/locobot/Documents/kobuki/install/include/sophus/formatstring.hpp
[6.895s] Invoked command in '/home/locobot/Documents/kobuki/build/sophus' returned '0': CMAKE_PREFIX_PATH=/home/locobot/Documents/kobuki/install PATH=/home/locobot/Documents/kobuki/install/bin:${PATH} PYTHONPATH=/home/locobot/Documents/kobuki/install/lib/python3.8/site-packages /usr/bin/cmake --install /home/locobot/Documents/kobuki/build/sophus
