[0.294s] Invoking command in '/home/locobot/Documents/kobuki/build/ecl_sigslots': AMENT_PREFIX_PATH=/home/locobot/Documents/kobuki/install CMAKE_PREFIX_PATH=/home/locobot/Documents/kobuki/install LD_LIBRARY_PATH=/home/locobot/Documents/kobuki/install/lib PATH=/home/locobot/Documents/kobuki/install/bin:${PATH} PYTHONPATH=/home/locobot/Documents/kobuki/install/lib/python3.8/site-packages /usr/bin/cmake /home/locobot/Documents/kobuki/src/ecl_core/ecl_sigslots -DBUILD_TESTING=OFF --no-warn-unused-cli -DCMAKE_INSTALL_PREFIX=/home/locobot/Documents/kobuki/install
[0.329s] Not searching for unused variables given on the command line.
[0.330s] -- Found ament_cmake_ros: 0.9.2 (/home/locobot/Documents/kobuki/install/share/ament_cmake_ros/cmake)
[0.347s] -- Using PYTHON_EXECUTABLE: /usr/bin/python3
[0.565s] -- Found ecl_build: 1.0.3 (/home/locobot/Documents/kobuki/install/share/ecl_build/cmake)
[0.577s] -- Found ecl_config: 1.1.0 (/home/locobot/Documents/kobuki/install/share/ecl_config/cmake)
[0.580s] -- Found ecl_threads: 1.2.1 (/home/locobot/Documents/kobuki/install/share/ecl_threads/cmake)
[0.767s] -- Configuring done
[0.783s] -- Generating done
[0.789s] -- Build files have been written to: /home/locobot/Documents/kobuki/build/ecl_sigslots
[0.794s] Invoked command in '/home/locobot/Documents/kobuki/build/ecl_sigslots' returned '0': AMENT_PREFIX_PATH=/home/locobot/Documents/kobuki/install CMAKE_PREFIX_PATH=/home/locobot/Documents/kobuki/install LD_LIBRARY_PATH=/home/locobot/Documents/kobuki/install/lib PATH=/home/locobot/Documents/kobuki/install/bin:${PATH} PYTHONPATH=/home/locobot/Documents/kobuki/install/lib/python3.8/site-packages /usr/bin/cmake /home/locobot/Documents/kobuki/src/ecl_core/ecl_sigslots -DBUILD_TESTING=OFF --no-warn-unused-cli -DCMAKE_INSTALL_PREFIX=/home/locobot/Documents/kobuki/install
[0.799s] Invoking command in '/home/locobot/Documents/kobuki/build/ecl_sigslots': AMENT_PREFIX_PATH=/home/locobot/Documents/kobuki/install CMAKE_PREFIX_PATH=/home/locobot/Documents/kobuki/install LD_LIBRARY_PATH=/home/locobot/Documents/kobuki/install/lib PATH=/home/locobot/Documents/kobuki/install/bin:${PATH} PYTHONPATH=/home/locobot/Documents/kobuki/install/lib/python3.8/site-packages /usr/bin/cmake --build /home/locobot/Documents/kobuki/build/ecl_sigslots -- -j4 -l4
[0.875s] [ 25%] [32mBuilding CXX object src/examples/CMakeFiles/ecl_demo_sigslots_manager.dir/sigslots_manager.cpp.o[0m
[2.567s] [ 50%] [32m[1mLinking CXX executable demo_sigslots_manager[0m
[2.767s] [ 50%] Built target ecl_demo_sigslots_manager
[2.807s] [ 75%] [32mBuilding CXX object src/examples/CMakeFiles/ecl_demo_sigslots.dir/sigslots.cpp.o[0m
[4.317s] [100%] [32m[1mLinking CXX executable demo_sigslots[0m
[4.462s] [100%] Built target ecl_demo_sigslots
[4.475s] Invoked command in '/home/locobot/Documents/kobuki/build/ecl_sigslots' returned '0': AMENT_PREFIX_PATH=/home/locobot/Documents/kobuki/install CMAKE_PREFIX_PATH=/home/locobot/Documents/kobuki/install LD_LIBRARY_PATH=/home/locobot/Documents/kobuki/install/lib PATH=/home/locobot/Documents/kobuki/install/bin:${PATH} PYTHONPATH=/home/locobot/Documents/kobuki/install/lib/python3.8/site-packages /usr/bin/cmake --build /home/locobot/Documents/kobuki/build/ecl_sigslots -- -j4 -l4
[4.479s] Invoking command in '/home/locobot/Documents/kobuki/build/ecl_sigslots': AMENT_PREFIX_PATH=/home/locobot/Documents/kobuki/install CMAKE_PREFIX_PATH=/home/locobot/Documents/kobuki/install LD_LIBRARY_PATH=/home/locobot/Documents/kobuki/install/lib PATH=/home/locobot/Documents/kobuki/install/bin:${PATH} PYTHONPATH=/home/locobot/Documents/kobuki/install/lib/python3.8/site-packages /usr/bin/cmake --install /home/locobot/Documents/kobuki/build/ecl_sigslots
[4.492s] -- Install configuration: ""
[4.492s] -- Up-to-date: /home/locobot/Documents/kobuki/install/share/ament_index/resource_index/package_run_dependencies/ecl_sigslots
[4.492s] -- Up-to-date: /home/locobot/Documents/kobuki/install/share/ament_index/resource_index/parent_prefix_path/ecl_sigslots
[4.492s] -- Up-to-date: /home/locobot/Documents/kobuki/install/share/ecl_sigslots/environment/ament_prefix_path.sh
[4.492s] -- Installing: /home/locobot/Documents/kobuki/install/share/ecl_sigslots/environment/ament_prefix_path.dsv
[4.495s] -- Up-to-date: /home/locobot/Documents/kobuki/install/share/ecl_sigslots/environment/path.sh
[4.496s] -- Installing: /home/locobot/Documents/kobuki/install/share/ecl_sigslots/environment/path.dsv
[4.496s] -- Up-to-date: /home/locobot/Documents/kobuki/install/share/ecl_sigslots/local_setup.bash
[4.496s] -- Up-to-date: /home/locobot/Documents/kobuki/install/share/ecl_sigslots/local_setup.sh
[4.496s] -- Up-to-date: /home/locobot/Documents/kobuki/install/share/ecl_sigslots/local_setup.zsh
[4.496s] -- Installing: /home/locobot/Documents/kobuki/install/share/ecl_sigslots/local_setup.dsv
[4.496s] -- Installing: /home/locobot/Documents/kobuki/install/share/ecl_sigslots/package.dsv
[4.496s] -- Up-to-date: /home/locobot/Documents/kobuki/install/share/ament_index/resource_index/packages/ecl_sigslots
[4.496s] -- Up-to-date: /home/locobot/Documents/kobuki/install/share/ecl_sigslots/cmake/ecl_sigslotsExport.cmake
[4.496s] -- Up-to-date: /home/locobot/Documents/kobuki/install/share/ecl_sigslots/cmake/ament_cmake_export_targets-extras.cmake
[4.497s] -- Up-to-date: /home/locobot/Documents/kobuki/install/share/ecl_sigslots/cmake/ament_cmake_export_include_directories-extras.cmake
[4.497s] -- Up-to-date: /home/locobot/Documents/kobuki/install/share/ecl_sigslots/cmake/ament_cmake_export_dependencies-extras.cmake
[4.497s] -- Up-to-date: /home/locobot/Documents/kobuki/install/share/ecl_sigslots/cmake/ecl_sigslotsConfig.cmake
[4.497s] -- Up-to-date: /home/locobot/Documents/kobuki/install/share/ecl_sigslots/cmake/ecl_sigslotsConfig-version.cmake
[4.497s] -- Up-to-date: /home/locobot/Documents/kobuki/install/share/ecl_sigslots/package.xml
[4.497s] -- Up-to-date: /home/locobot/Documents/kobuki/install/include/ecl/sigslots.hpp
[4.497s] -- Up-to-date: /home/locobot/Documents/kobuki/install/include/ecl/sigslots/macros.hpp
[4.497s] -- Up-to-date: /home/locobot/Documents/kobuki/install/include/ecl/sigslots/manager.hpp
[4.497s] -- Up-to-date: /home/locobot/Documents/kobuki/install/include/ecl/sigslots/signal.hpp
[4.497s] -- Up-to-date: /home/locobot/Documents/kobuki/install/include/ecl/sigslots/sigslot.hpp
[4.497s] -- Up-to-date: /home/locobot/Documents/kobuki/install/include/ecl/sigslots/slot.hpp
[4.498s] -- Up-to-date: /home/locobot/Documents/kobuki/install/include/ecl/sigslots/topic.hpp
[4.498s] -- Installing: /home/locobot/Documents/kobuki/install/lib/ecl_sigslots/demo_sigslots
[4.498s] -- Set runtime path of "/home/locobot/Documents/kobuki/install/lib/ecl_sigslots/demo_sigslots" to ""
[4.498s] -- Installing: /home/locobot/Documents/kobuki/install/lib/ecl_sigslots/demo_sigslots_manager
[4.498s] -- Set runtime path of "/home/locobot/Documents/kobuki/install/lib/ecl_sigslots/demo_sigslots_manager" to ""
[4.507s] Invoked command in '/home/locobot/Documents/kobuki/build/ecl_sigslots' returned '0': AMENT_PREFIX_PATH=/home/locobot/Documents/kobuki/install CMAKE_PREFIX_PATH=/home/locobot/Documents/kobuki/install LD_LIBRARY_PATH=/home/locobot/Documents/kobuki/install/lib PATH=/home/locobot/Documents/kobuki/install/bin:${PATH} PYTHONPATH=/home/locobot/Documents/kobuki/install/lib/python3.8/site-packages /usr/bin/cmake --install /home/locobot/Documents/kobuki/build/ecl_sigslots
