running egg_info
creating ../../../build/ament_clang_format/ament_clang_format.egg-info
writing ../../../build/ament_clang_format/ament_clang_format.egg-info/PKG-INFO
writing dependency_links to ../../../build/ament_clang_format/ament_clang_format.egg-info/dependency_links.txt
writing entry points to ../../../build/ament_clang_format/ament_clang_format.egg-info/entry_points.txt
writing requirements to ../../../build/ament_clang_format/ament_clang_format.egg-info/requires.txt
writing top-level names to ../../../build/ament_clang_format/ament_clang_format.egg-info/top_level.txt
writing manifest file '../../../build/ament_clang_format/ament_clang_format.egg-info/SOURCES.txt'
reading manifest file '../../../build/ament_clang_format/ament_clang_format.egg-info/SOURCES.txt'
writing manifest file '../../../build/ament_clang_format/ament_clang_format.egg-info/SOURCES.txt'
running build
running build_py
creating /home/locobot/Documents/kobuki/build/ament_clang_format/build
creating /home/locobot/Documents/kobuki/build/ament_clang_format/build/lib
creating /home/locobot/Documents/kobuki/build/ament_clang_format/build/lib/ament_clang_format
copying ament_clang_format/__init__.py -> /home/locobot/Documents/kobuki/build/ament_clang_format/build/lib/ament_clang_format
copying ament_clang_format/main.py -> /home/locobot/Documents/kobuki/build/ament_clang_format/build/lib/ament_clang_format
creating /home/locobot/Documents/kobuki/build/ament_clang_format/build/lib/ament_clang_format/configuration
copying ament_clang_format/configuration/.clang-format -> /home/locobot/Documents/kobuki/build/ament_clang_format/build/lib/ament_clang_format/configuration
running install
running install_lib
creating /home/locobot/Documents/kobuki/install/lib/python3.8/site-packages/ament_clang_format
copying /home/locobot/Documents/kobuki/build/ament_clang_format/build/lib/ament_clang_format/__init__.py -> /home/locobot/Documents/kobuki/install/lib/python3.8/site-packages/ament_clang_format
creating /home/locobot/Documents/kobuki/install/lib/python3.8/site-packages/ament_clang_format/configuration
copying /home/locobot/Documents/kobuki/build/ament_clang_format/build/lib/ament_clang_format/configuration/.clang-format -> /home/locobot/Documents/kobuki/install/lib/python3.8/site-packages/ament_clang_format/configuration
copying /home/locobot/Documents/kobuki/build/ament_clang_format/build/lib/ament_clang_format/main.py -> /home/locobot/Documents/kobuki/install/lib/python3.8/site-packages/ament_clang_format
byte-compiling /home/locobot/Documents/kobuki/install/lib/python3.8/site-packages/ament_clang_format/__init__.py to __init__.cpython-38.pyc
byte-compiling /home/locobot/Documents/kobuki/install/lib/python3.8/site-packages/ament_clang_format/main.py to main.cpython-38.pyc
running install_data
copying package.xml -> /home/locobot/Documents/kobuki/install/share/ament_clang_format
copying resource/ament_clang_format -> /home/locobot/Documents/kobuki/install/share/ament_index/resource_index/packages
running install_egg_info
Copying ../../../build/ament_clang_format/ament_clang_format.egg-info to /home/locobot/Documents/kobuki/install/lib/python3.8/site-packages/ament_clang_format-0.9.8-py3.8.egg-info
running install_scripts
Installing ament_clang_format script to /home/locobot/Documents/kobuki/install/bin
writing list of installed files to '/home/locobot/Documents/kobuki/build/ament_clang_format/install.log'
