[0.365s] Invoking command in '/home/locobot/Documents/kobuki/build/ecl_sigslots_lite': AMENT_PREFIX_PATH=/home/locobot/Documents/kobuki/install CMAKE_PREFIX_PATH=/home/locobot/Documents/kobuki/install LD_LIBRARY_PATH=/home/locobot/Documents/kobuki/install/lib PATH=/home/locobot/Documents/kobuki/install/bin:${PATH} PYTHONPATH=/home/locobot/Documents/kobuki/install/lib/python3.8/site-packages /usr/bin/cmake /home/locobot/Documents/kobuki/src/ecl_lite/ecl_sigslots_lite -DBUILD_TESTING=OFF -DCMAKE_BUILD_TYPE=RelWithDebInfo -DCMAKE_INSTALL_PREFIX=/home/locobot/Documents/kobuki/install
[0.395s] -- Found ament_cmake_ros: 0.9.2 (/home/locobot/Documents/kobuki/install/share/ament_cmake_ros/cmake)
[0.428s] -- Using PYTHON_EXECUTABLE: /usr/bin/python3
[0.623s] -- Found ecl_build: 1.0.3 (/home/locobot/Documents/kobuki/install/share/ecl_build/cmake)
[0.631s] -- Found ecl_config: 1.1.0 (/home/locobot/Documents/kobuki/install/share/ecl_config/cmake)
[0.631s] -- Found ecl_errors: 1.1.0 (/home/locobot/Documents/kobuki/install/share/ecl_errors/cmake)
[0.803s] -- Configuring done
[0.813s] -- Generating done
[0.818s] -- Build files have been written to: /home/locobot/Documents/kobuki/build/ecl_sigslots_lite
[0.968s] Invoked command in '/home/locobot/Documents/kobuki/build/ecl_sigslots_lite' returned '0': AMENT_PREFIX_PATH=/home/locobot/Documents/kobuki/install CMAKE_PREFIX_PATH=/home/locobot/Documents/kobuki/install LD_LIBRARY_PATH=/home/locobot/Documents/kobuki/install/lib PATH=/home/locobot/Documents/kobuki/install/bin:${PATH} PYTHONPATH=/home/locobot/Documents/kobuki/install/lib/python3.8/site-packages /usr/bin/cmake /home/locobot/Documents/kobuki/src/ecl_lite/ecl_sigslots_lite -DBUILD_TESTING=OFF -DCMAKE_BUILD_TYPE=RelWithDebInfo -DCMAKE_INSTALL_PREFIX=/home/locobot/Documents/kobuki/install
[0.969s] Invoking command in '/home/locobot/Documents/kobuki/build/ecl_sigslots_lite': AMENT_PREFIX_PATH=/home/locobot/Documents/kobuki/install CMAKE_PREFIX_PATH=/home/locobot/Documents/kobuki/install LD_LIBRARY_PATH=/home/locobot/Documents/kobuki/install/lib PATH=/home/locobot/Documents/kobuki/install/bin:${PATH} PYTHONPATH=/home/locobot/Documents/kobuki/install/lib/python3.8/site-packages /usr/bin/cmake --build /home/locobot/Documents/kobuki/build/ecl_sigslots_lite -- -j4 -l4
[1.037s] [ 50%] [32mBuilding CXX object src/examples/CMakeFiles/demo_sigslots_lite.dir/sigslots.cpp.o[0m
[2.082s] [100%] [32m[1mLinking CXX executable demo_sigslots_lite[0m
[2.254s] [100%] Built target demo_sigslots_lite
[2.289s] Invoked command in '/home/locobot/Documents/kobuki/build/ecl_sigslots_lite' returned '0': AMENT_PREFIX_PATH=/home/locobot/Documents/kobuki/install CMAKE_PREFIX_PATH=/home/locobot/Documents/kobuki/install LD_LIBRARY_PATH=/home/locobot/Documents/kobuki/install/lib PATH=/home/locobot/Documents/kobuki/install/bin:${PATH} PYTHONPATH=/home/locobot/Documents/kobuki/install/lib/python3.8/site-packages /usr/bin/cmake --build /home/locobot/Documents/kobuki/build/ecl_sigslots_lite -- -j4 -l4
[2.291s] Invoking command in '/home/locobot/Documents/kobuki/build/ecl_sigslots_lite': AMENT_PREFIX_PATH=/home/locobot/Documents/kobuki/install CMAKE_PREFIX_PATH=/home/locobot/Documents/kobuki/install LD_LIBRARY_PATH=/home/locobot/Documents/kobuki/install/lib PATH=/home/locobot/Documents/kobuki/install/bin:${PATH} PYTHONPATH=/home/locobot/Documents/kobuki/install/lib/python3.8/site-packages /usr/bin/cmake --install /home/locobot/Documents/kobuki/build/ecl_sigslots_lite
[2.325s] -- Install configuration: "RelWithDebInfo"
[2.325s] -- Up-to-date: /home/locobot/Documents/kobuki/install/share/ament_index/resource_index/package_run_dependencies/ecl_sigslots_lite
[2.325s] -- Up-to-date: /home/locobot/Documents/kobuki/install/share/ament_index/resource_index/parent_prefix_path/ecl_sigslots_lite
[2.325s] -- Up-to-date: /home/locobot/Documents/kobuki/install/share/ecl_sigslots_lite/environment/ament_prefix_path.sh
[2.326s] -- Installing: /home/locobot/Documents/kobuki/install/share/ecl_sigslots_lite/environment/ament_prefix_path.dsv
[2.326s] -- Up-to-date: /home/locobot/Documents/kobuki/install/share/ecl_sigslots_lite/environment/path.sh
[2.326s] -- Installing: /home/locobot/Documents/kobuki/install/share/ecl_sigslots_lite/environment/path.dsv
[2.326s] -- Up-to-date: /home/locobot/Documents/kobuki/install/share/ecl_sigslots_lite/local_setup.bash
[2.327s] -- Up-to-date: /home/locobot/Documents/kobuki/install/share/ecl_sigslots_lite/local_setup.sh
[2.327s] -- Up-to-date: /home/locobot/Documents/kobuki/install/share/ecl_sigslots_lite/local_setup.zsh
[2.327s] -- Installing: /home/locobot/Documents/kobuki/install/share/ecl_sigslots_lite/local_setup.dsv
[2.327s] -- Installing: /home/locobot/Documents/kobuki/install/share/ecl_sigslots_lite/package.dsv
[2.328s] -- Up-to-date: /home/locobot/Documents/kobuki/install/share/ament_index/resource_index/packages/ecl_sigslots_lite
[2.328s] -- Up-to-date: /home/locobot/Documents/kobuki/install/share/ecl_sigslots_lite/cmake/ecl_sigslots_liteExport.cmake
[2.328s] -- Up-to-date: /home/locobot/Documents/kobuki/install/share/ecl_sigslots_lite/cmake/ament_cmake_export_targets-extras.cmake
[2.328s] -- Up-to-date: /home/locobot/Documents/kobuki/install/share/ecl_sigslots_lite/cmake/ament_cmake_export_include_directories-extras.cmake
[2.329s] -- Up-to-date: /home/locobot/Documents/kobuki/install/share/ecl_sigslots_lite/cmake/ament_cmake_export_dependencies-extras.cmake
[2.329s] -- Up-to-date: /home/locobot/Documents/kobuki/install/share/ecl_sigslots_lite/cmake/ecl_sigslots_liteConfig.cmake
[2.329s] -- Up-to-date: /home/locobot/Documents/kobuki/install/share/ecl_sigslots_lite/cmake/ecl_sigslots_liteConfig-version.cmake
[2.329s] -- Up-to-date: /home/locobot/Documents/kobuki/install/share/ecl_sigslots_lite/package.xml
[2.329s] -- Up-to-date: /home/locobot/Documents/kobuki/install/include/ecl/sigslots_lite.hpp
[2.330s] -- Up-to-date: /home/locobot/Documents/kobuki/install/include/ecl/sigslots_lite/connect.hpp
[2.330s] -- Up-to-date: /home/locobot/Documents/kobuki/install/include/ecl/sigslots_lite/errors.hpp
[2.330s] -- Up-to-date: /home/locobot/Documents/kobuki/install/include/ecl/sigslots_lite/managers.hpp
[2.331s] -- Up-to-date: /home/locobot/Documents/kobuki/install/include/ecl/sigslots_lite/signal.hpp
[2.331s] -- Up-to-date: /home/locobot/Documents/kobuki/install/include/ecl/sigslots_lite/slot.hpp
[2.331s] -- Up-to-date: /home/locobot/Documents/kobuki/install/include/ecl/sigslots_lite/utilities.hpp
[2.332s] -- Installing: /home/locobot/Documents/kobuki/install/lib/ecl_sigslots_lite/demo_sigslots_lite
[2.344s] -- Set runtime path of "/home/locobot/Documents/kobuki/install/lib/ecl_sigslots_lite/demo_sigslots_lite" to ""
[2.351s] Invoked command in '/home/locobot/Documents/kobuki/build/ecl_sigslots_lite' returned '0': AMENT_PREFIX_PATH=/home/locobot/Documents/kobuki/install CMAKE_PREFIX_PATH=/home/locobot/Documents/kobuki/install LD_LIBRARY_PATH=/home/locobot/Documents/kobuki/install/lib PATH=/home/locobot/Documents/kobuki/install/bin:${PATH} PYTHONPATH=/home/locobot/Documents/kobuki/install/lib/python3.8/site-packages /usr/bin/cmake --install /home/locobot/Documents/kobuki/build/ecl_sigslots_lite
