[1.189s] Invoking command in '/home/locobot/Documents/kobuki/src/ament_lint/ament_copyright': AMENT_PREFIX_PATH=/home/locobot/Documents/kobuki/install CMAKE_PREFIX_PATH=/home/locobot/Documents/kobuki/install LD_LIBRARY_PATH=/home/locobot/Documents/kobuki/install/lib PATH=/home/locobot/Documents/kobuki/install/bin:${PATH} PYTHONPATH=/home/locobot/Documents/kobuki/build/ament_copyright/prefix_override:/home/locobot/.local/lib/python3.8/site-packages/colcon_core/task/python/colcon_distutils_commands:/home/locobot/Documents/kobuki/install/lib/python3.8/site-packages:/home/locobot/Documents/kobuki/install/lib/python3.8/site-packages /usr/bin/python3 -W ignore:setup.py install is deprecated -W ignore:easy_install command is deprecated setup.py egg_info --egg-base ../../../build/ament_copyright build --build-base /home/locobot/Documents/kobuki/build/ament_copyright/build install --record /home/locobot/Documents/kobuki/build/ament_copyright/install.log --single-version-externally-managed install_data
[1.776s] running egg_info
[1.777s] writing ../../../build/ament_copyright/ament_copyright.egg-info/PKG-INFO
[1.777s] writing dependency_links to ../../../build/ament_copyright/ament_copyright.egg-info/dependency_links.txt
[1.778s] writing entry points to ../../../build/ament_copyright/ament_copyright.egg-info/entry_points.txt
[1.778s] writing requirements to ../../../build/ament_copyright/ament_copyright.egg-info/requires.txt
[1.778s] writing top-level names to ../../../build/ament_copyright/ament_copyright.egg-info/top_level.txt
[1.911s] reading manifest file '../../../build/ament_copyright/ament_copyright.egg-info/SOURCES.txt'
[1.924s] writing manifest file '../../../build/ament_copyright/ament_copyright.egg-info/SOURCES.txt'
[1.925s] running build
[1.925s] running build_py
[1.927s] running install
[1.928s] running install_lib
[1.931s] running install_data
[1.932s] running install_egg_info
[1.949s] removing '/home/locobot/Documents/kobuki/install/lib/python3.8/site-packages/ament_copyright-0.9.8-py3.8.egg-info' (and everything under it)
[1.950s] Copying ../../../build/ament_copyright/ament_copyright.egg-info to /home/locobot/Documents/kobuki/install/lib/python3.8/site-packages/ament_copyright-0.9.8-py3.8.egg-info
[1.951s] running install_scripts
[2.020s] Installing ament_copyright script to /home/locobot/Documents/kobuki/install/bin
[2.020s] writing list of installed files to '/home/locobot/Documents/kobuki/build/ament_copyright/install.log'
[2.215s] Invoked command in '/home/locobot/Documents/kobuki/src/ament_lint/ament_copyright' returned '0': AMENT_PREFIX_PATH=/home/locobot/Documents/kobuki/install CMAKE_PREFIX_PATH=/home/locobot/Documents/kobuki/install LD_LIBRARY_PATH=/home/locobot/Documents/kobuki/install/lib PATH=/home/locobot/Documents/kobuki/install/bin:${PATH} PYTHONPATH=/home/locobot/Documents/kobuki/build/ament_copyright/prefix_override:/home/locobot/.local/lib/python3.8/site-packages/colcon_core/task/python/colcon_distutils_commands:/home/locobot/Documents/kobuki/install/lib/python3.8/site-packages:/home/locobot/Documents/kobuki/install/lib/python3.8/site-packages /usr/bin/python3 -W ignore:setup.py install is deprecated -W ignore:easy_install command is deprecated setup.py egg_info --egg-base ../../../build/ament_copyright build --build-base /home/locobot/Documents/kobuki/build/ament_copyright/build install --record /home/locobot/Documents/kobuki/build/ament_copyright/install.log --single-version-externally-managed install_data
