[0.174s] Invoking command in '/home/locobot/Documents/kobuki/build/ament_cmake_auto': AMENT_PREFIX_PATH=/home/locobot/Documents/kobuki/install CMAKE_PREFIX_PATH=/home/locobot/Documents/kobuki/install LD_LIBRARY_PATH=/home/locobot/Documents/kobuki/install/lib PATH=/home/locobot/Documents/kobuki/install/bin:${PATH} PYTHONPATH=/home/locobot/Documents/kobuki/install/lib/python3.8/site-packages /usr/bin/cmake /home/locobot/Documents/kobuki/src/ament_cmake/ament_cmake_auto -DBUILD_TESTING=OFF -DCMAKE_INSTALL_PREFIX=/home/locobot/Documents/kobuki/install
[0.187s] Re-run cmake no build system arguments
[0.190s] -- Found ament_cmake: 0.9.12 (/home/locobot/Documents/kobuki/install/share/ament_cmake/cmake)
[0.214s] -- Using PYTHON_EXECUTABLE: /usr/bin/python3
[0.648s] -- Configuring done
[0.669s] -- Generating done
[0.669s] -- Build files have been written to: /home/locobot/Documents/kobuki/build/ament_cmake_auto
[0.715s] Invoked command in '/home/locobot/Documents/kobuki/build/ament_cmake_auto' returned '0': AMENT_PREFIX_PATH=/home/locobot/Documents/kobuki/install CMAKE_PREFIX_PATH=/home/locobot/Documents/kobuki/install LD_LIBRARY_PATH=/home/locobot/Documents/kobuki/install/lib PATH=/home/locobot/Documents/kobuki/install/bin:${PATH} PYTHONPATH=/home/locobot/Documents/kobuki/install/lib/python3.8/site-packages /usr/bin/cmake /home/locobot/Documents/kobuki/src/ament_cmake/ament_cmake_auto -DBUILD_TESTING=OFF -DCMAKE_INSTALL_PREFIX=/home/locobot/Documents/kobuki/install
[0.716s] Invoking command in '/home/locobot/Documents/kobuki/build/ament_cmake_auto': AMENT_PREFIX_PATH=/home/locobot/Documents/kobuki/install CMAKE_PREFIX_PATH=/home/locobot/Documents/kobuki/install LD_LIBRARY_PATH=/home/locobot/Documents/kobuki/install/lib PATH=/home/locobot/Documents/kobuki/install/bin:${PATH} PYTHONPATH=/home/locobot/Documents/kobuki/install/lib/python3.8/site-packages /usr/bin/cmake --build /home/locobot/Documents/kobuki/build/ament_cmake_auto -- -j4 -l4
[0.729s] /usr/bin/cmake -S/home/locobot/Documents/kobuki/src/ament_cmake/ament_cmake_auto -B/home/locobot/Documents/kobuki/build/ament_cmake_auto --check-build-system CMakeFiles/Makefile.cmake 0
[0.742s] /usr/bin/cmake -E cmake_progress_start /home/locobot/Documents/kobuki/build/ament_cmake_auto/CMakeFiles /home/locobot/Documents/kobuki/build/ament_cmake_auto/CMakeFiles/progress.marks
[0.753s] /usr/bin/make -f CMakeFiles/Makefile2 all
[0.772s] make[1]: Entering directory '/home/locobot/Documents/kobuki/build/ament_cmake_auto'
[0.772s] make[1]: Nothing to be done for 'all'.
[0.772s] make[1]: Leaving directory '/home/locobot/Documents/kobuki/build/ament_cmake_auto'
[0.772s] /usr/bin/cmake -E cmake_progress_start /home/locobot/Documents/kobuki/build/ament_cmake_auto/CMakeFiles 0
[0.784s] Invoked command in '/home/locobot/Documents/kobuki/build/ament_cmake_auto' returned '0': AMENT_PREFIX_PATH=/home/locobot/Documents/kobuki/install CMAKE_PREFIX_PATH=/home/locobot/Documents/kobuki/install LD_LIBRARY_PATH=/home/locobot/Documents/kobuki/install/lib PATH=/home/locobot/Documents/kobuki/install/bin:${PATH} PYTHONPATH=/home/locobot/Documents/kobuki/install/lib/python3.8/site-packages /usr/bin/cmake --build /home/locobot/Documents/kobuki/build/ament_cmake_auto -- -j4 -l4
[0.785s] Invoking command in '/home/locobot/Documents/kobuki/build/ament_cmake_auto': AMENT_PREFIX_PATH=/home/locobot/Documents/kobuki/install CMAKE_PREFIX_PATH=/home/locobot/Documents/kobuki/install LD_LIBRARY_PATH=/home/locobot/Documents/kobuki/install/lib PATH=/home/locobot/Documents/kobuki/install/bin:${PATH} PYTHONPATH=/home/locobot/Documents/kobuki/install/lib/python3.8/site-packages /usr/bin/cmake --install /home/locobot/Documents/kobuki/build/ament_cmake_auto
[0.817s] -- Install configuration: ""
[0.817s] -- Up-to-date: /home/locobot/Documents/kobuki/install/share/ament_index/resource_index/package_run_dependencies/ament_cmake_auto
[0.818s] -- Up-to-date: /home/locobot/Documents/kobuki/install/share/ament_index/resource_index/parent_prefix_path/ament_cmake_auto
[0.837s] -- Up-to-date: /home/locobot/Documents/kobuki/install/share/ament_cmake_auto/environment/ament_prefix_path.sh
[0.837s] -- Installing: /home/locobot/Documents/kobuki/install/share/ament_cmake_auto/environment/ament_prefix_path.dsv
[0.837s] -- Up-to-date: /home/locobot/Documents/kobuki/install/share/ament_cmake_auto/environment/path.sh
[0.837s] -- Installing: /home/locobot/Documents/kobuki/install/share/ament_cmake_auto/environment/path.dsv
[0.837s] -- Up-to-date: /home/locobot/Documents/kobuki/install/share/ament_cmake_auto/local_setup.bash
[0.837s] -- Up-to-date: /home/locobot/Documents/kobuki/install/share/ament_cmake_auto/local_setup.sh
[0.838s] -- Up-to-date: /home/locobot/Documents/kobuki/install/share/ament_cmake_auto/local_setup.zsh
[0.838s] -- Installing: /home/locobot/Documents/kobuki/install/share/ament_cmake_auto/local_setup.dsv
[0.838s] -- Installing: /home/locobot/Documents/kobuki/install/share/ament_cmake_auto/package.dsv
[0.838s] -- Up-to-date: /home/locobot/Documents/kobuki/install/share/ament_index/resource_index/packages/ament_cmake_auto
[0.838s] -- Up-to-date: /home/locobot/Documents/kobuki/install/share/ament_cmake_auto/cmake/ament_cmake_auto-extras.cmake
[0.838s] -- Up-to-date: /home/locobot/Documents/kobuki/install/share/ament_cmake_auto/cmake/ament_cmake_autoConfig.cmake
[0.838s] -- Up-to-date: /home/locobot/Documents/kobuki/install/share/ament_cmake_auto/cmake/ament_cmake_autoConfig-version.cmake
[0.839s] -- Up-to-date: /home/locobot/Documents/kobuki/install/share/ament_cmake_auto/package.xml
[0.839s] -- Up-to-date: /home/locobot/Documents/kobuki/install/share/ament_cmake_auto/cmake
[0.839s] -- Up-to-date: /home/locobot/Documents/kobuki/install/share/ament_cmake_auto/cmake/ament_auto_add_executable.cmake
[0.839s] -- Up-to-date: /home/locobot/Documents/kobuki/install/share/ament_cmake_auto/cmake/ament_auto_add_library.cmake
[0.871s] -- Up-to-date: /home/locobot/Documents/kobuki/install/share/ament_cmake_auto/cmake/ament_auto_generate_code.cmake
[0.871s] -- Up-to-date: /home/locobot/Documents/kobuki/install/share/ament_cmake_auto/cmake/ament_auto_package.cmake
[0.872s] -- Up-to-date: /home/locobot/Documents/kobuki/install/share/ament_cmake_auto/cmake/ament_auto_find_build_dependencies.cmake
[0.872s] Invoked command in '/home/locobot/Documents/kobuki/build/ament_cmake_auto' returned '0': AMENT_PREFIX_PATH=/home/locobot/Documents/kobuki/install CMAKE_PREFIX_PATH=/home/locobot/Documents/kobuki/install LD_LIBRARY_PATH=/home/locobot/Documents/kobuki/install/lib PATH=/home/locobot/Documents/kobuki/install/bin:${PATH} PYTHONPATH=/home/locobot/Documents/kobuki/install/lib/python3.8/site-packages /usr/bin/cmake --install /home/locobot/Documents/kobuki/build/ament_cmake_auto
