-- The C compiler identification is GNU 9.4.0
-- The CXX compiler identification is GNU 9.4.0
-- Check for working C compiler: /usr/bin/cc
-- Check for working C compiler: /usr/bin/cc -- works
-- Detecting C compiler ABI info
-- Detecting C compiler ABI info - done
-- Detecting C compile features
-- Detecting C compile features - done
-- Check for working CXX compiler: /usr/bin/c++
-- Check for working CXX compiler: /usr/bin/c++ -- works
-- Detecting CXX compiler ABI info
-- Detecting CXX compiler ABI info - done
-- Detecting CXX compile features
-- Detecting CXX compile features - done
-- Found ament_cmake_ros: 0.9.2 (/home/locobot/Documents/kobuki/install/share/ament_cmake_ros/cmake)
-- Found PythonInterp: /usr/bin/python3 (found suitable version "3.8.10", minimum required is "3") 
-- Using PYTHON_EXECUTABLE: /usr/bin/python3
-- Found ecl_build: 1.0.3 (/home/locobot/Documents/kobuki/install/share/ecl_build/cmake)
-- Found ecl_config: 1.1.0 (/home/locobot/Documents/kobuki/install/share/ecl_config/cmake)
-- Found ecl_errors: 1.1.0 (/home/locobot/Documents/kobuki/install/share/ecl_errors/cmake)
-- Configuring done
-- Generating done
-- Build files have been written to: /home/locobot/Documents/kobuki/build/ecl_sigslots_lite
[35m[1mScanning dependencies of target demo_sigslots_lite[0m
[ 50%] [32mBuilding CXX object src/examples/CMakeFiles/demo_sigslots_lite.dir/sigslots.cpp.o[0m
[100%] [32m[1mLinking CXX executable demo_sigslots_lite[0m
[100%] Built target demo_sigslots_lite
-- Install configuration: ""
-- Installing: /home/locobot/Documents/kobuki/install/share/ament_index/resource_index/package_run_dependencies/ecl_sigslots_lite
-- Installing: /home/locobot/Documents/kobuki/install/share/ament_index/resource_index/parent_prefix_path/ecl_sigslots_lite
-- Installing: /home/locobot/Documents/kobuki/install/share/ecl_sigslots_lite/environment/ament_prefix_path.sh
-- Installing: /home/locobot/Documents/kobuki/install/share/ecl_sigslots_lite/environment/ament_prefix_path.dsv
-- Installing: /home/locobot/Documents/kobuki/install/share/ecl_sigslots_lite/environment/path.sh
-- Installing: /home/locobot/Documents/kobuki/install/share/ecl_sigslots_lite/environment/path.dsv
-- Installing: /home/locobot/Documents/kobuki/install/share/ecl_sigslots_lite/local_setup.bash
-- Installing: /home/locobot/Documents/kobuki/install/share/ecl_sigslots_lite/local_setup.sh
-- Installing: /home/locobot/Documents/kobuki/install/share/ecl_sigslots_lite/local_setup.zsh
-- Installing: /home/locobot/Documents/kobuki/install/share/ecl_sigslots_lite/local_setup.dsv
-- Installing: /home/locobot/Documents/kobuki/install/share/ecl_sigslots_lite/package.dsv
-- Installing: /home/locobot/Documents/kobuki/install/share/ament_index/resource_index/packages/ecl_sigslots_lite
-- Installing: /home/locobot/Documents/kobuki/install/share/ecl_sigslots_lite/cmake/ecl_sigslots_liteExport.cmake
-- Installing: /home/locobot/Documents/kobuki/install/share/ecl_sigslots_lite/cmake/ament_cmake_export_targets-extras.cmake
-- Installing: /home/locobot/Documents/kobuki/install/share/ecl_sigslots_lite/cmake/ament_cmake_export_include_directories-extras.cmake
-- Installing: /home/locobot/Documents/kobuki/install/share/ecl_sigslots_lite/cmake/ament_cmake_export_dependencies-extras.cmake
-- Installing: /home/locobot/Documents/kobuki/install/share/ecl_sigslots_lite/cmake/ecl_sigslots_liteConfig.cmake
-- Installing: /home/locobot/Documents/kobuki/install/share/ecl_sigslots_lite/cmake/ecl_sigslots_liteConfig-version.cmake
-- Installing: /home/locobot/Documents/kobuki/install/share/ecl_sigslots_lite/package.xml
-- Installing: /home/locobot/Documents/kobuki/install/include/ecl/sigslots_lite.hpp
-- Installing: /home/locobot/Documents/kobuki/install/include/ecl/sigslots_lite/connect.hpp
-- Installing: /home/locobot/Documents/kobuki/install/include/ecl/sigslots_lite/errors.hpp
-- Installing: /home/locobot/Documents/kobuki/install/include/ecl/sigslots_lite/managers.hpp
-- Installing: /home/locobot/Documents/kobuki/install/include/ecl/sigslots_lite/signal.hpp
-- Installing: /home/locobot/Documents/kobuki/install/include/ecl/sigslots_lite/slot.hpp
-- Installing: /home/locobot/Documents/kobuki/install/include/ecl/sigslots_lite/utilities.hpp
-- Installing: /home/locobot/Documents/kobuki/install/lib/ecl_sigslots_lite/demo_sigslots_lite
-- Set runtime path of "/home/locobot/Documents/kobuki/install/lib/ecl_sigslots_lite/demo_sigslots_lite" to ""
