[0.505s] Invoking command in '/home/locobot/Documents/kobuki/build/ecl_sigslots_lite': AMENT_PREFIX_PATH=/home/locobot/Documents/kobuki/install CMAKE_PREFIX_PATH=/home/locobot/Documents/kobuki/install LD_LIBRARY_PATH=/home/locobot/Documents/kobuki/install/lib PATH=/home/locobot/Documents/kobuki/install/bin:${PATH} PYTHONPATH=/home/locobot/Documents/kobuki/install/lib/python3.8/site-packages /usr/bin/cmake /home/locobot/Documents/kobuki/src/ecl_lite/ecl_sigslots_lite -DBUILD_TESTING=OFF -DCMAKE_INSTALL_PREFIX=/home/locobot/Documents/kobuki/install
[0.665s] -- The C compiler identification is GNU 9.4.0
[0.826s] -- The CXX compiler identification is GNU 9.4.0
[0.850s] -- Check for working C compiler: /usr/bin/cc
[1.061s] -- Check for working C compiler: /usr/bin/cc -- works
[1.066s] -- Detecting C compiler ABI info
[1.286s] -- Detecting C compiler ABI info - done
[1.326s] -- Detecting C compile features
[1.326s] -- Detecting C compile features - done
[1.338s] -- Check for working CXX compiler: /usr/bin/c++
[1.606s] -- Check for working CXX compiler: /usr/bin/c++ -- works
[1.607s] -- Detecting CXX compiler ABI info
[1.800s] -- Detecting CXX compiler ABI info - done
[1.859s] -- Detecting CXX compile features
[1.860s] -- Detecting CXX compile features - done
[1.862s] -- Found ament_cmake_ros: 0.9.2 (/home/locobot/Documents/kobuki/install/share/ament_cmake_ros/cmake)
[1.922s] -- Found PythonInterp: /usr/bin/python3 (found suitable version "3.8.10", minimum required is "3") 
[1.922s] -- Using PYTHON_EXECUTABLE: /usr/bin/python3
[2.287s] -- Found ecl_build: 1.0.3 (/home/locobot/Documents/kobuki/install/share/ecl_build/cmake)
[2.301s] -- Found ecl_config: 1.1.0 (/home/locobot/Documents/kobuki/install/share/ecl_config/cmake)
[2.301s] -- Found ecl_errors: 1.1.0 (/home/locobot/Documents/kobuki/install/share/ecl_errors/cmake)
[2.490s] -- Configuring done
[2.508s] -- Generating done
[2.508s] -- Build files have been written to: /home/locobot/Documents/kobuki/build/ecl_sigslots_lite
[2.537s] Invoked command in '/home/locobot/Documents/kobuki/build/ecl_sigslots_lite' returned '0': AMENT_PREFIX_PATH=/home/locobot/Documents/kobuki/install CMAKE_PREFIX_PATH=/home/locobot/Documents/kobuki/install LD_LIBRARY_PATH=/home/locobot/Documents/kobuki/install/lib PATH=/home/locobot/Documents/kobuki/install/bin:${PATH} PYTHONPATH=/home/locobot/Documents/kobuki/install/lib/python3.8/site-packages /usr/bin/cmake /home/locobot/Documents/kobuki/src/ecl_lite/ecl_sigslots_lite -DBUILD_TESTING=OFF -DCMAKE_INSTALL_PREFIX=/home/locobot/Documents/kobuki/install
[2.539s] Invoking command in '/home/locobot/Documents/kobuki/build/ecl_sigslots_lite': AMENT_PREFIX_PATH=/home/locobot/Documents/kobuki/install CMAKE_PREFIX_PATH=/home/locobot/Documents/kobuki/install LD_LIBRARY_PATH=/home/locobot/Documents/kobuki/install/lib PATH=/home/locobot/Documents/kobuki/install/bin:${PATH} PYTHONPATH=/home/locobot/Documents/kobuki/install/lib/python3.8/site-packages /usr/bin/cmake --build /home/locobot/Documents/kobuki/build/ecl_sigslots_lite -- -j4 -l4
[2.630s] [35m[1mScanning dependencies of target demo_sigslots_lite[0m
[2.678s] [ 50%] [32mBuilding CXX object src/examples/CMakeFiles/demo_sigslots_lite.dir/sigslots.cpp.o[0m
[3.402s] [100%] [32m[1mLinking CXX executable demo_sigslots_lite[0m
[3.636s] [100%] Built target demo_sigslots_lite
[3.726s] Invoked command in '/home/locobot/Documents/kobuki/build/ecl_sigslots_lite' returned '0': AMENT_PREFIX_PATH=/home/locobot/Documents/kobuki/install CMAKE_PREFIX_PATH=/home/locobot/Documents/kobuki/install LD_LIBRARY_PATH=/home/locobot/Documents/kobuki/install/lib PATH=/home/locobot/Documents/kobuki/install/bin:${PATH} PYTHONPATH=/home/locobot/Documents/kobuki/install/lib/python3.8/site-packages /usr/bin/cmake --build /home/locobot/Documents/kobuki/build/ecl_sigslots_lite -- -j4 -l4
[3.728s] Invoking command in '/home/locobot/Documents/kobuki/build/ecl_sigslots_lite': AMENT_PREFIX_PATH=/home/locobot/Documents/kobuki/install CMAKE_PREFIX_PATH=/home/locobot/Documents/kobuki/install LD_LIBRARY_PATH=/home/locobot/Documents/kobuki/install/lib PATH=/home/locobot/Documents/kobuki/install/bin:${PATH} PYTHONPATH=/home/locobot/Documents/kobuki/install/lib/python3.8/site-packages /usr/bin/cmake --install /home/locobot/Documents/kobuki/build/ecl_sigslots_lite
[3.785s] -- Install configuration: ""
[3.785s] -- Installing: /home/locobot/Documents/kobuki/install/share/ament_index/resource_index/package_run_dependencies/ecl_sigslots_lite
[3.786s] -- Installing: /home/locobot/Documents/kobuki/install/share/ament_index/resource_index/parent_prefix_path/ecl_sigslots_lite
[3.788s] -- Installing: /home/locobot/Documents/kobuki/install/share/ecl_sigslots_lite/environment/ament_prefix_path.sh
[3.788s] -- Installing: /home/locobot/Documents/kobuki/install/share/ecl_sigslots_lite/environment/ament_prefix_path.dsv
[3.789s] -- Installing: /home/locobot/Documents/kobuki/install/share/ecl_sigslots_lite/environment/path.sh
[3.789s] -- Installing: /home/locobot/Documents/kobuki/install/share/ecl_sigslots_lite/environment/path.dsv
[3.789s] -- Installing: /home/locobot/Documents/kobuki/install/share/ecl_sigslots_lite/local_setup.bash
[3.789s] -- Installing: /home/locobot/Documents/kobuki/install/share/ecl_sigslots_lite/local_setup.sh
[3.789s] -- Installing: /home/locobot/Documents/kobuki/install/share/ecl_sigslots_lite/local_setup.zsh
[3.789s] -- Installing: /home/locobot/Documents/kobuki/install/share/ecl_sigslots_lite/local_setup.dsv
[3.794s] -- Installing: /home/locobot/Documents/kobuki/install/share/ecl_sigslots_lite/package.dsv
[3.794s] -- Installing: /home/locobot/Documents/kobuki/install/share/ament_index/resource_index/packages/ecl_sigslots_lite
[3.794s] -- Installing: /home/locobot/Documents/kobuki/install/share/ecl_sigslots_lite/cmake/ecl_sigslots_liteExport.cmake
[3.794s] -- Installing: /home/locobot/Documents/kobuki/install/share/ecl_sigslots_lite/cmake/ament_cmake_export_targets-extras.cmake
[3.794s] -- Installing: /home/locobot/Documents/kobuki/install/share/ecl_sigslots_lite/cmake/ament_cmake_export_include_directories-extras.cmake
[3.794s] -- Installing: /home/locobot/Documents/kobuki/install/share/ecl_sigslots_lite/cmake/ament_cmake_export_dependencies-extras.cmake
[3.795s] -- Installing: /home/locobot/Documents/kobuki/install/share/ecl_sigslots_lite/cmake/ecl_sigslots_liteConfig.cmake
[3.795s] -- Installing: /home/locobot/Documents/kobuki/install/share/ecl_sigslots_lite/cmake/ecl_sigslots_liteConfig-version.cmake
[3.795s] -- Installing: /home/locobot/Documents/kobuki/install/share/ecl_sigslots_lite/package.xml
[3.795s] -- Installing: /home/locobot/Documents/kobuki/install/include/ecl/sigslots_lite.hpp
[3.795s] -- Installing: /home/locobot/Documents/kobuki/install/include/ecl/sigslots_lite/connect.hpp
[3.795s] -- Installing: /home/locobot/Documents/kobuki/install/include/ecl/sigslots_lite/errors.hpp
[3.795s] -- Installing: /home/locobot/Documents/kobuki/install/include/ecl/sigslots_lite/managers.hpp
[3.796s] -- Installing: /home/locobot/Documents/kobuki/install/include/ecl/sigslots_lite/signal.hpp
[3.796s] -- Installing: /home/locobot/Documents/kobuki/install/include/ecl/sigslots_lite/slot.hpp
[3.796s] -- Installing: /home/locobot/Documents/kobuki/install/include/ecl/sigslots_lite/utilities.hpp
[3.797s] -- Installing: /home/locobot/Documents/kobuki/install/lib/ecl_sigslots_lite/demo_sigslots_lite
[3.798s] -- Set runtime path of "/home/locobot/Documents/kobuki/install/lib/ecl_sigslots_lite/demo_sigslots_lite" to ""
[3.826s] Invoked command in '/home/locobot/Documents/kobuki/build/ecl_sigslots_lite' returned '0': AMENT_PREFIX_PATH=/home/locobot/Documents/kobuki/install CMAKE_PREFIX_PATH=/home/locobot/Documents/kobuki/install LD_LIBRARY_PATH=/home/locobot/Documents/kobuki/install/lib PATH=/home/locobot/Documents/kobuki/install/bin:${PATH} PYTHONPATH=/home/locobot/Documents/kobuki/install/lib/python3.8/site-packages /usr/bin/cmake --install /home/locobot/Documents/kobuki/build/ecl_sigslots_lite
