Re-run cmake no build system arguments
-- Found ament_cmake_core: 0.9.12 (/home/locobot/Documents/kobuki/install/share/ament_cmake_core/cmake)
-- Using PYTHON_EXECUTABLE: /usr/bin/python3
-- Configuring done
-- Generating done
-- Build files have been written to: /home/locobot/Documents/kobuki/build/ament_cmake_python
/usr/bin/cmake -S/home/locobot/Documents/kobuki/src/ament_cmake/ament_cmake_python -B/home/locobot/Documents/kobuki/build/ament_cmake_python --check-build-system CMakeFiles/Makefile.cmake 0
/usr/bin/cmake -E cmake_progress_start /home/locobot/Documents/kobuki/build/ament_cmake_python/CMakeFiles /home/locobot/Documents/kobuki/build/ament_cmake_python/CMakeFiles/progress.marks
/usr/bin/make -f CMakeFiles/Makefile2 all
make[1]: Entering directory '/home/locobot/Documents/kobuki/build/ament_cmake_python'
make[1]: Nothing to be done for 'all'.
make[1]: Leaving directory '/home/locobot/Documents/kobuki/build/ament_cmake_python'
/usr/bin/cmake -E cmake_progress_start /home/locobot/Documents/kobuki/build/ament_cmake_python/CMakeFiles 0
-- Install configuration: ""
-- Up-to-date: /home/locobot/Documents/kobuki/install/share/ament_index/resource_index/package_run_dependencies/ament_cmake_python
-- Up-to-date: /home/locobot/Documents/kobuki/install/share/ament_index/resource_index/parent_prefix_path/ament_cmake_python
-- Up-to-date: /home/locobot/Documents/kobuki/install/share/ament_cmake_python/environment/ament_prefix_path.sh
-- Installing: /home/locobot/Documents/kobuki/install/share/ament_cmake_python/environment/ament_prefix_path.dsv
-- Up-to-date: /home/locobot/Documents/kobuki/install/share/ament_cmake_python/environment/path.sh
-- Installing: /home/locobot/Documents/kobuki/install/share/ament_cmake_python/environment/path.dsv
-- Up-to-date: /home/locobot/Documents/kobuki/install/share/ament_cmake_python/local_setup.bash
-- Up-to-date: /home/locobot/Documents/kobuki/install/share/ament_cmake_python/local_setup.sh
-- Up-to-date: /home/locobot/Documents/kobuki/install/share/ament_cmake_python/local_setup.zsh
-- Installing: /home/locobot/Documents/kobuki/install/share/ament_cmake_python/local_setup.dsv
-- Installing: /home/locobot/Documents/kobuki/install/share/ament_cmake_python/package.dsv
-- Up-to-date: /home/locobot/Documents/kobuki/install/share/ament_index/resource_index/packages/ament_cmake_python
-- Up-to-date: /home/locobot/Documents/kobuki/install/share/ament_cmake_python/cmake/ament_cmake_python-extras.cmake
-- Up-to-date: /home/locobot/Documents/kobuki/install/share/ament_cmake_python/cmake/ament_cmake_pythonConfig.cmake
-- Up-to-date: /home/locobot/Documents/kobuki/install/share/ament_cmake_python/cmake/ament_cmake_pythonConfig-version.cmake
-- Up-to-date: /home/locobot/Documents/kobuki/install/share/ament_cmake_python/package.xml
-- Up-to-date: /home/locobot/Documents/kobuki/install/share/ament_cmake_python/cmake
-- Up-to-date: /home/locobot/Documents/kobuki/install/share/ament_cmake_python/cmake/ament_python_install_package.cmake
-- Up-to-date: /home/locobot/Documents/kobuki/install/share/ament_cmake_python/cmake/ament_python_install_module.cmake
