[0.110s] Invoking command in '/home/locobot/Documents/kobuki/build/ament_cmake_python': AMENT_PREFIX_PATH=/home/locobot/Documents/kobuki/install CMAKE_PREFIX_PATH=/home/locobot/Documents/kobuki/install LD_LIBRARY_PATH=/home/locobot/Documents/kobuki/install/lib PATH=/home/locobot/Documents/kobuki/install/bin:${PATH} PYTHONPATH=/home/locobot/Documents/kobuki/install/lib/python3.8/site-packages /usr/bin/cmake /home/locobot/Documents/kobuki/src/ament_cmake/ament_cmake_python -DBUILD_TESTING=OFF -DCMAKE_INSTALL_PREFIX=/home/locobot/Documents/kobuki/install
[0.142s] Re-run cmake no build system arguments
[0.145s] -- Found ament_cmake_core: 0.9.12 (/home/locobot/Documents/kobuki/install/share/ament_cmake_core/cmake)
[0.172s] -- Using PYTHON_EXECUTABLE: /usr/bin/python3
[0.556s] -- Configuring done
[0.557s] -- Generating done
[0.557s] -- Build files have been written to: /home/locobot/Documents/kobuki/build/ament_cmake_python
[0.558s] Invoked command in '/home/locobot/Documents/kobuki/build/ament_cmake_python' returned '0': AMENT_PREFIX_PATH=/home/locobot/Documents/kobuki/install CMAKE_PREFIX_PATH=/home/locobot/Documents/kobuki/install LD_LIBRARY_PATH=/home/locobot/Documents/kobuki/install/lib PATH=/home/locobot/Documents/kobuki/install/bin:${PATH} PYTHONPATH=/home/locobot/Documents/kobuki/install/lib/python3.8/site-packages /usr/bin/cmake /home/locobot/Documents/kobuki/src/ament_cmake/ament_cmake_python -DBUILD_TESTING=OFF -DCMAKE_INSTALL_PREFIX=/home/locobot/Documents/kobuki/install
[0.559s] Invoking command in '/home/locobot/Documents/kobuki/build/ament_cmake_python': AMENT_PREFIX_PATH=/home/locobot/Documents/kobuki/install CMAKE_PREFIX_PATH=/home/locobot/Documents/kobuki/install LD_LIBRARY_PATH=/home/locobot/Documents/kobuki/install/lib PATH=/home/locobot/Documents/kobuki/install/bin:${PATH} PYTHONPATH=/home/locobot/Documents/kobuki/install/lib/python3.8/site-packages /usr/bin/cmake --build /home/locobot/Documents/kobuki/build/ament_cmake_python -- -j4 -l4
[0.634s] /usr/bin/cmake -S/home/locobot/Documents/kobuki/src/ament_cmake/ament_cmake_python -B/home/locobot/Documents/kobuki/build/ament_cmake_python --check-build-system CMakeFiles/Makefile.cmake 0
[0.702s] /usr/bin/cmake -E cmake_progress_start /home/locobot/Documents/kobuki/build/ament_cmake_python/CMakeFiles /home/locobot/Documents/kobuki/build/ament_cmake_python/CMakeFiles/progress.marks
[0.744s] /usr/bin/make -f CMakeFiles/Makefile2 all
[0.766s] make[1]: Entering directory '/home/locobot/Documents/kobuki/build/ament_cmake_python'
[0.766s] make[1]: Nothing to be done for 'all'.
[0.766s] make[1]: Leaving directory '/home/locobot/Documents/kobuki/build/ament_cmake_python'
[0.766s] /usr/bin/cmake -E cmake_progress_start /home/locobot/Documents/kobuki/build/ament_cmake_python/CMakeFiles 0
[0.802s] Invoked command in '/home/locobot/Documents/kobuki/build/ament_cmake_python' returned '0': AMENT_PREFIX_PATH=/home/locobot/Documents/kobuki/install CMAKE_PREFIX_PATH=/home/locobot/Documents/kobuki/install LD_LIBRARY_PATH=/home/locobot/Documents/kobuki/install/lib PATH=/home/locobot/Documents/kobuki/install/bin:${PATH} PYTHONPATH=/home/locobot/Documents/kobuki/install/lib/python3.8/site-packages /usr/bin/cmake --build /home/locobot/Documents/kobuki/build/ament_cmake_python -- -j4 -l4
[0.803s] Invoking command in '/home/locobot/Documents/kobuki/build/ament_cmake_python': AMENT_PREFIX_PATH=/home/locobot/Documents/kobuki/install CMAKE_PREFIX_PATH=/home/locobot/Documents/kobuki/install LD_LIBRARY_PATH=/home/locobot/Documents/kobuki/install/lib PATH=/home/locobot/Documents/kobuki/install/bin:${PATH} PYTHONPATH=/home/locobot/Documents/kobuki/install/lib/python3.8/site-packages /usr/bin/cmake --install /home/locobot/Documents/kobuki/build/ament_cmake_python
[0.846s] -- Install configuration: ""
[0.847s] -- Up-to-date: /home/locobot/Documents/kobuki/install/share/ament_index/resource_index/package_run_dependencies/ament_cmake_python
[0.847s] -- Up-to-date: /home/locobot/Documents/kobuki/install/share/ament_index/resource_index/parent_prefix_path/ament_cmake_python
[0.847s] -- Up-to-date: /home/locobot/Documents/kobuki/install/share/ament_cmake_python/environment/ament_prefix_path.sh
[0.848s] -- Installing: /home/locobot/Documents/kobuki/install/share/ament_cmake_python/environment/ament_prefix_path.dsv
[0.848s] -- Up-to-date: /home/locobot/Documents/kobuki/install/share/ament_cmake_python/environment/path.sh
[0.860s] -- Installing: /home/locobot/Documents/kobuki/install/share/ament_cmake_python/environment/path.dsv
[0.860s] -- Up-to-date: /home/locobot/Documents/kobuki/install/share/ament_cmake_python/local_setup.bash
[0.860s] -- Up-to-date: /home/locobot/Documents/kobuki/install/share/ament_cmake_python/local_setup.sh
[0.861s] -- Up-to-date: /home/locobot/Documents/kobuki/install/share/ament_cmake_python/local_setup.zsh
[0.861s] -- Installing: /home/locobot/Documents/kobuki/install/share/ament_cmake_python/local_setup.dsv
[0.865s] -- Installing: /home/locobot/Documents/kobuki/install/share/ament_cmake_python/package.dsv
[0.868s] -- Up-to-date: /home/locobot/Documents/kobuki/install/share/ament_index/resource_index/packages/ament_cmake_python
[0.868s] -- Up-to-date: /home/locobot/Documents/kobuki/install/share/ament_cmake_python/cmake/ament_cmake_python-extras.cmake
[0.884s] -- Up-to-date: /home/locobot/Documents/kobuki/install/share/ament_cmake_python/cmake/ament_cmake_pythonConfig.cmake
[0.884s] -- Up-to-date: /home/locobot/Documents/kobuki/install/share/ament_cmake_python/cmake/ament_cmake_pythonConfig-version.cmake
[0.884s] -- Up-to-date: /home/locobot/Documents/kobuki/install/share/ament_cmake_python/package.xml
[0.884s] -- Up-to-date: /home/locobot/Documents/kobuki/install/share/ament_cmake_python/cmake
[0.885s] -- Up-to-date: /home/locobot/Documents/kobuki/install/share/ament_cmake_python/cmake/ament_python_install_package.cmake
[0.885s] -- Up-to-date: /home/locobot/Documents/kobuki/install/share/ament_cmake_python/cmake/ament_python_install_module.cmake
[0.885s] Invoked command in '/home/locobot/Documents/kobuki/build/ament_cmake_python' returned '0': AMENT_PREFIX_PATH=/home/locobot/Documents/kobuki/install CMAKE_PREFIX_PATH=/home/locobot/Documents/kobuki/install LD_LIBRARY_PATH=/home/locobot/Documents/kobuki/install/lib PATH=/home/locobot/Documents/kobuki/install/bin:${PATH} PYTHONPATH=/home/locobot/Documents/kobuki/install/lib/python3.8/site-packages /usr/bin/cmake --install /home/locobot/Documents/kobuki/build/ament_cmake_python
