[0.371s] Invoking command in '/home/locobot/Documents/kobuki/build/ecl_concepts': AMENT_PREFIX_PATH=/home/locobot/Documents/kobuki/install CMAKE_PREFIX_PATH=/home/locobot/Documents/kobuki/install LD_LIBRARY_PATH=/home/locobot/Documents/kobuki/install/lib PATH=/home/locobot/Documents/kobuki/install/bin:${PATH} PYTHONPATH=/home/locobot/Documents/kobuki/install/lib/python3.8/site-packages /usr/bin/cmake /home/locobot/Documents/kobuki/src/ecl_core/ecl_concepts -DBUILD_TESTING=OFF -DCMAKE_INSTALL_PREFIX=/home/locobot/Documents/kobuki/install
[0.573s] -- The C compiler identification is GNU 9.4.0
[0.714s] -- The CXX compiler identification is GNU 9.4.0
[0.738s] -- Check for working C compiler: /usr/bin/cc
[0.949s] -- Check for working C compiler: /usr/bin/cc -- works
[0.967s] -- Detecting C compiler ABI info
[1.315s] -- Detecting C compiler ABI info - done
[1.376s] -- Detecting C compile features
[1.383s] -- Detecting C compile features - done
[1.383s] -- Check for working CXX compiler: /usr/bin/c++
[1.761s] -- Check for working CXX compiler: /usr/bin/c++ -- works
[1.761s] -- Detecting CXX compiler ABI info
[2.106s] -- Detecting CXX compiler ABI info - done
[2.199s] -- Detecting CXX compile features
[2.200s] -- Detecting CXX compile features - done
[2.202s] -- Found ament_cmake_ros: 0.9.2 (/home/locobot/Documents/kobuki/install/share/ament_cmake_ros/cmake)
[2.254s] -- Found PythonInterp: /usr/bin/python3 (found suitable version "3.8.10", minimum required is "3") 
[2.254s] -- Using PYTHON_EXECUTABLE: /usr/bin/python3
[2.573s] -- Found ecl_build: 1.0.3 (/home/locobot/Documents/kobuki/install/share/ecl_build/cmake)
[2.587s] -- Found ecl_config: 1.1.0 (/home/locobot/Documents/kobuki/install/share/ecl_config/cmake)
[2.590s] -- Found ecl_type_traits: 1.2.1 (/home/locobot/Documents/kobuki/install/share/ecl_type_traits/cmake)
[2.794s] -- Configuring done
[2.815s] -- Generating done
[2.822s] -- Build files have been written to: /home/locobot/Documents/kobuki/build/ecl_concepts
[2.844s] Invoked command in '/home/locobot/Documents/kobuki/build/ecl_concepts' returned '0': AMENT_PREFIX_PATH=/home/locobot/Documents/kobuki/install CMAKE_PREFIX_PATH=/home/locobot/Documents/kobuki/install LD_LIBRARY_PATH=/home/locobot/Documents/kobuki/install/lib PATH=/home/locobot/Documents/kobuki/install/bin:${PATH} PYTHONPATH=/home/locobot/Documents/kobuki/install/lib/python3.8/site-packages /usr/bin/cmake /home/locobot/Documents/kobuki/src/ecl_core/ecl_concepts -DBUILD_TESTING=OFF -DCMAKE_INSTALL_PREFIX=/home/locobot/Documents/kobuki/install
[2.845s] Invoking command in '/home/locobot/Documents/kobuki/build/ecl_concepts': AMENT_PREFIX_PATH=/home/locobot/Documents/kobuki/install CMAKE_PREFIX_PATH=/home/locobot/Documents/kobuki/install LD_LIBRARY_PATH=/home/locobot/Documents/kobuki/install/lib PATH=/home/locobot/Documents/kobuki/install/bin:${PATH} PYTHONPATH=/home/locobot/Documents/kobuki/install/lib/python3.8/site-packages /usr/bin/cmake --build /home/locobot/Documents/kobuki/build/ecl_concepts -- -j4 -l4
[2.980s] Invoked command in '/home/locobot/Documents/kobuki/build/ecl_concepts' returned '0': AMENT_PREFIX_PATH=/home/locobot/Documents/kobuki/install CMAKE_PREFIX_PATH=/home/locobot/Documents/kobuki/install LD_LIBRARY_PATH=/home/locobot/Documents/kobuki/install/lib PATH=/home/locobot/Documents/kobuki/install/bin:${PATH} PYTHONPATH=/home/locobot/Documents/kobuki/install/lib/python3.8/site-packages /usr/bin/cmake --build /home/locobot/Documents/kobuki/build/ecl_concepts -- -j4 -l4
[2.985s] Invoking command in '/home/locobot/Documents/kobuki/build/ecl_concepts': AMENT_PREFIX_PATH=/home/locobot/Documents/kobuki/install CMAKE_PREFIX_PATH=/home/locobot/Documents/kobuki/install LD_LIBRARY_PATH=/home/locobot/Documents/kobuki/install/lib PATH=/home/locobot/Documents/kobuki/install/bin:${PATH} PYTHONPATH=/home/locobot/Documents/kobuki/install/lib/python3.8/site-packages /usr/bin/cmake --install /home/locobot/Documents/kobuki/build/ecl_concepts
[3.018s] -- Install configuration: ""
[3.019s] -- Installing: /home/locobot/Documents/kobuki/install/share/ament_index/resource_index/package_run_dependencies/ecl_concepts
[3.021s] -- Installing: /home/locobot/Documents/kobuki/install/share/ament_index/resource_index/parent_prefix_path/ecl_concepts
[3.024s] -- Installing: /home/locobot/Documents/kobuki/install/share/ecl_concepts/environment/ament_prefix_path.sh
[3.026s] -- Installing: /home/locobot/Documents/kobuki/install/share/ecl_concepts/environment/ament_prefix_path.dsv
[3.027s] -- Installing: /home/locobot/Documents/kobuki/install/share/ecl_concepts/environment/path.sh
[3.029s] -- Installing: /home/locobot/Documents/kobuki/install/share/ecl_concepts/environment/path.dsv
[3.030s] -- Installing: /home/locobot/Documents/kobuki/install/share/ecl_concepts/local_setup.bash
[3.032s] -- Installing: /home/locobot/Documents/kobuki/install/share/ecl_concepts/local_setup.sh
[3.033s] -- Installing: /home/locobot/Documents/kobuki/install/share/ecl_concepts/local_setup.zsh
[3.035s] -- Installing: /home/locobot/Documents/kobuki/install/share/ecl_concepts/local_setup.dsv
[3.036s] -- Installing: /home/locobot/Documents/kobuki/install/share/ecl_concepts/package.dsv
[3.037s] -- Installing: /home/locobot/Documents/kobuki/install/share/ament_index/resource_index/packages/ecl_concepts
[3.038s] -- Installing: /home/locobot/Documents/kobuki/install/share/ecl_concepts/cmake/ecl_conceptsExport.cmake
[3.039s] -- Installing: /home/locobot/Documents/kobuki/install/share/ecl_concepts/cmake/ament_cmake_export_targets-extras.cmake
[3.041s] -- Installing: /home/locobot/Documents/kobuki/install/share/ecl_concepts/cmake/ament_cmake_export_include_directories-extras.cmake
[3.043s] -- Installing: /home/locobot/Documents/kobuki/install/share/ecl_concepts/cmake/ament_cmake_export_dependencies-extras.cmake
[3.045s] -- Installing: /home/locobot/Documents/kobuki/install/share/ecl_concepts/cmake/ecl_conceptsConfig.cmake
[3.046s] -- Installing: /home/locobot/Documents/kobuki/install/share/ecl_concepts/cmake/ecl_conceptsConfig-version.cmake
[3.047s] -- Installing: /home/locobot/Documents/kobuki/install/share/ecl_concepts/package.xml
[3.050s] -- Installing: /home/locobot/Documents/kobuki/install/include/ecl/concepts.hpp
[3.053s] -- Installing: /home/locobot/Documents/kobuki/install/include/ecl/concepts/blueprints.hpp
[3.054s] -- Installing: /home/locobot/Documents/kobuki/install/include/ecl/concepts/containers.hpp
[3.056s] -- Installing: /home/locobot/Documents/kobuki/install/include/ecl/concepts/devices.hpp
[3.059s] -- Installing: /home/locobot/Documents/kobuki/install/include/ecl/concepts/macros.hpp
[3.060s] -- Installing: /home/locobot/Documents/kobuki/install/include/ecl/concepts/nullary_function.hpp
[3.061s] -- Installing: /home/locobot/Documents/kobuki/install/include/ecl/concepts/streams.hpp
[3.092s] Invoked command in '/home/locobot/Documents/kobuki/build/ecl_concepts' returned '0': AMENT_PREFIX_PATH=/home/locobot/Documents/kobuki/install CMAKE_PREFIX_PATH=/home/locobot/Documents/kobuki/install LD_LIBRARY_PATH=/home/locobot/Documents/kobuki/install/lib PATH=/home/locobot/Documents/kobuki/install/bin:${PATH} PYTHONPATH=/home/locobot/Documents/kobuki/install/lib/python3.8/site-packages /usr/bin/cmake --install /home/locobot/Documents/kobuki/build/ecl_concepts
