[0.145s] Invoking command in '/home/locobot/Documents/kobuki/build/ament_cmake_export_include_directories': AMENT_PREFIX_PATH=/home/locobot/Documents/kobuki/install CMAKE_PREFIX_PATH=/home/locobot/Documents/kobuki/install PATH=/home/locobot/Documents/kobuki/install/bin:${PATH} PYTHONPATH=/home/locobot/Documents/kobuki/install/lib/python3.8/site-packages /usr/bin/cmake /home/locobot/Documents/kobuki/src/ament_cmake/ament_cmake_export_include_directories -DBUILD_TESTING=OFF -DCMAKE_INSTALL_PREFIX=/home/locobot/Documents/kobuki/install
[0.265s] -- Found ament_cmake_core: 0.9.12 (/home/locobot/Documents/kobuki/install/share/ament_cmake_core/cmake)
[0.305s] -- Found PythonInterp: /usr/bin/python3 (found suitable version "3.8.10", minimum required is "3") 
[0.318s] -- Using PYTHON_EXECUTABLE: /usr/bin/python3
[0.931s] -- Configuring done
[0.951s] -- Generating done
[0.951s] -- Build files have been written to: /home/locobot/Documents/kobuki/build/ament_cmake_export_include_directories
[1.383s] Invoked command in '/home/locobot/Documents/kobuki/build/ament_cmake_export_include_directories' returned '0': AMENT_PREFIX_PATH=/home/locobot/Documents/kobuki/install CMAKE_PREFIX_PATH=/home/locobot/Documents/kobuki/install PATH=/home/locobot/Documents/kobuki/install/bin:${PATH} PYTHONPATH=/home/locobot/Documents/kobuki/install/lib/python3.8/site-packages /usr/bin/cmake /home/locobot/Documents/kobuki/src/ament_cmake/ament_cmake_export_include_directories -DBUILD_TESTING=OFF -DCMAKE_INSTALL_PREFIX=/home/locobot/Documents/kobuki/install
[1.420s] Invoking command in '/home/locobot/Documents/kobuki/build/ament_cmake_export_include_directories': AMENT_PREFIX_PATH=/home/locobot/Documents/kobuki/install CMAKE_PREFIX_PATH=/home/locobot/Documents/kobuki/install PATH=/home/locobot/Documents/kobuki/install/bin:${PATH} PYTHONPATH=/home/locobot/Documents/kobuki/install/lib/python3.8/site-packages /usr/bin/cmake --build /home/locobot/Documents/kobuki/build/ament_cmake_export_include_directories -- -j4 -l4
[1.520s] Invoked command in '/home/locobot/Documents/kobuki/build/ament_cmake_export_include_directories' returned '0': AMENT_PREFIX_PATH=/home/locobot/Documents/kobuki/install CMAKE_PREFIX_PATH=/home/locobot/Documents/kobuki/install PATH=/home/locobot/Documents/kobuki/install/bin:${PATH} PYTHONPATH=/home/locobot/Documents/kobuki/install/lib/python3.8/site-packages /usr/bin/cmake --build /home/locobot/Documents/kobuki/build/ament_cmake_export_include_directories -- -j4 -l4
[1.522s] Invoking command in '/home/locobot/Documents/kobuki/build/ament_cmake_export_include_directories': AMENT_PREFIX_PATH=/home/locobot/Documents/kobuki/install CMAKE_PREFIX_PATH=/home/locobot/Documents/kobuki/install PATH=/home/locobot/Documents/kobuki/install/bin:${PATH} PYTHONPATH=/home/locobot/Documents/kobuki/install/lib/python3.8/site-packages /usr/bin/cmake --install /home/locobot/Documents/kobuki/build/ament_cmake_export_include_directories
[1.549s] -- Install configuration: ""
[1.550s] -- Installing: /home/locobot/Documents/kobuki/install/share/ament_index/resource_index/package_run_dependencies/ament_cmake_export_include_directories
[1.550s] -- Installing: /home/locobot/Documents/kobuki/install/share/ament_index/resource_index/parent_prefix_path/ament_cmake_export_include_directories
[1.550s] -- Installing: /home/locobot/Documents/kobuki/install/share/ament_cmake_export_include_directories/environment/ament_prefix_path.sh
[1.550s] -- Installing: /home/locobot/Documents/kobuki/install/share/ament_cmake_export_include_directories/environment/ament_prefix_path.dsv
[1.551s] -- Installing: /home/locobot/Documents/kobuki/install/share/ament_cmake_export_include_directories/environment/path.sh
[1.551s] -- Installing: /home/locobot/Documents/kobuki/install/share/ament_cmake_export_include_directories/environment/path.dsv
[1.551s] -- Installing: /home/locobot/Documents/kobuki/install/share/ament_cmake_export_include_directories/local_setup.bash
[1.551s] -- Installing: /home/locobot/Documents/kobuki/install/share/ament_cmake_export_include_directories/local_setup.sh
[1.551s] -- Installing: /home/locobot/Documents/kobuki/install/share/ament_cmake_export_include_directories/local_setup.zsh
[1.552s] -- Installing: /home/locobot/Documents/kobuki/install/share/ament_cmake_export_include_directories/local_setup.dsv
[1.552s] -- Installing: /home/locobot/Documents/kobuki/install/share/ament_cmake_export_include_directories/package.dsv
[1.568s] -- Installing: /home/locobot/Documents/kobuki/install/share/ament_index/resource_index/packages/ament_cmake_export_include_directories
[1.569s] -- Installing: /home/locobot/Documents/kobuki/install/share/ament_cmake_export_include_directories/cmake/ament_cmake_export_include_directories-extras.cmake
[1.569s] -- Installing: /home/locobot/Documents/kobuki/install/share/ament_cmake_export_include_directories/cmake/ament_cmake_export_include_directoriesConfig.cmake
[1.569s] -- Installing: /home/locobot/Documents/kobuki/install/share/ament_cmake_export_include_directories/cmake/ament_cmake_export_include_directoriesConfig-version.cmake
[1.569s] -- Installing: /home/locobot/Documents/kobuki/install/share/ament_cmake_export_include_directories/package.xml
[1.569s] -- Up-to-date: /home/locobot/Documents/kobuki/install/share/ament_cmake_export_include_directories/cmake
[1.569s] -- Installing: /home/locobot/Documents/kobuki/install/share/ament_cmake_export_include_directories/cmake/ament_export_include_directories.cmake
[1.569s] -- Installing: /home/locobot/Documents/kobuki/install/share/ament_cmake_export_include_directories/cmake/ament_cmake_export_include_directories_package_hook.cmake
[1.570s] -- Installing: /home/locobot/Documents/kobuki/install/share/ament_cmake_export_include_directories/cmake/ament_cmake_export_include_directories-extras.cmake.in
[1.596s] Invoked command in '/home/locobot/Documents/kobuki/build/ament_cmake_export_include_directories' returned '0': AMENT_PREFIX_PATH=/home/locobot/Documents/kobuki/install CMAKE_PREFIX_PATH=/home/locobot/Documents/kobuki/install PATH=/home/locobot/Documents/kobuki/install/bin:${PATH} PYTHONPATH=/home/locobot/Documents/kobuki/install/lib/python3.8/site-packages /usr/bin/cmake --install /home/locobot/Documents/kobuki/build/ament_cmake_export_include_directories
