running egg_info
creating ../../../build/ament_clang_tidy/ament_clang_tidy.egg-info
writing ../../../build/ament_clang_tidy/ament_clang_tidy.egg-info/PKG-INFO
writing dependency_links to ../../../build/ament_clang_tidy/ament_clang_tidy.egg-info/dependency_links.txt
writing entry points to ../../../build/ament_clang_tidy/ament_clang_tidy.egg-info/entry_points.txt
writing requirements to ../../../build/ament_clang_tidy/ament_clang_tidy.egg-info/requires.txt
writing top-level names to ../../../build/ament_clang_tidy/ament_clang_tidy.egg-info/top_level.txt
writing manifest file '../../../build/ament_clang_tidy/ament_clang_tidy.egg-info/SOURCES.txt'
reading manifest file '../../../build/ament_clang_tidy/ament_clang_tidy.egg-info/SOURCES.txt'
writing manifest file '../../../build/ament_clang_tidy/ament_clang_tidy.egg-info/SOURCES.txt'
running build
running build_py
creating /home/locobot/Documents/kobuki/build/ament_clang_tidy/build
creating /home/locobot/Documents/kobuki/build/ament_clang_tidy/build/lib
creating /home/locobot/Documents/kobuki/build/ament_clang_tidy/build/lib/ament_clang_tidy
copying ament_clang_tidy/__init__.py -> /home/locobot/Documents/kobuki/build/ament_clang_tidy/build/lib/ament_clang_tidy
copying ament_clang_tidy/main.py -> /home/locobot/Documents/kobuki/build/ament_clang_tidy/build/lib/ament_clang_tidy
creating /home/locobot/Documents/kobuki/build/ament_clang_tidy/build/lib/ament_clang_tidy/configuration
copying ament_clang_tidy/configuration/.clang-tidy -> /home/locobot/Documents/kobuki/build/ament_clang_tidy/build/lib/ament_clang_tidy/configuration
running install
running install_lib
creating /home/locobot/Documents/kobuki/install/lib/python3.8/site-packages/ament_clang_tidy
copying /home/locobot/Documents/kobuki/build/ament_clang_tidy/build/lib/ament_clang_tidy/__init__.py -> /home/locobot/Documents/kobuki/install/lib/python3.8/site-packages/ament_clang_tidy
creating /home/locobot/Documents/kobuki/install/lib/python3.8/site-packages/ament_clang_tidy/configuration
copying /home/locobot/Documents/kobuki/build/ament_clang_tidy/build/lib/ament_clang_tidy/configuration/.clang-tidy -> /home/locobot/Documents/kobuki/install/lib/python3.8/site-packages/ament_clang_tidy/configuration
copying /home/locobot/Documents/kobuki/build/ament_clang_tidy/build/lib/ament_clang_tidy/main.py -> /home/locobot/Documents/kobuki/install/lib/python3.8/site-packages/ament_clang_tidy
byte-compiling /home/locobot/Documents/kobuki/install/lib/python3.8/site-packages/ament_clang_tidy/__init__.py to __init__.cpython-38.pyc
byte-compiling /home/locobot/Documents/kobuki/install/lib/python3.8/site-packages/ament_clang_tidy/main.py to main.cpython-38.pyc
running install_data
copying package.xml -> /home/locobot/Documents/kobuki/install/share/ament_clang_tidy
copying resource/ament_clang_tidy -> /home/locobot/Documents/kobuki/install/share/ament_index/resource_index/packages
running install_egg_info
Copying ../../../build/ament_clang_tidy/ament_clang_tidy.egg-info to /home/locobot/Documents/kobuki/install/lib/python3.8/site-packages/ament_clang_tidy-0.9.8-py3.8.egg-info
running install_scripts
Installing ament_clang_tidy script to /home/locobot/Documents/kobuki/install/bin
writing list of installed files to '/home/locobot/Documents/kobuki/build/ament_clang_tidy/install.log'
