-- The C compiler identification is GNU 9.4.0
-- The CXX compiler identification is GNU 9.4.0
-- Check for working C compiler: /usr/bin/cc
-- Check for working C compiler: /usr/bin/cc -- works
-- Detecting C compiler ABI info
-- Detecting C compiler ABI info - done
-- Detecting C compile features
-- Detecting C compile features - done
-- Check for working CXX compiler: /usr/bin/c++
-- Check for working CXX compiler: /usr/bin/c++ -- works
-- Detecting CXX compiler ABI info
-- Detecting CXX compiler ABI info - done
-- Detecting CXX compile features
-- Detecting CXX compile features - done
-- Found ament_cmake: 0.9.12 (/home/locobot/Documents/kobuki/install/share/ament_cmake/cmake)
-- Found PythonInterp: /usr/bin/python3 (found suitable version "3.8.10", minimum required is "3") 
-- Using PYTHON_EXECUTABLE: /usr/bin/python3
-- Configuring done
-- Generating done
-- Build files have been written to: /home/locobot/Documents/kobuki/build/ecl_license
-- Install configuration: ""
-- Installing: /home/locobot/Documents/kobuki/install/share/licenses
-- Installing: /home/locobot/Documents/kobuki/install/share/licenses/AUTHORS
-- Installing: /home/locobot/Documents/kobuki/install/share/licenses/COPYING-PLAIN
-- Installing: /home/locobot/Documents/kobuki/install/share/licenses/COPYING
-- Installing: /home/locobot/Documents/kobuki/install/share/ecl_license/environment/library_path.sh
-- Installing: /home/locobot/Documents/kobuki/install/share/ecl_license/environment/library_path.dsv
-- Installing: /home/locobot/Documents/kobuki/install/share/ament_index/resource_index/package_run_dependencies/ecl_license
-- Installing: /home/locobot/Documents/kobuki/install/share/ament_index/resource_index/parent_prefix_path/ecl_license
-- Installing: /home/locobot/Documents/kobuki/install/share/ecl_license/environment/ament_prefix_path.sh
-- Installing: /home/locobot/Documents/kobuki/install/share/ecl_license/environment/ament_prefix_path.dsv
-- Installing: /home/locobot/Documents/kobuki/install/share/ecl_license/environment/path.sh
-- Installing: /home/locobot/Documents/kobuki/install/share/ecl_license/environment/path.dsv
-- Installing: /home/locobot/Documents/kobuki/install/share/ecl_license/local_setup.bash
-- Installing: /home/locobot/Documents/kobuki/install/share/ecl_license/local_setup.sh
-- Installing: /home/locobot/Documents/kobuki/install/share/ecl_license/local_setup.zsh
-- Installing: /home/locobot/Documents/kobuki/install/share/ecl_license/local_setup.dsv
-- Installing: /home/locobot/Documents/kobuki/install/share/ecl_license/package.dsv
-- Installing: /home/locobot/Documents/kobuki/install/share/ament_index/resource_index/packages/ecl_license
-- Installing: /home/locobot/Documents/kobuki/install/share/ecl_license/cmake/ament_cmake_export_libraries-extras.cmake
-- Installing: /home/locobot/Documents/kobuki/install/share/ecl_license/cmake/ecl_licenseConfig.cmake
-- Installing: /home/locobot/Documents/kobuki/install/share/ecl_license/cmake/ecl_licenseConfig-version.cmake
-- Installing: /home/locobot/Documents/kobuki/install/share/ecl_license/package.xml
