[0.550s] Invoking command in '/home/locobot/Documents/kobuki/build/ecl_license': AMENT_PREFIX_PATH=/home/locobot/Documents/kobuki/install CMAKE_PREFIX_PATH=/home/locobot/Documents/kobuki/install PATH=/home/locobot/Documents/kobuki/install/bin:${PATH} PYTHONPATH=/home/locobot/Documents/kobuki/install/lib/python3.8/site-packages /usr/bin/cmake /home/locobot/Documents/kobuki/src/ecl_tools/ecl_license -DBUILD_TESTING=OFF -DCMAKE_INSTALL_PREFIX=/home/locobot/Documents/kobuki/install
[0.754s] -- The C compiler identification is GNU 9.4.0
[1.024s] -- The CXX compiler identification is GNU 9.4.0
[1.034s] -- Check for working C compiler: /usr/bin/cc
[1.364s] -- Check for working C compiler: /usr/bin/cc -- works
[1.364s] -- Detecting C compiler ABI info
[1.616s] -- Detecting C compiler ABI info - done
[1.644s] -- Detecting C compile features
[1.645s] -- Detecting C compile features - done
[1.650s] -- Check for working CXX compiler: /usr/bin/c++
[1.820s] -- Check for working CXX compiler: /usr/bin/c++ -- works
[1.820s] -- Detecting CXX compiler ABI info
[2.088s] -- Detecting CXX compiler ABI info - done
[2.136s] -- Detecting CXX compile features
[2.138s] -- Detecting CXX compile features - done
[2.144s] -- Found ament_cmake: 0.9.12 (/home/locobot/Documents/kobuki/install/share/ament_cmake/cmake)
[2.194s] -- Found PythonInterp: /usr/bin/python3 (found suitable version "3.8.10", minimum required is "3") 
[2.200s] -- Using PYTHON_EXECUTABLE: /usr/bin/python3
[2.888s] -- Configuring done
[2.890s] -- Generating done
[2.909s] -- Build files have been written to: /home/locobot/Documents/kobuki/build/ecl_license
[2.919s] Invoked command in '/home/locobot/Documents/kobuki/build/ecl_license' returned '0': AMENT_PREFIX_PATH=/home/locobot/Documents/kobuki/install CMAKE_PREFIX_PATH=/home/locobot/Documents/kobuki/install PATH=/home/locobot/Documents/kobuki/install/bin:${PATH} PYTHONPATH=/home/locobot/Documents/kobuki/install/lib/python3.8/site-packages /usr/bin/cmake /home/locobot/Documents/kobuki/src/ecl_tools/ecl_license -DBUILD_TESTING=OFF -DCMAKE_INSTALL_PREFIX=/home/locobot/Documents/kobuki/install
[2.928s] Invoking command in '/home/locobot/Documents/kobuki/build/ecl_license': AMENT_PREFIX_PATH=/home/locobot/Documents/kobuki/install CMAKE_PREFIX_PATH=/home/locobot/Documents/kobuki/install PATH=/home/locobot/Documents/kobuki/install/bin:${PATH} PYTHONPATH=/home/locobot/Documents/kobuki/install/lib/python3.8/site-packages /usr/bin/cmake --build /home/locobot/Documents/kobuki/build/ecl_license -- -j4 -l4
[3.071s] Invoked command in '/home/locobot/Documents/kobuki/build/ecl_license' returned '0': AMENT_PREFIX_PATH=/home/locobot/Documents/kobuki/install CMAKE_PREFIX_PATH=/home/locobot/Documents/kobuki/install PATH=/home/locobot/Documents/kobuki/install/bin:${PATH} PYTHONPATH=/home/locobot/Documents/kobuki/install/lib/python3.8/site-packages /usr/bin/cmake --build /home/locobot/Documents/kobuki/build/ecl_license -- -j4 -l4
[3.073s] Invoking command in '/home/locobot/Documents/kobuki/build/ecl_license': AMENT_PREFIX_PATH=/home/locobot/Documents/kobuki/install CMAKE_PREFIX_PATH=/home/locobot/Documents/kobuki/install PATH=/home/locobot/Documents/kobuki/install/bin:${PATH} PYTHONPATH=/home/locobot/Documents/kobuki/install/lib/python3.8/site-packages /usr/bin/cmake --install /home/locobot/Documents/kobuki/build/ecl_license
[3.100s] -- Install configuration: ""
[3.102s] -- Installing: /home/locobot/Documents/kobuki/install/share/licenses
[3.102s] -- Installing: /home/locobot/Documents/kobuki/install/share/licenses/AUTHORS
[3.103s] -- Installing: /home/locobot/Documents/kobuki/install/share/licenses/COPYING-PLAIN
[3.103s] -- Installing: /home/locobot/Documents/kobuki/install/share/licenses/COPYING
[3.108s] -- Installing: /home/locobot/Documents/kobuki/install/share/ecl_license/environment/library_path.sh
[3.108s] -- Installing: /home/locobot/Documents/kobuki/install/share/ecl_license/environment/library_path.dsv
[3.112s] -- Installing: /home/locobot/Documents/kobuki/install/share/ament_index/resource_index/package_run_dependencies/ecl_license
[3.112s] -- Installing: /home/locobot/Documents/kobuki/install/share/ament_index/resource_index/parent_prefix_path/ecl_license
[3.112s] -- Installing: /home/locobot/Documents/kobuki/install/share/ecl_license/environment/ament_prefix_path.sh
[3.112s] -- Installing: /home/locobot/Documents/kobuki/install/share/ecl_license/environment/ament_prefix_path.dsv
[3.113s] -- Installing: /home/locobot/Documents/kobuki/install/share/ecl_license/environment/path.sh
[3.113s] -- Installing: /home/locobot/Documents/kobuki/install/share/ecl_license/environment/path.dsv
[3.113s] -- Installing: /home/locobot/Documents/kobuki/install/share/ecl_license/local_setup.bash
[3.113s] -- Installing: /home/locobot/Documents/kobuki/install/share/ecl_license/local_setup.sh
[3.113s] -- Installing: /home/locobot/Documents/kobuki/install/share/ecl_license/local_setup.zsh
[3.113s] -- Installing: /home/locobot/Documents/kobuki/install/share/ecl_license/local_setup.dsv
[3.113s] -- Installing: /home/locobot/Documents/kobuki/install/share/ecl_license/package.dsv
[3.114s] -- Installing: /home/locobot/Documents/kobuki/install/share/ament_index/resource_index/packages/ecl_license
[3.114s] -- Installing: /home/locobot/Documents/kobuki/install/share/ecl_license/cmake/ament_cmake_export_libraries-extras.cmake
[3.114s] -- Installing: /home/locobot/Documents/kobuki/install/share/ecl_license/cmake/ecl_licenseConfig.cmake
[3.116s] -- Installing: /home/locobot/Documents/kobuki/install/share/ecl_license/cmake/ecl_licenseConfig-version.cmake
[3.116s] -- Installing: /home/locobot/Documents/kobuki/install/share/ecl_license/package.xml
[3.140s] Invoked command in '/home/locobot/Documents/kobuki/build/ecl_license' returned '0': AMENT_PREFIX_PATH=/home/locobot/Documents/kobuki/install CMAKE_PREFIX_PATH=/home/locobot/Documents/kobuki/install PATH=/home/locobot/Documents/kobuki/install/bin:${PATH} PYTHONPATH=/home/locobot/Documents/kobuki/install/lib/python3.8/site-packages /usr/bin/cmake --install /home/locobot/Documents/kobuki/build/ecl_license
