[0.126s] Invoking command in '/home/locobot/Documents/kobuki/build/ament_cmake_export_targets': AMENT_PREFIX_PATH=/home/locobot/Documents/kobuki/install CMAKE_PREFIX_PATH=/home/locobot/Documents/kobuki/install PATH=/home/locobot/Documents/kobuki/install/bin:${PATH} PYTHONPATH=/home/locobot/Documents/kobuki/install/lib/python3.8/site-packages /usr/bin/cmake /home/locobot/Documents/kobuki/src/ament_cmake/ament_cmake_export_targets -DBUILD_TESTING=OFF -DCMAKE_INSTALL_PREFIX=/home/locobot/Documents/kobuki/install
[0.171s] -- Found ament_cmake_core: 0.9.12 (/home/locobot/Documents/kobuki/install/share/ament_cmake_core/cmake)
[0.206s] -- Found PythonInterp: /usr/bin/python3 (found suitable version "3.8.10", minimum required is "3") 
[0.206s] -- Using PYTHON_EXECUTABLE: /usr/bin/python3
[0.665s] -- Configuring done
[0.679s] -- Generating done
[0.680s] -- Build files have been written to: /home/locobot/Documents/kobuki/build/ament_cmake_export_targets
[0.693s] Invoked command in '/home/locobot/Documents/kobuki/build/ament_cmake_export_targets' returned '0': AMENT_PREFIX_PATH=/home/locobot/Documents/kobuki/install CMAKE_PREFIX_PATH=/home/locobot/Documents/kobuki/install PATH=/home/locobot/Documents/kobuki/install/bin:${PATH} PYTHONPATH=/home/locobot/Documents/kobuki/install/lib/python3.8/site-packages /usr/bin/cmake /home/locobot/Documents/kobuki/src/ament_cmake/ament_cmake_export_targets -DBUILD_TESTING=OFF -DCMAKE_INSTALL_PREFIX=/home/locobot/Documents/kobuki/install
[0.694s] Invoking command in '/home/locobot/Documents/kobuki/build/ament_cmake_export_targets': AMENT_PREFIX_PATH=/home/locobot/Documents/kobuki/install CMAKE_PREFIX_PATH=/home/locobot/Documents/kobuki/install PATH=/home/locobot/Documents/kobuki/install/bin:${PATH} PYTHONPATH=/home/locobot/Documents/kobuki/install/lib/python3.8/site-packages /usr/bin/cmake --build /home/locobot/Documents/kobuki/build/ament_cmake_export_targets -- -j4 -l4
[0.875s] Invoked command in '/home/locobot/Documents/kobuki/build/ament_cmake_export_targets' returned '0': AMENT_PREFIX_PATH=/home/locobot/Documents/kobuki/install CMAKE_PREFIX_PATH=/home/locobot/Documents/kobuki/install PATH=/home/locobot/Documents/kobuki/install/bin:${PATH} PYTHONPATH=/home/locobot/Documents/kobuki/install/lib/python3.8/site-packages /usr/bin/cmake --build /home/locobot/Documents/kobuki/build/ament_cmake_export_targets -- -j4 -l4
[0.877s] Invoking command in '/home/locobot/Documents/kobuki/build/ament_cmake_export_targets': AMENT_PREFIX_PATH=/home/locobot/Documents/kobuki/install CMAKE_PREFIX_PATH=/home/locobot/Documents/kobuki/install PATH=/home/locobot/Documents/kobuki/install/bin:${PATH} PYTHONPATH=/home/locobot/Documents/kobuki/install/lib/python3.8/site-packages /usr/bin/cmake --install /home/locobot/Documents/kobuki/build/ament_cmake_export_targets
[0.891s] -- Install configuration: ""
[0.892s] -- Installing: /home/locobot/Documents/kobuki/install/share/ament_index/resource_index/package_run_dependencies/ament_cmake_export_targets
[0.892s] -- Installing: /home/locobot/Documents/kobuki/install/share/ament_index/resource_index/parent_prefix_path/ament_cmake_export_targets
[0.893s] -- Installing: /home/locobot/Documents/kobuki/install/share/ament_cmake_export_targets/environment/ament_prefix_path.sh
[0.893s] -- Installing: /home/locobot/Documents/kobuki/install/share/ament_cmake_export_targets/environment/ament_prefix_path.dsv
[0.893s] -- Installing: /home/locobot/Documents/kobuki/install/share/ament_cmake_export_targets/environment/path.sh
[0.894s] -- Installing: /home/locobot/Documents/kobuki/install/share/ament_cmake_export_targets/environment/path.dsv
[0.894s] -- Installing: /home/locobot/Documents/kobuki/install/share/ament_cmake_export_targets/local_setup.bash
[0.896s] -- Installing: /home/locobot/Documents/kobuki/install/share/ament_cmake_export_targets/local_setup.sh
[0.897s] -- Installing: /home/locobot/Documents/kobuki/install/share/ament_cmake_export_targets/local_setup.zsh
[0.897s] -- Installing: /home/locobot/Documents/kobuki/install/share/ament_cmake_export_targets/local_setup.dsv
[0.907s] -- Installing: /home/locobot/Documents/kobuki/install/share/ament_cmake_export_targets/package.dsv
[0.907s] -- Installing: /home/locobot/Documents/kobuki/install/share/ament_index/resource_index/packages/ament_cmake_export_targets
[0.910s] -- Installing: /home/locobot/Documents/kobuki/install/share/ament_cmake_export_targets/cmake/ament_cmake_export_targets-extras.cmake
[0.927s] -- Installing: /home/locobot/Documents/kobuki/install/share/ament_cmake_export_targets/cmake/ament_cmake_export_targetsConfig.cmake
[0.927s] -- Installing: /home/locobot/Documents/kobuki/install/share/ament_cmake_export_targets/cmake/ament_cmake_export_targetsConfig-version.cmake
[0.928s] -- Installing: /home/locobot/Documents/kobuki/install/share/ament_cmake_export_targets/package.xml
[0.928s] -- Up-to-date: /home/locobot/Documents/kobuki/install/share/ament_cmake_export_targets/cmake
[0.928s] -- Installing: /home/locobot/Documents/kobuki/install/share/ament_cmake_export_targets/cmake/ament_cmake_export_targets_package_hook.cmake
[0.928s] -- Installing: /home/locobot/Documents/kobuki/install/share/ament_cmake_export_targets/cmake/ament_export_targets.cmake
[0.928s] -- Installing: /home/locobot/Documents/kobuki/install/share/ament_cmake_export_targets/cmake/ament_cmake_export_targets-extras.cmake.in
[0.928s] Invoked command in '/home/locobot/Documents/kobuki/build/ament_cmake_export_targets' returned '0': AMENT_PREFIX_PATH=/home/locobot/Documents/kobuki/install CMAKE_PREFIX_PATH=/home/locobot/Documents/kobuki/install PATH=/home/locobot/Documents/kobuki/install/bin:${PATH} PYTHONPATH=/home/locobot/Documents/kobuki/install/lib/python3.8/site-packages /usr/bin/cmake --install /home/locobot/Documents/kobuki/build/ament_cmake_export_targets
