[0.545s] Invoking command in '/home/locobot/Documents/kobuki/build/ecl_type_traits': AMENT_PREFIX_PATH=/home/locobot/Documents/kobuki/install CMAKE_PREFIX_PATH=/home/locobot/Documents/kobuki/install LD_LIBRARY_PATH=/home/locobot/Documents/kobuki/install/lib PATH=/home/locobot/Documents/kobuki/install/bin:${PATH} PYTHONPATH=/home/locobot/Documents/kobuki/install/lib/python3.8/site-packages /usr/bin/cmake /home/locobot/Documents/kobuki/src/ecl_core/ecl_type_traits -DBUILD_TESTING=OFF --no-warn-unused-cli -DCMAKE_INSTALL_PREFIX=/home/locobot/Documents/kobuki/install
[0.570s] Not searching for unused variables given on the command line.
[0.583s] -- Found ament_cmake_ros: 0.9.2 (/home/locobot/Documents/kobuki/install/share/ament_cmake_ros/cmake)
[0.614s] -- Using PYTHON_EXECUTABLE: /usr/bin/python3
[0.860s] -- Found ecl_build: 1.0.3 (/home/locobot/Documents/kobuki/install/share/ecl_build/cmake)
[0.872s] -- Found ecl_config: 1.1.0 (/home/locobot/Documents/kobuki/install/share/ecl_config/cmake)
[0.886s] -- Found ecl_mpl: 1.2.1 (/home/locobot/Documents/kobuki/install/share/ecl_mpl/cmake)
[1.048s] -- Configuring done
[1.073s] -- Generating done
[1.082s] -- Build files have been written to: /home/locobot/Documents/kobuki/build/ecl_type_traits
[1.097s] Invoked command in '/home/locobot/Documents/kobuki/build/ecl_type_traits' returned '0': AMENT_PREFIX_PATH=/home/locobot/Documents/kobuki/install CMAKE_PREFIX_PATH=/home/locobot/Documents/kobuki/install LD_LIBRARY_PATH=/home/locobot/Documents/kobuki/install/lib PATH=/home/locobot/Documents/kobuki/install/bin:${PATH} PYTHONPATH=/home/locobot/Documents/kobuki/install/lib/python3.8/site-packages /usr/bin/cmake /home/locobot/Documents/kobuki/src/ecl_core/ecl_type_traits -DBUILD_TESTING=OFF --no-warn-unused-cli -DCMAKE_INSTALL_PREFIX=/home/locobot/Documents/kobuki/install
[1.106s] Invoking command in '/home/locobot/Documents/kobuki/build/ecl_type_traits': AMENT_PREFIX_PATH=/home/locobot/Documents/kobuki/install CMAKE_PREFIX_PATH=/home/locobot/Documents/kobuki/install LD_LIBRARY_PATH=/home/locobot/Documents/kobuki/install/lib PATH=/home/locobot/Documents/kobuki/install/bin:${PATH} PYTHONPATH=/home/locobot/Documents/kobuki/install/lib/python3.8/site-packages /usr/bin/cmake --build /home/locobot/Documents/kobuki/build/ecl_type_traits -- -j4 -l4
[1.270s] [ 50%] Built target ecl_type_traits
[1.366s] [100%] Built target ecl_detect_sizes
[1.407s] Invoked command in '/home/locobot/Documents/kobuki/build/ecl_type_traits' returned '0': AMENT_PREFIX_PATH=/home/locobot/Documents/kobuki/install CMAKE_PREFIX_PATH=/home/locobot/Documents/kobuki/install LD_LIBRARY_PATH=/home/locobot/Documents/kobuki/install/lib PATH=/home/locobot/Documents/kobuki/install/bin:${PATH} PYTHONPATH=/home/locobot/Documents/kobuki/install/lib/python3.8/site-packages /usr/bin/cmake --build /home/locobot/Documents/kobuki/build/ecl_type_traits -- -j4 -l4
[1.408s] Invoking command in '/home/locobot/Documents/kobuki/build/ecl_type_traits': AMENT_PREFIX_PATH=/home/locobot/Documents/kobuki/install CMAKE_PREFIX_PATH=/home/locobot/Documents/kobuki/install LD_LIBRARY_PATH=/home/locobot/Documents/kobuki/install/lib PATH=/home/locobot/Documents/kobuki/install/bin:${PATH} PYTHONPATH=/home/locobot/Documents/kobuki/install/lib/python3.8/site-packages /usr/bin/cmake --install /home/locobot/Documents/kobuki/build/ecl_type_traits
[1.435s] -- Install configuration: ""
[1.438s] -- Up-to-date: /home/locobot/Documents/kobuki/install/share/ecl_type_traits/environment/library_path.sh
[1.438s] -- Installing: /home/locobot/Documents/kobuki/install/share/ecl_type_traits/environment/library_path.dsv
[1.438s] -- Up-to-date: /home/locobot/Documents/kobuki/install/share/ament_index/resource_index/package_run_dependencies/ecl_type_traits
[1.439s] -- Up-to-date: /home/locobot/Documents/kobuki/install/share/ament_index/resource_index/parent_prefix_path/ecl_type_traits
[1.439s] -- Up-to-date: /home/locobot/Documents/kobuki/install/share/ecl_type_traits/environment/ament_prefix_path.sh
[1.439s] -- Installing: /home/locobot/Documents/kobuki/install/share/ecl_type_traits/environment/ament_prefix_path.dsv
[1.439s] -- Up-to-date: /home/locobot/Documents/kobuki/install/share/ecl_type_traits/environment/path.sh
[1.439s] -- Installing: /home/locobot/Documents/kobuki/install/share/ecl_type_traits/environment/path.dsv
[1.439s] -- Up-to-date: /home/locobot/Documents/kobuki/install/share/ecl_type_traits/local_setup.bash
[1.439s] -- Up-to-date: /home/locobot/Documents/kobuki/install/share/ecl_type_traits/local_setup.sh
[1.439s] -- Up-to-date: /home/locobot/Documents/kobuki/install/share/ecl_type_traits/local_setup.zsh
[1.440s] -- Installing: /home/locobot/Documents/kobuki/install/share/ecl_type_traits/local_setup.dsv
[1.440s] -- Installing: /home/locobot/Documents/kobuki/install/share/ecl_type_traits/package.dsv
[1.440s] -- Up-to-date: /home/locobot/Documents/kobuki/install/share/ament_index/resource_index/packages/ecl_type_traits
[1.440s] -- Up-to-date: /home/locobot/Documents/kobuki/install/share/ecl_type_traits/cmake/ecl_type_traitsExport.cmake
[1.440s] -- Installing: /home/locobot/Documents/kobuki/install/share/ecl_type_traits/cmake/ecl_type_traitsExport-noconfig.cmake
[1.440s] -- Up-to-date: /home/locobot/Documents/kobuki/install/share/ecl_type_traits/cmake/ament_cmake_export_targets-extras.cmake
[1.440s] -- Up-to-date: /home/locobot/Documents/kobuki/install/share/ecl_type_traits/cmake/ament_cmake_export_include_directories-extras.cmake
[1.440s] -- Up-to-date: /home/locobot/Documents/kobuki/install/share/ecl_type_traits/cmake/ament_cmake_export_libraries-extras.cmake
[1.440s] -- Up-to-date: /home/locobot/Documents/kobuki/install/share/ecl_type_traits/cmake/ament_cmake_export_dependencies-extras.cmake
[1.440s] -- Up-to-date: /home/locobot/Documents/kobuki/install/share/ecl_type_traits/cmake/ecl_type_traitsConfig.cmake
[1.440s] -- Up-to-date: /home/locobot/Documents/kobuki/install/share/ecl_type_traits/cmake/ecl_type_traitsConfig-version.cmake
[1.441s] -- Up-to-date: /home/locobot/Documents/kobuki/install/share/ecl_type_traits/package.xml
[1.441s] -- Up-to-date: /home/locobot/Documents/kobuki/install/include/ecl/type_traits.hpp
[1.441s] -- Up-to-date: /home/locobot/Documents/kobuki/install/include/ecl/type_traits/fundamental_types.hpp
[1.441s] -- Up-to-date: /home/locobot/Documents/kobuki/install/include/ecl/type_traits/macros.hpp
[1.441s] -- Up-to-date: /home/locobot/Documents/kobuki/install/include/ecl/type_traits/numeric_limits.hpp
[1.441s] -- Up-to-date: /home/locobot/Documents/kobuki/install/include/ecl/type_traits/traits.hpp
[1.441s] -- Up-to-date: /home/locobot/Documents/kobuki/install/lib/libecl_type_traits.so.1.2.1
[1.441s] -- Up-to-date: /home/locobot/Documents/kobuki/install/lib/libecl_type_traits.so
[1.441s] -- Up-to-date: /home/locobot/Documents/kobuki/install/bin/ecl_detect_sizes
[1.442s] Invoked command in '/home/locobot/Documents/kobuki/build/ecl_type_traits' returned '0': AMENT_PREFIX_PATH=/home/locobot/Documents/kobuki/install CMAKE_PREFIX_PATH=/home/locobot/Documents/kobuki/install LD_LIBRARY_PATH=/home/locobot/Documents/kobuki/install/lib PATH=/home/locobot/Documents/kobuki/install/bin:${PATH} PYTHONPATH=/home/locobot/Documents/kobuki/install/lib/python3.8/site-packages /usr/bin/cmake --install /home/locobot/Documents/kobuki/build/ecl_type_traits
